<?xml version="1.0" encoding="utf-8"?>
<TestRun id="92f7f033-7e3e-4d04-a77d-b3c89ddc744c" name="@Erics-MBP 2021-10-04 17:15:02" xmlns="http://microsoft.com/schemas/VisualStudio/TeamTest/2010">
  <Times creation="2021-10-04T17:15:02.2788410-04:00" queuing="2021-10-04T17:15:02.2788410-04:00" start="2021-10-04T17:14:59.3042420-04:00" finish="2021-10-04T17:15:02.4612340-04:00" />
  <TestSettings name="default" id="447365f1-e32e-43bd-8665-7721defccc9b">
    <Deployment runDeploymentRoot="_Erics-MBP_2021-10-04_17_15_02" />
  </TestSettings>
  <Results>
    <UnitTestResult executionId="3bdafc0a-99af-4a8c-a94c-cf1683cccfa9" testId="56169a1f-8d02-1623-e162-c78b4e6c2a9f" testName="ThenCanShortenLongMultipleDuplicatedNameSuccessfully" computerName="Erics-MBP" duration="00:00:00.0031400" startTime="2021-10-04T17:15:02.3365220-04:00" endTime="2021-10-04T17:15:02.3396610-04:00" testType="13cdc9d9-ddb5-4fa4-a97d-d965ccfc6d4b" outcome="Passed" testListId="8c84fa94-04c1-424b-9868-57a2d4851a1d" relativeResultsDirectory="3bdafc0a-99af-4a8c-a94c-cf1683cccfa9" />
    <UnitTestResult executionId="051a44ee-e9a5-4644-b27a-56698f5a0e74" testId="d3e3210b-a1c2-7e29-d1df-355ec4275f36" testName="ThenCommentsAfterTheLastStepAreAddedSuccessfully" computerName="Erics-MBP" duration="00:00:00.0150500" startTime="2021-10-04T17:15:02.2376920-04:00" endTime="2021-10-04T17:15:02.2527410-04:00" testType="13cdc9d9-ddb5-4fa4-a97d-d965ccfc6d4b" outcome="Passed" testListId="8c84fa94-04c1-424b-9868-57a2d4851a1d" relativeResultsDirectory="051a44ee-e9a5-4644-b27a-56698f5a0e74" />
    <UnitTestResult executionId="ddd6e4f1-d145-463d-b745-033c92ce259c" testId="f88175ac-5533-12b5-5606-7a1ae1f80da7" testName="ThenCanShortenLongDuplicatedNameSuccessfully" computerName="Erics-MBP" duration="00:00:00.0033460" startTime="2021-10-04T17:15:02.3331340-04:00" endTime="2021-10-04T17:15:02.3364790-04:00" testType="13cdc9d9-ddb5-4fa4-a97d-d965ccfc6d4b" outcome="Passed" testListId="8c84fa94-04c1-424b-9868-57a2d4851a1d" relativeResultsDirectory="ddd6e4f1-d145-463d-b745-033c92ce259c" />
    <UnitTestResult executionId="d1f6adb5-8fac-4dd6-8c5c-bbfd4094087d" testId="c0ab78e5-b384-fb34-2927-bdc4f3f96324" testName="ThenStepCommentsAreAddedSuccessfully" computerName="Erics-MBP" duration="00:00:00.0037720" startTime="2021-10-04T17:15:02.2965550-04:00" endTime="2021-10-04T17:15:02.3003270-04:00" testType="13cdc9d9-ddb5-4fa4-a97d-d965ccfc6d4b" outcome="Passed" testListId="8c84fa94-04c1-424b-9868-57a2d4851a1d" relativeResultsDirectory="d1f6adb5-8fac-4dd6-8c5c-bbfd4094087d" />
    <UnitTestResult executionId="73e791a5-f5ae-4a7d-9771-1d4c88b464b6" testId="acde55d3-5f8d-5079-200b-77b95ae02eeb" testName="ThenCanCreateSimpleNameSuccessfully" computerName="Erics-MBP" duration="00:00:00.0052560" startTime="2021-10-04T17:15:02.3275230-04:00" endTime="2021-10-04T17:15:02.3327790-04:00" testType="13cdc9d9-ddb5-4fa4-a97d-d965ccfc6d4b" outcome="Passed" testListId="8c84fa94-04c1-424b-9868-57a2d4851a1d" relativeResultsDirectory="73e791a5-f5ae-4a7d-9771-1d4c88b464b6" />
    <UnitTestResult executionId="d1499199-8766-4fbb-8520-d0acca3cf1c6" testId="e6b560d9-b10c-05a7-0330-049ea57ca4ff" testName="ThenSingleScenarioWithStepsAddedSuccessfully" computerName="Erics-MBP" duration="00:00:00.0076160" startTime="2021-10-04T17:15:02.2253280-04:00" endTime="2021-10-04T17:15:02.2329440-04:00" testType="13cdc9d9-ddb5-4fa4-a97d-d965ccfc6d4b" outcome="Passed" testListId="8c84fa94-04c1-424b-9868-57a2d4851a1d" relativeResultsDirectory="d1499199-8766-4fbb-8520-d0acca3cf1c6" />
    <UnitTestResult executionId="a98b8614-b132-484b-9a27-051538c61285" testId="1317f22d-6b68-459f-6928-ca334cba55b3" testName="ThenTableAddedSuccessfully" computerName="Erics-MBP" duration="00:00:00.0046290" startTime="2021-10-04T17:15:02.3058500-04:00" endTime="2021-10-04T17:15:02.3104800-04:00" testType="13cdc9d9-ddb5-4fa4-a97d-d965ccfc6d4b" outcome="Passed" testListId="8c84fa94-04c1-424b-9868-57a2d4851a1d" relativeResultsDirectory="a98b8614-b132-484b-9a27-051538c61285" />
    <UnitTestResult executionId="4418cd91-44a6-421c-806f-223740f929ed" testId="66e505dd-b9d3-8c56-240f-66c5922196e3" testName="ThenSingleScenarioAddedSuccessfully" computerName="Erics-MBP" duration="00:00:00.0137070" startTime="2021-10-04T17:15:02.2020520-04:00" endTime="2021-10-04T17:15:02.2157600-04:00" testType="13cdc9d9-ddb5-4fa4-a97d-d965ccfc6d4b" outcome="Passed" testListId="8c84fa94-04c1-424b-9868-57a2d4851a1d" relativeResultsDirectory="4418cd91-44a6-421c-806f-223740f929ed" />
    <UnitTestResult executionId="2865892a-2776-4997-8cf3-9f80e5037593" testId="35f721d1-402d-603f-52f9-46768dc13c3b" testName="Then_feature_without_background_adds_first_scenario_on_correct_row" computerName="Erics-MBP" duration="00:00:00.0057800" startTime="2021-10-04T17:15:02.1780250-04:00" endTime="2021-10-04T17:15:02.1838040-04:00" testType="13cdc9d9-ddb5-4fa4-a97d-d965ccfc6d4b" outcome="Passed" testListId="8c84fa94-04c1-424b-9868-57a2d4851a1d" relativeResultsDirectory="2865892a-2776-4997-8cf3-9f80e5037593" />
    <UnitTestResult executionId="730602b9-1aae-42d5-96a8-86f46b9ceb33" testId="b2a3ef3e-1a88-22ab-6b1b-ea8a900b75b8" testName="Then_feature_with_background_is_added_successfully" computerName="Erics-MBP" duration="00:00:00.2289070" startTime="2021-10-04T17:15:01.9477230-04:00" endTime="2021-10-04T17:15:02.1766320-04:00" testType="13cdc9d9-ddb5-4fa4-a97d-d965ccfc6d4b" outcome="Passed" testListId="8c84fa94-04c1-424b-9868-57a2d4851a1d" relativeResultsDirectory="730602b9-1aae-42d5-96a8-86f46b9ceb33" />
    <UnitTestResult executionId="63bbee99-277a-4a2a-8d47-962bbd077911" testId="97021be5-75c0-469b-9dc3-9975e1789ed2" testName="ThenMultilineStepCommentsAreAddedSuccessfully" computerName="Erics-MBP" duration="00:00:00.0044770" startTime="2021-10-04T17:15:02.2633300-04:00" endTime="2021-10-04T17:15:02.2678060-04:00" testType="13cdc9d9-ddb5-4fa4-a97d-d965ccfc6d4b" outcome="Passed" testListId="8c84fa94-04c1-424b-9868-57a2d4851a1d" relativeResultsDirectory="63bbee99-277a-4a2a-8d47-962bbd077911" />
    <UnitTestResult executionId="b638e992-2d10-42a9-a643-973b79ec8b7d" testId="b85bf3ac-6868-c0eb-3900-afef7b580415" testName="ThenDocumentStringAddedSuccessfully" computerName="Erics-MBP" duration="00:00:00.3048480" startTime="2021-10-04T17:15:01.5025710-04:00" endTime="2021-10-04T17:15:01.8072220-04:00" testType="13cdc9d9-ddb5-4fa4-a97d-d965ccfc6d4b" outcome="Passed" testListId="8c84fa94-04c1-424b-9868-57a2d4851a1d" relativeResultsDirectory="b638e992-2d10-42a9-a643-973b79ec8b7d" />
    <UnitTestResult executionId="b8480274-5f16-431c-9944-fb59ebf1ce76" testId="bf550992-cadc-1c53-2a4d-c4f26a44b40e" testName="Then_feature_is_added_successfully" computerName="Erics-MBP" duration="00:00:00.1189440" startTime="2021-10-04T17:15:01.8287370-04:00" endTime="2021-10-04T17:15:01.9476830-04:00" testType="13cdc9d9-ddb5-4fa4-a97d-d965ccfc6d4b" outcome="Passed" testListId="8c84fa94-04c1-424b-9868-57a2d4851a1d" relativeResultsDirectory="b8480274-5f16-431c-9944-fb59ebf1ce76" />
    <UnitTestResult executionId="98144d72-f5f4-4a46-8f24-f090c5544a30" testId="a1df4e1b-6a89-b5cc-887b-351d13f6ac70" testName="ThenDutchScenarioWithScenarioContainsVoorbeelden" computerName="Erics-MBP" duration="00:00:00.0102350" startTime="2021-10-04T17:15:02.1902360-04:00" endTime="2021-10-04T17:15:02.2004710-04:00" testType="13cdc9d9-ddb5-4fa4-a97d-d965ccfc6d4b" outcome="Passed" testListId="8c84fa94-04c1-424b-9868-57a2d4851a1d" relativeResultsDirectory="98144d72-f5f4-4a46-8f24-f090c5544a30" />
    <UnitTestResult executionId="2a6cb934-43f4-4af6-ba0f-2e2bc9bcf3e4" testId="a679baf1-796d-5989-a684-5b5766820d12" testName="ThenCanShortenLongNameSuccessfully" computerName="Erics-MBP" duration="00:00:00.0018770" startTime="2021-10-04T17:15:02.3397180-04:00" endTime="2021-10-04T17:15:02.3415940-04:00" testType="13cdc9d9-ddb5-4fa4-a97d-d965ccfc6d4b" outcome="Passed" testListId="8c84fa94-04c1-424b-9868-57a2d4851a1d" relativeResultsDirectory="2a6cb934-43f4-4af6-ba0f-2e2bc9bcf3e4" />
    <UnitTestResult executionId="a2024f9c-fcca-4b86-82d5-b1cfdc32aa6e" testId="933d3be8-22bb-af22-eaaa-94d3bccac2d5" testName="ThenStepAddedSuccessfully" computerName="Erics-MBP" duration="00:00:00.0031319" startTime="2021-10-04T17:15:02.2837780-04:00" endTime="2021-10-04T17:15:02.2869110-04:00" testType="13cdc9d9-ddb5-4fa4-a97d-d965ccfc6d4b" outcome="Passed" testListId="8c84fa94-04c1-424b-9868-57a2d4851a1d" relativeResultsDirectory="a2024f9c-fcca-4b86-82d5-b1cfdc32aa6e" />
    <UnitTestResult executionId="64ea4b8e-d97d-4e70-a3e4-62fb9a901701" testId="2d9c362f-a500-0dc1-43d5-84f79106fb8e" testName="ThenItWillRemoveUnnecessaryAndInvalidCharacters" computerName="Erics-MBP" duration="00:00:00.0018620" startTime="2021-10-04T17:15:02.3416450-04:00" endTime="2021-10-04T17:15:02.3435070-04:00" testType="13cdc9d9-ddb5-4fa4-a97d-d965ccfc6d4b" outcome="Passed" testListId="8c84fa94-04c1-424b-9868-57a2d4851a1d" relativeResultsDirectory="64ea4b8e-d97d-4e70-a3e4-62fb9a901701" />
  </Results>
  <TestDefinitions>
    <UnitTest name="ThenCanShortenLongDuplicatedNameSuccessfully" storage="/users/ericcarlson/repos/pickles/src/pickles/pickles.documentationbuilders.excel.unittests/bin/debug/netcoreapp3.1/picklesdoc.pickles.documentationbuilders.excel.unittests.dll" id="f88175ac-5533-12b5-5606-7a1ae1f80da7">
      <Execution id="ddd6e4f1-d145-463d-b745-033c92ce259c" />
      <TestMethod codeBase="/Users/ericcarlson/repos/pickles/src/Pickles/Pickles.DocumentationBuilders.Excel.UnitTests/bin/Debug/netcoreapp3.1/PicklesDoc.Pickles.DocumentationBuilders.Excel.UnitTests.dll" adapterTypeName="executor://nunit3testexecutor/" className="PicklesDoc.Pickles.DocumentationBuilders.Excel.UnitTests.WhenCreatingSheetNamesFromFeatures" name="ThenCanShortenLongDuplicatedNameSuccessfully" />
    </UnitTest>
    <UnitTest name="Then_feature_without_background_adds_first_scenario_on_correct_row" storage="/users/ericcarlson/repos/pickles/src/pickles/pickles.documentationbuilders.excel.unittests/bin/debug/netcoreapp3.1/picklesdoc.pickles.documentationbuilders.excel.unittests.dll" id="35f721d1-402d-603f-52f9-46768dc13c3b">
      <Execution id="2865892a-2776-4997-8cf3-9f80e5037593" />
      <TestMethod codeBase="/Users/ericcarlson/repos/pickles/src/Pickles/Pickles.DocumentationBuilders.Excel.UnitTests/bin/Debug/netcoreapp3.1/PicklesDoc.Pickles.DocumentationBuilders.Excel.UnitTests.dll" adapterTypeName="executor://nunit3testexecutor/" className="PicklesDoc.Pickles.DocumentationBuilders.Excel.UnitTests.WhenAddingAFeatureToAWorksheet" name="Then_feature_without_background_adds_first_scenario_on_correct_row" />
    </UnitTest>
    <UnitTest name="ThenSingleScenarioAddedSuccessfully" storage="/users/ericcarlson/repos/pickles/src/pickles/pickles.documentationbuilders.excel.unittests/bin/debug/netcoreapp3.1/picklesdoc.pickles.documentationbuilders.excel.unittests.dll" id="66e505dd-b9d3-8c56-240f-66c5922196e3">
      <Execution id="4418cd91-44a6-421c-806f-223740f929ed" />
      <TestMethod codeBase="/Users/ericcarlson/repos/pickles/src/Pickles/Pickles.DocumentationBuilders.Excel.UnitTests/bin/Debug/netcoreapp3.1/PicklesDoc.Pickles.DocumentationBuilders.Excel.UnitTests.dll" adapterTypeName="executor://nunit3testexecutor/" className="PicklesDoc.Pickles.DocumentationBuilders.Excel.UnitTests.WhenAddingAScenarioToAWorksheet" name="ThenSingleScenarioAddedSuccessfully" />
    </UnitTest>
    <UnitTest name="ThenDocumentStringAddedSuccessfully" storage="/users/ericcarlson/repos/pickles/src/pickles/pickles.documentationbuilders.excel.unittests/bin/debug/netcoreapp3.1/picklesdoc.pickles.documentationbuilders.excel.unittests.dll" id="b85bf3ac-6868-c0eb-3900-afef7b580415">
      <Execution id="b638e992-2d10-42a9-a643-973b79ec8b7d" />
      <TestMethod codeBase="/Users/ericcarlson/repos/pickles/src/Pickles/Pickles.DocumentationBuilders.Excel.UnitTests/bin/Debug/netcoreapp3.1/PicklesDoc.Pickles.DocumentationBuilders.Excel.UnitTests.dll" adapterTypeName="executor://nunit3testexecutor/" className="PicklesDoc.Pickles.DocumentationBuilders.Excel.UnitTests.WhenAddingADocumentStringToAWorksheet" name="ThenDocumentStringAddedSuccessfully" />
    </UnitTest>
    <UnitTest name="ThenSingleScenarioWithStepsAddedSuccessfully" storage="/users/ericcarlson/repos/pickles/src/pickles/pickles.documentationbuilders.excel.unittests/bin/debug/netcoreapp3.1/picklesdoc.pickles.documentationbuilders.excel.unittests.dll" id="e6b560d9-b10c-05a7-0330-049ea57ca4ff">
      <Execution id="d1499199-8766-4fbb-8520-d0acca3cf1c6" />
      <TestMethod codeBase="/Users/ericcarlson/repos/pickles/src/Pickles/Pickles.DocumentationBuilders.Excel.UnitTests/bin/Debug/netcoreapp3.1/PicklesDoc.Pickles.DocumentationBuilders.Excel.UnitTests.dll" adapterTypeName="executor://nunit3testexecutor/" className="PicklesDoc.Pickles.DocumentationBuilders.Excel.UnitTests.WhenAddingAScenarioToAWorksheet" name="ThenSingleScenarioWithStepsAddedSuccessfully" />
    </UnitTest>
    <UnitTest name="ThenMultilineStepCommentsAreAddedSuccessfully" storage="/users/ericcarlson/repos/pickles/src/pickles/pickles.documentationbuilders.excel.unittests/bin/debug/netcoreapp3.1/picklesdoc.pickles.documentationbuilders.excel.unittests.dll" id="97021be5-75c0-469b-9dc3-9975e1789ed2">
      <Execution id="63bbee99-277a-4a2a-8d47-962bbd077911" />
      <TestMethod codeBase="/Users/ericcarlson/repos/pickles/src/Pickles/Pickles.DocumentationBuilders.Excel.UnitTests/bin/Debug/netcoreapp3.1/PicklesDoc.Pickles.DocumentationBuilders.Excel.UnitTests.dll" adapterTypeName="executor://nunit3testexecutor/" className="PicklesDoc.Pickles.DocumentationBuilders.Excel.UnitTests.WhenAddingAStepToAWorksheet" name="ThenMultilineStepCommentsAreAddedSuccessfully" />
    </UnitTest>
    <UnitTest name="ThenStepAddedSuccessfully" storage="/users/ericcarlson/repos/pickles/src/pickles/pickles.documentationbuilders.excel.unittests/bin/debug/netcoreapp3.1/picklesdoc.pickles.documentationbuilders.excel.unittests.dll" id="933d3be8-22bb-af22-eaaa-94d3bccac2d5">
      <Execution id="a2024f9c-fcca-4b86-82d5-b1cfdc32aa6e" />
      <TestMethod codeBase="/Users/ericcarlson/repos/pickles/src/Pickles/Pickles.DocumentationBuilders.Excel.UnitTests/bin/Debug/netcoreapp3.1/PicklesDoc.Pickles.DocumentationBuilders.Excel.UnitTests.dll" adapterTypeName="executor://nunit3testexecutor/" className="PicklesDoc.Pickles.DocumentationBuilders.Excel.UnitTests.WhenAddingAStepToAWorksheet" name="ThenStepAddedSuccessfully" />
    </UnitTest>
    <UnitTest name="ThenStepCommentsAreAddedSuccessfully" storage="/users/ericcarlson/repos/pickles/src/pickles/pickles.documentationbuilders.excel.unittests/bin/debug/netcoreapp3.1/picklesdoc.pickles.documentationbuilders.excel.unittests.dll" id="c0ab78e5-b384-fb34-2927-bdc4f3f96324">
      <Execution id="d1f6adb5-8fac-4dd6-8c5c-bbfd4094087d" />
      <TestMethod codeBase="/Users/ericcarlson/repos/pickles/src/Pickles/Pickles.DocumentationBuilders.Excel.UnitTests/bin/Debug/netcoreapp3.1/PicklesDoc.Pickles.DocumentationBuilders.Excel.UnitTests.dll" adapterTypeName="executor://nunit3testexecutor/" className="PicklesDoc.Pickles.DocumentationBuilders.Excel.UnitTests.WhenAddingAStepToAWorksheet" name="ThenStepCommentsAreAddedSuccessfully" />
    </UnitTest>
    <UnitTest name="Then_feature_is_added_successfully" storage="/users/ericcarlson/repos/pickles/src/pickles/pickles.documentationbuilders.excel.unittests/bin/debug/netcoreapp3.1/picklesdoc.pickles.documentationbuilders.excel.unittests.dll" id="bf550992-cadc-1c53-2a4d-c4f26a44b40e">
      <Execution id="b8480274-5f16-431c-9944-fb59ebf1ce76" />
      <TestMethod codeBase="/Users/ericcarlson/repos/pickles/src/Pickles/Pickles.DocumentationBuilders.Excel.UnitTests/bin/Debug/netcoreapp3.1/PicklesDoc.Pickles.DocumentationBuilders.Excel.UnitTests.dll" adapterTypeName="executor://nunit3testexecutor/" className="PicklesDoc.Pickles.DocumentationBuilders.Excel.UnitTests.WhenAddingAFeatureToAWorksheet" name="Then_feature_is_added_successfully" />
    </UnitTest>
    <UnitTest name="ThenCanCreateSimpleNameSuccessfully" storage="/users/ericcarlson/repos/pickles/src/pickles/pickles.documentationbuilders.excel.unittests/bin/debug/netcoreapp3.1/picklesdoc.pickles.documentationbuilders.excel.unittests.dll" id="acde55d3-5f8d-5079-200b-77b95ae02eeb">
      <Execution id="73e791a5-f5ae-4a7d-9771-1d4c88b464b6" />
      <TestMethod codeBase="/Users/ericcarlson/repos/pickles/src/Pickles/Pickles.DocumentationBuilders.Excel.UnitTests/bin/Debug/netcoreapp3.1/PicklesDoc.Pickles.DocumentationBuilders.Excel.UnitTests.dll" adapterTypeName="executor://nunit3testexecutor/" className="PicklesDoc.Pickles.DocumentationBuilders.Excel.UnitTests.WhenCreatingSheetNamesFromFeatures" name="ThenCanCreateSimpleNameSuccessfully" />
    </UnitTest>
    <UnitTest name="Then_feature_with_background_is_added_successfully" storage="/users/ericcarlson/repos/pickles/src/pickles/pickles.documentationbuilders.excel.unittests/bin/debug/netcoreapp3.1/picklesdoc.pickles.documentationbuilders.excel.unittests.dll" id="b2a3ef3e-1a88-22ab-6b1b-ea8a900b75b8">
      <Execution id="730602b9-1aae-42d5-96a8-86f46b9ceb33" />
      <TestMethod codeBase="/Users/ericcarlson/repos/pickles/src/Pickles/Pickles.DocumentationBuilders.Excel.UnitTests/bin/Debug/netcoreapp3.1/PicklesDoc.Pickles.DocumentationBuilders.Excel.UnitTests.dll" adapterTypeName="executor://nunit3testexecutor/" className="PicklesDoc.Pickles.DocumentationBuilders.Excel.UnitTests.WhenAddingAFeatureToAWorksheet" name="Then_feature_with_background_is_added_successfully" />
    </UnitTest>
    <UnitTest name="ThenTableAddedSuccessfully" storage="/users/ericcarlson/repos/pickles/src/pickles/pickles.documentationbuilders.excel.unittests/bin/debug/netcoreapp3.1/picklesdoc.pickles.documentationbuilders.excel.unittests.dll" id="1317f22d-6b68-459f-6928-ca334cba55b3">
      <Execution id="a98b8614-b132-484b-9a27-051538c61285" />
      <TestMethod codeBase="/Users/ericcarlson/repos/pickles/src/Pickles/Pickles.DocumentationBuilders.Excel.UnitTests/bin/Debug/netcoreapp3.1/PicklesDoc.Pickles.DocumentationBuilders.Excel.UnitTests.dll" adapterTypeName="executor://nunit3testexecutor/" className="PicklesDoc.Pickles.DocumentationBuilders.Excel.UnitTests.WhenAddingATableToAWorksheet" name="ThenTableAddedSuccessfully" />
    </UnitTest>
    <UnitTest name="ThenCanShortenLongNameSuccessfully" storage="/users/ericcarlson/repos/pickles/src/pickles/pickles.documentationbuilders.excel.unittests/bin/debug/netcoreapp3.1/picklesdoc.pickles.documentationbuilders.excel.unittests.dll" id="a679baf1-796d-5989-a684-5b5766820d12">
      <Execution id="2a6cb934-43f4-4af6-ba0f-2e2bc9bcf3e4" />
      <TestMethod codeBase="/Users/ericcarlson/repos/pickles/src/Pickles/Pickles.DocumentationBuilders.Excel.UnitTests/bin/Debug/netcoreapp3.1/PicklesDoc.Pickles.DocumentationBuilders.Excel.UnitTests.dll" adapterTypeName="executor://nunit3testexecutor/" className="PicklesDoc.Pickles.DocumentationBuilders.Excel.UnitTests.WhenCreatingSheetNamesFromFeatures" name="ThenCanShortenLongNameSuccessfully" />
    </UnitTest>
    <UnitTest name="ThenDutchScenarioWithScenarioContainsVoorbeelden" storage="/users/ericcarlson/repos/pickles/src/pickles/pickles.documentationbuilders.excel.unittests/bin/debug/netcoreapp3.1/picklesdoc.pickles.documentationbuilders.excel.unittests.dll" id="a1df4e1b-6a89-b5cc-887b-351d13f6ac70">
      <Execution id="98144d72-f5f4-4a46-8f24-f090c5544a30" />
      <TestMethod codeBase="/Users/ericcarlson/repos/pickles/src/Pickles/Pickles.DocumentationBuilders.Excel.UnitTests/bin/Debug/netcoreapp3.1/PicklesDoc.Pickles.DocumentationBuilders.Excel.UnitTests.dll" adapterTypeName="executor://nunit3testexecutor/" className="PicklesDoc.Pickles.DocumentationBuilders.Excel.UnitTests.WhenAddingAScenarioToAWorksheet" name="ThenDutchScenarioWithScenarioContainsVoorbeelden" />
    </UnitTest>
    <UnitTest name="ThenCommentsAfterTheLastStepAreAddedSuccessfully" storage="/users/ericcarlson/repos/pickles/src/pickles/pickles.documentationbuilders.excel.unittests/bin/debug/netcoreapp3.1/picklesdoc.pickles.documentationbuilders.excel.unittests.dll" id="d3e3210b-a1c2-7e29-d1df-355ec4275f36">
      <Execution id="051a44ee-e9a5-4644-b27a-56698f5a0e74" />
      <TestMethod codeBase="/Users/ericcarlson/repos/pickles/src/Pickles/Pickles.DocumentationBuilders.Excel.UnitTests/bin/Debug/netcoreapp3.1/PicklesDoc.Pickles.DocumentationBuilders.Excel.UnitTests.dll" adapterTypeName="executor://nunit3testexecutor/" className="PicklesDoc.Pickles.DocumentationBuilders.Excel.UnitTests.WhenAddingAStepToAWorksheet" name="ThenCommentsAfterTheLastStepAreAddedSuccessfully" />
    </UnitTest>
    <UnitTest name="ThenCanShortenLongMultipleDuplicatedNameSuccessfully" storage="/users/ericcarlson/repos/pickles/src/pickles/pickles.documentationbuilders.excel.unittests/bin/debug/netcoreapp3.1/picklesdoc.pickles.documentationbuilders.excel.unittests.dll" id="56169a1f-8d02-1623-e162-c78b4e6c2a9f">
      <Execution id="3bdafc0a-99af-4a8c-a94c-cf1683cccfa9" />
      <TestMethod codeBase="/Users/ericcarlson/repos/pickles/src/Pickles/Pickles.DocumentationBuilders.Excel.UnitTests/bin/Debug/netcoreapp3.1/PicklesDoc.Pickles.DocumentationBuilders.Excel.UnitTests.dll" adapterTypeName="executor://nunit3testexecutor/" className="PicklesDoc.Pickles.DocumentationBuilders.Excel.UnitTests.WhenCreatingSheetNamesFromFeatures" name="ThenCanShortenLongMultipleDuplicatedNameSuccessfully" />
    </UnitTest>
    <UnitTest name="ThenItWillRemoveUnnecessaryAndInvalidCharacters" storage="/users/ericcarlson/repos/pickles/src/pickles/pickles.documentationbuilders.excel.unittests/bin/debug/netcoreapp3.1/picklesdoc.pickles.documentationbuilders.excel.unittests.dll" id="2d9c362f-a500-0dc1-43d5-84f79106fb8e">
      <Execution id="64ea4b8e-d97d-4e70-a3e4-62fb9a901701" />
      <TestMethod codeBase="/Users/ericcarlson/repos/pickles/src/Pickles/Pickles.DocumentationBuilders.Excel.UnitTests/bin/Debug/netcoreapp3.1/PicklesDoc.Pickles.DocumentationBuilders.Excel.UnitTests.dll" adapterTypeName="executor://nunit3testexecutor/" className="PicklesDoc.Pickles.DocumentationBuilders.Excel.UnitTests.WhenCreatingSheetNamesFromFeatures" name="ThenItWillRemoveUnnecessaryAndInvalidCharacters" />
    </UnitTest>
  </TestDefinitions>
  <TestEntries>
    <TestEntry testId="56169a1f-8d02-1623-e162-c78b4e6c2a9f" executionId="3bdafc0a-99af-4a8c-a94c-cf1683cccfa9" testListId="8c84fa94-04c1-424b-9868-57a2d4851a1d" />
    <TestEntry testId="d3e3210b-a1c2-7e29-d1df-355ec4275f36" executionId="051a44ee-e9a5-4644-b27a-56698f5a0e74" testListId="8c84fa94-04c1-424b-9868-57a2d4851a1d" />
    <TestEntry testId="f88175ac-5533-12b5-5606-7a1ae1f80da7" executionId="ddd6e4f1-d145-463d-b745-033c92ce259c" testListId="8c84fa94-04c1-424b-9868-57a2d4851a1d" />
    <TestEntry testId="c0ab78e5-b384-fb34-2927-bdc4f3f96324" executionId="d1f6adb5-8fac-4dd6-8c5c-bbfd4094087d" testListId="8c84fa94-04c1-424b-9868-57a2d4851a1d" />
    <TestEntry testId="acde55d3-5f8d-5079-200b-77b95ae02eeb" executionId="73e791a5-f5ae-4a7d-9771-1d4c88b464b6" testListId="8c84fa94-04c1-424b-9868-57a2d4851a1d" />
    <TestEntry testId="e6b560d9-b10c-05a7-0330-049ea57ca4ff" executionId="d1499199-8766-4fbb-8520-d0acca3cf1c6" testListId="8c84fa94-04c1-424b-9868-57a2d4851a1d" />
    <TestEntry testId="1317f22d-6b68-459f-6928-ca334cba55b3" executionId="a98b8614-b132-484b-9a27-051538c61285" testListId="8c84fa94-04c1-424b-9868-57a2d4851a1d" />
    <TestEntry testId="66e505dd-b9d3-8c56-240f-66c5922196e3" executionId="4418cd91-44a6-421c-806f-223740f929ed" testListId="8c84fa94-04c1-424b-9868-57a2d4851a1d" />
    <TestEntry testId="35f721d1-402d-603f-52f9-46768dc13c3b" executionId="2865892a-2776-4997-8cf3-9f80e5037593" testListId="8c84fa94-04c1-424b-9868-57a2d4851a1d" />
    <TestEntry testId="b2a3ef3e-1a88-22ab-6b1b-ea8a900b75b8" executionId="730602b9-1aae-42d5-96a8-86f46b9ceb33" testListId="8c84fa94-04c1-424b-9868-57a2d4851a1d" />
    <TestEntry testId="97021be5-75c0-469b-9dc3-9975e1789ed2" executionId="63bbee99-277a-4a2a-8d47-962bbd077911" testListId="8c84fa94-04c1-424b-9868-57a2d4851a1d" />
    <TestEntry testId="b85bf3ac-6868-c0eb-3900-afef7b580415" executionId="b638e992-2d10-42a9-a643-973b79ec8b7d" testListId="8c84fa94-04c1-424b-9868-57a2d4851a1d" />
    <TestEntry testId="bf550992-cadc-1c53-2a4d-c4f26a44b40e" executionId="b8480274-5f16-431c-9944-fb59ebf1ce76" testListId="8c84fa94-04c1-424b-9868-57a2d4851a1d" />
    <TestEntry testId="a1df4e1b-6a89-b5cc-887b-351d13f6ac70" executionId="98144d72-f5f4-4a46-8f24-f090c5544a30" testListId="8c84fa94-04c1-424b-9868-57a2d4851a1d" />
    <TestEntry testId="a679baf1-796d-5989-a684-5b5766820d12" executionId="2a6cb934-43f4-4af6-ba0f-2e2bc9bcf3e4" testListId="8c84fa94-04c1-424b-9868-57a2d4851a1d" />
    <TestEntry testId="933d3be8-22bb-af22-eaaa-94d3bccac2d5" executionId="a2024f9c-fcca-4b86-82d5-b1cfdc32aa6e" testListId="8c84fa94-04c1-424b-9868-57a2d4851a1d" />
    <TestEntry testId="2d9c362f-a500-0dc1-43d5-84f79106fb8e" executionId="64ea4b8e-d97d-4e70-a3e4-62fb9a901701" testListId="8c84fa94-04c1-424b-9868-57a2d4851a1d" />
  </TestEntries>
  <TestLists>
    <TestList name="Results Not in a List" id="8c84fa94-04c1-424b-9868-57a2d4851a1d" />
    <TestList name="All Loaded Results" id="19431567-8539-422a-85d7-44ee4e166bda" />
  </TestLists>
  <ResultSummary outcome="Completed">
    <Counters total="17" executed="17" passed="17" failed="0" error="0" timeout="0" aborted="0" inconclusive="0" passedButRunAborted="0" notRunnable="0" notExecuted="0" disconnected="0" warning="0" completed="0" inProgress="0" pending="0" />
    <Output>
      <StdOut>NUnit Adapter 3.17.0.0: Test execution started
Running all tests in /Users/ericcarlson/repos/pickles/src/Pickles/Pickles.DocumentationBuilders.Excel.UnitTests/bin/Debug/netcoreapp3.1/PicklesDoc.Pickles.DocumentationBuilders.Excel.UnitTests.dll
   NUnit3TestExecutor discovered 17 of 17 NUnit test cases
NUnit Adapter 3.17.0.0: Test execution complete
</StdOut>
    </Output>
  </ResultSummary>
</TestRun>