<?xml version="1.0" encoding="utf-8"?>
<TestRun id="b8c600f4-f785-4ed4-8e74-47b2ba228ce6" name="@Erics-MBP 2021-10-04 17:15:04" xmlns="http://microsoft.com/schemas/VisualStudio/TeamTest/2010">
  <Times creation="2021-10-04T17:15:04.9191590-04:00" queuing="2021-10-04T17:15:04.9191600-04:00" start="2021-10-04T17:15:03.6816850-04:00" finish="2021-10-04T17:15:04.9944650-04:00" />
  <TestSettings name="default" id="bdddb603-a88f-4f73-af9b-f0cd7a6587aa">
    <Deployment runDeploymentRoot="_Erics-MBP_2021-10-04_17_15_04" />
  </TestSettings>
  <Results>
    <UnitTestResult executionId="068945c6-de9c-4409-a7fa-3e992610b7a0" testId="d59b29a7-7ca5-9d6f-00d5-a094c1d51ee9" testName="ThenCanParseResultsFormatWithShortFormSuccessfully(&quot;xunit1&quot;,XUnit1)" computerName="Erics-MBP" duration="00:00:00.0012830" startTime="2021-10-04T17:15:04.8983920-04:00" endTime="2021-10-04T17:15:04.8996750-04:00" testType="13cdc9d9-ddb5-4fa4-a97d-d965ccfc6d4b" outcome="Passed" testListId="8c84fa94-04c1-424b-9868-57a2d4851a1d" relativeResultsDirectory="068945c6-de9c-4409-a7fa-3e992610b7a0" />
    <UnitTestResult executionId="e191bca0-e2cb-4e03-9335-e394eba5acbe" testId="f4f1cc4a-df08-6e29-9d02-c2cb8938f99a" testName="ThenCanParseResultsFormatWithLongFormSuccessfully(&quot;nunit3&quot;,NUnit3)" computerName="Erics-MBP" duration="00:00:00.0013050" startTime="2021-10-04T17:15:04.8800260-04:00" endTime="2021-10-04T17:15:04.8813310-04:00" testType="13cdc9d9-ddb5-4fa4-a97d-d965ccfc6d4b" outcome="Passed" testListId="8c84fa94-04c1-424b-9868-57a2d4851a1d" relativeResultsDirectory="e191bca0-e2cb-4e03-9335-e394eba5acbe" />
    <UnitTestResult executionId="85523eb4-f3c7-4d48-9186-c28cad0f8082" testId="a9022e46-69d3-4225-7e9f-d450c40b211a" testName="ThenCanParseMultipleResultsFilesWithWildCardAndSemicolon" computerName="Erics-MBP" duration="00:00:00.0027960" startTime="2021-10-04T17:15:04.8381510-04:00" endTime="2021-10-04T17:15:04.8409460-04:00" testType="13cdc9d9-ddb5-4fa4-a97d-d965ccfc6d4b" outcome="Passed" testListId="8c84fa94-04c1-424b-9868-57a2d4851a1d" relativeResultsDirectory="85523eb4-f3c7-4d48-9186-c28cad0f8082" />
    <UnitTestResult executionId="165eae76-abc8-4a1b-916a-acb905c194df" testId="d519a718-a5af-b718-0d02-3651b1e50e25" testName="ThenCanParseResultsFilesWithMultipleMatchesResolvingInSingleMatch" computerName="Erics-MBP" duration="00:00:00.0022670" startTime="2021-10-04T17:15:04.8628280-04:00" endTime="2021-10-04T17:15:04.8650950-04:00" testType="13cdc9d9-ddb5-4fa4-a97d-d965ccfc6d4b" outcome="Passed" testListId="8c84fa94-04c1-424b-9868-57a2d4851a1d" relativeResultsDirectory="165eae76-abc8-4a1b-916a-acb905c194df" />
    <UnitTestResult executionId="39a2bb3e-458c-413e-b7d4-ac7b29402865" testId="8a6da681-14e9-3512-521e-22acb0ced795" testName="ThenCanParseVersionRequestShortFormSuccessfully" computerName="Erics-MBP" duration="00:00:00.0017840" startTime="2021-10-04T17:15:04.9197970-04:00" endTime="2021-10-04T17:15:04.9215800-04:00" testType="13cdc9d9-ddb5-4fa4-a97d-d965ccfc6d4b" outcome="Passed" testListId="8c84fa94-04c1-424b-9868-57a2d4851a1d" relativeResultsDirectory="39a2bb3e-458c-413e-b7d4-ac7b29402865" />
    <UnitTestResult executionId="861da065-9161-4346-8803-8050c9d869b8" testId="1f593c2d-08ac-eb3f-ea26-17c56e86051c" testName="ThenInputAndOutputDirectoryAreSetToTheCurrentDirectory" computerName="Erics-MBP" duration="00:00:00.0023200" startTime="2021-10-04T17:15:04.9216320-04:00" endTime="2021-10-04T17:15:04.9239510-04:00" testType="13cdc9d9-ddb5-4fa4-a97d-d965ccfc6d4b" outcome="Passed" testListId="8c84fa94-04c1-424b-9868-57a2d4851a1d" relativeResultsDirectory="861da065-9161-4346-8803-8050c9d869b8" />
    <UnitTestResult executionId="5ac78a75-4f25-4e42-bf7a-ff47f272d2e7" testId="2c5e222a-1647-8409-7866-5ad600a37681" testName="ThenCanParseShortExcludeTagsSuccessfully" computerName="Erics-MBP" duration="00:00:00.0016270" startTime="2021-10-04T17:15:04.9057050-04:00" endTime="2021-10-04T17:15:04.9073320-04:00" testType="13cdc9d9-ddb5-4fa4-a97d-d965ccfc6d4b" outcome="Passed" testListId="8c84fa94-04c1-424b-9868-57a2d4851a1d" relativeResultsDirectory="5ac78a75-4f25-4e42-bf7a-ff47f272d2e7" />
    <UnitTestResult executionId="8f82dc56-86c0-4a85-81fa-2e182f35e77e" testId="ddd1faaa-8474-bed3-663a-443138340384" testName="ThenCanParseResultsFormatWithShortFormSuccessfully(&quot;cucumberjson&quot;,CucumberJson)" computerName="Erics-MBP" duration="00:00:00.0015950" startTime="2021-10-04T17:15:04.9011110-04:00" endTime="2021-10-04T17:15:04.9027050-04:00" testType="13cdc9d9-ddb5-4fa4-a97d-d965ccfc6d4b" outcome="Passed" testListId="8c84fa94-04c1-424b-9868-57a2d4851a1d" relativeResultsDirectory="8f82dc56-86c0-4a85-81fa-2e182f35e77e" />
    <UnitTestResult executionId="ada518cc-1da1-4b2c-8e87-4141baed0302" testId="d897058a-4207-e54a-a3f6-5886bf06dbba" testName="ThenCanParseResultsFormatWithShortFormSuccessfully(&quot;xunit&quot;,XUnit)" computerName="Erics-MBP" duration="00:00:00.0012710" startTime="2021-10-04T17:15:04.8970540-04:00" endTime="2021-10-04T17:15:04.8983260-04:00" testType="13cdc9d9-ddb5-4fa4-a97d-d965ccfc6d4b" outcome="Passed" testListId="8c84fa94-04c1-424b-9868-57a2d4851a1d" relativeResultsDirectory="ada518cc-1da1-4b2c-8e87-4141baed0302" />
    <UnitTestResult executionId="21b0b6c4-214d-45d6-b5b2-b370921a2dfe" testId="a15b1b2c-b197-9c1b-df07-4ceaf014a074" testName="ThenCanParseResultsFormatWithShortFormSuccessfully(&quot;vstest&quot;,VsTest)" computerName="Erics-MBP" duration="00:00:00.0013910" startTime="2021-10-04T17:15:04.9041740-04:00" endTime="2021-10-04T17:15:04.9055640-04:00" testType="13cdc9d9-ddb5-4fa4-a97d-d965ccfc6d4b" outcome="Passed" testListId="8c84fa94-04c1-424b-9868-57a2d4851a1d" relativeResultsDirectory="21b0b6c4-214d-45d6-b5b2-b370921a2dfe" />
    <UnitTestResult executionId="899da008-6c79-4bc6-aeea-413e52e41046" testId="98358d73-9de0-9208-fd20-9082cad2b0e0" testName="ThenCanParseShortFormArgumentsSuccessfully" computerName="Erics-MBP" duration="00:00:00.0018470" startTime="2021-10-04T17:15:04.9132350-04:00" endTime="2021-10-04T17:15:04.9150800-04:00" testType="13cdc9d9-ddb5-4fa4-a97d-d965ccfc6d4b" outcome="Passed" testListId="8c84fa94-04c1-424b-9868-57a2d4851a1d" relativeResultsDirectory="899da008-6c79-4bc6-aeea-413e52e41046" />
    <UnitTestResult executionId="1a5eb07e-4f41-41c7-940e-575f722855f7" testId="e78a84d4-a81c-205e-6754-5d999ade48f8" testName="ThenCanParseHelpRequestWithQuestionMarkSuccessfully" computerName="Erics-MBP" duration="00:00:00.0017860" startTime="2021-10-04T17:15:04.8043640-04:00" endTime="2021-10-04T17:15:04.8061500-04:00" testType="13cdc9d9-ddb5-4fa4-a97d-d965ccfc6d4b" outcome="Passed" testListId="8c84fa94-04c1-424b-9868-57a2d4851a1d" relativeResultsDirectory="1a5eb07e-4f41-41c7-940e-575f722855f7" />
    <UnitTestResult executionId="9a0ff8cd-11d6-4ac1-8b64-23dfe4adfe0b" testId="a4fa417d-e95a-7a1f-a1c7-bce00a40345c" testName="ThenCanParseHelpRequestWithLongFormSuccessfully" computerName="Erics-MBP" duration="00:00:00.0090400" startTime="2021-10-04T17:15:04.7952750-04:00" endTime="2021-10-04T17:15:04.8043140-04:00" testType="13cdc9d9-ddb5-4fa4-a97d-d965ccfc6d4b" outcome="Passed" testListId="8c84fa94-04c1-424b-9868-57a2d4851a1d" relativeResultsDirectory="9a0ff8cd-11d6-4ac1-8b64-23dfe4adfe0b" />
    <UnitTestResult executionId="153a589b-9584-4b51-8211-1597196aeb13" testId="4eb22d04-3e24-cc5d-6bfc-45857e8a3902" testName="ThenCanParseResultsFormatWithLongFormSuccessfully(&quot;xunit&quot;,XUnit)" computerName="Erics-MBP" duration="00:00:00.0012660" startTime="2021-10-04T17:15:04.8813940-04:00" endTime="2021-10-04T17:15:04.8826600-04:00" testType="13cdc9d9-ddb5-4fa4-a97d-d965ccfc6d4b" outcome="Passed" testListId="8c84fa94-04c1-424b-9868-57a2d4851a1d" relativeResultsDirectory="153a589b-9584-4b51-8211-1597196aeb13" />
    <UnitTestResult executionId="d513b4eb-5193-45a4-b005-8cf06d723a45" testId="8e1263c8-41c8-6a86-58fa-1165bc338df7" testName="ThenCanParseMultipleResultsFilesWithWildCardWhereNoMatchIsExcluded" computerName="Erics-MBP" duration="00:00:00.0026210" startTime="2021-10-04T17:15:04.8477620-04:00" endTime="2021-10-04T17:15:04.8503830-04:00" testType="13cdc9d9-ddb5-4fa4-a97d-d965ccfc6d4b" outcome="Passed" testListId="8c84fa94-04c1-424b-9868-57a2d4851a1d" relativeResultsDirectory="d513b4eb-5193-45a4-b005-8cf06d723a45" />
    <UnitTestResult executionId="1889a534-7b04-4d5b-90cc-fe808037dbe0" testId="6db80d44-6cb8-8e13-b69b-abf2d5a5486f" testName="ThenCanParseResultsFileAsSemicolonSeparatedListThatEndsWithASemicolon" computerName="Erics-MBP" duration="00:00:00.0030710" startTime="2021-10-04T17:15:04.8576510-04:00" endTime="2021-10-04T17:15:04.8607200-04:00" testType="13cdc9d9-ddb5-4fa4-a97d-d965ccfc6d4b" outcome="Passed" testListId="8c84fa94-04c1-424b-9868-57a2d4851a1d" relativeResultsDirectory="1889a534-7b04-4d5b-90cc-fe808037dbe0" />
    <UnitTestResult executionId="3d84213b-f9bf-44e5-af5e-290f85ad0439" testId="71cdd67d-bb4c-4c14-28d6-e96b31d03990" testName="ThenCanParseLongFeatureBaseUriSuccessfully" computerName="Erics-MBP" duration="00:00:00.0056110" startTime="2021-10-04T17:15:04.8135550-04:00" endTime="2021-10-04T17:15:04.8191660-04:00" testType="13cdc9d9-ddb5-4fa4-a97d-d965ccfc6d4b" outcome="Passed" testListId="8c84fa94-04c1-424b-9868-57a2d4851a1d" relativeResultsDirectory="3d84213b-f9bf-44e5-af5e-290f85ad0439" />
    <UnitTestResult executionId="8495c3c2-6037-4c06-a926-8c1e177f3b1f" testId="fc58252f-e76b-39d9-6323-de78122c7066" testName="ThenCanParseMultipleResultsFilesWithWildCardsAndSemicolonWhenSomeHaveNoMatch" computerName="Erics-MBP" duration="00:00:00.0067800" startTime="2021-10-04T17:15:04.8409630-04:00" endTime="2021-10-04T17:15:04.8477420-04:00" testType="13cdc9d9-ddb5-4fa4-a97d-d965ccfc6d4b" outcome="Passed" testListId="8c84fa94-04c1-424b-9868-57a2d4851a1d" relativeResultsDirectory="8495c3c2-6037-4c06-a926-8c1e177f3b1f" />
    <UnitTestResult executionId="a9ee32a1-27c5-4c62-967c-ee2b3d7f1668" testId="bf2e9fb1-5599-d2c0-6e19-a6a1dcbc1deb" testName="ThenCanParseResultsFileAsSemicolonSeparatedListAndTestResultsFileContainsTheFirstElementOfTestResultsFiles" computerName="Erics-MBP" duration="00:00:00.0020560" startTime="2021-10-04T17:15:04.8555810-04:00" endTime="2021-10-04T17:15:04.8576370-04:00" testType="13cdc9d9-ddb5-4fa4-a97d-d965ccfc6d4b" outcome="Passed" testListId="8c84fa94-04c1-424b-9868-57a2d4851a1d" relativeResultsDirectory="a9ee32a1-27c5-4c62-967c-ee2b3d7f1668" />
    <UnitTestResult executionId="31af1f1e-9dec-4915-99e6-c76e5916c39b" testId="0c141315-43d3-b684-eb68-acfa95ded382" testName="ThenCanParseResultsFormatWithLongFormSuccessfully(&quot;vstest&quot;,VsTest)" computerName="Erics-MBP" duration="00:00:00.0013420" startTime="2021-10-04T17:15:04.8881870-04:00" endTime="2021-10-04T17:15:04.8895290-04:00" testType="13cdc9d9-ddb5-4fa4-a97d-d965ccfc6d4b" outcome="Passed" testListId="8c84fa94-04c1-424b-9868-57a2d4851a1d" relativeResultsDirectory="31af1f1e-9dec-4915-99e6-c76e5916c39b" />
    <UnitTestResult executionId="66fd8247-2d14-4380-b52f-727e26a407c2" testId="4339dc42-b5d9-a7f8-6c7c-3fbef918e3cc" testName="ThenCanParseResultsFormatWithShortFormSuccessfully(&quot;nunit3&quot;,NUnit3)" computerName="Erics-MBP" duration="00:00:00.0012990" startTime="2021-10-04T17:15:04.8956880-04:00" endTime="2021-10-04T17:15:04.8969870-04:00" testType="13cdc9d9-ddb5-4fa4-a97d-d965ccfc6d4b" outcome="Passed" testListId="8c84fa94-04c1-424b-9868-57a2d4851a1d" relativeResultsDirectory="66fd8247-2d14-4380-b52f-727e26a407c2" />
    <UnitTestResult executionId="616e9e22-8b77-423d-9c82-72bd07ab0015" testId="0d69365c-4d30-3f5d-cab9-49069b201831" testName="ThenCanParseHelpRequestWithShortFormSuccessfully" computerName="Erics-MBP" duration="00:00:00.0017800" startTime="2021-10-04T17:15:04.8062560-04:00" endTime="2021-10-04T17:15:04.8080350-04:00" testType="13cdc9d9-ddb5-4fa4-a97d-d965ccfc6d4b" outcome="Passed" testListId="8c84fa94-04c1-424b-9868-57a2d4851a1d" relativeResultsDirectory="616e9e22-8b77-423d-9c82-72bd07ab0015" />
    <UnitTestResult executionId="e32d7dcd-7323-4baa-810d-991ae2b47d76" testId="f22fa231-8de3-a216-58e1-8a185fe39b3a" testName="ThenCanParseExcelDocumentationFormatWithShortFormSuccessfully" computerName="Erics-MBP" duration="00:00:00.0016530" startTime="2021-10-04T17:15:04.7936040-04:00" endTime="2021-10-04T17:15:04.7952570-04:00" testType="13cdc9d9-ddb5-4fa4-a97d-d965ccfc6d4b" outcome="Passed" testListId="8c84fa94-04c1-424b-9868-57a2d4851a1d" relativeResultsDirectory="e32d7dcd-7323-4baa-810d-991ae2b47d76" />
    <UnitTestResult executionId="7c2b679a-097f-4755-801e-7ca84d0d218d" testId="882ba9fb-2b86-6e00-d8dd-78505e2a66a8" testName="ThenCanParseVersionRequestLongFormSuccessfully" computerName="Erics-MBP" duration="00:00:00.0027820" startTime="2021-10-04T17:15:04.9169580-04:00" endTime="2021-10-04T17:15:04.9197400-04:00" testType="13cdc9d9-ddb5-4fa4-a97d-d965ccfc6d4b" outcome="Passed" testListId="8c84fa94-04c1-424b-9868-57a2d4851a1d" relativeResultsDirectory="7c2b679a-097f-4755-801e-7ca84d0d218d" />
    <UnitTestResult executionId="5da0d163-6909-4cca-925e-92aa6ac74577" testId="4bf32c86-223f-197e-0dfd-ab5347605437" testName="ThenCanParseResultsFormatWithLongFormSuccessfully(&quot;cucumberjson&quot;,CucumberJson)" computerName="Erics-MBP" duration="00:00:00.0013890" startTime="2021-10-04T17:15:04.8853820-04:00" endTime="2021-10-04T17:15:04.8867710-04:00" testType="13cdc9d9-ddb5-4fa4-a97d-d965ccfc6d4b" outcome="Passed" testListId="8c84fa94-04c1-424b-9868-57a2d4851a1d" relativeResultsDirectory="5da0d163-6909-4cca-925e-92aa6ac74577" />
    <UnitTestResult executionId="df6f689f-8e42-4ded-9abc-6ec0c768aa23" testId="eaa4848e-0559-2885-f044-c2a62f5dab86" testName="ThenNoExceptionIsThrownWhenResultsFileIsDir" computerName="Erics-MBP" duration="00:00:00.0020600" startTime="2021-10-04T17:15:04.9239930-04:00" endTime="2021-10-04T17:15:04.9260510-04:00" testType="13cdc9d9-ddb5-4fa4-a97d-d965ccfc6d4b" outcome="Passed" testListId="8c84fa94-04c1-424b-9868-57a2d4851a1d" relativeResultsDirectory="df6f689f-8e42-4ded-9abc-6ec0c768aa23" />
    <UnitTestResult executionId="b6d02395-b5b7-4fc2-82d4-1618d54b8720" testId="1cc8f4ed-5df6-59e2-d4e5-7d9bd151e558" testName="ThenCanParseResultsFormatWithLongFormSuccessfully(&quot;xunit2&quot;,xUnit2)" computerName="Erics-MBP" duration="00:00:00.0012500" startTime="2021-10-04T17:15:04.8840670-04:00" endTime="2021-10-04T17:15:04.8853160-04:00" testType="13cdc9d9-ddb5-4fa4-a97d-d965ccfc6d4b" outcome="Passed" testListId="8c84fa94-04c1-424b-9868-57a2d4851a1d" relativeResultsDirectory="b6d02395-b5b7-4fc2-82d4-1618d54b8720" />
    <UnitTestResult executionId="dd8bcf68-d072-479c-9844-d15c513f7233" testId="f31b08c7-de79-cc6d-4377-211c81bf0669" testName="ThenCanParseResultsFormatWithShortFormSuccessfully(&quot;nunit&quot;,NUnit)" computerName="Erics-MBP" duration="00:00:00.0013370" startTime="2021-10-04T17:15:04.8942880-04:00" endTime="2021-10-04T17:15:04.8956250-04:00" testType="13cdc9d9-ddb5-4fa4-a97d-d965ccfc6d4b" outcome="Passed" testListId="8c84fa94-04c1-424b-9868-57a2d4851a1d" relativeResultsDirectory="dd8bcf68-d072-479c-9844-d15c513f7233" />
    <UnitTestResult executionId="ebd1994a-881f-43aa-b52b-26bece1c8393" testId="515a2015-9e64-a8ba-ec33-d67af30ec048" testName="ThenCanParseResultsFormatWithShortFormSuccessfully(&quot;mstest&quot;,MsTest)" computerName="Erics-MBP" duration="00:00:00.0015390" startTime="2021-10-04T17:15:04.8926860-04:00" endTime="2021-10-04T17:15:04.8942240-04:00" testType="13cdc9d9-ddb5-4fa4-a97d-d965ccfc6d4b" outcome="Passed" testListId="8c84fa94-04c1-424b-9868-57a2d4851a1d" relativeResultsDirectory="ebd1994a-881f-43aa-b52b-26bece1c8393" />
    <UnitTestResult executionId="ec7be9e9-0fb0-4d4c-be29-98c9e0323519" testId="9b95c832-12a1-dd0c-d813-9b9c55bc5be7" testName="ThenCanParseResultsFormatWithLongFormSuccessfully(&quot;nunit&quot;,NUnit)" computerName="Erics-MBP" duration="00:00:00.0013829" startTime="2021-10-04T17:15:04.8785790-04:00" endTime="2021-10-04T17:15:04.8799620-04:00" testType="13cdc9d9-ddb5-4fa4-a97d-d965ccfc6d4b" outcome="Passed" testListId="8c84fa94-04c1-424b-9868-57a2d4851a1d" relativeResultsDirectory="ec7be9e9-0fb0-4d4c-be29-98c9e0323519" />
    <UnitTestResult executionId="dbf7ceb3-0f10-4481-8cb6-55b378741a0e" testId="4be5947a-f14c-036a-2ea3-643296d9d2ba" testName="ThenCanParseShortHideTagsSuccessfully" computerName="Erics-MBP" duration="00:00:00.0017890" startTime="2021-10-04T17:15:04.9151370-04:00" endTime="2021-10-04T17:15:04.9169250-04:00" testType="13cdc9d9-ddb5-4fa4-a97d-d965ccfc6d4b" outcome="Passed" testListId="8c84fa94-04c1-424b-9868-57a2d4851a1d" relativeResultsDirectory="dbf7ceb3-0f10-4481-8cb6-55b378741a0e" />
    <UnitTestResult executionId="0d701699-d397-4764-ac72-9342bb4cc243" testId="c63d1051-ceeb-8f03-98f3-b5dc3d4afad0" testName="ThenCanParseShortFeatureBaseUriSuccessfully" computerName="Erics-MBP" duration="00:00:00.0058020" startTime="2021-10-04T17:15:04.9073960-04:00" endTime="2021-10-04T17:15:04.9131970-04:00" testType="13cdc9d9-ddb5-4fa4-a97d-d965ccfc6d4b" outcome="Passed" testListId="8c84fa94-04c1-424b-9868-57a2d4851a1d" relativeResultsDirectory="0d701699-d397-4764-ac72-9342bb4cc243" />
    <UnitTestResult executionId="88096ded-7f65-4968-ab0c-8b3e42c25970" testId="ac913a0e-9c8f-ad8b-7a90-e4ee62368cd3" testName="ThenCanParseResultsFormatWithShortFormSuccessfully(&quot;xunit2&quot;,xUnit2)" computerName="Erics-MBP" duration="00:00:00.0013000" startTime="2021-10-04T17:15:04.8997420-04:00" endTime="2021-10-04T17:15:04.9010410-04:00" testType="13cdc9d9-ddb5-4fa4-a97d-d965ccfc6d4b" outcome="Passed" testListId="8c84fa94-04c1-424b-9868-57a2d4851a1d" relativeResultsDirectory="88096ded-7f65-4968-ab0c-8b3e42c25970" />
    <UnitTestResult executionId="4f0a0d48-a3d8-4439-927b-84953ff07808" testId="02744fa5-6fa9-9771-a99c-b02de44495ff" testName="ThenCanParseLongFormArgumentsSuccessfully" computerName="Erics-MBP" duration="00:00:00.0035590" startTime="2021-10-04T17:15:04.8192210-04:00" endTime="2021-10-04T17:15:04.8227800-04:00" testType="13cdc9d9-ddb5-4fa4-a97d-d965ccfc6d4b" outcome="Passed" testListId="8c84fa94-04c1-424b-9868-57a2d4851a1d" relativeResultsDirectory="4f0a0d48-a3d8-4439-927b-84953ff07808" />
    <UnitTestResult executionId="a36eabef-3614-4981-bbde-5bf37d3c64b5" testId="d2c0d584-9c1d-862e-90aa-b91d6e3fa4c7" testName="ThenCanFilterOutNonExistingTestResultFiles" computerName="Erics-MBP" duration="00:00:00.0488270" startTime="2021-10-04T17:15:04.7343480-04:00" endTime="2021-10-04T17:15:04.7830350-04:00" testType="13cdc9d9-ddb5-4fa4-a97d-d965ccfc6d4b" outcome="Passed" testListId="8c84fa94-04c1-424b-9868-57a2d4851a1d" relativeResultsDirectory="a36eabef-3614-4981-bbde-5bf37d3c64b5" />
    <UnitTestResult executionId="fdfe9750-7105-4c0e-ad77-6df9b36e076c" testId="9660de6c-eec3-3258-2e8c-1f12b2daa4ae" testName="ThenCanParseLongHideTagsSuccessfully" computerName="Erics-MBP" duration="00:00:00.0028090" startTime="2021-10-04T17:15:04.8228200-04:00" endTime="2021-10-04T17:15:04.8256280-04:00" testType="13cdc9d9-ddb5-4fa4-a97d-d965ccfc6d4b" outcome="Passed" testListId="8c84fa94-04c1-424b-9868-57a2d4851a1d" relativeResultsDirectory="fdfe9750-7105-4c0e-ad77-6df9b36e076c" />
    <UnitTestResult executionId="1fd7da56-cf15-43ad-95af-3b88c2056750" testId="3dd8862b-c173-46d6-efda-e3708fc7883e" testName="ThenSetsLanguageToEnglishByDefault" computerName="Erics-MBP" duration="00:00:00.0018120" startTime="2021-10-04T17:15:04.9261240-04:00" endTime="2021-10-04T17:15:04.9279360-04:00" testType="13cdc9d9-ddb5-4fa4-a97d-d965ccfc6d4b" outcome="Passed" testListId="8c84fa94-04c1-424b-9868-57a2d4851a1d" relativeResultsDirectory="1fd7da56-cf15-43ad-95af-3b88c2056750" />
    <UnitTestResult executionId="b09971f7-bff4-425f-8812-daf6035e0435" testId="4c0d74ee-a4a4-0155-6f3c-7f63d1173421" testName="ThenCanParseResultsFileWithShortFormSuccessfully" computerName="Erics-MBP" duration="00:00:00.0025120" startTime="2021-10-04T17:15:04.8696340-04:00" endTime="2021-10-04T17:15:04.8721460-04:00" testType="13cdc9d9-ddb5-4fa4-a97d-d965ccfc6d4b" outcome="Passed" testListId="8c84fa94-04c1-424b-9868-57a2d4851a1d" relativeResultsDirectory="b09971f7-bff4-425f-8812-daf6035e0435" />
    <UnitTestResult executionId="9cc575b7-e35b-4ea7-951d-fbcc4d586acc" testId="aa24be5e-cd32-5521-a0c2-016bf869eb6e" testName="ThenCanParseMultipleResultsFilesWithWildCard" computerName="Erics-MBP" duration="00:00:00.0124740" startTime="2021-10-04T17:15:04.8256570-04:00" endTime="2021-10-04T17:15:04.8381310-04:00" testType="13cdc9d9-ddb5-4fa4-a97d-d965ccfc6d4b" outcome="Passed" testListId="8c84fa94-04c1-424b-9868-57a2d4851a1d" relativeResultsDirectory="9cc575b7-e35b-4ea7-951d-fbcc4d586acc" />
    <UnitTestResult executionId="f6357890-0f37-487b-8393-831723e0a396" testId="6c6fa077-38de-29df-ea1d-0e7127f24864" testName="ThenCanParseResultsFormatWithShortFormSuccessfully(&quot;specrun&quot;,SpecRun)" computerName="Erics-MBP" duration="00:00:00.0013209" startTime="2021-10-04T17:15:04.9027860-04:00" endTime="2021-10-04T17:15:04.9041070-04:00" testType="13cdc9d9-ddb5-4fa4-a97d-d965ccfc6d4b" outcome="Passed" testListId="8c84fa94-04c1-424b-9868-57a2d4851a1d" relativeResultsDirectory="f6357890-0f37-487b-8393-831723e0a396" />
    <UnitTestResult executionId="5b31f6f1-234c-4375-9549-70a2c189c8dc" testId="0dd479fe-4c5f-bf74-a09b-43464ada53bd" testName="ThenCanParseResultsFormatWithLongFormSuccessfully(&quot;specrun&quot;,SpecRun)" computerName="Erics-MBP" duration="00:00:00.0013159" startTime="2021-10-04T17:15:04.8867960-04:00" endTime="2021-10-04T17:15:04.8881110-04:00" testType="13cdc9d9-ddb5-4fa4-a97d-d965ccfc6d4b" outcome="Passed" testListId="8c84fa94-04c1-424b-9868-57a2d4851a1d" relativeResultsDirectory="5b31f6f1-234c-4375-9549-70a2c189c8dc" />
    <UnitTestResult executionId="6786f889-d9fe-419c-995e-436ceffe9f4c" testId="762b97c6-0e84-7701-a4ed-7885e84d9b93" testName="ThenCanParseResultsFileAsSemicolonSeparatedList" computerName="Erics-MBP" duration="00:00:00.0051620" startTime="2021-10-04T17:15:04.8504020-04:00" endTime="2021-10-04T17:15:04.8555630-04:00" testType="13cdc9d9-ddb5-4fa4-a97d-d965ccfc6d4b" outcome="Passed" testListId="8c84fa94-04c1-424b-9868-57a2d4851a1d" relativeResultsDirectory="6786f889-d9fe-419c-995e-436ceffe9f4c" />
    <UnitTestResult executionId="a8611af8-ca97-497d-9cef-7e31cff62ba7" testId="4f90bc03-9c22-3cb6-996f-0ead2a3ac7ae" testName="ThenCanParseResultsFileAsSemicolonSeparatedListThatStartsWithASemicolon" computerName="Erics-MBP" duration="00:00:00.0020660" startTime="2021-10-04T17:15:04.8607430-04:00" endTime="2021-10-04T17:15:04.8628080-04:00" testType="13cdc9d9-ddb5-4fa4-a97d-d965ccfc6d4b" outcome="Passed" testListId="8c84fa94-04c1-424b-9868-57a2d4851a1d" relativeResultsDirectory="a8611af8-ca97-497d-9cef-7e31cff62ba7" />
    <UnitTestResult executionId="ec22923b-5c30-4941-862b-1c569f4b6ea3" testId="22d85d4c-6dbb-10ab-b5a3-f3269d2438c6" testName="ThenCanParseResultsFormatWithLongFormSuccessfully(&quot;xunit1&quot;,XUnit1)" computerName="Erics-MBP" duration="00:00:00.0012790" startTime="2021-10-04T17:15:04.8827230-04:00" endTime="2021-10-04T17:15:04.8840030-04:00" testType="13cdc9d9-ddb5-4fa4-a97d-d965ccfc6d4b" outcome="Passed" testListId="8c84fa94-04c1-424b-9868-57a2d4851a1d" relativeResultsDirectory="ec22923b-5c30-4941-862b-1c569f4b6ea3" />
    <UnitTestResult executionId="aa5bef31-4af6-4bba-abd9-d80e55a081a4" testId="68c5df64-32c1-5ede-f890-4d40dd8a8c9f" testName="ThenCanParseResultsFileWithLongFormSuccessfully" computerName="Erics-MBP" duration="00:00:00.0045010" startTime="2021-10-04T17:15:04.8651140-04:00" endTime="2021-10-04T17:15:04.8696140-04:00" testType="13cdc9d9-ddb5-4fa4-a97d-d965ccfc6d4b" outcome="Passed" testListId="8c84fa94-04c1-424b-9868-57a2d4851a1d" relativeResultsDirectory="aa5bef31-4af6-4bba-abd9-d80e55a081a4" />
    <UnitTestResult executionId="fd8a00f9-1989-40f1-9d65-c2cfae1c64e3" testId="1d892050-5fc4-1870-33c7-728b36a63ba3" testName="ThenCanParseResultsFormatWithLongFormSuccessfully(&quot;mstest&quot;,MsTest)" computerName="Erics-MBP" duration="00:00:00.0062680" startTime="2021-10-04T17:15:04.8722350-04:00" endTime="2021-10-04T17:15:04.8785030-04:00" testType="13cdc9d9-ddb5-4fa4-a97d-d965ccfc6d4b" outcome="Passed" testListId="8c84fa94-04c1-424b-9868-57a2d4851a1d" relativeResultsDirectory="fd8a00f9-1989-40f1-9d65-c2cfae1c64e3" />
    <UnitTestResult executionId="427ae3db-5434-4038-bfc5-a20a24c16921" testId="74a89751-e63b-0a42-dc81-231c95fc1332" testName="ThenCanParseExcelDocumentationFormatWithLongFormSuccessfully" computerName="Erics-MBP" duration="00:00:00.0080300" startTime="2021-10-04T17:15:04.7855110-04:00" endTime="2021-10-04T17:15:04.7935380-04:00" testType="13cdc9d9-ddb5-4fa4-a97d-d965ccfc6d4b" outcome="Passed" testListId="8c84fa94-04c1-424b-9868-57a2d4851a1d" relativeResultsDirectory="427ae3db-5434-4038-bfc5-a20a24c16921" />
    <UnitTestResult executionId="a186716f-bfd2-424f-a180-2a239f6ca09d" testId="8df7f7c3-2a09-e5a9-4b22-1b2fdcd78402" testName="ThenCanParseLongExcludeTagsSuccessfully" computerName="Erics-MBP" duration="00:00:00.0054110" startTime="2021-10-04T17:15:04.8081030-04:00" endTime="2021-10-04T17:15:04.8135130-04:00" testType="13cdc9d9-ddb5-4fa4-a97d-d965ccfc6d4b" outcome="Passed" testListId="8c84fa94-04c1-424b-9868-57a2d4851a1d" relativeResultsDirectory="a186716f-bfd2-424f-a180-2a239f6ca09d" />
  </Results>
  <TestDefinitions>
    <UnitTest name="ThenCanParseResultsFormatWithLongFormSuccessfully(&quot;xunit2&quot;,xUnit2)" storage="/users/ericcarlson/repos/pickles/src/pickles/pickles.commandline.unittests/bin/debug/netcoreapp3.1/picklesdoc.pickles.commandline.unittests.dll" id="1cc8f4ed-5df6-59e2-d4e5-7d9bd151e558">
      <Execution id="b6d02395-b5b7-4fc2-82d4-1618d54b8720" />
      <TestMethod codeBase="/Users/ericcarlson/repos/pickles/src/Pickles/Pickles.CommandLine.UnitTests/bin/Debug/netcoreapp3.1/PicklesDoc.Pickles.CommandLine.UnitTests.dll" adapterTypeName="executor://nunit3testexecutor/" className="PicklesDoc.Pickles.CommandLine.UnitTests.WhenParsingCommandLineArguments" name="ThenCanParseResultsFormatWithLongFormSuccessfully(&quot;xunit2&quot;,xUnit2)" />
    </UnitTest>
    <UnitTest name="ThenCanParseResultsFormatWithShortFormSuccessfully(&quot;xunit1&quot;,XUnit1)" storage="/users/ericcarlson/repos/pickles/src/pickles/pickles.commandline.unittests/bin/debug/netcoreapp3.1/picklesdoc.pickles.commandline.unittests.dll" id="d59b29a7-7ca5-9d6f-00d5-a094c1d51ee9">
      <Execution id="068945c6-de9c-4409-a7fa-3e992610b7a0" />
      <TestMethod codeBase="/Users/ericcarlson/repos/pickles/src/Pickles/Pickles.CommandLine.UnitTests/bin/Debug/netcoreapp3.1/PicklesDoc.Pickles.CommandLine.UnitTests.dll" adapterTypeName="executor://nunit3testexecutor/" className="PicklesDoc.Pickles.CommandLine.UnitTests.WhenParsingCommandLineArguments" name="ThenCanParseResultsFormatWithShortFormSuccessfully(&quot;xunit1&quot;,XUnit1)" />
    </UnitTest>
    <UnitTest name="ThenCanParseLongHideTagsSuccessfully" storage="/users/ericcarlson/repos/pickles/src/pickles/pickles.commandline.unittests/bin/debug/netcoreapp3.1/picklesdoc.pickles.commandline.unittests.dll" id="9660de6c-eec3-3258-2e8c-1f12b2daa4ae">
      <Execution id="fdfe9750-7105-4c0e-ad77-6df9b36e076c" />
      <TestMethod codeBase="/Users/ericcarlson/repos/pickles/src/Pickles/Pickles.CommandLine.UnitTests/bin/Debug/netcoreapp3.1/PicklesDoc.Pickles.CommandLine.UnitTests.dll" adapterTypeName="executor://nunit3testexecutor/" className="PicklesDoc.Pickles.CommandLine.UnitTests.WhenParsingCommandLineArguments" name="ThenCanParseLongHideTagsSuccessfully" />
    </UnitTest>
    <UnitTest name="ThenCanParseLongFormArgumentsSuccessfully" storage="/users/ericcarlson/repos/pickles/src/pickles/pickles.commandline.unittests/bin/debug/netcoreapp3.1/picklesdoc.pickles.commandline.unittests.dll" id="02744fa5-6fa9-9771-a99c-b02de44495ff">
      <Execution id="4f0a0d48-a3d8-4439-927b-84953ff07808" />
      <TestMethod codeBase="/Users/ericcarlson/repos/pickles/src/Pickles/Pickles.CommandLine.UnitTests/bin/Debug/netcoreapp3.1/PicklesDoc.Pickles.CommandLine.UnitTests.dll" adapterTypeName="executor://nunit3testexecutor/" className="PicklesDoc.Pickles.CommandLine.UnitTests.WhenParsingCommandLineArguments" name="ThenCanParseLongFormArgumentsSuccessfully" />
    </UnitTest>
    <UnitTest name="ThenCanParseResultsFileAsSemicolonSeparatedListThatStartsWithASemicolon" storage="/users/ericcarlson/repos/pickles/src/pickles/pickles.commandline.unittests/bin/debug/netcoreapp3.1/picklesdoc.pickles.commandline.unittests.dll" id="4f90bc03-9c22-3cb6-996f-0ead2a3ac7ae">
      <Execution id="a8611af8-ca97-497d-9cef-7e31cff62ba7" />
      <TestMethod codeBase="/Users/ericcarlson/repos/pickles/src/Pickles/Pickles.CommandLine.UnitTests/bin/Debug/netcoreapp3.1/PicklesDoc.Pickles.CommandLine.UnitTests.dll" adapterTypeName="executor://nunit3testexecutor/" className="PicklesDoc.Pickles.CommandLine.UnitTests.WhenParsingCommandLineArguments" name="ThenCanParseResultsFileAsSemicolonSeparatedListThatStartsWithASemicolon" />
    </UnitTest>
    <UnitTest name="ThenCanParseResultsFormatWithLongFormSuccessfully(&quot;xunit1&quot;,XUnit1)" storage="/users/ericcarlson/repos/pickles/src/pickles/pickles.commandline.unittests/bin/debug/netcoreapp3.1/picklesdoc.pickles.commandline.unittests.dll" id="22d85d4c-6dbb-10ab-b5a3-f3269d2438c6">
      <Execution id="ec22923b-5c30-4941-862b-1c569f4b6ea3" />
      <TestMethod codeBase="/Users/ericcarlson/repos/pickles/src/Pickles/Pickles.CommandLine.UnitTests/bin/Debug/netcoreapp3.1/PicklesDoc.Pickles.CommandLine.UnitTests.dll" adapterTypeName="executor://nunit3testexecutor/" className="PicklesDoc.Pickles.CommandLine.UnitTests.WhenParsingCommandLineArguments" name="ThenCanParseResultsFormatWithLongFormSuccessfully(&quot;xunit1&quot;,XUnit1)" />
    </UnitTest>
    <UnitTest name="ThenCanParseShortExcludeTagsSuccessfully" storage="/users/ericcarlson/repos/pickles/src/pickles/pickles.commandline.unittests/bin/debug/netcoreapp3.1/picklesdoc.pickles.commandline.unittests.dll" id="2c5e222a-1647-8409-7866-5ad600a37681">
      <Execution id="5ac78a75-4f25-4e42-bf7a-ff47f272d2e7" />
      <TestMethod codeBase="/Users/ericcarlson/repos/pickles/src/Pickles/Pickles.CommandLine.UnitTests/bin/Debug/netcoreapp3.1/PicklesDoc.Pickles.CommandLine.UnitTests.dll" adapterTypeName="executor://nunit3testexecutor/" className="PicklesDoc.Pickles.CommandLine.UnitTests.WhenParsingCommandLineArguments" name="ThenCanParseShortExcludeTagsSuccessfully" />
    </UnitTest>
    <UnitTest name="ThenCanParseResultsFileWithShortFormSuccessfully" storage="/users/ericcarlson/repos/pickles/src/pickles/pickles.commandline.unittests/bin/debug/netcoreapp3.1/picklesdoc.pickles.commandline.unittests.dll" id="4c0d74ee-a4a4-0155-6f3c-7f63d1173421">
      <Execution id="b09971f7-bff4-425f-8812-daf6035e0435" />
      <TestMethod codeBase="/Users/ericcarlson/repos/pickles/src/Pickles/Pickles.CommandLine.UnitTests/bin/Debug/netcoreapp3.1/PicklesDoc.Pickles.CommandLine.UnitTests.dll" adapterTypeName="executor://nunit3testexecutor/" className="PicklesDoc.Pickles.CommandLine.UnitTests.WhenParsingCommandLineArguments" name="ThenCanParseResultsFileWithShortFormSuccessfully" />
    </UnitTest>
    <UnitTest name="ThenCanParseVersionRequestShortFormSuccessfully" storage="/users/ericcarlson/repos/pickles/src/pickles/pickles.commandline.unittests/bin/debug/netcoreapp3.1/picklesdoc.pickles.commandline.unittests.dll" id="8a6da681-14e9-3512-521e-22acb0ced795">
      <Execution id="39a2bb3e-458c-413e-b7d4-ac7b29402865" />
      <TestMethod codeBase="/Users/ericcarlson/repos/pickles/src/Pickles/Pickles.CommandLine.UnitTests/bin/Debug/netcoreapp3.1/PicklesDoc.Pickles.CommandLine.UnitTests.dll" adapterTypeName="executor://nunit3testexecutor/" className="PicklesDoc.Pickles.CommandLine.UnitTests.WhenParsingCommandLineArguments" name="ThenCanParseVersionRequestShortFormSuccessfully" />
    </UnitTest>
    <UnitTest name="ThenCanParseResultsFileAsSemicolonSeparatedListThatEndsWithASemicolon" storage="/users/ericcarlson/repos/pickles/src/pickles/pickles.commandline.unittests/bin/debug/netcoreapp3.1/picklesdoc.pickles.commandline.unittests.dll" id="6db80d44-6cb8-8e13-b69b-abf2d5a5486f">
      <Execution id="1889a534-7b04-4d5b-90cc-fe808037dbe0" />
      <TestMethod codeBase="/Users/ericcarlson/repos/pickles/src/Pickles/Pickles.CommandLine.UnitTests/bin/Debug/netcoreapp3.1/PicklesDoc.Pickles.CommandLine.UnitTests.dll" adapterTypeName="executor://nunit3testexecutor/" className="PicklesDoc.Pickles.CommandLine.UnitTests.WhenParsingCommandLineArguments" name="ThenCanParseResultsFileAsSemicolonSeparatedListThatEndsWithASemicolon" />
    </UnitTest>
    <UnitTest name="ThenSetsLanguageToEnglishByDefault" storage="/users/ericcarlson/repos/pickles/src/pickles/pickles.commandline.unittests/bin/debug/netcoreapp3.1/picklesdoc.pickles.commandline.unittests.dll" id="3dd8862b-c173-46d6-efda-e3708fc7883e">
      <Execution id="1fd7da56-cf15-43ad-95af-3b88c2056750" />
      <TestMethod codeBase="/Users/ericcarlson/repos/pickles/src/Pickles/Pickles.CommandLine.UnitTests/bin/Debug/netcoreapp3.1/PicklesDoc.Pickles.CommandLine.UnitTests.dll" adapterTypeName="executor://nunit3testexecutor/" className="PicklesDoc.Pickles.CommandLine.UnitTests.WhenParsingCommandLineArguments" name="ThenSetsLanguageToEnglishByDefault" />
    </UnitTest>
    <UnitTest name="ThenCanParseResultsFilesWithMultipleMatchesResolvingInSingleMatch" storage="/users/ericcarlson/repos/pickles/src/pickles/pickles.commandline.unittests/bin/debug/netcoreapp3.1/picklesdoc.pickles.commandline.unittests.dll" id="d519a718-a5af-b718-0d02-3651b1e50e25">
      <Execution id="165eae76-abc8-4a1b-916a-acb905c194df" />
      <TestMethod codeBase="/Users/ericcarlson/repos/pickles/src/Pickles/Pickles.CommandLine.UnitTests/bin/Debug/netcoreapp3.1/PicklesDoc.Pickles.CommandLine.UnitTests.dll" adapterTypeName="executor://nunit3testexecutor/" className="PicklesDoc.Pickles.CommandLine.UnitTests.WhenParsingCommandLineArguments" name="ThenCanParseResultsFilesWithMultipleMatchesResolvingInSingleMatch" />
    </UnitTest>
    <UnitTest name="ThenInputAndOutputDirectoryAreSetToTheCurrentDirectory" storage="/users/ericcarlson/repos/pickles/src/pickles/pickles.commandline.unittests/bin/debug/netcoreapp3.1/picklesdoc.pickles.commandline.unittests.dll" id="1f593c2d-08ac-eb3f-ea26-17c56e86051c">
      <Execution id="861da065-9161-4346-8803-8050c9d869b8" />
      <TestMethod codeBase="/Users/ericcarlson/repos/pickles/src/Pickles/Pickles.CommandLine.UnitTests/bin/Debug/netcoreapp3.1/PicklesDoc.Pickles.CommandLine.UnitTests.dll" adapterTypeName="executor://nunit3testexecutor/" className="PicklesDoc.Pickles.CommandLine.UnitTests.WhenParsingCommandLineArguments" name="ThenInputAndOutputDirectoryAreSetToTheCurrentDirectory" />
    </UnitTest>
    <UnitTest name="ThenCanParseResultsFormatWithLongFormSuccessfully(&quot;cucumberjson&quot;,CucumberJson)" storage="/users/ericcarlson/repos/pickles/src/pickles/pickles.commandline.unittests/bin/debug/netcoreapp3.1/picklesdoc.pickles.commandline.unittests.dll" id="4bf32c86-223f-197e-0dfd-ab5347605437">
      <Execution id="5da0d163-6909-4cca-925e-92aa6ac74577" />
      <TestMethod codeBase="/Users/ericcarlson/repos/pickles/src/Pickles/Pickles.CommandLine.UnitTests/bin/Debug/netcoreapp3.1/PicklesDoc.Pickles.CommandLine.UnitTests.dll" adapterTypeName="executor://nunit3testexecutor/" className="PicklesDoc.Pickles.CommandLine.UnitTests.WhenParsingCommandLineArguments" name="ThenCanParseResultsFormatWithLongFormSuccessfully(&quot;cucumberjson&quot;,CucumberJson)" />
    </UnitTest>
    <UnitTest name="ThenCanParseResultsFormatWithShortFormSuccessfully(&quot;specrun&quot;,SpecRun)" storage="/users/ericcarlson/repos/pickles/src/pickles/pickles.commandline.unittests/bin/debug/netcoreapp3.1/picklesdoc.pickles.commandline.unittests.dll" id="6c6fa077-38de-29df-ea1d-0e7127f24864">
      <Execution id="f6357890-0f37-487b-8393-831723e0a396" />
      <TestMethod codeBase="/Users/ericcarlson/repos/pickles/src/Pickles/Pickles.CommandLine.UnitTests/bin/Debug/netcoreapp3.1/PicklesDoc.Pickles.CommandLine.UnitTests.dll" adapterTypeName="executor://nunit3testexecutor/" className="PicklesDoc.Pickles.CommandLine.UnitTests.WhenParsingCommandLineArguments" name="ThenCanParseResultsFormatWithShortFormSuccessfully(&quot;specrun&quot;,SpecRun)" />
    </UnitTest>
    <UnitTest name="ThenCanParseExcelDocumentationFormatWithShortFormSuccessfully" storage="/users/ericcarlson/repos/pickles/src/pickles/pickles.commandline.unittests/bin/debug/netcoreapp3.1/picklesdoc.pickles.commandline.unittests.dll" id="f22fa231-8de3-a216-58e1-8a185fe39b3a">
      <Execution id="e32d7dcd-7323-4baa-810d-991ae2b47d76" />
      <TestMethod codeBase="/Users/ericcarlson/repos/pickles/src/Pickles/Pickles.CommandLine.UnitTests/bin/Debug/netcoreapp3.1/PicklesDoc.Pickles.CommandLine.UnitTests.dll" adapterTypeName="executor://nunit3testexecutor/" className="PicklesDoc.Pickles.CommandLine.UnitTests.WhenParsingCommandLineArguments" name="ThenCanParseExcelDocumentationFormatWithShortFormSuccessfully" />
    </UnitTest>
    <UnitTest name="ThenCanParseResultsFileAsSemicolonSeparatedListAndTestResultsFileContainsTheFirstElementOfTestResultsFiles" storage="/users/ericcarlson/repos/pickles/src/pickles/pickles.commandline.unittests/bin/debug/netcoreapp3.1/picklesdoc.pickles.commandline.unittests.dll" id="bf2e9fb1-5599-d2c0-6e19-a6a1dcbc1deb">
      <Execution id="a9ee32a1-27c5-4c62-967c-ee2b3d7f1668" />
      <TestMethod codeBase="/Users/ericcarlson/repos/pickles/src/Pickles/Pickles.CommandLine.UnitTests/bin/Debug/netcoreapp3.1/PicklesDoc.Pickles.CommandLine.UnitTests.dll" adapterTypeName="executor://nunit3testexecutor/" className="PicklesDoc.Pickles.CommandLine.UnitTests.WhenParsingCommandLineArguments" name="ThenCanParseResultsFileAsSemicolonSeparatedListAndTestResultsFileContainsTheFirstElementOfTestResultsFiles" />
    </UnitTest>
    <UnitTest name="ThenCanParseResultsFileWithLongFormSuccessfully" storage="/users/ericcarlson/repos/pickles/src/pickles/pickles.commandline.unittests/bin/debug/netcoreapp3.1/picklesdoc.pickles.commandline.unittests.dll" id="68c5df64-32c1-5ede-f890-4d40dd8a8c9f">
      <Execution id="aa5bef31-4af6-4bba-abd9-d80e55a081a4" />
      <TestMethod codeBase="/Users/ericcarlson/repos/pickles/src/Pickles/Pickles.CommandLine.UnitTests/bin/Debug/netcoreapp3.1/PicklesDoc.Pickles.CommandLine.UnitTests.dll" adapterTypeName="executor://nunit3testexecutor/" className="PicklesDoc.Pickles.CommandLine.UnitTests.WhenParsingCommandLineArguments" name="ThenCanParseResultsFileWithLongFormSuccessfully" />
    </UnitTest>
    <UnitTest name="ThenCanParseResultsFormatWithShortFormSuccessfully(&quot;nunit&quot;,NUnit)" storage="/users/ericcarlson/repos/pickles/src/pickles/pickles.commandline.unittests/bin/debug/netcoreapp3.1/picklesdoc.pickles.commandline.unittests.dll" id="f31b08c7-de79-cc6d-4377-211c81bf0669">
      <Execution id="dd8bcf68-d072-479c-9844-d15c513f7233" />
      <TestMethod codeBase="/Users/ericcarlson/repos/pickles/src/Pickles/Pickles.CommandLine.UnitTests/bin/Debug/netcoreapp3.1/PicklesDoc.Pickles.CommandLine.UnitTests.dll" adapterTypeName="executor://nunit3testexecutor/" className="PicklesDoc.Pickles.CommandLine.UnitTests.WhenParsingCommandLineArguments" name="ThenCanParseResultsFormatWithShortFormSuccessfully(&quot;nunit&quot;,NUnit)" />
    </UnitTest>
    <UnitTest name="ThenCanParseShortHideTagsSuccessfully" storage="/users/ericcarlson/repos/pickles/src/pickles/pickles.commandline.unittests/bin/debug/netcoreapp3.1/picklesdoc.pickles.commandline.unittests.dll" id="4be5947a-f14c-036a-2ea3-643296d9d2ba">
      <Execution id="dbf7ceb3-0f10-4481-8cb6-55b378741a0e" />
      <TestMethod codeBase="/Users/ericcarlson/repos/pickles/src/Pickles/Pickles.CommandLine.UnitTests/bin/Debug/netcoreapp3.1/PicklesDoc.Pickles.CommandLine.UnitTests.dll" adapterTypeName="executor://nunit3testexecutor/" className="PicklesDoc.Pickles.CommandLine.UnitTests.WhenParsingCommandLineArguments" name="ThenCanParseShortHideTagsSuccessfully" />
    </UnitTest>
    <UnitTest name="ThenCanParseHelpRequestWithQuestionMarkSuccessfully" storage="/users/ericcarlson/repos/pickles/src/pickles/pickles.commandline.unittests/bin/debug/netcoreapp3.1/picklesdoc.pickles.commandline.unittests.dll" id="e78a84d4-a81c-205e-6754-5d999ade48f8">
      <Execution id="1a5eb07e-4f41-41c7-940e-575f722855f7" />
      <TestMethod codeBase="/Users/ericcarlson/repos/pickles/src/Pickles/Pickles.CommandLine.UnitTests/bin/Debug/netcoreapp3.1/PicklesDoc.Pickles.CommandLine.UnitTests.dll" adapterTypeName="executor://nunit3testexecutor/" className="PicklesDoc.Pickles.CommandLine.UnitTests.WhenParsingCommandLineArguments" name="ThenCanParseHelpRequestWithQuestionMarkSuccessfully" />
    </UnitTest>
    <UnitTest name="ThenCanParseResultsFormatWithLongFormSuccessfully(&quot;nunit3&quot;,NUnit3)" storage="/users/ericcarlson/repos/pickles/src/pickles/pickles.commandline.unittests/bin/debug/netcoreapp3.1/picklesdoc.pickles.commandline.unittests.dll" id="f4f1cc4a-df08-6e29-9d02-c2cb8938f99a">
      <Execution id="e191bca0-e2cb-4e03-9335-e394eba5acbe" />
      <TestMethod codeBase="/Users/ericcarlson/repos/pickles/src/Pickles/Pickles.CommandLine.UnitTests/bin/Debug/netcoreapp3.1/PicklesDoc.Pickles.CommandLine.UnitTests.dll" adapterTypeName="executor://nunit3testexecutor/" className="PicklesDoc.Pickles.CommandLine.UnitTests.WhenParsingCommandLineArguments" name="ThenCanParseResultsFormatWithLongFormSuccessfully(&quot;nunit3&quot;,NUnit3)" />
    </UnitTest>
    <UnitTest name="ThenCanParseMultipleResultsFilesWithWildCardWhereNoMatchIsExcluded" storage="/users/ericcarlson/repos/pickles/src/pickles/pickles.commandline.unittests/bin/debug/netcoreapp3.1/picklesdoc.pickles.commandline.unittests.dll" id="8e1263c8-41c8-6a86-58fa-1165bc338df7">
      <Execution id="d513b4eb-5193-45a4-b005-8cf06d723a45" />
      <TestMethod codeBase="/Users/ericcarlson/repos/pickles/src/Pickles/Pickles.CommandLine.UnitTests/bin/Debug/netcoreapp3.1/PicklesDoc.Pickles.CommandLine.UnitTests.dll" adapterTypeName="executor://nunit3testexecutor/" className="PicklesDoc.Pickles.CommandLine.UnitTests.WhenParsingCommandLineArguments" name="ThenCanParseMultipleResultsFilesWithWildCardWhereNoMatchIsExcluded" />
    </UnitTest>
    <UnitTest name="ThenCanParseResultsFormatWithShortFormSuccessfully(&quot;cucumberjson&quot;,CucumberJson)" storage="/users/ericcarlson/repos/pickles/src/pickles/pickles.commandline.unittests/bin/debug/netcoreapp3.1/picklesdoc.pickles.commandline.unittests.dll" id="ddd1faaa-8474-bed3-663a-443138340384">
      <Execution id="8f82dc56-86c0-4a85-81fa-2e182f35e77e" />
      <TestMethod codeBase="/Users/ericcarlson/repos/pickles/src/Pickles/Pickles.CommandLine.UnitTests/bin/Debug/netcoreapp3.1/PicklesDoc.Pickles.CommandLine.UnitTests.dll" adapterTypeName="executor://nunit3testexecutor/" className="PicklesDoc.Pickles.CommandLine.UnitTests.WhenParsingCommandLineArguments" name="ThenCanParseResultsFormatWithShortFormSuccessfully(&quot;cucumberjson&quot;,CucumberJson)" />
    </UnitTest>
    <UnitTest name="ThenCanParseResultsFormatWithShortFormSuccessfully(&quot;xunit2&quot;,xUnit2)" storage="/users/ericcarlson/repos/pickles/src/pickles/pickles.commandline.unittests/bin/debug/netcoreapp3.1/picklesdoc.pickles.commandline.unittests.dll" id="ac913a0e-9c8f-ad8b-7a90-e4ee62368cd3">
      <Execution id="88096ded-7f65-4968-ab0c-8b3e42c25970" />
      <TestMethod codeBase="/Users/ericcarlson/repos/pickles/src/Pickles/Pickles.CommandLine.UnitTests/bin/Debug/netcoreapp3.1/PicklesDoc.Pickles.CommandLine.UnitTests.dll" adapterTypeName="executor://nunit3testexecutor/" className="PicklesDoc.Pickles.CommandLine.UnitTests.WhenParsingCommandLineArguments" name="ThenCanParseResultsFormatWithShortFormSuccessfully(&quot;xunit2&quot;,xUnit2)" />
    </UnitTest>
    <UnitTest name="ThenCanParseResultsFormatWithShortFormSuccessfully(&quot;nunit3&quot;,NUnit3)" storage="/users/ericcarlson/repos/pickles/src/pickles/pickles.commandline.unittests/bin/debug/netcoreapp3.1/picklesdoc.pickles.commandline.unittests.dll" id="4339dc42-b5d9-a7f8-6c7c-3fbef918e3cc">
      <Execution id="66fd8247-2d14-4380-b52f-727e26a407c2" />
      <TestMethod codeBase="/Users/ericcarlson/repos/pickles/src/Pickles/Pickles.CommandLine.UnitTests/bin/Debug/netcoreapp3.1/PicklesDoc.Pickles.CommandLine.UnitTests.dll" adapterTypeName="executor://nunit3testexecutor/" className="PicklesDoc.Pickles.CommandLine.UnitTests.WhenParsingCommandLineArguments" name="ThenCanParseResultsFormatWithShortFormSuccessfully(&quot;nunit3&quot;,NUnit3)" />
    </UnitTest>
    <UnitTest name="ThenCanParseLongExcludeTagsSuccessfully" storage="/users/ericcarlson/repos/pickles/src/pickles/pickles.commandline.unittests/bin/debug/netcoreapp3.1/picklesdoc.pickles.commandline.unittests.dll" id="8df7f7c3-2a09-e5a9-4b22-1b2fdcd78402">
      <Execution id="a186716f-bfd2-424f-a180-2a239f6ca09d" />
      <TestMethod codeBase="/Users/ericcarlson/repos/pickles/src/Pickles/Pickles.CommandLine.UnitTests/bin/Debug/netcoreapp3.1/PicklesDoc.Pickles.CommandLine.UnitTests.dll" adapterTypeName="executor://nunit3testexecutor/" className="PicklesDoc.Pickles.CommandLine.UnitTests.WhenParsingCommandLineArguments" name="ThenCanParseLongExcludeTagsSuccessfully" />
    </UnitTest>
    <UnitTest name="ThenCanParseMultipleResultsFilesWithWildCardAndSemicolon" storage="/users/ericcarlson/repos/pickles/src/pickles/pickles.commandline.unittests/bin/debug/netcoreapp3.1/picklesdoc.pickles.commandline.unittests.dll" id="a9022e46-69d3-4225-7e9f-d450c40b211a">
      <Execution id="85523eb4-f3c7-4d48-9186-c28cad0f8082" />
      <TestMethod codeBase="/Users/ericcarlson/repos/pickles/src/Pickles/Pickles.CommandLine.UnitTests/bin/Debug/netcoreapp3.1/PicklesDoc.Pickles.CommandLine.UnitTests.dll" adapterTypeName="executor://nunit3testexecutor/" className="PicklesDoc.Pickles.CommandLine.UnitTests.WhenParsingCommandLineArguments" name="ThenCanParseMultipleResultsFilesWithWildCardAndSemicolon" />
    </UnitTest>
    <UnitTest name="ThenCanParseResultsFormatWithLongFormSuccessfully(&quot;nunit&quot;,NUnit)" storage="/users/ericcarlson/repos/pickles/src/pickles/pickles.commandline.unittests/bin/debug/netcoreapp3.1/picklesdoc.pickles.commandline.unittests.dll" id="9b95c832-12a1-dd0c-d813-9b9c55bc5be7">
      <Execution id="ec7be9e9-0fb0-4d4c-be29-98c9e0323519" />
      <TestMethod codeBase="/Users/ericcarlson/repos/pickles/src/Pickles/Pickles.CommandLine.UnitTests/bin/Debug/netcoreapp3.1/PicklesDoc.Pickles.CommandLine.UnitTests.dll" adapterTypeName="executor://nunit3testexecutor/" className="PicklesDoc.Pickles.CommandLine.UnitTests.WhenParsingCommandLineArguments" name="ThenCanParseResultsFormatWithLongFormSuccessfully(&quot;nunit&quot;,NUnit)" />
    </UnitTest>
    <UnitTest name="ThenCanParseShortFeatureBaseUriSuccessfully" storage="/users/ericcarlson/repos/pickles/src/pickles/pickles.commandline.unittests/bin/debug/netcoreapp3.1/picklesdoc.pickles.commandline.unittests.dll" id="c63d1051-ceeb-8f03-98f3-b5dc3d4afad0">
      <Execution id="0d701699-d397-4764-ac72-9342bb4cc243" />
      <TestMethod codeBase="/Users/ericcarlson/repos/pickles/src/Pickles/Pickles.CommandLine.UnitTests/bin/Debug/netcoreapp3.1/PicklesDoc.Pickles.CommandLine.UnitTests.dll" adapterTypeName="executor://nunit3testexecutor/" className="PicklesDoc.Pickles.CommandLine.UnitTests.WhenParsingCommandLineArguments" name="ThenCanParseShortFeatureBaseUriSuccessfully" />
    </UnitTest>
    <UnitTest name="ThenCanFilterOutNonExistingTestResultFiles" storage="/users/ericcarlson/repos/pickles/src/pickles/pickles.commandline.unittests/bin/debug/netcoreapp3.1/picklesdoc.pickles.commandline.unittests.dll" id="d2c0d584-9c1d-862e-90aa-b91d6e3fa4c7">
      <Execution id="a36eabef-3614-4981-bbde-5bf37d3c64b5" />
      <TestMethod codeBase="/Users/ericcarlson/repos/pickles/src/Pickles/Pickles.CommandLine.UnitTests/bin/Debug/netcoreapp3.1/PicklesDoc.Pickles.CommandLine.UnitTests.dll" adapterTypeName="executor://nunit3testexecutor/" className="PicklesDoc.Pickles.CommandLine.UnitTests.WhenParsingCommandLineArguments" name="ThenCanFilterOutNonExistingTestResultFiles" />
    </UnitTest>
    <UnitTest name="ThenNoExceptionIsThrownWhenResultsFileIsDir" storage="/users/ericcarlson/repos/pickles/src/pickles/pickles.commandline.unittests/bin/debug/netcoreapp3.1/picklesdoc.pickles.commandline.unittests.dll" id="eaa4848e-0559-2885-f044-c2a62f5dab86">
      <Execution id="df6f689f-8e42-4ded-9abc-6ec0c768aa23" />
      <TestMethod codeBase="/Users/ericcarlson/repos/pickles/src/Pickles/Pickles.CommandLine.UnitTests/bin/Debug/netcoreapp3.1/PicklesDoc.Pickles.CommandLine.UnitTests.dll" adapterTypeName="executor://nunit3testexecutor/" className="PicklesDoc.Pickles.CommandLine.UnitTests.WhenParsingCommandLineArguments" name="ThenNoExceptionIsThrownWhenResultsFileIsDir" />
    </UnitTest>
    <UnitTest name="ThenCanParseExcelDocumentationFormatWithLongFormSuccessfully" storage="/users/ericcarlson/repos/pickles/src/pickles/pickles.commandline.unittests/bin/debug/netcoreapp3.1/picklesdoc.pickles.commandline.unittests.dll" id="74a89751-e63b-0a42-dc81-231c95fc1332">
      <Execution id="427ae3db-5434-4038-bfc5-a20a24c16921" />
      <TestMethod codeBase="/Users/ericcarlson/repos/pickles/src/Pickles/Pickles.CommandLine.UnitTests/bin/Debug/netcoreapp3.1/PicklesDoc.Pickles.CommandLine.UnitTests.dll" adapterTypeName="executor://nunit3testexecutor/" className="PicklesDoc.Pickles.CommandLine.UnitTests.WhenParsingCommandLineArguments" name="ThenCanParseExcelDocumentationFormatWithLongFormSuccessfully" />
    </UnitTest>
    <UnitTest name="ThenCanParseVersionRequestLongFormSuccessfully" storage="/users/ericcarlson/repos/pickles/src/pickles/pickles.commandline.unittests/bin/debug/netcoreapp3.1/picklesdoc.pickles.commandline.unittests.dll" id="882ba9fb-2b86-6e00-d8dd-78505e2a66a8">
      <Execution id="7c2b679a-097f-4755-801e-7ca84d0d218d" />
      <TestMethod codeBase="/Users/ericcarlson/repos/pickles/src/Pickles/Pickles.CommandLine.UnitTests/bin/Debug/netcoreapp3.1/PicklesDoc.Pickles.CommandLine.UnitTests.dll" adapterTypeName="executor://nunit3testexecutor/" className="PicklesDoc.Pickles.CommandLine.UnitTests.WhenParsingCommandLineArguments" name="ThenCanParseVersionRequestLongFormSuccessfully" />
    </UnitTest>
    <UnitTest name="ThenCanParseResultsFormatWithLongFormSuccessfully(&quot;mstest&quot;,MsTest)" storage="/users/ericcarlson/repos/pickles/src/pickles/pickles.commandline.unittests/bin/debug/netcoreapp3.1/picklesdoc.pickles.commandline.unittests.dll" id="1d892050-5fc4-1870-33c7-728b36a63ba3">
      <Execution id="fd8a00f9-1989-40f1-9d65-c2cfae1c64e3" />
      <TestMethod codeBase="/Users/ericcarlson/repos/pickles/src/Pickles/Pickles.CommandLine.UnitTests/bin/Debug/netcoreapp3.1/PicklesDoc.Pickles.CommandLine.UnitTests.dll" adapterTypeName="executor://nunit3testexecutor/" className="PicklesDoc.Pickles.CommandLine.UnitTests.WhenParsingCommandLineArguments" name="ThenCanParseResultsFormatWithLongFormSuccessfully(&quot;mstest&quot;,MsTest)" />
    </UnitTest>
    <UnitTest name="ThenCanParseResultsFormatWithShortFormSuccessfully(&quot;vstest&quot;,VsTest)" storage="/users/ericcarlson/repos/pickles/src/pickles/pickles.commandline.unittests/bin/debug/netcoreapp3.1/picklesdoc.pickles.commandline.unittests.dll" id="a15b1b2c-b197-9c1b-df07-4ceaf014a074">
      <Execution id="21b0b6c4-214d-45d6-b5b2-b370921a2dfe" />
      <TestMethod codeBase="/Users/ericcarlson/repos/pickles/src/Pickles/Pickles.CommandLine.UnitTests/bin/Debug/netcoreapp3.1/PicklesDoc.Pickles.CommandLine.UnitTests.dll" adapterTypeName="executor://nunit3testexecutor/" className="PicklesDoc.Pickles.CommandLine.UnitTests.WhenParsingCommandLineArguments" name="ThenCanParseResultsFormatWithShortFormSuccessfully(&quot;vstest&quot;,VsTest)" />
    </UnitTest>
    <UnitTest name="ThenCanParseResultsFormatWithShortFormSuccessfully(&quot;xunit&quot;,XUnit)" storage="/users/ericcarlson/repos/pickles/src/pickles/pickles.commandline.unittests/bin/debug/netcoreapp3.1/picklesdoc.pickles.commandline.unittests.dll" id="d897058a-4207-e54a-a3f6-5886bf06dbba">
      <Execution id="ada518cc-1da1-4b2c-8e87-4141baed0302" />
      <TestMethod codeBase="/Users/ericcarlson/repos/pickles/src/Pickles/Pickles.CommandLine.UnitTests/bin/Debug/netcoreapp3.1/PicklesDoc.Pickles.CommandLine.UnitTests.dll" adapterTypeName="executor://nunit3testexecutor/" className="PicklesDoc.Pickles.CommandLine.UnitTests.WhenParsingCommandLineArguments" name="ThenCanParseResultsFormatWithShortFormSuccessfully(&quot;xunit&quot;,XUnit)" />
    </UnitTest>
    <UnitTest name="ThenCanParseHelpRequestWithShortFormSuccessfully" storage="/users/ericcarlson/repos/pickles/src/pickles/pickles.commandline.unittests/bin/debug/netcoreapp3.1/picklesdoc.pickles.commandline.unittests.dll" id="0d69365c-4d30-3f5d-cab9-49069b201831">
      <Execution id="616e9e22-8b77-423d-9c82-72bd07ab0015" />
      <TestMethod codeBase="/Users/ericcarlson/repos/pickles/src/Pickles/Pickles.CommandLine.UnitTests/bin/Debug/netcoreapp3.1/PicklesDoc.Pickles.CommandLine.UnitTests.dll" adapterTypeName="executor://nunit3testexecutor/" className="PicklesDoc.Pickles.CommandLine.UnitTests.WhenParsingCommandLineArguments" name="ThenCanParseHelpRequestWithShortFormSuccessfully" />
    </UnitTest>
    <UnitTest name="ThenCanParseLongFeatureBaseUriSuccessfully" storage="/users/ericcarlson/repos/pickles/src/pickles/pickles.commandline.unittests/bin/debug/netcoreapp3.1/picklesdoc.pickles.commandline.unittests.dll" id="71cdd67d-bb4c-4c14-28d6-e96b31d03990">
      <Execution id="3d84213b-f9bf-44e5-af5e-290f85ad0439" />
      <TestMethod codeBase="/Users/ericcarlson/repos/pickles/src/Pickles/Pickles.CommandLine.UnitTests/bin/Debug/netcoreapp3.1/PicklesDoc.Pickles.CommandLine.UnitTests.dll" adapterTypeName="executor://nunit3testexecutor/" className="PicklesDoc.Pickles.CommandLine.UnitTests.WhenParsingCommandLineArguments" name="ThenCanParseLongFeatureBaseUriSuccessfully" />
    </UnitTest>
    <UnitTest name="ThenCanParseResultsFormatWithShortFormSuccessfully(&quot;mstest&quot;,MsTest)" storage="/users/ericcarlson/repos/pickles/src/pickles/pickles.commandline.unittests/bin/debug/netcoreapp3.1/picklesdoc.pickles.commandline.unittests.dll" id="515a2015-9e64-a8ba-ec33-d67af30ec048">
      <Execution id="ebd1994a-881f-43aa-b52b-26bece1c8393" />
      <TestMethod codeBase="/Users/ericcarlson/repos/pickles/src/Pickles/Pickles.CommandLine.UnitTests/bin/Debug/netcoreapp3.1/PicklesDoc.Pickles.CommandLine.UnitTests.dll" adapterTypeName="executor://nunit3testexecutor/" className="PicklesDoc.Pickles.CommandLine.UnitTests.WhenParsingCommandLineArguments" name="ThenCanParseResultsFormatWithShortFormSuccessfully(&quot;mstest&quot;,MsTest)" />
    </UnitTest>
    <UnitTest name="ThenCanParseHelpRequestWithLongFormSuccessfully" storage="/users/ericcarlson/repos/pickles/src/pickles/pickles.commandline.unittests/bin/debug/netcoreapp3.1/picklesdoc.pickles.commandline.unittests.dll" id="a4fa417d-e95a-7a1f-a1c7-bce00a40345c">
      <Execution id="9a0ff8cd-11d6-4ac1-8b64-23dfe4adfe0b" />
      <TestMethod codeBase="/Users/ericcarlson/repos/pickles/src/Pickles/Pickles.CommandLine.UnitTests/bin/Debug/netcoreapp3.1/PicklesDoc.Pickles.CommandLine.UnitTests.dll" adapterTypeName="executor://nunit3testexecutor/" className="PicklesDoc.Pickles.CommandLine.UnitTests.WhenParsingCommandLineArguments" name="ThenCanParseHelpRequestWithLongFormSuccessfully" />
    </UnitTest>
    <UnitTest name="ThenCanParseShortFormArgumentsSuccessfully" storage="/users/ericcarlson/repos/pickles/src/pickles/pickles.commandline.unittests/bin/debug/netcoreapp3.1/picklesdoc.pickles.commandline.unittests.dll" id="98358d73-9de0-9208-fd20-9082cad2b0e0">
      <Execution id="899da008-6c79-4bc6-aeea-413e52e41046" />
      <TestMethod codeBase="/Users/ericcarlson/repos/pickles/src/Pickles/Pickles.CommandLine.UnitTests/bin/Debug/netcoreapp3.1/PicklesDoc.Pickles.CommandLine.UnitTests.dll" adapterTypeName="executor://nunit3testexecutor/" className="PicklesDoc.Pickles.CommandLine.UnitTests.WhenParsingCommandLineArguments" name="ThenCanParseShortFormArgumentsSuccessfully" />
    </UnitTest>
    <UnitTest name="ThenCanParseResultsFileAsSemicolonSeparatedList" storage="/users/ericcarlson/repos/pickles/src/pickles/pickles.commandline.unittests/bin/debug/netcoreapp3.1/picklesdoc.pickles.commandline.unittests.dll" id="762b97c6-0e84-7701-a4ed-7885e84d9b93">
      <Execution id="6786f889-d9fe-419c-995e-436ceffe9f4c" />
      <TestMethod codeBase="/Users/ericcarlson/repos/pickles/src/Pickles/Pickles.CommandLine.UnitTests/bin/Debug/netcoreapp3.1/PicklesDoc.Pickles.CommandLine.UnitTests.dll" adapterTypeName="executor://nunit3testexecutor/" className="PicklesDoc.Pickles.CommandLine.UnitTests.WhenParsingCommandLineArguments" name="ThenCanParseResultsFileAsSemicolonSeparatedList" />
    </UnitTest>
    <UnitTest name="ThenCanParseMultipleResultsFilesWithWildCard" storage="/users/ericcarlson/repos/pickles/src/pickles/pickles.commandline.unittests/bin/debug/netcoreapp3.1/picklesdoc.pickles.commandline.unittests.dll" id="aa24be5e-cd32-5521-a0c2-016bf869eb6e">
      <Execution id="9cc575b7-e35b-4ea7-951d-fbcc4d586acc" />
      <TestMethod codeBase="/Users/ericcarlson/repos/pickles/src/Pickles/Pickles.CommandLine.UnitTests/bin/Debug/netcoreapp3.1/PicklesDoc.Pickles.CommandLine.UnitTests.dll" adapterTypeName="executor://nunit3testexecutor/" className="PicklesDoc.Pickles.CommandLine.UnitTests.WhenParsingCommandLineArguments" name="ThenCanParseMultipleResultsFilesWithWildCard" />
    </UnitTest>
    <UnitTest name="ThenCanParseResultsFormatWithLongFormSuccessfully(&quot;vstest&quot;,VsTest)" storage="/users/ericcarlson/repos/pickles/src/pickles/pickles.commandline.unittests/bin/debug/netcoreapp3.1/picklesdoc.pickles.commandline.unittests.dll" id="0c141315-43d3-b684-eb68-acfa95ded382">
      <Execution id="31af1f1e-9dec-4915-99e6-c76e5916c39b" />
      <TestMethod codeBase="/Users/ericcarlson/repos/pickles/src/Pickles/Pickles.CommandLine.UnitTests/bin/Debug/netcoreapp3.1/PicklesDoc.Pickles.CommandLine.UnitTests.dll" adapterTypeName="executor://nunit3testexecutor/" className="PicklesDoc.Pickles.CommandLine.UnitTests.WhenParsingCommandLineArguments" name="ThenCanParseResultsFormatWithLongFormSuccessfully(&quot;vstest&quot;,VsTest)" />
    </UnitTest>
    <UnitTest name="ThenCanParseResultsFormatWithLongFormSuccessfully(&quot;xunit&quot;,XUnit)" storage="/users/ericcarlson/repos/pickles/src/pickles/pickles.commandline.unittests/bin/debug/netcoreapp3.1/picklesdoc.pickles.commandline.unittests.dll" id="4eb22d04-3e24-cc5d-6bfc-45857e8a3902">
      <Execution id="153a589b-9584-4b51-8211-1597196aeb13" />
      <TestMethod codeBase="/Users/ericcarlson/repos/pickles/src/Pickles/Pickles.CommandLine.UnitTests/bin/Debug/netcoreapp3.1/PicklesDoc.Pickles.CommandLine.UnitTests.dll" adapterTypeName="executor://nunit3testexecutor/" className="PicklesDoc.Pickles.CommandLine.UnitTests.WhenParsingCommandLineArguments" name="ThenCanParseResultsFormatWithLongFormSuccessfully(&quot;xunit&quot;,XUnit)" />
    </UnitTest>
    <UnitTest name="ThenCanParseMultipleResultsFilesWithWildCardsAndSemicolonWhenSomeHaveNoMatch" storage="/users/ericcarlson/repos/pickles/src/pickles/pickles.commandline.unittests/bin/debug/netcoreapp3.1/picklesdoc.pickles.commandline.unittests.dll" id="fc58252f-e76b-39d9-6323-de78122c7066">
      <Execution id="8495c3c2-6037-4c06-a926-8c1e177f3b1f" />
      <TestMethod codeBase="/Users/ericcarlson/repos/pickles/src/Pickles/Pickles.CommandLine.UnitTests/bin/Debug/netcoreapp3.1/PicklesDoc.Pickles.CommandLine.UnitTests.dll" adapterTypeName="executor://nunit3testexecutor/" className="PicklesDoc.Pickles.CommandLine.UnitTests.WhenParsingCommandLineArguments" name="ThenCanParseMultipleResultsFilesWithWildCardsAndSemicolonWhenSomeHaveNoMatch" />
    </UnitTest>
    <UnitTest name="ThenCanParseResultsFormatWithLongFormSuccessfully(&quot;specrun&quot;,SpecRun)" storage="/users/ericcarlson/repos/pickles/src/pickles/pickles.commandline.unittests/bin/debug/netcoreapp3.1/picklesdoc.pickles.commandline.unittests.dll" id="0dd479fe-4c5f-bf74-a09b-43464ada53bd">
      <Execution id="5b31f6f1-234c-4375-9549-70a2c189c8dc" />
      <TestMethod codeBase="/Users/ericcarlson/repos/pickles/src/Pickles/Pickles.CommandLine.UnitTests/bin/Debug/netcoreapp3.1/PicklesDoc.Pickles.CommandLine.UnitTests.dll" adapterTypeName="executor://nunit3testexecutor/" className="PicklesDoc.Pickles.CommandLine.UnitTests.WhenParsingCommandLineArguments" name="ThenCanParseResultsFormatWithLongFormSuccessfully(&quot;specrun&quot;,SpecRun)" />
    </UnitTest>
  </TestDefinitions>
  <TestEntries>
    <TestEntry testId="d59b29a7-7ca5-9d6f-00d5-a094c1d51ee9" executionId="068945c6-de9c-4409-a7fa-3e992610b7a0" testListId="8c84fa94-04c1-424b-9868-57a2d4851a1d" />
    <TestEntry testId="f4f1cc4a-df08-6e29-9d02-c2cb8938f99a" executionId="e191bca0-e2cb-4e03-9335-e394eba5acbe" testListId="8c84fa94-04c1-424b-9868-57a2d4851a1d" />
    <TestEntry testId="a9022e46-69d3-4225-7e9f-d450c40b211a" executionId="85523eb4-f3c7-4d48-9186-c28cad0f8082" testListId="8c84fa94-04c1-424b-9868-57a2d4851a1d" />
    <TestEntry testId="d519a718-a5af-b718-0d02-3651b1e50e25" executionId="165eae76-abc8-4a1b-916a-acb905c194df" testListId="8c84fa94-04c1-424b-9868-57a2d4851a1d" />
    <TestEntry testId="8a6da681-14e9-3512-521e-22acb0ced795" executionId="39a2bb3e-458c-413e-b7d4-ac7b29402865" testListId="8c84fa94-04c1-424b-9868-57a2d4851a1d" />
    <TestEntry testId="1f593c2d-08ac-eb3f-ea26-17c56e86051c" executionId="861da065-9161-4346-8803-8050c9d869b8" testListId="8c84fa94-04c1-424b-9868-57a2d4851a1d" />
    <TestEntry testId="2c5e222a-1647-8409-7866-5ad600a37681" executionId="5ac78a75-4f25-4e42-bf7a-ff47f272d2e7" testListId="8c84fa94-04c1-424b-9868-57a2d4851a1d" />
    <TestEntry testId="ddd1faaa-8474-bed3-663a-443138340384" executionId="8f82dc56-86c0-4a85-81fa-2e182f35e77e" testListId="8c84fa94-04c1-424b-9868-57a2d4851a1d" />
    <TestEntry testId="d897058a-4207-e54a-a3f6-5886bf06dbba" executionId="ada518cc-1da1-4b2c-8e87-4141baed0302" testListId="8c84fa94-04c1-424b-9868-57a2d4851a1d" />
    <TestEntry testId="a15b1b2c-b197-9c1b-df07-4ceaf014a074" executionId="21b0b6c4-214d-45d6-b5b2-b370921a2dfe" testListId="8c84fa94-04c1-424b-9868-57a2d4851a1d" />
    <TestEntry testId="98358d73-9de0-9208-fd20-9082cad2b0e0" executionId="899da008-6c79-4bc6-aeea-413e52e41046" testListId="8c84fa94-04c1-424b-9868-57a2d4851a1d" />
    <TestEntry testId="e78a84d4-a81c-205e-6754-5d999ade48f8" executionId="1a5eb07e-4f41-41c7-940e-575f722855f7" testListId="8c84fa94-04c1-424b-9868-57a2d4851a1d" />
    <TestEntry testId="a4fa417d-e95a-7a1f-a1c7-bce00a40345c" executionId="9a0ff8cd-11d6-4ac1-8b64-23dfe4adfe0b" testListId="8c84fa94-04c1-424b-9868-57a2d4851a1d" />
    <TestEntry testId="4eb22d04-3e24-cc5d-6bfc-45857e8a3902" executionId="153a589b-9584-4b51-8211-1597196aeb13" testListId="8c84fa94-04c1-424b-9868-57a2d4851a1d" />
    <TestEntry testId="8e1263c8-41c8-6a86-58fa-1165bc338df7" executionId="d513b4eb-5193-45a4-b005-8cf06d723a45" testListId="8c84fa94-04c1-424b-9868-57a2d4851a1d" />
    <TestEntry testId="6db80d44-6cb8-8e13-b69b-abf2d5a5486f" executionId="1889a534-7b04-4d5b-90cc-fe808037dbe0" testListId="8c84fa94-04c1-424b-9868-57a2d4851a1d" />
    <TestEntry testId="71cdd67d-bb4c-4c14-28d6-e96b31d03990" executionId="3d84213b-f9bf-44e5-af5e-290f85ad0439" testListId="8c84fa94-04c1-424b-9868-57a2d4851a1d" />
    <TestEntry testId="fc58252f-e76b-39d9-6323-de78122c7066" executionId="8495c3c2-6037-4c06-a926-8c1e177f3b1f" testListId="8c84fa94-04c1-424b-9868-57a2d4851a1d" />
    <TestEntry testId="bf2e9fb1-5599-d2c0-6e19-a6a1dcbc1deb" executionId="a9ee32a1-27c5-4c62-967c-ee2b3d7f1668" testListId="8c84fa94-04c1-424b-9868-57a2d4851a1d" />
    <TestEntry testId="0c141315-43d3-b684-eb68-acfa95ded382" executionId="31af1f1e-9dec-4915-99e6-c76e5916c39b" testListId="8c84fa94-04c1-424b-9868-57a2d4851a1d" />
    <TestEntry testId="4339dc42-b5d9-a7f8-6c7c-3fbef918e3cc" executionId="66fd8247-2d14-4380-b52f-727e26a407c2" testListId="8c84fa94-04c1-424b-9868-57a2d4851a1d" />
    <TestEntry testId="0d69365c-4d30-3f5d-cab9-49069b201831" executionId="616e9e22-8b77-423d-9c82-72bd07ab0015" testListId="8c84fa94-04c1-424b-9868-57a2d4851a1d" />
    <TestEntry testId="f22fa231-8de3-a216-58e1-8a185fe39b3a" executionId="e32d7dcd-7323-4baa-810d-991ae2b47d76" testListId="8c84fa94-04c1-424b-9868-57a2d4851a1d" />
    <TestEntry testId="882ba9fb-2b86-6e00-d8dd-78505e2a66a8" executionId="7c2b679a-097f-4755-801e-7ca84d0d218d" testListId="8c84fa94-04c1-424b-9868-57a2d4851a1d" />
    <TestEntry testId="4bf32c86-223f-197e-0dfd-ab5347605437" executionId="5da0d163-6909-4cca-925e-92aa6ac74577" testListId="8c84fa94-04c1-424b-9868-57a2d4851a1d" />
    <TestEntry testId="eaa4848e-0559-2885-f044-c2a62f5dab86" executionId="df6f689f-8e42-4ded-9abc-6ec0c768aa23" testListId="8c84fa94-04c1-424b-9868-57a2d4851a1d" />
    <TestEntry testId="1cc8f4ed-5df6-59e2-d4e5-7d9bd151e558" executionId="b6d02395-b5b7-4fc2-82d4-1618d54b8720" testListId="8c84fa94-04c1-424b-9868-57a2d4851a1d" />
    <TestEntry testId="f31b08c7-de79-cc6d-4377-211c81bf0669" executionId="dd8bcf68-d072-479c-9844-d15c513f7233" testListId="8c84fa94-04c1-424b-9868-57a2d4851a1d" />
    <TestEntry testId="515a2015-9e64-a8ba-ec33-d67af30ec048" executionId="ebd1994a-881f-43aa-b52b-26bece1c8393" testListId="8c84fa94-04c1-424b-9868-57a2d4851a1d" />
    <TestEntry testId="9b95c832-12a1-dd0c-d813-9b9c55bc5be7" executionId="ec7be9e9-0fb0-4d4c-be29-98c9e0323519" testListId="8c84fa94-04c1-424b-9868-57a2d4851a1d" />
    <TestEntry testId="4be5947a-f14c-036a-2ea3-643296d9d2ba" executionId="dbf7ceb3-0f10-4481-8cb6-55b378741a0e" testListId="8c84fa94-04c1-424b-9868-57a2d4851a1d" />
    <TestEntry testId="c63d1051-ceeb-8f03-98f3-b5dc3d4afad0" executionId="0d701699-d397-4764-ac72-9342bb4cc243" testListId="8c84fa94-04c1-424b-9868-57a2d4851a1d" />
    <TestEntry testId="ac913a0e-9c8f-ad8b-7a90-e4ee62368cd3" executionId="88096ded-7f65-4968-ab0c-8b3e42c25970" testListId="8c84fa94-04c1-424b-9868-57a2d4851a1d" />
    <TestEntry testId="02744fa5-6fa9-9771-a99c-b02de44495ff" executionId="4f0a0d48-a3d8-4439-927b-84953ff07808" testListId="8c84fa94-04c1-424b-9868-57a2d4851a1d" />
    <TestEntry testId="d2c0d584-9c1d-862e-90aa-b91d6e3fa4c7" executionId="a36eabef-3614-4981-bbde-5bf37d3c64b5" testListId="8c84fa94-04c1-424b-9868-57a2d4851a1d" />
    <TestEntry testId="9660de6c-eec3-3258-2e8c-1f12b2daa4ae" executionId="fdfe9750-7105-4c0e-ad77-6df9b36e076c" testListId="8c84fa94-04c1-424b-9868-57a2d4851a1d" />
    <TestEntry testId="3dd8862b-c173-46d6-efda-e3708fc7883e" executionId="1fd7da56-cf15-43ad-95af-3b88c2056750" testListId="8c84fa94-04c1-424b-9868-57a2d4851a1d" />
    <TestEntry testId="4c0d74ee-a4a4-0155-6f3c-7f63d1173421" executionId="b09971f7-bff4-425f-8812-daf6035e0435" testListId="8c84fa94-04c1-424b-9868-57a2d4851a1d" />
    <TestEntry testId="aa24be5e-cd32-5521-a0c2-016bf869eb6e" executionId="9cc575b7-e35b-4ea7-951d-fbcc4d586acc" testListId="8c84fa94-04c1-424b-9868-57a2d4851a1d" />
    <TestEntry testId="6c6fa077-38de-29df-ea1d-0e7127f24864" executionId="f6357890-0f37-487b-8393-831723e0a396" testListId="8c84fa94-04c1-424b-9868-57a2d4851a1d" />
    <TestEntry testId="0dd479fe-4c5f-bf74-a09b-43464ada53bd" executionId="5b31f6f1-234c-4375-9549-70a2c189c8dc" testListId="8c84fa94-04c1-424b-9868-57a2d4851a1d" />
    <TestEntry testId="762b97c6-0e84-7701-a4ed-7885e84d9b93" executionId="6786f889-d9fe-419c-995e-436ceffe9f4c" testListId="8c84fa94-04c1-424b-9868-57a2d4851a1d" />
    <TestEntry testId="4f90bc03-9c22-3cb6-996f-0ead2a3ac7ae" executionId="a8611af8-ca97-497d-9cef-7e31cff62ba7" testListId="8c84fa94-04c1-424b-9868-57a2d4851a1d" />
    <TestEntry testId="22d85d4c-6dbb-10ab-b5a3-f3269d2438c6" executionId="ec22923b-5c30-4941-862b-1c569f4b6ea3" testListId="8c84fa94-04c1-424b-9868-57a2d4851a1d" />
    <TestEntry testId="68c5df64-32c1-5ede-f890-4d40dd8a8c9f" executionId="aa5bef31-4af6-4bba-abd9-d80e55a081a4" testListId="8c84fa94-04c1-424b-9868-57a2d4851a1d" />
    <TestEntry testId="1d892050-5fc4-1870-33c7-728b36a63ba3" executionId="fd8a00f9-1989-40f1-9d65-c2cfae1c64e3" testListId="8c84fa94-04c1-424b-9868-57a2d4851a1d" />
    <TestEntry testId="74a89751-e63b-0a42-dc81-231c95fc1332" executionId="427ae3db-5434-4038-bfc5-a20a24c16921" testListId="8c84fa94-04c1-424b-9868-57a2d4851a1d" />
    <TestEntry testId="8df7f7c3-2a09-e5a9-4b22-1b2fdcd78402" executionId="a186716f-bfd2-424f-a180-2a239f6ca09d" testListId="8c84fa94-04c1-424b-9868-57a2d4851a1d" />
  </TestEntries>
  <TestLists>
    <TestList name="Results Not in a List" id="8c84fa94-04c1-424b-9868-57a2d4851a1d" />
    <TestList name="All Loaded Results" id="19431567-8539-422a-85d7-44ee4e166bda" />
  </TestLists>
  <ResultSummary outcome="Completed">
    <Counters total="48" executed="48" passed="48" failed="0" error="0" timeout="0" aborted="0" inconclusive="0" passedButRunAborted="0" notRunnable="0" notExecuted="0" disconnected="0" warning="0" completed="0" inProgress="0" pending="0" />
    <Output>
      <StdOut>NUnit Adapter 3.17.0.0: Test execution started
Running all tests in /Users/ericcarlson/repos/pickles/src/Pickles/Pickles.CommandLine.UnitTests/bin/Debug/netcoreapp3.1/PicklesDoc.Pickles.CommandLine.UnitTests.dll
   NUnit3TestExecutor discovered 48 of 48 NUnit test cases
NUnit Adapter 3.17.0.0: Test execution complete
</StdOut>
    </Output>
  </ResultSummary>
</TestRun>