<?xml version="1.0" encoding="utf-8"?>
<TestRun id="eae88c06-0f8e-488d-a845-8e08313c469f" name="@Erics-MBP 2021-10-04 17:15:01" xmlns="http://microsoft.com/schemas/VisualStudio/TeamTest/2010">
  <Times creation="2021-10-04T17:15:01.9455440-04:00" queuing="2021-10-04T17:15:01.9455440-04:00" start="2021-10-04T17:14:59.3302850-04:00" finish="2021-10-04T17:15:04.9408520-04:00" />
  <TestSettings name="default" id="def81a7c-e8c1-4194-a24f-fc02722009f7">
    <Deployment runDeploymentRoot="_Erics-MBP_2021-10-04_17_15_01" />
  </TestSettings>
  <Results>
    <UnitTestResult executionId="d5a137fe-85e0-4fd9-90ef-4ec048832525" testId="c50cc28e-ba3b-5d96-dbce-01f62e4d3c72" testName="ThenCanReadResultOfScenarioOutlineWithUmlauts" computerName="Erics-MBP" duration="00:00:00.0036110" startTime="2021-10-04T17:15:04.1703350-04:00" endTime="2021-10-04T17:15:04.1739450-04:00" testType="13cdc9d9-ddb5-4fa4-a97d-d965ccfc6d4b" outcome="Passed" testListId="8c84fa94-04c1-424b-9868-57a2d4851a1d" relativeResultsDirectory="d5a137fe-85e0-4fd9-90ef-4ec048832525" />
    <UnitTestResult executionId="b0740260-abeb-4feb-9a83-d773f8c94780" testId="c878e9ba-46bf-00b5-a8be-a988ac37f973" testName="ThenCanReadFeatureResultSuccessfully" computerName="Erics-MBP" duration="00:00:00.0083270" startTime="2021-10-04T17:15:02.9569520-04:00" endTime="2021-10-04T17:15:02.9652790-04:00" testType="13cdc9d9-ddb5-4fa4-a97d-d965ccfc6d4b" outcome="Passed" testListId="8c84fa94-04c1-424b-9868-57a2d4851a1d" relativeResultsDirectory="b0740260-abeb-4feb-9a83-d773f8c94780" />
    <UnitTestResult executionId="d8ac9317-8f3a-4d41-a7c7-3b2e6b997cf4" testId="06a88817-6ff8-d8d0-0cd7-9f4aa269e975" testName="ThenCanReadSuccessfulScenarioResultSuccessfully" computerName="Erics-MBP" duration="00:00:00.0053650" startTime="2021-10-04T17:15:03.3358350-04:00" endTime="2021-10-04T17:15:03.3412000-04:00" testType="13cdc9d9-ddb5-4fa4-a97d-d965ccfc6d4b" outcome="Passed" testListId="8c84fa94-04c1-424b-9868-57a2d4851a1d" relativeResultsDirectory="d8ac9317-8f3a-4d41-a7c7-3b2e6b997cf4" />
    <UnitTestResult executionId="f6646e41-2fe4-4c79-9d44-c5e3446fec32" testId="3f5c3338-429f-c1bb-e1a8-d8bab8ab3016" testName="ThenCanReadResultOfFeatureWithFailingBackground" computerName="Erics-MBP" duration="00:00:00.0031350" startTime="2021-10-04T17:15:03.2748980-04:00" endTime="2021-10-04T17:15:03.2780340-04:00" testType="13cdc9d9-ddb5-4fa4-a97d-d965ccfc6d4b" outcome="Passed" testListId="8c84fa94-04c1-424b-9868-57a2d4851a1d" relativeResultsDirectory="f6646e41-2fe4-4c79-9d44-c5e3446fec32" />
    <UnitTestResult executionId="74426011-e23c-47a4-87aa-5b6e084a35b4" testId="ec063bfd-14dd-1deb-4fd4-311c75309607" testName="ThenCanReadInconclusiveFeatureResultSuccessfully" computerName="Erics-MBP" duration="00:00:00.0241019" startTime="2021-10-04T17:15:02.5540180-04:00" endTime="2021-10-04T17:15:02.5781190-04:00" testType="13cdc9d9-ddb5-4fa4-a97d-d965ccfc6d4b" outcome="Passed" testListId="8c84fa94-04c1-424b-9868-57a2d4851a1d" relativeResultsDirectory="74426011-e23c-47a4-87aa-5b6e084a35b4" />
    <UnitTestResult executionId="27154176-efb6-4260-9542-13d69a6a0e04" testId="3363618d-ba10-7be9-e717-ba2f8beb1f14" testName="ThenCanReadBackgroundResultSuccessfully" computerName="Erics-MBP" duration="00:00:00.0061930" startTime="2021-10-04T17:15:03.6782960-04:00" endTime="2021-10-04T17:15:03.6844880-04:00" testType="13cdc9d9-ddb5-4fa4-a97d-d965ccfc6d4b" outcome="Passed" testListId="8c84fa94-04c1-424b-9868-57a2d4851a1d" relativeResultsDirectory="27154176-efb6-4260-9542-13d69a6a0e04" />
    <UnitTestResult executionId="2d5dff11-39e9-4b99-acd0-3b0a892d9a6a" testId="87211bb6-e48e-1d49-fcdf-06cad7d36de4" testName="ThenCanReadIndividualResultsFromScenarioOutline_MultipleExampleSections_ShouldBeTestResultFailed" computerName="Erics-MBP" duration="00:00:00.0089500" startTime="2021-10-04T17:15:04.2260930-04:00" endTime="2021-10-04T17:15:04.2350430-04:00" testType="13cdc9d9-ddb5-4fa4-a97d-d965ccfc6d4b" outcome="Passed" testListId="8c84fa94-04c1-424b-9868-57a2d4851a1d" relativeResultsDirectory="2d5dff11-39e9-4b99-acd0-3b0a892d9a6a" />
    <UnitTestResult executionId="a3fe8b23-5e97-4e90-97e9-fb8b3248e038" testId="e1734028-fada-4af3-8a5c-ef092b76d644" testName="ThenCanReadResultOfScenarioWithDanishCharacters" computerName="Erics-MBP" duration="00:00:00.0041760" startTime="2021-10-04T17:15:03.7907210-04:00" endTime="2021-10-04T17:15:03.7948970-04:00" testType="13cdc9d9-ddb5-4fa4-a97d-d965ccfc6d4b" outcome="Passed" testListId="8c84fa94-04c1-424b-9868-57a2d4851a1d" relativeResultsDirectory="a3fe8b23-5e97-4e90-97e9-fb8b3248e038" />
    <UnitTestResult executionId="a60f4d23-18be-447c-b20b-995eabbc9721" testId="9e40b804-42b0-5011-3b04-cc25d4d70de0" testName="ThenCanReadResultsWithParenthesis" computerName="Erics-MBP" duration="00:00:00.0051610" startTime="2021-10-04T17:15:02.3502360-04:00" endTime="2021-10-04T17:15:02.3553970-04:00" testType="13cdc9d9-ddb5-4fa4-a97d-d965ccfc6d4b" outcome="Passed" testListId="8c84fa94-04c1-424b-9868-57a2d4851a1d" relativeResultsDirectory="a60f4d23-18be-447c-b20b-995eabbc9721" />
    <UnitTestResult executionId="a565b296-e0c0-40da-8cd2-c2f38dd15c0e" testId="95936557-3c3b-a0be-ca02-74d60844464c" testName="ThenCanReadIndividualResultsFromScenarioOutline_ExamplesWithDuplicateValues_ShouldMatchExamples" computerName="Erics-MBP" duration="00:00:00.0073060" startTime="2021-10-04T17:15:02.8248770-04:00" endTime="2021-10-04T17:15:02.8321830-04:00" testType="13cdc9d9-ddb5-4fa4-a97d-d965ccfc6d4b" outcome="Passed" testListId="8c84fa94-04c1-424b-9868-57a2d4851a1d" relativeResultsDirectory="a565b296-e0c0-40da-8cd2-c2f38dd15c0e" />
    <UnitTestResult executionId="57a906c6-2de2-4c10-942e-9d8e65cc08a5" testId="8f694c62-d589-ac54-3491-78ce2e9f9173" testName="GetScenarioOutlineResult_OnePassingOneFailing_ReturnsFailed" computerName="Erics-MBP" duration="00:00:00.0041020" startTime="2021-10-04T17:15:03.5783360-04:00" endTime="2021-10-04T17:15:03.5824380-04:00" testType="13cdc9d9-ddb5-4fa4-a97d-d965ccfc6d4b" outcome="Passed" testListId="8c84fa94-04c1-424b-9868-57a2d4851a1d" relativeResultsDirectory="57a906c6-2de2-4c10-942e-9d8e65cc08a5" />
    <UnitTestResult executionId="df6cee2a-0e55-4048-b417-c51eefd5ef07" testId="2bc825b9-9d72-ab78-dc57-730a6f14b2c6" testName="ThenCanReadInconclusiveScenarioResultSuccessfully" computerName="Erics-MBP" duration="00:00:00.0017290" startTime="2021-10-04T17:15:03.5996610-04:00" endTime="2021-10-04T17:15:03.6013900-04:00" testType="13cdc9d9-ddb5-4fa4-a97d-d965ccfc6d4b" outcome="Passed" testListId="8c84fa94-04c1-424b-9868-57a2d4851a1d" relativeResultsDirectory="df6cee2a-0e55-4048-b417-c51eefd5ef07" />
    <UnitTestResult executionId="e99ae8f7-85ad-424f-8698-64b7f92b8e04" testId="38e54b38-917c-5b2b-c952-bdf2eaa51d0c" testName="ThenCanResolveAsSingleton(&quot;results-example-mstest.trx&quot;,&quot;MsTest.results-example-mstest.trx&quot;,MsTest,PicklesDoc.Pickles.TestFrameworks.MsTest.MsTestResults)" computerName="Erics-MBP" duration="00:00:00.0034620" startTime="2021-10-04T17:15:04.0829160-04:00" endTime="2021-10-04T17:15:04.0863780-04:00" testType="13cdc9d9-ddb5-4fa4-a97d-d965ccfc6d4b" outcome="Passed" testListId="8c84fa94-04c1-424b-9868-57a2d4851a1d" relativeResultsDirectory="e99ae8f7-85ad-424f-8698-64b7f92b8e04" />
    <UnitTestResult executionId="9f0a4f66-ac14-4f89-8008-84b9f48f512f" testId="0377b2ee-902b-c8d6-74bf-d614453dc1d9" testName="ThenCanReadResultOfScenarioOutlineWithUmlauts" computerName="Erics-MBP" duration="00:00:00.0051350" startTime="2021-10-04T17:15:01.8428500-04:00" endTime="2021-10-04T17:15:01.8479840-04:00" testType="13cdc9d9-ddb5-4fa4-a97d-d965ccfc6d4b" outcome="Passed" testListId="8c84fa94-04c1-424b-9868-57a2d4851a1d" relativeResultsDirectory="9f0a4f66-ac14-4f89-8008-84b9f48f512f" />
    <UnitTestResult executionId="14e985bc-a0fc-4a55-b043-16f0be4d7cc7" testId="6d53e524-577b-617b-04c0-cc99f9396f86" testName="ThenCanReadFailedScenarioResultSuccessfully" computerName="Erics-MBP" duration="00:00:00.0016850" startTime="2021-10-04T17:15:03.5930110-04:00" endTime="2021-10-04T17:15:03.5946950-04:00" testType="13cdc9d9-ddb5-4fa4-a97d-d965ccfc6d4b" outcome="Passed" testListId="8c84fa94-04c1-424b-9868-57a2d4851a1d" relativeResultsDirectory="14e985bc-a0fc-4a55-b043-16f0be4d7cc7" />
    <UnitTestResult executionId="d56bd0c7-243f-475a-a808-ff6c239481dc" testId="5c950b01-6cc7-ac13-30ea-969ec9b73be8" testName="ThenCanSuccessfullyMatch" computerName="Erics-MBP" duration="00:00:00.0112820" startTime="2021-10-04T17:15:02.9390910-04:00" endTime="2021-10-04T17:15:02.9503750-04:00" testType="13cdc9d9-ddb5-4fa4-a97d-d965ccfc6d4b" outcome="Passed" testListId="8c84fa94-04c1-424b-9868-57a2d4851a1d" relativeResultsDirectory="d56bd0c7-243f-475a-a808-ff6c239481dc" />
    <UnitTestResult executionId="0bd040f6-4d18-453a-b3e8-f24007fed2ab" testId="bf8a77e3-2a8b-534e-97d8-864c929c5c23" testName="ThenCanReadIndividualResultsFromScenarioOutline_OneInconclusive_ShouldBeTestResultInconclusive" computerName="Erics-MBP" duration="00:00:00.0075860" startTime="2021-10-04T17:15:03.9405410-04:00" endTime="2021-10-04T17:15:03.9481270-04:00" testType="13cdc9d9-ddb5-4fa4-a97d-d965ccfc6d4b" outcome="Passed" testListId="8c84fa94-04c1-424b-9868-57a2d4851a1d" relativeResultsDirectory="0bd040f6-4d18-453a-b3e8-f24007fed2ab" />
    <UnitTestResult executionId="d507dcff-a0c3-4596-9b58-6ed7bbd02e22" testId="7003fa29-5d8b-f503-a549-5fe616789c37" testName="RegularExpressionAsExampleContentMatches_With_Curly_Braces" computerName="Erics-MBP" duration="00:00:00.0010700" startTime="2021-10-04T17:15:04.2550300-04:00" endTime="2021-10-04T17:15:04.2561000-04:00" testType="13cdc9d9-ddb5-4fa4-a97d-d965ccfc6d4b" outcome="Passed" testListId="8c84fa94-04c1-424b-9868-57a2d4851a1d" relativeResultsDirectory="d507dcff-a0c3-4596-9b58-6ed7bbd02e22" />
    <UnitTestResult executionId="7228d873-01ee-45c0-9b03-b293ff758c65" testId="349afda0-a849-d994-1cb5-43ab74afdf0c" testName="ThenCanReadIndividualResultsFromScenarioOutline_AllPass_ShouldBeTestResultPassed" computerName="Erics-MBP" duration="00:00:00.0031670" startTime="2021-10-04T17:15:03.0865880-04:00" endTime="2021-10-04T17:15:03.0897550-04:00" testType="13cdc9d9-ddb5-4fa4-a97d-d965ccfc6d4b" outcome="Passed" testListId="8c84fa94-04c1-424b-9868-57a2d4851a1d" relativeResultsDirectory="7228d873-01ee-45c0-9b03-b293ff758c65" />
    <UnitTestResult executionId="0a494d50-4157-4d45-a36f-12782b89764c" testId="0490562c-80e0-39a9-2279-32a1d1908d6e" testName="ThenCanReadExamplesWithRegexValuesFromScenarioOutline_ShouldBeTestResultPassed" computerName="Erics-MBP" duration="00:00:00.0037160" startTime="2021-10-04T17:15:03.0827910-04:00" endTime="2021-10-04T17:15:03.0865070-04:00" testType="13cdc9d9-ddb5-4fa4-a97d-d965ccfc6d4b" outcome="Passed" testListId="8c84fa94-04c1-424b-9868-57a2d4851a1d" relativeResultsDirectory="0a494d50-4157-4d45-a36f-12782b89764c" />
    <UnitTestResult executionId="333213e0-e356-476f-9be6-b5f42441f8c4" testId="d7f6d945-38ba-f308-695a-8462453f5d48" testName="ThenCanReadIndividualResultsFromScenarioOutline_MultipleNamedExamplesWithDuplicateValues_ShouldMatchExamples" computerName="Erics-MBP" duration="00:00:00.0078990" startTime="2021-10-04T17:15:02.0306540-04:00" endTime="2021-10-04T17:15:02.0385510-04:00" testType="13cdc9d9-ddb5-4fa4-a97d-d965ccfc6d4b" outcome="Passed" testListId="8c84fa94-04c1-424b-9868-57a2d4851a1d" relativeResultsDirectory="333213e0-e356-476f-9be6-b5f42441f8c4" />
    <UnitTestResult executionId="5240b9c6-faef-465b-8b52-c6f0723ea58a" testId="0586ee37-1679-40ac-d62d-77bb3679488e" testName="ThenCanReadIndividualResultsFromScenarioOutline_OneFailed_ShouldBeTestResultFailed" computerName="Erics-MBP" duration="00:00:00.0026850" startTime="2021-10-04T17:15:04.2447950-04:00" endTime="2021-10-04T17:15:04.2474800-04:00" testType="13cdc9d9-ddb5-4fa4-a97d-d965ccfc6d4b" outcome="Passed" testListId="8c84fa94-04c1-424b-9868-57a2d4851a1d" relativeResultsDirectory="5240b9c6-faef-465b-8b52-c6f0723ea58a" />
    <UnitTestResult executionId="f8fe1657-d21f-4cb1-9cb5-034327dd64d3" testId="108c2052-fc39-fc7d-462e-5ca8813e0e6a" testName="ThenCanReadResultOfScenarioWithSpecialCharacters" computerName="Erics-MBP" duration="00:00:00.0028019" startTime="2021-10-04T17:15:03.0511150-04:00" endTime="2021-10-04T17:15:03.0539160-04:00" testType="13cdc9d9-ddb5-4fa4-a97d-d965ccfc6d4b" outcome="Passed" testListId="8c84fa94-04c1-424b-9868-57a2d4851a1d" relativeResultsDirectory="f8fe1657-d21f-4cb1-9cb5-034327dd64d3" />
    <UnitTestResult executionId="bd73389e-1448-4300-8d9b-9115ab360739" testId="452e3d33-0c18-0604-61d2-e49750ee89e5" testName="ThenCanResolve(null,null,null,PicklesDoc.Pickles.TestFrameworks.NullTestResults)" computerName="Erics-MBP" duration="00:00:00.0072010" startTime="2021-10-04T17:15:03.9525900-04:00" endTime="2021-10-04T17:15:03.9597890-04:00" testType="13cdc9d9-ddb5-4fa4-a97d-d965ccfc6d4b" outcome="Passed" testListId="8c84fa94-04c1-424b-9868-57a2d4851a1d" relativeResultsDirectory="bd73389e-1448-4300-8d9b-9115ab360739" />
    <UnitTestResult executionId="027d4ed7-93f4-45cd-a1ea-b81b0b29d803" testId="7efd0b0b-8ee2-d5e8-47e2-5ba5eebb44d2" testName="ThenCanReadFeatureResultSuccessfully" computerName="Erics-MBP" duration="00:00:00.0079680" startTime="2021-10-04T17:15:04.1291270-04:00" endTime="2021-10-04T17:15:04.1370950-04:00" testType="13cdc9d9-ddb5-4fa4-a97d-d965ccfc6d4b" outcome="Passed" testListId="8c84fa94-04c1-424b-9868-57a2d4851a1d" relativeResultsDirectory="027d4ed7-93f4-45cd-a1ea-b81b0b29d803" />
    <UnitTestResult executionId="a16fa020-8647-4cb4-b8df-648d94644527" testId="cf93dd1e-782f-a497-0561-e7df285ec6b5" testName="ThenCanReadExamplesWithRegexValuesFromScenarioOutline_ShouldBeTestResultPassed" computerName="Erics-MBP" duration="00:00:00.1094020" startTime="2021-10-04T17:15:04.3549190-04:00" endTime="2021-10-04T17:15:04.4643210-04:00" testType="13cdc9d9-ddb5-4fa4-a97d-d965ccfc6d4b" outcome="Passed" testListId="8c84fa94-04c1-424b-9868-57a2d4851a1d" relativeResultsDirectory="a16fa020-8647-4cb4-b8df-648d94644527" />
    <UnitTestResult executionId="194b79e4-afa8-4baa-ac44-9757c0d21ac2" testId="086f68bd-b3fd-894f-d1fe-0dbb71a51984" testName="ThenCanReadNotFoundScenarioCorrectly" computerName="Erics-MBP" duration="00:00:00.0020720" startTime="2021-10-04T17:15:04.1424820-04:00" endTime="2021-10-04T17:15:04.1445540-04:00" testType="13cdc9d9-ddb5-4fa4-a97d-d965ccfc6d4b" outcome="Passed" testListId="8c84fa94-04c1-424b-9868-57a2d4851a1d" relativeResultsDirectory="194b79e4-afa8-4baa-ac44-9757c0d21ac2" />
    <UnitTestResult executionId="e804255c-15f3-4947-983c-7cd06c788ce1" testId="128b2e33-c1df-6a98-010e-1414bed50de5" testName="ThenCanReadSuccessfulScenarioResultSuccessfully" computerName="Erics-MBP" duration="00:00:00.0062850" startTime="2021-10-04T17:15:01.9349620-04:00" endTime="2021-10-04T17:15:01.9412470-04:00" testType="13cdc9d9-ddb5-4fa4-a97d-d965ccfc6d4b" outcome="Passed" testListId="8c84fa94-04c1-424b-9868-57a2d4851a1d" relativeResultsDirectory="e804255c-15f3-4947-983c-7cd06c788ce1" />
    <UnitTestResult executionId="d911c058-a096-41e6-a503-d8759b8cd373" testId="8859dd67-9eea-687f-ff9c-c8608298b7a0" testName="ThenCanReadIgnoredScenarioResultSuccessfully" computerName="Erics-MBP" duration="00:00:00.0039899" startTime="2021-10-04T17:15:02.9863830-04:00" endTime="2021-10-04T17:15:02.9903730-04:00" testType="13cdc9d9-ddb5-4fa4-a97d-d965ccfc6d4b" outcome="Passed" testListId="8c84fa94-04c1-424b-9868-57a2d4851a1d" relativeResultsDirectory="d911c058-a096-41e6-a503-d8759b8cd373" />
    <UnitTestResult executionId="737333d8-6c8d-4942-a81d-8db7ce38aba0" testId="ba610d56-53b0-45dd-63d9-9d6b77e9ef0d" testName="ThenCanReadScenarioOutlineResultSuccessfully" computerName="Erics-MBP" duration="00:00:00.0061800" startTime="2021-10-04T17:15:03.3293760-04:00" endTime="2021-10-04T17:15:03.3355560-04:00" testType="13cdc9d9-ddb5-4fa4-a97d-d965ccfc6d4b" outcome="Passed" testListId="8c84fa94-04c1-424b-9868-57a2d4851a1d" relativeResultsDirectory="737333d8-6c8d-4942-a81d-8db7ce38aba0" />
    <UnitTestResult executionId="50f36cc1-ce04-4015-a3ad-24842c6683a5" testId="c437592f-ad90-49b0-0c63-3ab7616bb2a4" testName="ThenCanReadIndividualResultsFromScenarioOutline_MultipleExampleSections_ShouldBeTestResultFailed" computerName="Erics-MBP" duration="00:00:00.0037920" startTime="2021-10-04T17:15:03.6405340-04:00" endTime="2021-10-04T17:15:03.6443260-04:00" testType="13cdc9d9-ddb5-4fa4-a97d-d965ccfc6d4b" outcome="Passed" testListId="8c84fa94-04c1-424b-9868-57a2d4851a1d" relativeResultsDirectory="50f36cc1-ce04-4015-a3ad-24842c6683a5" />
    <UnitTestResult executionId="468ee8b4-9c7b-4a04-8ae0-5ecd2655318f" testId="0b31d2fc-41d9-baed-8aab-114ee6aaff9e" testName="RegularExpressionAsExampleContentMatches_With_Angle_Brackets" computerName="Erics-MBP" duration="00:00:00.0004330" startTime="2021-10-04T17:15:04.2534890-04:00" endTime="2021-10-04T17:15:04.2539220-04:00" testType="13cdc9d9-ddb5-4fa4-a97d-d965ccfc6d4b" outcome="Passed" testListId="8c84fa94-04c1-424b-9868-57a2d4851a1d" relativeResultsDirectory="468ee8b4-9c7b-4a04-8ae0-5ecd2655318f" />
    <UnitTestResult executionId="e9bc7d6b-e3e2-4d3b-9f40-9acfc9102fe2" testId="1b904dc2-8da7-b28a-8a35-1d3fce5defa3" testName="ThenCanReadResultsWithBackslashes" computerName="Erics-MBP" duration="00:00:00.0041940" startTime="2021-10-04T17:15:03.0539480-04:00" endTime="2021-10-04T17:15:03.0581410-04:00" testType="13cdc9d9-ddb5-4fa4-a97d-d965ccfc6d4b" outcome="Passed" testListId="8c84fa94-04c1-424b-9868-57a2d4851a1d" relativeResultsDirectory="e9bc7d6b-e3e2-4d3b-9f40-9acfc9102fe2" />
    <UnitTestResult executionId="225ea7da-4c2a-4a54-bc7a-4f3a099097c2" testId="20f75a53-728a-3e27-2cbb-bec08c93c778" testName="ThenCanReadResultOfScenarioOutlineWithSpecialCharacters" computerName="Erics-MBP" duration="00:00:00.0025270" startTime="2021-10-04T17:15:03.0356450-04:00" endTime="2021-10-04T17:15:03.0381710-04:00" testType="13cdc9d9-ddb5-4fa4-a97d-d965ccfc6d4b" outcome="Passed" testListId="8c84fa94-04c1-424b-9868-57a2d4851a1d" relativeResultsDirectory="225ea7da-4c2a-4a54-bc7a-4f3a099097c2" />
    <UnitTestResult executionId="559031b6-cce9-4b21-b9c8-1dd585562387" testId="03cd529c-594e-f5f4-394a-38e5c1ffbbd4" testName="ThenCanReadInconclusiveScenarioResultSuccessfully" computerName="Erics-MBP" duration="00:00:00.0067310" startTime="2021-10-04T17:15:02.1258530-04:00" endTime="2021-10-04T17:15:02.1325850-04:00" testType="13cdc9d9-ddb5-4fa4-a97d-d965ccfc6d4b" outcome="Passed" testListId="8c84fa94-04c1-424b-9868-57a2d4851a1d" relativeResultsDirectory="559031b6-cce9-4b21-b9c8-1dd585562387" />
    <UnitTestResult executionId="185b0c35-9723-4e99-b832-b96b2a5b1162" testId="58f9e5ce-1bab-0c6b-1e0b-98e0a0083c94" testName="ThenCanReadResultOfScenarioOutlineExampleWithFailingBackground" computerName="Erics-MBP" duration="00:00:00.0119190" startTime="2021-10-04T17:15:01.7885860-04:00" endTime="2021-10-04T17:15:01.8005040-04:00" testType="13cdc9d9-ddb5-4fa4-a97d-d965ccfc6d4b" outcome="Passed" testListId="8c84fa94-04c1-424b-9868-57a2d4851a1d" relativeResultsDirectory="185b0c35-9723-4e99-b832-b96b2a5b1162" />
    <UnitTestResult executionId="123382f6-c9bf-47e0-903b-1528efaf419d" testId="86c41238-e1bd-d4dd-850b-3f251771aebe" testName="ThenCanReadNotFoundScenarioCorrectly" computerName="Erics-MBP" duration="00:00:00.0166240" startTime="2021-10-04T17:15:02.1402120-04:00" endTime="2021-10-04T17:15:02.1568350-04:00" testType="13cdc9d9-ddb5-4fa4-a97d-d965ccfc6d4b" outcome="Passed" testListId="8c84fa94-04c1-424b-9868-57a2d4851a1d" relativeResultsDirectory="123382f6-c9bf-47e0-903b-1528efaf419d" />
    <UnitTestResult executionId="ce724b57-3762-4359-82c3-0d47f7f775b6" testId="8fd04541-1f43-6b67-271f-30979468cdcb" testName="ThenCanReadResultOfFeatureWithFailingBackground" computerName="Erics-MBP" duration="00:00:00.0023430" startTime="2021-10-04T17:15:04.2913750-04:00" endTime="2021-10-04T17:15:04.2937180-04:00" testType="13cdc9d9-ddb5-4fa4-a97d-d965ccfc6d4b" outcome="Passed" testListId="8c84fa94-04c1-424b-9868-57a2d4851a1d" relativeResultsDirectory="ce724b57-3762-4359-82c3-0d47f7f775b6" />
    <UnitTestResult executionId="2bb2f484-8677-4e72-98b0-166ec7d03c72" testId="e32ceaf5-2044-6a33-b092-c29de2fe095b" testName="ThenCanReadIndividualResultsFromScenarioOutline_MultipleNamedExamplesWithDuplicateValues_ShouldMatchExamples" computerName="Erics-MBP" duration="00:00:00.0036910" startTime="2021-10-04T17:15:03.4035220-04:00" endTime="2021-10-04T17:15:03.4072120-04:00" testType="13cdc9d9-ddb5-4fa4-a97d-d965ccfc6d4b" outcome="Passed" testListId="8c84fa94-04c1-424b-9868-57a2d4851a1d" relativeResultsDirectory="2bb2f484-8677-4e72-98b0-166ec7d03c72" />
    <UnitTestResult executionId="d2e14783-d48e-4693-8ce1-57e76d888eb4" testId="eecc6ae5-4868-d53f-bcda-2ec72c5d7ea3" testName="ThenCanReadIgnoredScenarioResultSuccessfully" computerName="Erics-MBP" duration="00:00:00.0043670" startTime="2021-10-04T17:15:03.1509740-04:00" endTime="2021-10-04T17:15:03.1553400-04:00" testType="13cdc9d9-ddb5-4fa4-a97d-d965ccfc6d4b" outcome="Passed" testListId="8c84fa94-04c1-424b-9868-57a2d4851a1d" relativeResultsDirectory="d2e14783-d48e-4693-8ce1-57e76d888eb4" />
    <UnitTestResult executionId="b5779f29-18b0-4d7e-bc40-5b0f2bf78bab" testId="59fc518d-691e-1e5f-347b-11ecb9d13e9d" testName="ThenCanReadNotFoundFeatureCorrectly" computerName="Erics-MBP" duration="00:00:00.0024840" startTime="2021-10-04T17:15:03.0012330-04:00" endTime="2021-10-04T17:15:03.0037160-04:00" testType="13cdc9d9-ddb5-4fa4-a97d-d965ccfc6d4b" outcome="Passed" testListId="8c84fa94-04c1-424b-9868-57a2d4851a1d" relativeResultsDirectory="b5779f29-18b0-4d7e-bc40-5b0f2bf78bab" />
    <UnitTestResult executionId="7d7f04f1-b1da-4539-86a2-40b870e85789" testId="f7956f7c-5887-9a0c-7c3e-645573a0e845" testName="ThenCanReadResultOfScenarioWithFailingBackground" computerName="Erics-MBP" duration="00:00:00.0066000" startTime="2021-10-04T17:15:02.6980810-04:00" endTime="2021-10-04T17:15:02.7046810-04:00" testType="13cdc9d9-ddb5-4fa4-a97d-d965ccfc6d4b" outcome="Passed" testListId="8c84fa94-04c1-424b-9868-57a2d4851a1d" relativeResultsDirectory="7d7f04f1-b1da-4539-86a2-40b870e85789" />
    <UnitTestResult executionId="45177f07-88c7-48d6-85fb-b13bb1a48475" testId="8fac2b79-9e79-56e1-c8b9-dbffbd82ae43" testName="ThenCanReadExamplesWithRegexValuesFromScenarioOutline_ShouldBeTestResultPassed" computerName="Erics-MBP" duration="00:00:00.0140220" startTime="2021-10-04T17:15:04.2064090-04:00" endTime="2021-10-04T17:15:04.2204300-04:00" testType="13cdc9d9-ddb5-4fa4-a97d-d965ccfc6d4b" outcome="Passed" testListId="8c84fa94-04c1-424b-9868-57a2d4851a1d" relativeResultsDirectory="45177f07-88c7-48d6-85fb-b13bb1a48475" />
    <UnitTestResult executionId="b7dd1d41-cd4c-4cad-aca3-82e07c47f5ae" testId="22ff405e-4e4b-ec94-1d81-69603bb819cf" testName="ThenCanReadPassedFeatureResultSuccessfully" computerName="Erics-MBP" duration="00:00:00.0050760" startTime="2021-10-04T17:15:03.7350520-04:00" endTime="2021-10-04T17:15:03.7401280-04:00" testType="13cdc9d9-ddb5-4fa4-a97d-d965ccfc6d4b" outcome="Passed" testListId="8c84fa94-04c1-424b-9868-57a2d4851a1d" relativeResultsDirectory="b7dd1d41-cd4c-4cad-aca3-82e07c47f5ae" />
    <UnitTestResult executionId="3f587cc6-c1c4-46b4-955d-5cc76561c150" testId="0c1060a1-daea-cc27-1eec-f91d6e03fb50" testName="ThenCanReadResultOfScenarioWithSpanishCharacters" computerName="Erics-MBP" duration="00:00:00.0152970" startTime="2021-10-04T17:15:02.7047290-04:00" endTime="2021-10-04T17:15:02.7200250-04:00" testType="13cdc9d9-ddb5-4fa4-a97d-d965ccfc6d4b" outcome="Passed" testListId="8c84fa94-04c1-424b-9868-57a2d4851a1d" relativeResultsDirectory="3f587cc6-c1c4-46b4-955d-5cc76561c150" />
    <UnitTestResult executionId="a385e339-7eff-40ce-8665-174e5236401e" testId="30c3cce2-7c89-bcba-f34c-cd4f8b59ce23" testName="ThenCanReadInconclusiveFeatureResultSuccessfully" computerName="Erics-MBP" duration="00:00:00.0129580" startTime="2021-10-04T17:15:03.7038480-04:00" endTime="2021-10-04T17:15:03.7168060-04:00" testType="13cdc9d9-ddb5-4fa4-a97d-d965ccfc6d4b" outcome="Passed" testListId="8c84fa94-04c1-424b-9868-57a2d4851a1d" relativeResultsDirectory="a385e339-7eff-40ce-8665-174e5236401e" />
    <UnitTestResult executionId="a8605c4a-8946-4a18-a360-094d4178c624" testId="9c345799-e138-7ed0-5b4a-1011418b61de" testName="RegularExpressionAsExampleContentMatches_With_Parentheses" computerName="Erics-MBP" duration="00:00:00.0010260" startTime="2021-10-04T17:15:04.2583500-04:00" endTime="2021-10-04T17:15:04.2593760-04:00" testType="13cdc9d9-ddb5-4fa4-a97d-d965ccfc6d4b" outcome="Passed" testListId="8c84fa94-04c1-424b-9868-57a2d4851a1d" relativeResultsDirectory="a8605c4a-8946-4a18-a360-094d4178c624" />
    <UnitTestResult executionId="59804989-b6c3-4497-81c7-1cc0a490e16c" testId="d38f3350-2c4c-d044-aa67-55d99697e67a" testName="ThenCanReadFeatureResultWithoutThrowingException" computerName="Erics-MBP" duration="00:00:00.0014610" startTime="2021-10-04T17:15:03.3439920-04:00" endTime="2021-10-04T17:15:03.3454540-04:00" testType="13cdc9d9-ddb5-4fa4-a97d-d965ccfc6d4b" outcome="Passed" testListId="8c84fa94-04c1-424b-9868-57a2d4851a1d" relativeResultsDirectory="59804989-b6c3-4497-81c7-1cc0a490e16c" />
    <UnitTestResult executionId="bc2712cb-369a-4141-9828-3b6d76d17785" testId="5528f4d8-ebd5-6f1e-e4bf-3f7dddfcc499" testName="ThenCanReadResultOfScenarioOutlineWithSpecialCharacters" computerName="Erics-MBP" duration="00:00:00.0165219" startTime="2021-10-04T17:15:02.2807210-04:00" endTime="2021-10-04T17:15:02.2972470-04:00" testType="13cdc9d9-ddb5-4fa4-a97d-d965ccfc6d4b" outcome="Passed" testListId="8c84fa94-04c1-424b-9868-57a2d4851a1d" relativeResultsDirectory="bc2712cb-369a-4141-9828-3b6d76d17785" />
    <UnitTestResult executionId="0fc4866f-cb89-4898-b96a-6aacae20a633" testId="aff9e195-4e54-a676-8f24-47ec072e3f76" testName="ThenCanReadExamplesWithRegexValuesFromScenarioOutline_ShouldBeTestResultPassed" computerName="Erics-MBP" duration="00:00:00.0122139" startTime="2021-10-04T17:15:02.7897660-04:00" endTime="2021-10-04T17:15:02.8019770-04:00" testType="13cdc9d9-ddb5-4fa4-a97d-d965ccfc6d4b" outcome="Passed" testListId="8c84fa94-04c1-424b-9868-57a2d4851a1d" relativeResultsDirectory="0fc4866f-cb89-4898-b96a-6aacae20a633" />
    <UnitTestResult executionId="9399358d-a558-46eb-9763-1c025d747b9c" testId="a64081be-e7d0-830f-dfc8-24bbee2a32f5" testName="ThenCanReadIndividualResultsFromScenarioOutline_MultipleExamplesWithDuplicateValues_ShouldMatchExamples" computerName="Erics-MBP" duration="00:00:00.0081980" startTime="2021-10-04T17:15:02.0043240-04:00" endTime="2021-10-04T17:15:02.0125200-04:00" testType="13cdc9d9-ddb5-4fa4-a97d-d965ccfc6d4b" outcome="Passed" testListId="8c84fa94-04c1-424b-9868-57a2d4851a1d" relativeResultsDirectory="9399358d-a558-46eb-9763-1c025d747b9c" />
    <UnitTestResult executionId="ab8eb42f-a0e1-4bf6-a8c9-9c9a36957dd3" testId="74b4106b-4b89-70e5-ec6d-b53991f24ded" testName="ThenCanReadNotFoundScenarioCorrectly" computerName="Erics-MBP" duration="00:00:00.0062750" startTime="2021-10-04T17:15:01.7709770-04:00" endTime="2021-10-04T17:15:01.7772510-04:00" testType="13cdc9d9-ddb5-4fa4-a97d-d965ccfc6d4b" outcome="Passed" testListId="8c84fa94-04c1-424b-9868-57a2d4851a1d" relativeResultsDirectory="ab8eb42f-a0e1-4bf6-a8c9-9c9a36957dd3" />
    <UnitTestResult executionId="9815c2de-e33b-4746-b72a-359cdacdc252" testId="8237b5ca-ec4b-2f2b-c709-52a921fafd5c" testName="ThenCanReadResultOfScenarioWithSpanishCharacters" computerName="Erics-MBP" duration="00:00:00.0047190" startTime="2021-10-04T17:15:03.7982160-04:00" endTime="2021-10-04T17:15:03.8029350-04:00" testType="13cdc9d9-ddb5-4fa4-a97d-d965ccfc6d4b" outcome="Passed" testListId="8c84fa94-04c1-424b-9868-57a2d4851a1d" relativeResultsDirectory="9815c2de-e33b-4746-b72a-359cdacdc252" />
    <UnitTestResult executionId="671f7505-0184-4a77-8193-27357317f1ca" testId="20095e8b-1aec-bdd5-2c64-cc198f7229e3" testName="ThenCanReadIndividualResultsFromScenarioOutline_OneInconclusive_ShouldBeTestResultInconclusive" computerName="Erics-MBP" duration="00:00:00.0058240" startTime="2021-10-04T17:15:02.4519330-04:00" endTime="2021-10-04T17:15:02.4577560-04:00" testType="13cdc9d9-ddb5-4fa4-a97d-d965ccfc6d4b" outcome="Passed" testListId="8c84fa94-04c1-424b-9868-57a2d4851a1d" relativeResultsDirectory="671f7505-0184-4a77-8193-27357317f1ca" />
    <UnitTestResult executionId="f2fe4e3d-5671-4d5f-bedc-fd3758e3295d" testId="680a57ed-aef7-7627-554b-2ab01bc33ccf" testName="ThenCanReadIndividualResultsFromScenarioOutline_MultipleExamplesWithDuplicateValues_ShouldMatchExamples" computerName="Erics-MBP" duration="00:00:00.0609520" startTime="2021-10-04T17:15:04.6134110-04:00" endTime="2021-10-04T17:15:04.6743630-04:00" testType="13cdc9d9-ddb5-4fa4-a97d-d965ccfc6d4b" outcome="Passed" testListId="8c84fa94-04c1-424b-9868-57a2d4851a1d" relativeResultsDirectory="f2fe4e3d-5671-4d5f-bedc-fd3758e3295d" />
    <UnitTestResult executionId="a2c13ffd-2b9e-4210-97b7-ad1abb8ee630" testId="1c544035-38ea-054f-e87c-73d6a628523a" testName="ThenCanReadResultOfScenarioOutlineWithUmlauts" computerName="Erics-MBP" duration="00:00:00.0054480" startTime="2021-10-04T17:15:03.2005450-04:00" endTime="2021-10-04T17:15:03.2059930-04:00" testType="13cdc9d9-ddb5-4fa4-a97d-d965ccfc6d4b" outcome="Passed" testListId="8c84fa94-04c1-424b-9868-57a2d4851a1d" relativeResultsDirectory="a2c13ffd-2b9e-4210-97b7-ad1abb8ee630" />
    <UnitTestResult executionId="de0ba971-b543-4618-8eab-4a35adabf4b7" testId="c830e46b-5a37-f382-9022-bd36e87a160f" testName="ThenCanReadResultOfScenarioWithSpecialCharacters" computerName="Erics-MBP" duration="00:00:00.0091840" startTime="2021-10-04T17:15:02.3377140-04:00" endTime="2021-10-04T17:15:02.3468980-04:00" testType="13cdc9d9-ddb5-4fa4-a97d-d965ccfc6d4b" outcome="Passed" testListId="8c84fa94-04c1-424b-9868-57a2d4851a1d" relativeResultsDirectory="de0ba971-b543-4618-8eab-4a35adabf4b7" />
    <UnitTestResult executionId="17a1a2dd-1390-4414-9ac3-0b588f2cc9f0" testId="fde1c954-98a7-7238-71c0-b624bf2faef3" testName="ThenCanReadScenarioOutlineResultSuccessfully" computerName="Erics-MBP" duration="00:00:00.0131820" startTime="2021-10-04T17:15:04.3303600-04:00" endTime="2021-10-04T17:15:04.3435410-04:00" testType="13cdc9d9-ddb5-4fa4-a97d-d965ccfc6d4b" outcome="Passed" testListId="8c84fa94-04c1-424b-9868-57a2d4851a1d" relativeResultsDirectory="17a1a2dd-1390-4414-9ac3-0b588f2cc9f0" />
    <UnitTestResult executionId="b6406efb-e6e9-4170-a8b2-bbffb00e37b9" testId="fb45c14f-031e-2628-e205-53c6379c578f" testName="GetFeatureResult_OnePassingOneInconclusive_ReturnsPassed" computerName="Erics-MBP" duration="00:00:00.0004770" startTime="2021-10-04T17:15:03.5774790-04:00" endTime="2021-10-04T17:15:03.5779560-04:00" testType="13cdc9d9-ddb5-4fa4-a97d-d965ccfc6d4b" outcome="Passed" testListId="8c84fa94-04c1-424b-9868-57a2d4851a1d" relativeResultsDirectory="b6406efb-e6e9-4170-a8b2-bbffb00e37b9" />
    <UnitTestResult executionId="a850d8ee-8f89-4d15-988f-a33e3801ed2f" testId="3aa1d18f-f8de-dbde-ff88-7a89e4d8499f" testName="ThenCanReadResultOfScenarioOutlineExampleWithFailingBackground" computerName="Erics-MBP" duration="00:00:00.0062950" startTime="2021-10-04T17:15:04.2937850-04:00" endTime="2021-10-04T17:15:04.3000800-04:00" testType="13cdc9d9-ddb5-4fa4-a97d-d965ccfc6d4b" outcome="Passed" testListId="8c84fa94-04c1-424b-9868-57a2d4851a1d" relativeResultsDirectory="a850d8ee-8f89-4d15-988f-a33e3801ed2f" />
    <UnitTestResult executionId="c558e097-872c-4ae8-92b5-7a43bf869f98" testId="e42f56d1-0116-4ec2-39ce-514840e88883" testName="ThenCanReadResultOfScenarioWithDanishCharacters" computerName="Erics-MBP" duration="00:00:00.0036280" startTime="2021-10-04T17:15:04.1741500-04:00" endTime="2021-10-04T17:15:04.1777780-04:00" testType="13cdc9d9-ddb5-4fa4-a97d-d965ccfc6d4b" outcome="Passed" testListId="8c84fa94-04c1-424b-9868-57a2d4851a1d" relativeResultsDirectory="c558e097-872c-4ae8-92b5-7a43bf869f98" />
    <UnitTestResult executionId="9c881c0b-4f6f-4dc0-af25-f9cbacf60e2a" testId="72f321e8-2790-5738-6c76-f3c93e06a4d9" testName="ThenCanReadNotFoundScenarioCorrectly" computerName="Erics-MBP" duration="00:00:00.0033470" startTime="2021-10-04T17:15:03.1553790-04:00" endTime="2021-10-04T17:15:03.1587250-04:00" testType="13cdc9d9-ddb5-4fa4-a97d-d965ccfc6d4b" outcome="Passed" testListId="8c84fa94-04c1-424b-9868-57a2d4851a1d" relativeResultsDirectory="9c881c0b-4f6f-4dc0-af25-f9cbacf60e2a" />
    <UnitTestResult executionId="c53d16e5-11d2-431b-8263-f2509cad8bb8" testId="09eb03c3-6c6b-d07d-0c0e-f69b7a3941d2" testName="ThenCanReadSuccessfulScenarioResultSuccessfully" computerName="Erics-MBP" duration="00:00:00.0021779" startTime="2021-10-04T17:15:04.3436130-04:00" endTime="2021-10-04T17:15:04.3457910-04:00" testType="13cdc9d9-ddb5-4fa4-a97d-d965ccfc6d4b" outcome="Passed" testListId="8c84fa94-04c1-424b-9868-57a2d4851a1d" relativeResultsDirectory="c53d16e5-11d2-431b-8263-f2509cad8bb8" />
    <UnitTestResult executionId="92f5f7be-82a7-412e-870e-78874d319bb0" testId="76e6779b-a81e-af08-fa5a-6175a7306b7c" testName="ThenCanReadResultOfScenarioOutlineExampleWithFailingBackground" computerName="Erics-MBP" duration="00:00:00.0111460" startTime="2021-10-04T17:15:03.1790570-04:00" endTime="2021-10-04T17:15:03.1902030-04:00" testType="13cdc9d9-ddb5-4fa4-a97d-d965ccfc6d4b" outcome="Passed" testListId="8c84fa94-04c1-424b-9868-57a2d4851a1d" relativeResultsDirectory="92f5f7be-82a7-412e-870e-78874d319bb0" />
    <UnitTestResult executionId="24a0a9bd-9c98-4310-aae9-f9a9446168dc" testId="d4a217ca-816a-5180-50f8-63455cbe611d" testName="ThenCanReadIndividualResultsFromScenarioOutline_OneFailed_ShouldBeTestResultFailed" computerName="Erics-MBP" duration="00:00:00.0045360" startTime="2021-10-04T17:15:03.1108490-04:00" endTime="2021-10-04T17:15:03.1153840-04:00" testType="13cdc9d9-ddb5-4fa4-a97d-d965ccfc6d4b" outcome="Passed" testListId="8c84fa94-04c1-424b-9868-57a2d4851a1d" relativeResultsDirectory="24a0a9bd-9c98-4310-aae9-f9a9446168dc" />
    <UnitTestResult executionId="b2ab7b70-49ff-4cc9-a045-25730dcdefb3" testId="e931af6a-3452-9003-decc-ede4ba4ec081" testName="ThenCanReadResultOfScenarioOutlineWithFailingBackground" computerName="Erics-MBP" duration="00:00:00.0028550" startTime="2021-10-04T17:15:03.2863020-04:00" endTime="2021-10-04T17:15:03.2891560-04:00" testType="13cdc9d9-ddb5-4fa4-a97d-d965ccfc6d4b" outcome="Passed" testListId="8c84fa94-04c1-424b-9868-57a2d4851a1d" relativeResultsDirectory="b2ab7b70-49ff-4cc9-a045-25730dcdefb3" />
    <UnitTestResult executionId="634fb397-f27d-4af4-b7e3-fd6df3ba1352" testId="bfcb74b4-5613-466e-636e-46588ff6d874" testName="ThenCanReadResultOfScenarioWithSpanishCharacters" computerName="Erics-MBP" duration="00:00:00.0027180" startTime="2021-10-04T17:15:03.0483580-04:00" endTime="2021-10-04T17:15:03.0510750-04:00" testType="13cdc9d9-ddb5-4fa4-a97d-d965ccfc6d4b" outcome="Passed" testListId="8c84fa94-04c1-424b-9868-57a2d4851a1d" relativeResultsDirectory="634fb397-f27d-4af4-b7e3-fd6df3ba1352" />
    <UnitTestResult executionId="cab02892-9c1a-4b01-b85e-c878a3e49257" testId="5178c6a1-917a-63ef-4a44-3f3fa3a4a76b" testName="ThenCanReadIndividualResultsFromScenarioOutline_MultipleExamplesWithDuplicateValues_ShouldMatchExamples" computerName="Erics-MBP" duration="00:00:00.0079090" startTime="2021-10-04T17:15:02.8454060-04:00" endTime="2021-10-04T17:15:02.8533150-04:00" testType="13cdc9d9-ddb5-4fa4-a97d-d965ccfc6d4b" outcome="Passed" testListId="8c84fa94-04c1-424b-9868-57a2d4851a1d" relativeResultsDirectory="cab02892-9c1a-4b01-b85e-c878a3e49257" />
    <UnitTestResult executionId="f54cedaf-1555-419c-a316-34440f13f948" testId="66032912-b178-4308-e9cd-9139f23f4710" testName="ThenCanReadResultOfScenarioWithFailingBackground" computerName="Erics-MBP" duration="00:00:00.0037430" startTime="2021-10-04T17:15:02.3298500-04:00" endTime="2021-10-04T17:15:02.3335930-04:00" testType="13cdc9d9-ddb5-4fa4-a97d-d965ccfc6d4b" outcome="Passed" testListId="8c84fa94-04c1-424b-9868-57a2d4851a1d" relativeResultsDirectory="f54cedaf-1555-419c-a316-34440f13f948" />
    <UnitTestResult executionId="44e4dca7-aa2a-4ef0-b45a-2990cd6dd215" testId="4bfa13d1-17a0-4954-0e3e-a26d2de2fb23" testName="ThenCanReadResultOfScenarioOutlineWithFailingBackground" computerName="Erics-MBP" duration="00:00:00.0100230" startTime="2021-10-04T17:15:04.1548430-04:00" endTime="2021-10-04T17:15:04.1648660-04:00" testType="13cdc9d9-ddb5-4fa4-a97d-d965ccfc6d4b" outcome="Passed" testListId="8c84fa94-04c1-424b-9868-57a2d4851a1d" relativeResultsDirectory="44e4dca7-aa2a-4ef0-b45a-2990cd6dd215" />
    <UnitTestResult executionId="378bea32-b0ef-4ae2-b031-bbbf3283e8de" testId="b6b4e5c5-badb-9c66-8425-431f3f703e83" testName="ThenCanReadResultOfScenarioOutlineExampleWithFailingBackground" computerName="Erics-MBP" duration="00:00:00.0132380" startTime="2021-10-04T17:15:02.1848180-04:00" endTime="2021-10-04T17:15:02.1980540-04:00" testType="13cdc9d9-ddb5-4fa4-a97d-d965ccfc6d4b" outcome="Passed" testListId="8c84fa94-04c1-424b-9868-57a2d4851a1d" relativeResultsDirectory="378bea32-b0ef-4ae2-b031-bbbf3283e8de" />
    <UnitTestResult executionId="9f1ad594-c703-460c-be26-a656cb3cb841" testId="098238b9-0456-1247-ed8e-8206ed9eaecc" testName="ThenCanReadInconclusiveScenarioResultSuccessfully" computerName="Erics-MBP" duration="00:00:00.0055270" startTime="2021-10-04T17:15:03.7168440-04:00" endTime="2021-10-04T17:15:03.7223700-04:00" testType="13cdc9d9-ddb5-4fa4-a97d-d965ccfc6d4b" outcome="Passed" testListId="8c84fa94-04c1-424b-9868-57a2d4851a1d" relativeResultsDirectory="9f1ad594-c703-460c-be26-a656cb3cb841" />
    <UnitTestResult executionId="a14f003b-e858-427e-baeb-f92ee4c3a9c9" testId="3ac61dc8-78ef-0ee4-9390-ba6ea3941593" testName="ThenCanReadResultOfScenarioOutlineExampleWithFailingBackground" computerName="Erics-MBP" duration="00:00:00.0025990" startTime="2021-10-04T17:15:03.6048290-04:00" endTime="2021-10-04T17:15:03.6074280-04:00" testType="13cdc9d9-ddb5-4fa4-a97d-d965ccfc6d4b" outcome="Passed" testListId="8c84fa94-04c1-424b-9868-57a2d4851a1d" relativeResultsDirectory="a14f003b-e858-427e-baeb-f92ee4c3a9c9" />
    <UnitTestResult executionId="a11b74ec-0e08-4781-ab85-3e82bd7bbeff" testId="6f8b015e-fbb6-5aab-26fd-c4459351481b" testName="ThenCanReadFailedScenarioResultSuccessfully" computerName="Erics-MBP" duration="00:00:00.0089350" startTime="2021-10-04T17:15:02.5323800-04:00" endTime="2021-10-04T17:15:02.5413150-04:00" testType="13cdc9d9-ddb5-4fa4-a97d-d965ccfc6d4b" outcome="Passed" testListId="8c84fa94-04c1-424b-9868-57a2d4851a1d" relativeResultsDirectory="a11b74ec-0e08-4781-ab85-3e82bd7bbeff" />
    <UnitTestResult executionId="6ac7e14a-83c6-49f0-9f91-7c8249f14b6c" testId="2f77d4eb-b7a9-7cda-63c7-d0a9b8c15e31" testName="ThenCanSuccessfullyMatchSpecialCharacters" computerName="Erics-MBP" duration="00:00:00.0026380" startTime="2021-10-04T17:15:02.9522460-04:00" endTime="2021-10-04T17:15:02.9548830-04:00" testType="13cdc9d9-ddb5-4fa4-a97d-d965ccfc6d4b" outcome="Passed" testListId="8c84fa94-04c1-424b-9868-57a2d4851a1d" relativeResultsDirectory="6ac7e14a-83c6-49f0-9f91-7c8249f14b6c" />
    <UnitTestResult executionId="8cd6a1fa-5419-4d2e-8a33-f1278a4c775b" testId="256a8d96-ed89-157f-5f7b-6e821bc88fbc" testName="ThenCanReadIndividualResultsFromScenarioOutline_OneInconclusive_ShouldBeTestResultInconclusive" computerName="Erics-MBP" duration="00:00:00.0055590" startTime="2021-10-04T17:15:02.8931960-04:00" endTime="2021-10-04T17:15:02.8987540-04:00" testType="13cdc9d9-ddb5-4fa4-a97d-d965ccfc6d4b" outcome="Passed" testListId="8c84fa94-04c1-424b-9868-57a2d4851a1d" relativeResultsDirectory="8cd6a1fa-5419-4d2e-8a33-f1278a4c775b" />
    <UnitTestResult executionId="68aa2a5a-8b1d-44e3-a51f-fc1f0ebf5292" testId="d09ead03-57a4-a7c5-33ac-18bdf2ed785e" testName="ThenCanReadResultOfScenarioOutlineWithSpecialCharacters" computerName="Erics-MBP" duration="00:00:00.0032750" startTime="2021-10-04T17:15:03.2893720-04:00" endTime="2021-10-04T17:15:03.2926460-04:00" testType="13cdc9d9-ddb5-4fa4-a97d-d965ccfc6d4b" outcome="Passed" testListId="8c84fa94-04c1-424b-9868-57a2d4851a1d" relativeResultsDirectory="68aa2a5a-8b1d-44e3-a51f-fc1f0ebf5292" />
    <UnitTestResult executionId="950bf324-5e25-4a08-b89f-58b632d222c9" testId="3f1adbc0-0196-34e5-6649-a85c5488fa91" testName="ThenCanReadResultOfScenarioWithDanishCharacters" computerName="Erics-MBP" duration="00:00:00.0074990" startTime="2021-10-04T17:15:02.6905160-04:00" endTime="2021-10-04T17:15:02.6980140-04:00" testType="13cdc9d9-ddb5-4fa4-a97d-d965ccfc6d4b" outcome="Passed" testListId="8c84fa94-04c1-424b-9868-57a2d4851a1d" relativeResultsDirectory="950bf324-5e25-4a08-b89f-58b632d222c9" />
    <UnitTestResult executionId="2fcd4cab-055d-43e8-89ed-da1bb949d83c" testId="8bb3b051-fd54-70fa-37da-5e1986e478a5" testName="ThenCanReadIgnoredScenarioResultSuccessfully" computerName="Erics-MBP" duration="00:00:00.0029870" startTime="2021-10-04T17:15:03.2563580-04:00" endTime="2021-10-04T17:15:03.2593450-04:00" testType="13cdc9d9-ddb5-4fa4-a97d-d965ccfc6d4b" outcome="Passed" testListId="8c84fa94-04c1-424b-9868-57a2d4851a1d" relativeResultsDirectory="2fcd4cab-055d-43e8-89ed-da1bb949d83c" />
    <UnitTestResult executionId="d5cec440-67a9-4e6c-9417-78e1c749e3e1" testId="c60ed206-bcf7-dc0f-cf55-94fdc287fbf9" testName="ThenCanSuccessfullyMatch" computerName="Erics-MBP" duration="00:00:00.0021770" startTime="2021-10-04T17:15:04.1140060-04:00" endTime="2021-10-04T17:15:04.1161820-04:00" testType="13cdc9d9-ddb5-4fa4-a97d-d965ccfc6d4b" outcome="Passed" testListId="8c84fa94-04c1-424b-9868-57a2d4851a1d" relativeResultsDirectory="d5cec440-67a9-4e6c-9417-78e1c749e3e1" />
    <UnitTestResult executionId="398223e9-45ba-4d0e-ab09-4aa593abe63b" testId="98025163-67c4-34a3-d0e7-9dbdb150f12f" testName="ThenCanReadInconclusiveFeatureResultSuccessfully" computerName="Erics-MBP" duration="00:00:00.0024440" startTime="2021-10-04T17:15:02.9904850-04:00" endTime="2021-10-04T17:15:02.9929280-04:00" testType="13cdc9d9-ddb5-4fa4-a97d-d965ccfc6d4b" outcome="Passed" testListId="8c84fa94-04c1-424b-9868-57a2d4851a1d" relativeResultsDirectory="398223e9-45ba-4d0e-ab09-4aa593abe63b" />
    <UnitTestResult executionId="56c8bc93-30ad-4c01-bc30-abd9b5ac05c2" testId="47086e35-06f3-bc27-02fb-3f657d13b0a3" testName="ThenCanResolve(&quot;results-example-xunit.xml&quot;,&quot;XUnit.XUnit1.results-example-xunit.xml&quot;,XUnit1,PicklesDoc.Pickles.TestFrameworks.XUnit.XUnit1.XUnit1Results)" computerName="Erics-MBP" duration="00:00:00.0032640" startTime="2021-10-04T17:15:03.9864500-04:00" endTime="2021-10-04T17:15:03.9897140-04:00" testType="13cdc9d9-ddb5-4fa4-a97d-d965ccfc6d4b" outcome="Passed" testListId="8c84fa94-04c1-424b-9868-57a2d4851a1d" relativeResultsDirectory="56c8bc93-30ad-4c01-bc30-abd9b5ac05c2" />
    <UnitTestResult executionId="44915ae2-463e-4739-920d-08a628b3ec11" testId="75c1372b-c80e-ab1f-dc10-8b8dc4679533" testName="ThenCanResolveAsSingleton(&quot;results-example-vstest.trx&quot;,&quot;VsTest.results-example-vstest.trx&quot;,VsTest,PicklesDoc.Pickles.TestFrameworks.VsTest.VsTestResults)" computerName="Erics-MBP" duration="00:00:00.0058600" startTime="2021-10-04T17:15:04.1051760-04:00" endTime="2021-10-04T17:15:04.1110350-04:00" testType="13cdc9d9-ddb5-4fa4-a97d-d965ccfc6d4b" outcome="Passed" testListId="8c84fa94-04c1-424b-9868-57a2d4851a1d" relativeResultsDirectory="44915ae2-463e-4739-920d-08a628b3ec11" />
    <UnitTestResult executionId="ef0d8a3f-936e-4c20-b396-e769d1a71931" testId="a345261d-59be-f694-1a7a-ca5ce2d2d4c4" testName="ThenCanReadResultOfScenarioOutlineWithFailingBackground" computerName="Erics-MBP" duration="00:00:00.0025380" startTime="2021-10-04T17:15:03.0330310-04:00" endTime="2021-10-04T17:15:03.0355690-04:00" testType="13cdc9d9-ddb5-4fa4-a97d-d965ccfc6d4b" outcome="Passed" testListId="8c84fa94-04c1-424b-9868-57a2d4851a1d" relativeResultsDirectory="ef0d8a3f-936e-4c20-b396-e769d1a71931" />
    <UnitTestResult executionId="3eb864cf-5f03-4e98-a097-92b0e9cd8699" testId="9553bcf1-c46a-a9e1-ecea-160af9ebe5b9" testName="ThenCanReadSuccessfulScenarioResultSuccessfully" computerName="Erics-MBP" duration="00:00:00.0040280" startTime="2021-10-04T17:15:02.3760940-04:00" endTime="2021-10-04T17:15:02.3801230-04:00" testType="13cdc9d9-ddb5-4fa4-a97d-d965ccfc6d4b" outcome="Passed" testListId="8c84fa94-04c1-424b-9868-57a2d4851a1d" relativeResultsDirectory="3eb864cf-5f03-4e98-a097-92b0e9cd8699" />
    <UnitTestResult executionId="f8d65752-8633-4de9-b72e-f2e1b0dc758b" testId="465b8b22-ae43-8771-bab3-c61bdf88be2c" testName="ThenCanReadPassedFeatureResultSuccessfully" computerName="Erics-MBP" duration="00:00:00.0073610" startTime="2021-10-04T17:15:02.1572180-04:00" endTime="2021-10-04T17:15:02.1645790-04:00" testType="13cdc9d9-ddb5-4fa4-a97d-d965ccfc6d4b" outcome="Passed" testListId="8c84fa94-04c1-424b-9868-57a2d4851a1d" relativeResultsDirectory="f8d65752-8633-4de9-b72e-f2e1b0dc758b" />
    <UnitTestResult executionId="afee0c07-3365-4a14-b290-a9952034b272" testId="e70aaa39-34a4-5c29-d102-ad4674ca6ab6" testName="ThenCanResolveAsSingleton(&quot;results-example-nunit.xml&quot;,&quot;NUnit.NUnit2.results-example-nunit.xml&quot;,NUnit,PicklesDoc.Pickles.TestFrameworks.NUnit.NUnit2.NUnit2Results)" computerName="Erics-MBP" duration="00:00:00.0018370" startTime="2021-10-04T17:15:04.0864410-04:00" endTime="2021-10-04T17:15:04.0882780-04:00" testType="13cdc9d9-ddb5-4fa4-a97d-d965ccfc6d4b" outcome="Passed" testListId="8c84fa94-04c1-424b-9868-57a2d4851a1d" relativeResultsDirectory="afee0c07-3365-4a14-b290-a9952034b272" />
    <UnitTestResult executionId="c79e43b2-1ac9-4b5e-86cd-4b4ec91fa3c6" testId="756b1026-c36e-4a38-c9bf-9c8381bc803a" testName="ThenCanResolve(&quot;results-example-vstest.trx&quot;,&quot;VsTest.results-example-vstest.trx&quot;,VsTest,PicklesDoc.Pickles.TestFrameworks.VsTest.VsTestResults)" computerName="Erics-MBP" duration="00:00:00.0055860" startTime="2021-10-04T17:15:04.0748370-04:00" endTime="2021-10-04T17:15:04.0804240-04:00" testType="13cdc9d9-ddb5-4fa4-a97d-d965ccfc6d4b" outcome="Passed" testListId="8c84fa94-04c1-424b-9868-57a2d4851a1d" relativeResultsDirectory="c79e43b2-1ac9-4b5e-86cd-4b4ec91fa3c6" />
    <UnitTestResult executionId="ff8e6818-3196-4763-8975-5f1c7f436755" testId="443d82e7-b131-4eab-c0c2-77bcf8c78c0e" testName="ThenCanReadFailedFeatureResultSuccessfully" computerName="Erics-MBP" duration="00:00:00.0050190" startTime="2021-10-04T17:15:02.0778180-04:00" endTime="2021-10-04T17:15:02.0828370-04:00" testType="13cdc9d9-ddb5-4fa4-a97d-d965ccfc6d4b" outcome="Passed" testListId="8c84fa94-04c1-424b-9868-57a2d4851a1d" relativeResultsDirectory="ff8e6818-3196-4763-8975-5f1c7f436755" />
    <UnitTestResult executionId="e3612832-54b7-4c31-ba26-e795204dde48" testId="6768218c-6567-ac9b-b338-b8819476acaf" testName="RegularExpressionAsExampleContentMatches_With_Full_Regular_Expression" computerName="Erics-MBP" duration="00:00:00.0010550" startTime="2021-10-04T17:15:04.2561370-04:00" endTime="2021-10-04T17:15:04.2571930-04:00" testType="13cdc9d9-ddb5-4fa4-a97d-d965ccfc6d4b" outcome="Passed" testListId="8c84fa94-04c1-424b-9868-57a2d4851a1d" relativeResultsDirectory="e3612832-54b7-4c31-ba26-e795204dde48" />
    <UnitTestResult executionId="ba29620e-4e5d-4133-b6ea-0de52b2cf731" testId="471f48b3-66b4-1d2b-45d6-de2cd4b57983" testName="ThenCanReadIgnoredScenarioResultSuccessfully" computerName="Erics-MBP" duration="00:00:00.0044870" startTime="2021-10-04T17:15:02.1035310-04:00" endTime="2021-10-04T17:15:02.1080170-04:00" testType="13cdc9d9-ddb5-4fa4-a97d-d965ccfc6d4b" outcome="Passed" testListId="8c84fa94-04c1-424b-9868-57a2d4851a1d" relativeResultsDirectory="ba29620e-4e5d-4133-b6ea-0de52b2cf731" />
    <UnitTestResult executionId="bfb55b92-bf69-477b-80fd-4fa4c22e637c" testId="a0f0b9fe-c760-fce9-98fe-b72d6b75fdd4" testName="ThenCanReadResultOfScenarioWithDanishCharacters" computerName="Erics-MBP" duration="00:00:00.0034410" startTime="2021-10-04T17:15:03.2060670-04:00" endTime="2021-10-04T17:15:03.2095070-04:00" testType="13cdc9d9-ddb5-4fa4-a97d-d965ccfc6d4b" outcome="Passed" testListId="8c84fa94-04c1-424b-9868-57a2d4851a1d" relativeResultsDirectory="bfb55b92-bf69-477b-80fd-4fa4c22e637c" />
    <UnitTestResult executionId="bd966056-3904-44cd-bd42-a87358ac2bb7" testId="564ab877-3eea-6f19-973d-0b36bea909da" testName="ThenCanReadResultsWithBackslashes" computerName="Erics-MBP" duration="00:00:00.0070810" startTime="2021-10-04T17:15:01.8960120-04:00" endTime="2021-10-04T17:15:01.9030920-04:00" testType="13cdc9d9-ddb5-4fa4-a97d-d965ccfc6d4b" outcome="Passed" testListId="8c84fa94-04c1-424b-9868-57a2d4851a1d" relativeResultsDirectory="bd966056-3904-44cd-bd42-a87358ac2bb7" />
    <UnitTestResult executionId="d85d75c8-fe26-48f2-a4a6-bb61f02fcaef" testId="174b6e17-833b-348f-bc26-a67a058e5e9c" testName="ThenCanReadFeatureResultWithoutThrowingException" computerName="Erics-MBP" duration="00:00:00.0038170" startTime="2021-10-04T17:15:04.1187260-04:00" endTime="2021-10-04T17:15:04.1225440-04:00" testType="13cdc9d9-ddb5-4fa4-a97d-d965ccfc6d4b" outcome="Passed" testListId="8c84fa94-04c1-424b-9868-57a2d4851a1d" relativeResultsDirectory="d85d75c8-fe26-48f2-a4a6-bb61f02fcaef" />
    <UnitTestResult executionId="48fc5746-ffb1-4cf2-ba1c-ba18bf7ec21b" testId="15d64ad8-f453-6ded-46ce-06d0f8e68caf" testName="ThenCanReadIndividualResultsFromScenarioOutline_MultipleNamedExamplesWithDuplicateValues_ShouldMatchExamples" computerName="Erics-MBP" duration="00:00:00.0038270" startTime="2021-10-04T17:15:03.1064740-04:00" endTime="2021-10-04T17:15:03.1103000-04:00" testType="13cdc9d9-ddb5-4fa4-a97d-d965ccfc6d4b" outcome="Passed" testListId="8c84fa94-04c1-424b-9868-57a2d4851a1d" relativeResultsDirectory="48fc5746-ffb1-4cf2-ba1c-ba18bf7ec21b" />
    <UnitTestResult executionId="05de805d-6138-40bb-9705-159ddaacf269" testId="bd707b6d-52c2-46b2-18db-713a0a8d72d0" testName="ThenCanReadIndividualResultsFromScenarioOutline_AllPass_ShouldBeTestResultPassed" computerName="Erics-MBP" duration="00:00:00.0046960" startTime="2021-10-04T17:15:03.3749650-04:00" endTime="2021-10-04T17:15:03.3796760-04:00" testType="13cdc9d9-ddb5-4fa4-a97d-d965ccfc6d4b" outcome="Passed" testListId="8c84fa94-04c1-424b-9868-57a2d4851a1d" relativeResultsDirectory="05de805d-6138-40bb-9705-159ddaacf269" />
    <UnitTestResult executionId="65390a12-0d44-4016-8465-c0ab56100bb4" testId="58020c11-c291-9fff-a6eb-d178031b96c9" testName="ThenCanReadIndividualResultsFromScenarioOutline_OneFailed_ShouldBeTestResultFailed" computerName="Erics-MBP" duration="00:00:00.0057140" startTime="2021-10-04T17:15:02.8874320-04:00" endTime="2021-10-04T17:15:02.8931450-04:00" testType="13cdc9d9-ddb5-4fa4-a97d-d965ccfc6d4b" outcome="Passed" testListId="8c84fa94-04c1-424b-9868-57a2d4851a1d" relativeResultsDirectory="65390a12-0d44-4016-8465-c0ab56100bb4" />
    <UnitTestResult executionId="153412a9-9cf7-4229-ab35-66b6437b4d1b" testId="787e4f4b-a6f8-e61e-60f5-7ef57c15df22" testName="ThenCanReadExamplesWithRegexValuesFromScenarioOutline_ShouldBeTestResultPassed" computerName="Erics-MBP" duration="00:00:00.0088480" startTime="2021-10-04T17:15:01.9535860-04:00" endTime="2021-10-04T17:15:01.9624340-04:00" testType="13cdc9d9-ddb5-4fa4-a97d-d965ccfc6d4b" outcome="Passed" testListId="8c84fa94-04c1-424b-9868-57a2d4851a1d" relativeResultsDirectory="153412a9-9cf7-4229-ab35-66b6437b4d1b" />
    <UnitTestResult executionId="6a28238a-ec43-4533-b39c-f1da82fcb42f" testId="81bd21f5-845e-aa35-fada-47a8b94de4c8" testName="ThenCanReadResultOfScenarioOutlineWithSpecialCharacters" computerName="Erics-MBP" duration="00:00:00.0107920" startTime="2021-10-04T17:15:02.6539330-04:00" endTime="2021-10-04T17:15:02.6647250-04:00" testType="13cdc9d9-ddb5-4fa4-a97d-d965ccfc6d4b" outcome="Passed" testListId="8c84fa94-04c1-424b-9868-57a2d4851a1d" relativeResultsDirectory="6a28238a-ec43-4533-b39c-f1da82fcb42f" />
    <UnitTestResult executionId="9bacf40e-597d-4b9a-8b56-431ac299f216" testId="7590abfc-e3f9-c5c4-d7ce-a5409c12a2d1" testName="ThenCanResolve(&quot;results-example-specrun.html&quot;,&quot;SpecRun.results-example-specrun.html&quot;,SpecRun,PicklesDoc.Pickles.TestFrameworks.SpecRun.SpecRunResults)" computerName="Erics-MBP" duration="00:00:00.0024589" startTime="2021-10-04T17:15:04.0580340-04:00" endTime="2021-10-04T17:15:04.0604920-04:00" testType="13cdc9d9-ddb5-4fa4-a97d-d965ccfc6d4b" outcome="Passed" testListId="8c84fa94-04c1-424b-9868-57a2d4851a1d" relativeResultsDirectory="9bacf40e-597d-4b9a-8b56-431ac299f216" />
    <UnitTestResult executionId="06dd4978-67dc-4c65-9762-6cbfdf56c69a" testId="fa88707c-fe6b-f9d4-e057-126c8ed49b45" testName="ThenCanReadResultOfFeatureWithFailingBackground" computerName="Erics-MBP" duration="00:00:00.0015969" startTime="2021-10-04T17:15:03.6031650-04:00" endTime="2021-10-04T17:15:03.6047610-04:00" testType="13cdc9d9-ddb5-4fa4-a97d-d965ccfc6d4b" outcome="Passed" testListId="8c84fa94-04c1-424b-9868-57a2d4851a1d" relativeResultsDirectory="06dd4978-67dc-4c65-9762-6cbfdf56c69a" />
    <UnitTestResult executionId="bb654bd9-7d8a-492d-8dfe-d733598f4c8b" testId="2a27032e-00ea-3b79-aa12-bae663492183" testName="ThenCanReadIndividualResultsFromScenarioOutline_MultipleExamplesWithDuplicateValues_ShouldMatchExamples" computerName="Erics-MBP" duration="00:00:00.0033270" startTime="2021-10-04T17:15:04.2351130-04:00" endTime="2021-10-04T17:15:04.2384400-04:00" testType="13cdc9d9-ddb5-4fa4-a97d-d965ccfc6d4b" outcome="Passed" testListId="8c84fa94-04c1-424b-9868-57a2d4851a1d" relativeResultsDirectory="bb654bd9-7d8a-492d-8dfe-d733598f4c8b" />
    <UnitTestResult executionId="57abf63c-5c16-4721-a31b-9cca68d437e2" testId="a24366aa-9e79-801f-e1af-8419027c8a13" testName="ThenCanReadResultOfScenarioOutlineWithSpecialCharacters" computerName="Erics-MBP" duration="00:00:00.0052490" startTime="2021-10-04T17:15:03.6116080-04:00" endTime="2021-10-04T17:15:03.6168560-04:00" testType="13cdc9d9-ddb5-4fa4-a97d-d965ccfc6d4b" outcome="Passed" testListId="8c84fa94-04c1-424b-9868-57a2d4851a1d" relativeResultsDirectory="57abf63c-5c16-4721-a31b-9cca68d437e2" />
    <UnitTestResult executionId="30d8ed7d-c374-4b63-83e0-da2b568484e6" testId="c453c6ec-7ac7-6aba-4513-ebc0b71441c4" testName="ThenCanReadResultOfScenarioWithDanishCharacters" computerName="Erics-MBP" duration="00:00:00.0025500" startTime="2021-10-04T17:15:03.0428030-04:00" endTime="2021-10-04T17:15:03.0453530-04:00" testType="13cdc9d9-ddb5-4fa4-a97d-d965ccfc6d4b" outcome="Passed" testListId="8c84fa94-04c1-424b-9868-57a2d4851a1d" relativeResultsDirectory="30d8ed7d-c374-4b63-83e0-da2b568484e6" />
    <UnitTestResult executionId="851c7e3b-face-492f-82e0-ee158380dd65" testId="d350588b-1fce-1d28-5c54-f6126b74c227" testName="ThenCanReadIndividualResultsFromScenarioOutline_MultipleNamedExamples_ShouldMatchExamples" computerName="Erics-MBP" duration="00:00:00.0294350" startTime="2021-10-04T17:15:04.6750310-04:00" endTime="2021-10-04T17:15:04.7044660-04:00" testType="13cdc9d9-ddb5-4fa4-a97d-d965ccfc6d4b" outcome="Passed" testListId="8c84fa94-04c1-424b-9868-57a2d4851a1d" relativeResultsDirectory="851c7e3b-face-492f-82e0-ee158380dd65" />
    <UnitTestResult executionId="97acea72-18ad-45da-b56c-d5c49dae577d" testId="eee8715c-d733-130b-cc22-7b1892f2f926" testName="ThenCanReadResultOfScenarioWithSpecialCharacters" computerName="Erics-MBP" duration="00:00:00.0025670" startTime="2021-10-04T17:15:03.6307820-04:00" endTime="2021-10-04T17:15:03.6333490-04:00" testType="13cdc9d9-ddb5-4fa4-a97d-d965ccfc6d4b" outcome="Passed" testListId="8c84fa94-04c1-424b-9868-57a2d4851a1d" relativeResultsDirectory="97acea72-18ad-45da-b56c-d5c49dae577d" />
    <UnitTestResult executionId="dededa7b-3343-4d89-9823-9682f7bf5f47" testId="1926ccdc-00d6-72e9-1270-04d414099d1b" testName="ThenCanReadIndividualResultsFromScenarioOutline_OneInconclusive_ShouldBeTestResultInconclusive" computerName="Erics-MBP" duration="00:00:00.0119800" startTime="2021-10-04T17:15:03.1157590-04:00" endTime="2021-10-04T17:15:03.1277390-04:00" testType="13cdc9d9-ddb5-4fa4-a97d-d965ccfc6d4b" outcome="Passed" testListId="8c84fa94-04c1-424b-9868-57a2d4851a1d" relativeResultsDirectory="dededa7b-3343-4d89-9823-9682f7bf5f47" />
    <UnitTestResult executionId="1b79ae76-6dcd-40a4-b421-f6ee45660c42" testId="efb45302-0f2f-f7b4-5294-ebcf02624fff" testName="ThenCanReadResultsWithParenthesis" computerName="Erics-MBP" duration="00:00:00.0106129" startTime="2021-10-04T17:15:02.7318080-04:00" endTime="2021-10-04T17:15:02.7424200-04:00" testType="13cdc9d9-ddb5-4fa4-a97d-d965ccfc6d4b" outcome="Passed" testListId="8c84fa94-04c1-424b-9868-57a2d4851a1d" relativeResultsDirectory="1b79ae76-6dcd-40a4-b421-f6ee45660c42" />
    <UnitTestResult executionId="8d958ef7-2049-4037-9599-e9e8145e692b" testId="1427994f-dfc2-3b8f-5f19-9134cfec26f2" testName="ThenCanReadResultOfScenarioOutlineWithFailingBackground" computerName="Erics-MBP" duration="00:00:00.0031490" startTime="2021-10-04T17:15:04.3001560-04:00" endTime="2021-10-04T17:15:04.3033050-04:00" testType="13cdc9d9-ddb5-4fa4-a97d-d965ccfc6d4b" outcome="Passed" testListId="8c84fa94-04c1-424b-9868-57a2d4851a1d" relativeResultsDirectory="8d958ef7-2049-4037-9599-e9e8145e692b" />
    <UnitTestResult executionId="8326ec3c-ec3a-447a-baaa-b60c26b03c36" testId="468fc6f1-090e-af4a-e3f5-89b42d48597a" testName="ThenCanReadResultOfScenarioOutlineWithUmlauts" computerName="Erics-MBP" duration="00:00:00.0156460" startTime="2021-10-04T17:15:02.6748220-04:00" endTime="2021-10-04T17:15:02.6904680-04:00" testType="13cdc9d9-ddb5-4fa4-a97d-d965ccfc6d4b" outcome="Passed" testListId="8c84fa94-04c1-424b-9868-57a2d4851a1d" relativeResultsDirectory="8326ec3c-ec3a-447a-baaa-b60c26b03c36" />
    <UnitTestResult executionId="df3e865e-915f-4eb6-ba42-a9eb194ff8fc" testId="2fbca240-d73e-90fe-fa10-66a717472df8" testName="RegularExpressionAsExampleContentMatches_With_FullStop_And_Asterisk" computerName="Erics-MBP" duration="00:00:00.0010250" startTime="2021-10-04T17:15:04.2572430-04:00" endTime="2021-10-04T17:15:04.2582680-04:00" testType="13cdc9d9-ddb5-4fa4-a97d-d965ccfc6d4b" outcome="Passed" testListId="8c84fa94-04c1-424b-9868-57a2d4851a1d" relativeResultsDirectory="df3e865e-915f-4eb6-ba42-a9eb194ff8fc" />
    <UnitTestResult executionId="ace5263f-6b81-4df0-88c7-3257467d72a7" testId="562129e5-360d-2549-3c09-e4b49f36264d" testName="ThenCanReadFailedFeatureResultSuccessfully" computerName="Erics-MBP" duration="00:00:00.0120750" startTime="2021-10-04T17:15:03.6492130-04:00" endTime="2021-10-04T17:15:03.6612870-04:00" testType="13cdc9d9-ddb5-4fa4-a97d-d965ccfc6d4b" outcome="Passed" testListId="8c84fa94-04c1-424b-9868-57a2d4851a1d" relativeResultsDirectory="ace5263f-6b81-4df0-88c7-3257467d72a7" />
    <UnitTestResult executionId="ecd0fa17-5cb8-4f25-adcc-2de44bdac058" testId="480a0e18-f143-bc50-4b24-c10a44209bde" testName="ThenCanReadResultOfScenarioOutlineWithUmlauts" computerName="Erics-MBP" duration="00:00:00.0031390" startTime="2021-10-04T17:15:03.2927790-04:00" endTime="2021-10-04T17:15:03.2959170-04:00" testType="13cdc9d9-ddb5-4fa4-a97d-d965ccfc6d4b" outcome="Passed" testListId="8c84fa94-04c1-424b-9868-57a2d4851a1d" relativeResultsDirectory="ecd0fa17-5cb8-4f25-adcc-2de44bdac058" />
    <UnitTestResult executionId="554aa730-1621-48a1-879a-a2e5f05d5ade" testId="1ba666a9-505f-17c4-4bdf-33a9bb6fc01d" testName="ThenCanReadSuccessfulScenarioResultSuccessfully" computerName="Erics-MBP" duration="00:00:00.0085690" startTime="2021-10-04T17:15:03.2419510-04:00" endTime="2021-10-04T17:15:03.2505200-04:00" testType="13cdc9d9-ddb5-4fa4-a97d-d965ccfc6d4b" outcome="Passed" testListId="8c84fa94-04c1-424b-9868-57a2d4851a1d" relativeResultsDirectory="554aa730-1621-48a1-879a-a2e5f05d5ade" />
    <UnitTestResult executionId="9359abd6-b38c-4eb8-b296-a09b55abf2c0" testId="6b71b8f6-958a-0474-734c-5037b2d776ec" testName="ThenCanReadResultsWithBackslashes" computerName="Erics-MBP" duration="00:00:00.0032460" startTime="2021-10-04T17:15:02.3469330-04:00" endTime="2021-10-04T17:15:02.3501770-04:00" testType="13cdc9d9-ddb5-4fa4-a97d-d965ccfc6d4b" outcome="Passed" testListId="8c84fa94-04c1-424b-9868-57a2d4851a1d" relativeResultsDirectory="9359abd6-b38c-4eb8-b296-a09b55abf2c0" />
    <UnitTestResult executionId="67d28950-9357-4609-84fa-757b22f2076c" testId="654eaa9a-fb20-1f7a-8fb7-20107e7e962f" testName="ThenCanReadFeatureResultSuccessfully" computerName="Erics-MBP" duration="00:00:00.0033240" startTime="2021-10-04T17:15:03.6971140-04:00" endTime="2021-10-04T17:15:03.7004380-04:00" testType="13cdc9d9-ddb5-4fa4-a97d-d965ccfc6d4b" outcome="Passed" testListId="8c84fa94-04c1-424b-9868-57a2d4851a1d" relativeResultsDirectory="67d28950-9357-4609-84fa-757b22f2076c" />
    <UnitTestResult executionId="f089ebba-f6e2-4553-85d4-bc3b860b5d79" testId="ca034f59-6d8f-3d39-f10e-3725456122ef" testName="ThenCanReadResultOfScenarioWithFailingBackground" computerName="Erics-MBP" duration="00:00:00.0021909" startTime="2021-10-04T17:15:04.3106840-04:00" endTime="2021-10-04T17:15:04.3128750-04:00" testType="13cdc9d9-ddb5-4fa4-a97d-d965ccfc6d4b" outcome="Passed" testListId="8c84fa94-04c1-424b-9868-57a2d4851a1d" relativeResultsDirectory="f089ebba-f6e2-4553-85d4-bc3b860b5d79" />
    <UnitTestResult executionId="8af16b1b-85e7-4bfd-b5fe-e430f312b7c1" testId="1fd45540-89f6-40d1-32d1-2043299aad61" testName="ThenCanReadPassedFeatureResultSuccessfully" computerName="Erics-MBP" duration="00:00:00.0016400" startTime="2021-10-04T17:15:03.6014580-04:00" endTime="2021-10-04T17:15:03.6030980-04:00" testType="13cdc9d9-ddb5-4fa4-a97d-d965ccfc6d4b" outcome="Passed" testListId="8c84fa94-04c1-424b-9868-57a2d4851a1d" relativeResultsDirectory="8af16b1b-85e7-4bfd-b5fe-e430f312b7c1" />
    <UnitTestResult executionId="22ee0385-cd9e-4d91-b6d8-a1339c6b8c1d" testId="c8836a8e-d919-c2fa-5c2d-61cd7e788ac3" testName="ThenCanReadFailedScenarioResultSuccessfully" computerName="Erics-MBP" duration="00:00:00.0016120" startTime="2021-10-04T17:15:03.2520410-04:00" endTime="2021-10-04T17:15:03.2536530-04:00" testType="13cdc9d9-ddb5-4fa4-a97d-d965ccfc6d4b" outcome="Passed" testListId="8c84fa94-04c1-424b-9868-57a2d4851a1d" relativeResultsDirectory="22ee0385-cd9e-4d91-b6d8-a1339c6b8c1d" />
    <UnitTestResult executionId="2c48efe6-2613-4883-8474-8c8b83c0b94f" testId="eaddf983-315a-e36c-c3b9-c9529d03d71a" testName="ThenCanReadPassedFeatureResultSuccessfully" computerName="Erics-MBP" duration="00:00:00.0043650" startTime="2021-10-04T17:15:02.6012930-04:00" endTime="2021-10-04T17:15:02.6056570-04:00" testType="13cdc9d9-ddb5-4fa4-a97d-d965ccfc6d4b" outcome="Passed" testListId="8c84fa94-04c1-424b-9868-57a2d4851a1d" relativeResultsDirectory="2c48efe6-2613-4883-8474-8c8b83c0b94f" />
    <UnitTestResult executionId="2b1a84fe-7233-4f93-909d-107eeaac73f9" testId="51b33863-1938-707d-697f-94c37596fd6d" testName="ThenCanReadResultOfFeatureWithFailingBackground" computerName="Erics-MBP" duration="00:00:00.0069490" startTime="2021-10-04T17:15:02.1757080-04:00" endTime="2021-10-04T17:15:02.1826580-04:00" testType="13cdc9d9-ddb5-4fa4-a97d-d965ccfc6d4b" outcome="Passed" testListId="8c84fa94-04c1-424b-9868-57a2d4851a1d" relativeResultsDirectory="2b1a84fe-7233-4f93-909d-107eeaac73f9" />
    <UnitTestResult executionId="f53d111a-72fe-4515-94b3-dc1580f2beb1" testId="39aaf2dd-3448-323b-0eb5-0e11c3f52c46" testName="ThenCanReadResultsWithParenthesis" computerName="Erics-MBP" duration="00:00:00.0060110" startTime="2021-10-04T17:15:04.3242820-04:00" endTime="2021-10-04T17:15:04.3302920-04:00" testType="13cdc9d9-ddb5-4fa4-a97d-d965ccfc6d4b" outcome="Passed" testListId="8c84fa94-04c1-424b-9868-57a2d4851a1d" relativeResultsDirectory="f53d111a-72fe-4515-94b3-dc1580f2beb1" />
    <UnitTestResult executionId="1c11a547-869b-403f-97be-890988639e19" testId="10cbd16f-822a-fdd7-e8ae-fa1a3eaa3761" testName="ThenCanReadIndividualResultsFromScenarioOutline_MultipleNamedExamples_ShouldMatchExamples" computerName="Erics-MBP" duration="00:00:00.0027140" startTime="2021-10-04T17:15:04.2385020-04:00" endTime="2021-10-04T17:15:04.2412170-04:00" testType="13cdc9d9-ddb5-4fa4-a97d-d965ccfc6d4b" outcome="Passed" testListId="8c84fa94-04c1-424b-9868-57a2d4851a1d" relativeResultsDirectory="1c11a547-869b-403f-97be-890988639e19" />
    <UnitTestResult executionId="dd747c1c-149a-4bb0-bd4a-8c08b0a8f8a2" testId="a80ce00d-8fef-39f6-2b9d-90a0409ab21e" testName="ThenCanReadExamplesWithLongExampleValues" computerName="Erics-MBP" duration="00:00:00.0014630" startTime="2021-10-04T17:15:04.2048820-04:00" endTime="2021-10-04T17:15:04.2063450-04:00" testType="13cdc9d9-ddb5-4fa4-a97d-d965ccfc6d4b" outcome="Passed" testListId="8c84fa94-04c1-424b-9868-57a2d4851a1d" relativeResultsDirectory="dd747c1c-149a-4bb0-bd4a-8c08b0a8f8a2" />
    <UnitTestResult executionId="b740568c-1ab6-4551-a1c9-f4e75659bb61" testId="60839290-1eeb-d8b9-fa35-6da60cd7d64a" testName="ThenCanReadIndividualResultsFromScenarioOutline_MultipleNamedExamples_ShouldMatchExamples" computerName="Erics-MBP" duration="00:00:00.0116650" startTime="2021-10-04T17:15:03.8988780-04:00" endTime="2021-10-04T17:15:03.9105430-04:00" testType="13cdc9d9-ddb5-4fa4-a97d-d965ccfc6d4b" outcome="Passed" testListId="8c84fa94-04c1-424b-9868-57a2d4851a1d" relativeResultsDirectory="b740568c-1ab6-4551-a1c9-f4e75659bb61" />
    <UnitTestResult executionId="c6721f49-2509-417e-b140-0d9073fd8904" testId="62d8a504-87cb-5ba7-c255-1d3c38bd41a0" testName="ThenCanReadResultOfScenarioOutlineWithAmpersand" computerName="Erics-MBP" duration="00:00:00.0032050" startTime="2021-10-04T17:15:03.1902390-04:00" endTime="2021-10-04T17:15:03.1934430-04:00" testType="13cdc9d9-ddb5-4fa4-a97d-d965ccfc6d4b" outcome="Passed" testListId="8c84fa94-04c1-424b-9868-57a2d4851a1d" relativeResultsDirectory="c6721f49-2509-417e-b140-0d9073fd8904" />
    <UnitTestResult executionId="1fb6378b-7b66-4274-b221-4392711f583b" testId="996b6d38-8904-1e30-ea22-94e60915db8c" testName="ThenCanReadScenarioOutlineResultSuccessfully" computerName="Erics-MBP" duration="00:00:00.0043630" startTime="2021-10-04T17:15:03.0654890-04:00" endTime="2021-10-04T17:15:03.0698520-04:00" testType="13cdc9d9-ddb5-4fa4-a97d-d965ccfc6d4b" outcome="Passed" testListId="8c84fa94-04c1-424b-9868-57a2d4851a1d" relativeResultsDirectory="1fb6378b-7b66-4274-b221-4392711f583b" />
    <UnitTestResult executionId="1611aace-9c88-40e6-95ef-c55fb96e5323" testId="b326ef4c-7f50-dcc1-8e16-23f12d57cfac" testName="ThenCanReadNotFoundFeatureCorrectly" computerName="Erics-MBP" duration="00:00:00.0080500" startTime="2021-10-04T17:15:04.2809130-04:00" endTime="2021-10-04T17:15:04.2889620-04:00" testType="13cdc9d9-ddb5-4fa4-a97d-d965ccfc6d4b" outcome="Passed" testListId="8c84fa94-04c1-424b-9868-57a2d4851a1d" relativeResultsDirectory="1611aace-9c88-40e6-95ef-c55fb96e5323" />
    <UnitTestResult executionId="6a21c65e-3615-403f-974c-236968872658" testId="e2f7c893-77fd-2757-2bf1-4ba1cfd4b69d" testName="ThenCanResolveAsSingleton(&quot;results-example-xunit2.xml&quot;,&quot;XUnit.XUnit2.results-example-xunit2.xml&quot;,xUnit2,PicklesDoc.Pickles.TestFrameworks.XUnit.XUnit2.XUnit2Results)" computerName="Erics-MBP" duration="00:00:00.0021020" startTime="2021-10-04T17:15:04.0988180-04:00" endTime="2021-10-04T17:15:04.1009200-04:00" testType="13cdc9d9-ddb5-4fa4-a97d-d965ccfc6d4b" outcome="Passed" testListId="8c84fa94-04c1-424b-9868-57a2d4851a1d" relativeResultsDirectory="6a21c65e-3615-403f-974c-236968872658" />
    <UnitTestResult executionId="6a49fa59-34e4-4549-b47a-e36fce7b2dd9" testId="a082270a-fadb-de54-1aa3-b3ff6bca16d1" testName="ThenCanReadIndividualResultsFromScenarioOutline_AllPass_ShouldBeTestResultPassed" computerName="Erics-MBP" duration="00:00:00.0047780" startTime="2021-10-04T17:15:02.3978880-04:00" endTime="2021-10-04T17:15:02.4026660-04:00" testType="13cdc9d9-ddb5-4fa4-a97d-d965ccfc6d4b" outcome="Passed" testListId="8c84fa94-04c1-424b-9868-57a2d4851a1d" relativeResultsDirectory="6a49fa59-34e4-4549-b47a-e36fce7b2dd9" />
    <UnitTestResult executionId="769d1bfc-3f64-4b37-a1c1-e78ea6c497ab" testId="ce9f63bc-f09c-6c5b-d0d3-a2c6899e0bb7" testName="ThenCanReadIndividualResultsFromScenarioOutline_OneFailed_ShouldBeTestResultFailed" computerName="Erics-MBP" duration="00:00:00.0066140" startTime="2021-10-04T17:15:02.0385940-04:00" endTime="2021-10-04T17:15:02.0452060-04:00" testType="13cdc9d9-ddb5-4fa4-a97d-d965ccfc6d4b" outcome="Passed" testListId="8c84fa94-04c1-424b-9868-57a2d4851a1d" relativeResultsDirectory="769d1bfc-3f64-4b37-a1c1-e78ea6c497ab" />
    <UnitTestResult executionId="673d2f3c-024c-4d49-95a5-2a7232d518bd" testId="bfd25a89-37a1-8b6d-3055-743f4224a763" testName="GetScenarioOutlineResult_TwoInconclusive_ReturnsInconclusive" computerName="Erics-MBP" duration="00:00:00.0003980" startTime="2021-10-04T17:15:03.5825040-04:00" endTime="2021-10-04T17:15:03.5829020-04:00" testType="13cdc9d9-ddb5-4fa4-a97d-d965ccfc6d4b" outcome="Passed" testListId="8c84fa94-04c1-424b-9868-57a2d4851a1d" relativeResultsDirectory="673d2f3c-024c-4d49-95a5-2a7232d518bd" />
    <UnitTestResult executionId="9f007314-f594-4622-8dbb-f87cdd1f0320" testId="273b19f2-bc2e-0fff-03d9-8e3fde4e1105" testName="ThenIgnoredScenarioIsSetToInconclusive" computerName="Erics-MBP" duration="00:00:00.0007960" startTime="2021-10-04T17:15:03.8394410-04:00" endTime="2021-10-04T17:15:03.8402370-04:00" testType="13cdc9d9-ddb5-4fa4-a97d-d965ccfc6d4b" outcome="Passed" testListId="8c84fa94-04c1-424b-9868-57a2d4851a1d" relativeResultsDirectory="9f007314-f594-4622-8dbb-f87cdd1f0320" />
    <UnitTestResult executionId="d1341172-1e89-4857-ad33-f497a7d128d6" testId="c0743634-0e8c-60ff-dd33-aa3c1f7c437b" testName="ThenCanReadIgnoredScenarioResultSuccessfully" computerName="Erics-MBP" duration="00:00:00.0020430" startTime="2021-10-04T17:15:04.2787800-04:00" endTime="2021-10-04T17:15:04.2808240-04:00" testType="13cdc9d9-ddb5-4fa4-a97d-d965ccfc6d4b" outcome="Passed" testListId="8c84fa94-04c1-424b-9868-57a2d4851a1d" relativeResultsDirectory="d1341172-1e89-4857-ad33-f497a7d128d6" />
    <UnitTestResult executionId="7b5609aa-20fb-4334-8a99-7424e250a800" testId="6f030a63-1915-c5bb-effc-e00334ecdc58" testName="ThenCanReadNotFoundFeatureCorrectly" computerName="Erics-MBP" duration="00:00:00.0143920" startTime="2021-10-04T17:15:01.7565480-04:00" endTime="2021-10-04T17:15:01.7709400-04:00" testType="13cdc9d9-ddb5-4fa4-a97d-d965ccfc6d4b" outcome="Passed" testListId="8c84fa94-04c1-424b-9868-57a2d4851a1d" relativeResultsDirectory="7b5609aa-20fb-4334-8a99-7424e250a800" />
    <UnitTestResult executionId="7fd7a534-d348-42bd-9dd3-26bded3b5aa1" testId="ed1f5b6f-32d8-84ac-275a-18cb835c861f" testName="ThenCanReadResultOfFeatureWithFailingBackground" computerName="Erics-MBP" duration="00:00:00.0054100" startTime="2021-10-04T17:15:02.6056960-04:00" endTime="2021-10-04T17:15:02.6111050-04:00" testType="13cdc9d9-ddb5-4fa4-a97d-d965ccfc6d4b" outcome="Passed" testListId="8c84fa94-04c1-424b-9868-57a2d4851a1d" relativeResultsDirectory="7fd7a534-d348-42bd-9dd3-26bded3b5aa1" />
    <UnitTestResult executionId="cd5338ca-baa7-43b5-bbe3-e251879053e8" testId="f6f57a3d-4eb8-1874-da57-7a9e4d6b9c42" testName="ThenCanReadFailedScenarioResultSuccessfully" computerName="Erics-MBP" duration="00:00:00.0069920" startTime="2021-10-04T17:15:03.1378430-04:00" endTime="2021-10-04T17:15:03.1448350-04:00" testType="13cdc9d9-ddb5-4fa4-a97d-d965ccfc6d4b" outcome="Passed" testListId="8c84fa94-04c1-424b-9868-57a2d4851a1d" relativeResultsDirectory="cd5338ca-baa7-43b5-bbe3-e251879053e8" />
    <UnitTestResult executionId="c0c5c644-fc14-4d93-ac16-7d28ea23254d" testId="9347f5be-5008-ff2d-ab85-8c6415e57b12" testName="ThenCanReadResultOfScenarioOutlineWithUmlauts" computerName="Erics-MBP" duration="00:00:00.0031020" startTime="2021-10-04T17:15:03.6224720-04:00" endTime="2021-10-04T17:15:03.6255740-04:00" testType="13cdc9d9-ddb5-4fa4-a97d-d965ccfc6d4b" outcome="Passed" testListId="8c84fa94-04c1-424b-9868-57a2d4851a1d" relativeResultsDirectory="c0c5c644-fc14-4d93-ac16-7d28ea23254d" />
    <UnitTestResult executionId="67662534-3cd8-4a1b-bbb3-87bb5222b8f2" testId="feef8d1e-733e-c97b-cae9-59e37cf87fb6" testName="ThenCanReadResultsWithParenthesis" computerName="Erics-MBP" duration="00:00:00.0023720" startTime="2021-10-04T17:15:04.1970080-04:00" endTime="2021-10-04T17:15:04.1993800-04:00" testType="13cdc9d9-ddb5-4fa4-a97d-d965ccfc6d4b" outcome="Passed" testListId="8c84fa94-04c1-424b-9868-57a2d4851a1d" relativeResultsDirectory="67662534-3cd8-4a1b-bbb3-87bb5222b8f2" />
    <UnitTestResult executionId="8eaccdda-2be3-4bf6-a3df-b6e6332fb5f2" testId="11a87397-1757-077d-c7e6-d2ba1dcbdd5b" testName="ThenCanReadIndividualResultsFromScenarioOutline_OneInconclusive_ShouldBeTestResultInconclusive" computerName="Erics-MBP" duration="00:00:00.0101310" startTime="2021-10-04T17:15:02.0457250-04:00" endTime="2021-10-04T17:15:02.0558560-04:00" testType="13cdc9d9-ddb5-4fa4-a97d-d965ccfc6d4b" outcome="Passed" testListId="8c84fa94-04c1-424b-9868-57a2d4851a1d" relativeResultsDirectory="8eaccdda-2be3-4bf6-a3df-b6e6332fb5f2" />
    <UnitTestResult executionId="e74cbf9f-6e52-4cda-9494-26587b44789d" testId="13f1786b-ba98-dd5e-fe5d-f541f09404b5" testName="ThenCanReadInconclusiveFeatureResultSuccessfully" computerName="Erics-MBP" duration="00:00:00.0104530" startTime="2021-10-04T17:15:01.7403410-04:00" endTime="2021-10-04T17:15:01.7507940-04:00" testType="13cdc9d9-ddb5-4fa4-a97d-d965ccfc6d4b" outcome="Passed" testListId="8c84fa94-04c1-424b-9868-57a2d4851a1d" relativeResultsDirectory="e74cbf9f-6e52-4cda-9494-26587b44789d" />
    <UnitTestResult executionId="d6899460-ffc5-443c-92ce-cb611d7b89d2" testId="2d61dcee-0012-4326-757b-21eec977f81e" testName="ThenCanReadFailedFeatureResultSuccessfully" computerName="Erics-MBP" duration="00:00:00.0091140" startTime="2021-10-04T17:15:03.6845590-04:00" endTime="2021-10-04T17:15:03.6936730-04:00" testType="13cdc9d9-ddb5-4fa4-a97d-d965ccfc6d4b" outcome="Passed" testListId="8c84fa94-04c1-424b-9868-57a2d4851a1d" relativeResultsDirectory="d6899460-ffc5-443c-92ce-cb611d7b89d2" />
    <UnitTestResult executionId="e2a7c583-45c8-40b4-a6cb-aca54446e76f" testId="a7365563-432a-a490-6278-92d0ebb084fc" testName="ThenCanReadResultOfScenarioOutlineWithUmlauts" computerName="Erics-MBP" duration="00:00:00.0038790" startTime="2021-10-04T17:15:03.7867840-04:00" endTime="2021-10-04T17:15:03.7906620-04:00" testType="13cdc9d9-ddb5-4fa4-a97d-d965ccfc6d4b" outcome="Passed" testListId="8c84fa94-04c1-424b-9868-57a2d4851a1d" relativeResultsDirectory="e2a7c583-45c8-40b4-a6cb-aca54446e76f" />
    <UnitTestResult executionId="c05faec1-c7fd-4855-8aa0-d99b62ff585c" testId="99f5e557-c1c6-7f3a-33fd-4b0fa5a0fc7b" testName="ThenCanReadResultOfScenarioOutlineWithAmpersand" computerName="Erics-MBP" duration="00:00:00.0501650" startTime="2021-10-04T17:15:02.2005320-04:00" endTime="2021-10-04T17:15:02.2507180-04:00" testType="13cdc9d9-ddb5-4fa4-a97d-d965ccfc6d4b" outcome="Passed" testListId="8c84fa94-04c1-424b-9868-57a2d4851a1d" relativeResultsDirectory="c05faec1-c7fd-4855-8aa0-d99b62ff585c" />
    <UnitTestResult executionId="5b153605-1a0f-4a87-a293-5174631a5c29" testId="0743b053-5f80-39e3-2415-87af7f5a56f8" testName="ThenCanReadResultOfScenarioOutlineExampleWithFailingBackground" computerName="Erics-MBP" duration="00:00:00.0048329" startTime="2021-10-04T17:15:04.1466990-04:00" endTime="2021-10-04T17:15:04.1515310-04:00" testType="13cdc9d9-ddb5-4fa4-a97d-d965ccfc6d4b" outcome="Passed" testListId="8c84fa94-04c1-424b-9868-57a2d4851a1d" relativeResultsDirectory="5b153605-1a0f-4a87-a293-5174631a5c29" />
    <UnitTestResult executionId="d943d217-aa6e-4b99-bf73-087591a7669c" testId="65c51164-1841-273f-ce30-d1469bd02f88" testName="ThenCanReadResultOfScenarioOutlineWithFailingBackground" computerName="Erics-MBP" duration="00:00:00.0036880" startTime="2021-10-04T17:15:03.6074990-04:00" endTime="2021-10-04T17:15:03.6111860-04:00" testType="13cdc9d9-ddb5-4fa4-a97d-d965ccfc6d4b" outcome="Passed" testListId="8c84fa94-04c1-424b-9868-57a2d4851a1d" relativeResultsDirectory="d943d217-aa6e-4b99-bf73-087591a7669c" />
    <UnitTestResult executionId="b3ad5113-4051-4d54-b102-d7c89cd89969" testId="06d185b1-8e0c-2b9c-5317-e602212f73e4" testName="ThenCanReadIndividualResultsFromScenarioOutline_MultipleNamedExamples_ShouldMatchExamples" computerName="Erics-MBP" duration="00:00:00.0087530" startTime="2021-10-04T17:15:03.3947300-04:00" endTime="2021-10-04T17:15:03.4034830-04:00" testType="13cdc9d9-ddb5-4fa4-a97d-d965ccfc6d4b" outcome="Passed" testListId="8c84fa94-04c1-424b-9868-57a2d4851a1d" relativeResultsDirectory="b3ad5113-4051-4d54-b102-d7c89cd89969" />
    <UnitTestResult executionId="11506e20-8af5-4ddd-86ed-371a94b6a76e" testId="13bb17c0-9c5e-610c-5753-956c620e1962" testName="ThenCanReadNotFoundFeatureCorrectly" computerName="Erics-MBP" duration="00:00:00.0050210" startTime="2021-10-04T17:15:02.5831360-04:00" endTime="2021-10-04T17:15:02.5881570-04:00" testType="13cdc9d9-ddb5-4fa4-a97d-d965ccfc6d4b" outcome="Passed" testListId="8c84fa94-04c1-424b-9868-57a2d4851a1d" relativeResultsDirectory="11506e20-8af5-4ddd-86ed-371a94b6a76e" />
    <UnitTestResult executionId="2bb6c059-3a5a-4c08-a518-d9d7e5bd01a5" testId="5bf4d307-a36a-3c36-5190-d6315ecad070" testName="ThenCanReadResultsWithBackslashes" computerName="Erics-MBP" duration="00:00:00.0061970" startTime="2021-10-04T17:15:03.3065540-04:00" endTime="2021-10-04T17:15:03.3127480-04:00" testType="13cdc9d9-ddb5-4fa4-a97d-d965ccfc6d4b" outcome="Passed" testListId="8c84fa94-04c1-424b-9868-57a2d4851a1d" relativeResultsDirectory="2bb6c059-3a5a-4c08-a518-d9d7e5bd01a5" />
    <UnitTestResult executionId="3efa8f08-377b-4245-aaaf-dfe73a575250" testId="0fb4b634-81ad-43fa-a70e-b06cb2c289b2" testName="ThenCanReadFeatureResultSuccessfully" computerName="Erics-MBP" duration="00:00:00.0023750" startTime="2021-10-04T17:15:04.2763110-04:00" endTime="2021-10-04T17:15:04.2786870-04:00" testType="13cdc9d9-ddb5-4fa4-a97d-d965ccfc6d4b" outcome="Passed" testListId="8c84fa94-04c1-424b-9868-57a2d4851a1d" relativeResultsDirectory="3efa8f08-377b-4245-aaaf-dfe73a575250" />
    <UnitTestResult executionId="dad6031e-4afe-4208-972a-32a4fb5efeb1" testId="0be35ca5-d72a-7b15-1c8a-f42c97327233" testName="ThenCanReadIndividualResultsFromScenarioOutline_ExamplesWithDuplicateValues_ShouldMatchExamples" computerName="Erics-MBP" duration="00:00:00.0028290" startTime="2021-10-04T17:15:04.2231960-04:00" endTime="2021-10-04T17:15:04.2260240-04:00" testType="13cdc9d9-ddb5-4fa4-a97d-d965ccfc6d4b" outcome="Passed" testListId="8c84fa94-04c1-424b-9868-57a2d4851a1d" relativeResultsDirectory="dad6031e-4afe-4208-972a-32a4fb5efeb1" />
    <UnitTestResult executionId="2eb4cf7e-9948-4a93-977f-e3cdd20dadf4" testId="ec80a51d-21e0-d5fc-5b4e-aaa2b87640b8" testName="ThenCanReadIndividualResultsFromScenarioOutline_AllPass_ShouldBeTestResultPassed" computerName="Erics-MBP" duration="00:00:00.0265950" startTime="2021-10-04T17:15:04.4643910-04:00" endTime="2021-10-04T17:15:04.4909860-04:00" testType="13cdc9d9-ddb5-4fa4-a97d-d965ccfc6d4b" outcome="Passed" testListId="8c84fa94-04c1-424b-9868-57a2d4851a1d" relativeResultsDirectory="2eb4cf7e-9948-4a93-977f-e3cdd20dadf4" />
    <UnitTestResult executionId="bd01e44d-bee1-41d4-994e-d8b3a3f6e48e" testId="b3391feb-285b-6d84-ca18-8c0b0036158b" testName="ThenCanReadNotFoundScenarioCorrectly" computerName="Erics-MBP" duration="00:00:00.0023040" startTime="2021-10-04T17:15:04.2889930-04:00" endTime="2021-10-04T17:15:04.2912960-04:00" testType="13cdc9d9-ddb5-4fa4-a97d-d965ccfc6d4b" outcome="Passed" testListId="8c84fa94-04c1-424b-9868-57a2d4851a1d" relativeResultsDirectory="bd01e44d-bee1-41d4-994e-d8b3a3f6e48e" />
    <UnitTestResult executionId="2f445c3d-3c9c-4afb-b175-866ba0575ff1" testId="95a5821f-1395-86bd-c7b5-2db60e40402a" testName="RegularExpressionAsExampleContentMatches_With_Asterisk" computerName="Erics-MBP" duration="00:00:00.0010260" startTime="2021-10-04T17:15:04.2539450-04:00" endTime="2021-10-04T17:15:04.2549710-04:00" testType="13cdc9d9-ddb5-4fa4-a97d-d965ccfc6d4b" outcome="Passed" testListId="8c84fa94-04c1-424b-9868-57a2d4851a1d" relativeResultsDirectory="2f445c3d-3c9c-4afb-b175-866ba0575ff1" />
    <UnitTestResult executionId="1f92624d-41f3-4039-a2bd-f8917efe7dd7" testId="8f0f2481-35fe-ae01-bfcb-690467c4a7bc" testName="ThenCanReadResultOfScenarioOutlineWithAmpersand" computerName="Erics-MBP" duration="00:00:00.0026600" startTime="2021-10-04T17:15:03.0303000-04:00" endTime="2021-10-04T17:15:03.0329610-04:00" testType="13cdc9d9-ddb5-4fa4-a97d-d965ccfc6d4b" outcome="Passed" testListId="8c84fa94-04c1-424b-9868-57a2d4851a1d" relativeResultsDirectory="1f92624d-41f3-4039-a2bd-f8917efe7dd7" />
    <UnitTestResult executionId="6a2cadb0-dc67-4991-ba55-ba79724e16b8" testId="b65bf01a-1b91-6b6e-4a80-ca1071e8595d" testName="ThenDontThrowIfTheOutlineWasIgnored" computerName="Erics-MBP" duration="00:00:00.0058580" startTime="2021-10-04T17:15:04.2646450-04:00" endTime="2021-10-04T17:15:04.2705030-04:00" testType="13cdc9d9-ddb5-4fa4-a97d-d965ccfc6d4b" outcome="Passed" testListId="8c84fa94-04c1-424b-9868-57a2d4851a1d" relativeResultsDirectory="6a2cadb0-dc67-4991-ba55-ba79724e16b8" />
    <UnitTestResult executionId="848fb41d-f531-4165-a836-806a020532cb" testId="66e03bc3-9a1a-bb82-873e-d256b3c27477" testName="ThenCanReadSuccessfulScenarioResultSuccessfully" computerName="Erics-MBP" duration="00:00:00.0055950" startTime="2021-10-04T17:15:02.7485700-04:00" endTime="2021-10-04T17:15:02.7541640-04:00" testType="13cdc9d9-ddb5-4fa4-a97d-d965ccfc6d4b" outcome="Passed" testListId="8c84fa94-04c1-424b-9868-57a2d4851a1d" relativeResultsDirectory="848fb41d-f531-4165-a836-806a020532cb" />
    <UnitTestResult executionId="c22409f3-ad08-427f-bb54-3b265c12b753" testId="616fe719-bf7f-7000-9e32-4cae5f1dd897" testName="ThenCanReadSuccessfulScenarioResultSuccessfully" computerName="Erics-MBP" duration="00:00:00.0019630" startTime="2021-10-04T17:15:04.2017630-04:00" endTime="2021-10-04T17:15:04.2037270-04:00" testType="13cdc9d9-ddb5-4fa4-a97d-d965ccfc6d4b" outcome="Passed" testListId="8c84fa94-04c1-424b-9868-57a2d4851a1d" relativeResultsDirectory="c22409f3-ad08-427f-bb54-3b265c12b753" />
    <UnitTestResult executionId="bad6d483-bc5b-401e-9512-cf877baa03b4" testId="35ba7772-dced-01ec-65bd-9f0afe402f1a" testName="ThenCanReadExamplesWithLongExampleValues" computerName="Erics-MBP" duration="00:00:00.0097870" startTime="2021-10-04T17:15:02.7799460-04:00" endTime="2021-10-04T17:15:02.7897330-04:00" testType="13cdc9d9-ddb5-4fa4-a97d-d965ccfc6d4b" outcome="Passed" testListId="8c84fa94-04c1-424b-9868-57a2d4851a1d" relativeResultsDirectory="bad6d483-bc5b-401e-9512-cf877baa03b4" />
    <UnitTestResult executionId="0c89a685-7ec6-4094-b7d9-0db2c5ba633b" testId="76480529-7b76-e863-86e1-c858751ba287" testName="ThenCanReadResultOfFeatureWithFailingBackground" computerName="Erics-MBP" duration="00:00:00.0035000" startTime="2021-10-04T17:15:03.7401980-04:00" endTime="2021-10-04T17:15:03.7436980-04:00" testType="13cdc9d9-ddb5-4fa4-a97d-d965ccfc6d4b" outcome="Passed" testListId="8c84fa94-04c1-424b-9868-57a2d4851a1d" relativeResultsDirectory="0c89a685-7ec6-4094-b7d9-0db2c5ba633b" />
    <UnitTestResult executionId="19680088-8927-471a-b8d7-eb0b3230b437" testId="aa75de74-31a0-219d-da36-2e429565c098" testName="ThenCanReadIndividualResultsFromScenarioOutline_MultipleExampleSections_ShouldBeTestResultFailed" computerName="Erics-MBP" duration="00:00:00.0146270" startTime="2021-10-04T17:15:01.9896530-04:00" endTime="2021-10-04T17:15:02.0042800-04:00" testType="13cdc9d9-ddb5-4fa4-a97d-d965ccfc6d4b" outcome="Passed" testListId="8c84fa94-04c1-424b-9868-57a2d4851a1d" relativeResultsDirectory="19680088-8927-471a-b8d7-eb0b3230b437" />
    <UnitTestResult executionId="01d48d95-84a9-4dcd-811c-c6088c5dd2fe" testId="d0bc7ea5-e2a0-6790-9331-20e93b51d0a9" testName="ThenCanReadExamplesWithLongExampleValues" computerName="Erics-MBP" duration="00:00:00.0028320" startTime="2021-10-04T17:15:03.0798880-04:00" endTime="2021-10-04T17:15:03.0827200-04:00" testType="13cdc9d9-ddb5-4fa4-a97d-d965ccfc6d4b" outcome="Passed" testListId="8c84fa94-04c1-424b-9868-57a2d4851a1d" relativeResultsDirectory="01d48d95-84a9-4dcd-811c-c6088c5dd2fe" />
    <UnitTestResult executionId="32c88eda-286a-4e00-81e2-2bd9d837111c" testId="ad26ac72-d472-3446-b429-a39e27a79b16" testName="ThenCanReadResultOfScenarioWithDanishCharacters" computerName="Erics-MBP" duration="00:00:00.0026830" startTime="2021-10-04T17:15:03.2959540-04:00" endTime="2021-10-04T17:15:03.2986360-04:00" testType="13cdc9d9-ddb5-4fa4-a97d-d965ccfc6d4b" outcome="Passed" testListId="8c84fa94-04c1-424b-9868-57a2d4851a1d" relativeResultsDirectory="32c88eda-286a-4e00-81e2-2bd9d837111c" />
    <UnitTestResult executionId="8fa7a31e-a78d-4f82-9851-8bb0feba565b" testId="84ecda38-a103-69a6-dbd6-ef8eb51c722d" testName="ThenCanReadResultOfScenarioWithSpecialCharacters" computerName="Erics-MBP" duration="00:00:00.0067710" startTime="2021-10-04T17:15:01.8889470-04:00" endTime="2021-10-04T17:15:01.8957170-04:00" testType="13cdc9d9-ddb5-4fa4-a97d-d965ccfc6d4b" outcome="Passed" testListId="8c84fa94-04c1-424b-9868-57a2d4851a1d" relativeResultsDirectory="8fa7a31e-a78d-4f82-9851-8bb0feba565b" />
    <UnitTestResult executionId="30d250b8-6f9d-472f-862c-f6aec38fb8bb" testId="78a4d834-d8c9-b5a6-8099-63f422dfe326" testName="ThenCanReadInconclusiveFeatureResultSuccessfully" computerName="Erics-MBP" duration="00:00:00.0031270" startTime="2021-10-04T17:15:03.5964650-04:00" endTime="2021-10-04T17:15:03.5995920-04:00" testType="13cdc9d9-ddb5-4fa4-a97d-d965ccfc6d4b" outcome="Passed" testListId="8c84fa94-04c1-424b-9868-57a2d4851a1d" relativeResultsDirectory="30d250b8-6f9d-472f-862c-f6aec38fb8bb" />
    <UnitTestResult executionId="4f5af81e-c26e-4ea4-803b-988e7546d53c" testId="3f5af0d1-875c-7462-d712-e00deb320d7a" testName="ThenCanReadResultOfFeatureWithFailingBackground" computerName="Erics-MBP" duration="00:00:00.0056470" startTime="2021-10-04T17:15:01.7829150-04:00" endTime="2021-10-04T17:15:01.7885620-04:00" testType="13cdc9d9-ddb5-4fa4-a97d-d965ccfc6d4b" outcome="Passed" testListId="8c84fa94-04c1-424b-9868-57a2d4851a1d" relativeResultsDirectory="4f5af81e-c26e-4ea4-803b-988e7546d53c" />
    <UnitTestResult executionId="d846be94-35a6-482b-9ba0-36bcc66b1670" testId="2a458999-94a8-df5e-d99f-8bcf0589d98d" testName="ThenCanReadResultOfScenarioWithSpanishCharacters" computerName="Erics-MBP" duration="00:00:00.0030130" startTime="2021-10-04T17:15:03.2253790-04:00" endTime="2021-10-04T17:15:03.2283920-04:00" testType="13cdc9d9-ddb5-4fa4-a97d-d965ccfc6d4b" outcome="Passed" testListId="8c84fa94-04c1-424b-9868-57a2d4851a1d" relativeResultsDirectory="d846be94-35a6-482b-9ba0-36bcc66b1670" />
    <UnitTestResult executionId="943288a4-e893-4937-a447-2dd4ab0aea86" testId="4af94715-f0ba-c849-32a4-dbc86e4a475a" testName="ThenCanReadScenarioOutlineResultSuccessfully" computerName="Erics-MBP" duration="00:00:00.0093680" startTime="2021-10-04T17:15:01.9255490-04:00" endTime="2021-10-04T17:15:01.9349180-04:00" testType="13cdc9d9-ddb5-4fa4-a97d-d965ccfc6d4b" outcome="Passed" testListId="8c84fa94-04c1-424b-9868-57a2d4851a1d" relativeResultsDirectory="943288a4-e893-4937-a447-2dd4ab0aea86" />
    <UnitTestResult executionId="3e5a2182-6854-4a9d-a4e3-cf46b05efdc7" testId="98e742b5-a9e8-df93-45b6-fa0d531caa6b" testName="TestResultsFileIsMessingElementsForAFeature_ShouldReturnInconclusive" computerName="Erics-MBP" duration="00:00:00.0016260" startTime="2021-10-04T17:15:02.0690120-04:00" endTime="2021-10-04T17:15:02.0706390-04:00" testType="13cdc9d9-ddb5-4fa4-a97d-d965ccfc6d4b" outcome="Passed" testListId="8c84fa94-04c1-424b-9868-57a2d4851a1d" relativeResultsDirectory="3e5a2182-6854-4a9d-a4e3-cf46b05efdc7" />
    <UnitTestResult executionId="c0f9b0b5-7544-4253-9c5a-8a5dc12f0845" testId="731f5d07-dc75-9cda-bd6a-a157696b5258" testName="ThenIgnoredScenarioIsSetToInconclusive" computerName="Erics-MBP" duration="00:00:00.0012580" startTime="2021-10-04T17:15:02.7770250-04:00" endTime="2021-10-04T17:15:02.7782830-04:00" testType="13cdc9d9-ddb5-4fa4-a97d-d965ccfc6d4b" outcome="Passed" testListId="8c84fa94-04c1-424b-9868-57a2d4851a1d" relativeResultsDirectory="c0f9b0b5-7544-4253-9c5a-8a5dc12f0845" />
    <UnitTestResult executionId="c4e48fca-7a05-4627-a889-7f796d82ff2b" testId="8e1e0562-0c98-e226-1bf8-4de563a5fa13" testName="ThenCanReadResultOfFeatureWithFailingBackground" computerName="Erics-MBP" duration="00:00:00.0020180" startTime="2021-10-04T17:15:04.1446170-04:00" endTime="2021-10-04T17:15:04.1466340-04:00" testType="13cdc9d9-ddb5-4fa4-a97d-d965ccfc6d4b" outcome="Passed" testListId="8c84fa94-04c1-424b-9868-57a2d4851a1d" relativeResultsDirectory="c4e48fca-7a05-4627-a889-7f796d82ff2b" />
    <UnitTestResult executionId="9ac4fd58-1669-4bba-8c40-4f463d92314a" testId="631fe5fb-b05e-5e70-7bfe-0a09b32bd7e6" testName="ThenCanReadInconclusiveScenarioResultSuccessfully" computerName="Erics-MBP" duration="00:00:00.0081580" startTime="2021-10-04T17:15:02.9930410-04:00" endTime="2021-10-04T17:15:03.0011970-04:00" testType="13cdc9d9-ddb5-4fa4-a97d-d965ccfc6d4b" outcome="Passed" testListId="8c84fa94-04c1-424b-9868-57a2d4851a1d" relativeResultsDirectory="9ac4fd58-1669-4bba-8c40-4f463d92314a" />
    <UnitTestResult executionId="17eff867-fd9b-47dd-bed8-491cfa198796" testId="f433ab30-ec94-3266-329c-2d06d086eb91" testName="ThenCanReadResultOfScenarioOutlineWithSpecialCharacters" computerName="Erics-MBP" duration="00:00:00.0068040" startTime="2021-10-04T17:15:01.8360220-04:00" endTime="2021-10-04T17:15:01.8428260-04:00" testType="13cdc9d9-ddb5-4fa4-a97d-d965ccfc6d4b" outcome="Passed" testListId="8c84fa94-04c1-424b-9868-57a2d4851a1d" relativeResultsDirectory="17eff867-fd9b-47dd-bed8-491cfa198796" />
    <UnitTestResult executionId="6fc8b00d-b390-4481-b519-e9dc3bfa4d00" testId="cc57926d-969f-f4d6-e13e-e69125306611" testName="ThenCanReadScenarioOutlineResultSuccessfully" computerName="Erics-MBP" duration="00:00:00.0016690" startTime="2021-10-04T17:15:03.6334130-04:00" endTime="2021-10-04T17:15:03.6350820-04:00" testType="13cdc9d9-ddb5-4fa4-a97d-d965ccfc6d4b" outcome="Passed" testListId="8c84fa94-04c1-424b-9868-57a2d4851a1d" relativeResultsDirectory="6fc8b00d-b390-4481-b519-e9dc3bfa4d00" />
    <UnitTestResult executionId="54f4373e-2ecb-439a-8286-2b91f06b5f97" testId="f6472f07-5ce8-7db5-6dd2-9068452de237" testName="ThenCanReadIndividualResultsFromScenarioOutline_MultipleNamedExamplesWithDuplicateValues_ShouldMatchExamples" computerName="Erics-MBP" duration="00:00:00.0217450" startTime="2021-10-04T17:15:03.9113750-04:00" endTime="2021-10-04T17:15:03.9331200-04:00" testType="13cdc9d9-ddb5-4fa4-a97d-d965ccfc6d4b" outcome="Passed" testListId="8c84fa94-04c1-424b-9868-57a2d4851a1d" relativeResultsDirectory="54f4373e-2ecb-439a-8286-2b91f06b5f97" />
    <UnitTestResult executionId="0138e175-be75-4b9e-9563-ed63a978c05b" testId="1d8da37b-0383-95ed-5f34-6e3377ad113e" testName="ThenCanReadExamplesWithLongExampleValues" computerName="Erics-MBP" duration="00:00:00.0099290" startTime="2021-10-04T17:15:02.3836190-04:00" endTime="2021-10-04T17:15:02.3935490-04:00" testType="13cdc9d9-ddb5-4fa4-a97d-d965ccfc6d4b" outcome="Passed" testListId="8c84fa94-04c1-424b-9868-57a2d4851a1d" relativeResultsDirectory="0138e175-be75-4b9e-9563-ed63a978c05b" />
    <UnitTestResult executionId="2a5c5772-89e1-4f78-a619-6f2676aa1271" testId="b60b2e32-2e62-9f1a-0957-c89aa9a236dd" testName="ThenCanReadIndividualResultsFromScenarioOutline_OneFailed_ShouldBeTestResultFailed" computerName="Erics-MBP" duration="00:00:00.0018410" startTime="2021-10-04T17:15:03.6443570-04:00" endTime="2021-10-04T17:15:03.6461980-04:00" testType="13cdc9d9-ddb5-4fa4-a97d-d965ccfc6d4b" outcome="Passed" testListId="8c84fa94-04c1-424b-9868-57a2d4851a1d" relativeResultsDirectory="2a5c5772-89e1-4f78-a619-6f2676aa1271" />
    <UnitTestResult executionId="af8baa8f-b1dd-4589-81c8-bac86634ee93" testId="cff9ba3d-2dbc-742f-d119-8f20ec27c96a" testName="ThenCanReadIndividualResultsFromScenarioOutline_MultipleExamplesWithDuplicateValues_ShouldMatchExamples" computerName="Erics-MBP" duration="00:00:00.0052610" startTime="2021-10-04T17:15:03.8935490-04:00" endTime="2021-10-04T17:15:03.8988090-04:00" testType="13cdc9d9-ddb5-4fa4-a97d-d965ccfc6d4b" outcome="Passed" testListId="8c84fa94-04c1-424b-9868-57a2d4851a1d" relativeResultsDirectory="af8baa8f-b1dd-4589-81c8-bac86634ee93" />
    <UnitTestResult executionId="7b44557e-86a3-40d1-b9b9-a5aca30f5c29" testId="2b2c3e93-fce0-8fb6-cf91-4df9fcc9f54b" testName="ThenCanReadResultsWithParenthesis" computerName="Erics-MBP" duration="00:00:00.0045150" startTime="2021-10-04T17:15:03.2343170-04:00" endTime="2021-10-04T17:15:03.2388310-04:00" testType="13cdc9d9-ddb5-4fa4-a97d-d965ccfc6d4b" outcome="Passed" testListId="8c84fa94-04c1-424b-9868-57a2d4851a1d" relativeResultsDirectory="7b44557e-86a3-40d1-b9b9-a5aca30f5c29" />
    <UnitTestResult executionId="531a2fce-c0cc-42d7-b753-bbc53090d661" testId="49f08ad4-e3ca-7af9-80e5-b685a0b47674" testName="ThenCanReadFailedScenarioResultSuccessfully" computerName="Erics-MBP" duration="00:00:00.0035800" startTime="2021-10-04T17:15:04.1254810-04:00" endTime="2021-10-04T17:15:04.1290620-04:00" testType="13cdc9d9-ddb5-4fa4-a97d-d965ccfc6d4b" outcome="Passed" testListId="8c84fa94-04c1-424b-9868-57a2d4851a1d" relativeResultsDirectory="531a2fce-c0cc-42d7-b753-bbc53090d661" />
    <UnitTestResult executionId="a46029f6-c7e6-4e3f-8fb2-d5b99a476882" testId="d5b1edb5-b12f-6f9b-d326-d112d604818d" testName="ThenCanReadResultsWithParenthesis" computerName="Erics-MBP" duration="00:00:00.0075210" startTime="2021-10-04T17:15:01.9031410-04:00" endTime="2021-10-04T17:15:01.9106610-04:00" testType="13cdc9d9-ddb5-4fa4-a97d-d965ccfc6d4b" outcome="Passed" testListId="8c84fa94-04c1-424b-9868-57a2d4851a1d" relativeResultsDirectory="a46029f6-c7e6-4e3f-8fb2-d5b99a476882" />
    <UnitTestResult executionId="118e5b01-044d-4e65-9105-7981d4c7535d" testId="ded252ea-8f84-3526-fab0-59d3517f77f7" testName="ThenCanSuccessfullyMatchSpecialCharacters" computerName="Erics-MBP" duration="00:00:00.0015580" startTime="2021-10-04T17:15:03.1347670-04:00" endTime="2021-10-04T17:15:03.1363260-04:00" testType="13cdc9d9-ddb5-4fa4-a97d-d965ccfc6d4b" outcome="Passed" testListId="8c84fa94-04c1-424b-9868-57a2d4851a1d" relativeResultsDirectory="118e5b01-044d-4e65-9105-7981d4c7535d" />
    <UnitTestResult executionId="0cf6db41-9f20-4fb3-92c9-26c231757394" testId="cb84e372-0db4-cadb-ea5a-8162f8875b13" testName="ThenCanReadIndividualResultsFromScenarioOutline_OneFailed_ShouldBeTestResultFailed" computerName="Erics-MBP" duration="00:00:00.0277580" startTime="2021-10-04T17:15:04.7829620-04:00" endTime="2021-10-04T17:15:04.8107190-04:00" testType="13cdc9d9-ddb5-4fa4-a97d-d965ccfc6d4b" outcome="Passed" testListId="8c84fa94-04c1-424b-9868-57a2d4851a1d" relativeResultsDirectory="0cf6db41-9f20-4fb3-92c9-26c231757394" />
    <UnitTestResult executionId="438f1838-3d9e-4d1b-a790-4195c4bf0634" testId="741a4e57-0cca-d960-3bbc-2a95ae33db53" testName="ThenCanReadIndividualResultsFromScenarioOutline_AllPass_ShouldBeTestResultPassed" computerName="Erics-MBP" duration="00:00:00.0070240" startTime="2021-10-04T17:15:01.9754150-04:00" endTime="2021-10-04T17:15:01.9824410-04:00" testType="13cdc9d9-ddb5-4fa4-a97d-d965ccfc6d4b" outcome="Passed" testListId="8c84fa94-04c1-424b-9868-57a2d4851a1d" relativeResultsDirectory="438f1838-3d9e-4d1b-a790-4195c4bf0634" />
    <UnitTestResult executionId="cd291cf1-e389-412b-ad17-e7cd0289c34e" testId="00c90b43-b77b-0b3c-b457-9469df9e7f8e" testName="ThenCanReadInconclusiveFeatureResultSuccessfully" computerName="Erics-MBP" duration="00:00:00.0066340" startTime="2021-10-04T17:15:02.1080560-04:00" endTime="2021-10-04T17:15:02.1146900-04:00" testType="13cdc9d9-ddb5-4fa4-a97d-d965ccfc6d4b" outcome="Passed" testListId="8c84fa94-04c1-424b-9868-57a2d4851a1d" relativeResultsDirectory="cd291cf1-e389-412b-ad17-e7cd0289c34e" />
    <UnitTestResult executionId="fd42c6a3-ab10-43ac-8115-99c7d2f423d0" testId="4fd0e4d4-201f-f92a-a4bd-73991d73bd74" testName="ThenCanReadIndividualResultsFromScenarioOutline_OneFailed_ShouldBeTestResultFailed" computerName="Erics-MBP" duration="00:00:00.0045130" startTime="2021-10-04T17:15:03.4072850-04:00" endTime="2021-10-04T17:15:03.4117970-04:00" testType="13cdc9d9-ddb5-4fa4-a97d-d965ccfc6d4b" outcome="Passed" testListId="8c84fa94-04c1-424b-9868-57a2d4851a1d" relativeResultsDirectory="fd42c6a3-ab10-43ac-8115-99c7d2f423d0" />
    <UnitTestResult executionId="abba1fe8-cc1e-4ec3-a2d0-fd0373af8768" testId="ffc628dd-c985-e3f1-ca17-da9cca506fbc" testName="GetScenarioResult_TwoInconclusive_ReturnsInconclusive" computerName="Erics-MBP" duration="00:00:00.0003560" startTime="2021-10-04T17:15:03.5838040-04:00" endTime="2021-10-04T17:15:03.5841600-04:00" testType="13cdc9d9-ddb5-4fa4-a97d-d965ccfc6d4b" outcome="Passed" testListId="8c84fa94-04c1-424b-9868-57a2d4851a1d" relativeResultsDirectory="abba1fe8-cc1e-4ec3-a2d0-fd0373af8768" />
    <UnitTestResult executionId="a3ba8771-2426-42a9-a3a4-4e91900b377a" testId="25c1bea4-c0ff-d075-22a4-63b5c72151e9" testName="ThenCanReadNotFoundScenarioCorrectly" computerName="Erics-MBP" duration="00:00:00.0130250" startTime="2021-10-04T17:15:02.5882210-04:00" endTime="2021-10-04T17:15:02.6012450-04:00" testType="13cdc9d9-ddb5-4fa4-a97d-d965ccfc6d4b" outcome="Passed" testListId="8c84fa94-04c1-424b-9868-57a2d4851a1d" relativeResultsDirectory="a3ba8771-2426-42a9-a3a4-4e91900b377a" />
    <UnitTestResult executionId="a0228c63-1a0b-474e-8f34-9140fc18a2a0" testId="af52bc0c-9d4d-dbfe-1e9a-8d33e897ef69" testName="ThenCanReadFailedFeatureResultSuccessfully" computerName="Erics-MBP" duration="00:00:00.0014960" startTime="2021-10-04T17:15:02.9790500-04:00" endTime="2021-10-04T17:15:02.9805460-04:00" testType="13cdc9d9-ddb5-4fa4-a97d-d965ccfc6d4b" outcome="Passed" testListId="8c84fa94-04c1-424b-9868-57a2d4851a1d" relativeResultsDirectory="a0228c63-1a0b-474e-8f34-9140fc18a2a0" />
    <UnitTestResult executionId="317044e7-74b1-46ad-9a45-4a61951f0e70" testId="e2225881-39fd-7f1c-d804-53db9fd0bebf" testName="ThenCanReadScenarioOutlineResultSuccessfully" computerName="Erics-MBP" duration="00:00:00.0029600" startTime="2021-10-04T17:15:03.2389190-04:00" endTime="2021-10-04T17:15:03.2418780-04:00" testType="13cdc9d9-ddb5-4fa4-a97d-d965ccfc6d4b" outcome="Passed" testListId="8c84fa94-04c1-424b-9868-57a2d4851a1d" relativeResultsDirectory="317044e7-74b1-46ad-9a45-4a61951f0e70" />
    <UnitTestResult executionId="775a8a95-244e-400d-aa71-02723123e1ce" testId="11042bfa-6f03-b286-ef0b-94ab219837bb" testName="ThenCanReadIndividualResultsFromScenarioOutline_MultipleNamedExamplesWithDuplicateValues_ShouldMatchExamples" computerName="Erics-MBP" duration="00:00:00.0053630" startTime="2021-10-04T17:15:02.4418190-04:00" endTime="2021-10-04T17:15:02.4471810-04:00" testType="13cdc9d9-ddb5-4fa4-a97d-d965ccfc6d4b" outcome="Passed" testListId="8c84fa94-04c1-424b-9868-57a2d4851a1d" relativeResultsDirectory="775a8a95-244e-400d-aa71-02723123e1ce" />
    <UnitTestResult executionId="67c01c2f-a535-4911-9c24-89e56df52e5a" testId="0c92b541-a11c-af2d-cc00-baa08658eac8" testName="ThenCanReadPassedScenarioResultSuccessfully" computerName="Erics-MBP" duration="00:00:00.0020530" startTime="2021-10-04T17:15:03.6749410-04:00" endTime="2021-10-04T17:15:03.6769950-04:00" testType="13cdc9d9-ddb5-4fa4-a97d-d965ccfc6d4b" outcome="Passed" testListId="8c84fa94-04c1-424b-9868-57a2d4851a1d" relativeResultsDirectory="67c01c2f-a535-4911-9c24-89e56df52e5a" />
    <UnitTestResult executionId="f305da1a-aa62-462b-87ca-5a10d4666345" testId="be92073c-cf35-830c-7fa7-636e79ce0e65" testName="ThenCanReadIndividualResultsFromScenarioOutline_MultipleNamedExamples_ShouldMatchExamples" computerName="Erics-MBP" duration="00:00:00.0051020" startTime="2021-10-04T17:15:02.0254270-04:00" endTime="2021-10-04T17:15:02.0305290-04:00" testType="13cdc9d9-ddb5-4fa4-a97d-d965ccfc6d4b" outcome="Passed" testListId="8c84fa94-04c1-424b-9868-57a2d4851a1d" relativeResultsDirectory="f305da1a-aa62-462b-87ca-5a10d4666345" />
    <UnitTestResult executionId="f9daf647-7f24-44cf-9708-1ebd3735698f" testId="877ca2ae-a522-d5d7-2fd9-a3dd2ef9b711" testName="ThenCanReadIndividualResultsFromScenarioOutline_MultipleExampleSections_ShouldBeTestResultFailed" computerName="Erics-MBP" duration="00:00:00.0130880" startTime="2021-10-04T17:15:02.8322550-04:00" endTime="2021-10-04T17:15:02.8453420-04:00" testType="13cdc9d9-ddb5-4fa4-a97d-d965ccfc6d4b" outcome="Passed" testListId="8c84fa94-04c1-424b-9868-57a2d4851a1d" relativeResultsDirectory="f9daf647-7f24-44cf-9708-1ebd3735698f" />
    <UnitTestResult executionId="0ede798a-c9ba-4cec-9471-df773d79124a" testId="8ace6733-ba13-8c23-aec1-3ea938759ad0" testName="ThenCanReadResultOfFeatureWithFailingBackground" computerName="Erics-MBP" duration="00:00:00.0039220" startTime="2021-10-04T17:15:03.0213020-04:00" endTime="2021-10-04T17:15:03.0252250-04:00" testType="13cdc9d9-ddb5-4fa4-a97d-d965ccfc6d4b" outcome="Passed" testListId="8c84fa94-04c1-424b-9868-57a2d4851a1d" relativeResultsDirectory="0ede798a-c9ba-4cec-9471-df773d79124a" />
    <UnitTestResult executionId="0ba47eea-57f2-4412-a4ef-7a0fe36e6dc9" testId="ad512448-3972-9a5f-6725-9bed00cac1bb" testName="ThenCanReadIndividualResultsFromScenarioOutline_ExamplesWithDuplicateValues_ShouldMatchExamples" computerName="Erics-MBP" duration="00:00:00.0047370" startTime="2021-10-04T17:15:02.4027440-04:00" endTime="2021-10-04T17:15:02.4074810-04:00" testType="13cdc9d9-ddb5-4fa4-a97d-d965ccfc6d4b" outcome="Passed" testListId="8c84fa94-04c1-424b-9868-57a2d4851a1d" relativeResultsDirectory="0ba47eea-57f2-4412-a4ef-7a0fe36e6dc9" />
    <UnitTestResult executionId="d25ad5ae-53b6-40b1-86f4-fc1fc05130ca" testId="0bcd34cc-6526-724a-3466-15a3045d227d" testName="ThenCanReadFeatureResultSuccessfully" computerName="Erics-MBP" duration="00:00:00.0026240" startTime="2021-10-04T17:15:03.2536800-04:00" endTime="2021-10-04T17:15:03.2563030-04:00" testType="13cdc9d9-ddb5-4fa4-a97d-d965ccfc6d4b" outcome="Passed" testListId="8c84fa94-04c1-424b-9868-57a2d4851a1d" relativeResultsDirectory="d25ad5ae-53b6-40b1-86f4-fc1fc05130ca" />
    <UnitTestResult executionId="450639b4-e8ca-4c44-91fd-74ed965785c8" testId="9c713a2b-9e76-2415-d955-46aa4b04bc55" testName="ThenCanReadFailedScenarioResultSuccessfully" computerName="Erics-MBP" duration="00:00:00.0036040" startTime="2021-10-04T17:15:02.9300260-04:00" endTime="2021-10-04T17:15:02.9336300-04:00" testType="13cdc9d9-ddb5-4fa4-a97d-d965ccfc6d4b" outcome="Passed" testListId="8c84fa94-04c1-424b-9868-57a2d4851a1d" relativeResultsDirectory="450639b4-e8ca-4c44-91fd-74ed965785c8" />
    <UnitTestResult executionId="e049d905-e996-4c1f-933e-45a1924c9dbb" testId="0d4c793d-3e33-a08f-1290-d7f68ea68b15" testName="ThenCanReadResultsWithBackslashes" computerName="Erics-MBP" duration="00:00:00.0045570" startTime="2021-10-04T17:15:02.7272130-04:00" endTime="2021-10-04T17:15:02.7317690-04:00" testType="13cdc9d9-ddb5-4fa4-a97d-d965ccfc6d4b" outcome="Passed" testListId="8c84fa94-04c1-424b-9868-57a2d4851a1d" relativeResultsDirectory="e049d905-e996-4c1f-933e-45a1924c9dbb" />
    <UnitTestResult executionId="6c09a921-6051-4b98-8366-7dbebc5d92eb" testId="d2ebcdb0-238b-cbb7-f625-318772534557" testName="ThenCanReadPassedFeatureResultSuccessfully" computerName="Erics-MBP" duration="00:00:00.0033980" startTime="2021-10-04T17:15:03.0066540-04:00" endTime="2021-10-04T17:15:03.0100510-04:00" testType="13cdc9d9-ddb5-4fa4-a97d-d965ccfc6d4b" outcome="Passed" testListId="8c84fa94-04c1-424b-9868-57a2d4851a1d" relativeResultsDirectory="6c09a921-6051-4b98-8366-7dbebc5d92eb" />
    <UnitTestResult executionId="689ab4b0-43b3-4997-80ad-a3a7608fc10a" testId="26745cdf-54c9-6722-4605-f8b66ff30e43" testName="ThenCanReadResultOfScenarioOutlineWithSpecialCharacters" computerName="Erics-MBP" duration="00:00:00.0031189" startTime="2021-10-04T17:15:03.1973470-04:00" endTime="2021-10-04T17:15:03.2004660-04:00" testType="13cdc9d9-ddb5-4fa4-a97d-d965ccfc6d4b" outcome="Passed" testListId="8c84fa94-04c1-424b-9868-57a2d4851a1d" relativeResultsDirectory="689ab4b0-43b3-4997-80ad-a3a7608fc10a" />
    <UnitTestResult executionId="dd798425-6136-4b0f-aa25-83b295e49475" testId="6bd493a3-ac41-907d-ed2a-363507596529" testName="ThenCanReadIndividualResultsFromScenarioOutline_MultipleExamplesWithDuplicateValues_ShouldMatchExamples" computerName="Erics-MBP" duration="00:00:00.0030850" startTime="2021-10-04T17:15:03.1005110-04:00" endTime="2021-10-04T17:15:03.1035950-04:00" testType="13cdc9d9-ddb5-4fa4-a97d-d965ccfc6d4b" outcome="Passed" testListId="8c84fa94-04c1-424b-9868-57a2d4851a1d" relativeResultsDirectory="dd798425-6136-4b0f-aa25-83b295e49475" />
    <UnitTestResult executionId="5af0c15a-8fd5-4027-b9b8-15e3d77c6a9e" testId="ac0a91f2-dd7a-5fc1-8193-eac940cd0656" testName="ThenCanReadSuccessfulScenarioResultSuccessfully" computerName="Erics-MBP" duration="00:00:00.0032760" startTime="2021-10-04T17:15:03.0748490-04:00" endTime="2021-10-04T17:15:03.0781240-04:00" testType="13cdc9d9-ddb5-4fa4-a97d-d965ccfc6d4b" outcome="Passed" testListId="8c84fa94-04c1-424b-9868-57a2d4851a1d" relativeResultsDirectory="5af0c15a-8fd5-4027-b9b8-15e3d77c6a9e" />
    <UnitTestResult executionId="b9090e10-2470-4970-a637-e19f1ee1c6b1" testId="32e9b154-88f8-7f55-059c-e846ef3efc38" testName="ThenCanResolve(&quot;results-example-xunit2.xml&quot;,&quot;XUnit.XUnit2.results-example-xunit2.xml&quot;,xUnit2,PicklesDoc.Pickles.TestFrameworks.XUnit.XUnit2.XUnit2Results)" computerName="Erics-MBP" duration="00:00:00.0655920" startTime="2021-10-04T17:15:03.9897770-04:00" endTime="2021-10-04T17:15:04.0553690-04:00" testType="13cdc9d9-ddb5-4fa4-a97d-d965ccfc6d4b" outcome="Passed" testListId="8c84fa94-04c1-424b-9868-57a2d4851a1d" relativeResultsDirectory="b9090e10-2470-4970-a637-e19f1ee1c6b1" />
    <UnitTestResult executionId="e01983b0-33a2-4f0a-a8b8-00499dfd245d" testId="e41e37c8-c167-4d5a-947f-916a5e4f0a98" testName="ThenCanReadIgnoredScenarioResultSuccessfully" computerName="Erics-MBP" duration="00:00:00.0033090" startTime="2021-10-04T17:15:03.7004710-04:00" endTime="2021-10-04T17:15:03.7037790-04:00" testType="13cdc9d9-ddb5-4fa4-a97d-d965ccfc6d4b" outcome="Passed" testListId="8c84fa94-04c1-424b-9868-57a2d4851a1d" relativeResultsDirectory="e01983b0-33a2-4f0a-a8b8-00499dfd245d" />
    <UnitTestResult executionId="25f021b3-6315-49de-ad71-3f334bdecf36" testId="883b6ac9-ac51-b5f6-5a08-17161bbcc88f" testName="ThenCanReadIndividualResultsFromScenarioOutline_AllPass_ShouldBeTestResultPassed" computerName="Erics-MBP" duration="00:00:00.0016740" startTime="2021-10-04T17:15:03.6387950-04:00" endTime="2021-10-04T17:15:03.6404690-04:00" testType="13cdc9d9-ddb5-4fa4-a97d-d965ccfc6d4b" outcome="Passed" testListId="8c84fa94-04c1-424b-9868-57a2d4851a1d" relativeResultsDirectory="25f021b3-6315-49de-ad71-3f334bdecf36" />
    <UnitTestResult executionId="c66c8975-4291-4151-83db-28c3987ad003" testId="6cb01e3f-a03d-67b1-8f23-89bbdd8943a3" testName="ThenCanReadFeatureResultSuccessfully" computerName="Erics-MBP" duration="00:00:00.0025970" startTime="2021-10-04T17:15:02.9837140-04:00" endTime="2021-10-04T17:15:02.9863100-04:00" testType="13cdc9d9-ddb5-4fa4-a97d-d965ccfc6d4b" outcome="Passed" testListId="8c84fa94-04c1-424b-9868-57a2d4851a1d" relativeResultsDirectory="c66c8975-4291-4151-83db-28c3987ad003" />
    <UnitTestResult executionId="feabe245-6873-4de8-b1d9-b8a8e669e57d" testId="5202701f-df81-3f07-3fd3-41cc028b9321" testName="ThenCanReadResultOfScenarioOutlineWithFailingBackground" computerName="Erics-MBP" duration="00:00:00.0103520" startTime="2021-10-04T17:15:01.8256380-04:00" endTime="2021-10-04T17:15:01.8359910-04:00" testType="13cdc9d9-ddb5-4fa4-a97d-d965ccfc6d4b" outcome="Passed" testListId="8c84fa94-04c1-424b-9868-57a2d4851a1d" relativeResultsDirectory="feabe245-6873-4de8-b1d9-b8a8e669e57d" />
    <UnitTestResult executionId="a3f20a8d-2ea8-429e-a5c2-f95ee3f313ab" testId="dd0a53f6-9608-d074-ec6b-1fd826ef275e" testName="ThenCanReadResultOfScenarioOutlineWithUmlauts" computerName="Erics-MBP" duration="00:00:00.0076670" startTime="2021-10-04T17:15:02.3016730-04:00" endTime="2021-10-04T17:15:02.3093510-04:00" testType="13cdc9d9-ddb5-4fa4-a97d-d965ccfc6d4b" outcome="Passed" testListId="8c84fa94-04c1-424b-9868-57a2d4851a1d" relativeResultsDirectory="a3f20a8d-2ea8-429e-a5c2-f95ee3f313ab" />
    <UnitTestResult executionId="402b944b-4209-4348-82c5-154eb24e953c" testId="eaaf3dd9-2849-68dd-8b63-3348a310054b" testName="ThenCanReadResultsWithBackslashes" computerName="Erics-MBP" duration="00:00:00.0084470" startTime="2021-10-04T17:15:04.1884670-04:00" endTime="2021-10-04T17:15:04.1969140-04:00" testType="13cdc9d9-ddb5-4fa4-a97d-d965ccfc6d4b" outcome="Passed" testListId="8c84fa94-04c1-424b-9868-57a2d4851a1d" relativeResultsDirectory="402b944b-4209-4348-82c5-154eb24e953c" />
    <UnitTestResult executionId="28441c44-7d4c-4680-b6ee-089c7fdec062" testId="906d5dad-24a2-c194-0157-f7aa409300ef" testName="ThenCanReadExamplesWithRegexValuesFromScenarioOutline_ShouldBeTestResultPassed" computerName="Erics-MBP" duration="00:00:00.0090189" startTime="2021-10-04T17:15:03.3565040-04:00" endTime="2021-10-04T17:15:03.3655190-04:00" testType="13cdc9d9-ddb5-4fa4-a97d-d965ccfc6d4b" outcome="Passed" testListId="8c84fa94-04c1-424b-9868-57a2d4851a1d" relativeResultsDirectory="28441c44-7d4c-4680-b6ee-089c7fdec062" />
    <UnitTestResult executionId="f81e68ee-85f6-45f4-b461-e3d125651a9e" testId="60f4f078-0154-b41b-3de6-b38d34b12689" testName="ThenCanReadIndividualResultsFromScenarioOutline_ExamplesWithDuplicateValues_ShouldMatchExamples" computerName="Erics-MBP" duration="00:00:00.0381310" startTime="2021-10-04T17:15:04.4910590-04:00" endTime="2021-10-04T17:15:04.5291900-04:00" testType="13cdc9d9-ddb5-4fa4-a97d-d965ccfc6d4b" outcome="Passed" testListId="8c84fa94-04c1-424b-9868-57a2d4851a1d" relativeResultsDirectory="f81e68ee-85f6-45f4-b461-e3d125651a9e" />
    <UnitTestResult executionId="66123418-e3e4-45eb-a1f1-08dc6cc56893" testId="661b4fd7-8a74-3489-35c5-59457dbca55e" testName="ThenCanReadResultsWithParenthesis" computerName="Erics-MBP" duration="00:00:00.0042820" startTime="2021-10-04T17:15:03.0582040-04:00" endTime="2021-10-04T17:15:03.0624850-04:00" testType="13cdc9d9-ddb5-4fa4-a97d-d965ccfc6d4b" outcome="Passed" testListId="8c84fa94-04c1-424b-9868-57a2d4851a1d" relativeResultsDirectory="66123418-e3e4-45eb-a1f1-08dc6cc56893" />
    <UnitTestResult executionId="15a42234-ce19-49c7-aaf5-14119e8021b2" testId="33f1da4b-412f-f4c7-12b2-2ccec879b8cc" testName="ThenCanReadExamplesWithRegexValuesFromScenarioOutline_ShouldBeTestResultPassed" computerName="Erics-MBP" duration="00:00:00.0079340" startTime="2021-10-04T17:15:03.8469510-04:00" endTime="2021-10-04T17:15:03.8548850-04:00" testType="13cdc9d9-ddb5-4fa4-a97d-d965ccfc6d4b" outcome="Passed" testListId="8c84fa94-04c1-424b-9868-57a2d4851a1d" relativeResultsDirectory="15a42234-ce19-49c7-aaf5-14119e8021b2" />
    <UnitTestResult executionId="e5b44d9d-4847-485d-9ace-9df6a2726b7d" testId="5c207727-4ce6-c546-30ce-9e08049db82c" testName="ThenCanReadNotFoundScenarioCorrectly" computerName="Erics-MBP" duration="00:00:00.0027920" startTime="2021-10-04T17:15:03.0037960-04:00" endTime="2021-10-04T17:15:03.0065880-04:00" testType="13cdc9d9-ddb5-4fa4-a97d-d965ccfc6d4b" outcome="Passed" testListId="8c84fa94-04c1-424b-9868-57a2d4851a1d" relativeResultsDirectory="e5b44d9d-4847-485d-9ace-9df6a2726b7d" />
    <UnitTestResult executionId="02a92c98-93f0-4de1-8d90-c5e56e323c0d" testId="b3b74f06-0222-4a33-dfad-ee23ddfbb054" testName="ThenCanReadScenarioOutlineResultSuccessfully" computerName="Erics-MBP" duration="00:00:00.0022470" startTime="2021-10-04T17:15:04.1994500-04:00" endTime="2021-10-04T17:15:04.2016960-04:00" testType="13cdc9d9-ddb5-4fa4-a97d-d965ccfc6d4b" outcome="Passed" testListId="8c84fa94-04c1-424b-9868-57a2d4851a1d" relativeResultsDirectory="02a92c98-93f0-4de1-8d90-c5e56e323c0d" />
    <UnitTestResult executionId="930dbbfc-3da5-474f-a3af-49cb3bc0c475" testId="66835627-edbb-e359-6b21-3e0100bfad91" testName="ThenCanReadFailedFeatureResultSuccessfully" computerName="Erics-MBP" duration="00:00:00.0023240" startTime="2021-10-04T17:15:03.5906570-04:00" endTime="2021-10-04T17:15:03.5929800-04:00" testType="13cdc9d9-ddb5-4fa4-a97d-d965ccfc6d4b" outcome="Passed" testListId="8c84fa94-04c1-424b-9868-57a2d4851a1d" relativeResultsDirectory="930dbbfc-3da5-474f-a3af-49cb3bc0c475" />
    <UnitTestResult executionId="51ba3b47-1795-4968-92f1-1da0382d24b4" testId="dc101341-c73f-f576-2045-514a0c7d85da" testName="ThenCanReadResultOfScenarioWithSpanishCharacters" computerName="Erics-MBP" duration="00:00:00.0031490" startTime="2021-10-04T17:15:04.1819840-04:00" endTime="2021-10-04T17:15:04.1851320-04:00" testType="13cdc9d9-ddb5-4fa4-a97d-d965ccfc6d4b" outcome="Passed" testListId="8c84fa94-04c1-424b-9868-57a2d4851a1d" relativeResultsDirectory="51ba3b47-1795-4968-92f1-1da0382d24b4" />
    <UnitTestResult executionId="66bfa846-8ccb-4927-bbea-e40f65385809" testId="004b9067-5a36-6ae9-8540-490519439bb2" testName="ThenCanReadIndividualResultsFromScenarioOutline_OneInconclusive_ShouldBeTestResultInconclusive" computerName="Erics-MBP" duration="00:00:00.0351300" startTime="2021-10-04T17:15:04.8108090-04:00" endTime="2021-10-04T17:15:04.8459390-04:00" testType="13cdc9d9-ddb5-4fa4-a97d-d965ccfc6d4b" outcome="Passed" testListId="8c84fa94-04c1-424b-9868-57a2d4851a1d" relativeResultsDirectory="66bfa846-8ccb-4927-bbea-e40f65385809" />
    <UnitTestResult executionId="efe6fe7a-9163-42b6-a27f-3d2e6fd85ea0" testId="1ab3cefc-49c6-5a53-95db-2b52b6f9c551" testName="ThenCanReadResultOfScenarioWithFailingBackground" computerName="Erics-MBP" duration="00:00:00.0016950" startTime="2021-10-04T17:15:03.6273940-04:00" endTime="2021-10-04T17:15:03.6290890-04:00" testType="13cdc9d9-ddb5-4fa4-a97d-d965ccfc6d4b" outcome="Passed" testListId="8c84fa94-04c1-424b-9868-57a2d4851a1d" relativeResultsDirectory="efe6fe7a-9163-42b6-a27f-3d2e6fd85ea0" />
    <UnitTestResult executionId="3c82871a-1c37-4b7c-ba67-84b01487f214" testId="bd67c30d-1d82-4e89-6c61-dfcd016668cb" testName="ThenCanReadScenarioOutlineResultSuccessfully" computerName="Erics-MBP" duration="00:00:00.0045270" startTime="2021-10-04T17:15:03.8291860-04:00" endTime="2021-10-04T17:15:03.8337130-04:00" testType="13cdc9d9-ddb5-4fa4-a97d-d965ccfc6d4b" outcome="Passed" testListId="8c84fa94-04c1-424b-9868-57a2d4851a1d" relativeResultsDirectory="3c82871a-1c37-4b7c-ba67-84b01487f214" />
    <UnitTestResult executionId="ec73877a-861a-49d0-94c3-4bf22af9fb71" testId="e812cd4a-a493-8488-cd92-0f068742969b" testName="ThenCanReadIndividualResultsFromScenarioOutline_MultipleNamedExamples_ShouldMatchExamples" computerName="Erics-MBP" duration="00:00:00.0090779" startTime="2021-10-04T17:15:02.4326940-04:00" endTime="2021-10-04T17:15:02.4417710-04:00" testType="13cdc9d9-ddb5-4fa4-a97d-d965ccfc6d4b" outcome="Passed" testListId="8c84fa94-04c1-424b-9868-57a2d4851a1d" relativeResultsDirectory="ec73877a-861a-49d0-94c3-4bf22af9fb71" />
    <UnitTestResult executionId="79b0ef6a-24ca-48f7-86ea-a99ec055390e" testId="dd671476-ed2b-7b45-cac8-cb394e9796e3" testName="ThenCanReadResultOfScenarioWithFailingBackground" computerName="Erics-MBP" duration="00:00:00.0031800" startTime="2021-10-04T17:15:03.7949670-04:00" endTime="2021-10-04T17:15:03.7981470-04:00" testType="13cdc9d9-ddb5-4fa4-a97d-d965ccfc6d4b" outcome="Passed" testListId="8c84fa94-04c1-424b-9868-57a2d4851a1d" relativeResultsDirectory="79b0ef6a-24ca-48f7-86ea-a99ec055390e" />
    <UnitTestResult executionId="c0746b9c-b6e6-4c19-b7f8-35948ec160c5" testId="bed3e0a6-5997-3869-73cc-50bad3fe5334" testName="ThenCanReadResultOfScenarioWithDanishCharacters" computerName="Erics-MBP" duration="00:00:00.0016850" startTime="2021-10-04T17:15:03.6256430-04:00" endTime="2021-10-04T17:15:03.6273280-04:00" testType="13cdc9d9-ddb5-4fa4-a97d-d965ccfc6d4b" outcome="Passed" testListId="8c84fa94-04c1-424b-9868-57a2d4851a1d" relativeResultsDirectory="c0746b9c-b6e6-4c19-b7f8-35948ec160c5" />
    <UnitTestResult executionId="7a36940f-80b6-498f-ac77-60c9a47a8d2c" testId="66978603-05d4-2099-985f-ef7844bf2b32" testName="ThenCanReadResultsWithBackslashes" computerName="Erics-MBP" duration="00:00:00.0067560" startTime="2021-10-04T17:15:03.8075440-04:00" endTime="2021-10-04T17:15:03.8142990-04:00" testType="13cdc9d9-ddb5-4fa4-a97d-d965ccfc6d4b" outcome="Passed" testListId="8c84fa94-04c1-424b-9868-57a2d4851a1d" relativeResultsDirectory="7a36940f-80b6-498f-ac77-60c9a47a8d2c" />
    <UnitTestResult executionId="ad7b7215-cc13-4221-9b66-080554faf2df" testId="dc712ba9-82f8-4816-135c-198a6c843205" testName="ThenCanReadResultOfScenarioWithSpecialCharacters" computerName="Erics-MBP" duration="00:00:00.0031780" startTime="2021-10-04T17:15:04.1852130-04:00" endTime="2021-10-04T17:15:04.1883900-04:00" testType="13cdc9d9-ddb5-4fa4-a97d-d965ccfc6d4b" outcome="Passed" testListId="8c84fa94-04c1-424b-9868-57a2d4851a1d" relativeResultsDirectory="ad7b7215-cc13-4221-9b66-080554faf2df" />
    <UnitTestResult executionId="4040be1c-9303-4972-babf-47975b6e37b0" testId="ac03ec4c-67a9-1776-5723-d08e339146c5" testName="ThenCanSuccessfullyMatch" computerName="Erics-MBP" duration="00:00:00.0011570" startTime="2021-10-04T17:15:04.2604570-04:00" endTime="2021-10-04T17:15:04.2616140-04:00" testType="13cdc9d9-ddb5-4fa4-a97d-d965ccfc6d4b" outcome="Passed" testListId="8c84fa94-04c1-424b-9868-57a2d4851a1d" relativeResultsDirectory="4040be1c-9303-4972-babf-47975b6e37b0" />
    <UnitTestResult executionId="14db52fb-c5aa-4bd7-ba04-bc6e1a71941e" testId="d4ee9b79-4196-caa7-d7b1-e48434993a78" testName="ThenCanReadIndividualResultsFromScenarioOutline_ExamplesWithDuplicateValues_ShouldMatchExamples" computerName="Erics-MBP" duration="00:00:00.0047349" startTime="2021-10-04T17:15:03.3797900-04:00" endTime="2021-10-04T17:15:03.3845270-04:00" testType="13cdc9d9-ddb5-4fa4-a97d-d965ccfc6d4b" outcome="Passed" testListId="8c84fa94-04c1-424b-9868-57a2d4851a1d" relativeResultsDirectory="14db52fb-c5aa-4bd7-ba04-bc6e1a71941e" />
    <UnitTestResult executionId="07d1dc4b-41ee-45cb-bdac-9f7d60415303" testId="aa6ed367-4142-c0b5-bc61-0c60c3e84f7e" testName="ThenCanReadResultOfScenarioOutlineWithAmpersand" computerName="Erics-MBP" duration="00:00:00.0072760" startTime="2021-10-04T17:15:03.7704390-04:00" endTime="2021-10-04T17:15:03.7777140-04:00" testType="13cdc9d9-ddb5-4fa4-a97d-d965ccfc6d4b" outcome="Passed" testListId="8c84fa94-04c1-424b-9868-57a2d4851a1d" relativeResultsDirectory="07d1dc4b-41ee-45cb-bdac-9f7d60415303" />
    <UnitTestResult executionId="9ff122bd-f6c5-44ac-ae88-7578bf32391e" testId="ecd9a953-91a9-d4a0-56ca-0eb0a06434eb" testName="ThenCanReadResultsWithBackslashes" computerName="Erics-MBP" duration="00:00:00.0028869" startTime="2021-10-04T17:15:03.2313600-04:00" endTime="2021-10-04T17:15:03.2342470-04:00" testType="13cdc9d9-ddb5-4fa4-a97d-d965ccfc6d4b" outcome="Passed" testListId="8c84fa94-04c1-424b-9868-57a2d4851a1d" relativeResultsDirectory="9ff122bd-f6c5-44ac-ae88-7578bf32391e" />
    <UnitTestResult executionId="5ee3d5b9-4de4-4507-96ff-02642ef15dba" testId="900d4084-ca2a-a561-f0ce-b663527c6003" testName="ThenCanReadIgnoredScenarioResultSuccessfully" computerName="Erics-MBP" duration="00:00:00.0021630" startTime="2021-10-04T17:15:04.1371640-04:00" endTime="2021-10-04T17:15:04.1393270-04:00" testType="13cdc9d9-ddb5-4fa4-a97d-d965ccfc6d4b" outcome="Passed" testListId="8c84fa94-04c1-424b-9868-57a2d4851a1d" relativeResultsDirectory="5ee3d5b9-4de4-4507-96ff-02642ef15dba" />
    <UnitTestResult executionId="870c7553-d4d5-4ff7-8d58-20b5fb29d53f" testId="2919e6b2-199b-6849-cc30-63eff40ca1e9" testName="ThenCanReadFailedScenarioResultSuccessfully" computerName="Erics-MBP" duration="00:00:00.0033040" startTime="2021-10-04T17:15:03.6937400-04:00" endTime="2021-10-04T17:15:03.6970440-04:00" testType="13cdc9d9-ddb5-4fa4-a97d-d965ccfc6d4b" outcome="Passed" testListId="8c84fa94-04c1-424b-9868-57a2d4851a1d" relativeResultsDirectory="870c7553-d4d5-4ff7-8d58-20b5fb29d53f" />
    <UnitTestResult executionId="8a8488dc-810f-47d5-a5b9-4eff3c717fb7" testId="286050a7-100a-f742-a554-97960a8416b4" testName="ThenCanReadIndividualResultsFromScenarioOutline_MultipleNamedExamples_ShouldMatchExamples" computerName="Erics-MBP" duration="00:00:00.0100200" startTime="2021-10-04T17:15:02.8533550-04:00" endTime="2021-10-04T17:15:02.8633740-04:00" testType="13cdc9d9-ddb5-4fa4-a97d-d965ccfc6d4b" outcome="Passed" testListId="8c84fa94-04c1-424b-9868-57a2d4851a1d" relativeResultsDirectory="8a8488dc-810f-47d5-a5b9-4eff3c717fb7" />
    <UnitTestResult executionId="3789383b-dce6-448e-ae80-522837fc5e25" testId="6e48abaa-e94e-4cb3-4e64-703c4702dc60" testName="ThenCanReadResultOfScenarioWithSpecialCharacters" computerName="Erics-MBP" duration="00:00:00.0027480" startTime="2021-10-04T17:15:03.3037410-04:00" endTime="2021-10-04T17:15:03.3064890-04:00" testType="13cdc9d9-ddb5-4fa4-a97d-d965ccfc6d4b" outcome="Passed" testListId="8c84fa94-04c1-424b-9868-57a2d4851a1d" relativeResultsDirectory="3789383b-dce6-448e-ae80-522837fc5e25" />
    <UnitTestResult executionId="185c93b4-8673-4714-85b6-cb88055e1136" testId="789bb7c5-38de-ac73-095d-7a54a206a4c4" testName="ThenCanReadResultOfScenarioWithSpanishCharacters" computerName="Erics-MBP" duration="00:00:00.0020870" startTime="2021-10-04T17:15:04.3129430-04:00" endTime="2021-10-04T17:15:04.3150300-04:00" testType="13cdc9d9-ddb5-4fa4-a97d-d965ccfc6d4b" outcome="Passed" testListId="8c84fa94-04c1-424b-9868-57a2d4851a1d" relativeResultsDirectory="185c93b4-8673-4714-85b6-cb88055e1136" />
    <UnitTestResult executionId="b4987d7b-2af2-4e15-b182-c1388481f798" testId="ca7c5320-b258-ec0a-0209-15c9a535c03a" testName="ThenCanReadIndividualResultsFromScenarioOutline_MultipleExamplesWithDuplicateValues_ShouldMatchExamples" computerName="Erics-MBP" duration="00:00:00.0073150" startTime="2021-10-04T17:15:02.4250570-04:00" endTime="2021-10-04T17:15:02.4323710-04:00" testType="13cdc9d9-ddb5-4fa4-a97d-d965ccfc6d4b" outcome="Passed" testListId="8c84fa94-04c1-424b-9868-57a2d4851a1d" relativeResultsDirectory="b4987d7b-2af2-4e15-b182-c1388481f798" />
    <UnitTestResult executionId="30401027-9d78-48f3-b90f-40c236d584c1" testId="249eb19e-fedc-463a-7645-04bc4a4b0dd3" testName="ThenCanReadPassedScenarioResultSuccessfully" computerName="Erics-MBP" duration="00:00:00.0033000" startTime="2021-10-04T17:15:02.9336950-04:00" endTime="2021-10-04T17:15:02.9369940-04:00" testType="13cdc9d9-ddb5-4fa4-a97d-d965ccfc6d4b" outcome="Passed" testListId="8c84fa94-04c1-424b-9868-57a2d4851a1d" relativeResultsDirectory="30401027-9d78-48f3-b90f-40c236d584c1" />
    <UnitTestResult executionId="21334b6c-8f8d-44cb-a2b6-b485a2abf086" testId="53f842ac-f46d-7d71-9da8-af83d620085a" testName="ThenCanReadResultOfScenarioOutlineWithAmpersand" computerName="Erics-MBP" duration="00:00:00.0047030" startTime="2021-10-04T17:15:03.2815320-04:00" endTime="2021-10-04T17:15:03.2862330-04:00" testType="13cdc9d9-ddb5-4fa4-a97d-d965ccfc6d4b" outcome="Passed" testListId="8c84fa94-04c1-424b-9868-57a2d4851a1d" relativeResultsDirectory="21334b6c-8f8d-44cb-a2b6-b485a2abf086" />
    <UnitTestResult executionId="2018dc78-f0a5-4442-a827-c6199d14778c" testId="789c4d26-9e90-9921-3680-81bb7e50813e" testName="ThenCanReadIgnoredScenarioResultSuccessfully" computerName="Erics-MBP" duration="00:00:00.0016380" startTime="2021-10-04T17:15:03.5947600-04:00" endTime="2021-10-04T17:15:03.5963980-04:00" testType="13cdc9d9-ddb5-4fa4-a97d-d965ccfc6d4b" outcome="Passed" testListId="8c84fa94-04c1-424b-9868-57a2d4851a1d" relativeResultsDirectory="2018dc78-f0a5-4442-a827-c6199d14778c" />
    <UnitTestResult executionId="2104541d-0947-432b-b22d-11bc08d47b27" testId="4daa0264-d422-7a85-989e-1ae9e712a1eb" testName="ThenCanSuccessfullyMatchExamplesWithLongValues" computerName="Erics-MBP" duration="00:00:00.0017510" startTime="2021-10-04T17:15:02.9504340-04:00" endTime="2021-10-04T17:15:02.9521850-04:00" testType="13cdc9d9-ddb5-4fa4-a97d-d965ccfc6d4b" outcome="Passed" testListId="8c84fa94-04c1-424b-9868-57a2d4851a1d" relativeResultsDirectory="2104541d-0947-432b-b22d-11bc08d47b27" />
    <UnitTestResult executionId="3070998d-dd8d-4ce1-8c9b-88fca1a06f63" testId="180590d6-2062-6933-d951-813229d01ede" testName="ThenCanReadResultOfScenarioOutlineWithSpecialCharacters" computerName="Erics-MBP" duration="00:00:00.0051600" startTime="2021-10-04T17:15:04.1651210-04:00" endTime="2021-10-04T17:15:04.1702810-04:00" testType="13cdc9d9-ddb5-4fa4-a97d-d965ccfc6d4b" outcome="Passed" testListId="8c84fa94-04c1-424b-9868-57a2d4851a1d" relativeResultsDirectory="3070998d-dd8d-4ce1-8c9b-88fca1a06f63" />
    <UnitTestResult executionId="7fade147-d4af-4f29-8d90-ef7af52eca3c" testId="62eaccee-691a-dc72-a0c7-fc4bd9bbc8f7" testName="ThenCanReadResultOfScenarioOutlineWithAmpersand" computerName="Erics-MBP" duration="00:00:00.0031700" startTime="2021-10-04T17:15:04.1515990-04:00" endTime="2021-10-04T17:15:04.1547690-04:00" testType="13cdc9d9-ddb5-4fa4-a97d-d965ccfc6d4b" outcome="Passed" testListId="8c84fa94-04c1-424b-9868-57a2d4851a1d" relativeResultsDirectory="7fade147-d4af-4f29-8d90-ef7af52eca3c" />
    <UnitTestResult executionId="82b26765-b219-4248-b574-14ee0e43e1b5" testId="8efb377e-4b03-38b4-bd1f-fee940d3e651" testName="ExecutionIdElement_NullArgument_ShouldReturnGuidEmpty" computerName="Erics-MBP" duration="00:00:00.0102170" startTime="2021-10-04T17:15:02.4748180-04:00" endTime="2021-10-04T17:15:02.4850350-04:00" testType="13cdc9d9-ddb5-4fa4-a97d-d965ccfc6d4b" outcome="Passed" testListId="8c84fa94-04c1-424b-9868-57a2d4851a1d" relativeResultsDirectory="82b26765-b219-4248-b574-14ee0e43e1b5" />
    <UnitTestResult executionId="10b4bcfa-26d2-4ac5-b593-397545647153" testId="82d58c85-8bb5-21d8-f720-e76e5b78cc40" testName="ThenCanReadResultOfScenarioOutlineWithAmpersand" computerName="Erics-MBP" duration="00:00:00.0119740" startTime="2021-10-04T17:15:01.8018280-04:00" endTime="2021-10-04T17:15:01.8138020-04:00" testType="13cdc9d9-ddb5-4fa4-a97d-d965ccfc6d4b" outcome="Passed" testListId="8c84fa94-04c1-424b-9868-57a2d4851a1d" relativeResultsDirectory="10b4bcfa-26d2-4ac5-b593-397545647153" />
    <UnitTestResult executionId="d0dffbd7-deb1-4dcd-8e59-4ce3a1e91597" testId="a77eef62-81f7-6544-83f9-95298ec32c95" testName="ThenCanReadScenarioOutlineResultSuccessfully" computerName="Erics-MBP" duration="00:00:00.0060280" startTime="2021-10-04T17:15:02.7425000-04:00" endTime="2021-10-04T17:15:02.7485290-04:00" testType="13cdc9d9-ddb5-4fa4-a97d-d965ccfc6d4b" outcome="Passed" testListId="8c84fa94-04c1-424b-9868-57a2d4851a1d" relativeResultsDirectory="d0dffbd7-deb1-4dcd-8e59-4ce3a1e91597" />
    <UnitTestResult executionId="8181a888-0c21-4dbd-9034-43a877b0ab72" testId="5dcd44f1-cbb8-8d6b-534f-9d513b76d8e6" testName="ThenCanReadFailedScenarioResultSuccessfully" computerName="Erics-MBP" duration="00:00:00.0030550" startTime="2021-10-04T17:15:02.9806190-04:00" endTime="2021-10-04T17:15:02.9836730-04:00" testType="13cdc9d9-ddb5-4fa4-a97d-d965ccfc6d4b" outcome="Passed" testListId="8c84fa94-04c1-424b-9868-57a2d4851a1d" relativeResultsDirectory="8181a888-0c21-4dbd-9034-43a877b0ab72" />
    <UnitTestResult executionId="bbb8b2ea-4195-4379-8d79-9f89efea1d8c" testId="c7e76d21-7d2a-305a-821d-d13e50bc910e" testName="ThenCanReadExamplesWithLongExampleValues" computerName="Erics-MBP" duration="00:00:00.0084280" startTime="2021-10-04T17:15:03.3479720-04:00" endTime="2021-10-04T17:15:03.3564030-04:00" testType="13cdc9d9-ddb5-4fa4-a97d-d965ccfc6d4b" outcome="Passed" testListId="8c84fa94-04c1-424b-9868-57a2d4851a1d" relativeResultsDirectory="bbb8b2ea-4195-4379-8d79-9f89efea1d8c" />
    <UnitTestResult executionId="2070cbed-2c4e-4c1e-a3df-cb88222323cc" testId="179cc0df-2279-559c-aebb-9ee7ba5aaaf0" testName="ThenCanReadFailedFeatureResultSuccessfully" computerName="Erics-MBP" duration="00:00:00.1192950" startTime="2021-10-04T17:15:01.5888360-04:00" endTime="2021-10-04T17:15:01.7079840-04:00" testType="13cdc9d9-ddb5-4fa4-a97d-d965ccfc6d4b" outcome="Passed" testListId="8c84fa94-04c1-424b-9868-57a2d4851a1d" relativeResultsDirectory="2070cbed-2c4e-4c1e-a3df-cb88222323cc" />
    <UnitTestResult executionId="c415b187-4bb5-489a-b267-14e0b2a0bd27" testId="d8eb6d98-9b62-c231-99fb-5444406d89a8" testName="GetFeatureResult_OnePassingOneFailed_ReturnsPassed" computerName="Erics-MBP" duration="00:00:00.1501740" startTime="2021-10-04T17:15:03.4272320-04:00" endTime="2021-10-04T17:15:03.5774070-04:00" testType="13cdc9d9-ddb5-4fa4-a97d-d965ccfc6d4b" outcome="Passed" testListId="8c84fa94-04c1-424b-9868-57a2d4851a1d" relativeResultsDirectory="c415b187-4bb5-489a-b267-14e0b2a0bd27" />
    <UnitTestResult executionId="800f8be6-9b57-4c4e-8fda-49c2836c83df" testId="1367b65e-0b94-ba69-b954-fb8124eb22d5" testName="ThenCanReadFailedScenarioResultSuccessfully" computerName="Erics-MBP" duration="00:00:00.0045830" startTime="2021-10-04T17:15:04.2716620-04:00" endTime="2021-10-04T17:15:04.2762450-04:00" testType="13cdc9d9-ddb5-4fa4-a97d-d965ccfc6d4b" outcome="Passed" testListId="8c84fa94-04c1-424b-9868-57a2d4851a1d" relativeResultsDirectory="800f8be6-9b57-4c4e-8fda-49c2836c83df" />
    <UnitTestResult executionId="58393bcc-52c8-47ab-a12c-c33cba1fd772" testId="9d0329db-f847-cb4f-973e-3879b2c2692c" testName="ThenCanReadIndividualResultsFromScenarioOutline_OneFailed_ShouldBeTestResultFailed" computerName="Erics-MBP" duration="00:00:00.0044110" startTime="2021-10-04T17:15:02.4474830-04:00" endTime="2021-10-04T17:15:02.4518930-04:00" testType="13cdc9d9-ddb5-4fa4-a97d-d965ccfc6d4b" outcome="Passed" testListId="8c84fa94-04c1-424b-9868-57a2d4851a1d" relativeResultsDirectory="58393bcc-52c8-47ab-a12c-c33cba1fd772" />
    <UnitTestResult executionId="d1275bc2-a142-4fc6-847a-f233bea5c5d3" testId="8d94802d-53d7-d3b2-047f-ec9d0a5e3623" testName="ThenCanResolve(&quot;results-example-nunit3.xml&quot;,&quot;NUnit.NUnit3.results-example-nunit3.xml&quot;,NUnit3,PicklesDoc.Pickles.TestFrameworks.NUnit.NUnit3.NUnit3Results)" computerName="Erics-MBP" duration="00:00:00.0089000" startTime="2021-10-04T17:15:03.9775090-04:00" endTime="2021-10-04T17:15:03.9864090-04:00" testType="13cdc9d9-ddb5-4fa4-a97d-d965ccfc6d4b" outcome="Passed" testListId="8c84fa94-04c1-424b-9868-57a2d4851a1d" relativeResultsDirectory="d1275bc2-a142-4fc6-847a-f233bea5c5d3" />
    <UnitTestResult executionId="7d44b4e6-7c3b-4a5a-a01d-039c049d3298" testId="fe0fe535-97ea-db97-278f-86c835cfa276" testName="ThenCanReadBackgroundResultSuccessfully" computerName="Erics-MBP" duration="00:00:00.0051690" startTime="2021-10-04T17:15:03.5854370-04:00" endTime="2021-10-04T17:15:03.5906060-04:00" testType="13cdc9d9-ddb5-4fa4-a97d-d965ccfc6d4b" outcome="Passed" testListId="8c84fa94-04c1-424b-9868-57a2d4851a1d" relativeResultsDirectory="7d44b4e6-7c3b-4a5a-a01d-039c049d3298" />
    <UnitTestResult executionId="bcb874d0-be3a-4c98-b9a7-41dc327c0a4a" testId="704a0578-e150-f687-8667-46c29aab4a2d" testName="ThenCanReadSuccessfulScenarioResultSuccessfully" computerName="Erics-MBP" duration="00:00:00.0044530" startTime="2021-10-04T17:15:03.8337830-04:00" endTime="2021-10-04T17:15:03.8382360-04:00" testType="13cdc9d9-ddb5-4fa4-a97d-d965ccfc6d4b" outcome="Passed" testListId="8c84fa94-04c1-424b-9868-57a2d4851a1d" relativeResultsDirectory="bcb874d0-be3a-4c98-b9a7-41dc327c0a4a" />
    <UnitTestResult executionId="083ab6f5-e54d-4722-8aed-937e185289ca" testId="0c0cf1bc-2dcb-ded4-066e-2e2566c6bb19" testName="ThenCanReadResultsWithBackslashes" computerName="Erics-MBP" duration="00:00:00.0069690" startTime="2021-10-04T17:15:04.3172390-04:00" endTime="2021-10-04T17:15:04.3242080-04:00" testType="13cdc9d9-ddb5-4fa4-a97d-d965ccfc6d4b" outcome="Passed" testListId="8c84fa94-04c1-424b-9868-57a2d4851a1d" relativeResultsDirectory="083ab6f5-e54d-4722-8aed-937e185289ca" />
    <UnitTestResult executionId="185f74b9-c42c-471d-b43a-14e817d8bee5" testId="4f051dee-273d-fcff-0b9b-bfaf6bbfa98d" testName="ThenMatchWillBeFoundEvenIfACarriageReturnWasFoundInValueField" computerName="Erics-MBP" duration="00:00:00.0029080" startTime="2021-10-04T17:15:02.7691710-04:00" endTime="2021-10-04T17:15:02.7720800-04:00" testType="13cdc9d9-ddb5-4fa4-a97d-d965ccfc6d4b" outcome="Passed" testListId="8c84fa94-04c1-424b-9868-57a2d4851a1d" relativeResultsDirectory="185f74b9-c42c-471d-b43a-14e817d8bee5" />
    <UnitTestResult executionId="f0e1e6e4-d00e-475c-897e-b52d148af0e4" testId="47fb6ba8-e618-b876-538b-b25771c9cf5f" testName="ThenCanReadFailedScenarioResultSuccessfully" computerName="Erics-MBP" duration="00:00:00.0045059" startTime="2021-10-04T17:15:03.6626850-04:00" endTime="2021-10-04T17:15:03.6671900-04:00" testType="13cdc9d9-ddb5-4fa4-a97d-d965ccfc6d4b" outcome="Passed" testListId="8c84fa94-04c1-424b-9868-57a2d4851a1d" relativeResultsDirectory="f0e1e6e4-d00e-475c-897e-b52d148af0e4" />
    <UnitTestResult executionId="f1a8a7d5-c74e-4bb4-947d-d45e7742371e" testId="70bec1df-5a68-44f4-dc37-08e0c2b5dd45" testName="GetScenarioResult_OnePassingOneFailing_ReturnsFailed" computerName="Erics-MBP" duration="00:00:00.0003610" startTime="2021-10-04T17:15:03.5829620-04:00" endTime="2021-10-04T17:15:03.5833230-04:00" testType="13cdc9d9-ddb5-4fa4-a97d-d965ccfc6d4b" outcome="Passed" testListId="8c84fa94-04c1-424b-9868-57a2d4851a1d" relativeResultsDirectory="f1a8a7d5-c74e-4bb4-947d-d45e7742371e" />
    <UnitTestResult executionId="d9d02e62-799b-4531-a362-b609a41c3dff" testId="91607d23-bc6b-f681-4a48-14272be4cab9" testName="ThenCanReadFeatureResultWithoutThrowingException" computerName="Erics-MBP" duration="00:00:00.0145300" startTime="2021-10-04T17:15:02.9020600-04:00" endTime="2021-10-04T17:15:02.9165860-04:00" testType="13cdc9d9-ddb5-4fa4-a97d-d965ccfc6d4b" outcome="Passed" testListId="8c84fa94-04c1-424b-9868-57a2d4851a1d" relativeResultsDirectory="d9d02e62-799b-4531-a362-b609a41c3dff" />
    <UnitTestResult executionId="bc5ca448-c5ec-4421-9bfc-023b07640380" testId="cadefb20-407b-c6d2-35c6-2e9949364070" testName="ThenCanReadResultOfScenarioOutlineExampleWithFailingBackground" computerName="Erics-MBP" duration="00:00:00.0049179" startTime="2021-10-04T17:15:03.0253080-04:00" endTime="2021-10-04T17:15:03.0302250-04:00" testType="13cdc9d9-ddb5-4fa4-a97d-d965ccfc6d4b" outcome="Passed" testListId="8c84fa94-04c1-424b-9868-57a2d4851a1d" relativeResultsDirectory="bc5ca448-c5ec-4421-9bfc-023b07640380" />
    <UnitTestResult executionId="49881f05-108f-42b7-b756-c05eabc3b8f8" testId="4bc5f009-c973-f931-1d45-f0addc813db2" testName="ThenCanReadFeatureResultSuccessfully" computerName="Erics-MBP" duration="00:00:00.0130220" startTime="2021-10-04T17:15:02.0904670-04:00" endTime="2021-10-04T17:15:02.1034890-04:00" testType="13cdc9d9-ddb5-4fa4-a97d-d965ccfc6d4b" outcome="Passed" testListId="8c84fa94-04c1-424b-9868-57a2d4851a1d" relativeResultsDirectory="49881f05-108f-42b7-b756-c05eabc3b8f8" />
    <UnitTestResult executionId="0c875323-7aa6-4327-bcb7-60fb0e645696" testId="e64bca34-3589-7be5-702b-1f171a1b0f81" testName="ThenCanReadIndividualResultsFromScenarioOutline_MultipleExampleSections_ShouldBeTestResultFailed" computerName="Erics-MBP" duration="00:00:00.0840870" startTime="2021-10-04T17:15:04.5292790-04:00" endTime="2021-10-04T17:15:04.6133660-04:00" testType="13cdc9d9-ddb5-4fa4-a97d-d965ccfc6d4b" outcome="Passed" testListId="8c84fa94-04c1-424b-9868-57a2d4851a1d" relativeResultsDirectory="0c875323-7aa6-4327-bcb7-60fb0e645696" />
    <UnitTestResult executionId="4107f217-9474-45d5-8edf-c0e883dff53c" testId="63c783d3-cd4f-c315-c316-5735ac8dfa26" testName="ThenCanReadFailedFeatureResultSuccessfully" computerName="Erics-MBP" duration="00:00:00.0020390" startTime="2021-10-04T17:15:02.9279250-04:00" endTime="2021-10-04T17:15:02.9299630-04:00" testType="13cdc9d9-ddb5-4fa4-a97d-d965ccfc6d4b" outcome="Passed" testListId="8c84fa94-04c1-424b-9868-57a2d4851a1d" relativeResultsDirectory="4107f217-9474-45d5-8edf-c0e883dff53c" />
    <UnitTestResult executionId="c737d54c-d07d-4ae4-8a03-bab219ef91d7" testId="5cb8adb0-f986-570a-997c-7c2904e5d79c" testName="ThenCanResolve(&quot;results-example-mstest.trx&quot;,&quot;MsTest.results-example-mstest.trx&quot;,MsTest,PicklesDoc.Pickles.TestFrameworks.MsTest.MsTestResults)" computerName="Erics-MBP" duration="00:00:00.0074780" startTime="2021-10-04T17:15:03.9678170-04:00" endTime="2021-10-04T17:15:03.9752950-04:00" testType="13cdc9d9-ddb5-4fa4-a97d-d965ccfc6d4b" outcome="Passed" testListId="8c84fa94-04c1-424b-9868-57a2d4851a1d" relativeResultsDirectory="c737d54c-d07d-4ae4-8a03-bab219ef91d7" />
    <UnitTestResult executionId="5da83514-a0f8-400a-9de4-0a2909bf5d9d" testId="37561f65-3332-c899-f5ae-4fb0281f2762" testName="ThenCanResolveAsSingleton(&quot;results-example-nunit3.xml&quot;,&quot;NUnit.NUnit3.results-example-nunit3.xml&quot;,NUnit3,PicklesDoc.Pickles.TestFrameworks.NUnit.NUnit3.NUnit3Results)" computerName="Erics-MBP" duration="00:00:00.0081300" startTime="2021-10-04T17:15:04.0883400-04:00" endTime="2021-10-04T17:15:04.0964690-04:00" testType="13cdc9d9-ddb5-4fa4-a97d-d965ccfc6d4b" outcome="Passed" testListId="8c84fa94-04c1-424b-9868-57a2d4851a1d" relativeResultsDirectory="5da83514-a0f8-400a-9de4-0a2909bf5d9d" />
    <UnitTestResult executionId="b6293aca-39ca-4c38-980e-207cb68333e1" testId="f85689af-bccc-784d-b093-f7a296ae9b10" testName="ThenCanReadResultOfScenarioWithSpecialCharacters" computerName="Erics-MBP" duration="00:00:00.0044700" startTime="2021-10-04T17:15:03.8030060-04:00" endTime="2021-10-04T17:15:03.8074750-04:00" testType="13cdc9d9-ddb5-4fa4-a97d-d965ccfc6d4b" outcome="Passed" testListId="8c84fa94-04c1-424b-9868-57a2d4851a1d" relativeResultsDirectory="b6293aca-39ca-4c38-980e-207cb68333e1" />
    <UnitTestResult executionId="80da770f-b5c6-420e-b81a-7495c887ae36" testId="71b016af-5365-c420-5627-629663f2e7e7" testName="ThenCanReadFeatureResultWithoutThrowingException" computerName="Erics-MBP" duration="00:00:00.0009840" startTime="2021-10-04T17:15:03.9494460-04:00" endTime="2021-10-04T17:15:03.9504300-04:00" testType="13cdc9d9-ddb5-4fa4-a97d-d965ccfc6d4b" outcome="Passed" testListId="8c84fa94-04c1-424b-9868-57a2d4851a1d" relativeResultsDirectory="80da770f-b5c6-420e-b81a-7495c887ae36" />
    <UnitTestResult executionId="4454e152-caee-4a49-994f-ed6cb577e19a" testId="25b79e49-f078-c9d3-fc26-60ff43e1f658" testName="ThenCanResolveAsSingleton(&quot;results-example-xunit.xml&quot;,&quot;XUnit.XUnit1.results-example-xunit.xml&quot;,XUnit1,PicklesDoc.Pickles.TestFrameworks.XUnit.XUnit1.XUnit1Results)" computerName="Erics-MBP" duration="00:00:00.0022200" startTime="2021-10-04T17:15:04.0965370-04:00" endTime="2021-10-04T17:15:04.0987570-04:00" testType="13cdc9d9-ddb5-4fa4-a97d-d965ccfc6d4b" outcome="Passed" testListId="8c84fa94-04c1-424b-9868-57a2d4851a1d" relativeResultsDirectory="4454e152-caee-4a49-994f-ed6cb577e19a" />
    <UnitTestResult executionId="02fe2dee-7b91-4366-b6f5-007f9016df3e" testId="ecb801c4-d95f-4cd2-61bc-83f8f51ba916" testName="ThenCanReadResultOfScenarioWithFailingBackground" computerName="Erics-MBP" duration="00:00:00.0112170" startTime="2021-10-04T17:15:01.8555070-04:00" endTime="2021-10-04T17:15:01.8667240-04:00" testType="13cdc9d9-ddb5-4fa4-a97d-d965ccfc6d4b" outcome="Passed" testListId="8c84fa94-04c1-424b-9868-57a2d4851a1d" relativeResultsDirectory="02fe2dee-7b91-4366-b6f5-007f9016df3e" />
    <UnitTestResult executionId="9b7787d1-c7e0-4ba4-983b-bbab6914a24d" testId="2fa9a1f4-abc4-ffa0-207f-983e0f96fe73" testName="ThenCanReadResultOfScenarioWithSpanishCharacters" computerName="Erics-MBP" duration="00:00:00.0015980" startTime="2021-10-04T17:15:03.6291190-04:00" endTime="2021-10-04T17:15:03.6307180-04:00" testType="13cdc9d9-ddb5-4fa4-a97d-d965ccfc6d4b" outcome="Passed" testListId="8c84fa94-04c1-424b-9868-57a2d4851a1d" relativeResultsDirectory="9b7787d1-c7e0-4ba4-983b-bbab6914a24d" />
    <UnitTestResult executionId="2b115c06-f17d-44b9-9955-9757a2e5ec10" testId="ced3616f-3c88-db6e-d1dd-4edc14da40be" testName="ThenCanReadIndividualResultsFromScenarioOutline_AllPass_ShouldBeTestResultPassed" computerName="Erics-MBP" duration="00:00:00.0080420" startTime="2021-10-04T17:15:02.8020690-04:00" endTime="2021-10-04T17:15:02.8101100-04:00" testType="13cdc9d9-ddb5-4fa4-a97d-d965ccfc6d4b" outcome="Passed" testListId="8c84fa94-04c1-424b-9868-57a2d4851a1d" relativeResultsDirectory="2b115c06-f17d-44b9-9955-9757a2e5ec10" />
    <UnitTestResult executionId="5f02dd23-a9cf-499e-a1aa-209ee91165c1" testId="a7393586-64bb-69dc-eba3-1463201a4419" testName="ThenCanResolve(&quot;results-example-json.json&quot;,&quot;CucumberJson.results-example-json.json&quot;,CucumberJson,PicklesDoc.Pickles.TestFrameworks.CucumberJson.CucumberJsonResults)" computerName="Erics-MBP" duration="00:00:00.0025310" startTime="2021-10-04T17:15:04.0554370-04:00" endTime="2021-10-04T17:15:04.0579680-04:00" testType="13cdc9d9-ddb5-4fa4-a97d-d965ccfc6d4b" outcome="Passed" testListId="8c84fa94-04c1-424b-9868-57a2d4851a1d" relativeResultsDirectory="5f02dd23-a9cf-499e-a1aa-209ee91165c1" />
    <UnitTestResult executionId="db4524d8-2e9a-4a53-8e4d-cace0b1d0b45" testId="de18a748-0d83-3063-60c5-28a7e3807695" testName="ThenCanReadIndividualResultsFromScenarioOutline_ExamplesWithDuplicateValues_ShouldMatchExamples" computerName="Erics-MBP" duration="00:00:00.0071350" startTime="2021-10-04T17:15:01.9824760-04:00" endTime="2021-10-04T17:15:01.9896100-04:00" testType="13cdc9d9-ddb5-4fa4-a97d-d965ccfc6d4b" outcome="Passed" testListId="8c84fa94-04c1-424b-9868-57a2d4851a1d" relativeResultsDirectory="db4524d8-2e9a-4a53-8e4d-cace0b1d0b45" />
    <UnitTestResult executionId="3d4b5207-13d0-486e-9e9d-53979632e9ef" testId="1fdd6646-6375-970a-197e-20c3648dadc9" testName="ThenCanReadResultOfScenarioOutlineExampleWithFailingBackground" computerName="Erics-MBP" duration="00:00:00.0264930" startTime="2021-10-04T17:15:03.7437680-04:00" endTime="2021-10-04T17:15:03.7702610-04:00" testType="13cdc9d9-ddb5-4fa4-a97d-d965ccfc6d4b" outcome="Passed" testListId="8c84fa94-04c1-424b-9868-57a2d4851a1d" relativeResultsDirectory="3d4b5207-13d0-486e-9e9d-53979632e9ef" />
    <UnitTestResult executionId="6fcd0d88-faad-4a35-89be-a00ba98ade1f" testId="ecd5df6d-1685-a29f-808d-8af5b0a515ad" testName="ThenCanReadIndividualResultsFromScenarioOutline_MultipleExampleSections_ShouldBeTestResultFailed" computerName="Erics-MBP" duration="00:00:00.0054770" startTime="2021-10-04T17:15:03.0949740-04:00" endTime="2021-10-04T17:15:03.1004510-04:00" testType="13cdc9d9-ddb5-4fa4-a97d-d965ccfc6d4b" outcome="Passed" testListId="8c84fa94-04c1-424b-9868-57a2d4851a1d" relativeResultsDirectory="6fcd0d88-faad-4a35-89be-a00ba98ade1f" />
    <UnitTestResult executionId="2d0cca95-1dfd-4550-9f4e-38635ecc8b2d" testId="6ee23e15-5212-e5e6-0d67-3661442b479b" testName="ThenCanReadResultOfFeatureWithFailingBackground" computerName="Erics-MBP" duration="00:00:00.0041040" startTime="2021-10-04T17:15:03.1748980-04:00" endTime="2021-10-04T17:15:03.1790020-04:00" testType="13cdc9d9-ddb5-4fa4-a97d-d965ccfc6d4b" outcome="Passed" testListId="8c84fa94-04c1-424b-9868-57a2d4851a1d" relativeResultsDirectory="2d0cca95-1dfd-4550-9f4e-38635ecc8b2d" />
    <UnitTestResult executionId="34cc6e3e-b2b0-42a0-8b11-317e4490ac59" testId="dbf1db3e-c119-5966-af76-e8157d531ea2" testName="ThenCanReadIndividualResultsFromScenarioOutline_OneInconclusive_ShouldBeTestResultInconclusive" computerName="Erics-MBP" duration="00:00:00.0017300" startTime="2021-10-04T17:15:03.6462640-04:00" endTime="2021-10-04T17:15:03.6479940-04:00" testType="13cdc9d9-ddb5-4fa4-a97d-d965ccfc6d4b" outcome="Passed" testListId="8c84fa94-04c1-424b-9868-57a2d4851a1d" relativeResultsDirectory="34cc6e3e-b2b0-42a0-8b11-317e4490ac59" />
    <UnitTestResult executionId="75340124-c54a-4de2-b660-5fcf11607742" testId="ef5a7c41-c0be-df83-b30a-5c970829c937" testName="ThenCanReadFailedFeatureResultSuccessfully" computerName="Erics-MBP" duration="00:00:00.0240770" startTime="2021-10-04T17:15:02.5082640-04:00" endTime="2021-10-04T17:15:02.5323410-04:00" testType="13cdc9d9-ddb5-4fa4-a97d-d965ccfc6d4b" outcome="Passed" testListId="8c84fa94-04c1-424b-9868-57a2d4851a1d" relativeResultsDirectory="75340124-c54a-4de2-b660-5fcf11607742" />
    <UnitTestResult executionId="898d8eb0-a1a3-4c4b-a487-563c50230928" testId="75d8d6f7-e4a2-354d-194b-4c3a8e25de5b" testName="ThenCanReadNotFoundScenarioCorrectly" computerName="Erics-MBP" duration="00:00:00.0068360" startTime="2021-10-04T17:15:03.2651600-04:00" endTime="2021-10-04T17:15:03.2719970-04:00" testType="13cdc9d9-ddb5-4fa4-a97d-d965ccfc6d4b" outcome="Passed" testListId="8c84fa94-04c1-424b-9868-57a2d4851a1d" relativeResultsDirectory="898d8eb0-a1a3-4c4b-a487-563c50230928" />
    <UnitTestResult executionId="4ae28994-6045-44a8-a5d7-7451fa066184" testId="3baf913f-526d-3c8d-eef9-0705cb381b53" testName="ThenCanReadScenarioOutlineResultSuccessfully" computerName="Erics-MBP" duration="00:00:00.0054209" startTime="2021-10-04T17:15:02.3554410-04:00" endTime="2021-10-04T17:15:02.3608610-04:00" testType="13cdc9d9-ddb5-4fa4-a97d-d965ccfc6d4b" outcome="Passed" testListId="8c84fa94-04c1-424b-9868-57a2d4851a1d" relativeResultsDirectory="4ae28994-6045-44a8-a5d7-7451fa066184" />
    <UnitTestResult executionId="92722b0f-81ec-41c4-8dd3-3759b71dddbd" testId="c2c6b748-9b14-6f0a-0f8d-8c173d1905eb" testName="ThenCanReadIndividualResultsFromScenarioOutline_MultipleNamedExamplesWithDuplicateValues_ShouldMatchExamples" computerName="Erics-MBP" duration="00:00:00.0127870" startTime="2021-10-04T17:15:02.8746070-04:00" endTime="2021-10-04T17:15:02.8873950-04:00" testType="13cdc9d9-ddb5-4fa4-a97d-d965ccfc6d4b" outcome="Passed" testListId="8c84fa94-04c1-424b-9868-57a2d4851a1d" relativeResultsDirectory="92722b0f-81ec-41c4-8dd3-3759b71dddbd" />
    <UnitTestResult executionId="31284900-7bc0-4302-89b4-25e50057091a" testId="fd4a59cc-11a9-fb21-8351-7acacb7d6743" testName="ThenCanReadResultOfScenarioOutlineWithFailingBackground" computerName="Erics-MBP" duration="00:00:00.0066420" startTime="2021-10-04T17:15:02.6472460-04:00" endTime="2021-10-04T17:15:02.6538880-04:00" testType="13cdc9d9-ddb5-4fa4-a97d-d965ccfc6d4b" outcome="Passed" testListId="8c84fa94-04c1-424b-9868-57a2d4851a1d" relativeResultsDirectory="31284900-7bc0-4302-89b4-25e50057091a" />
    <UnitTestResult executionId="d0dcc7f9-f479-4ff3-80cc-b09652edc3d8" testId="c129ca2d-465d-f65c-dd70-3e713e975538" testName="ThenCanReadInconclusiveScenarioResultSuccessfully" computerName="Erics-MBP" duration="00:00:00.0054599" startTime="2021-10-04T17:15:01.7510450-04:00" endTime="2021-10-04T17:15:01.7565040-04:00" testType="13cdc9d9-ddb5-4fa4-a97d-d965ccfc6d4b" outcome="Passed" testListId="8c84fa94-04c1-424b-9868-57a2d4851a1d" relativeResultsDirectory="d0dcc7f9-f479-4ff3-80cc-b09652edc3d8" />
    <UnitTestResult executionId="a286e576-90fb-4686-9002-2838c396ce02" testId="430e1815-dd76-b549-699a-644e400c7601" testName="ThenCanResolve(&quot;results-example-nunit.xml&quot;,&quot;NUnit.NUnit2.results-example-nunit.xml&quot;,NUnit,PicklesDoc.Pickles.TestFrameworks.NUnit.NUnit2.NUnit2Results)" computerName="Erics-MBP" duration="00:00:00.0020929" startTime="2021-10-04T17:15:03.9753680-04:00" endTime="2021-10-04T17:15:03.9774610-04:00" testType="13cdc9d9-ddb5-4fa4-a97d-d965ccfc6d4b" outcome="Passed" testListId="8c84fa94-04c1-424b-9868-57a2d4851a1d" relativeResultsDirectory="a286e576-90fb-4686-9002-2838c396ce02" />
    <UnitTestResult executionId="928682e4-29b7-4794-8f2c-14e00f9fe2dc" testId="577232fa-4820-0031-8220-5c10c6849f65" testName="ThenCanReadFailedScenarioResultSuccessfully" computerName="Erics-MBP" duration="00:00:00.0074890" startTime="2021-10-04T17:15:02.0829070-04:00" endTime="2021-10-04T17:15:02.0903960-04:00" testType="13cdc9d9-ddb5-4fa4-a97d-d965ccfc6d4b" outcome="Passed" testListId="8c84fa94-04c1-424b-9868-57a2d4851a1d" relativeResultsDirectory="928682e4-29b7-4794-8f2c-14e00f9fe2dc" />
    <UnitTestResult executionId="27ac1eb5-8af3-43f1-897a-15688749f378" testId="3912834e-3d92-476d-bcd0-c1ca3109cfb6" testName="ThenCanReadResultOfScenarioOutlineWithAmpersand" computerName="Erics-MBP" duration="00:00:00.0065920" startTime="2021-10-04T17:15:02.6405960-04:00" endTime="2021-10-04T17:15:02.6471860-04:00" testType="13cdc9d9-ddb5-4fa4-a97d-d965ccfc6d4b" outcome="Passed" testListId="8c84fa94-04c1-424b-9868-57a2d4851a1d" relativeResultsDirectory="27ac1eb5-8af3-43f1-897a-15688749f378" />
    <UnitTestResult executionId="cd82f9de-86ce-49f2-81b1-75b8f57a4b2b" testId="99b61c03-de66-2cd6-57c4-fe88d42b339c" testName="ThenCanReadResultOfScenarioWithSpanishCharacters" computerName="Erics-MBP" duration="00:00:00.0040070" startTime="2021-10-04T17:15:02.3336480-04:00" endTime="2021-10-04T17:15:02.3376550-04:00" testType="13cdc9d9-ddb5-4fa4-a97d-d965ccfc6d4b" outcome="Passed" testListId="8c84fa94-04c1-424b-9868-57a2d4851a1d" relativeResultsDirectory="cd82f9de-86ce-49f2-81b1-75b8f57a4b2b" />
    <UnitTestResult executionId="b545b833-ef95-4da6-b765-fd0f80700820" testId="ad017908-8d1a-0341-56bc-07e221b7fa03" testName="ThenCanReadResultOfScenarioWithSpanishCharacters" computerName="Erics-MBP" duration="00:00:00.0138560" startTime="2021-10-04T17:15:01.8750390-04:00" endTime="2021-10-04T17:15:01.8888950-04:00" testType="13cdc9d9-ddb5-4fa4-a97d-d965ccfc6d4b" outcome="Passed" testListId="8c84fa94-04c1-424b-9868-57a2d4851a1d" relativeResultsDirectory="b545b833-ef95-4da6-b765-fd0f80700820" />
    <UnitTestResult executionId="89e94bf6-4cce-465d-98b2-6c064736fc9f" testId="864c1316-42be-ac84-4487-0c84ff96ddee" testName="ThenCanReadScenarioResultSuccessfully" computerName="Erics-MBP" duration="00:00:00.0095210" startTime="2021-10-04T17:15:02.9653660-04:00" endTime="2021-10-04T17:15:02.9748870-04:00" testType="13cdc9d9-ddb5-4fa4-a97d-d965ccfc6d4b" outcome="Passed" testListId="8c84fa94-04c1-424b-9868-57a2d4851a1d" relativeResultsDirectory="89e94bf6-4cce-465d-98b2-6c064736fc9f" />
    <UnitTestResult executionId="3a5bb965-ddc0-400a-b55f-8958f89ddb2b" testId="39ac623f-fdf7-17f3-6ce0-9e1b4bfb7236" testName="ThenCanReadIndividualResultsFromScenarioOutline_MultipleNamedExamplesWithDuplicateValues_ShouldMatchExamples" computerName="Erics-MBP" duration="00:00:00.0782310" startTime="2021-10-04T17:15:04.7046020-04:00" endTime="2021-10-04T17:15:04.7828340-04:00" testType="13cdc9d9-ddb5-4fa4-a97d-d965ccfc6d4b" outcome="Passed" testListId="8c84fa94-04c1-424b-9868-57a2d4851a1d" relativeResultsDirectory="3a5bb965-ddc0-400a-b55f-8958f89ddb2b" />
    <UnitTestResult executionId="f9a376ed-c377-4d18-8a9e-640529f32000" testId="a9afc403-29e6-88a4-c2af-4c0ff8d8a28b" testName="ThenCanReadIgnoredScenarioResultSuccessfully" computerName="Erics-MBP" duration="00:00:00.0074980" startTime="2021-10-04T17:15:01.7327810-04:00" endTime="2021-10-04T17:15:01.7402780-04:00" testType="13cdc9d9-ddb5-4fa4-a97d-d965ccfc6d4b" outcome="Passed" testListId="8c84fa94-04c1-424b-9868-57a2d4851a1d" relativeResultsDirectory="f9a376ed-c377-4d18-8a9e-640529f32000" />
    <UnitTestResult executionId="3edc2e85-77b7-4712-9a72-2d7596152f39" testId="df779c3e-867d-628d-d601-319a18d1823c" testName="ThenCanReadExamplesWithLongExampleValues" computerName="Erics-MBP" duration="00:00:00.0051380" startTime="2021-10-04T17:15:04.3497170-04:00" endTime="2021-10-04T17:15:04.3548550-04:00" testType="13cdc9d9-ddb5-4fa4-a97d-d965ccfc6d4b" outcome="Passed" testListId="8c84fa94-04c1-424b-9868-57a2d4851a1d" relativeResultsDirectory="3edc2e85-77b7-4712-9a72-2d7596152f39" />
    <UnitTestResult executionId="5693c3a4-e352-4061-af1b-3523c047a4cf" testId="5ba0ef3d-e993-fb04-f50d-80614c1f48e6" testName="ThenCanReadResultsWithParenthesis" computerName="Erics-MBP" duration="00:00:00.0043440" startTime="2021-10-04T17:15:03.3248530-04:00" endTime="2021-10-04T17:15:03.3292030-04:00" testType="13cdc9d9-ddb5-4fa4-a97d-d965ccfc6d4b" outcome="Passed" testListId="8c84fa94-04c1-424b-9868-57a2d4851a1d" relativeResultsDirectory="5693c3a4-e352-4061-af1b-3523c047a4cf" />
    <UnitTestResult executionId="b3a133dd-d684-4048-9341-c1f261565640" testId="2d1b5a90-7f10-fbfd-da30-c50a58b8259b" testName="ThenCanReadIndividualResultsFromScenarioOutline_AllPass_ShouldBeTestResultPassed" computerName="Erics-MBP" duration="00:00:00.0026840" startTime="2021-10-04T17:15:04.2204640-04:00" endTime="2021-10-04T17:15:04.2231470-04:00" testType="13cdc9d9-ddb5-4fa4-a97d-d965ccfc6d4b" outcome="Passed" testListId="8c84fa94-04c1-424b-9868-57a2d4851a1d" relativeResultsDirectory="b3a133dd-d684-4048-9341-c1f261565640" />
    <UnitTestResult executionId="9f877804-6c05-4b75-a106-a4639fc0bfb5" testId="6c46f24c-c8b8-c4b7-29db-f35f6312df35" testName="ThenCanReadBackgroundResultSuccessfully" computerName="Erics-MBP" duration="00:00:00.0205149" startTime="2021-10-04T17:15:02.4876580-04:00" endTime="2021-10-04T17:15:02.5081320-04:00" testType="13cdc9d9-ddb5-4fa4-a97d-d965ccfc6d4b" outcome="Passed" testListId="8c84fa94-04c1-424b-9868-57a2d4851a1d" relativeResultsDirectory="9f877804-6c05-4b75-a106-a4639fc0bfb5" />
    <UnitTestResult executionId="466e387e-c807-4115-986f-7af646232c6f" testId="86e3825d-829f-92fe-d878-0ca95ca51e4d" testName="ThenCanReadIndividualResultsFromScenarioOutline_MultipleNamedExamples_ShouldMatchExamples" computerName="Erics-MBP" duration="00:00:00.0027730" startTime="2021-10-04T17:15:03.1036670-04:00" endTime="2021-10-04T17:15:03.1064400-04:00" testType="13cdc9d9-ddb5-4fa4-a97d-d965ccfc6d4b" outcome="Passed" testListId="8c84fa94-04c1-424b-9868-57a2d4851a1d" relativeResultsDirectory="466e387e-c807-4115-986f-7af646232c6f" />
    <UnitTestResult executionId="ca6c0667-b6da-411f-ba58-8ca09a95b530" testId="4c3f6b35-48a0-d207-99c1-65bbc2fa071b" testName="ThenCanReadIndividualResultsFromScenarioOutline_MultipleExampleSections_ShouldBeTestResultFailed" computerName="Erics-MBP" duration="00:00:00.0140980" startTime="2021-10-04T17:15:02.4078420-04:00" endTime="2021-10-04T17:15:02.4219390-04:00" testType="13cdc9d9-ddb5-4fa4-a97d-d965ccfc6d4b" outcome="Passed" testListId="8c84fa94-04c1-424b-9868-57a2d4851a1d" relativeResultsDirectory="ca6c0667-b6da-411f-ba58-8ca09a95b530" />
    <UnitTestResult executionId="74541fbc-23c4-44c8-8187-430c6483ec11" testId="40fd2da8-e1b0-4d77-57fd-878737b69c52" testName="ThenCanReadFeatureResultWithoutThrowingException" computerName="Erics-MBP" duration="00:00:00.0011370" startTime="2021-10-04T17:15:02.9763870-04:00" endTime="2021-10-04T17:15:02.9775250-04:00" testType="13cdc9d9-ddb5-4fa4-a97d-d965ccfc6d4b" outcome="Passed" testListId="8c84fa94-04c1-424b-9868-57a2d4851a1d" relativeResultsDirectory="74541fbc-23c4-44c8-8187-430c6483ec11" />
    <UnitTestResult executionId="520f2a5a-65db-42f6-a4df-dc28e64f70ad" testId="39588d47-2e56-432b-359a-0110f3e63f57" testName="ThenCanReadExamplesWithLongExampleValues" computerName="Erics-MBP" duration="00:00:00.0055750" startTime="2021-10-04T17:15:03.8413470-04:00" endTime="2021-10-04T17:15:03.8469220-04:00" testType="13cdc9d9-ddb5-4fa4-a97d-d965ccfc6d4b" outcome="Passed" testListId="8c84fa94-04c1-424b-9868-57a2d4851a1d" relativeResultsDirectory="520f2a5a-65db-42f6-a4df-dc28e64f70ad" />
    <UnitTestResult executionId="c2b992e8-3df4-4d34-8ffc-2603cf576213" testId="8f98acd7-c84b-a7f7-fb7f-0412075549d6" testName="ThenCanSuccessfullyMatchExamplesWithLongValues" computerName="Erics-MBP" duration="00:00:00.0021560" startTime="2021-10-04T17:15:03.1325510-04:00" endTime="2021-10-04T17:15:03.1347060-04:00" testType="13cdc9d9-ddb5-4fa4-a97d-d965ccfc6d4b" outcome="Passed" testListId="8c84fa94-04c1-424b-9868-57a2d4851a1d" relativeResultsDirectory="c2b992e8-3df4-4d34-8ffc-2603cf576213" />
    <UnitTestResult executionId="4fe41219-7338-4369-8208-0b076f70cb4d" testId="5f02bd55-47a0-e81d-b9df-6ab6392dc956" testName="ThenCanReadResultOfScenarioOutlineExampleWithFailingBackground" computerName="Erics-MBP" duration="00:00:00.0033390" startTime="2021-10-04T17:15:03.2781590-04:00" endTime="2021-10-04T17:15:03.2814980-04:00" testType="13cdc9d9-ddb5-4fa4-a97d-d965ccfc6d4b" outcome="Passed" testListId="8c84fa94-04c1-424b-9868-57a2d4851a1d" relativeResultsDirectory="4fe41219-7338-4369-8208-0b076f70cb4d" />
    <UnitTestResult executionId="de84d0ff-0c66-4bd9-a457-39e1b143014b" testId="d39a468f-9980-5d97-4555-244415136c85" testName="ThenCanReadExamplesWithRegexValuesFromScenarioOutline_ShouldBeTestResultPassed" computerName="Erics-MBP" duration="00:00:00.0042440" startTime="2021-10-04T17:15:02.3935810-04:00" endTime="2021-10-04T17:15:02.3978240-04:00" testType="13cdc9d9-ddb5-4fa4-a97d-d965ccfc6d4b" outcome="Passed" testListId="8c84fa94-04c1-424b-9868-57a2d4851a1d" relativeResultsDirectory="de84d0ff-0c66-4bd9-a457-39e1b143014b" />
    <UnitTestResult executionId="2c2faf0e-5adf-4bf1-a49f-8c5ec5efdfdf" testId="2f1248d0-a771-9597-d90a-fb612873ab24" testName="ThenCanReadResultOfScenarioOutlineWithFailingBackground" computerName="Erics-MBP" duration="00:00:00.0102450" startTime="2021-10-04T17:15:02.2536810-04:00" endTime="2021-10-04T17:15:02.2639280-04:00" testType="13cdc9d9-ddb5-4fa4-a97d-d965ccfc6d4b" outcome="Passed" testListId="8c84fa94-04c1-424b-9868-57a2d4851a1d" relativeResultsDirectory="2c2faf0e-5adf-4bf1-a49f-8c5ec5efdfdf" />
    <UnitTestResult executionId="8d44c0e0-8ddd-495d-897d-f5111b763ddc" testId="606a7735-aef6-0113-4704-36b83853043c" testName="ThenCanReadFeatureResultSuccessfully" computerName="Erics-MBP" duration="00:00:00.0045980" startTime="2021-10-04T17:15:01.7280630-04:00" endTime="2021-10-04T17:15:01.7326600-04:00" testType="13cdc9d9-ddb5-4fa4-a97d-d965ccfc6d4b" outcome="Passed" testListId="8c84fa94-04c1-424b-9868-57a2d4851a1d" relativeResultsDirectory="8d44c0e0-8ddd-495d-897d-f5111b763ddc" />
    <UnitTestResult executionId="72d2d3a1-8f69-4135-9a8f-bc90e6b9d573" testId="b931d369-9310-8747-a788-ef7d7112806a" testName="ThenCanReadResultOfScenarioOutlineWithSpecialCharacters" computerName="Erics-MBP" duration="00:00:00.0049210" startTime="2021-10-04T17:15:03.7817990-04:00" endTime="2021-10-04T17:15:03.7867200-04:00" testType="13cdc9d9-ddb5-4fa4-a97d-d965ccfc6d4b" outcome="Passed" testListId="8c84fa94-04c1-424b-9868-57a2d4851a1d" relativeResultsDirectory="72d2d3a1-8f69-4135-9a8f-bc90e6b9d573" />
    <UnitTestResult executionId="0c806318-3567-4ef9-b79b-f60dc1721366" testId="79eb825b-0ac9-6c28-1949-0ddaebf10cfc" testName="ThenCanReadPassedFeatureResultSuccessfully" computerName="Erics-MBP" duration="00:00:00.0055930" startTime="2021-10-04T17:15:01.7772880-04:00" endTime="2021-10-04T17:15:01.7828800-04:00" testType="13cdc9d9-ddb5-4fa4-a97d-d965ccfc6d4b" outcome="Passed" testListId="8c84fa94-04c1-424b-9868-57a2d4851a1d" relativeResultsDirectory="0c806318-3567-4ef9-b79b-f60dc1721366" />
    <UnitTestResult executionId="f985a0f5-83f6-4b92-883c-802855c0630c" testId="b35efadf-d298-a3ae-5e0d-2f5be75318ec" testName="ThenCanResolveAsSingleton(&quot;results-example-json.json&quot;,&quot;CucumberJson.results-example-json.json&quot;,CucumberJson,PicklesDoc.Pickles.TestFrameworks.CucumberJson.CucumberJsonResults)" computerName="Erics-MBP" duration="00:00:00.0026270" startTime="2021-10-04T17:15:04.1009800-04:00" endTime="2021-10-04T17:15:04.1036070-04:00" testType="13cdc9d9-ddb5-4fa4-a97d-d965ccfc6d4b" outcome="Passed" testListId="8c84fa94-04c1-424b-9868-57a2d4851a1d" relativeResultsDirectory="f985a0f5-83f6-4b92-883c-802855c0630c" />
    <UnitTestResult executionId="fca2d495-f647-4619-9ee6-8a8cde210acd" testId="75f81ce1-0b2c-cf84-fe16-219224722139" testName="ThenCanReadIgnoredScenarioResultSuccessfully" computerName="Erics-MBP" duration="00:00:00.0059100" startTime="2021-10-04T17:15:02.5480660-04:00" endTime="2021-10-04T17:15:02.5539770-04:00" testType="13cdc9d9-ddb5-4fa4-a97d-d965ccfc6d4b" outcome="Passed" testListId="8c84fa94-04c1-424b-9868-57a2d4851a1d" relativeResultsDirectory="fca2d495-f647-4619-9ee6-8a8cde210acd" />
    <UnitTestResult executionId="9575b0f3-b362-4649-9c11-7cf292c9d604" testId="d8c07703-c6ba-2990-8554-e0597fbd2a9a" testName="ThenCanReadInconclusiveScenarioResultSuccessfully" computerName="Erics-MBP" duration="00:00:00.0048780" startTime="2021-10-04T17:15:02.5781890-04:00" endTime="2021-10-04T17:15:02.5830670-04:00" testType="13cdc9d9-ddb5-4fa4-a97d-d965ccfc6d4b" outcome="Passed" testListId="8c84fa94-04c1-424b-9868-57a2d4851a1d" relativeResultsDirectory="9575b0f3-b362-4649-9c11-7cf292c9d604" />
    <UnitTestResult executionId="877d6cbd-2371-4829-81dc-6a26f6c62207" testId="04e26c3f-1210-a75b-c0bc-6ef78e296957" testName="ThenCanReadFeatureResultSuccessfully" computerName="Erics-MBP" duration="00:00:00.0060100" startTime="2021-10-04T17:15:03.1449300-04:00" endTime="2021-10-04T17:15:03.1509390-04:00" testType="13cdc9d9-ddb5-4fa4-a97d-d965ccfc6d4b" outcome="Passed" testListId="8c84fa94-04c1-424b-9868-57a2d4851a1d" relativeResultsDirectory="877d6cbd-2371-4829-81dc-6a26f6c62207" />
    <UnitTestResult executionId="64cf7192-386b-4a24-839c-7e1f8b096d36" testId="81a1abf8-6be1-aea7-389f-5894b71b2368" testName="ThenCanResolveAsSingleton(&quot;results-example-specrun.html&quot;,&quot;SpecRun.results-example-specrun.html&quot;,SpecRun,PicklesDoc.Pickles.TestFrameworks.SpecRun.SpecRunResults)" computerName="Erics-MBP" duration="00:00:00.0014430" startTime="2021-10-04T17:15:04.1036720-04:00" endTime="2021-10-04T17:15:04.1051140-04:00" testType="13cdc9d9-ddb5-4fa4-a97d-d965ccfc6d4b" outcome="Passed" testListId="8c84fa94-04c1-424b-9868-57a2d4851a1d" relativeResultsDirectory="64cf7192-386b-4a24-839c-7e1f8b096d36" />
    <UnitTestResult executionId="2d9269b6-6bfd-48b3-b221-76bea287272e" testId="71c22708-dbaa-79ff-057b-e788d4505184" testName="ThenCanReadResultOfScenarioOutlineWithSpecialCharacters" computerName="Erics-MBP" duration="00:00:00.0072750" startTime="2021-10-04T17:15:04.3033390-04:00" endTime="2021-10-04T17:15:04.3106140-04:00" testType="13cdc9d9-ddb5-4fa4-a97d-d965ccfc6d4b" outcome="Passed" testListId="8c84fa94-04c1-424b-9868-57a2d4851a1d" relativeResultsDirectory="2d9269b6-6bfd-48b3-b221-76bea287272e" />
    <UnitTestResult executionId="73effd10-e190-4235-a989-d352ca66b97a" testId="1b78643d-a4c2-713e-da90-2e6b0238a12b" testName="ThenCanResolveAsSingleton(null,null,null,PicklesDoc.Pickles.TestFrameworks.NullTestResults)" computerName="Erics-MBP" duration="00:00:00.0023100" startTime="2021-10-04T17:15:04.0805420-04:00" endTime="2021-10-04T17:15:04.0828520-04:00" testType="13cdc9d9-ddb5-4fa4-a97d-d965ccfc6d4b" outcome="Passed" testListId="8c84fa94-04c1-424b-9868-57a2d4851a1d" relativeResultsDirectory="73effd10-e190-4235-a989-d352ca66b97a" />
    <UnitTestResult executionId="c6c3d76e-7d08-4693-94a6-631d4ac6ebbf" testId="b736c82a-c3a6-bc95-1791-413638f9de59" testName="ThenCanReadResultOfScenarioWithSpecialCharacters" computerName="Erics-MBP" duration="00:00:00.0020790" startTime="2021-10-04T17:15:04.3150930-04:00" endTime="2021-10-04T17:15:04.3171730-04:00" testType="13cdc9d9-ddb5-4fa4-a97d-d965ccfc6d4b" outcome="Passed" testListId="8c84fa94-04c1-424b-9868-57a2d4851a1d" relativeResultsDirectory="c6c3d76e-7d08-4693-94a6-631d4ac6ebbf" />
    <UnitTestResult executionId="739c6c52-94ff-4554-a3e9-65b57d841194" testId="e88e51df-0600-5288-c5bd-454451abcf17" testName="ThenCanReadIndividualResultsFromScenarioOutline_MultipleExampleSections_ShouldBeTestResultFailed" computerName="Erics-MBP" duration="00:00:00.0058810" startTime="2021-10-04T17:15:03.3846810-04:00" endTime="2021-10-04T17:15:03.3905620-04:00" testType="13cdc9d9-ddb5-4fa4-a97d-d965ccfc6d4b" outcome="Passed" testListId="8c84fa94-04c1-424b-9868-57a2d4851a1d" relativeResultsDirectory="739c6c52-94ff-4554-a3e9-65b57d841194" />
    <UnitTestResult executionId="b3426f97-7bed-4f8e-902e-0aeb8560f4d0" testId="b8387dd6-f890-7e0b-f414-a4e07ecc407b" testName="GetFeatureResult_TwoInconclusive_ReturnsInconclusive" computerName="Erics-MBP" duration="00:00:00.0003560" startTime="2021-10-04T17:15:03.5779690-04:00" endTime="2021-10-04T17:15:03.5783240-04:00" testType="13cdc9d9-ddb5-4fa4-a97d-d965ccfc6d4b" outcome="Passed" testListId="8c84fa94-04c1-424b-9868-57a2d4851a1d" relativeResultsDirectory="b3426f97-7bed-4f8e-902e-0aeb8560f4d0" />
    <UnitTestResult executionId="901e76b7-e3e8-48a9-9cbb-9541ff1cac45" testId="bdb55858-84b2-f69a-3f3e-7530e9bd9a2f" testName="ThenCanReadIndividualResultsFromScenarioOutline_ExamplesWithDuplicateValues_ShouldMatchExamples" computerName="Erics-MBP" duration="00:00:00.0127340" startTime="2021-10-04T17:15:03.8627690-04:00" endTime="2021-10-04T17:15:03.8755030-04:00" testType="13cdc9d9-ddb5-4fa4-a97d-d965ccfc6d4b" outcome="Passed" testListId="8c84fa94-04c1-424b-9868-57a2d4851a1d" relativeResultsDirectory="901e76b7-e3e8-48a9-9cbb-9541ff1cac45" />
    <UnitTestResult executionId="425bf636-c44f-416f-acc4-10ce215ce19a" testId="1f0e270c-d2e3-6abe-d46c-198f7828d432" testName="ThenCanReadResultOfScenarioOutlineWithUmlauts" computerName="Erics-MBP" duration="00:00:00.0044860" startTime="2021-10-04T17:15:03.0382430-04:00" endTime="2021-10-04T17:15:03.0427280-04:00" testType="13cdc9d9-ddb5-4fa4-a97d-d965ccfc6d4b" outcome="Passed" testListId="8c84fa94-04c1-424b-9868-57a2d4851a1d" relativeResultsDirectory="425bf636-c44f-416f-acc4-10ce215ce19a" />
    <UnitTestResult executionId="fad9afd3-77b1-4043-bd65-85973e4f52c7" testId="9efd92db-4c9f-0192-da69-654d8f42ce4b" testName="ThenCanReadIndividualResultsFromScenarioOutline_OneInconclusive_ShouldBeTestResultInconclusive" computerName="Erics-MBP" duration="00:00:00.0038670" startTime="2021-10-04T17:15:03.4229170-04:00" endTime="2021-10-04T17:15:03.4267840-04:00" testType="13cdc9d9-ddb5-4fa4-a97d-d965ccfc6d4b" outcome="Passed" testListId="8c84fa94-04c1-424b-9868-57a2d4851a1d" relativeResultsDirectory="fad9afd3-77b1-4043-bd65-85973e4f52c7" />
    <UnitTestResult executionId="688fbec5-07b5-4cc3-9954-b4c5d267e1c3" testId="4127f69b-e124-236a-5b11-95ef3fc8f483" testName="ThenCanReadIndividualResultsFromScenarioOutline_MultipleExampleSections_ShouldBeTestResultFailed" computerName="Erics-MBP" duration="00:00:00.0179080" startTime="2021-10-04T17:15:03.8755720-04:00" endTime="2021-10-04T17:15:03.8934800-04:00" testType="13cdc9d9-ddb5-4fa4-a97d-d965ccfc6d4b" outcome="Passed" testListId="8c84fa94-04c1-424b-9868-57a2d4851a1d" relativeResultsDirectory="688fbec5-07b5-4cc3-9954-b4c5d267e1c3" />
    <UnitTestResult executionId="9b1698ed-205e-428d-990b-99b43160b2bd" testId="f77ac471-dd6b-3503-d4b1-30115c337f42" testName="ThenCanReadIndividualResultsFromScenarioOutline_ExamplesWithDuplicateValues_ShouldMatchExamples" computerName="Erics-MBP" duration="00:00:00.0047019" startTime="2021-10-04T17:15:03.0901800-04:00" endTime="2021-10-04T17:15:03.0948820-04:00" testType="13cdc9d9-ddb5-4fa4-a97d-d965ccfc6d4b" outcome="Passed" testListId="8c84fa94-04c1-424b-9868-57a2d4851a1d" relativeResultsDirectory="9b1698ed-205e-428d-990b-99b43160b2bd" />
    <UnitTestResult executionId="fbb19f8f-3c20-43cf-b491-667ff3fabcda" testId="e4275a9b-8bad-38b9-332e-74176d2eb25f" testName="ThenCanReadResultOfScenarioWithFailingBackground" computerName="Erics-MBP" duration="00:00:00.0029310" startTime="2021-10-04T17:15:03.0453930-04:00" endTime="2021-10-04T17:15:03.0483240-04:00" testType="13cdc9d9-ddb5-4fa4-a97d-d965ccfc6d4b" outcome="Passed" testListId="8c84fa94-04c1-424b-9868-57a2d4851a1d" relativeResultsDirectory="fbb19f8f-3c20-43cf-b491-667ff3fabcda" />
    <UnitTestResult executionId="0a74f01c-5776-4a3e-9b87-427db59f82c6" testId="c5348a36-5365-9e63-699c-dd523aa894a2" testName="RegularExpressionAsExampleContentMatches_With_Plus" computerName="Erics-MBP" duration="00:00:00.0009900" startTime="2021-10-04T17:15:04.2593980-04:00" endTime="2021-10-04T17:15:04.2603880-04:00" testType="13cdc9d9-ddb5-4fa4-a97d-d965ccfc6d4b" outcome="Passed" testListId="8c84fa94-04c1-424b-9868-57a2d4851a1d" relativeResultsDirectory="0a74f01c-5776-4a3e-9b87-427db59f82c6" />
    <UnitTestResult executionId="9704dd86-8d19-48ca-85e4-c263606d2c1d" testId="1cb4c3cc-9e82-454c-91a1-b2116b3e1595" testName="ThenCanReadResultOfScenarioWithFailingBackground" computerName="Erics-MBP" duration="00:00:00.0040549" startTime="2021-10-04T17:15:04.1778550-04:00" endTime="2021-10-04T17:15:04.1819090-04:00" testType="13cdc9d9-ddb5-4fa4-a97d-d965ccfc6d4b" outcome="Passed" testListId="8c84fa94-04c1-424b-9868-57a2d4851a1d" relativeResultsDirectory="9704dd86-8d19-48ca-85e4-c263606d2c1d" />
    <UnitTestResult executionId="5b60638c-a554-4933-89f2-5089a74fc42c" testId="8073691c-21a5-9107-fb79-56e4b2e81fb1" testName="ThenCanReadNotFoundScenarioCorrectly" computerName="Erics-MBP" duration="00:00:00.0053910" startTime="2021-10-04T17:15:03.7295920-04:00" endTime="2021-10-04T17:15:03.7349830-04:00" testType="13cdc9d9-ddb5-4fa4-a97d-d965ccfc6d4b" outcome="Passed" testListId="8c84fa94-04c1-424b-9868-57a2d4851a1d" relativeResultsDirectory="5b60638c-a554-4933-89f2-5089a74fc42c" />
    <UnitTestResult executionId="c14a8d4e-7823-4a1d-96fb-341d5212737b" testId="5dfc668d-d86b-26a4-226b-e2a6e77eef12" testName="ThenCanReadResultsWithParenthesis" computerName="Erics-MBP" duration="00:00:00.0042630" startTime="2021-10-04T17:15:03.8248510-04:00" endTime="2021-10-04T17:15:03.8291140-04:00" testType="13cdc9d9-ddb5-4fa4-a97d-d965ccfc6d4b" outcome="Passed" testListId="8c84fa94-04c1-424b-9868-57a2d4851a1d" relativeResultsDirectory="c14a8d4e-7823-4a1d-96fb-341d5212737b" />
    <UnitTestResult executionId="a18b0feb-ad6f-4e67-8b0a-06ad77600acb" testId="5e1aca6a-d9b7-23f6-c415-c9c2a91cd790" testName="ThenCanReadFeatureResultWithoutThrowingException" computerName="Erics-MBP" duration="00:00:00.0008970" startTime="2021-10-04T17:15:04.3476910-04:00" endTime="2021-10-04T17:15:04.3485890-04:00" testType="13cdc9d9-ddb5-4fa4-a97d-d965ccfc6d4b" outcome="Passed" testListId="8c84fa94-04c1-424b-9868-57a2d4851a1d" relativeResultsDirectory="a18b0feb-ad6f-4e67-8b0a-06ad77600acb" />
    <UnitTestResult executionId="c6cc9238-f414-4398-bef3-bbc4ba98a70f" testId="a1781e25-4782-9e03-dffd-5a8b1b4e811d" testName="ThenCanSuccessfullyMatch" computerName="Erics-MBP" duration="00:00:00.0007140" startTime="2021-10-04T17:15:03.1317350-04:00" endTime="2021-10-04T17:15:03.1324490-04:00" testType="13cdc9d9-ddb5-4fa4-a97d-d965ccfc6d4b" outcome="Passed" testListId="8c84fa94-04c1-424b-9868-57a2d4851a1d" relativeResultsDirectory="c6cc9238-f414-4398-bef3-bbc4ba98a70f" />
    <UnitTestResult executionId="b4877d8a-bf70-4a20-b8fc-a99518a5a824" testId="43af3814-604d-ceff-d278-6fdeab109940" testName="GetScenarioResult_OnePassingOneInconclusive_ReturnsPassed" computerName="Erics-MBP" duration="00:00:00.0003620" startTime="2021-10-04T17:15:03.5833830-04:00" endTime="2021-10-04T17:15:03.5837450-04:00" testType="13cdc9d9-ddb5-4fa4-a97d-d965ccfc6d4b" outcome="Passed" testListId="8c84fa94-04c1-424b-9868-57a2d4851a1d" relativeResultsDirectory="b4877d8a-bf70-4a20-b8fc-a99518a5a824" />
    <UnitTestResult executionId="98848a70-d63d-4648-896b-a4132dbd09e8" testId="279277b8-c475-1740-4b89-51c71b5e60bc" testName="ThenCanReadResultOfScenarioWithSpecialCharacters" computerName="Erics-MBP" duration="00:00:00.0058580" startTime="2021-10-04T17:15:02.7212950-04:00" endTime="2021-10-04T17:15:02.7271530-04:00" testType="13cdc9d9-ddb5-4fa4-a97d-d965ccfc6d4b" outcome="Passed" testListId="8c84fa94-04c1-424b-9868-57a2d4851a1d" relativeResultsDirectory="98848a70-d63d-4648-896b-a4132dbd09e8" />
    <UnitTestResult executionId="d9273ef8-1743-43fa-8cad-44ecc0bb29a7" testId="65a73572-199f-331d-bb7a-e00446e83c06" testName="ThenCanReadIndividualResultsFromScenarioOutline_ContainingDollarSigns_ShouldBeTestResultSuccess" computerName="Erics-MBP" duration="00:00:00.0009160" startTime="2021-10-04T17:15:03.1293210-04:00" endTime="2021-10-04T17:15:03.1302380-04:00" testType="13cdc9d9-ddb5-4fa4-a97d-d965ccfc6d4b" outcome="Passed" testListId="8c84fa94-04c1-424b-9868-57a2d4851a1d" relativeResultsDirectory="d9273ef8-1743-43fa-8cad-44ecc0bb29a7" />
    <UnitTestResult executionId="eb947aaa-0a7c-4c99-8f00-41cbc400532c" testId="432777c4-85ce-08a8-7a5e-5d42b9d61e9b" testName="ThenCanSuccessfullyMatchExamplesWithLongValues" computerName="Erics-MBP" duration="00:00:00.0011140" startTime="2021-10-04T17:15:04.2616360-04:00" endTime="2021-10-04T17:15:04.2627510-04:00" testType="13cdc9d9-ddb5-4fa4-a97d-d965ccfc6d4b" outcome="Passed" testListId="8c84fa94-04c1-424b-9868-57a2d4851a1d" relativeResultsDirectory="eb947aaa-0a7c-4c99-8f00-41cbc400532c" />
    <UnitTestResult executionId="257a6680-c275-44f9-89ee-9f818cf50040" testId="d06109ca-bc0c-33f1-28f4-f8127946b5ef" testName="ThenCanReadResultOfScenarioOutlineExampleWithFailingBackground" computerName="Erics-MBP" duration="00:00:00.0156540" startTime="2021-10-04T17:15:02.6249000-04:00" endTime="2021-10-04T17:15:02.6405550-04:00" testType="13cdc9d9-ddb5-4fa4-a97d-d965ccfc6d4b" outcome="Passed" testListId="8c84fa94-04c1-424b-9868-57a2d4851a1d" relativeResultsDirectory="257a6680-c275-44f9-89ee-9f818cf50040" />
    <UnitTestResult executionId="ddb33a58-5607-48a7-a4f5-ab993d08a343" testId="c6f15296-0fc2-f115-2027-fc75b24fa682" testName="ThenCanReadNotFoundFeatureCorrectly" computerName="Erics-MBP" duration="00:00:00.0030250" startTime="2021-10-04T17:15:04.1393910-04:00" endTime="2021-10-04T17:15:04.1424160-04:00" testType="13cdc9d9-ddb5-4fa4-a97d-d965ccfc6d4b" outcome="Passed" testListId="8c84fa94-04c1-424b-9868-57a2d4851a1d" relativeResultsDirectory="ddb33a58-5607-48a7-a4f5-ab993d08a343" />
    <UnitTestResult executionId="27d86322-ae7d-4724-aba7-b98f9baa69d7" testId="9a8b25bf-7a36-53ce-c4e8-c6d59d1e4d9b" testName="ThenCanReadIndividualResultsFromScenarioOutline_MultipleNamedExamplesWithDuplicateValues_ShouldMatchExamples" computerName="Erics-MBP" duration="00:00:00.0034540" startTime="2021-10-04T17:15:04.2412770-04:00" endTime="2021-10-04T17:15:04.2447310-04:00" testType="13cdc9d9-ddb5-4fa4-a97d-d965ccfc6d4b" outcome="Passed" testListId="8c84fa94-04c1-424b-9868-57a2d4851a1d" relativeResultsDirectory="27d86322-ae7d-4724-aba7-b98f9baa69d7" />
    <UnitTestResult executionId="6646bc85-6cbd-4bd1-bf64-a440be11c43d" testId="5b940e7e-5602-6e2d-9bb4-ea58b2e075ab" testName="ThenCanReadResultOfScenarioOutlineWithFailingBackground" computerName="Erics-MBP" duration="00:00:00.0039460" startTime="2021-10-04T17:15:03.7777840-04:00" endTime="2021-10-04T17:15:03.7817300-04:00" testType="13cdc9d9-ddb5-4fa4-a97d-d965ccfc6d4b" outcome="Passed" testListId="8c84fa94-04c1-424b-9868-57a2d4851a1d" relativeResultsDirectory="6646bc85-6cbd-4bd1-bf64-a440be11c43d" />
    <UnitTestResult executionId="8f3a29ab-9ef0-4e98-a5d1-b49bd5f84903" testId="51b05b71-c723-8fd8-a294-f2801277fd50" testName="ThenCanReadSuccessfulScenarioResultSuccessfully" computerName="Erics-MBP" duration="00:00:00.0015920" startTime="2021-10-04T17:15:03.6351470-04:00" endTime="2021-10-04T17:15:03.6367380-04:00" testType="13cdc9d9-ddb5-4fa4-a97d-d965ccfc6d4b" outcome="Passed" testListId="8c84fa94-04c1-424b-9868-57a2d4851a1d" relativeResultsDirectory="8f3a29ab-9ef0-4e98-a5d1-b49bd5f84903" />
    <UnitTestResult executionId="33b2f6d6-7ae6-486a-9e54-162b499349aa" testId="dda4734d-9263-9683-bcf1-0cc612cb1594" testName="ThenCanReadIndividualResultsFromScenarioOutline_MultipleExamplesWithDuplicateValues_ShouldMatchExamples" computerName="Erics-MBP" duration="00:00:00.0040140" startTime="2021-10-04T17:15:03.3906370-04:00" endTime="2021-10-04T17:15:03.3946500-04:00" testType="13cdc9d9-ddb5-4fa4-a97d-d965ccfc6d4b" outcome="Passed" testListId="8c84fa94-04c1-424b-9868-57a2d4851a1d" relativeResultsDirectory="33b2f6d6-7ae6-486a-9e54-162b499349aa" />
    <UnitTestResult executionId="5c5c35a7-c06f-42c3-9812-5281a89e70d8" testId="8acd974b-58e6-d71d-65a7-9fcbeabcb975" testName="ThenCanReadFeatureResultSuccessfully" computerName="Erics-MBP" duration="00:00:00.0066290" startTime="2021-10-04T17:15:02.5413630-04:00" endTime="2021-10-04T17:15:02.5479910-04:00" testType="13cdc9d9-ddb5-4fa4-a97d-d965ccfc6d4b" outcome="Passed" testListId="8c84fa94-04c1-424b-9868-57a2d4851a1d" relativeResultsDirectory="5c5c35a7-c06f-42c3-9812-5281a89e70d8" />
    <UnitTestResult executionId="9ce9cd4f-10ab-4571-af04-f5b8339d0d86" testId="e1e175ed-feba-4c6f-4525-385ac52e4ff1" testName="ThenCanReadIndividualResultsFromScenarioOutline_AllPass_ShouldBeTestResultPassed" computerName="Erics-MBP" duration="00:00:00.0076600" startTime="2021-10-04T17:15:03.8549460-04:00" endTime="2021-10-04T17:15:03.8626050-04:00" testType="13cdc9d9-ddb5-4fa4-a97d-d965ccfc6d4b" outcome="Passed" testListId="8c84fa94-04c1-424b-9868-57a2d4851a1d" relativeResultsDirectory="9ce9cd4f-10ab-4571-af04-f5b8339d0d86" />
    <UnitTestResult executionId="073a2de7-fd65-4505-8def-ae8c921865c9" testId="5f6ec94d-79db-fbc6-a975-8fcf5e6da5de" testName="ThenCanReadResultOfScenarioWithDanishCharacters" computerName="Erics-MBP" duration="00:00:00.0048890" startTime="2021-10-04T17:15:02.3249100-04:00" endTime="2021-10-04T17:15:02.3297990-04:00" testType="13cdc9d9-ddb5-4fa4-a97d-d965ccfc6d4b" outcome="Passed" testListId="8c84fa94-04c1-424b-9868-57a2d4851a1d" relativeResultsDirectory="073a2de7-fd65-4505-8def-ae8c921865c9" />
    <UnitTestResult executionId="d4f4beae-4363-4ea5-bfe2-b7bb61a1d286" testId="62779f41-de77-189d-2845-837ff5a12f04" testName="ThenCanReadNotFoundFeatureCorrectly" computerName="Erics-MBP" duration="00:00:00.0064570" startTime="2021-10-04T17:15:02.1329460-04:00" endTime="2021-10-04T17:15:02.1394020-04:00" testType="13cdc9d9-ddb5-4fa4-a97d-d965ccfc6d4b" outcome="Passed" testListId="8c84fa94-04c1-424b-9868-57a2d4851a1d" relativeResultsDirectory="d4f4beae-4363-4ea5-bfe2-b7bb61a1d286" />
    <UnitTestResult executionId="ededfeda-ba93-4922-aa23-18f5cb80ed8b" testId="0d0f4cc2-46ec-cf86-fc13-2bff0b09bc6d" testName="ThenCanReadIndividualResultsFromScenarioOutline_OneInconclusive_ShouldBeTestResultInconclusive" computerName="Erics-MBP" duration="00:00:00.0046670" startTime="2021-10-04T17:15:04.2475410-04:00" endTime="2021-10-04T17:15:04.2522070-04:00" testType="13cdc9d9-ddb5-4fa4-a97d-d965ccfc6d4b" outcome="Passed" testListId="8c84fa94-04c1-424b-9868-57a2d4851a1d" relativeResultsDirectory="ededfeda-ba93-4922-aa23-18f5cb80ed8b" />
    <UnitTestResult executionId="5043e653-3d2a-486c-9692-2f8612e08c6a" testId="e1b783a4-63da-62c3-ab50-be899fdd79e2" testName="ThenCanReadResultOfScenarioOutlineWithFailingBackground" computerName="Erics-MBP" duration="00:00:00.0037620" startTime="2021-10-04T17:15:03.1935120-04:00" endTime="2021-10-04T17:15:03.1972740-04:00" testType="13cdc9d9-ddb5-4fa4-a97d-d965ccfc6d4b" outcome="Passed" testListId="8c84fa94-04c1-424b-9868-57a2d4851a1d" relativeResultsDirectory="5043e653-3d2a-486c-9692-2f8612e08c6a" />
    <UnitTestResult executionId="e9b91446-68ee-4472-95bb-505886723c94" testId="53b5d2b4-1979-aefd-9cc8-74b7bed357fa" testName="ThenCanReadResultOfScenarioWithFailingBackground" computerName="Erics-MBP" duration="00:00:00.0115929" startTime="2021-10-04T17:15:03.2137290-04:00" endTime="2021-10-04T17:15:03.2253220-04:00" testType="13cdc9d9-ddb5-4fa4-a97d-d965ccfc6d4b" outcome="Passed" testListId="8c84fa94-04c1-424b-9868-57a2d4851a1d" relativeResultsDirectory="e9b91446-68ee-4472-95bb-505886723c94" />
    <UnitTestResult executionId="9c4649be-5d3d-455f-b6b0-2ea482a1c576" testId="4227e0f9-8436-5214-22f2-5b8f8dec94a3" testName="ThenCanReadNotFoundFeatureCorrectly" computerName="Erics-MBP" duration="00:00:00.0046540" startTime="2021-10-04T17:15:03.7249020-04:00" endTime="2021-10-04T17:15:03.7295560-04:00" testType="13cdc9d9-ddb5-4fa4-a97d-d965ccfc6d4b" outcome="Passed" testListId="8c84fa94-04c1-424b-9868-57a2d4851a1d" relativeResultsDirectory="9c4649be-5d3d-455f-b6b0-2ea482a1c576" />
    <UnitTestResult executionId="3230c3f0-02d2-49b2-821d-64ced91493b0" testId="fa2fb9d9-01c1-922c-5d5a-386819eb8668" testName="ThenCanReadExamplesWithLongExampleValues" computerName="Erics-MBP" duration="00:00:00.0043120" startTime="2021-10-04T17:15:01.9491730-04:00" endTime="2021-10-04T17:15:01.9534850-04:00" testType="13cdc9d9-ddb5-4fa4-a97d-d965ccfc6d4b" outcome="Passed" testListId="8c84fa94-04c1-424b-9868-57a2d4851a1d" relativeResultsDirectory="3230c3f0-02d2-49b2-821d-64ced91493b0" />
    <UnitTestResult executionId="a1064236-f128-48f2-a86c-f3bfc99622df" testId="656ebfc5-79d6-d4de-e713-26261e054dac" testName="ThenCanReadFailedScenarioResultSuccessfully" computerName="Erics-MBP" duration="00:00:00.0106450" startTime="2021-10-04T17:15:01.7173400-04:00" endTime="2021-10-04T17:15:01.7279820-04:00" testType="13cdc9d9-ddb5-4fa4-a97d-d965ccfc6d4b" outcome="Passed" testListId="8c84fa94-04c1-424b-9868-57a2d4851a1d" relativeResultsDirectory="a1064236-f128-48f2-a86c-f3bfc99622df" />
    <UnitTestResult executionId="3df851fa-0c51-446d-b210-f00b2f770f42" testId="9893997e-53da-cb26-1457-0e4e96142bee" testName="ThenCanReadResultOfScenarioWithFailingBackground" computerName="Erics-MBP" duration="00:00:00.0049970" startTime="2021-10-04T17:15:03.2986730-04:00" endTime="2021-10-04T17:15:03.3036690-04:00" testType="13cdc9d9-ddb5-4fa4-a97d-d965ccfc6d4b" outcome="Passed" testListId="8c84fa94-04c1-424b-9868-57a2d4851a1d" relativeResultsDirectory="3df851fa-0c51-446d-b210-f00b2f770f42" />
    <UnitTestResult executionId="6c1a3162-281d-410f-b44a-da9c2fa8b9ec" testId="fcdc4ad3-b05f-80e2-df7c-dfcaf995ac74" testName="ThenCanReadResultOfScenarioWithDanishCharacters" computerName="Erics-MBP" duration="00:00:00.0074170" startTime="2021-10-04T17:15:01.8480400-04:00" endTime="2021-10-04T17:15:01.8554560-04:00" testType="13cdc9d9-ddb5-4fa4-a97d-d965ccfc6d4b" outcome="Passed" testListId="8c84fa94-04c1-424b-9868-57a2d4851a1d" relativeResultsDirectory="6c1a3162-281d-410f-b44a-da9c2fa8b9ec" />
    <UnitTestResult executionId="98156d81-a57b-482e-af0a-cc328405fa51" testId="ff3d2d05-1397-0038-c496-c12b7435aaee" testName="ThenCanReadExamplesWithLongExampleValues" computerName="Erics-MBP" duration="00:00:00.0007960" startTime="2021-10-04T17:15:03.6379370-04:00" endTime="2021-10-04T17:15:03.6387330-04:00" testType="13cdc9d9-ddb5-4fa4-a97d-d965ccfc6d4b" outcome="Passed" testListId="8c84fa94-04c1-424b-9868-57a2d4851a1d" relativeResultsDirectory="98156d81-a57b-482e-af0a-cc328405fa51" />
    <UnitTestResult executionId="5e60048d-8860-4c95-9bcd-123c671a904a" testId="ce027c0e-b7b6-30e8-95b9-9af781c2b3c7" testName="ThenCanReadResultOfScenarioWithSpecialCharacters" computerName="Erics-MBP" duration="00:00:00.0028520" startTime="2021-10-04T17:15:03.2284600-04:00" endTime="2021-10-04T17:15:03.2313110-04:00" testType="13cdc9d9-ddb5-4fa4-a97d-d965ccfc6d4b" outcome="Passed" testListId="8c84fa94-04c1-424b-9868-57a2d4851a1d" relativeResultsDirectory="5e60048d-8860-4c95-9bcd-123c671a904a" />
    <UnitTestResult executionId="7f580c65-c3f6-4aa8-81d0-5852118f1bf5" testId="7746c945-7215-2f12-d241-54991e7b255d" testName="ThenCanReadIndividualResultsFromScenarioOutline_OneFailed_ShouldBeTestResultFailed" computerName="Erics-MBP" duration="00:00:00.0073070" startTime="2021-10-04T17:15:03.9331550-04:00" endTime="2021-10-04T17:15:03.9404600-04:00" testType="13cdc9d9-ddb5-4fa4-a97d-d965ccfc6d4b" outcome="Passed" testListId="8c84fa94-04c1-424b-9868-57a2d4851a1d" relativeResultsDirectory="7f580c65-c3f6-4aa8-81d0-5852118f1bf5" />
  </Results>
  <TestDefinitions>
    <UnitTest name="ThenCanReadResultOfScenarioOutlineWithUmlauts" storage="/users/ericcarlson/repos/pickles/src/pickles/pickles.testframeworks.unittests/bin/debug/netcoreapp3.1/picklesdoc.pickles.testframeworks.unittests.dll" id="a7365563-432a-a490-6278-92d0ebb084fc">
      <Execution id="e2a7c583-45c8-40b4-a6cb-aca54446e76f" />
      <TestMethod codeBase="/Users/ericcarlson/repos/pickles/src/Pickles/Pickles.TestFrameworks.UnitTests/bin/Debug/netcoreapp3.1/PicklesDoc.Pickles.TestFrameworks.UnitTests.dll" adapterTypeName="executor://nunit3testexecutor/" className="PicklesDoc.Pickles.TestFrameworks.UnitTests.VsTest.WhenParsingVsTestResultsFile" name="ThenCanReadResultOfScenarioOutlineWithUmlauts" />
    </UnitTest>
    <UnitTest name="ThenCanReadResultOfScenarioOutlineExampleWithFailingBackground" storage="/users/ericcarlson/repos/pickles/src/pickles/pickles.testframeworks.unittests/bin/debug/netcoreapp3.1/picklesdoc.pickles.testframeworks.unittests.dll" id="0743b053-5f80-39e3-2415-87af7f5a56f8">
      <Execution id="5b153605-1a0f-4a87-a293-5174631a5c29" />
      <TestMethod codeBase="/Users/ericcarlson/repos/pickles/src/Pickles/Pickles.TestFrameworks.UnitTests/bin/Debug/netcoreapp3.1/PicklesDoc.Pickles.TestFrameworks.UnitTests.dll" adapterTypeName="executor://nunit3testexecutor/" className="PicklesDoc.Pickles.TestFrameworks.UnitTests.XUnit.XUnit1.WhenParsingxUnitResultsFile" name="ThenCanReadResultOfScenarioOutlineExampleWithFailingBackground" />
    </UnitTest>
    <UnitTest name="ThenCanReadPassedFeatureResultSuccessfully" storage="/users/ericcarlson/repos/pickles/src/pickles/pickles.testframeworks.unittests/bin/debug/netcoreapp3.1/picklesdoc.pickles.testframeworks.unittests.dll" id="22ff405e-4e4b-ec94-1d81-69603bb819cf">
      <Execution id="b7dd1d41-cd4c-4cad-aca3-82e07c47f5ae" />
      <TestMethod codeBase="/Users/ericcarlson/repos/pickles/src/Pickles/Pickles.TestFrameworks.UnitTests/bin/Debug/netcoreapp3.1/PicklesDoc.Pickles.TestFrameworks.UnitTests.dll" adapterTypeName="executor://nunit3testexecutor/" className="PicklesDoc.Pickles.TestFrameworks.UnitTests.VsTest.WhenParsingVsTestResultsFile" name="ThenCanReadPassedFeatureResultSuccessfully" />
    </UnitTest>
    <UnitTest name="ThenCanResolve(&quot;results-example-nunit3.xml&quot;,&quot;NUnit.NUnit3.results-example-nunit3.xml&quot;,NUnit3,PicklesDoc.Pickles.TestFrameworks.NUnit.NUnit3.NUnit3Results)" storage="/users/ericcarlson/repos/pickles/src/pickles/pickles.testframeworks.unittests/bin/debug/netcoreapp3.1/picklesdoc.pickles.testframeworks.unittests.dll" id="8d94802d-53d7-d3b2-047f-ec9d0a5e3623">
      <Execution id="d1275bc2-a142-4fc6-847a-f233bea5c5d3" />
      <TestMethod codeBase="/Users/ericcarlson/repos/pickles/src/Pickles/Pickles.TestFrameworks.UnitTests/bin/Debug/netcoreapp3.1/PicklesDoc.Pickles.TestFrameworks.UnitTests.dll" adapterTypeName="executor://nunit3testexecutor/" className="PicklesDoc.Pickles.TestFrameworks.UnitTests.WhenResolvingTestResults" name="ThenCanResolve(&quot;results-example-nunit3.xml&quot;,&quot;NUnit.NUnit3.results-example-nunit3.xml&quot;,NUnit3,PicklesDoc.Pickles.TestFrameworks.NUnit.NUnit3.NUnit3Results)" />
    </UnitTest>
    <UnitTest name="ThenCanReadResultOfScenarioWithSpecialCharacters" storage="/users/ericcarlson/repos/pickles/src/pickles/pickles.testframeworks.unittests/bin/debug/netcoreapp3.1/picklesdoc.pickles.testframeworks.unittests.dll" id="b736c82a-c3a6-bc95-1791-413638f9de59">
      <Execution id="c6c3d76e-7d08-4693-94a6-631d4ac6ebbf" />
      <TestMethod codeBase="/Users/ericcarlson/repos/pickles/src/Pickles/Pickles.TestFrameworks.UnitTests/bin/Debug/netcoreapp3.1/PicklesDoc.Pickles.TestFrameworks.UnitTests.dll" adapterTypeName="executor://nunit3testexecutor/" className="PicklesDoc.Pickles.TestFrameworks.UnitTests.XUnit.XUnit2.WhenParsingxUnit2ResultsFile" name="ThenCanReadResultOfScenarioWithSpecialCharacters" />
    </UnitTest>
    <UnitTest name="ThenCanResolveAsSingleton(&quot;results-example-xunit.xml&quot;,&quot;XUnit.XUnit1.results-example-xunit.xml&quot;,XUnit1,PicklesDoc.Pickles.TestFrameworks.XUnit.XUnit1.XUnit1Results)" storage="/users/ericcarlson/repos/pickles/src/pickles/pickles.testframeworks.unittests/bin/debug/netcoreapp3.1/picklesdoc.pickles.testframeworks.unittests.dll" id="25b79e49-f078-c9d3-fc26-60ff43e1f658">
      <Execution id="4454e152-caee-4a49-994f-ed6cb577e19a" />
      <TestMethod codeBase="/Users/ericcarlson/repos/pickles/src/Pickles/Pickles.TestFrameworks.UnitTests/bin/Debug/netcoreapp3.1/PicklesDoc.Pickles.TestFrameworks.UnitTests.dll" adapterTypeName="executor://nunit3testexecutor/" className="PicklesDoc.Pickles.TestFrameworks.UnitTests.WhenResolvingTestResults" name="ThenCanResolveAsSingleton(&quot;results-example-xunit.xml&quot;,&quot;XUnit.XUnit1.results-example-xunit.xml&quot;,XUnit1,PicklesDoc.Pickles.TestFrameworks.XUnit.XUnit1.XUnit1Results)" />
    </UnitTest>
    <UnitTest name="ThenCanReadResultsWithBackslashes" storage="/users/ericcarlson/repos/pickles/src/pickles/pickles.testframeworks.unittests/bin/debug/netcoreapp3.1/picklesdoc.pickles.testframeworks.unittests.dll" id="564ab877-3eea-6f19-973d-0b36bea909da">
      <Execution id="bd966056-3904-44cd-bd42-a87358ac2bb7" />
      <TestMethod codeBase="/Users/ericcarlson/repos/pickles/src/Pickles/Pickles.TestFrameworks.UnitTests/bin/Debug/netcoreapp3.1/PicklesDoc.Pickles.TestFrameworks.UnitTests.dll" adapterTypeName="executor://nunit3testexecutor/" className="PicklesDoc.Pickles.TestFrameworks.UnitTests.CucumberJson.WhenParsingCucumberJsonFromJSResultsFile" name="ThenCanReadResultsWithBackslashes" />
    </UnitTest>
    <UnitTest name="ThenCanReadIndividualResultsFromScenarioOutline_OneFailed_ShouldBeTestResultFailed" storage="/users/ericcarlson/repos/pickles/src/pickles/pickles.testframeworks.unittests/bin/debug/netcoreapp3.1/picklesdoc.pickles.testframeworks.unittests.dll" id="58020c11-c291-9fff-a6eb-d178031b96c9">
      <Execution id="65390a12-0d44-4016-8465-c0ab56100bb4" />
      <TestMethod codeBase="/Users/ericcarlson/repos/pickles/src/Pickles/Pickles.TestFrameworks.UnitTests/bin/Debug/netcoreapp3.1/PicklesDoc.Pickles.TestFrameworks.UnitTests.dll" adapterTypeName="executor://nunit3testexecutor/" className="PicklesDoc.Pickles.TestFrameworks.UnitTests.MsTest.WhenParsingMsTestResultsFileWithIndividualResults" name="ThenCanReadIndividualResultsFromScenarioOutline_OneFailed_ShouldBeTestResultFailed" />
    </UnitTest>
    <UnitTest name="ThenCanReadIndividualResultsFromScenarioOutline_OneInconclusive_ShouldBeTestResultInconclusive" storage="/users/ericcarlson/repos/pickles/src/pickles/pickles.testframeworks.unittests/bin/debug/netcoreapp3.1/picklesdoc.pickles.testframeworks.unittests.dll" id="1926ccdc-00d6-72e9-1270-04d414099d1b">
      <Execution id="dededa7b-3343-4d89-9823-9682f7bf5f47" />
      <TestMethod codeBase="/Users/ericcarlson/repos/pickles/src/Pickles/Pickles.TestFrameworks.UnitTests/bin/Debug/netcoreapp3.1/PicklesDoc.Pickles.TestFrameworks.UnitTests.dll" adapterTypeName="executor://nunit3testexecutor/" className="PicklesDoc.Pickles.TestFrameworks.UnitTests.NUnit.NUnit2.WhenParsingNUnitResultsFileWithIndividualResults" name="ThenCanReadIndividualResultsFromScenarioOutline_OneInconclusive_ShouldBeTestResultInconclusive" />
    </UnitTest>
    <UnitTest name="ThenCanReadIndividualResultsFromScenarioOutline_AllPass_ShouldBeTestResultPassed" storage="/users/ericcarlson/repos/pickles/src/pickles/pickles.testframeworks.unittests/bin/debug/netcoreapp3.1/picklesdoc.pickles.testframeworks.unittests.dll" id="349afda0-a849-d994-1cb5-43ab74afdf0c">
      <Execution id="7228d873-01ee-45c0-9b03-b293ff758c65" />
      <TestMethod codeBase="/Users/ericcarlson/repos/pickles/src/Pickles/Pickles.TestFrameworks.UnitTests/bin/Debug/netcoreapp3.1/PicklesDoc.Pickles.TestFrameworks.UnitTests.dll" adapterTypeName="executor://nunit3testexecutor/" className="PicklesDoc.Pickles.TestFrameworks.UnitTests.NUnit.NUnit2.WhenParsingNUnitResultsFileWithIndividualResults" name="ThenCanReadIndividualResultsFromScenarioOutline_AllPass_ShouldBeTestResultPassed" />
    </UnitTest>
    <UnitTest name="ThenCanReadExamplesWithRegexValuesFromScenarioOutline_ShouldBeTestResultPassed" storage="/users/ericcarlson/repos/pickles/src/pickles/pickles.testframeworks.unittests/bin/debug/netcoreapp3.1/picklesdoc.pickles.testframeworks.unittests.dll" id="8fac2b79-9e79-56e1-c8b9-dbffbd82ae43">
      <Execution id="45177f07-88c7-48d6-85fb-b13bb1a48475" />
      <TestMethod codeBase="/Users/ericcarlson/repos/pickles/src/Pickles/Pickles.TestFrameworks.UnitTests/bin/Debug/netcoreapp3.1/PicklesDoc.Pickles.TestFrameworks.UnitTests.dll" adapterTypeName="executor://nunit3testexecutor/" className="PicklesDoc.Pickles.TestFrameworks.UnitTests.XUnit.XUnit1.WhenParsingXUnitResultsFileWithIndividualResults" name="ThenCanReadExamplesWithRegexValuesFromScenarioOutline_ShouldBeTestResultPassed" />
    </UnitTest>
    <UnitTest name="ThenCanReadNotFoundScenarioCorrectly" storage="/users/ericcarlson/repos/pickles/src/pickles/pickles.testframeworks.unittests/bin/debug/netcoreapp3.1/picklesdoc.pickles.testframeworks.unittests.dll" id="5c207727-4ce6-c546-30ce-9e08049db82c">
      <Execution id="e5b44d9d-4847-485d-9ace-9df6a2726b7d" />
      <TestMethod codeBase="/Users/ericcarlson/repos/pickles/src/Pickles/Pickles.TestFrameworks.UnitTests/bin/Debug/netcoreapp3.1/PicklesDoc.Pickles.TestFrameworks.UnitTests.dll" adapterTypeName="executor://nunit3testexecutor/" className="PicklesDoc.Pickles.TestFrameworks.UnitTests.NUnit.NUnit2.WhenParsingNUnitResultsFile" name="ThenCanReadNotFoundScenarioCorrectly" />
    </UnitTest>
    <UnitTest name="GetFeatureResult_OnePassingOneInconclusive_ReturnsPassed" storage="/users/ericcarlson/repos/pickles/src/pickles/pickles.testframeworks.unittests/bin/debug/netcoreapp3.1/picklesdoc.pickles.testframeworks.unittests.dll" id="fb45c14f-031e-2628-e205-53c6379c578f">
      <Execution id="b6406efb-e6e9-4170-a8b2-bbffb00e37b9" />
      <TestMethod codeBase="/Users/ericcarlson/repos/pickles/src/Pickles/Pickles.TestFrameworks.UnitTests/bin/Debug/netcoreapp3.1/PicklesDoc.Pickles.TestFrameworks.UnitTests.dll" adapterTypeName="executor://nunit3testexecutor/" className="PicklesDoc.Pickles.TestFrameworks.UnitTests.SpecRun.WhenParsingMultipleTestResultsTests" name="GetFeatureResult_OnePassingOneInconclusive_ReturnsPassed" />
    </UnitTest>
    <UnitTest name="ThenCanReadNotFoundFeatureCorrectly" storage="/users/ericcarlson/repos/pickles/src/pickles/pickles.testframeworks.unittests/bin/debug/netcoreapp3.1/picklesdoc.pickles.testframeworks.unittests.dll" id="13bb17c0-9c5e-610c-5753-956c620e1962">
      <Execution id="11506e20-8af5-4ddd-86ed-371a94b6a76e" />
      <TestMethod codeBase="/Users/ericcarlson/repos/pickles/src/Pickles/Pickles.TestFrameworks.UnitTests/bin/Debug/netcoreapp3.1/PicklesDoc.Pickles.TestFrameworks.UnitTests.dll" adapterTypeName="executor://nunit3testexecutor/" className="PicklesDoc.Pickles.TestFrameworks.UnitTests.MsTest.WhenParsingMsTestResultsFile" name="ThenCanReadNotFoundFeatureCorrectly" />
    </UnitTest>
    <UnitTest name="ThenCanReadResultOfScenarioOutlineWithUmlauts" storage="/users/ericcarlson/repos/pickles/src/pickles/pickles.testframeworks.unittests/bin/debug/netcoreapp3.1/picklesdoc.pickles.testframeworks.unittests.dll" id="480a0e18-f143-bc50-4b24-c10a44209bde">
      <Execution id="ecd0fa17-5cb8-4f25-adcc-2de44bdac058" />
      <TestMethod codeBase="/Users/ericcarlson/repos/pickles/src/Pickles/Pickles.TestFrameworks.UnitTests/bin/Debug/netcoreapp3.1/PicklesDoc.Pickles.TestFrameworks.UnitTests.dll" adapterTypeName="executor://nunit3testexecutor/" className="PicklesDoc.Pickles.TestFrameworks.UnitTests.NUnit.NUnit3.WhenParsingNunit3ResultsFileForNunit2Tests" name="ThenCanReadResultOfScenarioOutlineWithUmlauts" />
    </UnitTest>
    <UnitTest name="ThenCanReadIndividualResultsFromScenarioOutline_AllPass_ShouldBeTestResultPassed" storage="/users/ericcarlson/repos/pickles/src/pickles/pickles.testframeworks.unittests/bin/debug/netcoreapp3.1/picklesdoc.pickles.testframeworks.unittests.dll" id="e1e175ed-feba-4c6f-4525-385ac52e4ff1">
      <Execution id="9ce9cd4f-10ab-4571-af04-f5b8339d0d86" />
      <TestMethod codeBase="/Users/ericcarlson/repos/pickles/src/Pickles/Pickles.TestFrameworks.UnitTests/bin/Debug/netcoreapp3.1/PicklesDoc.Pickles.TestFrameworks.UnitTests.dll" adapterTypeName="executor://nunit3testexecutor/" className="PicklesDoc.Pickles.TestFrameworks.UnitTests.VsTest.WhenParsingVsTestResultsFileWithIndividualResults" name="ThenCanReadIndividualResultsFromScenarioOutline_AllPass_ShouldBeTestResultPassed" />
    </UnitTest>
    <UnitTest name="ThenCanReadExamplesWithRegexValuesFromScenarioOutline_ShouldBeTestResultPassed" storage="/users/ericcarlson/repos/pickles/src/pickles/pickles.testframeworks.unittests/bin/debug/netcoreapp3.1/picklesdoc.pickles.testframeworks.unittests.dll" id="cf93dd1e-782f-a497-0561-e7df285ec6b5">
      <Execution id="a16fa020-8647-4cb4-b8df-648d94644527" />
      <TestMethod codeBase="/Users/ericcarlson/repos/pickles/src/Pickles/Pickles.TestFrameworks.UnitTests/bin/Debug/netcoreapp3.1/PicklesDoc.Pickles.TestFrameworks.UnitTests.dll" adapterTypeName="executor://nunit3testexecutor/" className="PicklesDoc.Pickles.TestFrameworks.UnitTests.XUnit.XUnit2.WhenParsingXUnitResultsFileWithIndividualResults" name="ThenCanReadExamplesWithRegexValuesFromScenarioOutline_ShouldBeTestResultPassed" />
    </UnitTest>
    <UnitTest name="ThenCanReadResultsWithParenthesis" storage="/users/ericcarlson/repos/pickles/src/pickles/pickles.testframeworks.unittests/bin/debug/netcoreapp3.1/picklesdoc.pickles.testframeworks.unittests.dll" id="661b4fd7-8a74-3489-35c5-59457dbca55e">
      <Execution id="66123418-e3e4-45eb-a1f1-08dc6cc56893" />
      <TestMethod codeBase="/Users/ericcarlson/repos/pickles/src/Pickles/Pickles.TestFrameworks.UnitTests/bin/Debug/netcoreapp3.1/PicklesDoc.Pickles.TestFrameworks.UnitTests.dll" adapterTypeName="executor://nunit3testexecutor/" className="PicklesDoc.Pickles.TestFrameworks.UnitTests.NUnit.NUnit2.WhenParsingNUnitResultsFile" name="ThenCanReadResultsWithParenthesis" />
    </UnitTest>
    <UnitTest name="ThenCanResolve(&quot;results-example-specrun.html&quot;,&quot;SpecRun.results-example-specrun.html&quot;,SpecRun,PicklesDoc.Pickles.TestFrameworks.SpecRun.SpecRunResults)" storage="/users/ericcarlson/repos/pickles/src/pickles/pickles.testframeworks.unittests/bin/debug/netcoreapp3.1/picklesdoc.pickles.testframeworks.unittests.dll" id="7590abfc-e3f9-c5c4-d7ce-a5409c12a2d1">
      <Execution id="9bacf40e-597d-4b9a-8b56-431ac299f216" />
      <TestMethod codeBase="/Users/ericcarlson/repos/pickles/src/Pickles/Pickles.TestFrameworks.UnitTests/bin/Debug/netcoreapp3.1/PicklesDoc.Pickles.TestFrameworks.UnitTests.dll" adapterTypeName="executor://nunit3testexecutor/" className="PicklesDoc.Pickles.TestFrameworks.UnitTests.WhenResolvingTestResults" name="ThenCanResolve(&quot;results-example-specrun.html&quot;,&quot;SpecRun.results-example-specrun.html&quot;,SpecRun,PicklesDoc.Pickles.TestFrameworks.SpecRun.SpecRunResults)" />
    </UnitTest>
    <UnitTest name="ThenCanReadInconclusiveScenarioResultSuccessfully" storage="/users/ericcarlson/repos/pickles/src/pickles/pickles.testframeworks.unittests/bin/debug/netcoreapp3.1/picklesdoc.pickles.testframeworks.unittests.dll" id="2bc825b9-9d72-ab78-dc57-730a6f14b2c6">
      <Execution id="df6cee2a-0e55-4048-b417-c51eefd5ef07" />
      <TestMethod codeBase="/Users/ericcarlson/repos/pickles/src/Pickles/Pickles.TestFrameworks.UnitTests/bin/Debug/netcoreapp3.1/PicklesDoc.Pickles.TestFrameworks.UnitTests.dll" adapterTypeName="executor://nunit3testexecutor/" className="PicklesDoc.Pickles.TestFrameworks.UnitTests.SpecRun.WhenParsingSpecRunTestResultsFile" name="ThenCanReadInconclusiveScenarioResultSuccessfully" />
    </UnitTest>
    <UnitTest name="ThenCanReadIndividualResultsFromScenarioOutline_MultipleNamedExamplesWithDuplicateValues_ShouldMatchExamples" storage="/users/ericcarlson/repos/pickles/src/pickles/pickles.testframeworks.unittests/bin/debug/netcoreapp3.1/picklesdoc.pickles.testframeworks.unittests.dll" id="d7f6d945-38ba-f308-695a-8462453f5d48">
      <Execution id="333213e0-e356-476f-9be6-b5f42441f8c4" />
      <TestMethod codeBase="/Users/ericcarlson/repos/pickles/src/Pickles/Pickles.TestFrameworks.UnitTests/bin/Debug/netcoreapp3.1/PicklesDoc.Pickles.TestFrameworks.UnitTests.dll" adapterTypeName="executor://nunit3testexecutor/" className="PicklesDoc.Pickles.TestFrameworks.UnitTests.CucumberJson.WhenParsingCucumberJsonFromJSResultsFileWithIndividualResults" name="ThenCanReadIndividualResultsFromScenarioOutline_MultipleNamedExamplesWithDuplicateValues_ShouldMatchExamples" />
    </UnitTest>
    <UnitTest name="ThenCanReadIndividualResultsFromScenarioOutline_MultipleNamedExamples_ShouldMatchExamples" storage="/users/ericcarlson/repos/pickles/src/pickles/pickles.testframeworks.unittests/bin/debug/netcoreapp3.1/picklesdoc.pickles.testframeworks.unittests.dll" id="be92073c-cf35-830c-7fa7-636e79ce0e65">
      <Execution id="f305da1a-aa62-462b-87ca-5a10d4666345" />
      <TestMethod codeBase="/Users/ericcarlson/repos/pickles/src/Pickles/Pickles.TestFrameworks.UnitTests/bin/Debug/netcoreapp3.1/PicklesDoc.Pickles.TestFrameworks.UnitTests.dll" adapterTypeName="executor://nunit3testexecutor/" className="PicklesDoc.Pickles.TestFrameworks.UnitTests.CucumberJson.WhenParsingCucumberJsonFromJSResultsFileWithIndividualResults" name="ThenCanReadIndividualResultsFromScenarioOutline_MultipleNamedExamples_ShouldMatchExamples" />
    </UnitTest>
    <UnitTest name="ThenCanReadInconclusiveScenarioResultSuccessfully" storage="/users/ericcarlson/repos/pickles/src/pickles/pickles.testframeworks.unittests/bin/debug/netcoreapp3.1/picklesdoc.pickles.testframeworks.unittests.dll" id="d8c07703-c6ba-2990-8554-e0597fbd2a9a">
      <Execution id="9575b0f3-b362-4649-9c11-7cf292c9d604" />
      <TestMethod codeBase="/Users/ericcarlson/repos/pickles/src/Pickles/Pickles.TestFrameworks.UnitTests/bin/Debug/netcoreapp3.1/PicklesDoc.Pickles.TestFrameworks.UnitTests.dll" adapterTypeName="executor://nunit3testexecutor/" className="PicklesDoc.Pickles.TestFrameworks.UnitTests.MsTest.WhenParsingMsTestResultsFile" name="ThenCanReadInconclusiveScenarioResultSuccessfully" />
    </UnitTest>
    <UnitTest name="ThenCanReadResultOfScenarioOutlineWithSpecialCharacters" storage="/users/ericcarlson/repos/pickles/src/pickles/pickles.testframeworks.unittests/bin/debug/netcoreapp3.1/picklesdoc.pickles.testframeworks.unittests.dll" id="f433ab30-ec94-3266-329c-2d06d086eb91">
      <Execution id="17eff867-fd9b-47dd-bed8-491cfa198796" />
      <TestMethod codeBase="/Users/ericcarlson/repos/pickles/src/Pickles/Pickles.TestFrameworks.UnitTests/bin/Debug/netcoreapp3.1/PicklesDoc.Pickles.TestFrameworks.UnitTests.dll" adapterTypeName="executor://nunit3testexecutor/" className="PicklesDoc.Pickles.TestFrameworks.UnitTests.CucumberJson.WhenParsingCucumberJsonFromJSResultsFile" name="ThenCanReadResultOfScenarioOutlineWithSpecialCharacters" />
    </UnitTest>
    <UnitTest name="ThenCanReadResultsWithBackslashes" storage="/users/ericcarlson/repos/pickles/src/pickles/pickles.testframeworks.unittests/bin/debug/netcoreapp3.1/picklesdoc.pickles.testframeworks.unittests.dll" id="5bf4d307-a36a-3c36-5190-d6315ecad070">
      <Execution id="2bb6c059-3a5a-4c08-a518-d9d7e5bd01a5" />
      <TestMethod codeBase="/Users/ericcarlson/repos/pickles/src/Pickles/Pickles.TestFrameworks.UnitTests/bin/Debug/netcoreapp3.1/PicklesDoc.Pickles.TestFrameworks.UnitTests.dll" adapterTypeName="executor://nunit3testexecutor/" className="PicklesDoc.Pickles.TestFrameworks.UnitTests.NUnit.NUnit3.WhenParsingNunit3ResultsFileForNunit2Tests" name="ThenCanReadResultsWithBackslashes" />
    </UnitTest>
    <UnitTest name="ThenCanReadIgnoredScenarioResultSuccessfully" storage="/users/ericcarlson/repos/pickles/src/pickles/pickles.testframeworks.unittests/bin/debug/netcoreapp3.1/picklesdoc.pickles.testframeworks.unittests.dll" id="e41e37c8-c167-4d5a-947f-916a5e4f0a98">
      <Execution id="e01983b0-33a2-4f0a-a8b8-00499dfd245d" />
      <TestMethod codeBase="/Users/ericcarlson/repos/pickles/src/Pickles/Pickles.TestFrameworks.UnitTests/bin/Debug/netcoreapp3.1/PicklesDoc.Pickles.TestFrameworks.UnitTests.dll" adapterTypeName="executor://nunit3testexecutor/" className="PicklesDoc.Pickles.TestFrameworks.UnitTests.VsTest.WhenParsingVsTestResultsFile" name="ThenCanReadIgnoredScenarioResultSuccessfully" />
    </UnitTest>
    <UnitTest name="RegularExpressionAsExampleContentMatches_With_FullStop_And_Asterisk" storage="/users/ericcarlson/repos/pickles/src/pickles/pickles.testframeworks.unittests/bin/debug/netcoreapp3.1/picklesdoc.pickles.testframeworks.unittests.dll" id="2fbca240-d73e-90fe-fa10-66a717472df8">
      <Execution id="df3e865e-915f-4eb6-ba42-a9eb194ff8fc" />
      <TestMethod codeBase="/Users/ericcarlson/repos/pickles/src/Pickles/Pickles.TestFrameworks.UnitTests/bin/Debug/netcoreapp3.1/PicklesDoc.Pickles.TestFrameworks.UnitTests.dll" adapterTypeName="executor://nunit3testexecutor/" className="PicklesDoc.Pickles.TestFrameworks.UnitTests.XUnit.XUnit2.WhenDeterminingTheSignatureOfAnXUnit2ExampleRow" name="RegularExpressionAsExampleContentMatches_With_FullStop_And_Asterisk" />
    </UnitTest>
    <UnitTest name="ThenCanReadIndividualResultsFromScenarioOutline_MultipleExampleSections_ShouldBeTestResultFailed" storage="/users/ericcarlson/repos/pickles/src/pickles/pickles.testframeworks.unittests/bin/debug/netcoreapp3.1/picklesdoc.pickles.testframeworks.unittests.dll" id="e88e51df-0600-5288-c5bd-454451abcf17">
      <Execution id="739c6c52-94ff-4554-a3e9-65b57d841194" />
      <TestMethod codeBase="/Users/ericcarlson/repos/pickles/src/Pickles/Pickles.TestFrameworks.UnitTests/bin/Debug/netcoreapp3.1/PicklesDoc.Pickles.TestFrameworks.UnitTests.dll" adapterTypeName="executor://nunit3testexecutor/" className="PicklesDoc.Pickles.TestFrameworks.UnitTests.NUnit.NUnit3.WhenParsingNUnitResultsFileWithIndividualResults" name="ThenCanReadIndividualResultsFromScenarioOutline_MultipleExampleSections_ShouldBeTestResultFailed" />
    </UnitTest>
    <UnitTest name="ThenCanReadResultOfScenarioOutlineWithAmpersand" storage="/users/ericcarlson/repos/pickles/src/pickles/pickles.testframeworks.unittests/bin/debug/netcoreapp3.1/picklesdoc.pickles.testframeworks.unittests.dll" id="99f5e557-c1c6-7f3a-33fd-4b0fa5a0fc7b">
      <Execution id="c05faec1-c7fd-4855-8aa0-d99b62ff585c" />
      <TestMethod codeBase="/Users/ericcarlson/repos/pickles/src/Pickles/Pickles.TestFrameworks.UnitTests/bin/Debug/netcoreapp3.1/PicklesDoc.Pickles.TestFrameworks.UnitTests.dll" adapterTypeName="executor://nunit3testexecutor/" className="PicklesDoc.Pickles.TestFrameworks.UnitTests.CucumberJson.WhenParsingCucumberJsonFromRubyResultsFile" name="ThenCanReadResultOfScenarioOutlineWithAmpersand" />
    </UnitTest>
    <UnitTest name="ThenCanReadIndividualResultsFromScenarioOutline_OneInconclusive_ShouldBeTestResultInconclusive" storage="/users/ericcarlson/repos/pickles/src/pickles/pickles.testframeworks.unittests/bin/debug/netcoreapp3.1/picklesdoc.pickles.testframeworks.unittests.dll" id="0d0f4cc2-46ec-cf86-fc13-2bff0b09bc6d">
      <Execution id="ededfeda-ba93-4922-aa23-18f5cb80ed8b" />
      <TestMethod codeBase="/Users/ericcarlson/repos/pickles/src/Pickles/Pickles.TestFrameworks.UnitTests/bin/Debug/netcoreapp3.1/PicklesDoc.Pickles.TestFrameworks.UnitTests.dll" adapterTypeName="executor://nunit3testexecutor/" className="PicklesDoc.Pickles.TestFrameworks.UnitTests.XUnit.XUnit1.WhenParsingXUnitResultsFileWithIndividualResults" name="ThenCanReadIndividualResultsFromScenarioOutline_OneInconclusive_ShouldBeTestResultInconclusive" />
    </UnitTest>
    <UnitTest name="ThenCanReadFeatureResultSuccessfully" storage="/users/ericcarlson/repos/pickles/src/pickles/pickles.testframeworks.unittests/bin/debug/netcoreapp3.1/picklesdoc.pickles.testframeworks.unittests.dll" id="0bcd34cc-6526-724a-3466-15a3045d227d">
      <Execution id="d25ad5ae-53b6-40b1-86f4-fc1fc05130ca" />
      <TestMethod codeBase="/Users/ericcarlson/repos/pickles/src/Pickles/Pickles.TestFrameworks.UnitTests/bin/Debug/netcoreapp3.1/PicklesDoc.Pickles.TestFrameworks.UnitTests.dll" adapterTypeName="executor://nunit3testexecutor/" className="PicklesDoc.Pickles.TestFrameworks.UnitTests.NUnit.NUnit3.WhenParsingNunit3ResultsFileForNunit2Tests" name="ThenCanReadFeatureResultSuccessfully" />
    </UnitTest>
    <UnitTest name="ThenCanReadResultOfScenarioOutlineWithAmpersand" storage="/users/ericcarlson/repos/pickles/src/pickles/pickles.testframeworks.unittests/bin/debug/netcoreapp3.1/picklesdoc.pickles.testframeworks.unittests.dll" id="62eaccee-691a-dc72-a0c7-fc4bd9bbc8f7">
      <Execution id="7fade147-d4af-4f29-8d90-ef7af52eca3c" />
      <TestMethod codeBase="/Users/ericcarlson/repos/pickles/src/Pickles/Pickles.TestFrameworks.UnitTests/bin/Debug/netcoreapp3.1/PicklesDoc.Pickles.TestFrameworks.UnitTests.dll" adapterTypeName="executor://nunit3testexecutor/" className="PicklesDoc.Pickles.TestFrameworks.UnitTests.XUnit.XUnit1.WhenParsingxUnitResultsFile" name="ThenCanReadResultOfScenarioOutlineWithAmpersand" />
    </UnitTest>
    <UnitTest name="ThenCanReadResultsWithBackslashes" storage="/users/ericcarlson/repos/pickles/src/pickles/pickles.testframeworks.unittests/bin/debug/netcoreapp3.1/picklesdoc.pickles.testframeworks.unittests.dll" id="0d4c793d-3e33-a08f-1290-d7f68ea68b15">
      <Execution id="e049d905-e996-4c1f-933e-45a1924c9dbb" />
      <TestMethod codeBase="/Users/ericcarlson/repos/pickles/src/Pickles/Pickles.TestFrameworks.UnitTests/bin/Debug/netcoreapp3.1/PicklesDoc.Pickles.TestFrameworks.UnitTests.dll" adapterTypeName="executor://nunit3testexecutor/" className="PicklesDoc.Pickles.TestFrameworks.UnitTests.MsTest.WhenParsingMsTestResultsFile" name="ThenCanReadResultsWithBackslashes" />
    </UnitTest>
    <UnitTest name="ThenCanReadResultOfScenarioOutlineWithSpecialCharacters" storage="/users/ericcarlson/repos/pickles/src/pickles/pickles.testframeworks.unittests/bin/debug/netcoreapp3.1/picklesdoc.pickles.testframeworks.unittests.dll" id="5528f4d8-ebd5-6f1e-e4bf-3f7dddfcc499">
      <Execution id="bc2712cb-369a-4141-9828-3b6d76d17785" />
      <TestMethod codeBase="/Users/ericcarlson/repos/pickles/src/Pickles/Pickles.TestFrameworks.UnitTests/bin/Debug/netcoreapp3.1/PicklesDoc.Pickles.TestFrameworks.UnitTests.dll" adapterTypeName="executor://nunit3testexecutor/" className="PicklesDoc.Pickles.TestFrameworks.UnitTests.CucumberJson.WhenParsingCucumberJsonFromRubyResultsFile" name="ThenCanReadResultOfScenarioOutlineWithSpecialCharacters" />
    </UnitTest>
    <UnitTest name="ThenCanReadResultOfScenarioOutlineWithSpecialCharacters" storage="/users/ericcarlson/repos/pickles/src/pickles/pickles.testframeworks.unittests/bin/debug/netcoreapp3.1/picklesdoc.pickles.testframeworks.unittests.dll" id="d09ead03-57a4-a7c5-33ac-18bdf2ed785e">
      <Execution id="68aa2a5a-8b1d-44e3-a51f-fc1f0ebf5292" />
      <TestMethod codeBase="/Users/ericcarlson/repos/pickles/src/Pickles/Pickles.TestFrameworks.UnitTests/bin/Debug/netcoreapp3.1/PicklesDoc.Pickles.TestFrameworks.UnitTests.dll" adapterTypeName="executor://nunit3testexecutor/" className="PicklesDoc.Pickles.TestFrameworks.UnitTests.NUnit.NUnit3.WhenParsingNunit3ResultsFileForNunit2Tests" name="ThenCanReadResultOfScenarioOutlineWithSpecialCharacters" />
    </UnitTest>
    <UnitTest name="ThenCanReadResultOfScenarioWithSpanishCharacters" storage="/users/ericcarlson/repos/pickles/src/pickles/pickles.testframeworks.unittests/bin/debug/netcoreapp3.1/picklesdoc.pickles.testframeworks.unittests.dll" id="dc101341-c73f-f576-2045-514a0c7d85da">
      <Execution id="51ba3b47-1795-4968-92f1-1da0382d24b4" />
      <TestMethod codeBase="/Users/ericcarlson/repos/pickles/src/Pickles/Pickles.TestFrameworks.UnitTests/bin/Debug/netcoreapp3.1/PicklesDoc.Pickles.TestFrameworks.UnitTests.dll" adapterTypeName="executor://nunit3testexecutor/" className="PicklesDoc.Pickles.TestFrameworks.UnitTests.XUnit.XUnit1.WhenParsingxUnitResultsFile" name="ThenCanReadResultOfScenarioWithSpanishCharacters" />
    </UnitTest>
    <UnitTest name="ThenCanReadIndividualResultsFromScenarioOutline_MultipleNamedExamples_ShouldMatchExamples" storage="/users/ericcarlson/repos/pickles/src/pickles/pickles.testframeworks.unittests/bin/debug/netcoreapp3.1/picklesdoc.pickles.testframeworks.unittests.dll" id="86e3825d-829f-92fe-d878-0ca95ca51e4d">
      <Execution id="466e387e-c807-4115-986f-7af646232c6f" />
      <TestMethod codeBase="/Users/ericcarlson/repos/pickles/src/Pickles/Pickles.TestFrameworks.UnitTests/bin/Debug/netcoreapp3.1/PicklesDoc.Pickles.TestFrameworks.UnitTests.dll" adapterTypeName="executor://nunit3testexecutor/" className="PicklesDoc.Pickles.TestFrameworks.UnitTests.NUnit.NUnit2.WhenParsingNUnitResultsFileWithIndividualResults" name="ThenCanReadIndividualResultsFromScenarioOutline_MultipleNamedExamples_ShouldMatchExamples" />
    </UnitTest>
    <UnitTest name="ThenCanReadResultOfScenarioWithFailingBackground" storage="/users/ericcarlson/repos/pickles/src/pickles/pickles.testframeworks.unittests/bin/debug/netcoreapp3.1/picklesdoc.pickles.testframeworks.unittests.dll" id="9893997e-53da-cb26-1457-0e4e96142bee">
      <Execution id="3df851fa-0c51-446d-b210-f00b2f770f42" />
      <TestMethod codeBase="/Users/ericcarlson/repos/pickles/src/Pickles/Pickles.TestFrameworks.UnitTests/bin/Debug/netcoreapp3.1/PicklesDoc.Pickles.TestFrameworks.UnitTests.dll" adapterTypeName="executor://nunit3testexecutor/" className="PicklesDoc.Pickles.TestFrameworks.UnitTests.NUnit.NUnit3.WhenParsingNunit3ResultsFileForNunit2Tests" name="ThenCanReadResultOfScenarioWithFailingBackground" />
    </UnitTest>
    <UnitTest name="ThenCanReadResultOfFeatureWithFailingBackground" storage="/users/ericcarlson/repos/pickles/src/pickles/pickles.testframeworks.unittests/bin/debug/netcoreapp3.1/picklesdoc.pickles.testframeworks.unittests.dll" id="8ace6733-ba13-8c23-aec1-3ea938759ad0">
      <Execution id="0ede798a-c9ba-4cec-9471-df773d79124a" />
      <TestMethod codeBase="/Users/ericcarlson/repos/pickles/src/Pickles/Pickles.TestFrameworks.UnitTests/bin/Debug/netcoreapp3.1/PicklesDoc.Pickles.TestFrameworks.UnitTests.dll" adapterTypeName="executor://nunit3testexecutor/" className="PicklesDoc.Pickles.TestFrameworks.UnitTests.NUnit.NUnit2.WhenParsingNUnitResultsFile" name="ThenCanReadResultOfFeatureWithFailingBackground" />
    </UnitTest>
    <UnitTest name="ThenCanReadSuccessfulScenarioResultSuccessfully" storage="/users/ericcarlson/repos/pickles/src/pickles/pickles.testframeworks.unittests/bin/debug/netcoreapp3.1/picklesdoc.pickles.testframeworks.unittests.dll" id="704a0578-e150-f687-8667-46c29aab4a2d">
      <Execution id="bcb874d0-be3a-4c98-b9a7-41dc327c0a4a" />
      <TestMethod codeBase="/Users/ericcarlson/repos/pickles/src/Pickles/Pickles.TestFrameworks.UnitTests/bin/Debug/netcoreapp3.1/PicklesDoc.Pickles.TestFrameworks.UnitTests.dll" adapterTypeName="executor://nunit3testexecutor/" className="PicklesDoc.Pickles.TestFrameworks.UnitTests.VsTest.WhenParsingVsTestResultsFile" name="ThenCanReadSuccessfulScenarioResultSuccessfully" />
    </UnitTest>
    <UnitTest name="ThenCanReadExamplesWithLongExampleValues" storage="/users/ericcarlson/repos/pickles/src/pickles/pickles.testframeworks.unittests/bin/debug/netcoreapp3.1/picklesdoc.pickles.testframeworks.unittests.dll" id="35ba7772-dced-01ec-65bd-9f0afe402f1a">
      <Execution id="bad6d483-bc5b-401e-9512-cf877baa03b4" />
      <TestMethod codeBase="/Users/ericcarlson/repos/pickles/src/Pickles/Pickles.TestFrameworks.UnitTests/bin/Debug/netcoreapp3.1/PicklesDoc.Pickles.TestFrameworks.UnitTests.dll" adapterTypeName="executor://nunit3testexecutor/" className="PicklesDoc.Pickles.TestFrameworks.UnitTests.MsTest.WhenParsingMsTestResultsFileWithIndividualResults" name="ThenCanReadExamplesWithLongExampleValues" />
    </UnitTest>
    <UnitTest name="ThenCanReadResultOfScenarioWithSpecialCharacters" storage="/users/ericcarlson/repos/pickles/src/pickles/pickles.testframeworks.unittests/bin/debug/netcoreapp3.1/picklesdoc.pickles.testframeworks.unittests.dll" id="279277b8-c475-1740-4b89-51c71b5e60bc">
      <Execution id="98848a70-d63d-4648-896b-a4132dbd09e8" />
      <TestMethod codeBase="/Users/ericcarlson/repos/pickles/src/Pickles/Pickles.TestFrameworks.UnitTests/bin/Debug/netcoreapp3.1/PicklesDoc.Pickles.TestFrameworks.UnitTests.dll" adapterTypeName="executor://nunit3testexecutor/" className="PicklesDoc.Pickles.TestFrameworks.UnitTests.MsTest.WhenParsingMsTestResultsFile" name="ThenCanReadResultOfScenarioWithSpecialCharacters" />
    </UnitTest>
    <UnitTest name="ThenCanReadResultOfScenarioOutlineWithSpecialCharacters" storage="/users/ericcarlson/repos/pickles/src/pickles/pickles.testframeworks.unittests/bin/debug/netcoreapp3.1/picklesdoc.pickles.testframeworks.unittests.dll" id="20f75a53-728a-3e27-2cbb-bec08c93c778">
      <Execution id="225ea7da-4c2a-4a54-bc7a-4f3a099097c2" />
      <TestMethod codeBase="/Users/ericcarlson/repos/pickles/src/Pickles/Pickles.TestFrameworks.UnitTests/bin/Debug/netcoreapp3.1/PicklesDoc.Pickles.TestFrameworks.UnitTests.dll" adapterTypeName="executor://nunit3testexecutor/" className="PicklesDoc.Pickles.TestFrameworks.UnitTests.NUnit.NUnit2.WhenParsingNUnitResultsFile" name="ThenCanReadResultOfScenarioOutlineWithSpecialCharacters" />
    </UnitTest>
    <UnitTest name="ThenCanReadResultOfScenarioWithSpanishCharacters" storage="/users/ericcarlson/repos/pickles/src/pickles/pickles.testframeworks.unittests/bin/debug/netcoreapp3.1/picklesdoc.pickles.testframeworks.unittests.dll" id="2fa9a1f4-abc4-ffa0-207f-983e0f96fe73">
      <Execution id="9b7787d1-c7e0-4ba4-983b-bbab6914a24d" />
      <TestMethod codeBase="/Users/ericcarlson/repos/pickles/src/Pickles/Pickles.TestFrameworks.UnitTests/bin/Debug/netcoreapp3.1/PicklesDoc.Pickles.TestFrameworks.UnitTests.dll" adapterTypeName="executor://nunit3testexecutor/" className="PicklesDoc.Pickles.TestFrameworks.UnitTests.SpecRun.WhenParsingSpecRunTestResultsFile" name="ThenCanReadResultOfScenarioWithSpanishCharacters" />
    </UnitTest>
    <UnitTest name="ThenCanReadSuccessfulScenarioResultSuccessfully" storage="/users/ericcarlson/repos/pickles/src/pickles/pickles.testframeworks.unittests/bin/debug/netcoreapp3.1/picklesdoc.pickles.testframeworks.unittests.dll" id="66e03bc3-9a1a-bb82-873e-d256b3c27477">
      <Execution id="848fb41d-f531-4165-a836-806a020532cb" />
      <TestMethod codeBase="/Users/ericcarlson/repos/pickles/src/Pickles/Pickles.TestFrameworks.UnitTests/bin/Debug/netcoreapp3.1/PicklesDoc.Pickles.TestFrameworks.UnitTests.dll" adapterTypeName="executor://nunit3testexecutor/" className="PicklesDoc.Pickles.TestFrameworks.UnitTests.MsTest.WhenParsingMsTestResultsFile" name="ThenCanReadSuccessfulScenarioResultSuccessfully" />
    </UnitTest>
    <UnitTest name="RegularExpressionAsExampleContentMatches_With_Full_Regular_Expression" storage="/users/ericcarlson/repos/pickles/src/pickles/pickles.testframeworks.unittests/bin/debug/netcoreapp3.1/picklesdoc.pickles.testframeworks.unittests.dll" id="6768218c-6567-ac9b-b338-b8819476acaf">
      <Execution id="e3612832-54b7-4c31-ba26-e795204dde48" />
      <TestMethod codeBase="/Users/ericcarlson/repos/pickles/src/Pickles/Pickles.TestFrameworks.UnitTests/bin/Debug/netcoreapp3.1/PicklesDoc.Pickles.TestFrameworks.UnitTests.dll" adapterTypeName="executor://nunit3testexecutor/" className="PicklesDoc.Pickles.TestFrameworks.UnitTests.XUnit.XUnit2.WhenDeterminingTheSignatureOfAnXUnit2ExampleRow" name="RegularExpressionAsExampleContentMatches_With_Full_Regular_Expression" />
    </UnitTest>
    <UnitTest name="ThenCanReadResultOfFeatureWithFailingBackground" storage="/users/ericcarlson/repos/pickles/src/pickles/pickles.testframeworks.unittests/bin/debug/netcoreapp3.1/picklesdoc.pickles.testframeworks.unittests.dll" id="51b33863-1938-707d-697f-94c37596fd6d">
      <Execution id="2b1a84fe-7233-4f93-909d-107eeaac73f9" />
      <TestMethod codeBase="/Users/ericcarlson/repos/pickles/src/Pickles/Pickles.TestFrameworks.UnitTests/bin/Debug/netcoreapp3.1/PicklesDoc.Pickles.TestFrameworks.UnitTests.dll" adapterTypeName="executor://nunit3testexecutor/" className="PicklesDoc.Pickles.TestFrameworks.UnitTests.CucumberJson.WhenParsingCucumberJsonFromRubyResultsFile" name="ThenCanReadResultOfFeatureWithFailingBackground" />
    </UnitTest>
    <UnitTest name="ThenCanReadResultOfScenarioOutlineWithFailingBackground" storage="/users/ericcarlson/repos/pickles/src/pickles/pickles.testframeworks.unittests/bin/debug/netcoreapp3.1/picklesdoc.pickles.testframeworks.unittests.dll" id="2f1248d0-a771-9597-d90a-fb612873ab24">
      <Execution id="2c2faf0e-5adf-4bf1-a49f-8c5ec5efdfdf" />
      <TestMethod codeBase="/Users/ericcarlson/repos/pickles/src/Pickles/Pickles.TestFrameworks.UnitTests/bin/Debug/netcoreapp3.1/PicklesDoc.Pickles.TestFrameworks.UnitTests.dll" adapterTypeName="executor://nunit3testexecutor/" className="PicklesDoc.Pickles.TestFrameworks.UnitTests.CucumberJson.WhenParsingCucumberJsonFromRubyResultsFile" name="ThenCanReadResultOfScenarioOutlineWithFailingBackground" />
    </UnitTest>
    <UnitTest name="ThenCanResolve(&quot;results-example-xunit.xml&quot;,&quot;XUnit.XUnit1.results-example-xunit.xml&quot;,XUnit1,PicklesDoc.Pickles.TestFrameworks.XUnit.XUnit1.XUnit1Results)" storage="/users/ericcarlson/repos/pickles/src/pickles/pickles.testframeworks.unittests/bin/debug/netcoreapp3.1/picklesdoc.pickles.testframeworks.unittests.dll" id="47086e35-06f3-bc27-02fb-3f657d13b0a3">
      <Execution id="56c8bc93-30ad-4c01-bc30-abd9b5ac05c2" />
      <TestMethod codeBase="/Users/ericcarlson/repos/pickles/src/Pickles/Pickles.TestFrameworks.UnitTests/bin/Debug/netcoreapp3.1/PicklesDoc.Pickles.TestFrameworks.UnitTests.dll" adapterTypeName="executor://nunit3testexecutor/" className="PicklesDoc.Pickles.TestFrameworks.UnitTests.WhenResolvingTestResults" name="ThenCanResolve(&quot;results-example-xunit.xml&quot;,&quot;XUnit.XUnit1.results-example-xunit.xml&quot;,XUnit1,PicklesDoc.Pickles.TestFrameworks.XUnit.XUnit1.XUnit1Results)" />
    </UnitTest>
    <UnitTest name="ThenCanReadIndividualResultsFromScenarioOutline_MultipleExamplesWithDuplicateValues_ShouldMatchExamples" storage="/users/ericcarlson/repos/pickles/src/pickles/pickles.testframeworks.unittests/bin/debug/netcoreapp3.1/picklesdoc.pickles.testframeworks.unittests.dll" id="dda4734d-9263-9683-bcf1-0cc612cb1594">
      <Execution id="33b2f6d6-7ae6-486a-9e54-162b499349aa" />
      <TestMethod codeBase="/Users/ericcarlson/repos/pickles/src/Pickles/Pickles.TestFrameworks.UnitTests/bin/Debug/netcoreapp3.1/PicklesDoc.Pickles.TestFrameworks.UnitTests.dll" adapterTypeName="executor://nunit3testexecutor/" className="PicklesDoc.Pickles.TestFrameworks.UnitTests.NUnit.NUnit3.WhenParsingNUnitResultsFileWithIndividualResults" name="ThenCanReadIndividualResultsFromScenarioOutline_MultipleExamplesWithDuplicateValues_ShouldMatchExamples" />
    </UnitTest>
    <UnitTest name="ThenCanReadIgnoredScenarioResultSuccessfully" storage="/users/ericcarlson/repos/pickles/src/pickles/pickles.testframeworks.unittests/bin/debug/netcoreapp3.1/picklesdoc.pickles.testframeworks.unittests.dll" id="8bb3b051-fd54-70fa-37da-5e1986e478a5">
      <Execution id="2fcd4cab-055d-43e8-89ed-da1bb949d83c" />
      <TestMethod codeBase="/Users/ericcarlson/repos/pickles/src/Pickles/Pickles.TestFrameworks.UnitTests/bin/Debug/netcoreapp3.1/PicklesDoc.Pickles.TestFrameworks.UnitTests.dll" adapterTypeName="executor://nunit3testexecutor/" className="PicklesDoc.Pickles.TestFrameworks.UnitTests.NUnit.NUnit3.WhenParsingNunit3ResultsFileForNunit2Tests" name="ThenCanReadIgnoredScenarioResultSuccessfully" />
    </UnitTest>
    <UnitTest name="ThenCanReadResultOfScenarioWithDanishCharacters" storage="/users/ericcarlson/repos/pickles/src/pickles/pickles.testframeworks.unittests/bin/debug/netcoreapp3.1/picklesdoc.pickles.testframeworks.unittests.dll" id="c453c6ec-7ac7-6aba-4513-ebc0b71441c4">
      <Execution id="30d8ed7d-c374-4b63-83e0-da2b568484e6" />
      <TestMethod codeBase="/Users/ericcarlson/repos/pickles/src/Pickles/Pickles.TestFrameworks.UnitTests/bin/Debug/netcoreapp3.1/PicklesDoc.Pickles.TestFrameworks.UnitTests.dll" adapterTypeName="executor://nunit3testexecutor/" className="PicklesDoc.Pickles.TestFrameworks.UnitTests.NUnit.NUnit2.WhenParsingNUnitResultsFile" name="ThenCanReadResultOfScenarioWithDanishCharacters" />
    </UnitTest>
    <UnitTest name="ThenCanResolveAsSingleton(null,null,null,PicklesDoc.Pickles.TestFrameworks.NullTestResults)" storage="/users/ericcarlson/repos/pickles/src/pickles/pickles.testframeworks.unittests/bin/debug/netcoreapp3.1/picklesdoc.pickles.testframeworks.unittests.dll" id="1b78643d-a4c2-713e-da90-2e6b0238a12b">
      <Execution id="73effd10-e190-4235-a989-d352ca66b97a" />
      <TestMethod codeBase="/Users/ericcarlson/repos/pickles/src/Pickles/Pickles.TestFrameworks.UnitTests/bin/Debug/netcoreapp3.1/PicklesDoc.Pickles.TestFrameworks.UnitTests.dll" adapterTypeName="executor://nunit3testexecutor/" className="PicklesDoc.Pickles.TestFrameworks.UnitTests.WhenResolvingTestResults" name="ThenCanResolveAsSingleton(null,null,null,PicklesDoc.Pickles.TestFrameworks.NullTestResults)" />
    </UnitTest>
    <UnitTest name="ThenCanSuccessfullyMatchExamplesWithLongValues" storage="/users/ericcarlson/repos/pickles/src/pickles/pickles.testframeworks.unittests/bin/debug/netcoreapp3.1/picklesdoc.pickles.testframeworks.unittests.dll" id="4daa0264-d422-7a85-989e-1ae9e712a1eb">
      <Execution id="2104541d-0947-432b-b22d-11bc08d47b27" />
      <TestMethod codeBase="/Users/ericcarlson/repos/pickles/src/Pickles/Pickles.TestFrameworks.UnitTests/bin/Debug/netcoreapp3.1/PicklesDoc.Pickles.TestFrameworks.UnitTests.dll" adapterTypeName="executor://nunit3testexecutor/" className="PicklesDoc.Pickles.TestFrameworks.UnitTests.NUnit.NUnit2.WhenDeterminingTheSignatureOfAnNUnitExampleRow" name="ThenCanSuccessfullyMatchExamplesWithLongValues" />
    </UnitTest>
    <UnitTest name="ThenCanReadResultOfScenarioWithFailingBackground" storage="/users/ericcarlson/repos/pickles/src/pickles/pickles.testframeworks.unittests/bin/debug/netcoreapp3.1/picklesdoc.pickles.testframeworks.unittests.dll" id="f7956f7c-5887-9a0c-7c3e-645573a0e845">
      <Execution id="7d7f04f1-b1da-4539-86a2-40b870e85789" />
      <TestMethod codeBase="/Users/ericcarlson/repos/pickles/src/Pickles/Pickles.TestFrameworks.UnitTests/bin/Debug/netcoreapp3.1/PicklesDoc.Pickles.TestFrameworks.UnitTests.dll" adapterTypeName="executor://nunit3testexecutor/" className="PicklesDoc.Pickles.TestFrameworks.UnitTests.MsTest.WhenParsingMsTestResultsFile" name="ThenCanReadResultOfScenarioWithFailingBackground" />
    </UnitTest>
    <UnitTest name="ThenCanReadIndividualResultsFromScenarioOutline_ExamplesWithDuplicateValues_ShouldMatchExamples" storage="/users/ericcarlson/repos/pickles/src/pickles/pickles.testframeworks.unittests/bin/debug/netcoreapp3.1/picklesdoc.pickles.testframeworks.unittests.dll" id="ad512448-3972-9a5f-6725-9bed00cac1bb">
      <Execution id="0ba47eea-57f2-4412-a4ef-7a0fe36e6dc9" />
      <TestMethod codeBase="/Users/ericcarlson/repos/pickles/src/Pickles/Pickles.TestFrameworks.UnitTests/bin/Debug/netcoreapp3.1/PicklesDoc.Pickles.TestFrameworks.UnitTests.dll" adapterTypeName="executor://nunit3testexecutor/" className="PicklesDoc.Pickles.TestFrameworks.UnitTests.CucumberJson.WhenParsingCucumberJsonFromRubyResultsFileWithIndividualResults" name="ThenCanReadIndividualResultsFromScenarioOutline_ExamplesWithDuplicateValues_ShouldMatchExamples" />
    </UnitTest>
    <UnitTest name="ThenCanReadFeatureResultSuccessfully" storage="/users/ericcarlson/repos/pickles/src/pickles/pickles.testframeworks.unittests/bin/debug/netcoreapp3.1/picklesdoc.pickles.testframeworks.unittests.dll" id="04e26c3f-1210-a75b-c0bc-6ef78e296957">
      <Execution id="877d6cbd-2371-4829-81dc-6a26f6c62207" />
      <TestMethod codeBase="/Users/ericcarlson/repos/pickles/src/Pickles/Pickles.TestFrameworks.UnitTests/bin/Debug/netcoreapp3.1/PicklesDoc.Pickles.TestFrameworks.UnitTests.dll" adapterTypeName="executor://nunit3testexecutor/" className="PicklesDoc.Pickles.TestFrameworks.UnitTests.NUnit.NUnit3.WhenParsingNunit3ResultsFile" name="ThenCanReadFeatureResultSuccessfully" />
    </UnitTest>
    <UnitTest name="ThenCanReadFailedScenarioResultSuccessfully" storage="/users/ericcarlson/repos/pickles/src/pickles/pickles.testframeworks.unittests/bin/debug/netcoreapp3.1/picklesdoc.pickles.testframeworks.unittests.dll" id="577232fa-4820-0031-8220-5c10c6849f65">
      <Execution id="928682e4-29b7-4794-8f2c-14e00f9fe2dc" />
      <TestMethod codeBase="/Users/ericcarlson/repos/pickles/src/Pickles/Pickles.TestFrameworks.UnitTests/bin/Debug/netcoreapp3.1/PicklesDoc.Pickles.TestFrameworks.UnitTests.dll" adapterTypeName="executor://nunit3testexecutor/" className="PicklesDoc.Pickles.TestFrameworks.UnitTests.CucumberJson.WhenParsingCucumberJsonFromRubyResultsFile" name="ThenCanReadFailedScenarioResultSuccessfully" />
    </UnitTest>
    <UnitTest name="ThenCanReadResultOfScenarioWithFailingBackground" storage="/users/ericcarlson/repos/pickles/src/pickles/pickles.testframeworks.unittests/bin/debug/netcoreapp3.1/picklesdoc.pickles.testframeworks.unittests.dll" id="53b5d2b4-1979-aefd-9cc8-74b7bed357fa">
      <Execution id="e9b91446-68ee-4472-95bb-505886723c94" />
      <TestMethod codeBase="/Users/ericcarlson/repos/pickles/src/Pickles/Pickles.TestFrameworks.UnitTests/bin/Debug/netcoreapp3.1/PicklesDoc.Pickles.TestFrameworks.UnitTests.dll" adapterTypeName="executor://nunit3testexecutor/" className="PicklesDoc.Pickles.TestFrameworks.UnitTests.NUnit.NUnit3.WhenParsingNunit3ResultsFile" name="ThenCanReadResultOfScenarioWithFailingBackground" />
    </UnitTest>
    <UnitTest name="ThenCanReadPassedFeatureResultSuccessfully" storage="/users/ericcarlson/repos/pickles/src/pickles/pickles.testframeworks.unittests/bin/debug/netcoreapp3.1/picklesdoc.pickles.testframeworks.unittests.dll" id="1fd45540-89f6-40d1-32d1-2043299aad61">
      <Execution id="8af16b1b-85e7-4bfd-b5fe-e430f312b7c1" />
      <TestMethod codeBase="/Users/ericcarlson/repos/pickles/src/Pickles/Pickles.TestFrameworks.UnitTests/bin/Debug/netcoreapp3.1/PicklesDoc.Pickles.TestFrameworks.UnitTests.dll" adapterTypeName="executor://nunit3testexecutor/" className="PicklesDoc.Pickles.TestFrameworks.UnitTests.SpecRun.WhenParsingSpecRunTestResultsFile" name="ThenCanReadPassedFeatureResultSuccessfully" />
    </UnitTest>
    <UnitTest name="ThenCanReadIndividualResultsFromScenarioOutline_AllPass_ShouldBeTestResultPassed" storage="/users/ericcarlson/repos/pickles/src/pickles/pickles.testframeworks.unittests/bin/debug/netcoreapp3.1/picklesdoc.pickles.testframeworks.unittests.dll" id="883b6ac9-ac51-b5f6-5a08-17161bbcc88f">
      <Execution id="25f021b3-6315-49de-ad71-3f334bdecf36" />
      <TestMethod codeBase="/Users/ericcarlson/repos/pickles/src/Pickles/Pickles.TestFrameworks.UnitTests/bin/Debug/netcoreapp3.1/PicklesDoc.Pickles.TestFrameworks.UnitTests.dll" adapterTypeName="executor://nunit3testexecutor/" className="PicklesDoc.Pickles.TestFrameworks.UnitTests.SpecRun.WhenParsingSpecRunTestResultsFileWithIndividualResults" name="ThenCanReadIndividualResultsFromScenarioOutline_AllPass_ShouldBeTestResultPassed" />
    </UnitTest>
    <UnitTest name="ThenCanReadScenarioOutlineResultSuccessfully" storage="/users/ericcarlson/repos/pickles/src/pickles/pickles.testframeworks.unittests/bin/debug/netcoreapp3.1/picklesdoc.pickles.testframeworks.unittests.dll" id="3baf913f-526d-3c8d-eef9-0705cb381b53">
      <Execution id="4ae28994-6045-44a8-a5d7-7451fa066184" />
      <TestMethod codeBase="/Users/ericcarlson/repos/pickles/src/Pickles/Pickles.TestFrameworks.UnitTests/bin/Debug/netcoreapp3.1/PicklesDoc.Pickles.TestFrameworks.UnitTests.dll" adapterTypeName="executor://nunit3testexecutor/" className="PicklesDoc.Pickles.TestFrameworks.UnitTests.CucumberJson.WhenParsingCucumberJsonFromRubyResultsFile" name="ThenCanReadScenarioOutlineResultSuccessfully" />
    </UnitTest>
    <UnitTest name="ThenCanReadExamplesWithLongExampleValues" storage="/users/ericcarlson/repos/pickles/src/pickles/pickles.testframeworks.unittests/bin/debug/netcoreapp3.1/picklesdoc.pickles.testframeworks.unittests.dll" id="d0bc7ea5-e2a0-6790-9331-20e93b51d0a9">
      <Execution id="01d48d95-84a9-4dcd-811c-c6088c5dd2fe" />
      <TestMethod codeBase="/Users/ericcarlson/repos/pickles/src/Pickles/Pickles.TestFrameworks.UnitTests/bin/Debug/netcoreapp3.1/PicklesDoc.Pickles.TestFrameworks.UnitTests.dll" adapterTypeName="executor://nunit3testexecutor/" className="PicklesDoc.Pickles.TestFrameworks.UnitTests.NUnit.NUnit2.WhenParsingNUnitResultsFileWithIndividualResults" name="ThenCanReadExamplesWithLongExampleValues" />
    </UnitTest>
    <UnitTest name="ThenCanReadIndividualResultsFromScenarioOutline_OneFailed_ShouldBeTestResultFailed" storage="/users/ericcarlson/repos/pickles/src/pickles/pickles.testframeworks.unittests/bin/debug/netcoreapp3.1/picklesdoc.pickles.testframeworks.unittests.dll" id="4fd0e4d4-201f-f92a-a4bd-73991d73bd74">
      <Execution id="fd42c6a3-ab10-43ac-8115-99c7d2f423d0" />
      <TestMethod codeBase="/Users/ericcarlson/repos/pickles/src/Pickles/Pickles.TestFrameworks.UnitTests/bin/Debug/netcoreapp3.1/PicklesDoc.Pickles.TestFrameworks.UnitTests.dll" adapterTypeName="executor://nunit3testexecutor/" className="PicklesDoc.Pickles.TestFrameworks.UnitTests.NUnit.NUnit3.WhenParsingNUnitResultsFileWithIndividualResults" name="ThenCanReadIndividualResultsFromScenarioOutline_OneFailed_ShouldBeTestResultFailed" />
    </UnitTest>
    <UnitTest name="ThenCanReadResultOfScenarioOutlineWithSpecialCharacters" storage="/users/ericcarlson/repos/pickles/src/pickles/pickles.testframeworks.unittests/bin/debug/netcoreapp3.1/picklesdoc.pickles.testframeworks.unittests.dll" id="81bd21f5-845e-aa35-fada-47a8b94de4c8">
      <Execution id="6a28238a-ec43-4533-b39c-f1da82fcb42f" />
      <TestMethod codeBase="/Users/ericcarlson/repos/pickles/src/Pickles/Pickles.TestFrameworks.UnitTests/bin/Debug/netcoreapp3.1/PicklesDoc.Pickles.TestFrameworks.UnitTests.dll" adapterTypeName="executor://nunit3testexecutor/" className="PicklesDoc.Pickles.TestFrameworks.UnitTests.MsTest.WhenParsingMsTestResultsFile" name="ThenCanReadResultOfScenarioOutlineWithSpecialCharacters" />
    </UnitTest>
    <UnitTest name="ThenCanReadResultOfScenarioWithDanishCharacters" storage="/users/ericcarlson/repos/pickles/src/pickles/pickles.testframeworks.unittests/bin/debug/netcoreapp3.1/picklesdoc.pickles.testframeworks.unittests.dll" id="e42f56d1-0116-4ec2-39ce-514840e88883">
      <Execution id="c558e097-872c-4ae8-92b5-7a43bf869f98" />
      <TestMethod codeBase="/Users/ericcarlson/repos/pickles/src/Pickles/Pickles.TestFrameworks.UnitTests/bin/Debug/netcoreapp3.1/PicklesDoc.Pickles.TestFrameworks.UnitTests.dll" adapterTypeName="executor://nunit3testexecutor/" className="PicklesDoc.Pickles.TestFrameworks.UnitTests.XUnit.XUnit1.WhenParsingxUnitResultsFile" name="ThenCanReadResultOfScenarioWithDanishCharacters" />
    </UnitTest>
    <UnitTest name="ThenCanReadIndividualResultsFromScenarioOutline_MultipleExamplesWithDuplicateValues_ShouldMatchExamples" storage="/users/ericcarlson/repos/pickles/src/pickles/pickles.testframeworks.unittests/bin/debug/netcoreapp3.1/picklesdoc.pickles.testframeworks.unittests.dll" id="a64081be-e7d0-830f-dfc8-24bbee2a32f5">
      <Execution id="9399358d-a558-46eb-9763-1c025d747b9c" />
      <TestMethod codeBase="/Users/ericcarlson/repos/pickles/src/Pickles/Pickles.TestFrameworks.UnitTests/bin/Debug/netcoreapp3.1/PicklesDoc.Pickles.TestFrameworks.UnitTests.dll" adapterTypeName="executor://nunit3testexecutor/" className="PicklesDoc.Pickles.TestFrameworks.UnitTests.CucumberJson.WhenParsingCucumberJsonFromJSResultsFileWithIndividualResults" name="ThenCanReadIndividualResultsFromScenarioOutline_MultipleExamplesWithDuplicateValues_ShouldMatchExamples" />
    </UnitTest>
    <UnitTest name="ThenCanReadFeatureResultSuccessfully" storage="/users/ericcarlson/repos/pickles/src/pickles/pickles.testframeworks.unittests/bin/debug/netcoreapp3.1/picklesdoc.pickles.testframeworks.unittests.dll" id="4bc5f009-c973-f931-1d45-f0addc813db2">
      <Execution id="49881f05-108f-42b7-b756-c05eabc3b8f8" />
      <TestMethod codeBase="/Users/ericcarlson/repos/pickles/src/Pickles/Pickles.TestFrameworks.UnitTests/bin/Debug/netcoreapp3.1/PicklesDoc.Pickles.TestFrameworks.UnitTests.dll" adapterTypeName="executor://nunit3testexecutor/" className="PicklesDoc.Pickles.TestFrameworks.UnitTests.CucumberJson.WhenParsingCucumberJsonFromRubyResultsFile" name="ThenCanReadFeatureResultSuccessfully" />
    </UnitTest>
    <UnitTest name="ThenCanResolveAsSingleton(&quot;results-example-xunit2.xml&quot;,&quot;XUnit.XUnit2.results-example-xunit2.xml&quot;,xUnit2,PicklesDoc.Pickles.TestFrameworks.XUnit.XUnit2.XUnit2Results)" storage="/users/ericcarlson/repos/pickles/src/pickles/pickles.testframeworks.unittests/bin/debug/netcoreapp3.1/picklesdoc.pickles.testframeworks.unittests.dll" id="e2f7c893-77fd-2757-2bf1-4ba1cfd4b69d">
      <Execution id="6a21c65e-3615-403f-974c-236968872658" />
      <TestMethod codeBase="/Users/ericcarlson/repos/pickles/src/Pickles/Pickles.TestFrameworks.UnitTests/bin/Debug/netcoreapp3.1/PicklesDoc.Pickles.TestFrameworks.UnitTests.dll" adapterTypeName="executor://nunit3testexecutor/" className="PicklesDoc.Pickles.TestFrameworks.UnitTests.WhenResolvingTestResults" name="ThenCanResolveAsSingleton(&quot;results-example-xunit2.xml&quot;,&quot;XUnit.XUnit2.results-example-xunit2.xml&quot;,xUnit2,PicklesDoc.Pickles.TestFrameworks.XUnit.XUnit2.XUnit2Results)" />
    </UnitTest>
    <UnitTest name="ThenCanResolveAsSingleton(&quot;results-example-specrun.html&quot;,&quot;SpecRun.results-example-specrun.html&quot;,SpecRun,PicklesDoc.Pickles.TestFrameworks.SpecRun.SpecRunResults)" storage="/users/ericcarlson/repos/pickles/src/pickles/pickles.testframeworks.unittests/bin/debug/netcoreapp3.1/picklesdoc.pickles.testframeworks.unittests.dll" id="81a1abf8-6be1-aea7-389f-5894b71b2368">
      <Execution id="64cf7192-386b-4a24-839c-7e1f8b096d36" />
      <TestMethod codeBase="/Users/ericcarlson/repos/pickles/src/Pickles/Pickles.TestFrameworks.UnitTests/bin/Debug/netcoreapp3.1/PicklesDoc.Pickles.TestFrameworks.UnitTests.dll" adapterTypeName="executor://nunit3testexecutor/" className="PicklesDoc.Pickles.TestFrameworks.UnitTests.WhenResolvingTestResults" name="ThenCanResolveAsSingleton(&quot;results-example-specrun.html&quot;,&quot;SpecRun.results-example-specrun.html&quot;,SpecRun,PicklesDoc.Pickles.TestFrameworks.SpecRun.SpecRunResults)" />
    </UnitTest>
    <UnitTest name="ThenCanReadFailedFeatureResultSuccessfully" storage="/users/ericcarlson/repos/pickles/src/pickles/pickles.testframeworks.unittests/bin/debug/netcoreapp3.1/picklesdoc.pickles.testframeworks.unittests.dll" id="562129e5-360d-2549-3c09-e4b49f36264d">
      <Execution id="ace5263f-6b81-4df0-88c7-3257467d72a7" />
      <TestMethod codeBase="/Users/ericcarlson/repos/pickles/src/Pickles/Pickles.TestFrameworks.UnitTests/bin/Debug/netcoreapp3.1/PicklesDoc.Pickles.TestFrameworks.UnitTests.dll" adapterTypeName="executor://nunit3testexecutor/" className="PicklesDoc.Pickles.TestFrameworks.UnitTests.VsTest.WhenParsingMultipleVsTestTestResultsFiles" name="ThenCanReadFailedFeatureResultSuccessfully" />
    </UnitTest>
    <UnitTest name="ThenCanReadIndividualResultsFromScenarioOutline_OneFailed_ShouldBeTestResultFailed" storage="/users/ericcarlson/repos/pickles/src/pickles/pickles.testframeworks.unittests/bin/debug/netcoreapp3.1/picklesdoc.pickles.testframeworks.unittests.dll" id="7746c945-7215-2f12-d241-54991e7b255d">
      <Execution id="7f580c65-c3f6-4aa8-81d0-5852118f1bf5" />
      <TestMethod codeBase="/Users/ericcarlson/repos/pickles/src/Pickles/Pickles.TestFrameworks.UnitTests/bin/Debug/netcoreapp3.1/PicklesDoc.Pickles.TestFrameworks.UnitTests.dll" adapterTypeName="executor://nunit3testexecutor/" className="PicklesDoc.Pickles.TestFrameworks.UnitTests.VsTest.WhenParsingVsTestResultsFileWithIndividualResults" name="ThenCanReadIndividualResultsFromScenarioOutline_OneFailed_ShouldBeTestResultFailed" />
    </UnitTest>
    <UnitTest name="ThenCanReadExamplesWithLongExampleValues" storage="/users/ericcarlson/repos/pickles/src/pickles/pickles.testframeworks.unittests/bin/debug/netcoreapp3.1/picklesdoc.pickles.testframeworks.unittests.dll" id="39588d47-2e56-432b-359a-0110f3e63f57">
      <Execution id="520f2a5a-65db-42f6-a4df-dc28e64f70ad" />
      <TestMethod codeBase="/Users/ericcarlson/repos/pickles/src/Pickles/Pickles.TestFrameworks.UnitTests/bin/Debug/netcoreapp3.1/PicklesDoc.Pickles.TestFrameworks.UnitTests.dll" adapterTypeName="executor://nunit3testexecutor/" className="PicklesDoc.Pickles.TestFrameworks.UnitTests.VsTest.WhenParsingVsTestResultsFileWithIndividualResults" name="ThenCanReadExamplesWithLongExampleValues" />
    </UnitTest>
    <UnitTest name="ThenCanReadIndividualResultsFromScenarioOutline_MultipleExampleSections_ShouldBeTestResultFailed" storage="/users/ericcarlson/repos/pickles/src/pickles/pickles.testframeworks.unittests/bin/debug/netcoreapp3.1/picklesdoc.pickles.testframeworks.unittests.dll" id="4c3f6b35-48a0-d207-99c1-65bbc2fa071b">
      <Execution id="ca6c0667-b6da-411f-ba58-8ca09a95b530" />
      <TestMethod codeBase="/Users/ericcarlson/repos/pickles/src/Pickles/Pickles.TestFrameworks.UnitTests/bin/Debug/netcoreapp3.1/PicklesDoc.Pickles.TestFrameworks.UnitTests.dll" adapterTypeName="executor://nunit3testexecutor/" className="PicklesDoc.Pickles.TestFrameworks.UnitTests.CucumberJson.WhenParsingCucumberJsonFromRubyResultsFileWithIndividualResults" name="ThenCanReadIndividualResultsFromScenarioOutline_MultipleExampleSections_ShouldBeTestResultFailed" />
    </UnitTest>
    <UnitTest name="ThenCanResolve(null,null,null,PicklesDoc.Pickles.TestFrameworks.NullTestResults)" storage="/users/ericcarlson/repos/pickles/src/pickles/pickles.testframeworks.unittests/bin/debug/netcoreapp3.1/picklesdoc.pickles.testframeworks.unittests.dll" id="452e3d33-0c18-0604-61d2-e49750ee89e5">
      <Execution id="bd73389e-1448-4300-8d9b-9115ab360739" />
      <TestMethod codeBase="/Users/ericcarlson/repos/pickles/src/Pickles/Pickles.TestFrameworks.UnitTests/bin/Debug/netcoreapp3.1/PicklesDoc.Pickles.TestFrameworks.UnitTests.dll" adapterTypeName="executor://nunit3testexecutor/" className="PicklesDoc.Pickles.TestFrameworks.UnitTests.WhenResolvingTestResults" name="ThenCanResolve(null,null,null,PicklesDoc.Pickles.TestFrameworks.NullTestResults)" />
    </UnitTest>
    <UnitTest name="ThenCanResolveAsSingleton(&quot;results-example-nunit3.xml&quot;,&quot;NUnit.NUnit3.results-example-nunit3.xml&quot;,NUnit3,PicklesDoc.Pickles.TestFrameworks.NUnit.NUnit3.NUnit3Results)" storage="/users/ericcarlson/repos/pickles/src/pickles/pickles.testframeworks.unittests/bin/debug/netcoreapp3.1/picklesdoc.pickles.testframeworks.unittests.dll" id="37561f65-3332-c899-f5ae-4fb0281f2762">
      <Execution id="5da83514-a0f8-400a-9de4-0a2909bf5d9d" />
      <TestMethod codeBase="/Users/ericcarlson/repos/pickles/src/Pickles/Pickles.TestFrameworks.UnitTests/bin/Debug/netcoreapp3.1/PicklesDoc.Pickles.TestFrameworks.UnitTests.dll" adapterTypeName="executor://nunit3testexecutor/" className="PicklesDoc.Pickles.TestFrameworks.UnitTests.WhenResolvingTestResults" name="ThenCanResolveAsSingleton(&quot;results-example-nunit3.xml&quot;,&quot;NUnit.NUnit3.results-example-nunit3.xml&quot;,NUnit3,PicklesDoc.Pickles.TestFrameworks.NUnit.NUnit3.NUnit3Results)" />
    </UnitTest>
    <UnitTest name="ThenCanReadIndividualResultsFromScenarioOutline_OneFailed_ShouldBeTestResultFailed" storage="/users/ericcarlson/repos/pickles/src/pickles/pickles.testframeworks.unittests/bin/debug/netcoreapp3.1/picklesdoc.pickles.testframeworks.unittests.dll" id="0586ee37-1679-40ac-d62d-77bb3679488e">
      <Execution id="5240b9c6-faef-465b-8b52-c6f0723ea58a" />
      <TestMethod codeBase="/Users/ericcarlson/repos/pickles/src/Pickles/Pickles.TestFrameworks.UnitTests/bin/Debug/netcoreapp3.1/PicklesDoc.Pickles.TestFrameworks.UnitTests.dll" adapterTypeName="executor://nunit3testexecutor/" className="PicklesDoc.Pickles.TestFrameworks.UnitTests.XUnit.XUnit1.WhenParsingXUnitResultsFileWithIndividualResults" name="ThenCanReadIndividualResultsFromScenarioOutline_OneFailed_ShouldBeTestResultFailed" />
    </UnitTest>
    <UnitTest name="ThenCanReadResultOfScenarioWithSpecialCharacters" storage="/users/ericcarlson/repos/pickles/src/pickles/pickles.testframeworks.unittests/bin/debug/netcoreapp3.1/picklesdoc.pickles.testframeworks.unittests.dll" id="f85689af-bccc-784d-b093-f7a296ae9b10">
      <Execution id="b6293aca-39ca-4c38-980e-207cb68333e1" />
      <TestMethod codeBase="/Users/ericcarlson/repos/pickles/src/Pickles/Pickles.TestFrameworks.UnitTests/bin/Debug/netcoreapp3.1/PicklesDoc.Pickles.TestFrameworks.UnitTests.dll" adapterTypeName="executor://nunit3testexecutor/" className="PicklesDoc.Pickles.TestFrameworks.UnitTests.VsTest.WhenParsingVsTestResultsFile" name="ThenCanReadResultOfScenarioWithSpecialCharacters" />
    </UnitTest>
    <UnitTest name="ThenCanReadResultOfScenarioWithSpecialCharacters" storage="/users/ericcarlson/repos/pickles/src/pickles/pickles.testframeworks.unittests/bin/debug/netcoreapp3.1/picklesdoc.pickles.testframeworks.unittests.dll" id="108c2052-fc39-fc7d-462e-5ca8813e0e6a">
      <Execution id="f8fe1657-d21f-4cb1-9cb5-034327dd64d3" />
      <TestMethod codeBase="/Users/ericcarlson/repos/pickles/src/Pickles/Pickles.TestFrameworks.UnitTests/bin/Debug/netcoreapp3.1/PicklesDoc.Pickles.TestFrameworks.UnitTests.dll" adapterTypeName="executor://nunit3testexecutor/" className="PicklesDoc.Pickles.TestFrameworks.UnitTests.NUnit.NUnit2.WhenParsingNUnitResultsFile" name="ThenCanReadResultOfScenarioWithSpecialCharacters" />
    </UnitTest>
    <UnitTest name="ThenCanReadIndividualResultsFromScenarioOutline_MultipleNamedExamplesWithDuplicateValues_ShouldMatchExamples" storage="/users/ericcarlson/repos/pickles/src/pickles/pickles.testframeworks.unittests/bin/debug/netcoreapp3.1/picklesdoc.pickles.testframeworks.unittests.dll" id="9a8b25bf-7a36-53ce-c4e8-c6d59d1e4d9b">
      <Execution id="27d86322-ae7d-4724-aba7-b98f9baa69d7" />
      <TestMethod codeBase="/Users/ericcarlson/repos/pickles/src/Pickles/Pickles.TestFrameworks.UnitTests/bin/Debug/netcoreapp3.1/PicklesDoc.Pickles.TestFrameworks.UnitTests.dll" adapterTypeName="executor://nunit3testexecutor/" className="PicklesDoc.Pickles.TestFrameworks.UnitTests.XUnit.XUnit1.WhenParsingXUnitResultsFileWithIndividualResults" name="ThenCanReadIndividualResultsFromScenarioOutline_MultipleNamedExamplesWithDuplicateValues_ShouldMatchExamples" />
    </UnitTest>
    <UnitTest name="ThenCanSuccessfullyMatchSpecialCharacters" storage="/users/ericcarlson/repos/pickles/src/pickles/pickles.testframeworks.unittests/bin/debug/netcoreapp3.1/picklesdoc.pickles.testframeworks.unittests.dll" id="2f77d4eb-b7a9-7cda-63c7-d0a9b8c15e31">
      <Execution id="6ac7e14a-83c6-49f0-9f91-7c8249f14b6c" />
      <TestMethod codeBase="/Users/ericcarlson/repos/pickles/src/Pickles/Pickles.TestFrameworks.UnitTests/bin/Debug/netcoreapp3.1/PicklesDoc.Pickles.TestFrameworks.UnitTests.dll" adapterTypeName="executor://nunit3testexecutor/" className="PicklesDoc.Pickles.TestFrameworks.UnitTests.NUnit.NUnit2.WhenDeterminingTheSignatureOfAnNUnitExampleRow" name="ThenCanSuccessfullyMatchSpecialCharacters" />
    </UnitTest>
    <UnitTest name="ThenCanReadInconclusiveFeatureResultSuccessfully" storage="/users/ericcarlson/repos/pickles/src/pickles/pickles.testframeworks.unittests/bin/debug/netcoreapp3.1/picklesdoc.pickles.testframeworks.unittests.dll" id="ec063bfd-14dd-1deb-4fd4-311c75309607">
      <Execution id="74426011-e23c-47a4-87aa-5b6e084a35b4" />
      <TestMethod codeBase="/Users/ericcarlson/repos/pickles/src/Pickles/Pickles.TestFrameworks.UnitTests/bin/Debug/netcoreapp3.1/PicklesDoc.Pickles.TestFrameworks.UnitTests.dll" adapterTypeName="executor://nunit3testexecutor/" className="PicklesDoc.Pickles.TestFrameworks.UnitTests.MsTest.WhenParsingMsTestResultsFile" name="ThenCanReadInconclusiveFeatureResultSuccessfully" />
    </UnitTest>
    <UnitTest name="ThenCanReadIndividualResultsFromScenarioOutline_ExamplesWithDuplicateValues_ShouldMatchExamples" storage="/users/ericcarlson/repos/pickles/src/pickles/pickles.testframeworks.unittests/bin/debug/netcoreapp3.1/picklesdoc.pickles.testframeworks.unittests.dll" id="de18a748-0d83-3063-60c5-28a7e3807695">
      <Execution id="db4524d8-2e9a-4a53-8e4d-cace0b1d0b45" />
      <TestMethod codeBase="/Users/ericcarlson/repos/pickles/src/Pickles/Pickles.TestFrameworks.UnitTests/bin/Debug/netcoreapp3.1/PicklesDoc.Pickles.TestFrameworks.UnitTests.dll" adapterTypeName="executor://nunit3testexecutor/" className="PicklesDoc.Pickles.TestFrameworks.UnitTests.CucumberJson.WhenParsingCucumberJsonFromJSResultsFileWithIndividualResults" name="ThenCanReadIndividualResultsFromScenarioOutline_ExamplesWithDuplicateValues_ShouldMatchExamples" />
    </UnitTest>
    <UnitTest name="ThenCanReadIndividualResultsFromScenarioOutline_MultipleExampleSections_ShouldBeTestResultFailed" storage="/users/ericcarlson/repos/pickles/src/pickles/pickles.testframeworks.unittests/bin/debug/netcoreapp3.1/picklesdoc.pickles.testframeworks.unittests.dll" id="aa75de74-31a0-219d-da36-2e429565c098">
      <Execution id="19680088-8927-471a-b8d7-eb0b3230b437" />
      <TestMethod codeBase="/Users/ericcarlson/repos/pickles/src/Pickles/Pickles.TestFrameworks.UnitTests/bin/Debug/netcoreapp3.1/PicklesDoc.Pickles.TestFrameworks.UnitTests.dll" adapterTypeName="executor://nunit3testexecutor/" className="PicklesDoc.Pickles.TestFrameworks.UnitTests.CucumberJson.WhenParsingCucumberJsonFromJSResultsFileWithIndividualResults" name="ThenCanReadIndividualResultsFromScenarioOutline_MultipleExampleSections_ShouldBeTestResultFailed" />
    </UnitTest>
    <UnitTest name="ThenCanReadResultOfScenarioOutlineWithSpecialCharacters" storage="/users/ericcarlson/repos/pickles/src/pickles/pickles.testframeworks.unittests/bin/debug/netcoreapp3.1/picklesdoc.pickles.testframeworks.unittests.dll" id="71c22708-dbaa-79ff-057b-e788d4505184">
      <Execution id="2d9269b6-6bfd-48b3-b221-76bea287272e" />
      <TestMethod codeBase="/Users/ericcarlson/repos/pickles/src/Pickles/Pickles.TestFrameworks.UnitTests/bin/Debug/netcoreapp3.1/PicklesDoc.Pickles.TestFrameworks.UnitTests.dll" adapterTypeName="executor://nunit3testexecutor/" className="PicklesDoc.Pickles.TestFrameworks.UnitTests.XUnit.XUnit2.WhenParsingxUnit2ResultsFile" name="ThenCanReadResultOfScenarioOutlineWithSpecialCharacters" />
    </UnitTest>
    <UnitTest name="ThenCanReadFailedFeatureResultSuccessfully" storage="/users/ericcarlson/repos/pickles/src/pickles/pickles.testframeworks.unittests/bin/debug/netcoreapp3.1/picklesdoc.pickles.testframeworks.unittests.dll" id="2d61dcee-0012-4326-757b-21eec977f81e">
      <Execution id="d6899460-ffc5-443c-92ce-cb611d7b89d2" />
      <TestMethod codeBase="/Users/ericcarlson/repos/pickles/src/Pickles/Pickles.TestFrameworks.UnitTests/bin/Debug/netcoreapp3.1/PicklesDoc.Pickles.TestFrameworks.UnitTests.dll" adapterTypeName="executor://nunit3testexecutor/" className="PicklesDoc.Pickles.TestFrameworks.UnitTests.VsTest.WhenParsingVsTestResultsFile" name="ThenCanReadFailedFeatureResultSuccessfully" />
    </UnitTest>
    <UnitTest name="ThenCanReadIgnoredScenarioResultSuccessfully" storage="/users/ericcarlson/repos/pickles/src/pickles/pickles.testframeworks.unittests/bin/debug/netcoreapp3.1/picklesdoc.pickles.testframeworks.unittests.dll" id="471f48b3-66b4-1d2b-45d6-de2cd4b57983">
      <Execution id="ba29620e-4e5d-4133-b6ea-0de52b2cf731" />
      <TestMethod codeBase="/Users/ericcarlson/repos/pickles/src/Pickles/Pickles.TestFrameworks.UnitTests/bin/Debug/netcoreapp3.1/PicklesDoc.Pickles.TestFrameworks.UnitTests.dll" adapterTypeName="executor://nunit3testexecutor/" className="PicklesDoc.Pickles.TestFrameworks.UnitTests.CucumberJson.WhenParsingCucumberJsonFromRubyResultsFile" name="ThenCanReadIgnoredScenarioResultSuccessfully" />
    </UnitTest>
    <UnitTest name="ThenCanReadResultOfFeatureWithFailingBackground" storage="/users/ericcarlson/repos/pickles/src/pickles/pickles.testframeworks.unittests/bin/debug/netcoreapp3.1/picklesdoc.pickles.testframeworks.unittests.dll" id="8e1e0562-0c98-e226-1bf8-4de563a5fa13">
      <Execution id="c4e48fca-7a05-4627-a889-7f796d82ff2b" />
      <TestMethod codeBase="/Users/ericcarlson/repos/pickles/src/Pickles/Pickles.TestFrameworks.UnitTests/bin/Debug/netcoreapp3.1/PicklesDoc.Pickles.TestFrameworks.UnitTests.dll" adapterTypeName="executor://nunit3testexecutor/" className="PicklesDoc.Pickles.TestFrameworks.UnitTests.XUnit.XUnit1.WhenParsingxUnitResultsFile" name="ThenCanReadResultOfFeatureWithFailingBackground" />
    </UnitTest>
    <UnitTest name="ThenCanReadNotFoundScenarioCorrectly" storage="/users/ericcarlson/repos/pickles/src/pickles/pickles.testframeworks.unittests/bin/debug/netcoreapp3.1/picklesdoc.pickles.testframeworks.unittests.dll" id="75d8d6f7-e4a2-354d-194b-4c3a8e25de5b">
      <Execution id="898d8eb0-a1a3-4c4b-a487-563c50230928" />
      <TestMethod codeBase="/Users/ericcarlson/repos/pickles/src/Pickles/Pickles.TestFrameworks.UnitTests/bin/Debug/netcoreapp3.1/PicklesDoc.Pickles.TestFrameworks.UnitTests.dll" adapterTypeName="executor://nunit3testexecutor/" className="PicklesDoc.Pickles.TestFrameworks.UnitTests.NUnit.NUnit3.WhenParsingNunit3ResultsFileForNunit2Tests" name="ThenCanReadNotFoundScenarioCorrectly" />
    </UnitTest>
    <UnitTest name="ThenCanReadIgnoredScenarioResultSuccessfully" storage="/users/ericcarlson/repos/pickles/src/pickles/pickles.testframeworks.unittests/bin/debug/netcoreapp3.1/picklesdoc.pickles.testframeworks.unittests.dll" id="900d4084-ca2a-a561-f0ce-b663527c6003">
      <Execution id="5ee3d5b9-4de4-4507-96ff-02642ef15dba" />
      <TestMethod codeBase="/Users/ericcarlson/repos/pickles/src/Pickles/Pickles.TestFrameworks.UnitTests/bin/Debug/netcoreapp3.1/PicklesDoc.Pickles.TestFrameworks.UnitTests.dll" adapterTypeName="executor://nunit3testexecutor/" className="PicklesDoc.Pickles.TestFrameworks.UnitTests.XUnit.XUnit1.WhenParsingxUnitResultsFile" name="ThenCanReadIgnoredScenarioResultSuccessfully" />
    </UnitTest>
    <UnitTest name="ThenCanReadFailedScenarioResultSuccessfully" storage="/users/ericcarlson/repos/pickles/src/pickles/pickles.testframeworks.unittests/bin/debug/netcoreapp3.1/picklesdoc.pickles.testframeworks.unittests.dll" id="47fb6ba8-e618-b876-538b-b25771c9cf5f">
      <Execution id="f0e1e6e4-d00e-475c-897e-b52d148af0e4" />
      <TestMethod codeBase="/Users/ericcarlson/repos/pickles/src/Pickles/Pickles.TestFrameworks.UnitTests/bin/Debug/netcoreapp3.1/PicklesDoc.Pickles.TestFrameworks.UnitTests.dll" adapterTypeName="executor://nunit3testexecutor/" className="PicklesDoc.Pickles.TestFrameworks.UnitTests.VsTest.WhenParsingMultipleVsTestTestResultsFiles" name="ThenCanReadFailedScenarioResultSuccessfully" />
    </UnitTest>
    <UnitTest name="ThenCanReadExamplesWithLongExampleValues" storage="/users/ericcarlson/repos/pickles/src/pickles/pickles.testframeworks.unittests/bin/debug/netcoreapp3.1/picklesdoc.pickles.testframeworks.unittests.dll" id="1d8da37b-0383-95ed-5f34-6e3377ad113e">
      <Execution id="0138e175-be75-4b9e-9563-ed63a978c05b" />
      <TestMethod codeBase="/Users/ericcarlson/repos/pickles/src/Pickles/Pickles.TestFrameworks.UnitTests/bin/Debug/netcoreapp3.1/PicklesDoc.Pickles.TestFrameworks.UnitTests.dll" adapterTypeName="executor://nunit3testexecutor/" className="PicklesDoc.Pickles.TestFrameworks.UnitTests.CucumberJson.WhenParsingCucumberJsonFromRubyResultsFileWithIndividualResults" name="ThenCanReadExamplesWithLongExampleValues" />
    </UnitTest>
    <UnitTest name="ThenCanReadResultOfScenarioWithSpecialCharacters" storage="/users/ericcarlson/repos/pickles/src/pickles/pickles.testframeworks.unittests/bin/debug/netcoreapp3.1/picklesdoc.pickles.testframeworks.unittests.dll" id="c830e46b-5a37-f382-9022-bd36e87a160f">
      <Execution id="de0ba971-b543-4618-8eab-4a35adabf4b7" />
      <TestMethod codeBase="/Users/ericcarlson/repos/pickles/src/Pickles/Pickles.TestFrameworks.UnitTests/bin/Debug/netcoreapp3.1/PicklesDoc.Pickles.TestFrameworks.UnitTests.dll" adapterTypeName="executor://nunit3testexecutor/" className="PicklesDoc.Pickles.TestFrameworks.UnitTests.CucumberJson.WhenParsingCucumberJsonFromRubyResultsFile" name="ThenCanReadResultOfScenarioWithSpecialCharacters" />
    </UnitTest>
    <UnitTest name="ExecutionIdElement_NullArgument_ShouldReturnGuidEmpty" storage="/users/ericcarlson/repos/pickles/src/pickles/pickles.testframeworks.unittests/bin/debug/netcoreapp3.1/picklesdoc.pickles.testframeworks.unittests.dll" id="8efb377e-4b03-38b4-bd1f-fee940d3e651">
      <Execution id="82b26765-b219-4248-b574-14ee0e43e1b5" />
      <TestMethod codeBase="/Users/ericcarlson/repos/pickles/src/Pickles/Pickles.TestFrameworks.UnitTests/bin/Debug/netcoreapp3.1/PicklesDoc.Pickles.TestFrameworks.UnitTests.dll" adapterTypeName="executor://nunit3testexecutor/" className="PicklesDoc.Pickles.TestFrameworks.UnitTests.MsTest.MsTestElementExtensionsTests" name="ExecutionIdElement_NullArgument_ShouldReturnGuidEmpty" />
    </UnitTest>
    <UnitTest name="ThenCanReadFailedScenarioResultSuccessfully" storage="/users/ericcarlson/repos/pickles/src/pickles/pickles.testframeworks.unittests/bin/debug/netcoreapp3.1/picklesdoc.pickles.testframeworks.unittests.dll" id="49f08ad4-e3ca-7af9-80e5-b685a0b47674">
      <Execution id="531a2fce-c0cc-42d7-b753-bbc53090d661" />
      <TestMethod codeBase="/Users/ericcarlson/repos/pickles/src/Pickles/Pickles.TestFrameworks.UnitTests/bin/Debug/netcoreapp3.1/PicklesDoc.Pickles.TestFrameworks.UnitTests.dll" adapterTypeName="executor://nunit3testexecutor/" className="PicklesDoc.Pickles.TestFrameworks.UnitTests.XUnit.XUnit1.WhenParsingxUnitResultsFile" name="ThenCanReadFailedScenarioResultSuccessfully" />
    </UnitTest>
    <UnitTest name="ThenCanReadResultOfScenarioOutlineWithFailingBackground" storage="/users/ericcarlson/repos/pickles/src/pickles/pickles.testframeworks.unittests/bin/debug/netcoreapp3.1/picklesdoc.pickles.testframeworks.unittests.dll" id="fd4a59cc-11a9-fb21-8351-7acacb7d6743">
      <Execution id="31284900-7bc0-4302-89b4-25e50057091a" />
      <TestMethod codeBase="/Users/ericcarlson/repos/pickles/src/Pickles/Pickles.TestFrameworks.UnitTests/bin/Debug/netcoreapp3.1/PicklesDoc.Pickles.TestFrameworks.UnitTests.dll" adapterTypeName="executor://nunit3testexecutor/" className="PicklesDoc.Pickles.TestFrameworks.UnitTests.MsTest.WhenParsingMsTestResultsFile" name="ThenCanReadResultOfScenarioOutlineWithFailingBackground" />
    </UnitTest>
    <UnitTest name="ThenCanReadResultsWithParenthesis" storage="/users/ericcarlson/repos/pickles/src/pickles/pickles.testframeworks.unittests/bin/debug/netcoreapp3.1/picklesdoc.pickles.testframeworks.unittests.dll" id="5dfc668d-d86b-26a4-226b-e2a6e77eef12">
      <Execution id="c14a8d4e-7823-4a1d-96fb-341d5212737b" />
      <TestMethod codeBase="/Users/ericcarlson/repos/pickles/src/Pickles/Pickles.TestFrameworks.UnitTests/bin/Debug/netcoreapp3.1/PicklesDoc.Pickles.TestFrameworks.UnitTests.dll" adapterTypeName="executor://nunit3testexecutor/" className="PicklesDoc.Pickles.TestFrameworks.UnitTests.VsTest.WhenParsingVsTestResultsFile" name="ThenCanReadResultsWithParenthesis" />
    </UnitTest>
    <UnitTest name="ThenCanReadResultOfScenarioWithDanishCharacters" storage="/users/ericcarlson/repos/pickles/src/pickles/pickles.testframeworks.unittests/bin/debug/netcoreapp3.1/picklesdoc.pickles.testframeworks.unittests.dll" id="bed3e0a6-5997-3869-73cc-50bad3fe5334">
      <Execution id="c0746b9c-b6e6-4c19-b7f8-35948ec160c5" />
      <TestMethod codeBase="/Users/ericcarlson/repos/pickles/src/Pickles/Pickles.TestFrameworks.UnitTests/bin/Debug/netcoreapp3.1/PicklesDoc.Pickles.TestFrameworks.UnitTests.dll" adapterTypeName="executor://nunit3testexecutor/" className="PicklesDoc.Pickles.TestFrameworks.UnitTests.SpecRun.WhenParsingSpecRunTestResultsFile" name="ThenCanReadResultOfScenarioWithDanishCharacters" />
    </UnitTest>
    <UnitTest name="ThenCanReadIndividualResultsFromScenarioOutline_MultipleNamedExamplesWithDuplicateValues_ShouldMatchExamples" storage="/users/ericcarlson/repos/pickles/src/pickles/pickles.testframeworks.unittests/bin/debug/netcoreapp3.1/picklesdoc.pickles.testframeworks.unittests.dll" id="39ac623f-fdf7-17f3-6ce0-9e1b4bfb7236">
      <Execution id="3a5bb965-ddc0-400a-b55f-8958f89ddb2b" />
      <TestMethod codeBase="/Users/ericcarlson/repos/pickles/src/Pickles/Pickles.TestFrameworks.UnitTests/bin/Debug/netcoreapp3.1/PicklesDoc.Pickles.TestFrameworks.UnitTests.dll" adapterTypeName="executor://nunit3testexecutor/" className="PicklesDoc.Pickles.TestFrameworks.UnitTests.XUnit.XUnit2.WhenParsingXUnitResultsFileWithIndividualResults" name="ThenCanReadIndividualResultsFromScenarioOutline_MultipleNamedExamplesWithDuplicateValues_ShouldMatchExamples" />
    </UnitTest>
    <UnitTest name="ThenCanReadResultOfFeatureWithFailingBackground" storage="/users/ericcarlson/repos/pickles/src/pickles/pickles.testframeworks.unittests/bin/debug/netcoreapp3.1/picklesdoc.pickles.testframeworks.unittests.dll" id="3f5c3338-429f-c1bb-e1a8-d8bab8ab3016">
      <Execution id="f6646e41-2fe4-4c79-9d44-c5e3446fec32" />
      <TestMethod codeBase="/Users/ericcarlson/repos/pickles/src/Pickles/Pickles.TestFrameworks.UnitTests/bin/Debug/netcoreapp3.1/PicklesDoc.Pickles.TestFrameworks.UnitTests.dll" adapterTypeName="executor://nunit3testexecutor/" className="PicklesDoc.Pickles.TestFrameworks.UnitTests.NUnit.NUnit3.WhenParsingNunit3ResultsFileForNunit2Tests" name="ThenCanReadResultOfFeatureWithFailingBackground" />
    </UnitTest>
    <UnitTest name="ThenCanReadFailedFeatureResultSuccessfully" storage="/users/ericcarlson/repos/pickles/src/pickles/pickles.testframeworks.unittests/bin/debug/netcoreapp3.1/picklesdoc.pickles.testframeworks.unittests.dll" id="179cc0df-2279-559c-aebb-9ee7ba5aaaf0">
      <Execution id="2070cbed-2c4e-4c1e-a3df-cb88222323cc" />
      <TestMethod codeBase="/Users/ericcarlson/repos/pickles/src/Pickles/Pickles.TestFrameworks.UnitTests/bin/Debug/netcoreapp3.1/PicklesDoc.Pickles.TestFrameworks.UnitTests.dll" adapterTypeName="executor://nunit3testexecutor/" className="PicklesDoc.Pickles.TestFrameworks.UnitTests.CucumberJson.WhenParsingCucumberJsonFromJSResultsFile" name="ThenCanReadFailedFeatureResultSuccessfully" />
    </UnitTest>
    <UnitTest name="ThenCanReadResultOfScenarioOutlineWithAmpersand" storage="/users/ericcarlson/repos/pickles/src/pickles/pickles.testframeworks.unittests/bin/debug/netcoreapp3.1/picklesdoc.pickles.testframeworks.unittests.dll" id="3912834e-3d92-476d-bcd0-c1ca3109cfb6">
      <Execution id="27ac1eb5-8af3-43f1-897a-15688749f378" />
      <TestMethod codeBase="/Users/ericcarlson/repos/pickles/src/Pickles/Pickles.TestFrameworks.UnitTests/bin/Debug/netcoreapp3.1/PicklesDoc.Pickles.TestFrameworks.UnitTests.dll" adapterTypeName="executor://nunit3testexecutor/" className="PicklesDoc.Pickles.TestFrameworks.UnitTests.MsTest.WhenParsingMsTestResultsFile" name="ThenCanReadResultOfScenarioOutlineWithAmpersand" />
    </UnitTest>
    <UnitTest name="RegularExpressionAsExampleContentMatches_With_Angle_Brackets" storage="/users/ericcarlson/repos/pickles/src/pickles/pickles.testframeworks.unittests/bin/debug/netcoreapp3.1/picklesdoc.pickles.testframeworks.unittests.dll" id="0b31d2fc-41d9-baed-8aab-114ee6aaff9e">
      <Execution id="468ee8b4-9c7b-4a04-8ae0-5ecd2655318f" />
      <TestMethod codeBase="/Users/ericcarlson/repos/pickles/src/Pickles/Pickles.TestFrameworks.UnitTests/bin/Debug/netcoreapp3.1/PicklesDoc.Pickles.TestFrameworks.UnitTests.dll" adapterTypeName="executor://nunit3testexecutor/" className="PicklesDoc.Pickles.TestFrameworks.UnitTests.XUnit.XUnit2.WhenDeterminingTheSignatureOfAnXUnit2ExampleRow" name="RegularExpressionAsExampleContentMatches_With_Angle_Brackets" />
    </UnitTest>
    <UnitTest name="ThenCanReadIndividualResultsFromScenarioOutline_MultipleExampleSections_ShouldBeTestResultFailed" storage="/users/ericcarlson/repos/pickles/src/pickles/pickles.testframeworks.unittests/bin/debug/netcoreapp3.1/picklesdoc.pickles.testframeworks.unittests.dll" id="ecd5df6d-1685-a29f-808d-8af5b0a515ad">
      <Execution id="6fcd0d88-faad-4a35-89be-a00ba98ade1f" />
      <TestMethod codeBase="/Users/ericcarlson/repos/pickles/src/Pickles/Pickles.TestFrameworks.UnitTests/bin/Debug/netcoreapp3.1/PicklesDoc.Pickles.TestFrameworks.UnitTests.dll" adapterTypeName="executor://nunit3testexecutor/" className="PicklesDoc.Pickles.TestFrameworks.UnitTests.NUnit.NUnit2.WhenParsingNUnitResultsFileWithIndividualResults" name="ThenCanReadIndividualResultsFromScenarioOutline_MultipleExampleSections_ShouldBeTestResultFailed" />
    </UnitTest>
    <UnitTest name="ThenCanReadResultOfScenarioOutlineWithSpecialCharacters" storage="/users/ericcarlson/repos/pickles/src/pickles/pickles.testframeworks.unittests/bin/debug/netcoreapp3.1/picklesdoc.pickles.testframeworks.unittests.dll" id="180590d6-2062-6933-d951-813229d01ede">
      <Execution id="3070998d-dd8d-4ce1-8c9b-88fca1a06f63" />
      <TestMethod codeBase="/Users/ericcarlson/repos/pickles/src/Pickles/Pickles.TestFrameworks.UnitTests/bin/Debug/netcoreapp3.1/PicklesDoc.Pickles.TestFrameworks.UnitTests.dll" adapterTypeName="executor://nunit3testexecutor/" className="PicklesDoc.Pickles.TestFrameworks.UnitTests.XUnit.XUnit1.WhenParsingxUnitResultsFile" name="ThenCanReadResultOfScenarioOutlineWithSpecialCharacters" />
    </UnitTest>
    <UnitTest name="ThenCanReadResultOfScenarioWithSpecialCharacters" storage="/users/ericcarlson/repos/pickles/src/pickles/pickles.testframeworks.unittests/bin/debug/netcoreapp3.1/picklesdoc.pickles.testframeworks.unittests.dll" id="84ecda38-a103-69a6-dbd6-ef8eb51c722d">
      <Execution id="8fa7a31e-a78d-4f82-9851-8bb0feba565b" />
      <TestMethod codeBase="/Users/ericcarlson/repos/pickles/src/Pickles/Pickles.TestFrameworks.UnitTests/bin/Debug/netcoreapp3.1/PicklesDoc.Pickles.TestFrameworks.UnitTests.dll" adapterTypeName="executor://nunit3testexecutor/" className="PicklesDoc.Pickles.TestFrameworks.UnitTests.CucumberJson.WhenParsingCucumberJsonFromJSResultsFile" name="ThenCanReadResultOfScenarioWithSpecialCharacters" />
    </UnitTest>
    <UnitTest name="ThenCanReadFeatureResultSuccessfully" storage="/users/ericcarlson/repos/pickles/src/pickles/pickles.testframeworks.unittests/bin/debug/netcoreapp3.1/picklesdoc.pickles.testframeworks.unittests.dll" id="0fb4b634-81ad-43fa-a70e-b06cb2c289b2">
      <Execution id="3efa8f08-377b-4245-aaaf-dfe73a575250" />
      <TestMethod codeBase="/Users/ericcarlson/repos/pickles/src/Pickles/Pickles.TestFrameworks.UnitTests/bin/Debug/netcoreapp3.1/PicklesDoc.Pickles.TestFrameworks.UnitTests.dll" adapterTypeName="executor://nunit3testexecutor/" className="PicklesDoc.Pickles.TestFrameworks.UnitTests.XUnit.XUnit2.WhenParsingxUnit2ResultsFile" name="ThenCanReadFeatureResultSuccessfully" />
    </UnitTest>
    <UnitTest name="ThenCanSuccessfullyMatch" storage="/users/ericcarlson/repos/pickles/src/pickles/pickles.testframeworks.unittests/bin/debug/netcoreapp3.1/picklesdoc.pickles.testframeworks.unittests.dll" id="5c950b01-6cc7-ac13-30ea-969ec9b73be8">
      <Execution id="d56bd0c7-243f-475a-a808-ff6c239481dc" />
      <TestMethod codeBase="/Users/ericcarlson/repos/pickles/src/Pickles/Pickles.TestFrameworks.UnitTests/bin/Debug/netcoreapp3.1/PicklesDoc.Pickles.TestFrameworks.UnitTests.dll" adapterTypeName="executor://nunit3testexecutor/" className="PicklesDoc.Pickles.TestFrameworks.UnitTests.NUnit.NUnit2.WhenDeterminingTheSignatureOfAnNUnitExampleRow" name="ThenCanSuccessfullyMatch" />
    </UnitTest>
    <UnitTest name="ThenCanResolveAsSingleton(&quot;results-example-json.json&quot;,&quot;CucumberJson.results-example-json.json&quot;,CucumberJson,PicklesDoc.Pickles.TestFrameworks.CucumberJson.CucumberJsonResults)" storage="/users/ericcarlson/repos/pickles/src/pickles/pickles.testframeworks.unittests/bin/debug/netcoreapp3.1/picklesdoc.pickles.testframeworks.unittests.dll" id="b35efadf-d298-a3ae-5e0d-2f5be75318ec">
      <Execution id="f985a0f5-83f6-4b92-883c-802855c0630c" />
      <TestMethod codeBase="/Users/ericcarlson/repos/pickles/src/Pickles/Pickles.TestFrameworks.UnitTests/bin/Debug/netcoreapp3.1/PicklesDoc.Pickles.TestFrameworks.UnitTests.dll" adapterTypeName="executor://nunit3testexecutor/" className="PicklesDoc.Pickles.TestFrameworks.UnitTests.WhenResolvingTestResults" name="ThenCanResolveAsSingleton(&quot;results-example-json.json&quot;,&quot;CucumberJson.results-example-json.json&quot;,CucumberJson,PicklesDoc.Pickles.TestFrameworks.CucumberJson.CucumberJsonResults)" />
    </UnitTest>
    <UnitTest name="ThenCanReadFailedFeatureResultSuccessfully" storage="/users/ericcarlson/repos/pickles/src/pickles/pickles.testframeworks.unittests/bin/debug/netcoreapp3.1/picklesdoc.pickles.testframeworks.unittests.dll" id="443d82e7-b131-4eab-c0c2-77bcf8c78c0e">
      <Execution id="ff8e6818-3196-4763-8975-5f1c7f436755" />
      <TestMethod codeBase="/Users/ericcarlson/repos/pickles/src/Pickles/Pickles.TestFrameworks.UnitTests/bin/Debug/netcoreapp3.1/PicklesDoc.Pickles.TestFrameworks.UnitTests.dll" adapterTypeName="executor://nunit3testexecutor/" className="PicklesDoc.Pickles.TestFrameworks.UnitTests.CucumberJson.WhenParsingCucumberJsonFromRubyResultsFile" name="ThenCanReadFailedFeatureResultSuccessfully" />
    </UnitTest>
    <UnitTest name="ThenCanReadResultOfScenarioOutlineWithSpecialCharacters" storage="/users/ericcarlson/repos/pickles/src/pickles/pickles.testframeworks.unittests/bin/debug/netcoreapp3.1/picklesdoc.pickles.testframeworks.unittests.dll" id="b931d369-9310-8747-a788-ef7d7112806a">
      <Execution id="72d2d3a1-8f69-4135-9a8f-bc90e6b9d573" />
      <TestMethod codeBase="/Users/ericcarlson/repos/pickles/src/Pickles/Pickles.TestFrameworks.UnitTests/bin/Debug/netcoreapp3.1/PicklesDoc.Pickles.TestFrameworks.UnitTests.dll" adapterTypeName="executor://nunit3testexecutor/" className="PicklesDoc.Pickles.TestFrameworks.UnitTests.VsTest.WhenParsingVsTestResultsFile" name="ThenCanReadResultOfScenarioOutlineWithSpecialCharacters" />
    </UnitTest>
    <UnitTest name="ThenCanReadResultOfScenarioOutlineWithUmlauts" storage="/users/ericcarlson/repos/pickles/src/pickles/pickles.testframeworks.unittests/bin/debug/netcoreapp3.1/picklesdoc.pickles.testframeworks.unittests.dll" id="1f0e270c-d2e3-6abe-d46c-198f7828d432">
      <Execution id="425bf636-c44f-416f-acc4-10ce215ce19a" />
      <TestMethod codeBase="/Users/ericcarlson/repos/pickles/src/Pickles/Pickles.TestFrameworks.UnitTests/bin/Debug/netcoreapp3.1/PicklesDoc.Pickles.TestFrameworks.UnitTests.dll" adapterTypeName="executor://nunit3testexecutor/" className="PicklesDoc.Pickles.TestFrameworks.UnitTests.NUnit.NUnit2.WhenParsingNUnitResultsFile" name="ThenCanReadResultOfScenarioOutlineWithUmlauts" />
    </UnitTest>
    <UnitTest name="ThenCanReadNotFoundScenarioCorrectly" storage="/users/ericcarlson/repos/pickles/src/pickles/pickles.testframeworks.unittests/bin/debug/netcoreapp3.1/picklesdoc.pickles.testframeworks.unittests.dll" id="8073691c-21a5-9107-fb79-56e4b2e81fb1">
      <Execution id="5b60638c-a554-4933-89f2-5089a74fc42c" />
      <TestMethod codeBase="/Users/ericcarlson/repos/pickles/src/Pickles/Pickles.TestFrameworks.UnitTests/bin/Debug/netcoreapp3.1/PicklesDoc.Pickles.TestFrameworks.UnitTests.dll" adapterTypeName="executor://nunit3testexecutor/" className="PicklesDoc.Pickles.TestFrameworks.UnitTests.VsTest.WhenParsingVsTestResultsFile" name="ThenCanReadNotFoundScenarioCorrectly" />
    </UnitTest>
    <UnitTest name="ThenCanReadNotFoundScenarioCorrectly" storage="/users/ericcarlson/repos/pickles/src/pickles/pickles.testframeworks.unittests/bin/debug/netcoreapp3.1/picklesdoc.pickles.testframeworks.unittests.dll" id="086f68bd-b3fd-894f-d1fe-0dbb71a51984">
      <Execution id="194b79e4-afa8-4baa-ac44-9757c0d21ac2" />
      <TestMethod codeBase="/Users/ericcarlson/repos/pickles/src/Pickles/Pickles.TestFrameworks.UnitTests/bin/Debug/netcoreapp3.1/PicklesDoc.Pickles.TestFrameworks.UnitTests.dll" adapterTypeName="executor://nunit3testexecutor/" className="PicklesDoc.Pickles.TestFrameworks.UnitTests.XUnit.XUnit1.WhenParsingxUnitResultsFile" name="ThenCanReadNotFoundScenarioCorrectly" />
    </UnitTest>
    <UnitTest name="ThenCanReadScenarioOutlineResultSuccessfully" storage="/users/ericcarlson/repos/pickles/src/pickles/pickles.testframeworks.unittests/bin/debug/netcoreapp3.1/picklesdoc.pickles.testframeworks.unittests.dll" id="a77eef62-81f7-6544-83f9-95298ec32c95">
      <Execution id="d0dffbd7-deb1-4dcd-8e59-4ce3a1e91597" />
      <TestMethod codeBase="/Users/ericcarlson/repos/pickles/src/Pickles/Pickles.TestFrameworks.UnitTests/bin/Debug/netcoreapp3.1/PicklesDoc.Pickles.TestFrameworks.UnitTests.dll" adapterTypeName="executor://nunit3testexecutor/" className="PicklesDoc.Pickles.TestFrameworks.UnitTests.MsTest.WhenParsingMsTestResultsFile" name="ThenCanReadScenarioOutlineResultSuccessfully" />
    </UnitTest>
    <UnitTest name="ThenCanReadResultOfScenarioOutlineWithFailingBackground" storage="/users/ericcarlson/repos/pickles/src/pickles/pickles.testframeworks.unittests/bin/debug/netcoreapp3.1/picklesdoc.pickles.testframeworks.unittests.dll" id="5b940e7e-5602-6e2d-9bb4-ea58b2e075ab">
      <Execution id="6646bc85-6cbd-4bd1-bf64-a440be11c43d" />
      <TestMethod codeBase="/Users/ericcarlson/repos/pickles/src/Pickles/Pickles.TestFrameworks.UnitTests/bin/Debug/netcoreapp3.1/PicklesDoc.Pickles.TestFrameworks.UnitTests.dll" adapterTypeName="executor://nunit3testexecutor/" className="PicklesDoc.Pickles.TestFrameworks.UnitTests.VsTest.WhenParsingVsTestResultsFile" name="ThenCanReadResultOfScenarioOutlineWithFailingBackground" />
    </UnitTest>
    <UnitTest name="ThenCanReadIndividualResultsFromScenarioOutline_MultipleNamedExamples_ShouldMatchExamples" storage="/users/ericcarlson/repos/pickles/src/pickles/pickles.testframeworks.unittests/bin/debug/netcoreapp3.1/picklesdoc.pickles.testframeworks.unittests.dll" id="286050a7-100a-f742-a554-97960a8416b4">
      <Execution id="8a8488dc-810f-47d5-a5b9-4eff3c717fb7" />
      <TestMethod codeBase="/Users/ericcarlson/repos/pickles/src/Pickles/Pickles.TestFrameworks.UnitTests/bin/Debug/netcoreapp3.1/PicklesDoc.Pickles.TestFrameworks.UnitTests.dll" adapterTypeName="executor://nunit3testexecutor/" className="PicklesDoc.Pickles.TestFrameworks.UnitTests.MsTest.WhenParsingMsTestResultsFileWithIndividualResults" name="ThenCanReadIndividualResultsFromScenarioOutline_MultipleNamedExamples_ShouldMatchExamples" />
    </UnitTest>
    <UnitTest name="ThenCanReadFeatureResultWithoutThrowingException" storage="/users/ericcarlson/repos/pickles/src/pickles/pickles.testframeworks.unittests/bin/debug/netcoreapp3.1/picklesdoc.pickles.testframeworks.unittests.dll" id="174b6e17-833b-348f-bc26-a67a058e5e9c">
      <Execution id="d85d75c8-fe26-48f2-a4a6-bb61f02fcaef" />
      <TestMethod codeBase="/Users/ericcarlson/repos/pickles/src/Pickles/Pickles.TestFrameworks.UnitTests/bin/Debug/netcoreapp3.1/PicklesDoc.Pickles.TestFrameworks.UnitTests.dll" adapterTypeName="executor://nunit3testexecutor/" className="PicklesDoc.Pickles.TestFrameworks.UnitTests.XUnit.XUnit1.WhenParsingxUnit1ResultsFileWithMissingTraits" name="ThenCanReadFeatureResultWithoutThrowingException" />
    </UnitTest>
    <UnitTest name="ThenCanReadScenarioResultSuccessfully" storage="/users/ericcarlson/repos/pickles/src/pickles/pickles.testframeworks.unittests/bin/debug/netcoreapp3.1/picklesdoc.pickles.testframeworks.unittests.dll" id="864c1316-42be-ac84-4487-0c84ff96ddee">
      <Execution id="89e94bf6-4cce-465d-98b2-6c064736fc9f" />
      <TestMethod codeBase="/Users/ericcarlson/repos/pickles/src/Pickles/Pickles.TestFrameworks.UnitTests/bin/Debug/netcoreapp3.1/PicklesDoc.Pickles.TestFrameworks.UnitTests.dll" adapterTypeName="executor://nunit3testexecutor/" className="PicklesDoc.Pickles.TestFrameworks.UnitTests.NUnit.NUnit2.WhenParsingMultipleNUnitResultsFilesForASingleFeature" name="ThenCanReadScenarioResultSuccessfully" />
    </UnitTest>
    <UnitTest name="ThenCanReadIndividualResultsFromScenarioOutline_MultipleNamedExamples_ShouldMatchExamples" storage="/users/ericcarlson/repos/pickles/src/pickles/pickles.testframeworks.unittests/bin/debug/netcoreapp3.1/picklesdoc.pickles.testframeworks.unittests.dll" id="06d185b1-8e0c-2b9c-5317-e602212f73e4">
      <Execution id="b3ad5113-4051-4d54-b102-d7c89cd89969" />
      <TestMethod codeBase="/Users/ericcarlson/repos/pickles/src/Pickles/Pickles.TestFrameworks.UnitTests/bin/Debug/netcoreapp3.1/PicklesDoc.Pickles.TestFrameworks.UnitTests.dll" adapterTypeName="executor://nunit3testexecutor/" className="PicklesDoc.Pickles.TestFrameworks.UnitTests.NUnit.NUnit3.WhenParsingNUnitResultsFileWithIndividualResults" name="ThenCanReadIndividualResultsFromScenarioOutline_MultipleNamedExamples_ShouldMatchExamples" />
    </UnitTest>
    <UnitTest name="ThenCanReadFailedScenarioResultSuccessfully" storage="/users/ericcarlson/repos/pickles/src/pickles/pickles.testframeworks.unittests/bin/debug/netcoreapp3.1/picklesdoc.pickles.testframeworks.unittests.dll" id="656ebfc5-79d6-d4de-e713-26261e054dac">
      <Execution id="a1064236-f128-48f2-a86c-f3bfc99622df" />
      <TestMethod codeBase="/Users/ericcarlson/repos/pickles/src/Pickles/Pickles.TestFrameworks.UnitTests/bin/Debug/netcoreapp3.1/PicklesDoc.Pickles.TestFrameworks.UnitTests.dll" adapterTypeName="executor://nunit3testexecutor/" className="PicklesDoc.Pickles.TestFrameworks.UnitTests.CucumberJson.WhenParsingCucumberJsonFromJSResultsFile" name="ThenCanReadFailedScenarioResultSuccessfully" />
    </UnitTest>
    <UnitTest name="ThenCanReadPassedScenarioResultSuccessfully" storage="/users/ericcarlson/repos/pickles/src/pickles/pickles.testframeworks.unittests/bin/debug/netcoreapp3.1/picklesdoc.pickles.testframeworks.unittests.dll" id="0c92b541-a11c-af2d-cc00-baa08658eac8">
      <Execution id="67c01c2f-a535-4911-9c24-89e56df52e5a" />
      <TestMethod codeBase="/Users/ericcarlson/repos/pickles/src/Pickles/Pickles.TestFrameworks.UnitTests/bin/Debug/netcoreapp3.1/PicklesDoc.Pickles.TestFrameworks.UnitTests.dll" adapterTypeName="executor://nunit3testexecutor/" className="PicklesDoc.Pickles.TestFrameworks.UnitTests.VsTest.WhenParsingMultipleVsTestTestResultsFiles" name="ThenCanReadPassedScenarioResultSuccessfully" />
    </UnitTest>
    <UnitTest name="GetScenarioResult_OnePassingOneInconclusive_ReturnsPassed" storage="/users/ericcarlson/repos/pickles/src/pickles/pickles.testframeworks.unittests/bin/debug/netcoreapp3.1/picklesdoc.pickles.testframeworks.unittests.dll" id="43af3814-604d-ceff-d278-6fdeab109940">
      <Execution id="b4877d8a-bf70-4a20-b8fc-a99518a5a824" />
      <TestMethod codeBase="/Users/ericcarlson/repos/pickles/src/Pickles/Pickles.TestFrameworks.UnitTests/bin/Debug/netcoreapp3.1/PicklesDoc.Pickles.TestFrameworks.UnitTests.dll" adapterTypeName="executor://nunit3testexecutor/" className="PicklesDoc.Pickles.TestFrameworks.UnitTests.SpecRun.WhenParsingMultipleTestResultsTests" name="GetScenarioResult_OnePassingOneInconclusive_ReturnsPassed" />
    </UnitTest>
    <UnitTest name="ThenCanReadInconclusiveScenarioResultSuccessfully" storage="/users/ericcarlson/repos/pickles/src/pickles/pickles.testframeworks.unittests/bin/debug/netcoreapp3.1/picklesdoc.pickles.testframeworks.unittests.dll" id="03cd529c-594e-f5f4-394a-38e5c1ffbbd4">
      <Execution id="559031b6-cce9-4b21-b9c8-1dd585562387" />
      <TestMethod codeBase="/Users/ericcarlson/repos/pickles/src/Pickles/Pickles.TestFrameworks.UnitTests/bin/Debug/netcoreapp3.1/PicklesDoc.Pickles.TestFrameworks.UnitTests.dll" adapterTypeName="executor://nunit3testexecutor/" className="PicklesDoc.Pickles.TestFrameworks.UnitTests.CucumberJson.WhenParsingCucumberJsonFromRubyResultsFile" name="ThenCanReadInconclusiveScenarioResultSuccessfully" />
    </UnitTest>
    <UnitTest name="ThenCanReadScenarioOutlineResultSuccessfully" storage="/users/ericcarlson/repos/pickles/src/pickles/pickles.testframeworks.unittests/bin/debug/netcoreapp3.1/picklesdoc.pickles.testframeworks.unittests.dll" id="4af94715-f0ba-c849-32a4-dbc86e4a475a">
      <Execution id="943288a4-e893-4937-a447-2dd4ab0aea86" />
      <TestMethod codeBase="/Users/ericcarlson/repos/pickles/src/Pickles/Pickles.TestFrameworks.UnitTests/bin/Debug/netcoreapp3.1/PicklesDoc.Pickles.TestFrameworks.UnitTests.dll" adapterTypeName="executor://nunit3testexecutor/" className="PicklesDoc.Pickles.TestFrameworks.UnitTests.CucumberJson.WhenParsingCucumberJsonFromJSResultsFile" name="ThenCanReadScenarioOutlineResultSuccessfully" />
    </UnitTest>
    <UnitTest name="ThenCanReadResultsWithBackslashes" storage="/users/ericcarlson/repos/pickles/src/pickles/pickles.testframeworks.unittests/bin/debug/netcoreapp3.1/picklesdoc.pickles.testframeworks.unittests.dll" id="ecd9a953-91a9-d4a0-56ca-0eb0a06434eb">
      <Execution id="9ff122bd-f6c5-44ac-ae88-7578bf32391e" />
      <TestMethod codeBase="/Users/ericcarlson/repos/pickles/src/Pickles/Pickles.TestFrameworks.UnitTests/bin/Debug/netcoreapp3.1/PicklesDoc.Pickles.TestFrameworks.UnitTests.dll" adapterTypeName="executor://nunit3testexecutor/" className="PicklesDoc.Pickles.TestFrameworks.UnitTests.NUnit.NUnit3.WhenParsingNunit3ResultsFile" name="ThenCanReadResultsWithBackslashes" />
    </UnitTest>
    <UnitTest name="ThenCanReadFailedFeatureResultSuccessfully" storage="/users/ericcarlson/repos/pickles/src/pickles/pickles.testframeworks.unittests/bin/debug/netcoreapp3.1/picklesdoc.pickles.testframeworks.unittests.dll" id="66835627-edbb-e359-6b21-3e0100bfad91">
      <Execution id="930dbbfc-3da5-474f-a3af-49cb3bc0c475" />
      <TestMethod codeBase="/Users/ericcarlson/repos/pickles/src/Pickles/Pickles.TestFrameworks.UnitTests/bin/Debug/netcoreapp3.1/PicklesDoc.Pickles.TestFrameworks.UnitTests.dll" adapterTypeName="executor://nunit3testexecutor/" className="PicklesDoc.Pickles.TestFrameworks.UnitTests.SpecRun.WhenParsingSpecRunTestResultsFile" name="ThenCanReadFailedFeatureResultSuccessfully" />
    </UnitTest>
    <UnitTest name="ThenCanReadFeatureResultWithoutThrowingException" storage="/users/ericcarlson/repos/pickles/src/pickles/pickles.testframeworks.unittests/bin/debug/netcoreapp3.1/picklesdoc.pickles.testframeworks.unittests.dll" id="5e1aca6a-d9b7-23f6-c415-c9c2a91cd790">
      <Execution id="a18b0feb-ad6f-4e67-8b0a-06ad77600acb" />
      <TestMethod codeBase="/Users/ericcarlson/repos/pickles/src/Pickles/Pickles.TestFrameworks.UnitTests/bin/Debug/netcoreapp3.1/PicklesDoc.Pickles.TestFrameworks.UnitTests.dll" adapterTypeName="executor://nunit3testexecutor/" className="PicklesDoc.Pickles.TestFrameworks.UnitTests.XUnit.XUnit2.WhenParsingxUnit2ResultsFileWithMissingTraits" name="ThenCanReadFeatureResultWithoutThrowingException" />
    </UnitTest>
    <UnitTest name="ThenCanSuccessfullyMatch" storage="/users/ericcarlson/repos/pickles/src/pickles/pickles.testframeworks.unittests/bin/debug/netcoreapp3.1/picklesdoc.pickles.testframeworks.unittests.dll" id="a1781e25-4782-9e03-dffd-5a8b1b4e811d">
      <Execution id="c6cc9238-f414-4398-bef3-bbc4ba98a70f" />
      <TestMethod codeBase="/Users/ericcarlson/repos/pickles/src/Pickles/Pickles.TestFrameworks.UnitTests/bin/Debug/netcoreapp3.1/PicklesDoc.Pickles.TestFrameworks.UnitTests.dll" adapterTypeName="executor://nunit3testexecutor/" className="PicklesDoc.Pickles.TestFrameworks.UnitTests.NUnit.NUnit3.WhenDeterminingTheSignatureOfAnNunit3ExampleRow" name="ThenCanSuccessfullyMatch" />
    </UnitTest>
    <UnitTest name="ThenCanReadSuccessfulScenarioResultSuccessfully" storage="/users/ericcarlson/repos/pickles/src/pickles/pickles.testframeworks.unittests/bin/debug/netcoreapp3.1/picklesdoc.pickles.testframeworks.unittests.dll" id="ac0a91f2-dd7a-5fc1-8193-eac940cd0656">
      <Execution id="5af0c15a-8fd5-4027-b9b8-15e3d77c6a9e" />
      <TestMethod codeBase="/Users/ericcarlson/repos/pickles/src/Pickles/Pickles.TestFrameworks.UnitTests/bin/Debug/netcoreapp3.1/PicklesDoc.Pickles.TestFrameworks.UnitTests.dll" adapterTypeName="executor://nunit3testexecutor/" className="PicklesDoc.Pickles.TestFrameworks.UnitTests.NUnit.NUnit2.WhenParsingNUnitResultsFile" name="ThenCanReadSuccessfulScenarioResultSuccessfully" />
    </UnitTest>
    <UnitTest name="ThenCanReadIndividualResultsFromScenarioOutline_MultipleExampleSections_ShouldBeTestResultFailed" storage="/users/ericcarlson/repos/pickles/src/pickles/pickles.testframeworks.unittests/bin/debug/netcoreapp3.1/picklesdoc.pickles.testframeworks.unittests.dll" id="4127f69b-e124-236a-5b11-95ef3fc8f483">
      <Execution id="688fbec5-07b5-4cc3-9954-b4c5d267e1c3" />
      <TestMethod codeBase="/Users/ericcarlson/repos/pickles/src/Pickles/Pickles.TestFrameworks.UnitTests/bin/Debug/netcoreapp3.1/PicklesDoc.Pickles.TestFrameworks.UnitTests.dll" adapterTypeName="executor://nunit3testexecutor/" className="PicklesDoc.Pickles.TestFrameworks.UnitTests.VsTest.WhenParsingVsTestResultsFileWithIndividualResults" name="ThenCanReadIndividualResultsFromScenarioOutline_MultipleExampleSections_ShouldBeTestResultFailed" />
    </UnitTest>
    <UnitTest name="ThenCanReadResultsWithBackslashes" storage="/users/ericcarlson/repos/pickles/src/pickles/pickles.testframeworks.unittests/bin/debug/netcoreapp3.1/picklesdoc.pickles.testframeworks.unittests.dll" id="6b71b8f6-958a-0474-734c-5037b2d776ec">
      <Execution id="9359abd6-b38c-4eb8-b296-a09b55abf2c0" />
      <TestMethod codeBase="/Users/ericcarlson/repos/pickles/src/Pickles/Pickles.TestFrameworks.UnitTests/bin/Debug/netcoreapp3.1/PicklesDoc.Pickles.TestFrameworks.UnitTests.dll" adapterTypeName="executor://nunit3testexecutor/" className="PicklesDoc.Pickles.TestFrameworks.UnitTests.CucumberJson.WhenParsingCucumberJsonFromRubyResultsFile" name="ThenCanReadResultsWithBackslashes" />
    </UnitTest>
    <UnitTest name="ThenMatchWillBeFoundEvenIfACarriageReturnWasFoundInValueField" storage="/users/ericcarlson/repos/pickles/src/pickles/pickles.testframeworks.unittests/bin/debug/netcoreapp3.1/picklesdoc.pickles.testframeworks.unittests.dll" id="4f051dee-273d-fcff-0b9b-bfaf6bbfa98d">
      <Execution id="185f74b9-c42c-471d-b43a-14e817d8bee5" />
      <TestMethod codeBase="/Users/ericcarlson/repos/pickles/src/Pickles/Pickles.TestFrameworks.UnitTests/bin/Debug/netcoreapp3.1/PicklesDoc.Pickles.TestFrameworks.UnitTests.dll" adapterTypeName="executor://nunit3testexecutor/" className="PicklesDoc.Pickles.TestFrameworks.UnitTests.MsTest.WhenParsingMsTestResultsFileWithEmptyExampleValues" name="ThenMatchWillBeFoundEvenIfACarriageReturnWasFoundInValueField" />
    </UnitTest>
    <UnitTest name="ThenCanReadFailedScenarioResultSuccessfully" storage="/users/ericcarlson/repos/pickles/src/pickles/pickles.testframeworks.unittests/bin/debug/netcoreapp3.1/picklesdoc.pickles.testframeworks.unittests.dll" id="6f8b015e-fbb6-5aab-26fd-c4459351481b">
      <Execution id="a11b74ec-0e08-4781-ab85-3e82bd7bbeff" />
      <TestMethod codeBase="/Users/ericcarlson/repos/pickles/src/Pickles/Pickles.TestFrameworks.UnitTests/bin/Debug/netcoreapp3.1/PicklesDoc.Pickles.TestFrameworks.UnitTests.dll" adapterTypeName="executor://nunit3testexecutor/" className="PicklesDoc.Pickles.TestFrameworks.UnitTests.MsTest.WhenParsingMsTestResultsFile" name="ThenCanReadFailedScenarioResultSuccessfully" />
    </UnitTest>
    <UnitTest name="ThenCanReadResultOfScenarioOutlineExampleWithFailingBackground" storage="/users/ericcarlson/repos/pickles/src/pickles/pickles.testframeworks.unittests/bin/debug/netcoreapp3.1/picklesdoc.pickles.testframeworks.unittests.dll" id="3aa1d18f-f8de-dbde-ff88-7a89e4d8499f">
      <Execution id="a850d8ee-8f89-4d15-988f-a33e3801ed2f" />
      <TestMethod codeBase="/Users/ericcarlson/repos/pickles/src/Pickles/Pickles.TestFrameworks.UnitTests/bin/Debug/netcoreapp3.1/PicklesDoc.Pickles.TestFrameworks.UnitTests.dll" adapterTypeName="executor://nunit3testexecutor/" className="PicklesDoc.Pickles.TestFrameworks.UnitTests.XUnit.XUnit2.WhenParsingxUnit2ResultsFile" name="ThenCanReadResultOfScenarioOutlineExampleWithFailingBackground" />
    </UnitTest>
    <UnitTest name="ThenCanReadExamplesWithRegexValuesFromScenarioOutline_ShouldBeTestResultPassed" storage="/users/ericcarlson/repos/pickles/src/pickles/pickles.testframeworks.unittests/bin/debug/netcoreapp3.1/picklesdoc.pickles.testframeworks.unittests.dll" id="aff9e195-4e54-a676-8f24-47ec072e3f76">
      <Execution id="0fc4866f-cb89-4898-b96a-6aacae20a633" />
      <TestMethod codeBase="/Users/ericcarlson/repos/pickles/src/Pickles/Pickles.TestFrameworks.UnitTests/bin/Debug/netcoreapp3.1/PicklesDoc.Pickles.TestFrameworks.UnitTests.dll" adapterTypeName="executor://nunit3testexecutor/" className="PicklesDoc.Pickles.TestFrameworks.UnitTests.MsTest.WhenParsingMsTestResultsFileWithIndividualResults" name="ThenCanReadExamplesWithRegexValuesFromScenarioOutline_ShouldBeTestResultPassed" />
    </UnitTest>
    <UnitTest name="ThenCanReadExamplesWithRegexValuesFromScenarioOutline_ShouldBeTestResultPassed" storage="/users/ericcarlson/repos/pickles/src/pickles/pickles.testframeworks.unittests/bin/debug/netcoreapp3.1/picklesdoc.pickles.testframeworks.unittests.dll" id="33f1da4b-412f-f4c7-12b2-2ccec879b8cc">
      <Execution id="15a42234-ce19-49c7-aaf5-14119e8021b2" />
      <TestMethod codeBase="/Users/ericcarlson/repos/pickles/src/Pickles/Pickles.TestFrameworks.UnitTests/bin/Debug/netcoreapp3.1/PicklesDoc.Pickles.TestFrameworks.UnitTests.dll" adapterTypeName="executor://nunit3testexecutor/" className="PicklesDoc.Pickles.TestFrameworks.UnitTests.VsTest.WhenParsingVsTestResultsFileWithIndividualResults" name="ThenCanReadExamplesWithRegexValuesFromScenarioOutline_ShouldBeTestResultPassed" />
    </UnitTest>
    <UnitTest name="ThenCanReadIndividualResultsFromScenarioOutline_ExamplesWithDuplicateValues_ShouldMatchExamples" storage="/users/ericcarlson/repos/pickles/src/pickles/pickles.testframeworks.unittests/bin/debug/netcoreapp3.1/picklesdoc.pickles.testframeworks.unittests.dll" id="bdb55858-84b2-f69a-3f3e-7530e9bd9a2f">
      <Execution id="901e76b7-e3e8-48a9-9cbb-9541ff1cac45" />
      <TestMethod codeBase="/Users/ericcarlson/repos/pickles/src/Pickles/Pickles.TestFrameworks.UnitTests/bin/Debug/netcoreapp3.1/PicklesDoc.Pickles.TestFrameworks.UnitTests.dll" adapterTypeName="executor://nunit3testexecutor/" className="PicklesDoc.Pickles.TestFrameworks.UnitTests.VsTest.WhenParsingVsTestResultsFileWithIndividualResults" name="ThenCanReadIndividualResultsFromScenarioOutline_ExamplesWithDuplicateValues_ShouldMatchExamples" />
    </UnitTest>
    <UnitTest name="ThenCanReadResultOfFeatureWithFailingBackground" storage="/users/ericcarlson/repos/pickles/src/pickles/pickles.testframeworks.unittests/bin/debug/netcoreapp3.1/picklesdoc.pickles.testframeworks.unittests.dll" id="6ee23e15-5212-e5e6-0d67-3661442b479b">
      <Execution id="2d0cca95-1dfd-4550-9f4e-38635ecc8b2d" />
      <TestMethod codeBase="/Users/ericcarlson/repos/pickles/src/Pickles/Pickles.TestFrameworks.UnitTests/bin/Debug/netcoreapp3.1/PicklesDoc.Pickles.TestFrameworks.UnitTests.dll" adapterTypeName="executor://nunit3testexecutor/" className="PicklesDoc.Pickles.TestFrameworks.UnitTests.NUnit.NUnit3.WhenParsingNunit3ResultsFile" name="ThenCanReadResultOfFeatureWithFailingBackground" />
    </UnitTest>
    <UnitTest name="ThenCanReadScenarioOutlineResultSuccessfully" storage="/users/ericcarlson/repos/pickles/src/pickles/pickles.testframeworks.unittests/bin/debug/netcoreapp3.1/picklesdoc.pickles.testframeworks.unittests.dll" id="fde1c954-98a7-7238-71c0-b624bf2faef3">
      <Execution id="17a1a2dd-1390-4414-9ac3-0b588f2cc9f0" />
      <TestMethod codeBase="/Users/ericcarlson/repos/pickles/src/Pickles/Pickles.TestFrameworks.UnitTests/bin/Debug/netcoreapp3.1/PicklesDoc.Pickles.TestFrameworks.UnitTests.dll" adapterTypeName="executor://nunit3testexecutor/" className="PicklesDoc.Pickles.TestFrameworks.UnitTests.XUnit.XUnit2.WhenParsingxUnit2ResultsFile" name="ThenCanReadScenarioOutlineResultSuccessfully" />
    </UnitTest>
    <UnitTest name="ThenCanReadNotFoundScenarioCorrectly" storage="/users/ericcarlson/repos/pickles/src/pickles/pickles.testframeworks.unittests/bin/debug/netcoreapp3.1/picklesdoc.pickles.testframeworks.unittests.dll" id="86c41238-e1bd-d4dd-850b-3f251771aebe">
      <Execution id="123382f6-c9bf-47e0-903b-1528efaf419d" />
      <TestMethod codeBase="/Users/ericcarlson/repos/pickles/src/Pickles/Pickles.TestFrameworks.UnitTests/bin/Debug/netcoreapp3.1/PicklesDoc.Pickles.TestFrameworks.UnitTests.dll" adapterTypeName="executor://nunit3testexecutor/" className="PicklesDoc.Pickles.TestFrameworks.UnitTests.CucumberJson.WhenParsingCucumberJsonFromRubyResultsFile" name="ThenCanReadNotFoundScenarioCorrectly" />
    </UnitTest>
    <UnitTest name="ThenCanReadResultsWithBackslashes" storage="/users/ericcarlson/repos/pickles/src/pickles/pickles.testframeworks.unittests/bin/debug/netcoreapp3.1/picklesdoc.pickles.testframeworks.unittests.dll" id="1b904dc2-8da7-b28a-8a35-1d3fce5defa3">
      <Execution id="e9bc7d6b-e3e2-4d3b-9f40-9acfc9102fe2" />
      <TestMethod codeBase="/Users/ericcarlson/repos/pickles/src/Pickles/Pickles.TestFrameworks.UnitTests/bin/Debug/netcoreapp3.1/PicklesDoc.Pickles.TestFrameworks.UnitTests.dll" adapterTypeName="executor://nunit3testexecutor/" className="PicklesDoc.Pickles.TestFrameworks.UnitTests.NUnit.NUnit2.WhenParsingNUnitResultsFile" name="ThenCanReadResultsWithBackslashes" />
    </UnitTest>
    <UnitTest name="ThenCanReadResultOfScenarioOutlineWithUmlauts" storage="/users/ericcarlson/repos/pickles/src/pickles/pickles.testframeworks.unittests/bin/debug/netcoreapp3.1/picklesdoc.pickles.testframeworks.unittests.dll" id="0377b2ee-902b-c8d6-74bf-d614453dc1d9">
      <Execution id="9f0a4f66-ac14-4f89-8008-84b9f48f512f" />
      <TestMethod codeBase="/Users/ericcarlson/repos/pickles/src/Pickles/Pickles.TestFrameworks.UnitTests/bin/Debug/netcoreapp3.1/PicklesDoc.Pickles.TestFrameworks.UnitTests.dll" adapterTypeName="executor://nunit3testexecutor/" className="PicklesDoc.Pickles.TestFrameworks.UnitTests.CucumberJson.WhenParsingCucumberJsonFromJSResultsFile" name="ThenCanReadResultOfScenarioOutlineWithUmlauts" />
    </UnitTest>
    <UnitTest name="GetFeatureResult_OnePassingOneFailed_ReturnsPassed" storage="/users/ericcarlson/repos/pickles/src/pickles/pickles.testframeworks.unittests/bin/debug/netcoreapp3.1/picklesdoc.pickles.testframeworks.unittests.dll" id="d8eb6d98-9b62-c231-99fb-5444406d89a8">
      <Execution id="c415b187-4bb5-489a-b267-14e0b2a0bd27" />
      <TestMethod codeBase="/Users/ericcarlson/repos/pickles/src/Pickles/Pickles.TestFrameworks.UnitTests/bin/Debug/netcoreapp3.1/PicklesDoc.Pickles.TestFrameworks.UnitTests.dll" adapterTypeName="executor://nunit3testexecutor/" className="PicklesDoc.Pickles.TestFrameworks.UnitTests.SpecRun.WhenParsingMultipleTestResultsTests" name="GetFeatureResult_OnePassingOneFailed_ReturnsPassed" />
    </UnitTest>
    <UnitTest name="ThenCanReadInconclusiveFeatureResultSuccessfully" storage="/users/ericcarlson/repos/pickles/src/pickles/pickles.testframeworks.unittests/bin/debug/netcoreapp3.1/picklesdoc.pickles.testframeworks.unittests.dll" id="13f1786b-ba98-dd5e-fe5d-f541f09404b5">
      <Execution id="e74cbf9f-6e52-4cda-9494-26587b44789d" />
      <TestMethod codeBase="/Users/ericcarlson/repos/pickles/src/Pickles/Pickles.TestFrameworks.UnitTests/bin/Debug/netcoreapp3.1/PicklesDoc.Pickles.TestFrameworks.UnitTests.dll" adapterTypeName="executor://nunit3testexecutor/" className="PicklesDoc.Pickles.TestFrameworks.UnitTests.CucumberJson.WhenParsingCucumberJsonFromJSResultsFile" name="ThenCanReadInconclusiveFeatureResultSuccessfully" />
    </UnitTest>
    <UnitTest name="ThenCanReadIndividualResultsFromScenarioOutline_OneInconclusive_ShouldBeTestResultInconclusive" storage="/users/ericcarlson/repos/pickles/src/pickles/pickles.testframeworks.unittests/bin/debug/netcoreapp3.1/picklesdoc.pickles.testframeworks.unittests.dll" id="bf8a77e3-2a8b-534e-97d8-864c929c5c23">
      <Execution id="0bd040f6-4d18-453a-b3e8-f24007fed2ab" />
      <TestMethod codeBase="/Users/ericcarlson/repos/pickles/src/Pickles/Pickles.TestFrameworks.UnitTests/bin/Debug/netcoreapp3.1/PicklesDoc.Pickles.TestFrameworks.UnitTests.dll" adapterTypeName="executor://nunit3testexecutor/" className="PicklesDoc.Pickles.TestFrameworks.UnitTests.VsTest.WhenParsingVsTestResultsFileWithIndividualResults" name="ThenCanReadIndividualResultsFromScenarioOutline_OneInconclusive_ShouldBeTestResultInconclusive" />
    </UnitTest>
    <UnitTest name="ThenCanReadFeatureResultWithoutThrowingException" storage="/users/ericcarlson/repos/pickles/src/pickles/pickles.testframeworks.unittests/bin/debug/netcoreapp3.1/picklesdoc.pickles.testframeworks.unittests.dll" id="40fd2da8-e1b0-4d77-57fd-878737b69c52">
      <Execution id="74541fbc-23c4-44c8-8187-430c6483ec11" />
      <TestMethod codeBase="/Users/ericcarlson/repos/pickles/src/Pickles/Pickles.TestFrameworks.UnitTests/bin/Debug/netcoreapp3.1/PicklesDoc.Pickles.TestFrameworks.UnitTests.dll" adapterTypeName="executor://nunit3testexecutor/" className="PicklesDoc.Pickles.TestFrameworks.UnitTests.NUnit.NUnit2.WhenParsingnUnit2ResultsFileWithMissingTraits" name="ThenCanReadFeatureResultWithoutThrowingException" />
    </UnitTest>
    <UnitTest name="ThenCanReadExamplesWithLongExampleValues" storage="/users/ericcarlson/repos/pickles/src/pickles/pickles.testframeworks.unittests/bin/debug/netcoreapp3.1/picklesdoc.pickles.testframeworks.unittests.dll" id="ff3d2d05-1397-0038-c496-c12b7435aaee">
      <Execution id="98156d81-a57b-482e-af0a-cc328405fa51" />
      <TestMethod codeBase="/Users/ericcarlson/repos/pickles/src/Pickles/Pickles.TestFrameworks.UnitTests/bin/Debug/netcoreapp3.1/PicklesDoc.Pickles.TestFrameworks.UnitTests.dll" adapterTypeName="executor://nunit3testexecutor/" className="PicklesDoc.Pickles.TestFrameworks.UnitTests.SpecRun.WhenParsingSpecRunTestResultsFileWithIndividualResults" name="ThenCanReadExamplesWithLongExampleValues" />
    </UnitTest>
    <UnitTest name="ThenCanReadResultOfScenarioWithFailingBackground" storage="/users/ericcarlson/repos/pickles/src/pickles/pickles.testframeworks.unittests/bin/debug/netcoreapp3.1/picklesdoc.pickles.testframeworks.unittests.dll" id="ecb801c4-d95f-4cd2-61bc-83f8f51ba916">
      <Execution id="02fe2dee-7b91-4366-b6f5-007f9016df3e" />
      <TestMethod codeBase="/Users/ericcarlson/repos/pickles/src/Pickles/Pickles.TestFrameworks.UnitTests/bin/Debug/netcoreapp3.1/PicklesDoc.Pickles.TestFrameworks.UnitTests.dll" adapterTypeName="executor://nunit3testexecutor/" className="PicklesDoc.Pickles.TestFrameworks.UnitTests.CucumberJson.WhenParsingCucumberJsonFromJSResultsFile" name="ThenCanReadResultOfScenarioWithFailingBackground" />
    </UnitTest>
    <UnitTest name="ThenCanReadResultOfScenarioWithSpanishCharacters" storage="/users/ericcarlson/repos/pickles/src/pickles/pickles.testframeworks.unittests/bin/debug/netcoreapp3.1/picklesdoc.pickles.testframeworks.unittests.dll" id="2a458999-94a8-df5e-d99f-8bcf0589d98d">
      <Execution id="d846be94-35a6-482b-9ba0-36bcc66b1670" />
      <TestMethod codeBase="/Users/ericcarlson/repos/pickles/src/Pickles/Pickles.TestFrameworks.UnitTests/bin/Debug/netcoreapp3.1/PicklesDoc.Pickles.TestFrameworks.UnitTests.dll" adapterTypeName="executor://nunit3testexecutor/" className="PicklesDoc.Pickles.TestFrameworks.UnitTests.NUnit.NUnit3.WhenParsingNunit3ResultsFile" name="ThenCanReadResultOfScenarioWithSpanishCharacters" />
    </UnitTest>
    <UnitTest name="ThenCanReadFailedFeatureResultSuccessfully" storage="/users/ericcarlson/repos/pickles/src/pickles/pickles.testframeworks.unittests/bin/debug/netcoreapp3.1/picklesdoc.pickles.testframeworks.unittests.dll" id="63c783d3-cd4f-c315-c316-5735ac8dfa26">
      <Execution id="4107f217-9474-45d5-8edf-c0e883dff53c" />
      <TestMethod codeBase="/Users/ericcarlson/repos/pickles/src/Pickles/Pickles.TestFrameworks.UnitTests/bin/Debug/netcoreapp3.1/PicklesDoc.Pickles.TestFrameworks.UnitTests.dll" adapterTypeName="executor://nunit3testexecutor/" className="PicklesDoc.Pickles.TestFrameworks.UnitTests.MsTest.WhenParsingMultipleMsTestTestResultsFiles" name="ThenCanReadFailedFeatureResultSuccessfully" />
    </UnitTest>
    <UnitTest name="ThenCanReadExamplesWithLongExampleValues" storage="/users/ericcarlson/repos/pickles/src/pickles/pickles.testframeworks.unittests/bin/debug/netcoreapp3.1/picklesdoc.pickles.testframeworks.unittests.dll" id="df779c3e-867d-628d-d601-319a18d1823c">
      <Execution id="3edc2e85-77b7-4712-9a72-2d7596152f39" />
      <TestMethod codeBase="/Users/ericcarlson/repos/pickles/src/Pickles/Pickles.TestFrameworks.UnitTests/bin/Debug/netcoreapp3.1/PicklesDoc.Pickles.TestFrameworks.UnitTests.dll" adapterTypeName="executor://nunit3testexecutor/" className="PicklesDoc.Pickles.TestFrameworks.UnitTests.XUnit.XUnit2.WhenParsingXUnitResultsFileWithIndividualResults" name="ThenCanReadExamplesWithLongExampleValues" />
    </UnitTest>
    <UnitTest name="ThenCanReadResultOfFeatureWithFailingBackground" storage="/users/ericcarlson/repos/pickles/src/pickles/pickles.testframeworks.unittests/bin/debug/netcoreapp3.1/picklesdoc.pickles.testframeworks.unittests.dll" id="fa88707c-fe6b-f9d4-e057-126c8ed49b45">
      <Execution id="06dd4978-67dc-4c65-9762-6cbfdf56c69a" />
      <TestMethod codeBase="/Users/ericcarlson/repos/pickles/src/Pickles/Pickles.TestFrameworks.UnitTests/bin/Debug/netcoreapp3.1/PicklesDoc.Pickles.TestFrameworks.UnitTests.dll" adapterTypeName="executor://nunit3testexecutor/" className="PicklesDoc.Pickles.TestFrameworks.UnitTests.SpecRun.WhenParsingSpecRunTestResultsFile" name="ThenCanReadResultOfFeatureWithFailingBackground" />
    </UnitTest>
    <UnitTest name="ThenCanReadIndividualResultsFromScenarioOutline_AllPass_ShouldBeTestResultPassed" storage="/users/ericcarlson/repos/pickles/src/pickles/pickles.testframeworks.unittests/bin/debug/netcoreapp3.1/picklesdoc.pickles.testframeworks.unittests.dll" id="741a4e57-0cca-d960-3bbc-2a95ae33db53">
      <Execution id="438f1838-3d9e-4d1b-a790-4195c4bf0634" />
      <TestMethod codeBase="/Users/ericcarlson/repos/pickles/src/Pickles/Pickles.TestFrameworks.UnitTests/bin/Debug/netcoreapp3.1/PicklesDoc.Pickles.TestFrameworks.UnitTests.dll" adapterTypeName="executor://nunit3testexecutor/" className="PicklesDoc.Pickles.TestFrameworks.UnitTests.CucumberJson.WhenParsingCucumberJsonFromJSResultsFileWithIndividualResults" name="ThenCanReadIndividualResultsFromScenarioOutline_AllPass_ShouldBeTestResultPassed" />
    </UnitTest>
    <UnitTest name="ThenCanReadNotFoundScenarioCorrectly" storage="/users/ericcarlson/repos/pickles/src/pickles/pickles.testframeworks.unittests/bin/debug/netcoreapp3.1/picklesdoc.pickles.testframeworks.unittests.dll" id="74b4106b-4b89-70e5-ec6d-b53991f24ded">
      <Execution id="ab8eb42f-a0e1-4bf6-a8c9-9c9a36957dd3" />
      <TestMethod codeBase="/Users/ericcarlson/repos/pickles/src/Pickles/Pickles.TestFrameworks.UnitTests/bin/Debug/netcoreapp3.1/PicklesDoc.Pickles.TestFrameworks.UnitTests.dll" adapterTypeName="executor://nunit3testexecutor/" className="PicklesDoc.Pickles.TestFrameworks.UnitTests.CucumberJson.WhenParsingCucumberJsonFromJSResultsFile" name="ThenCanReadNotFoundScenarioCorrectly" />
    </UnitTest>
    <UnitTest name="ThenCanReadResultOfScenarioOutlineExampleWithFailingBackground" storage="/users/ericcarlson/repos/pickles/src/pickles/pickles.testframeworks.unittests/bin/debug/netcoreapp3.1/picklesdoc.pickles.testframeworks.unittests.dll" id="1fdd6646-6375-970a-197e-20c3648dadc9">
      <Execution id="3d4b5207-13d0-486e-9e9d-53979632e9ef" />
      <TestMethod codeBase="/Users/ericcarlson/repos/pickles/src/Pickles/Pickles.TestFrameworks.UnitTests/bin/Debug/netcoreapp3.1/PicklesDoc.Pickles.TestFrameworks.UnitTests.dll" adapterTypeName="executor://nunit3testexecutor/" className="PicklesDoc.Pickles.TestFrameworks.UnitTests.VsTest.WhenParsingVsTestResultsFile" name="ThenCanReadResultOfScenarioOutlineExampleWithFailingBackground" />
    </UnitTest>
    <UnitTest name="ThenCanReadResultOfScenarioOutlineWithAmpersand" storage="/users/ericcarlson/repos/pickles/src/pickles/pickles.testframeworks.unittests/bin/debug/netcoreapp3.1/picklesdoc.pickles.testframeworks.unittests.dll" id="aa6ed367-4142-c0b5-bc61-0c60c3e84f7e">
      <Execution id="07d1dc4b-41ee-45cb-bdac-9f7d60415303" />
      <TestMethod codeBase="/Users/ericcarlson/repos/pickles/src/Pickles/Pickles.TestFrameworks.UnitTests/bin/Debug/netcoreapp3.1/PicklesDoc.Pickles.TestFrameworks.UnitTests.dll" adapterTypeName="executor://nunit3testexecutor/" className="PicklesDoc.Pickles.TestFrameworks.UnitTests.VsTest.WhenParsingVsTestResultsFile" name="ThenCanReadResultOfScenarioOutlineWithAmpersand" />
    </UnitTest>
    <UnitTest name="ThenCanReadResultOfScenarioWithFailingBackground" storage="/users/ericcarlson/repos/pickles/src/pickles/pickles.testframeworks.unittests/bin/debug/netcoreapp3.1/picklesdoc.pickles.testframeworks.unittests.dll" id="66032912-b178-4308-e9cd-9139f23f4710">
      <Execution id="f54cedaf-1555-419c-a316-34440f13f948" />
      <TestMethod codeBase="/Users/ericcarlson/repos/pickles/src/Pickles/Pickles.TestFrameworks.UnitTests/bin/Debug/netcoreapp3.1/PicklesDoc.Pickles.TestFrameworks.UnitTests.dll" adapterTypeName="executor://nunit3testexecutor/" className="PicklesDoc.Pickles.TestFrameworks.UnitTests.CucumberJson.WhenParsingCucumberJsonFromRubyResultsFile" name="ThenCanReadResultOfScenarioWithFailingBackground" />
    </UnitTest>
    <UnitTest name="ThenCanReadResultOfScenarioWithSpanishCharacters" storage="/users/ericcarlson/repos/pickles/src/pickles/pickles.testframeworks.unittests/bin/debug/netcoreapp3.1/picklesdoc.pickles.testframeworks.unittests.dll" id="789bb7c5-38de-ac73-095d-7a54a206a4c4">
      <Execution id="185c93b4-8673-4714-85b6-cb88055e1136" />
      <TestMethod codeBase="/Users/ericcarlson/repos/pickles/src/Pickles/Pickles.TestFrameworks.UnitTests/bin/Debug/netcoreapp3.1/PicklesDoc.Pickles.TestFrameworks.UnitTests.dll" adapterTypeName="executor://nunit3testexecutor/" className="PicklesDoc.Pickles.TestFrameworks.UnitTests.XUnit.XUnit2.WhenParsingxUnit2ResultsFile" name="ThenCanReadResultOfScenarioWithSpanishCharacters" />
    </UnitTest>
    <UnitTest name="ThenCanReadResultOfFeatureWithFailingBackground" storage="/users/ericcarlson/repos/pickles/src/pickles/pickles.testframeworks.unittests/bin/debug/netcoreapp3.1/picklesdoc.pickles.testframeworks.unittests.dll" id="3f5af0d1-875c-7462-d712-e00deb320d7a">
      <Execution id="4f5af81e-c26e-4ea4-803b-988e7546d53c" />
      <TestMethod codeBase="/Users/ericcarlson/repos/pickles/src/Pickles/Pickles.TestFrameworks.UnitTests/bin/Debug/netcoreapp3.1/PicklesDoc.Pickles.TestFrameworks.UnitTests.dll" adapterTypeName="executor://nunit3testexecutor/" className="PicklesDoc.Pickles.TestFrameworks.UnitTests.CucumberJson.WhenParsingCucumberJsonFromJSResultsFile" name="ThenCanReadResultOfFeatureWithFailingBackground" />
    </UnitTest>
    <UnitTest name="ThenCanReadResultOfScenarioWithDanishCharacters" storage="/users/ericcarlson/repos/pickles/src/pickles/pickles.testframeworks.unittests/bin/debug/netcoreapp3.1/picklesdoc.pickles.testframeworks.unittests.dll" id="3f1adbc0-0196-34e5-6649-a85c5488fa91">
      <Execution id="950bf324-5e25-4a08-b89f-58b632d222c9" />
      <TestMethod codeBase="/Users/ericcarlson/repos/pickles/src/Pickles/Pickles.TestFrameworks.UnitTests/bin/Debug/netcoreapp3.1/PicklesDoc.Pickles.TestFrameworks.UnitTests.dll" adapterTypeName="executor://nunit3testexecutor/" className="PicklesDoc.Pickles.TestFrameworks.UnitTests.MsTest.WhenParsingMsTestResultsFile" name="ThenCanReadResultOfScenarioWithDanishCharacters" />
    </UnitTest>
    <UnitTest name="ThenCanReadFailedScenarioResultSuccessfully" storage="/users/ericcarlson/repos/pickles/src/pickles/pickles.testframeworks.unittests/bin/debug/netcoreapp3.1/picklesdoc.pickles.testframeworks.unittests.dll" id="f6f57a3d-4eb8-1874-da57-7a9e4d6b9c42">
      <Execution id="cd5338ca-baa7-43b5-bbe3-e251879053e8" />
      <TestMethod codeBase="/Users/ericcarlson/repos/pickles/src/Pickles/Pickles.TestFrameworks.UnitTests/bin/Debug/netcoreapp3.1/PicklesDoc.Pickles.TestFrameworks.UnitTests.dll" adapterTypeName="executor://nunit3testexecutor/" className="PicklesDoc.Pickles.TestFrameworks.UnitTests.NUnit.NUnit3.WhenParsingNunit3ResultsFile" name="ThenCanReadFailedScenarioResultSuccessfully" />
    </UnitTest>
    <UnitTest name="ThenCanReadFailedFeatureResultSuccessfully" storage="/users/ericcarlson/repos/pickles/src/pickles/pickles.testframeworks.unittests/bin/debug/netcoreapp3.1/picklesdoc.pickles.testframeworks.unittests.dll" id="af52bc0c-9d4d-dbfe-1e9a-8d33e897ef69">
      <Execution id="a0228c63-1a0b-474e-8f34-9140fc18a2a0" />
      <TestMethod codeBase="/Users/ericcarlson/repos/pickles/src/Pickles/Pickles.TestFrameworks.UnitTests/bin/Debug/netcoreapp3.1/PicklesDoc.Pickles.TestFrameworks.UnitTests.dll" adapterTypeName="executor://nunit3testexecutor/" className="PicklesDoc.Pickles.TestFrameworks.UnitTests.NUnit.NUnit2.WhenParsingNUnitResultsFile" name="ThenCanReadFailedFeatureResultSuccessfully" />
    </UnitTest>
    <UnitTest name="ThenCanReadFailedScenarioResultSuccessfully" storage="/users/ericcarlson/repos/pickles/src/pickles/pickles.testframeworks.unittests/bin/debug/netcoreapp3.1/picklesdoc.pickles.testframeworks.unittests.dll" id="c8836a8e-d919-c2fa-5c2d-61cd7e788ac3">
      <Execution id="22ee0385-cd9e-4d91-b6d8-a1339c6b8c1d" />
      <TestMethod codeBase="/Users/ericcarlson/repos/pickles/src/Pickles/Pickles.TestFrameworks.UnitTests/bin/Debug/netcoreapp3.1/PicklesDoc.Pickles.TestFrameworks.UnitTests.dll" adapterTypeName="executor://nunit3testexecutor/" className="PicklesDoc.Pickles.TestFrameworks.UnitTests.NUnit.NUnit3.WhenParsingNunit3ResultsFileForNunit2Tests" name="ThenCanReadFailedScenarioResultSuccessfully" />
    </UnitTest>
    <UnitTest name="ThenCanReadFeatureResultSuccessfully" storage="/users/ericcarlson/repos/pickles/src/pickles/pickles.testframeworks.unittests/bin/debug/netcoreapp3.1/picklesdoc.pickles.testframeworks.unittests.dll" id="c878e9ba-46bf-00b5-a8be-a988ac37f973">
      <Execution id="b0740260-abeb-4feb-9a83-d773f8c94780" />
      <TestMethod codeBase="/Users/ericcarlson/repos/pickles/src/Pickles/Pickles.TestFrameworks.UnitTests/bin/Debug/netcoreapp3.1/PicklesDoc.Pickles.TestFrameworks.UnitTests.dll" adapterTypeName="executor://nunit3testexecutor/" className="PicklesDoc.Pickles.TestFrameworks.UnitTests.NUnit.NUnit2.WhenParsingMultipleNUnitResultsFilesForASingleFeature" name="ThenCanReadFeatureResultSuccessfully" />
    </UnitTest>
    <UnitTest name="ThenCanReadResultOfScenarioWithSpanishCharacters" storage="/users/ericcarlson/repos/pickles/src/pickles/pickles.testframeworks.unittests/bin/debug/netcoreapp3.1/picklesdoc.pickles.testframeworks.unittests.dll" id="0c1060a1-daea-cc27-1eec-f91d6e03fb50">
      <Execution id="3f587cc6-c1c4-46b4-955d-5cc76561c150" />
      <TestMethod codeBase="/Users/ericcarlson/repos/pickles/src/Pickles/Pickles.TestFrameworks.UnitTests/bin/Debug/netcoreapp3.1/PicklesDoc.Pickles.TestFrameworks.UnitTests.dll" adapterTypeName="executor://nunit3testexecutor/" className="PicklesDoc.Pickles.TestFrameworks.UnitTests.MsTest.WhenParsingMsTestResultsFile" name="ThenCanReadResultOfScenarioWithSpanishCharacters" />
    </UnitTest>
    <UnitTest name="GetScenarioOutlineResult_TwoInconclusive_ReturnsInconclusive" storage="/users/ericcarlson/repos/pickles/src/pickles/pickles.testframeworks.unittests/bin/debug/netcoreapp3.1/picklesdoc.pickles.testframeworks.unittests.dll" id="bfd25a89-37a1-8b6d-3055-743f4224a763">
      <Execution id="673d2f3c-024c-4d49-95a5-2a7232d518bd" />
      <TestMethod codeBase="/Users/ericcarlson/repos/pickles/src/Pickles/Pickles.TestFrameworks.UnitTests/bin/Debug/netcoreapp3.1/PicklesDoc.Pickles.TestFrameworks.UnitTests.dll" adapterTypeName="executor://nunit3testexecutor/" className="PicklesDoc.Pickles.TestFrameworks.UnitTests.SpecRun.WhenParsingMultipleTestResultsTests" name="GetScenarioOutlineResult_TwoInconclusive_ReturnsInconclusive" />
    </UnitTest>
    <UnitTest name="ThenCanReadResultOfScenarioWithSpanishCharacters" storage="/users/ericcarlson/repos/pickles/src/pickles/pickles.testframeworks.unittests/bin/debug/netcoreapp3.1/picklesdoc.pickles.testframeworks.unittests.dll" id="8237b5ca-ec4b-2f2b-c709-52a921fafd5c">
      <Execution id="9815c2de-e33b-4746-b72a-359cdacdc252" />
      <TestMethod codeBase="/Users/ericcarlson/repos/pickles/src/Pickles/Pickles.TestFrameworks.UnitTests/bin/Debug/netcoreapp3.1/PicklesDoc.Pickles.TestFrameworks.UnitTests.dll" adapterTypeName="executor://nunit3testexecutor/" className="PicklesDoc.Pickles.TestFrameworks.UnitTests.VsTest.WhenParsingVsTestResultsFile" name="ThenCanReadResultOfScenarioWithSpanishCharacters" />
    </UnitTest>
    <UnitTest name="TestResultsFileIsMessingElementsForAFeature_ShouldReturnInconclusive" storage="/users/ericcarlson/repos/pickles/src/pickles/pickles.testframeworks.unittests/bin/debug/netcoreapp3.1/picklesdoc.pickles.testframeworks.unittests.dll" id="98e742b5-a9e8-df93-45b6-fa0d531caa6b">
      <Execution id="3e5a2182-6854-4a9d-a4e3-cf46b05efdc7" />
      <TestMethod codeBase="/Users/ericcarlson/repos/pickles/src/Pickles/Pickles.TestFrameworks.UnitTests/bin/Debug/netcoreapp3.1/PicklesDoc.Pickles.TestFrameworks.UnitTests.dll" adapterTypeName="executor://nunit3testexecutor/" className="PicklesDoc.Pickles.TestFrameworks.UnitTests.CucumberJson.WhenParsingCucumberJsonFromJSResultsFileWithMissingElements" name="TestResultsFileIsMessingElementsForAFeature_ShouldReturnInconclusive" />
    </UnitTest>
    <UnitTest name="ThenCanReadIndividualResultsFromScenarioOutline_MultipleExampleSections_ShouldBeTestResultFailed" storage="/users/ericcarlson/repos/pickles/src/pickles/pickles.testframeworks.unittests/bin/debug/netcoreapp3.1/picklesdoc.pickles.testframeworks.unittests.dll" id="c437592f-ad90-49b0-0c63-3ab7616bb2a4">
      <Execution id="50f36cc1-ce04-4015-a3ad-24842c6683a5" />
      <TestMethod codeBase="/Users/ericcarlson/repos/pickles/src/Pickles/Pickles.TestFrameworks.UnitTests/bin/Debug/netcoreapp3.1/PicklesDoc.Pickles.TestFrameworks.UnitTests.dll" adapterTypeName="executor://nunit3testexecutor/" className="PicklesDoc.Pickles.TestFrameworks.UnitTests.SpecRun.WhenParsingSpecRunTestResultsFileWithIndividualResults" name="ThenCanReadIndividualResultsFromScenarioOutline_MultipleExampleSections_ShouldBeTestResultFailed" />
    </UnitTest>
    <UnitTest name="RegularExpressionAsExampleContentMatches_With_Plus" storage="/users/ericcarlson/repos/pickles/src/pickles/pickles.testframeworks.unittests/bin/debug/netcoreapp3.1/picklesdoc.pickles.testframeworks.unittests.dll" id="c5348a36-5365-9e63-699c-dd523aa894a2">
      <Execution id="0a74f01c-5776-4a3e-9b87-427db59f82c6" />
      <TestMethod codeBase="/Users/ericcarlson/repos/pickles/src/Pickles/Pickles.TestFrameworks.UnitTests/bin/Debug/netcoreapp3.1/PicklesDoc.Pickles.TestFrameworks.UnitTests.dll" adapterTypeName="executor://nunit3testexecutor/" className="PicklesDoc.Pickles.TestFrameworks.UnitTests.XUnit.XUnit2.WhenDeterminingTheSignatureOfAnXUnit2ExampleRow" name="RegularExpressionAsExampleContentMatches_With_Plus" />
    </UnitTest>
    <UnitTest name="ThenCanReadResultOfScenarioOutlineWithFailingBackground" storage="/users/ericcarlson/repos/pickles/src/pickles/pickles.testframeworks.unittests/bin/debug/netcoreapp3.1/picklesdoc.pickles.testframeworks.unittests.dll" id="e1b783a4-63da-62c3-ab50-be899fdd79e2">
      <Execution id="5043e653-3d2a-486c-9692-2f8612e08c6a" />
      <TestMethod codeBase="/Users/ericcarlson/repos/pickles/src/Pickles/Pickles.TestFrameworks.UnitTests/bin/Debug/netcoreapp3.1/PicklesDoc.Pickles.TestFrameworks.UnitTests.dll" adapterTypeName="executor://nunit3testexecutor/" className="PicklesDoc.Pickles.TestFrameworks.UnitTests.NUnit.NUnit3.WhenParsingNunit3ResultsFile" name="ThenCanReadResultOfScenarioOutlineWithFailingBackground" />
    </UnitTest>
    <UnitTest name="ThenCanResolveAsSingleton(&quot;results-example-vstest.trx&quot;,&quot;VsTest.results-example-vstest.trx&quot;,VsTest,PicklesDoc.Pickles.TestFrameworks.VsTest.VsTestResults)" storage="/users/ericcarlson/repos/pickles/src/pickles/pickles.testframeworks.unittests/bin/debug/netcoreapp3.1/picklesdoc.pickles.testframeworks.unittests.dll" id="75c1372b-c80e-ab1f-dc10-8b8dc4679533">
      <Execution id="44915ae2-463e-4739-920d-08a628b3ec11" />
      <TestMethod codeBase="/Users/ericcarlson/repos/pickles/src/Pickles/Pickles.TestFrameworks.UnitTests/bin/Debug/netcoreapp3.1/PicklesDoc.Pickles.TestFrameworks.UnitTests.dll" adapterTypeName="executor://nunit3testexecutor/" className="PicklesDoc.Pickles.TestFrameworks.UnitTests.WhenResolvingTestResults" name="ThenCanResolveAsSingleton(&quot;results-example-vstest.trx&quot;,&quot;VsTest.results-example-vstest.trx&quot;,VsTest,PicklesDoc.Pickles.TestFrameworks.VsTest.VsTestResults)" />
    </UnitTest>
    <UnitTest name="RegularExpressionAsExampleContentMatches_With_Parentheses" storage="/users/ericcarlson/repos/pickles/src/pickles/pickles.testframeworks.unittests/bin/debug/netcoreapp3.1/picklesdoc.pickles.testframeworks.unittests.dll" id="9c345799-e138-7ed0-5b4a-1011418b61de">
      <Execution id="a8605c4a-8946-4a18-a360-094d4178c624" />
      <TestMethod codeBase="/Users/ericcarlson/repos/pickles/src/Pickles/Pickles.TestFrameworks.UnitTests/bin/Debug/netcoreapp3.1/PicklesDoc.Pickles.TestFrameworks.UnitTests.dll" adapterTypeName="executor://nunit3testexecutor/" className="PicklesDoc.Pickles.TestFrameworks.UnitTests.XUnit.XUnit2.WhenDeterminingTheSignatureOfAnXUnit2ExampleRow" name="RegularExpressionAsExampleContentMatches_With_Parentheses" />
    </UnitTest>
    <UnitTest name="ThenCanReadIndividualResultsFromScenarioOutline_MultipleNamedExamplesWithDuplicateValues_ShouldMatchExamples" storage="/users/ericcarlson/repos/pickles/src/pickles/pickles.testframeworks.unittests/bin/debug/netcoreapp3.1/picklesdoc.pickles.testframeworks.unittests.dll" id="15d64ad8-f453-6ded-46ce-06d0f8e68caf">
      <Execution id="48fc5746-ffb1-4cf2-ba1c-ba18bf7ec21b" />
      <TestMethod codeBase="/Users/ericcarlson/repos/pickles/src/Pickles/Pickles.TestFrameworks.UnitTests/bin/Debug/netcoreapp3.1/PicklesDoc.Pickles.TestFrameworks.UnitTests.dll" adapterTypeName="executor://nunit3testexecutor/" className="PicklesDoc.Pickles.TestFrameworks.UnitTests.NUnit.NUnit2.WhenParsingNUnitResultsFileWithIndividualResults" name="ThenCanReadIndividualResultsFromScenarioOutline_MultipleNamedExamplesWithDuplicateValues_ShouldMatchExamples" />
    </UnitTest>
    <UnitTest name="ThenCanReadNotFoundFeatureCorrectly" storage="/users/ericcarlson/repos/pickles/src/pickles/pickles.testframeworks.unittests/bin/debug/netcoreapp3.1/picklesdoc.pickles.testframeworks.unittests.dll" id="59fc518d-691e-1e5f-347b-11ecb9d13e9d">
      <Execution id="b5779f29-18b0-4d7e-bc40-5b0f2bf78bab" />
      <TestMethod codeBase="/Users/ericcarlson/repos/pickles/src/Pickles/Pickles.TestFrameworks.UnitTests/bin/Debug/netcoreapp3.1/PicklesDoc.Pickles.TestFrameworks.UnitTests.dll" adapterTypeName="executor://nunit3testexecutor/" className="PicklesDoc.Pickles.TestFrameworks.UnitTests.NUnit.NUnit2.WhenParsingNUnitResultsFile" name="ThenCanReadNotFoundFeatureCorrectly" />
    </UnitTest>
    <UnitTest name="ThenCanReadScenarioOutlineResultSuccessfully" storage="/users/ericcarlson/repos/pickles/src/pickles/pickles.testframeworks.unittests/bin/debug/netcoreapp3.1/picklesdoc.pickles.testframeworks.unittests.dll" id="bd67c30d-1d82-4e89-6c61-dfcd016668cb">
      <Execution id="3c82871a-1c37-4b7c-ba67-84b01487f214" />
      <TestMethod codeBase="/Users/ericcarlson/repos/pickles/src/Pickles/Pickles.TestFrameworks.UnitTests/bin/Debug/netcoreapp3.1/PicklesDoc.Pickles.TestFrameworks.UnitTests.dll" adapterTypeName="executor://nunit3testexecutor/" className="PicklesDoc.Pickles.TestFrameworks.UnitTests.VsTest.WhenParsingVsTestResultsFile" name="ThenCanReadScenarioOutlineResultSuccessfully" />
    </UnitTest>
    <UnitTest name="ThenCanReadSuccessfulScenarioResultSuccessfully" storage="/users/ericcarlson/repos/pickles/src/pickles/pickles.testframeworks.unittests/bin/debug/netcoreapp3.1/picklesdoc.pickles.testframeworks.unittests.dll" id="128b2e33-c1df-6a98-010e-1414bed50de5">
      <Execution id="e804255c-15f3-4947-983c-7cd06c788ce1" />
      <TestMethod codeBase="/Users/ericcarlson/repos/pickles/src/Pickles/Pickles.TestFrameworks.UnitTests/bin/Debug/netcoreapp3.1/PicklesDoc.Pickles.TestFrameworks.UnitTests.dll" adapterTypeName="executor://nunit3testexecutor/" className="PicklesDoc.Pickles.TestFrameworks.UnitTests.CucumberJson.WhenParsingCucumberJsonFromJSResultsFile" name="ThenCanReadSuccessfulScenarioResultSuccessfully" />
    </UnitTest>
    <UnitTest name="ThenCanReadExamplesWithLongExampleValues" storage="/users/ericcarlson/repos/pickles/src/pickles/pickles.testframeworks.unittests/bin/debug/netcoreapp3.1/picklesdoc.pickles.testframeworks.unittests.dll" id="fa2fb9d9-01c1-922c-5d5a-386819eb8668">
      <Execution id="3230c3f0-02d2-49b2-821d-64ced91493b0" />
      <TestMethod codeBase="/Users/ericcarlson/repos/pickles/src/Pickles/Pickles.TestFrameworks.UnitTests/bin/Debug/netcoreapp3.1/PicklesDoc.Pickles.TestFrameworks.UnitTests.dll" adapterTypeName="executor://nunit3testexecutor/" className="PicklesDoc.Pickles.TestFrameworks.UnitTests.CucumberJson.WhenParsingCucumberJsonFromJSResultsFileWithIndividualResults" name="ThenCanReadExamplesWithLongExampleValues" />
    </UnitTest>
    <UnitTest name="ThenCanReadInconclusiveFeatureResultSuccessfully" storage="/users/ericcarlson/repos/pickles/src/pickles/pickles.testframeworks.unittests/bin/debug/netcoreapp3.1/picklesdoc.pickles.testframeworks.unittests.dll" id="98025163-67c4-34a3-d0e7-9dbdb150f12f">
      <Execution id="398223e9-45ba-4d0e-ab09-4aa593abe63b" />
      <TestMethod codeBase="/Users/ericcarlson/repos/pickles/src/Pickles/Pickles.TestFrameworks.UnitTests/bin/Debug/netcoreapp3.1/PicklesDoc.Pickles.TestFrameworks.UnitTests.dll" adapterTypeName="executor://nunit3testexecutor/" className="PicklesDoc.Pickles.TestFrameworks.UnitTests.NUnit.NUnit2.WhenParsingNUnitResultsFile" name="ThenCanReadInconclusiveFeatureResultSuccessfully" />
    </UnitTest>
    <UnitTest name="ThenCanReadResultOfScenarioOutlineExampleWithFailingBackground" storage="/users/ericcarlson/repos/pickles/src/pickles/pickles.testframeworks.unittests/bin/debug/netcoreapp3.1/picklesdoc.pickles.testframeworks.unittests.dll" id="5f02bd55-47a0-e81d-b9df-6ab6392dc956">
      <Execution id="4fe41219-7338-4369-8208-0b076f70cb4d" />
      <TestMethod codeBase="/Users/ericcarlson/repos/pickles/src/Pickles/Pickles.TestFrameworks.UnitTests/bin/Debug/netcoreapp3.1/PicklesDoc.Pickles.TestFrameworks.UnitTests.dll" adapterTypeName="executor://nunit3testexecutor/" className="PicklesDoc.Pickles.TestFrameworks.UnitTests.NUnit.NUnit3.WhenParsingNunit3ResultsFileForNunit2Tests" name="ThenCanReadResultOfScenarioOutlineExampleWithFailingBackground" />
    </UnitTest>
    <UnitTest name="ThenCanReadSuccessfulScenarioResultSuccessfully" storage="/users/ericcarlson/repos/pickles/src/pickles/pickles.testframeworks.unittests/bin/debug/netcoreapp3.1/picklesdoc.pickles.testframeworks.unittests.dll" id="616fe719-bf7f-7000-9e32-4cae5f1dd897">
      <Execution id="c22409f3-ad08-427f-bb54-3b265c12b753" />
      <TestMethod codeBase="/Users/ericcarlson/repos/pickles/src/Pickles/Pickles.TestFrameworks.UnitTests/bin/Debug/netcoreapp3.1/PicklesDoc.Pickles.TestFrameworks.UnitTests.dll" adapterTypeName="executor://nunit3testexecutor/" className="PicklesDoc.Pickles.TestFrameworks.UnitTests.XUnit.XUnit1.WhenParsingxUnitResultsFile" name="ThenCanReadSuccessfulScenarioResultSuccessfully" />
    </UnitTest>
    <UnitTest name="ThenCanReadResultOfScenarioOutlineWithUmlauts" storage="/users/ericcarlson/repos/pickles/src/pickles/pickles.testframeworks.unittests/bin/debug/netcoreapp3.1/picklesdoc.pickles.testframeworks.unittests.dll" id="dd0a53f6-9608-d074-ec6b-1fd826ef275e">
      <Execution id="a3f20a8d-2ea8-429e-a5c2-f95ee3f313ab" />
      <TestMethod codeBase="/Users/ericcarlson/repos/pickles/src/Pickles/Pickles.TestFrameworks.UnitTests/bin/Debug/netcoreapp3.1/PicklesDoc.Pickles.TestFrameworks.UnitTests.dll" adapterTypeName="executor://nunit3testexecutor/" className="PicklesDoc.Pickles.TestFrameworks.UnitTests.CucumberJson.WhenParsingCucumberJsonFromRubyResultsFile" name="ThenCanReadResultOfScenarioOutlineWithUmlauts" />
    </UnitTest>
    <UnitTest name="ThenCanReadResultOfScenarioOutlineWithSpecialCharacters" storage="/users/ericcarlson/repos/pickles/src/pickles/pickles.testframeworks.unittests/bin/debug/netcoreapp3.1/picklesdoc.pickles.testframeworks.unittests.dll" id="a24366aa-9e79-801f-e1af-8419027c8a13">
      <Execution id="57abf63c-5c16-4721-a31b-9cca68d437e2" />
      <TestMethod codeBase="/Users/ericcarlson/repos/pickles/src/Pickles/Pickles.TestFrameworks.UnitTests/bin/Debug/netcoreapp3.1/PicklesDoc.Pickles.TestFrameworks.UnitTests.dll" adapterTypeName="executor://nunit3testexecutor/" className="PicklesDoc.Pickles.TestFrameworks.UnitTests.SpecRun.WhenParsingSpecRunTestResultsFile" name="ThenCanReadResultOfScenarioOutlineWithSpecialCharacters" />
    </UnitTest>
    <UnitTest name="ThenCanReadResultOfScenarioOutlineWithFailingBackground" storage="/users/ericcarlson/repos/pickles/src/pickles/pickles.testframeworks.unittests/bin/debug/netcoreapp3.1/picklesdoc.pickles.testframeworks.unittests.dll" id="e931af6a-3452-9003-decc-ede4ba4ec081">
      <Execution id="b2ab7b70-49ff-4cc9-a045-25730dcdefb3" />
      <TestMethod codeBase="/Users/ericcarlson/repos/pickles/src/Pickles/Pickles.TestFrameworks.UnitTests/bin/Debug/netcoreapp3.1/PicklesDoc.Pickles.TestFrameworks.UnitTests.dll" adapterTypeName="executor://nunit3testexecutor/" className="PicklesDoc.Pickles.TestFrameworks.UnitTests.NUnit.NUnit3.WhenParsingNunit3ResultsFileForNunit2Tests" name="ThenCanReadResultOfScenarioOutlineWithFailingBackground" />
    </UnitTest>
    <UnitTest name="ThenCanReadResultOfScenarioWithFailingBackground" storage="/users/ericcarlson/repos/pickles/src/pickles/pickles.testframeworks.unittests/bin/debug/netcoreapp3.1/picklesdoc.pickles.testframeworks.unittests.dll" id="ca034f59-6d8f-3d39-f10e-3725456122ef">
      <Execution id="f089ebba-f6e2-4553-85d4-bc3b860b5d79" />
      <TestMethod codeBase="/Users/ericcarlson/repos/pickles/src/Pickles/Pickles.TestFrameworks.UnitTests/bin/Debug/netcoreapp3.1/PicklesDoc.Pickles.TestFrameworks.UnitTests.dll" adapterTypeName="executor://nunit3testexecutor/" className="PicklesDoc.Pickles.TestFrameworks.UnitTests.XUnit.XUnit2.WhenParsingxUnit2ResultsFile" name="ThenCanReadResultOfScenarioWithFailingBackground" />
    </UnitTest>
    <UnitTest name="ThenCanResolveAsSingleton(&quot;results-example-nunit.xml&quot;,&quot;NUnit.NUnit2.results-example-nunit.xml&quot;,NUnit,PicklesDoc.Pickles.TestFrameworks.NUnit.NUnit2.NUnit2Results)" storage="/users/ericcarlson/repos/pickles/src/pickles/pickles.testframeworks.unittests/bin/debug/netcoreapp3.1/picklesdoc.pickles.testframeworks.unittests.dll" id="e70aaa39-34a4-5c29-d102-ad4674ca6ab6">
      <Execution id="afee0c07-3365-4a14-b290-a9952034b272" />
      <TestMethod codeBase="/Users/ericcarlson/repos/pickles/src/Pickles/Pickles.TestFrameworks.UnitTests/bin/Debug/netcoreapp3.1/PicklesDoc.Pickles.TestFrameworks.UnitTests.dll" adapterTypeName="executor://nunit3testexecutor/" className="PicklesDoc.Pickles.TestFrameworks.UnitTests.WhenResolvingTestResults" name="ThenCanResolveAsSingleton(&quot;results-example-nunit.xml&quot;,&quot;NUnit.NUnit2.results-example-nunit.xml&quot;,NUnit,PicklesDoc.Pickles.TestFrameworks.NUnit.NUnit2.NUnit2Results)" />
    </UnitTest>
    <UnitTest name="ThenCanReadResultOfScenarioOutlineWithAmpersand" storage="/users/ericcarlson/repos/pickles/src/pickles/pickles.testframeworks.unittests/bin/debug/netcoreapp3.1/picklesdoc.pickles.testframeworks.unittests.dll" id="62d8a504-87cb-5ba7-c255-1d3c38bd41a0">
      <Execution id="c6721f49-2509-417e-b140-0d9073fd8904" />
      <TestMethod codeBase="/Users/ericcarlson/repos/pickles/src/Pickles/Pickles.TestFrameworks.UnitTests/bin/Debug/netcoreapp3.1/PicklesDoc.Pickles.TestFrameworks.UnitTests.dll" adapterTypeName="executor://nunit3testexecutor/" className="PicklesDoc.Pickles.TestFrameworks.UnitTests.NUnit.NUnit3.WhenParsingNunit3ResultsFile" name="ThenCanReadResultOfScenarioOutlineWithAmpersand" />
    </UnitTest>
    <UnitTest name="ThenCanReadFeatureResultSuccessfully" storage="/users/ericcarlson/repos/pickles/src/pickles/pickles.testframeworks.unittests/bin/debug/netcoreapp3.1/picklesdoc.pickles.testframeworks.unittests.dll" id="654eaa9a-fb20-1f7a-8fb7-20107e7e962f">
      <Execution id="67d28950-9357-4609-84fa-757b22f2076c" />
      <TestMethod codeBase="/Users/ericcarlson/repos/pickles/src/Pickles/Pickles.TestFrameworks.UnitTests/bin/Debug/netcoreapp3.1/PicklesDoc.Pickles.TestFrameworks.UnitTests.dll" adapterTypeName="executor://nunit3testexecutor/" className="PicklesDoc.Pickles.TestFrameworks.UnitTests.VsTest.WhenParsingVsTestResultsFile" name="ThenCanReadFeatureResultSuccessfully" />
    </UnitTest>
    <UnitTest name="GetFeatureResult_TwoInconclusive_ReturnsInconclusive" storage="/users/ericcarlson/repos/pickles/src/pickles/pickles.testframeworks.unittests/bin/debug/netcoreapp3.1/picklesdoc.pickles.testframeworks.unittests.dll" id="b8387dd6-f890-7e0b-f414-a4e07ecc407b">
      <Execution id="b3426f97-7bed-4f8e-902e-0aeb8560f4d0" />
      <TestMethod codeBase="/Users/ericcarlson/repos/pickles/src/Pickles/Pickles.TestFrameworks.UnitTests/bin/Debug/netcoreapp3.1/PicklesDoc.Pickles.TestFrameworks.UnitTests.dll" adapterTypeName="executor://nunit3testexecutor/" className="PicklesDoc.Pickles.TestFrameworks.UnitTests.SpecRun.WhenParsingMultipleTestResultsTests" name="GetFeatureResult_TwoInconclusive_ReturnsInconclusive" />
    </UnitTest>
    <UnitTest name="ThenCanReadPassedFeatureResultSuccessfully" storage="/users/ericcarlson/repos/pickles/src/pickles/pickles.testframeworks.unittests/bin/debug/netcoreapp3.1/picklesdoc.pickles.testframeworks.unittests.dll" id="eaddf983-315a-e36c-c3b9-c9529d03d71a">
      <Execution id="2c48efe6-2613-4883-8474-8c8b83c0b94f" />
      <TestMethod codeBase="/Users/ericcarlson/repos/pickles/src/Pickles/Pickles.TestFrameworks.UnitTests/bin/Debug/netcoreapp3.1/PicklesDoc.Pickles.TestFrameworks.UnitTests.dll" adapterTypeName="executor://nunit3testexecutor/" className="PicklesDoc.Pickles.TestFrameworks.UnitTests.MsTest.WhenParsingMsTestResultsFile" name="ThenCanReadPassedFeatureResultSuccessfully" />
    </UnitTest>
    <UnitTest name="ThenCanReadSuccessfulScenarioResultSuccessfully" storage="/users/ericcarlson/repos/pickles/src/pickles/pickles.testframeworks.unittests/bin/debug/netcoreapp3.1/picklesdoc.pickles.testframeworks.unittests.dll" id="09eb03c3-6c6b-d07d-0c0e-f69b7a3941d2">
      <Execution id="c53d16e5-11d2-431b-8263-f2509cad8bb8" />
      <TestMethod codeBase="/Users/ericcarlson/repos/pickles/src/Pickles/Pickles.TestFrameworks.UnitTests/bin/Debug/netcoreapp3.1/PicklesDoc.Pickles.TestFrameworks.UnitTests.dll" adapterTypeName="executor://nunit3testexecutor/" className="PicklesDoc.Pickles.TestFrameworks.UnitTests.XUnit.XUnit2.WhenParsingxUnit2ResultsFile" name="ThenCanReadSuccessfulScenarioResultSuccessfully" />
    </UnitTest>
    <UnitTest name="ThenCanReadIgnoredScenarioResultSuccessfully" storage="/users/ericcarlson/repos/pickles/src/pickles/pickles.testframeworks.unittests/bin/debug/netcoreapp3.1/picklesdoc.pickles.testframeworks.unittests.dll" id="c0743634-0e8c-60ff-dd33-aa3c1f7c437b">
      <Execution id="d1341172-1e89-4857-ad33-f497a7d128d6" />
      <TestMethod codeBase="/Users/ericcarlson/repos/pickles/src/Pickles/Pickles.TestFrameworks.UnitTests/bin/Debug/netcoreapp3.1/PicklesDoc.Pickles.TestFrameworks.UnitTests.dll" adapterTypeName="executor://nunit3testexecutor/" className="PicklesDoc.Pickles.TestFrameworks.UnitTests.XUnit.XUnit2.WhenParsingxUnit2ResultsFile" name="ThenCanReadIgnoredScenarioResultSuccessfully" />
    </UnitTest>
    <UnitTest name="ThenCanReadFailedScenarioResultSuccessfully" storage="/users/ericcarlson/repos/pickles/src/pickles/pickles.testframeworks.unittests/bin/debug/netcoreapp3.1/picklesdoc.pickles.testframeworks.unittests.dll" id="9c713a2b-9e76-2415-d955-46aa4b04bc55">
      <Execution id="450639b4-e8ca-4c44-91fd-74ed965785c8" />
      <TestMethod codeBase="/Users/ericcarlson/repos/pickles/src/Pickles/Pickles.TestFrameworks.UnitTests/bin/Debug/netcoreapp3.1/PicklesDoc.Pickles.TestFrameworks.UnitTests.dll" adapterTypeName="executor://nunit3testexecutor/" className="PicklesDoc.Pickles.TestFrameworks.UnitTests.MsTest.WhenParsingMultipleMsTestTestResultsFiles" name="ThenCanReadFailedScenarioResultSuccessfully" />
    </UnitTest>
    <UnitTest name="ThenCanReadInconclusiveScenarioResultSuccessfully" storage="/users/ericcarlson/repos/pickles/src/pickles/pickles.testframeworks.unittests/bin/debug/netcoreapp3.1/picklesdoc.pickles.testframeworks.unittests.dll" id="098238b9-0456-1247-ed8e-8206ed9eaecc">
      <Execution id="9f1ad594-c703-460c-be26-a656cb3cb841" />
      <TestMethod codeBase="/Users/ericcarlson/repos/pickles/src/Pickles/Pickles.TestFrameworks.UnitTests/bin/Debug/netcoreapp3.1/PicklesDoc.Pickles.TestFrameworks.UnitTests.dll" adapterTypeName="executor://nunit3testexecutor/" className="PicklesDoc.Pickles.TestFrameworks.UnitTests.VsTest.WhenParsingVsTestResultsFile" name="ThenCanReadInconclusiveScenarioResultSuccessfully" />
    </UnitTest>
    <UnitTest name="ThenCanReadExamplesWithLongExampleValues" storage="/users/ericcarlson/repos/pickles/src/pickles/pickles.testframeworks.unittests/bin/debug/netcoreapp3.1/picklesdoc.pickles.testframeworks.unittests.dll" id="c7e76d21-7d2a-305a-821d-d13e50bc910e">
      <Execution id="bbb8b2ea-4195-4379-8d79-9f89efea1d8c" />
      <TestMethod codeBase="/Users/ericcarlson/repos/pickles/src/Pickles/Pickles.TestFrameworks.UnitTests/bin/Debug/netcoreapp3.1/PicklesDoc.Pickles.TestFrameworks.UnitTests.dll" adapterTypeName="executor://nunit3testexecutor/" className="PicklesDoc.Pickles.TestFrameworks.UnitTests.NUnit.NUnit3.WhenParsingNUnitResultsFileWithIndividualResults" name="ThenCanReadExamplesWithLongExampleValues" />
    </UnitTest>
    <UnitTest name="GetScenarioResult_OnePassingOneFailing_ReturnsFailed" storage="/users/ericcarlson/repos/pickles/src/pickles/pickles.testframeworks.unittests/bin/debug/netcoreapp3.1/picklesdoc.pickles.testframeworks.unittests.dll" id="70bec1df-5a68-44f4-dc37-08e0c2b5dd45">
      <Execution id="f1a8a7d5-c74e-4bb4-947d-d45e7742371e" />
      <TestMethod codeBase="/Users/ericcarlson/repos/pickles/src/Pickles/Pickles.TestFrameworks.UnitTests/bin/Debug/netcoreapp3.1/PicklesDoc.Pickles.TestFrameworks.UnitTests.dll" adapterTypeName="executor://nunit3testexecutor/" className="PicklesDoc.Pickles.TestFrameworks.UnitTests.SpecRun.WhenParsingMultipleTestResultsTests" name="GetScenarioResult_OnePassingOneFailing_ReturnsFailed" />
    </UnitTest>
    <UnitTest name="ThenCanReadFailedFeatureResultSuccessfully" storage="/users/ericcarlson/repos/pickles/src/pickles/pickles.testframeworks.unittests/bin/debug/netcoreapp3.1/picklesdoc.pickles.testframeworks.unittests.dll" id="ef5a7c41-c0be-df83-b30a-5c970829c937">
      <Execution id="75340124-c54a-4de2-b660-5fcf11607742" />
      <TestMethod codeBase="/Users/ericcarlson/repos/pickles/src/Pickles/Pickles.TestFrameworks.UnitTests/bin/Debug/netcoreapp3.1/PicklesDoc.Pickles.TestFrameworks.UnitTests.dll" adapterTypeName="executor://nunit3testexecutor/" className="PicklesDoc.Pickles.TestFrameworks.UnitTests.MsTest.WhenParsingMsTestResultsFile" name="ThenCanReadFailedFeatureResultSuccessfully" />
    </UnitTest>
    <UnitTest name="ThenCanReadResultsWithParenthesis" storage="/users/ericcarlson/repos/pickles/src/pickles/pickles.testframeworks.unittests/bin/debug/netcoreapp3.1/picklesdoc.pickles.testframeworks.unittests.dll" id="feef8d1e-733e-c97b-cae9-59e37cf87fb6">
      <Execution id="67662534-3cd8-4a1b-bbb3-87bb5222b8f2" />
      <TestMethod codeBase="/Users/ericcarlson/repos/pickles/src/Pickles/Pickles.TestFrameworks.UnitTests/bin/Debug/netcoreapp3.1/PicklesDoc.Pickles.TestFrameworks.UnitTests.dll" adapterTypeName="executor://nunit3testexecutor/" className="PicklesDoc.Pickles.TestFrameworks.UnitTests.XUnit.XUnit1.WhenParsingxUnitResultsFile" name="ThenCanReadResultsWithParenthesis" />
    </UnitTest>
    <UnitTest name="ThenCanReadPassedFeatureResultSuccessfully" storage="/users/ericcarlson/repos/pickles/src/pickles/pickles.testframeworks.unittests/bin/debug/netcoreapp3.1/picklesdoc.pickles.testframeworks.unittests.dll" id="d2ebcdb0-238b-cbb7-f625-318772534557">
      <Execution id="6c09a921-6051-4b98-8366-7dbebc5d92eb" />
      <TestMethod codeBase="/Users/ericcarlson/repos/pickles/src/Pickles/Pickles.TestFrameworks.UnitTests/bin/Debug/netcoreapp3.1/PicklesDoc.Pickles.TestFrameworks.UnitTests.dll" adapterTypeName="executor://nunit3testexecutor/" className="PicklesDoc.Pickles.TestFrameworks.UnitTests.NUnit.NUnit2.WhenParsingNUnitResultsFile" name="ThenCanReadPassedFeatureResultSuccessfully" />
    </UnitTest>
    <UnitTest name="ThenCanReadResultOfScenarioWithSpecialCharacters" storage="/users/ericcarlson/repos/pickles/src/pickles/pickles.testframeworks.unittests/bin/debug/netcoreapp3.1/picklesdoc.pickles.testframeworks.unittests.dll" id="ce027c0e-b7b6-30e8-95b9-9af781c2b3c7">
      <Execution id="5e60048d-8860-4c95-9bcd-123c671a904a" />
      <TestMethod codeBase="/Users/ericcarlson/repos/pickles/src/Pickles/Pickles.TestFrameworks.UnitTests/bin/Debug/netcoreapp3.1/PicklesDoc.Pickles.TestFrameworks.UnitTests.dll" adapterTypeName="executor://nunit3testexecutor/" className="PicklesDoc.Pickles.TestFrameworks.UnitTests.NUnit.NUnit3.WhenParsingNunit3ResultsFile" name="ThenCanReadResultOfScenarioWithSpecialCharacters" />
    </UnitTest>
    <UnitTest name="ThenCanReadFailedScenarioResultSuccessfully" storage="/users/ericcarlson/repos/pickles/src/pickles/pickles.testframeworks.unittests/bin/debug/netcoreapp3.1/picklesdoc.pickles.testframeworks.unittests.dll" id="6d53e524-577b-617b-04c0-cc99f9396f86">
      <Execution id="14e985bc-a0fc-4a55-b043-16f0be4d7cc7" />
      <TestMethod codeBase="/Users/ericcarlson/repos/pickles/src/Pickles/Pickles.TestFrameworks.UnitTests/bin/Debug/netcoreapp3.1/PicklesDoc.Pickles.TestFrameworks.UnitTests.dll" adapterTypeName="executor://nunit3testexecutor/" className="PicklesDoc.Pickles.TestFrameworks.UnitTests.SpecRun.WhenParsingSpecRunTestResultsFile" name="ThenCanReadFailedScenarioResultSuccessfully" />
    </UnitTest>
    <UnitTest name="ThenIgnoredScenarioIsSetToInconclusive" storage="/users/ericcarlson/repos/pickles/src/pickles/pickles.testframeworks.unittests/bin/debug/netcoreapp3.1/picklesdoc.pickles.testframeworks.unittests.dll" id="273b19f2-bc2e-0fff-03d9-8e3fde4e1105">
      <Execution id="9f007314-f594-4622-8dbb-f87cdd1f0320" />
      <TestMethod codeBase="/Users/ericcarlson/repos/pickles/src/Pickles/Pickles.TestFrameworks.UnitTests/bin/Debug/netcoreapp3.1/PicklesDoc.Pickles.TestFrameworks.UnitTests.dll" adapterTypeName="executor://nunit3testexecutor/" className="PicklesDoc.Pickles.TestFrameworks.UnitTests.VsTest.WhenParsingVsTestResultsFileWithIgnoredExample" name="ThenIgnoredScenarioIsSetToInconclusive" />
    </UnitTest>
    <UnitTest name="ThenCanReadExamplesWithRegexValuesFromScenarioOutline_ShouldBeTestResultPassed" storage="/users/ericcarlson/repos/pickles/src/pickles/pickles.testframeworks.unittests/bin/debug/netcoreapp3.1/picklesdoc.pickles.testframeworks.unittests.dll" id="906d5dad-24a2-c194-0157-f7aa409300ef">
      <Execution id="28441c44-7d4c-4680-b6ee-089c7fdec062" />
      <TestMethod codeBase="/Users/ericcarlson/repos/pickles/src/Pickles/Pickles.TestFrameworks.UnitTests/bin/Debug/netcoreapp3.1/PicklesDoc.Pickles.TestFrameworks.UnitTests.dll" adapterTypeName="executor://nunit3testexecutor/" className="PicklesDoc.Pickles.TestFrameworks.UnitTests.NUnit.NUnit3.WhenParsingNUnitResultsFileWithIndividualResults" name="ThenCanReadExamplesWithRegexValuesFromScenarioOutline_ShouldBeTestResultPassed" />
    </UnitTest>
    <UnitTest name="ThenCanReadScenarioOutlineResultSuccessfully" storage="/users/ericcarlson/repos/pickles/src/pickles/pickles.testframeworks.unittests/bin/debug/netcoreapp3.1/picklesdoc.pickles.testframeworks.unittests.dll" id="e2225881-39fd-7f1c-d804-53db9fd0bebf">
      <Execution id="317044e7-74b1-46ad-9a45-4a61951f0e70" />
      <TestMethod codeBase="/Users/ericcarlson/repos/pickles/src/Pickles/Pickles.TestFrameworks.UnitTests/bin/Debug/netcoreapp3.1/PicklesDoc.Pickles.TestFrameworks.UnitTests.dll" adapterTypeName="executor://nunit3testexecutor/" className="PicklesDoc.Pickles.TestFrameworks.UnitTests.NUnit.NUnit3.WhenParsingNunit3ResultsFile" name="ThenCanReadScenarioOutlineResultSuccessfully" />
    </UnitTest>
    <UnitTest name="ThenCanReadResultOfScenarioWithSpecialCharacters" storage="/users/ericcarlson/repos/pickles/src/pickles/pickles.testframeworks.unittests/bin/debug/netcoreapp3.1/picklesdoc.pickles.testframeworks.unittests.dll" id="eee8715c-d733-130b-cc22-7b1892f2f926">
      <Execution id="97acea72-18ad-45da-b56c-d5c49dae577d" />
      <TestMethod codeBase="/Users/ericcarlson/repos/pickles/src/Pickles/Pickles.TestFrameworks.UnitTests/bin/Debug/netcoreapp3.1/PicklesDoc.Pickles.TestFrameworks.UnitTests.dll" adapterTypeName="executor://nunit3testexecutor/" className="PicklesDoc.Pickles.TestFrameworks.UnitTests.SpecRun.WhenParsingSpecRunTestResultsFile" name="ThenCanReadResultOfScenarioWithSpecialCharacters" />
    </UnitTest>
    <UnitTest name="ThenCanReadIndividualResultsFromScenarioOutline_ExamplesWithDuplicateValues_ShouldMatchExamples" storage="/users/ericcarlson/repos/pickles/src/pickles/pickles.testframeworks.unittests/bin/debug/netcoreapp3.1/picklesdoc.pickles.testframeworks.unittests.dll" id="0be35ca5-d72a-7b15-1c8a-f42c97327233">
      <Execution id="dad6031e-4afe-4208-972a-32a4fb5efeb1" />
      <TestMethod codeBase="/Users/ericcarlson/repos/pickles/src/Pickles/Pickles.TestFrameworks.UnitTests/bin/Debug/netcoreapp3.1/PicklesDoc.Pickles.TestFrameworks.UnitTests.dll" adapterTypeName="executor://nunit3testexecutor/" className="PicklesDoc.Pickles.TestFrameworks.UnitTests.XUnit.XUnit1.WhenParsingXUnitResultsFileWithIndividualResults" name="ThenCanReadIndividualResultsFromScenarioOutline_ExamplesWithDuplicateValues_ShouldMatchExamples" />
    </UnitTest>
    <UnitTest name="ThenCanReadFeatureResultWithoutThrowingException" storage="/users/ericcarlson/repos/pickles/src/pickles/pickles.testframeworks.unittests/bin/debug/netcoreapp3.1/picklesdoc.pickles.testframeworks.unittests.dll" id="71b016af-5365-c420-5627-629663f2e7e7">
      <Execution id="80da770f-b5c6-420e-b81a-7495c887ae36" />
      <TestMethod codeBase="/Users/ericcarlson/repos/pickles/src/Pickles/Pickles.TestFrameworks.UnitTests/bin/Debug/netcoreapp3.1/PicklesDoc.Pickles.TestFrameworks.UnitTests.dll" adapterTypeName="executor://nunit3testexecutor/" className="PicklesDoc.Pickles.TestFrameworks.UnitTests.VsTest.WhenParsingVsTestResultsFileWithMissingTraits" name="ThenCanReadFeatureResultWithoutThrowingException" />
    </UnitTest>
    <UnitTest name="ThenCanReadNotFoundScenarioCorrectly" storage="/users/ericcarlson/repos/pickles/src/pickles/pickles.testframeworks.unittests/bin/debug/netcoreapp3.1/picklesdoc.pickles.testframeworks.unittests.dll" id="b3391feb-285b-6d84-ca18-8c0b0036158b">
      <Execution id="bd01e44d-bee1-41d4-994e-d8b3a3f6e48e" />
      <TestMethod codeBase="/Users/ericcarlson/repos/pickles/src/Pickles/Pickles.TestFrameworks.UnitTests/bin/Debug/netcoreapp3.1/PicklesDoc.Pickles.TestFrameworks.UnitTests.dll" adapterTypeName="executor://nunit3testexecutor/" className="PicklesDoc.Pickles.TestFrameworks.UnitTests.XUnit.XUnit2.WhenParsingxUnit2ResultsFile" name="ThenCanReadNotFoundScenarioCorrectly" />
    </UnitTest>
    <UnitTest name="ThenCanReadIndividualResultsFromScenarioOutline_MultipleExamplesWithDuplicateValues_ShouldMatchExamples" storage="/users/ericcarlson/repos/pickles/src/pickles/pickles.testframeworks.unittests/bin/debug/netcoreapp3.1/picklesdoc.pickles.testframeworks.unittests.dll" id="2a27032e-00ea-3b79-aa12-bae663492183">
      <Execution id="bb654bd9-7d8a-492d-8dfe-d733598f4c8b" />
      <TestMethod codeBase="/Users/ericcarlson/repos/pickles/src/Pickles/Pickles.TestFrameworks.UnitTests/bin/Debug/netcoreapp3.1/PicklesDoc.Pickles.TestFrameworks.UnitTests.dll" adapterTypeName="executor://nunit3testexecutor/" className="PicklesDoc.Pickles.TestFrameworks.UnitTests.XUnit.XUnit1.WhenParsingXUnitResultsFileWithIndividualResults" name="ThenCanReadIndividualResultsFromScenarioOutline_MultipleExamplesWithDuplicateValues_ShouldMatchExamples" />
    </UnitTest>
    <UnitTest name="ThenCanReadNotFoundFeatureCorrectly" storage="/users/ericcarlson/repos/pickles/src/pickles/pickles.testframeworks.unittests/bin/debug/netcoreapp3.1/picklesdoc.pickles.testframeworks.unittests.dll" id="c6f15296-0fc2-f115-2027-fc75b24fa682">
      <Execution id="ddb33a58-5607-48a7-a4f5-ab993d08a343" />
      <TestMethod codeBase="/Users/ericcarlson/repos/pickles/src/Pickles/Pickles.TestFrameworks.UnitTests/bin/Debug/netcoreapp3.1/PicklesDoc.Pickles.TestFrameworks.UnitTests.dll" adapterTypeName="executor://nunit3testexecutor/" className="PicklesDoc.Pickles.TestFrameworks.UnitTests.XUnit.XUnit1.WhenParsingxUnitResultsFile" name="ThenCanReadNotFoundFeatureCorrectly" />
    </UnitTest>
    <UnitTest name="ThenCanReadScenarioOutlineResultSuccessfully" storage="/users/ericcarlson/repos/pickles/src/pickles/pickles.testframeworks.unittests/bin/debug/netcoreapp3.1/picklesdoc.pickles.testframeworks.unittests.dll" id="cc57926d-969f-f4d6-e13e-e69125306611">
      <Execution id="6fc8b00d-b390-4481-b519-e9dc3bfa4d00" />
      <TestMethod codeBase="/Users/ericcarlson/repos/pickles/src/Pickles/Pickles.TestFrameworks.UnitTests/bin/Debug/netcoreapp3.1/PicklesDoc.Pickles.TestFrameworks.UnitTests.dll" adapterTypeName="executor://nunit3testexecutor/" className="PicklesDoc.Pickles.TestFrameworks.UnitTests.SpecRun.WhenParsingSpecRunTestResultsFile" name="ThenCanReadScenarioOutlineResultSuccessfully" />
    </UnitTest>
    <UnitTest name="ThenCanReadResultOfScenarioOutlineWithFailingBackground" storage="/users/ericcarlson/repos/pickles/src/pickles/pickles.testframeworks.unittests/bin/debug/netcoreapp3.1/picklesdoc.pickles.testframeworks.unittests.dll" id="a345261d-59be-f694-1a7a-ca5ce2d2d4c4">
      <Execution id="ef0d8a3f-936e-4c20-b396-e769d1a71931" />
      <TestMethod codeBase="/Users/ericcarlson/repos/pickles/src/Pickles/Pickles.TestFrameworks.UnitTests/bin/Debug/netcoreapp3.1/PicklesDoc.Pickles.TestFrameworks.UnitTests.dll" adapterTypeName="executor://nunit3testexecutor/" className="PicklesDoc.Pickles.TestFrameworks.UnitTests.NUnit.NUnit2.WhenParsingNUnitResultsFile" name="ThenCanReadResultOfScenarioOutlineWithFailingBackground" />
    </UnitTest>
    <UnitTest name="ThenCanReadNotFoundFeatureCorrectly" storage="/users/ericcarlson/repos/pickles/src/pickles/pickles.testframeworks.unittests/bin/debug/netcoreapp3.1/picklesdoc.pickles.testframeworks.unittests.dll" id="4227e0f9-8436-5214-22f2-5b8f8dec94a3">
      <Execution id="9c4649be-5d3d-455f-b6b0-2ea482a1c576" />
      <TestMethod codeBase="/Users/ericcarlson/repos/pickles/src/Pickles/Pickles.TestFrameworks.UnitTests/bin/Debug/netcoreapp3.1/PicklesDoc.Pickles.TestFrameworks.UnitTests.dll" adapterTypeName="executor://nunit3testexecutor/" className="PicklesDoc.Pickles.TestFrameworks.UnitTests.VsTest.WhenParsingVsTestResultsFile" name="ThenCanReadNotFoundFeatureCorrectly" />
    </UnitTest>
    <UnitTest name="ThenCanReadFeatureResultSuccessfully" storage="/users/ericcarlson/repos/pickles/src/pickles/pickles.testframeworks.unittests/bin/debug/netcoreapp3.1/picklesdoc.pickles.testframeworks.unittests.dll" id="8acd974b-58e6-d71d-65a7-9fcbeabcb975">
      <Execution id="5c5c35a7-c06f-42c3-9812-5281a89e70d8" />
      <TestMethod codeBase="/Users/ericcarlson/repos/pickles/src/Pickles/Pickles.TestFrameworks.UnitTests/bin/Debug/netcoreapp3.1/PicklesDoc.Pickles.TestFrameworks.UnitTests.dll" adapterTypeName="executor://nunit3testexecutor/" className="PicklesDoc.Pickles.TestFrameworks.UnitTests.MsTest.WhenParsingMsTestResultsFile" name="ThenCanReadFeatureResultSuccessfully" />
    </UnitTest>
    <UnitTest name="ThenCanSuccessfullyMatchExamplesWithLongValues" storage="/users/ericcarlson/repos/pickles/src/pickles/pickles.testframeworks.unittests/bin/debug/netcoreapp3.1/picklesdoc.pickles.testframeworks.unittests.dll" id="8f98acd7-c84b-a7f7-fb7f-0412075549d6">
      <Execution id="c2b992e8-3df4-4d34-8ffc-2603cf576213" />
      <TestMethod codeBase="/Users/ericcarlson/repos/pickles/src/Pickles/Pickles.TestFrameworks.UnitTests/bin/Debug/netcoreapp3.1/PicklesDoc.Pickles.TestFrameworks.UnitTests.dll" adapterTypeName="executor://nunit3testexecutor/" className="PicklesDoc.Pickles.TestFrameworks.UnitTests.NUnit.NUnit3.WhenDeterminingTheSignatureOfAnNunit3ExampleRow" name="ThenCanSuccessfullyMatchExamplesWithLongValues" />
    </UnitTest>
    <UnitTest name="ThenCanReadExamplesWithRegexValuesFromScenarioOutline_ShouldBeTestResultPassed" storage="/users/ericcarlson/repos/pickles/src/pickles/pickles.testframeworks.unittests/bin/debug/netcoreapp3.1/picklesdoc.pickles.testframeworks.unittests.dll" id="0490562c-80e0-39a9-2279-32a1d1908d6e">
      <Execution id="0a494d50-4157-4d45-a36f-12782b89764c" />
      <TestMethod codeBase="/Users/ericcarlson/repos/pickles/src/Pickles/Pickles.TestFrameworks.UnitTests/bin/Debug/netcoreapp3.1/PicklesDoc.Pickles.TestFrameworks.UnitTests.dll" adapterTypeName="executor://nunit3testexecutor/" className="PicklesDoc.Pickles.TestFrameworks.UnitTests.NUnit.NUnit2.WhenParsingNUnitResultsFileWithIndividualResults" name="ThenCanReadExamplesWithRegexValuesFromScenarioOutline_ShouldBeTestResultPassed" />
    </UnitTest>
    <UnitTest name="ThenCanReadResultOfScenarioOutlineExampleWithFailingBackground" storage="/users/ericcarlson/repos/pickles/src/pickles/pickles.testframeworks.unittests/bin/debug/netcoreapp3.1/picklesdoc.pickles.testframeworks.unittests.dll" id="cadefb20-407b-c6d2-35c6-2e9949364070">
      <Execution id="bc5ca448-c5ec-4421-9bfc-023b07640380" />
      <TestMethod codeBase="/Users/ericcarlson/repos/pickles/src/Pickles/Pickles.TestFrameworks.UnitTests/bin/Debug/netcoreapp3.1/PicklesDoc.Pickles.TestFrameworks.UnitTests.dll" adapterTypeName="executor://nunit3testexecutor/" className="PicklesDoc.Pickles.TestFrameworks.UnitTests.NUnit.NUnit2.WhenParsingNUnitResultsFile" name="ThenCanReadResultOfScenarioOutlineExampleWithFailingBackground" />
    </UnitTest>
    <UnitTest name="ThenCanReadResultOfScenarioOutlineWithUmlauts" storage="/users/ericcarlson/repos/pickles/src/pickles/pickles.testframeworks.unittests/bin/debug/netcoreapp3.1/picklesdoc.pickles.testframeworks.unittests.dll" id="c50cc28e-ba3b-5d96-dbce-01f62e4d3c72">
      <Execution id="d5a137fe-85e0-4fd9-90ef-4ec048832525" />
      <TestMethod codeBase="/Users/ericcarlson/repos/pickles/src/Pickles/Pickles.TestFrameworks.UnitTests/bin/Debug/netcoreapp3.1/PicklesDoc.Pickles.TestFrameworks.UnitTests.dll" adapterTypeName="executor://nunit3testexecutor/" className="PicklesDoc.Pickles.TestFrameworks.UnitTests.XUnit.XUnit1.WhenParsingxUnitResultsFile" name="ThenCanReadResultOfScenarioOutlineWithUmlauts" />
    </UnitTest>
    <UnitTest name="ThenCanReadIndividualResultsFromScenarioOutline_MultipleNamedExamplesWithDuplicateValues_ShouldMatchExamples" storage="/users/ericcarlson/repos/pickles/src/pickles/pickles.testframeworks.unittests/bin/debug/netcoreapp3.1/picklesdoc.pickles.testframeworks.unittests.dll" id="c2c6b748-9b14-6f0a-0f8d-8c173d1905eb">
      <Execution id="92722b0f-81ec-41c4-8dd3-3759b71dddbd" />
      <TestMethod codeBase="/Users/ericcarlson/repos/pickles/src/Pickles/Pickles.TestFrameworks.UnitTests/bin/Debug/netcoreapp3.1/PicklesDoc.Pickles.TestFrameworks.UnitTests.dll" adapterTypeName="executor://nunit3testexecutor/" className="PicklesDoc.Pickles.TestFrameworks.UnitTests.MsTest.WhenParsingMsTestResultsFileWithIndividualResults" name="ThenCanReadIndividualResultsFromScenarioOutline_MultipleNamedExamplesWithDuplicateValues_ShouldMatchExamples" />
    </UnitTest>
    <UnitTest name="ThenCanReadIndividualResultsFromScenarioOutline_MultipleNamedExamplesWithDuplicateValues_ShouldMatchExamples" storage="/users/ericcarlson/repos/pickles/src/pickles/pickles.testframeworks.unittests/bin/debug/netcoreapp3.1/picklesdoc.pickles.testframeworks.unittests.dll" id="11042bfa-6f03-b286-ef0b-94ab219837bb">
      <Execution id="775a8a95-244e-400d-aa71-02723123e1ce" />
      <TestMethod codeBase="/Users/ericcarlson/repos/pickles/src/Pickles/Pickles.TestFrameworks.UnitTests/bin/Debug/netcoreapp3.1/PicklesDoc.Pickles.TestFrameworks.UnitTests.dll" adapterTypeName="executor://nunit3testexecutor/" className="PicklesDoc.Pickles.TestFrameworks.UnitTests.CucumberJson.WhenParsingCucumberJsonFromRubyResultsFileWithIndividualResults" name="ThenCanReadIndividualResultsFromScenarioOutline_MultipleNamedExamplesWithDuplicateValues_ShouldMatchExamples" />
    </UnitTest>
    <UnitTest name="ThenCanReadResultOfScenarioOutlineExampleWithFailingBackground" storage="/users/ericcarlson/repos/pickles/src/pickles/pickles.testframeworks.unittests/bin/debug/netcoreapp3.1/picklesdoc.pickles.testframeworks.unittests.dll" id="3ac61dc8-78ef-0ee4-9390-ba6ea3941593">
      <Execution id="a14f003b-e858-427e-baeb-f92ee4c3a9c9" />
      <TestMethod codeBase="/Users/ericcarlson/repos/pickles/src/Pickles/Pickles.TestFrameworks.UnitTests/bin/Debug/netcoreapp3.1/PicklesDoc.Pickles.TestFrameworks.UnitTests.dll" adapterTypeName="executor://nunit3testexecutor/" className="PicklesDoc.Pickles.TestFrameworks.UnitTests.SpecRun.WhenParsingSpecRunTestResultsFile" name="ThenCanReadResultOfScenarioOutlineExampleWithFailingBackground" />
    </UnitTest>
    <UnitTest name="ThenCanReadFeatureResultWithoutThrowingException" storage="/users/ericcarlson/repos/pickles/src/pickles/pickles.testframeworks.unittests/bin/debug/netcoreapp3.1/picklesdoc.pickles.testframeworks.unittests.dll" id="d38f3350-2c4c-d044-aa67-55d99697e67a">
      <Execution id="59804989-b6c3-4497-81c7-1cc0a490e16c" />
      <TestMethod codeBase="/Users/ericcarlson/repos/pickles/src/Pickles/Pickles.TestFrameworks.UnitTests/bin/Debug/netcoreapp3.1/PicklesDoc.Pickles.TestFrameworks.UnitTests.dll" adapterTypeName="executor://nunit3testexecutor/" className="PicklesDoc.Pickles.TestFrameworks.UnitTests.NUnit.NUnit3.WhenParsingnUnit3ResultsFileWithMissingTraits" name="ThenCanReadFeatureResultWithoutThrowingException" />
    </UnitTest>
    <UnitTest name="ThenCanReadIndividualResultsFromScenarioOutline_OneFailed_ShouldBeTestResultFailed" storage="/users/ericcarlson/repos/pickles/src/pickles/pickles.testframeworks.unittests/bin/debug/netcoreapp3.1/picklesdoc.pickles.testframeworks.unittests.dll" id="9d0329db-f847-cb4f-973e-3879b2c2692c">
      <Execution id="58393bcc-52c8-47ab-a12c-c33cba1fd772" />
      <TestMethod codeBase="/Users/ericcarlson/repos/pickles/src/Pickles/Pickles.TestFrameworks.UnitTests/bin/Debug/netcoreapp3.1/PicklesDoc.Pickles.TestFrameworks.UnitTests.dll" adapterTypeName="executor://nunit3testexecutor/" className="PicklesDoc.Pickles.TestFrameworks.UnitTests.CucumberJson.WhenParsingCucumberJsonFromRubyResultsFileWithIndividualResults" name="ThenCanReadIndividualResultsFromScenarioOutline_OneFailed_ShouldBeTestResultFailed" />
    </UnitTest>
    <UnitTest name="ThenCanResolve(&quot;results-example-nunit.xml&quot;,&quot;NUnit.NUnit2.results-example-nunit.xml&quot;,NUnit,PicklesDoc.Pickles.TestFrameworks.NUnit.NUnit2.NUnit2Results)" storage="/users/ericcarlson/repos/pickles/src/pickles/pickles.testframeworks.unittests/bin/debug/netcoreapp3.1/picklesdoc.pickles.testframeworks.unittests.dll" id="430e1815-dd76-b549-699a-644e400c7601">
      <Execution id="a286e576-90fb-4686-9002-2838c396ce02" />
      <TestMethod codeBase="/Users/ericcarlson/repos/pickles/src/Pickles/Pickles.TestFrameworks.UnitTests/bin/Debug/netcoreapp3.1/PicklesDoc.Pickles.TestFrameworks.UnitTests.dll" adapterTypeName="executor://nunit3testexecutor/" className="PicklesDoc.Pickles.TestFrameworks.UnitTests.WhenResolvingTestResults" name="ThenCanResolve(&quot;results-example-nunit.xml&quot;,&quot;NUnit.NUnit2.results-example-nunit.xml&quot;,NUnit,PicklesDoc.Pickles.TestFrameworks.NUnit.NUnit2.NUnit2Results)" />
    </UnitTest>
    <UnitTest name="ThenCanReadIndividualResultsFromScenarioOutline_MultipleNamedExamples_ShouldMatchExamples" storage="/users/ericcarlson/repos/pickles/src/pickles/pickles.testframeworks.unittests/bin/debug/netcoreapp3.1/picklesdoc.pickles.testframeworks.unittests.dll" id="60839290-1eeb-d8b9-fa35-6da60cd7d64a">
      <Execution id="b740568c-1ab6-4551-a1c9-f4e75659bb61" />
      <TestMethod codeBase="/Users/ericcarlson/repos/pickles/src/Pickles/Pickles.TestFrameworks.UnitTests/bin/Debug/netcoreapp3.1/PicklesDoc.Pickles.TestFrameworks.UnitTests.dll" adapterTypeName="executor://nunit3testexecutor/" className="PicklesDoc.Pickles.TestFrameworks.UnitTests.VsTest.WhenParsingVsTestResultsFileWithIndividualResults" name="ThenCanReadIndividualResultsFromScenarioOutline_MultipleNamedExamples_ShouldMatchExamples" />
    </UnitTest>
    <UnitTest name="ThenCanReadSuccessfulScenarioResultSuccessfully" storage="/users/ericcarlson/repos/pickles/src/pickles/pickles.testframeworks.unittests/bin/debug/netcoreapp3.1/picklesdoc.pickles.testframeworks.unittests.dll" id="9553bcf1-c46a-a9e1-ecea-160af9ebe5b9">
      <Execution id="3eb864cf-5f03-4e98-a097-92b0e9cd8699" />
      <TestMethod codeBase="/Users/ericcarlson/repos/pickles/src/Pickles/Pickles.TestFrameworks.UnitTests/bin/Debug/netcoreapp3.1/PicklesDoc.Pickles.TestFrameworks.UnitTests.dll" adapterTypeName="executor://nunit3testexecutor/" className="PicklesDoc.Pickles.TestFrameworks.UnitTests.CucumberJson.WhenParsingCucumberJsonFromRubyResultsFile" name="ThenCanReadSuccessfulScenarioResultSuccessfully" />
    </UnitTest>
    <UnitTest name="ThenCanReadPassedFeatureResultSuccessfully" storage="/users/ericcarlson/repos/pickles/src/pickles/pickles.testframeworks.unittests/bin/debug/netcoreapp3.1/picklesdoc.pickles.testframeworks.unittests.dll" id="465b8b22-ae43-8771-bab3-c61bdf88be2c">
      <Execution id="f8d65752-8633-4de9-b72e-f2e1b0dc758b" />
      <TestMethod codeBase="/Users/ericcarlson/repos/pickles/src/Pickles/Pickles.TestFrameworks.UnitTests/bin/Debug/netcoreapp3.1/PicklesDoc.Pickles.TestFrameworks.UnitTests.dll" adapterTypeName="executor://nunit3testexecutor/" className="PicklesDoc.Pickles.TestFrameworks.UnitTests.CucumberJson.WhenParsingCucumberJsonFromRubyResultsFile" name="ThenCanReadPassedFeatureResultSuccessfully" />
    </UnitTest>
    <UnitTest name="ThenCanReadIndividualResultsFromScenarioOutline_OneFailed_ShouldBeTestResultFailed" storage="/users/ericcarlson/repos/pickles/src/pickles/pickles.testframeworks.unittests/bin/debug/netcoreapp3.1/picklesdoc.pickles.testframeworks.unittests.dll" id="b60b2e32-2e62-9f1a-0957-c89aa9a236dd">
      <Execution id="2a5c5772-89e1-4f78-a619-6f2676aa1271" />
      <TestMethod codeBase="/Users/ericcarlson/repos/pickles/src/Pickles/Pickles.TestFrameworks.UnitTests/bin/Debug/netcoreapp3.1/PicklesDoc.Pickles.TestFrameworks.UnitTests.dll" adapterTypeName="executor://nunit3testexecutor/" className="PicklesDoc.Pickles.TestFrameworks.UnitTests.SpecRun.WhenParsingSpecRunTestResultsFileWithIndividualResults" name="ThenCanReadIndividualResultsFromScenarioOutline_OneFailed_ShouldBeTestResultFailed" />
    </UnitTest>
    <UnitTest name="GetScenarioOutlineResult_OnePassingOneFailing_ReturnsFailed" storage="/users/ericcarlson/repos/pickles/src/pickles/pickles.testframeworks.unittests/bin/debug/netcoreapp3.1/picklesdoc.pickles.testframeworks.unittests.dll" id="8f694c62-d589-ac54-3491-78ce2e9f9173">
      <Execution id="57a906c6-2de2-4c10-942e-9d8e65cc08a5" />
      <TestMethod codeBase="/Users/ericcarlson/repos/pickles/src/Pickles/Pickles.TestFrameworks.UnitTests/bin/Debug/netcoreapp3.1/PicklesDoc.Pickles.TestFrameworks.UnitTests.dll" adapterTypeName="executor://nunit3testexecutor/" className="PicklesDoc.Pickles.TestFrameworks.UnitTests.SpecRun.WhenParsingMultipleTestResultsTests" name="GetScenarioOutlineResult_OnePassingOneFailing_ReturnsFailed" />
    </UnitTest>
    <UnitTest name="ThenCanReadIndividualResultsFromScenarioOutline_AllPass_ShouldBeTestResultPassed" storage="/users/ericcarlson/repos/pickles/src/pickles/pickles.testframeworks.unittests/bin/debug/netcoreapp3.1/picklesdoc.pickles.testframeworks.unittests.dll" id="ced3616f-3c88-db6e-d1dd-4edc14da40be">
      <Execution id="2b115c06-f17d-44b9-9955-9757a2e5ec10" />
      <TestMethod codeBase="/Users/ericcarlson/repos/pickles/src/Pickles/Pickles.TestFrameworks.UnitTests/bin/Debug/netcoreapp3.1/PicklesDoc.Pickles.TestFrameworks.UnitTests.dll" adapterTypeName="executor://nunit3testexecutor/" className="PicklesDoc.Pickles.TestFrameworks.UnitTests.MsTest.WhenParsingMsTestResultsFileWithIndividualResults" name="ThenCanReadIndividualResultsFromScenarioOutline_AllPass_ShouldBeTestResultPassed" />
    </UnitTest>
    <UnitTest name="ThenCanReadInconclusiveScenarioResultSuccessfully" storage="/users/ericcarlson/repos/pickles/src/pickles/pickles.testframeworks.unittests/bin/debug/netcoreapp3.1/picklesdoc.pickles.testframeworks.unittests.dll" id="631fe5fb-b05e-5e70-7bfe-0a09b32bd7e6">
      <Execution id="9ac4fd58-1669-4bba-8c40-4f463d92314a" />
      <TestMethod codeBase="/Users/ericcarlson/repos/pickles/src/Pickles/Pickles.TestFrameworks.UnitTests/bin/Debug/netcoreapp3.1/PicklesDoc.Pickles.TestFrameworks.UnitTests.dll" adapterTypeName="executor://nunit3testexecutor/" className="PicklesDoc.Pickles.TestFrameworks.UnitTests.NUnit.NUnit2.WhenParsingNUnitResultsFile" name="ThenCanReadInconclusiveScenarioResultSuccessfully" />
    </UnitTest>
    <UnitTest name="ThenCanReadIndividualResultsFromScenarioOutline_MultipleExamplesWithDuplicateValues_ShouldMatchExamples" storage="/users/ericcarlson/repos/pickles/src/pickles/pickles.testframeworks.unittests/bin/debug/netcoreapp3.1/picklesdoc.pickles.testframeworks.unittests.dll" id="6bd493a3-ac41-907d-ed2a-363507596529">
      <Execution id="dd798425-6136-4b0f-aa25-83b295e49475" />
      <TestMethod codeBase="/Users/ericcarlson/repos/pickles/src/Pickles/Pickles.TestFrameworks.UnitTests/bin/Debug/netcoreapp3.1/PicklesDoc.Pickles.TestFrameworks.UnitTests.dll" adapterTypeName="executor://nunit3testexecutor/" className="PicklesDoc.Pickles.TestFrameworks.UnitTests.NUnit.NUnit2.WhenParsingNUnitResultsFileWithIndividualResults" name="ThenCanReadIndividualResultsFromScenarioOutline_MultipleExamplesWithDuplicateValues_ShouldMatchExamples" />
    </UnitTest>
    <UnitTest name="ThenCanReadResultOfScenarioOutlineWithFailingBackground" storage="/users/ericcarlson/repos/pickles/src/pickles/pickles.testframeworks.unittests/bin/debug/netcoreapp3.1/picklesdoc.pickles.testframeworks.unittests.dll" id="65c51164-1841-273f-ce30-d1469bd02f88">
      <Execution id="d943d217-aa6e-4b99-bf73-087591a7669c" />
      <TestMethod codeBase="/Users/ericcarlson/repos/pickles/src/Pickles/Pickles.TestFrameworks.UnitTests/bin/Debug/netcoreapp3.1/PicklesDoc.Pickles.TestFrameworks.UnitTests.dll" adapterTypeName="executor://nunit3testexecutor/" className="PicklesDoc.Pickles.TestFrameworks.UnitTests.SpecRun.WhenParsingSpecRunTestResultsFile" name="ThenCanReadResultOfScenarioOutlineWithFailingBackground" />
    </UnitTest>
    <UnitTest name="ThenCanReadIndividualResultsFromScenarioOutline_ExamplesWithDuplicateValues_ShouldMatchExamples" storage="/users/ericcarlson/repos/pickles/src/pickles/pickles.testframeworks.unittests/bin/debug/netcoreapp3.1/picklesdoc.pickles.testframeworks.unittests.dll" id="95936557-3c3b-a0be-ca02-74d60844464c">
      <Execution id="a565b296-e0c0-40da-8cd2-c2f38dd15c0e" />
      <TestMethod codeBase="/Users/ericcarlson/repos/pickles/src/Pickles/Pickles.TestFrameworks.UnitTests/bin/Debug/netcoreapp3.1/PicklesDoc.Pickles.TestFrameworks.UnitTests.dll" adapterTypeName="executor://nunit3testexecutor/" className="PicklesDoc.Pickles.TestFrameworks.UnitTests.MsTest.WhenParsingMsTestResultsFileWithIndividualResults" name="ThenCanReadIndividualResultsFromScenarioOutline_ExamplesWithDuplicateValues_ShouldMatchExamples" />
    </UnitTest>
    <UnitTest name="ThenCanReadFeatureResultSuccessfully" storage="/users/ericcarlson/repos/pickles/src/pickles/pickles.testframeworks.unittests/bin/debug/netcoreapp3.1/picklesdoc.pickles.testframeworks.unittests.dll" id="606a7735-aef6-0113-4704-36b83853043c">
      <Execution id="8d44c0e0-8ddd-495d-897d-f5111b763ddc" />
      <TestMethod codeBase="/Users/ericcarlson/repos/pickles/src/Pickles/Pickles.TestFrameworks.UnitTests/bin/Debug/netcoreapp3.1/PicklesDoc.Pickles.TestFrameworks.UnitTests.dll" adapterTypeName="executor://nunit3testexecutor/" className="PicklesDoc.Pickles.TestFrameworks.UnitTests.CucumberJson.WhenParsingCucumberJsonFromJSResultsFile" name="ThenCanReadFeatureResultSuccessfully" />
    </UnitTest>
    <UnitTest name="ThenCanReadSuccessfulScenarioResultSuccessfully" storage="/users/ericcarlson/repos/pickles/src/pickles/pickles.testframeworks.unittests/bin/debug/netcoreapp3.1/picklesdoc.pickles.testframeworks.unittests.dll" id="1ba666a9-505f-17c4-4bdf-33a9bb6fc01d">
      <Execution id="554aa730-1621-48a1-879a-a2e5f05d5ade" />
      <TestMethod codeBase="/Users/ericcarlson/repos/pickles/src/Pickles/Pickles.TestFrameworks.UnitTests/bin/Debug/netcoreapp3.1/PicklesDoc.Pickles.TestFrameworks.UnitTests.dll" adapterTypeName="executor://nunit3testexecutor/" className="PicklesDoc.Pickles.TestFrameworks.UnitTests.NUnit.NUnit3.WhenParsingNunit3ResultsFile" name="ThenCanReadSuccessfulScenarioResultSuccessfully" />
    </UnitTest>
    <UnitTest name="ThenCanReadIndividualResultsFromScenarioOutline_MultipleExamplesWithDuplicateValues_ShouldMatchExamples" storage="/users/ericcarlson/repos/pickles/src/pickles/pickles.testframeworks.unittests/bin/debug/netcoreapp3.1/picklesdoc.pickles.testframeworks.unittests.dll" id="ca7c5320-b258-ec0a-0209-15c9a535c03a">
      <Execution id="b4987d7b-2af2-4e15-b182-c1388481f798" />
      <TestMethod codeBase="/Users/ericcarlson/repos/pickles/src/Pickles/Pickles.TestFrameworks.UnitTests/bin/Debug/netcoreapp3.1/PicklesDoc.Pickles.TestFrameworks.UnitTests.dll" adapterTypeName="executor://nunit3testexecutor/" className="PicklesDoc.Pickles.TestFrameworks.UnitTests.CucumberJson.WhenParsingCucumberJsonFromRubyResultsFileWithIndividualResults" name="ThenCanReadIndividualResultsFromScenarioOutline_MultipleExamplesWithDuplicateValues_ShouldMatchExamples" />
    </UnitTest>
    <UnitTest name="ThenCanReadResultOfScenarioWithFailingBackground" storage="/users/ericcarlson/repos/pickles/src/pickles/pickles.testframeworks.unittests/bin/debug/netcoreapp3.1/picklesdoc.pickles.testframeworks.unittests.dll" id="e4275a9b-8bad-38b9-332e-74176d2eb25f">
      <Execution id="fbb19f8f-3c20-43cf-b491-667ff3fabcda" />
      <TestMethod codeBase="/Users/ericcarlson/repos/pickles/src/Pickles/Pickles.TestFrameworks.UnitTests/bin/Debug/netcoreapp3.1/PicklesDoc.Pickles.TestFrameworks.UnitTests.dll" adapterTypeName="executor://nunit3testexecutor/" className="PicklesDoc.Pickles.TestFrameworks.UnitTests.NUnit.NUnit2.WhenParsingNUnitResultsFile" name="ThenCanReadResultOfScenarioWithFailingBackground" />
    </UnitTest>
    <UnitTest name="ThenDontThrowIfTheOutlineWasIgnored" storage="/users/ericcarlson/repos/pickles/src/pickles/pickles.testframeworks.unittests/bin/debug/netcoreapp3.1/picklesdoc.pickles.testframeworks.unittests.dll" id="b65bf01a-1b91-6b6e-4a80-ca1071e8595d">
      <Execution id="6a2cadb0-dc67-4991-ba55-ba79724e16b8" />
      <TestMethod codeBase="/Users/ericcarlson/repos/pickles/src/Pickles/Pickles.TestFrameworks.UnitTests/bin/Debug/netcoreapp3.1/PicklesDoc.Pickles.TestFrameworks.UnitTests.dll" adapterTypeName="executor://nunit3testexecutor/" className="PicklesDoc.Pickles.TestFrameworks.UnitTests.XUnit.XUnit2.WhenMatchingAnXunit2ScenarioOutlineExample" name="ThenDontThrowIfTheOutlineWasIgnored" />
    </UnitTest>
    <UnitTest name="ThenCanReadResultOfScenarioWithDanishCharacters" storage="/users/ericcarlson/repos/pickles/src/pickles/pickles.testframeworks.unittests/bin/debug/netcoreapp3.1/picklesdoc.pickles.testframeworks.unittests.dll" id="a0f0b9fe-c760-fce9-98fe-b72d6b75fdd4">
      <Execution id="bfb55b92-bf69-477b-80fd-4fa4c22e637c" />
      <TestMethod codeBase="/Users/ericcarlson/repos/pickles/src/Pickles/Pickles.TestFrameworks.UnitTests/bin/Debug/netcoreapp3.1/PicklesDoc.Pickles.TestFrameworks.UnitTests.dll" adapterTypeName="executor://nunit3testexecutor/" className="PicklesDoc.Pickles.TestFrameworks.UnitTests.NUnit.NUnit3.WhenParsingNunit3ResultsFile" name="ThenCanReadResultOfScenarioWithDanishCharacters" />
    </UnitTest>
    <UnitTest name="RegularExpressionAsExampleContentMatches_With_Asterisk" storage="/users/ericcarlson/repos/pickles/src/pickles/pickles.testframeworks.unittests/bin/debug/netcoreapp3.1/picklesdoc.pickles.testframeworks.unittests.dll" id="95a5821f-1395-86bd-c7b5-2db60e40402a">
      <Execution id="2f445c3d-3c9c-4afb-b175-866ba0575ff1" />
      <TestMethod codeBase="/Users/ericcarlson/repos/pickles/src/Pickles/Pickles.TestFrameworks.UnitTests/bin/Debug/netcoreapp3.1/PicklesDoc.Pickles.TestFrameworks.UnitTests.dll" adapterTypeName="executor://nunit3testexecutor/" className="PicklesDoc.Pickles.TestFrameworks.UnitTests.XUnit.XUnit2.WhenDeterminingTheSignatureOfAnXUnit2ExampleRow" name="RegularExpressionAsExampleContentMatches_With_Asterisk" />
    </UnitTest>
    <UnitTest name="ThenCanReadResultOfScenarioWithSpanishCharacters" storage="/users/ericcarlson/repos/pickles/src/pickles/pickles.testframeworks.unittests/bin/debug/netcoreapp3.1/picklesdoc.pickles.testframeworks.unittests.dll" id="bfcb74b4-5613-466e-636e-46588ff6d874">
      <Execution id="634fb397-f27d-4af4-b7e3-fd6df3ba1352" />
      <TestMethod codeBase="/Users/ericcarlson/repos/pickles/src/Pickles/Pickles.TestFrameworks.UnitTests/bin/Debug/netcoreapp3.1/PicklesDoc.Pickles.TestFrameworks.UnitTests.dll" adapterTypeName="executor://nunit3testexecutor/" className="PicklesDoc.Pickles.TestFrameworks.UnitTests.NUnit.NUnit2.WhenParsingNUnitResultsFile" name="ThenCanReadResultOfScenarioWithSpanishCharacters" />
    </UnitTest>
    <UnitTest name="ThenCanReadResultOfScenarioWithSpanishCharacters" storage="/users/ericcarlson/repos/pickles/src/pickles/pickles.testframeworks.unittests/bin/debug/netcoreapp3.1/picklesdoc.pickles.testframeworks.unittests.dll" id="ad017908-8d1a-0341-56bc-07e221b7fa03">
      <Execution id="b545b833-ef95-4da6-b765-fd0f80700820" />
      <TestMethod codeBase="/Users/ericcarlson/repos/pickles/src/Pickles/Pickles.TestFrameworks.UnitTests/bin/Debug/netcoreapp3.1/PicklesDoc.Pickles.TestFrameworks.UnitTests.dll" adapterTypeName="executor://nunit3testexecutor/" className="PicklesDoc.Pickles.TestFrameworks.UnitTests.CucumberJson.WhenParsingCucumberJsonFromJSResultsFile" name="ThenCanReadResultOfScenarioWithSpanishCharacters" />
    </UnitTest>
    <UnitTest name="ThenCanReadBackgroundResultSuccessfully" storage="/users/ericcarlson/repos/pickles/src/pickles/pickles.testframeworks.unittests/bin/debug/netcoreapp3.1/picklesdoc.pickles.testframeworks.unittests.dll" id="fe0fe535-97ea-db97-278f-86c835cfa276">
      <Execution id="7d44b4e6-7c3b-4a5a-a01d-039c049d3298" />
      <TestMethod codeBase="/Users/ericcarlson/repos/pickles/src/Pickles/Pickles.TestFrameworks.UnitTests/bin/Debug/netcoreapp3.1/PicklesDoc.Pickles.TestFrameworks.UnitTests.dll" adapterTypeName="executor://nunit3testexecutor/" className="PicklesDoc.Pickles.TestFrameworks.UnitTests.SpecRun.WhenParsingSpecRunTestResultsFile" name="ThenCanReadBackgroundResultSuccessfully" />
    </UnitTest>
    <UnitTest name="ThenCanReadResultOfScenarioWithDanishCharacters" storage="/users/ericcarlson/repos/pickles/src/pickles/pickles.testframeworks.unittests/bin/debug/netcoreapp3.1/picklesdoc.pickles.testframeworks.unittests.dll" id="fcdc4ad3-b05f-80e2-df7c-dfcaf995ac74">
      <Execution id="6c1a3162-281d-410f-b44a-da9c2fa8b9ec" />
      <TestMethod codeBase="/Users/ericcarlson/repos/pickles/src/Pickles/Pickles.TestFrameworks.UnitTests/bin/Debug/netcoreapp3.1/PicklesDoc.Pickles.TestFrameworks.UnitTests.dll" adapterTypeName="executor://nunit3testexecutor/" className="PicklesDoc.Pickles.TestFrameworks.UnitTests.CucumberJson.WhenParsingCucumberJsonFromJSResultsFile" name="ThenCanReadResultOfScenarioWithDanishCharacters" />
    </UnitTest>
    <UnitTest name="ThenCanReadIndividualResultsFromScenarioOutline_MultipleNamedExamplesWithDuplicateValues_ShouldMatchExamples" storage="/users/ericcarlson/repos/pickles/src/pickles/pickles.testframeworks.unittests/bin/debug/netcoreapp3.1/picklesdoc.pickles.testframeworks.unittests.dll" id="f6472f07-5ce8-7db5-6dd2-9068452de237">
      <Execution id="54f4373e-2ecb-439a-8286-2b91f06b5f97" />
      <TestMethod codeBase="/Users/ericcarlson/repos/pickles/src/Pickles/Pickles.TestFrameworks.UnitTests/bin/Debug/netcoreapp3.1/PicklesDoc.Pickles.TestFrameworks.UnitTests.dll" adapterTypeName="executor://nunit3testexecutor/" className="PicklesDoc.Pickles.TestFrameworks.UnitTests.VsTest.WhenParsingVsTestResultsFileWithIndividualResults" name="ThenCanReadIndividualResultsFromScenarioOutline_MultipleNamedExamplesWithDuplicateValues_ShouldMatchExamples" />
    </UnitTest>
    <UnitTest name="ThenCanReadResultOfScenarioOutlineExampleWithFailingBackground" storage="/users/ericcarlson/repos/pickles/src/pickles/pickles.testframeworks.unittests/bin/debug/netcoreapp3.1/picklesdoc.pickles.testframeworks.unittests.dll" id="76e6779b-a81e-af08-fa5a-6175a7306b7c">
      <Execution id="92f5f7be-82a7-412e-870e-78874d319bb0" />
      <TestMethod codeBase="/Users/ericcarlson/repos/pickles/src/Pickles/Pickles.TestFrameworks.UnitTests/bin/Debug/netcoreapp3.1/PicklesDoc.Pickles.TestFrameworks.UnitTests.dll" adapterTypeName="executor://nunit3testexecutor/" className="PicklesDoc.Pickles.TestFrameworks.UnitTests.NUnit.NUnit3.WhenParsingNunit3ResultsFile" name="ThenCanReadResultOfScenarioOutlineExampleWithFailingBackground" />
    </UnitTest>
    <UnitTest name="ThenCanReadFeatureResultWithoutThrowingException" storage="/users/ericcarlson/repos/pickles/src/pickles/pickles.testframeworks.unittests/bin/debug/netcoreapp3.1/picklesdoc.pickles.testframeworks.unittests.dll" id="91607d23-bc6b-f681-4a48-14272be4cab9">
      <Execution id="d9d02e62-799b-4531-a362-b609a41c3dff" />
      <TestMethod codeBase="/Users/ericcarlson/repos/pickles/src/Pickles/Pickles.TestFrameworks.UnitTests/bin/Debug/netcoreapp3.1/PicklesDoc.Pickles.TestFrameworks.UnitTests.dll" adapterTypeName="executor://nunit3testexecutor/" className="PicklesDoc.Pickles.TestFrameworks.UnitTests.MsTest.WhenParsingMsTestResultsFileWithMissingTraits" name="ThenCanReadFeatureResultWithoutThrowingException" />
    </UnitTest>
    <UnitTest name="ThenCanReadScenarioOutlineResultSuccessfully" storage="/users/ericcarlson/repos/pickles/src/pickles/pickles.testframeworks.unittests/bin/debug/netcoreapp3.1/picklesdoc.pickles.testframeworks.unittests.dll" id="996b6d38-8904-1e30-ea22-94e60915db8c">
      <Execution id="1fb6378b-7b66-4274-b221-4392711f583b" />
      <TestMethod codeBase="/Users/ericcarlson/repos/pickles/src/Pickles/Pickles.TestFrameworks.UnitTests/bin/Debug/netcoreapp3.1/PicklesDoc.Pickles.TestFrameworks.UnitTests.dll" adapterTypeName="executor://nunit3testexecutor/" className="PicklesDoc.Pickles.TestFrameworks.UnitTests.NUnit.NUnit2.WhenParsingNUnitResultsFile" name="ThenCanReadScenarioOutlineResultSuccessfully" />
    </UnitTest>
    <UnitTest name="ThenCanReadPassedFeatureResultSuccessfully" storage="/users/ericcarlson/repos/pickles/src/pickles/pickles.testframeworks.unittests/bin/debug/netcoreapp3.1/picklesdoc.pickles.testframeworks.unittests.dll" id="79eb825b-0ac9-6c28-1949-0ddaebf10cfc">
      <Execution id="0c806318-3567-4ef9-b79b-f60dc1721366" />
      <TestMethod codeBase="/Users/ericcarlson/repos/pickles/src/Pickles/Pickles.TestFrameworks.UnitTests/bin/Debug/netcoreapp3.1/PicklesDoc.Pickles.TestFrameworks.UnitTests.dll" adapterTypeName="executor://nunit3testexecutor/" className="PicklesDoc.Pickles.TestFrameworks.UnitTests.CucumberJson.WhenParsingCucumberJsonFromJSResultsFile" name="ThenCanReadPassedFeatureResultSuccessfully" />
    </UnitTest>
    <UnitTest name="ThenCanReadResultOfScenarioOutlineWithUmlauts" storage="/users/ericcarlson/repos/pickles/src/pickles/pickles.testframeworks.unittests/bin/debug/netcoreapp3.1/picklesdoc.pickles.testframeworks.unittests.dll" id="9347f5be-5008-ff2d-ab85-8c6415e57b12">
      <Execution id="c0c5c644-fc14-4d93-ac16-7d28ea23254d" />
      <TestMethod codeBase="/Users/ericcarlson/repos/pickles/src/Pickles/Pickles.TestFrameworks.UnitTests/bin/Debug/netcoreapp3.1/PicklesDoc.Pickles.TestFrameworks.UnitTests.dll" adapterTypeName="executor://nunit3testexecutor/" className="PicklesDoc.Pickles.TestFrameworks.UnitTests.SpecRun.WhenParsingSpecRunTestResultsFile" name="ThenCanReadResultOfScenarioOutlineWithUmlauts" />
    </UnitTest>
    <UnitTest name="ThenCanReadResultOfFeatureWithFailingBackground" storage="/users/ericcarlson/repos/pickles/src/pickles/pickles.testframeworks.unittests/bin/debug/netcoreapp3.1/picklesdoc.pickles.testframeworks.unittests.dll" id="ed1f5b6f-32d8-84ac-275a-18cb835c861f">
      <Execution id="7fd7a534-d348-42bd-9dd3-26bded3b5aa1" />
      <TestMethod codeBase="/Users/ericcarlson/repos/pickles/src/Pickles/Pickles.TestFrameworks.UnitTests/bin/Debug/netcoreapp3.1/PicklesDoc.Pickles.TestFrameworks.UnitTests.dll" adapterTypeName="executor://nunit3testexecutor/" className="PicklesDoc.Pickles.TestFrameworks.UnitTests.MsTest.WhenParsingMsTestResultsFile" name="ThenCanReadResultOfFeatureWithFailingBackground" />
    </UnitTest>
    <UnitTest name="ThenCanReadIgnoredScenarioResultSuccessfully" storage="/users/ericcarlson/repos/pickles/src/pickles/pickles.testframeworks.unittests/bin/debug/netcoreapp3.1/picklesdoc.pickles.testframeworks.unittests.dll" id="8859dd67-9eea-687f-ff9c-c8608298b7a0">
      <Execution id="d911c058-a096-41e6-a503-d8759b8cd373" />
      <TestMethod codeBase="/Users/ericcarlson/repos/pickles/src/Pickles/Pickles.TestFrameworks.UnitTests/bin/Debug/netcoreapp3.1/PicklesDoc.Pickles.TestFrameworks.UnitTests.dll" adapterTypeName="executor://nunit3testexecutor/" className="PicklesDoc.Pickles.TestFrameworks.UnitTests.NUnit.NUnit2.WhenParsingNUnitResultsFile" name="ThenCanReadIgnoredScenarioResultSuccessfully" />
    </UnitTest>
    <UnitTest name="ThenCanSuccessfullyMatchSpecialCharacters" storage="/users/ericcarlson/repos/pickles/src/pickles/pickles.testframeworks.unittests/bin/debug/netcoreapp3.1/picklesdoc.pickles.testframeworks.unittests.dll" id="ded252ea-8f84-3526-fab0-59d3517f77f7">
      <Execution id="118e5b01-044d-4e65-9105-7981d4c7535d" />
      <TestMethod codeBase="/Users/ericcarlson/repos/pickles/src/Pickles/Pickles.TestFrameworks.UnitTests/bin/Debug/netcoreapp3.1/PicklesDoc.Pickles.TestFrameworks.UnitTests.dll" adapterTypeName="executor://nunit3testexecutor/" className="PicklesDoc.Pickles.TestFrameworks.UnitTests.NUnit.NUnit3.WhenDeterminingTheSignatureOfAnNunit3ExampleRow" name="ThenCanSuccessfullyMatchSpecialCharacters" />
    </UnitTest>
    <UnitTest name="ThenCanReadExamplesWithRegexValuesFromScenarioOutline_ShouldBeTestResultPassed" storage="/users/ericcarlson/repos/pickles/src/pickles/pickles.testframeworks.unittests/bin/debug/netcoreapp3.1/picklesdoc.pickles.testframeworks.unittests.dll" id="787e4f4b-a6f8-e61e-60f5-7ef57c15df22">
      <Execution id="153412a9-9cf7-4229-ab35-66b6437b4d1b" />
      <TestMethod codeBase="/Users/ericcarlson/repos/pickles/src/Pickles/Pickles.TestFrameworks.UnitTests/bin/Debug/netcoreapp3.1/PicklesDoc.Pickles.TestFrameworks.UnitTests.dll" adapterTypeName="executor://nunit3testexecutor/" className="PicklesDoc.Pickles.TestFrameworks.UnitTests.CucumberJson.WhenParsingCucumberJsonFromJSResultsFileWithIndividualResults" name="ThenCanReadExamplesWithRegexValuesFromScenarioOutline_ShouldBeTestResultPassed" />
    </UnitTest>
    <UnitTest name="ThenCanReadIndividualResultsFromScenarioOutline_OneInconclusive_ShouldBeTestResultInconclusive" storage="/users/ericcarlson/repos/pickles/src/pickles/pickles.testframeworks.unittests/bin/debug/netcoreapp3.1/picklesdoc.pickles.testframeworks.unittests.dll" id="11a87397-1757-077d-c7e6-d2ba1dcbdd5b">
      <Execution id="8eaccdda-2be3-4bf6-a3df-b6e6332fb5f2" />
      <TestMethod codeBase="/Users/ericcarlson/repos/pickles/src/Pickles/Pickles.TestFrameworks.UnitTests/bin/Debug/netcoreapp3.1/PicklesDoc.Pickles.TestFrameworks.UnitTests.dll" adapterTypeName="executor://nunit3testexecutor/" className="PicklesDoc.Pickles.TestFrameworks.UnitTests.CucumberJson.WhenParsingCucumberJsonFromJSResultsFileWithIndividualResults" name="ThenCanReadIndividualResultsFromScenarioOutline_OneInconclusive_ShouldBeTestResultInconclusive" />
    </UnitTest>
    <UnitTest name="ThenCanReadExamplesWithRegexValuesFromScenarioOutline_ShouldBeTestResultPassed" storage="/users/ericcarlson/repos/pickles/src/pickles/pickles.testframeworks.unittests/bin/debug/netcoreapp3.1/picklesdoc.pickles.testframeworks.unittests.dll" id="d39a468f-9980-5d97-4555-244415136c85">
      <Execution id="de84d0ff-0c66-4bd9-a457-39e1b143014b" />
      <TestMethod codeBase="/Users/ericcarlson/repos/pickles/src/Pickles/Pickles.TestFrameworks.UnitTests/bin/Debug/netcoreapp3.1/PicklesDoc.Pickles.TestFrameworks.UnitTests.dll" adapterTypeName="executor://nunit3testexecutor/" className="PicklesDoc.Pickles.TestFrameworks.UnitTests.CucumberJson.WhenParsingCucumberJsonFromRubyResultsFileWithIndividualResults" name="ThenCanReadExamplesWithRegexValuesFromScenarioOutline_ShouldBeTestResultPassed" />
    </UnitTest>
    <UnitTest name="ThenCanReadResultOfScenarioWithDanishCharacters" storage="/users/ericcarlson/repos/pickles/src/pickles/pickles.testframeworks.unittests/bin/debug/netcoreapp3.1/picklesdoc.pickles.testframeworks.unittests.dll" id="ad26ac72-d472-3446-b429-a39e27a79b16">
      <Execution id="32c88eda-286a-4e00-81e2-2bd9d837111c" />
      <TestMethod codeBase="/Users/ericcarlson/repos/pickles/src/Pickles/Pickles.TestFrameworks.UnitTests/bin/Debug/netcoreapp3.1/PicklesDoc.Pickles.TestFrameworks.UnitTests.dll" adapterTypeName="executor://nunit3testexecutor/" className="PicklesDoc.Pickles.TestFrameworks.UnitTests.NUnit.NUnit3.WhenParsingNunit3ResultsFileForNunit2Tests" name="ThenCanReadResultOfScenarioWithDanishCharacters" />
    </UnitTest>
    <UnitTest name="ThenCanReadBackgroundResultSuccessfully" storage="/users/ericcarlson/repos/pickles/src/pickles/pickles.testframeworks.unittests/bin/debug/netcoreapp3.1/picklesdoc.pickles.testframeworks.unittests.dll" id="6c46f24c-c8b8-c4b7-29db-f35f6312df35">
      <Execution id="9f877804-6c05-4b75-a106-a4639fc0bfb5" />
      <TestMethod codeBase="/Users/ericcarlson/repos/pickles/src/Pickles/Pickles.TestFrameworks.UnitTests/bin/Debug/netcoreapp3.1/PicklesDoc.Pickles.TestFrameworks.UnitTests.dll" adapterTypeName="executor://nunit3testexecutor/" className="PicklesDoc.Pickles.TestFrameworks.UnitTests.MsTest.WhenParsingMsTestResultsFile" name="ThenCanReadBackgroundResultSuccessfully" />
    </UnitTest>
    <UnitTest name="ThenCanReadIgnoredScenarioResultSuccessfully" storage="/users/ericcarlson/repos/pickles/src/pickles/pickles.testframeworks.unittests/bin/debug/netcoreapp3.1/picklesdoc.pickles.testframeworks.unittests.dll" id="789c4d26-9e90-9921-3680-81bb7e50813e">
      <Execution id="2018dc78-f0a5-4442-a827-c6199d14778c" />
      <TestMethod codeBase="/Users/ericcarlson/repos/pickles/src/Pickles/Pickles.TestFrameworks.UnitTests/bin/Debug/netcoreapp3.1/PicklesDoc.Pickles.TestFrameworks.UnitTests.dll" adapterTypeName="executor://nunit3testexecutor/" className="PicklesDoc.Pickles.TestFrameworks.UnitTests.SpecRun.WhenParsingSpecRunTestResultsFile" name="ThenCanReadIgnoredScenarioResultSuccessfully" />
    </UnitTest>
    <UnitTest name="ThenCanReadIndividualResultsFromScenarioOutline_OneInconclusive_ShouldBeTestResultInconclusive" storage="/users/ericcarlson/repos/pickles/src/pickles/pickles.testframeworks.unittests/bin/debug/netcoreapp3.1/picklesdoc.pickles.testframeworks.unittests.dll" id="256a8d96-ed89-157f-5f7b-6e821bc88fbc">
      <Execution id="8cd6a1fa-5419-4d2e-8a33-f1278a4c775b" />
      <TestMethod codeBase="/Users/ericcarlson/repos/pickles/src/Pickles/Pickles.TestFrameworks.UnitTests/bin/Debug/netcoreapp3.1/PicklesDoc.Pickles.TestFrameworks.UnitTests.dll" adapterTypeName="executor://nunit3testexecutor/" className="PicklesDoc.Pickles.TestFrameworks.UnitTests.MsTest.WhenParsingMsTestResultsFileWithIndividualResults" name="ThenCanReadIndividualResultsFromScenarioOutline_OneInconclusive_ShouldBeTestResultInconclusive" />
    </UnitTest>
    <UnitTest name="ThenCanReadResultOfScenarioOutlineWithSpecialCharacters" storage="/users/ericcarlson/repos/pickles/src/pickles/pickles.testframeworks.unittests/bin/debug/netcoreapp3.1/picklesdoc.pickles.testframeworks.unittests.dll" id="26745cdf-54c9-6722-4605-f8b66ff30e43">
      <Execution id="689ab4b0-43b3-4997-80ad-a3a7608fc10a" />
      <TestMethod codeBase="/Users/ericcarlson/repos/pickles/src/Pickles/Pickles.TestFrameworks.UnitTests/bin/Debug/netcoreapp3.1/PicklesDoc.Pickles.TestFrameworks.UnitTests.dll" adapterTypeName="executor://nunit3testexecutor/" className="PicklesDoc.Pickles.TestFrameworks.UnitTests.NUnit.NUnit3.WhenParsingNunit3ResultsFile" name="ThenCanReadResultOfScenarioOutlineWithSpecialCharacters" />
    </UnitTest>
    <UnitTest name="ThenCanReadNotFoundFeatureCorrectly" storage="/users/ericcarlson/repos/pickles/src/pickles/pickles.testframeworks.unittests/bin/debug/netcoreapp3.1/picklesdoc.pickles.testframeworks.unittests.dll" id="6f030a63-1915-c5bb-effc-e00334ecdc58">
      <Execution id="7b5609aa-20fb-4334-8a99-7424e250a800" />
      <TestMethod codeBase="/Users/ericcarlson/repos/pickles/src/Pickles/Pickles.TestFrameworks.UnitTests/bin/Debug/netcoreapp3.1/PicklesDoc.Pickles.TestFrameworks.UnitTests.dll" adapterTypeName="executor://nunit3testexecutor/" className="PicklesDoc.Pickles.TestFrameworks.UnitTests.CucumberJson.WhenParsingCucumberJsonFromJSResultsFile" name="ThenCanReadNotFoundFeatureCorrectly" />
    </UnitTest>
    <UnitTest name="ThenCanReadIndividualResultsFromScenarioOutline_ContainingDollarSigns_ShouldBeTestResultSuccess" storage="/users/ericcarlson/repos/pickles/src/pickles/pickles.testframeworks.unittests/bin/debug/netcoreapp3.1/picklesdoc.pickles.testframeworks.unittests.dll" id="65a73572-199f-331d-bb7a-e00446e83c06">
      <Execution id="d9273ef8-1743-43fa-8cad-44ecc0bb29a7" />
      <TestMethod codeBase="/Users/ericcarlson/repos/pickles/src/Pickles/Pickles.TestFrameworks.UnitTests/bin/Debug/netcoreapp3.1/PicklesDoc.Pickles.TestFrameworks.UnitTests.dll" adapterTypeName="executor://nunit3testexecutor/" className="PicklesDoc.Pickles.TestFrameworks.UnitTests.NUnit.NUnit2.WhenParsingProblematicScenarioOutlineResults" name="ThenCanReadIndividualResultsFromScenarioOutline_ContainingDollarSigns_ShouldBeTestResultSuccess" />
    </UnitTest>
    <UnitTest name="ThenCanReadFailedScenarioResultSuccessfully" storage="/users/ericcarlson/repos/pickles/src/pickles/pickles.testframeworks.unittests/bin/debug/netcoreapp3.1/picklesdoc.pickles.testframeworks.unittests.dll" id="5dcd44f1-cbb8-8d6b-534f-9d513b76d8e6">
      <Execution id="8181a888-0c21-4dbd-9034-43a877b0ab72" />
      <TestMethod codeBase="/Users/ericcarlson/repos/pickles/src/Pickles/Pickles.TestFrameworks.UnitTests/bin/Debug/netcoreapp3.1/PicklesDoc.Pickles.TestFrameworks.UnitTests.dll" adapterTypeName="executor://nunit3testexecutor/" className="PicklesDoc.Pickles.TestFrameworks.UnitTests.NUnit.NUnit2.WhenParsingNUnitResultsFile" name="ThenCanReadFailedScenarioResultSuccessfully" />
    </UnitTest>
    <UnitTest name="ThenCanReadPassedScenarioResultSuccessfully" storage="/users/ericcarlson/repos/pickles/src/pickles/pickles.testframeworks.unittests/bin/debug/netcoreapp3.1/picklesdoc.pickles.testframeworks.unittests.dll" id="249eb19e-fedc-463a-7645-04bc4a4b0dd3">
      <Execution id="30401027-9d78-48f3-b90f-40c236d584c1" />
      <TestMethod codeBase="/Users/ericcarlson/repos/pickles/src/Pickles/Pickles.TestFrameworks.UnitTests/bin/Debug/netcoreapp3.1/PicklesDoc.Pickles.TestFrameworks.UnitTests.dll" adapterTypeName="executor://nunit3testexecutor/" className="PicklesDoc.Pickles.TestFrameworks.UnitTests.MsTest.WhenParsingMultipleMsTestTestResultsFiles" name="ThenCanReadPassedScenarioResultSuccessfully" />
    </UnitTest>
    <UnitTest name="ThenCanResolve(&quot;results-example-xunit2.xml&quot;,&quot;XUnit.XUnit2.results-example-xunit2.xml&quot;,xUnit2,PicklesDoc.Pickles.TestFrameworks.XUnit.XUnit2.XUnit2Results)" storage="/users/ericcarlson/repos/pickles/src/pickles/pickles.testframeworks.unittests/bin/debug/netcoreapp3.1/picklesdoc.pickles.testframeworks.unittests.dll" id="32e9b154-88f8-7f55-059c-e846ef3efc38">
      <Execution id="b9090e10-2470-4970-a637-e19f1ee1c6b1" />
      <TestMethod codeBase="/Users/ericcarlson/repos/pickles/src/Pickles/Pickles.TestFrameworks.UnitTests/bin/Debug/netcoreapp3.1/PicklesDoc.Pickles.TestFrameworks.UnitTests.dll" adapterTypeName="executor://nunit3testexecutor/" className="PicklesDoc.Pickles.TestFrameworks.UnitTests.WhenResolvingTestResults" name="ThenCanResolve(&quot;results-example-xunit2.xml&quot;,&quot;XUnit.XUnit2.results-example-xunit2.xml&quot;,xUnit2,PicklesDoc.Pickles.TestFrameworks.XUnit.XUnit2.XUnit2Results)" />
    </UnitTest>
    <UnitTest name="ThenCanReadIndividualResultsFromScenarioOutline_AllPass_ShouldBeTestResultPassed" storage="/users/ericcarlson/repos/pickles/src/pickles/pickles.testframeworks.unittests/bin/debug/netcoreapp3.1/picklesdoc.pickles.testframeworks.unittests.dll" id="a082270a-fadb-de54-1aa3-b3ff6bca16d1">
      <Execution id="6a49fa59-34e4-4549-b47a-e36fce7b2dd9" />
      <TestMethod codeBase="/Users/ericcarlson/repos/pickles/src/Pickles/Pickles.TestFrameworks.UnitTests/bin/Debug/netcoreapp3.1/PicklesDoc.Pickles.TestFrameworks.UnitTests.dll" adapterTypeName="executor://nunit3testexecutor/" className="PicklesDoc.Pickles.TestFrameworks.UnitTests.CucumberJson.WhenParsingCucumberJsonFromRubyResultsFileWithIndividualResults" name="ThenCanReadIndividualResultsFromScenarioOutline_AllPass_ShouldBeTestResultPassed" />
    </UnitTest>
    <UnitTest name="ThenCanReadResultOfFeatureWithFailingBackground" storage="/users/ericcarlson/repos/pickles/src/pickles/pickles.testframeworks.unittests/bin/debug/netcoreapp3.1/picklesdoc.pickles.testframeworks.unittests.dll" id="8fd04541-1f43-6b67-271f-30979468cdcb">
      <Execution id="ce724b57-3762-4359-82c3-0d47f7f775b6" />
      <TestMethod codeBase="/Users/ericcarlson/repos/pickles/src/Pickles/Pickles.TestFrameworks.UnitTests/bin/Debug/netcoreapp3.1/PicklesDoc.Pickles.TestFrameworks.UnitTests.dll" adapterTypeName="executor://nunit3testexecutor/" className="PicklesDoc.Pickles.TestFrameworks.UnitTests.XUnit.XUnit2.WhenParsingxUnit2ResultsFile" name="ThenCanReadResultOfFeatureWithFailingBackground" />
    </UnitTest>
    <UnitTest name="ThenCanReadIndividualResultsFromScenarioOutline_MultipleExamplesWithDuplicateValues_ShouldMatchExamples" storage="/users/ericcarlson/repos/pickles/src/pickles/pickles.testframeworks.unittests/bin/debug/netcoreapp3.1/picklesdoc.pickles.testframeworks.unittests.dll" id="5178c6a1-917a-63ef-4a44-3f3fa3a4a76b">
      <Execution id="cab02892-9c1a-4b01-b85e-c878a3e49257" />
      <TestMethod codeBase="/Users/ericcarlson/repos/pickles/src/Pickles/Pickles.TestFrameworks.UnitTests/bin/Debug/netcoreapp3.1/PicklesDoc.Pickles.TestFrameworks.UnitTests.dll" adapterTypeName="executor://nunit3testexecutor/" className="PicklesDoc.Pickles.TestFrameworks.UnitTests.MsTest.WhenParsingMsTestResultsFileWithIndividualResults" name="ThenCanReadIndividualResultsFromScenarioOutline_MultipleExamplesWithDuplicateValues_ShouldMatchExamples" />
    </UnitTest>
    <UnitTest name="ThenCanReadResultOfScenarioOutlineExampleWithFailingBackground" storage="/users/ericcarlson/repos/pickles/src/pickles/pickles.testframeworks.unittests/bin/debug/netcoreapp3.1/picklesdoc.pickles.testframeworks.unittests.dll" id="b6b4e5c5-badb-9c66-8425-431f3f703e83">
      <Execution id="378bea32-b0ef-4ae2-b031-bbbf3283e8de" />
      <TestMethod codeBase="/Users/ericcarlson/repos/pickles/src/Pickles/Pickles.TestFrameworks.UnitTests/bin/Debug/netcoreapp3.1/PicklesDoc.Pickles.TestFrameworks.UnitTests.dll" adapterTypeName="executor://nunit3testexecutor/" className="PicklesDoc.Pickles.TestFrameworks.UnitTests.CucumberJson.WhenParsingCucumberJsonFromRubyResultsFile" name="ThenCanReadResultOfScenarioOutlineExampleWithFailingBackground" />
    </UnitTest>
    <UnitTest name="ThenCanReadResultsWithParenthesis" storage="/users/ericcarlson/repos/pickles/src/pickles/pickles.testframeworks.unittests/bin/debug/netcoreapp3.1/picklesdoc.pickles.testframeworks.unittests.dll" id="2b2c3e93-fce0-8fb6-cf91-4df9fcc9f54b">
      <Execution id="7b44557e-86a3-40d1-b9b9-a5aca30f5c29" />
      <TestMethod codeBase="/Users/ericcarlson/repos/pickles/src/Pickles/Pickles.TestFrameworks.UnitTests/bin/Debug/netcoreapp3.1/PicklesDoc.Pickles.TestFrameworks.UnitTests.dll" adapterTypeName="executor://nunit3testexecutor/" className="PicklesDoc.Pickles.TestFrameworks.UnitTests.NUnit.NUnit3.WhenParsingNunit3ResultsFile" name="ThenCanReadResultsWithParenthesis" />
    </UnitTest>
    <UnitTest name="ThenCanReadIgnoredScenarioResultSuccessfully" storage="/users/ericcarlson/repos/pickles/src/pickles/pickles.testframeworks.unittests/bin/debug/netcoreapp3.1/picklesdoc.pickles.testframeworks.unittests.dll" id="eecc6ae5-4868-d53f-bcda-2ec72c5d7ea3">
      <Execution id="d2e14783-d48e-4693-8ce1-57e76d888eb4" />
      <TestMethod codeBase="/Users/ericcarlson/repos/pickles/src/Pickles/Pickles.TestFrameworks.UnitTests/bin/Debug/netcoreapp3.1/PicklesDoc.Pickles.TestFrameworks.UnitTests.dll" adapterTypeName="executor://nunit3testexecutor/" className="PicklesDoc.Pickles.TestFrameworks.UnitTests.NUnit.NUnit3.WhenParsingNunit3ResultsFile" name="ThenCanReadIgnoredScenarioResultSuccessfully" />
    </UnitTest>
    <UnitTest name="ThenCanReadIndividualResultsFromScenarioOutline_MultipleExampleSections_ShouldBeTestResultFailed" storage="/users/ericcarlson/repos/pickles/src/pickles/pickles.testframeworks.unittests/bin/debug/netcoreapp3.1/picklesdoc.pickles.testframeworks.unittests.dll" id="87211bb6-e48e-1d49-fcdf-06cad7d36de4">
      <Execution id="2d5dff11-39e9-4b99-acd0-3b0a892d9a6a" />
      <TestMethod codeBase="/Users/ericcarlson/repos/pickles/src/Pickles/Pickles.TestFrameworks.UnitTests/bin/Debug/netcoreapp3.1/PicklesDoc.Pickles.TestFrameworks.UnitTests.dll" adapterTypeName="executor://nunit3testexecutor/" className="PicklesDoc.Pickles.TestFrameworks.UnitTests.XUnit.XUnit1.WhenParsingXUnitResultsFileWithIndividualResults" name="ThenCanReadIndividualResultsFromScenarioOutline_MultipleExampleSections_ShouldBeTestResultFailed" />
    </UnitTest>
    <UnitTest name="ThenCanReadIndividualResultsFromScenarioOutline_OneFailed_ShouldBeTestResultFailed" storage="/users/ericcarlson/repos/pickles/src/pickles/pickles.testframeworks.unittests/bin/debug/netcoreapp3.1/picklesdoc.pickles.testframeworks.unittests.dll" id="cb84e372-0db4-cadb-ea5a-8162f8875b13">
      <Execution id="0cf6db41-9f20-4fb3-92c9-26c231757394" />
      <TestMethod codeBase="/Users/ericcarlson/repos/pickles/src/Pickles/Pickles.TestFrameworks.UnitTests/bin/Debug/netcoreapp3.1/PicklesDoc.Pickles.TestFrameworks.UnitTests.dll" adapterTypeName="executor://nunit3testexecutor/" className="PicklesDoc.Pickles.TestFrameworks.UnitTests.XUnit.XUnit2.WhenParsingXUnitResultsFileWithIndividualResults" name="ThenCanReadIndividualResultsFromScenarioOutline_OneFailed_ShouldBeTestResultFailed" />
    </UnitTest>
    <UnitTest name="ThenCanReadResultOfScenarioWithFailingBackground" storage="/users/ericcarlson/repos/pickles/src/pickles/pickles.testframeworks.unittests/bin/debug/netcoreapp3.1/picklesdoc.pickles.testframeworks.unittests.dll" id="dd671476-ed2b-7b45-cac8-cb394e9796e3">
      <Execution id="79b0ef6a-24ca-48f7-86ea-a99ec055390e" />
      <TestMethod codeBase="/Users/ericcarlson/repos/pickles/src/Pickles/Pickles.TestFrameworks.UnitTests/bin/Debug/netcoreapp3.1/PicklesDoc.Pickles.TestFrameworks.UnitTests.dll" adapterTypeName="executor://nunit3testexecutor/" className="PicklesDoc.Pickles.TestFrameworks.UnitTests.VsTest.WhenParsingVsTestResultsFile" name="ThenCanReadResultOfScenarioWithFailingBackground" />
    </UnitTest>
    <UnitTest name="ThenCanReadIgnoredScenarioResultSuccessfully" storage="/users/ericcarlson/repos/pickles/src/pickles/pickles.testframeworks.unittests/bin/debug/netcoreapp3.1/picklesdoc.pickles.testframeworks.unittests.dll" id="75f81ce1-0b2c-cf84-fe16-219224722139">
      <Execution id="fca2d495-f647-4619-9ee6-8a8cde210acd" />
      <TestMethod codeBase="/Users/ericcarlson/repos/pickles/src/Pickles/Pickles.TestFrameworks.UnitTests/bin/Debug/netcoreapp3.1/PicklesDoc.Pickles.TestFrameworks.UnitTests.dll" adapterTypeName="executor://nunit3testexecutor/" className="PicklesDoc.Pickles.TestFrameworks.UnitTests.MsTest.WhenParsingMsTestResultsFile" name="ThenCanReadIgnoredScenarioResultSuccessfully" />
    </UnitTest>
    <UnitTest name="ThenCanReadResultsWithParenthesis" storage="/users/ericcarlson/repos/pickles/src/pickles/pickles.testframeworks.unittests/bin/debug/netcoreapp3.1/picklesdoc.pickles.testframeworks.unittests.dll" id="efb45302-0f2f-f7b4-5294-ebcf02624fff">
      <Execution id="1b79ae76-6dcd-40a4-b421-f6ee45660c42" />
      <TestMethod codeBase="/Users/ericcarlson/repos/pickles/src/Pickles/Pickles.TestFrameworks.UnitTests/bin/Debug/netcoreapp3.1/PicklesDoc.Pickles.TestFrameworks.UnitTests.dll" adapterTypeName="executor://nunit3testexecutor/" className="PicklesDoc.Pickles.TestFrameworks.UnitTests.MsTest.WhenParsingMsTestResultsFile" name="ThenCanReadResultsWithParenthesis" />
    </UnitTest>
    <UnitTest name="ThenCanReadIndividualResultsFromScenarioOutline_MultipleNamedExamples_ShouldMatchExamples" storage="/users/ericcarlson/repos/pickles/src/pickles/pickles.testframeworks.unittests/bin/debug/netcoreapp3.1/picklesdoc.pickles.testframeworks.unittests.dll" id="10cbd16f-822a-fdd7-e8ae-fa1a3eaa3761">
      <Execution id="1c11a547-869b-403f-97be-890988639e19" />
      <TestMethod codeBase="/Users/ericcarlson/repos/pickles/src/Pickles/Pickles.TestFrameworks.UnitTests/bin/Debug/netcoreapp3.1/PicklesDoc.Pickles.TestFrameworks.UnitTests.dll" adapterTypeName="executor://nunit3testexecutor/" className="PicklesDoc.Pickles.TestFrameworks.UnitTests.XUnit.XUnit1.WhenParsingXUnitResultsFileWithIndividualResults" name="ThenCanReadIndividualResultsFromScenarioOutline_MultipleNamedExamples_ShouldMatchExamples" />
    </UnitTest>
    <UnitTest name="GetScenarioResult_TwoInconclusive_ReturnsInconclusive" storage="/users/ericcarlson/repos/pickles/src/pickles/pickles.testframeworks.unittests/bin/debug/netcoreapp3.1/picklesdoc.pickles.testframeworks.unittests.dll" id="ffc628dd-c985-e3f1-ca17-da9cca506fbc">
      <Execution id="abba1fe8-cc1e-4ec3-a2d0-fd0373af8768" />
      <TestMethod codeBase="/Users/ericcarlson/repos/pickles/src/Pickles/Pickles.TestFrameworks.UnitTests/bin/Debug/netcoreapp3.1/PicklesDoc.Pickles.TestFrameworks.UnitTests.dll" adapterTypeName="executor://nunit3testexecutor/" className="PicklesDoc.Pickles.TestFrameworks.UnitTests.SpecRun.WhenParsingMultipleTestResultsTests" name="GetScenarioResult_TwoInconclusive_ReturnsInconclusive" />
    </UnitTest>
    <UnitTest name="ThenCanReadIndividualResultsFromScenarioOutline_OneFailed_ShouldBeTestResultFailed" storage="/users/ericcarlson/repos/pickles/src/pickles/pickles.testframeworks.unittests/bin/debug/netcoreapp3.1/picklesdoc.pickles.testframeworks.unittests.dll" id="ce9f63bc-f09c-6c5b-d0d3-a2c6899e0bb7">
      <Execution id="769d1bfc-3f64-4b37-a1c1-e78ea6c497ab" />
      <TestMethod codeBase="/Users/ericcarlson/repos/pickles/src/Pickles/Pickles.TestFrameworks.UnitTests/bin/Debug/netcoreapp3.1/PicklesDoc.Pickles.TestFrameworks.UnitTests.dll" adapterTypeName="executor://nunit3testexecutor/" className="PicklesDoc.Pickles.TestFrameworks.UnitTests.CucumberJson.WhenParsingCucumberJsonFromJSResultsFileWithIndividualResults" name="ThenCanReadIndividualResultsFromScenarioOutline_OneFailed_ShouldBeTestResultFailed" />
    </UnitTest>
    <UnitTest name="ThenCanReadScenarioOutlineResultSuccessfully" storage="/users/ericcarlson/repos/pickles/src/pickles/pickles.testframeworks.unittests/bin/debug/netcoreapp3.1/picklesdoc.pickles.testframeworks.unittests.dll" id="ba610d56-53b0-45dd-63d9-9d6b77e9ef0d">
      <Execution id="737333d8-6c8d-4942-a81d-8db7ce38aba0" />
      <TestMethod codeBase="/Users/ericcarlson/repos/pickles/src/Pickles/Pickles.TestFrameworks.UnitTests/bin/Debug/netcoreapp3.1/PicklesDoc.Pickles.TestFrameworks.UnitTests.dll" adapterTypeName="executor://nunit3testexecutor/" className="PicklesDoc.Pickles.TestFrameworks.UnitTests.NUnit.NUnit3.WhenParsingNunit3ResultsFileForNunit2Tests" name="ThenCanReadScenarioOutlineResultSuccessfully" />
    </UnitTest>
    <UnitTest name="ThenCanReadResultOfScenarioWithDanishCharacters" storage="/users/ericcarlson/repos/pickles/src/pickles/pickles.testframeworks.unittests/bin/debug/netcoreapp3.1/picklesdoc.pickles.testframeworks.unittests.dll" id="e1734028-fada-4af3-8a5c-ef092b76d644">
      <Execution id="a3fe8b23-5e97-4e90-97e9-fb8b3248e038" />
      <TestMethod codeBase="/Users/ericcarlson/repos/pickles/src/Pickles/Pickles.TestFrameworks.UnitTests/bin/Debug/netcoreapp3.1/PicklesDoc.Pickles.TestFrameworks.UnitTests.dll" adapterTypeName="executor://nunit3testexecutor/" className="PicklesDoc.Pickles.TestFrameworks.UnitTests.VsTest.WhenParsingVsTestResultsFile" name="ThenCanReadResultOfScenarioWithDanishCharacters" />
    </UnitTest>
    <UnitTest name="ThenCanReadResultsWithParenthesis" storage="/users/ericcarlson/repos/pickles/src/pickles/pickles.testframeworks.unittests/bin/debug/netcoreapp3.1/picklesdoc.pickles.testframeworks.unittests.dll" id="39aaf2dd-3448-323b-0eb5-0e11c3f52c46">
      <Execution id="f53d111a-72fe-4515-94b3-dc1580f2beb1" />
      <TestMethod codeBase="/Users/ericcarlson/repos/pickles/src/Pickles/Pickles.TestFrameworks.UnitTests/bin/Debug/netcoreapp3.1/PicklesDoc.Pickles.TestFrameworks.UnitTests.dll" adapterTypeName="executor://nunit3testexecutor/" className="PicklesDoc.Pickles.TestFrameworks.UnitTests.XUnit.XUnit2.WhenParsingxUnit2ResultsFile" name="ThenCanReadResultsWithParenthesis" />
    </UnitTest>
    <UnitTest name="ThenCanReadFeatureResultSuccessfully" storage="/users/ericcarlson/repos/pickles/src/pickles/pickles.testframeworks.unittests/bin/debug/netcoreapp3.1/picklesdoc.pickles.testframeworks.unittests.dll" id="7efd0b0b-8ee2-d5e8-47e2-5ba5eebb44d2">
      <Execution id="027d4ed7-93f4-45cd-a1ea-b81b0b29d803" />
      <TestMethod codeBase="/Users/ericcarlson/repos/pickles/src/Pickles/Pickles.TestFrameworks.UnitTests/bin/Debug/netcoreapp3.1/PicklesDoc.Pickles.TestFrameworks.UnitTests.dll" adapterTypeName="executor://nunit3testexecutor/" className="PicklesDoc.Pickles.TestFrameworks.UnitTests.XUnit.XUnit1.WhenParsingxUnitResultsFile" name="ThenCanReadFeatureResultSuccessfully" />
    </UnitTest>
    <UnitTest name="ThenCanReadIndividualResultsFromScenarioOutline_MultipleExampleSections_ShouldBeTestResultFailed" storage="/users/ericcarlson/repos/pickles/src/pickles/pickles.testframeworks.unittests/bin/debug/netcoreapp3.1/picklesdoc.pickles.testframeworks.unittests.dll" id="877ca2ae-a522-d5d7-2fd9-a3dd2ef9b711">
      <Execution id="f9daf647-7f24-44cf-9708-1ebd3735698f" />
      <TestMethod codeBase="/Users/ericcarlson/repos/pickles/src/Pickles/Pickles.TestFrameworks.UnitTests/bin/Debug/netcoreapp3.1/PicklesDoc.Pickles.TestFrameworks.UnitTests.dll" adapterTypeName="executor://nunit3testexecutor/" className="PicklesDoc.Pickles.TestFrameworks.UnitTests.MsTest.WhenParsingMsTestResultsFileWithIndividualResults" name="ThenCanReadIndividualResultsFromScenarioOutline_MultipleExampleSections_ShouldBeTestResultFailed" />
    </UnitTest>
    <UnitTest name="ThenCanReadExamplesWithLongExampleValues" storage="/users/ericcarlson/repos/pickles/src/pickles/pickles.testframeworks.unittests/bin/debug/netcoreapp3.1/picklesdoc.pickles.testframeworks.unittests.dll" id="a80ce00d-8fef-39f6-2b9d-90a0409ab21e">
      <Execution id="dd747c1c-149a-4bb0-bd4a-8c08b0a8f8a2" />
      <TestMethod codeBase="/Users/ericcarlson/repos/pickles/src/Pickles/Pickles.TestFrameworks.UnitTests/bin/Debug/netcoreapp3.1/PicklesDoc.Pickles.TestFrameworks.UnitTests.dll" adapterTypeName="executor://nunit3testexecutor/" className="PicklesDoc.Pickles.TestFrameworks.UnitTests.XUnit.XUnit1.WhenParsingXUnitResultsFileWithIndividualResults" name="ThenCanReadExamplesWithLongExampleValues" />
    </UnitTest>
    <UnitTest name="ThenCanReadIndividualResultsFromScenarioOutline_ExamplesWithDuplicateValues_ShouldMatchExamples" storage="/users/ericcarlson/repos/pickles/src/pickles/pickles.testframeworks.unittests/bin/debug/netcoreapp3.1/picklesdoc.pickles.testframeworks.unittests.dll" id="d4ee9b79-4196-caa7-d7b1-e48434993a78">
      <Execution id="14db52fb-c5aa-4bd7-ba04-bc6e1a71941e" />
      <TestMethod codeBase="/Users/ericcarlson/repos/pickles/src/Pickles/Pickles.TestFrameworks.UnitTests/bin/Debug/netcoreapp3.1/PicklesDoc.Pickles.TestFrameworks.UnitTests.dll" adapterTypeName="executor://nunit3testexecutor/" className="PicklesDoc.Pickles.TestFrameworks.UnitTests.NUnit.NUnit3.WhenParsingNUnitResultsFileWithIndividualResults" name="ThenCanReadIndividualResultsFromScenarioOutline_ExamplesWithDuplicateValues_ShouldMatchExamples" />
    </UnitTest>
    <UnitTest name="ThenCanReadResultOfScenarioOutlineWithAmpersand" storage="/users/ericcarlson/repos/pickles/src/pickles/pickles.testframeworks.unittests/bin/debug/netcoreapp3.1/picklesdoc.pickles.testframeworks.unittests.dll" id="82d58c85-8bb5-21d8-f720-e76e5b78cc40">
      <Execution id="10b4bcfa-26d2-4ac5-b593-397545647153" />
      <TestMethod codeBase="/Users/ericcarlson/repos/pickles/src/Pickles/Pickles.TestFrameworks.UnitTests/bin/Debug/netcoreapp3.1/PicklesDoc.Pickles.TestFrameworks.UnitTests.dll" adapterTypeName="executor://nunit3testexecutor/" className="PicklesDoc.Pickles.TestFrameworks.UnitTests.CucumberJson.WhenParsingCucumberJsonFromJSResultsFile" name="ThenCanReadResultOfScenarioOutlineWithAmpersand" />
    </UnitTest>
    <UnitTest name="ThenCanReadIndividualResultsFromScenarioOutline_OneFailed_ShouldBeTestResultFailed" storage="/users/ericcarlson/repos/pickles/src/pickles/pickles.testframeworks.unittests/bin/debug/netcoreapp3.1/picklesdoc.pickles.testframeworks.unittests.dll" id="d4a217ca-816a-5180-50f8-63455cbe611d">
      <Execution id="24a0a9bd-9c98-4310-aae9-f9a9446168dc" />
      <TestMethod codeBase="/Users/ericcarlson/repos/pickles/src/Pickles/Pickles.TestFrameworks.UnitTests/bin/Debug/netcoreapp3.1/PicklesDoc.Pickles.TestFrameworks.UnitTests.dll" adapterTypeName="executor://nunit3testexecutor/" className="PicklesDoc.Pickles.TestFrameworks.UnitTests.NUnit.NUnit2.WhenParsingNUnitResultsFileWithIndividualResults" name="ThenCanReadIndividualResultsFromScenarioOutline_OneFailed_ShouldBeTestResultFailed" />
    </UnitTest>
    <UnitTest name="ThenCanReadIndividualResultsFromScenarioOutline_OneInconclusive_ShouldBeTestResultInconclusive" storage="/users/ericcarlson/repos/pickles/src/pickles/pickles.testframeworks.unittests/bin/debug/netcoreapp3.1/picklesdoc.pickles.testframeworks.unittests.dll" id="9efd92db-4c9f-0192-da69-654d8f42ce4b">
      <Execution id="fad9afd3-77b1-4043-bd65-85973e4f52c7" />
      <TestMethod codeBase="/Users/ericcarlson/repos/pickles/src/Pickles/Pickles.TestFrameworks.UnitTests/bin/Debug/netcoreapp3.1/PicklesDoc.Pickles.TestFrameworks.UnitTests.dll" adapterTypeName="executor://nunit3testexecutor/" className="PicklesDoc.Pickles.TestFrameworks.UnitTests.NUnit.NUnit3.WhenParsingNUnitResultsFileWithIndividualResults" name="ThenCanReadIndividualResultsFromScenarioOutline_OneInconclusive_ShouldBeTestResultInconclusive" />
    </UnitTest>
    <UnitTest name="ThenCanReadResultOfScenarioWithDanishCharacters" storage="/users/ericcarlson/repos/pickles/src/pickles/pickles.testframeworks.unittests/bin/debug/netcoreapp3.1/picklesdoc.pickles.testframeworks.unittests.dll" id="5f6ec94d-79db-fbc6-a975-8fcf5e6da5de">
      <Execution id="073a2de7-fd65-4505-8def-ae8c921865c9" />
      <TestMethod codeBase="/Users/ericcarlson/repos/pickles/src/Pickles/Pickles.TestFrameworks.UnitTests/bin/Debug/netcoreapp3.1/PicklesDoc.Pickles.TestFrameworks.UnitTests.dll" adapterTypeName="executor://nunit3testexecutor/" className="PicklesDoc.Pickles.TestFrameworks.UnitTests.CucumberJson.WhenParsingCucumberJsonFromRubyResultsFile" name="ThenCanReadResultOfScenarioWithDanishCharacters" />
    </UnitTest>
    <UnitTest name="ThenCanReadResultsWithParenthesis" storage="/users/ericcarlson/repos/pickles/src/pickles/pickles.testframeworks.unittests/bin/debug/netcoreapp3.1/picklesdoc.pickles.testframeworks.unittests.dll" id="5ba0ef3d-e993-fb04-f50d-80614c1f48e6">
      <Execution id="5693c3a4-e352-4061-af1b-3523c047a4cf" />
      <TestMethod codeBase="/Users/ericcarlson/repos/pickles/src/Pickles/Pickles.TestFrameworks.UnitTests/bin/Debug/netcoreapp3.1/PicklesDoc.Pickles.TestFrameworks.UnitTests.dll" adapterTypeName="executor://nunit3testexecutor/" className="PicklesDoc.Pickles.TestFrameworks.UnitTests.NUnit.NUnit3.WhenParsingNunit3ResultsFileForNunit2Tests" name="ThenCanReadResultsWithParenthesis" />
    </UnitTest>
    <UnitTest name="ThenCanReadIndividualResultsFromScenarioOutline_MultipleNamedExamples_ShouldMatchExamples" storage="/users/ericcarlson/repos/pickles/src/pickles/pickles.testframeworks.unittests/bin/debug/netcoreapp3.1/picklesdoc.pickles.testframeworks.unittests.dll" id="e812cd4a-a493-8488-cd92-0f068742969b">
      <Execution id="ec73877a-861a-49d0-94c3-4bf22af9fb71" />
      <TestMethod codeBase="/Users/ericcarlson/repos/pickles/src/Pickles/Pickles.TestFrameworks.UnitTests/bin/Debug/netcoreapp3.1/PicklesDoc.Pickles.TestFrameworks.UnitTests.dll" adapterTypeName="executor://nunit3testexecutor/" className="PicklesDoc.Pickles.TestFrameworks.UnitTests.CucumberJson.WhenParsingCucumberJsonFromRubyResultsFileWithIndividualResults" name="ThenCanReadIndividualResultsFromScenarioOutline_MultipleNamedExamples_ShouldMatchExamples" />
    </UnitTest>
    <UnitTest name="ThenCanReadIndividualResultsFromScenarioOutline_AllPass_ShouldBeTestResultPassed" storage="/users/ericcarlson/repos/pickles/src/pickles/pickles.testframeworks.unittests/bin/debug/netcoreapp3.1/picklesdoc.pickles.testframeworks.unittests.dll" id="2d1b5a90-7f10-fbfd-da30-c50a58b8259b">
      <Execution id="b3a133dd-d684-4048-9341-c1f261565640" />
      <TestMethod codeBase="/Users/ericcarlson/repos/pickles/src/Pickles/Pickles.TestFrameworks.UnitTests/bin/Debug/netcoreapp3.1/PicklesDoc.Pickles.TestFrameworks.UnitTests.dll" adapterTypeName="executor://nunit3testexecutor/" className="PicklesDoc.Pickles.TestFrameworks.UnitTests.XUnit.XUnit1.WhenParsingXUnitResultsFileWithIndividualResults" name="ThenCanReadIndividualResultsFromScenarioOutline_AllPass_ShouldBeTestResultPassed" />
    </UnitTest>
    <UnitTest name="ThenCanReadResultOfScenarioOutlineExampleWithFailingBackground" storage="/users/ericcarlson/repos/pickles/src/pickles/pickles.testframeworks.unittests/bin/debug/netcoreapp3.1/picklesdoc.pickles.testframeworks.unittests.dll" id="d06109ca-bc0c-33f1-28f4-f8127946b5ef">
      <Execution id="257a6680-c275-44f9-89ee-9f818cf50040" />
      <TestMethod codeBase="/Users/ericcarlson/repos/pickles/src/Pickles/Pickles.TestFrameworks.UnitTests/bin/Debug/netcoreapp3.1/PicklesDoc.Pickles.TestFrameworks.UnitTests.dll" adapterTypeName="executor://nunit3testexecutor/" className="PicklesDoc.Pickles.TestFrameworks.UnitTests.MsTest.WhenParsingMsTestResultsFile" name="ThenCanReadResultOfScenarioOutlineExampleWithFailingBackground" />
    </UnitTest>
    <UnitTest name="ThenCanReadResultOfScenarioOutlineWithAmpersand" storage="/users/ericcarlson/repos/pickles/src/pickles/pickles.testframeworks.unittests/bin/debug/netcoreapp3.1/picklesdoc.pickles.testframeworks.unittests.dll" id="53f842ac-f46d-7d71-9da8-af83d620085a">
      <Execution id="21334b6c-8f8d-44cb-a2b6-b485a2abf086" />
      <TestMethod codeBase="/Users/ericcarlson/repos/pickles/src/Pickles/Pickles.TestFrameworks.UnitTests/bin/Debug/netcoreapp3.1/PicklesDoc.Pickles.TestFrameworks.UnitTests.dll" adapterTypeName="executor://nunit3testexecutor/" className="PicklesDoc.Pickles.TestFrameworks.UnitTests.NUnit.NUnit3.WhenParsingNunit3ResultsFileForNunit2Tests" name="ThenCanReadResultOfScenarioOutlineWithAmpersand" />
    </UnitTest>
    <UnitTest name="ThenCanReadResultOfScenarioWithFailingBackground" storage="/users/ericcarlson/repos/pickles/src/pickles/pickles.testframeworks.unittests/bin/debug/netcoreapp3.1/picklesdoc.pickles.testframeworks.unittests.dll" id="1ab3cefc-49c6-5a53-95db-2b52b6f9c551">
      <Execution id="efe6fe7a-9163-42b6-a27f-3d2e6fd85ea0" />
      <TestMethod codeBase="/Users/ericcarlson/repos/pickles/src/Pickles/Pickles.TestFrameworks.UnitTests/bin/Debug/netcoreapp3.1/PicklesDoc.Pickles.TestFrameworks.UnitTests.dll" adapterTypeName="executor://nunit3testexecutor/" className="PicklesDoc.Pickles.TestFrameworks.UnitTests.SpecRun.WhenParsingSpecRunTestResultsFile" name="ThenCanReadResultOfScenarioWithFailingBackground" />
    </UnitTest>
    <UnitTest name="ThenCanReadResultOfScenarioWithSpanishCharacters" storage="/users/ericcarlson/repos/pickles/src/pickles/pickles.testframeworks.unittests/bin/debug/netcoreapp3.1/picklesdoc.pickles.testframeworks.unittests.dll" id="99b61c03-de66-2cd6-57c4-fe88d42b339c">
      <Execution id="cd82f9de-86ce-49f2-81b1-75b8f57a4b2b" />
      <TestMethod codeBase="/Users/ericcarlson/repos/pickles/src/Pickles/Pickles.TestFrameworks.UnitTests/bin/Debug/netcoreapp3.1/PicklesDoc.Pickles.TestFrameworks.UnitTests.dll" adapterTypeName="executor://nunit3testexecutor/" className="PicklesDoc.Pickles.TestFrameworks.UnitTests.CucumberJson.WhenParsingCucumberJsonFromRubyResultsFile" name="ThenCanReadResultOfScenarioWithSpanishCharacters" />
    </UnitTest>
    <UnitTest name="ThenCanReadIndividualResultsFromScenarioOutline_OneInconclusive_ShouldBeTestResultInconclusive" storage="/users/ericcarlson/repos/pickles/src/pickles/pickles.testframeworks.unittests/bin/debug/netcoreapp3.1/picklesdoc.pickles.testframeworks.unittests.dll" id="20095e8b-1aec-bdd5-2c64-cc198f7229e3">
      <Execution id="671f7505-0184-4a77-8193-27357317f1ca" />
      <TestMethod codeBase="/Users/ericcarlson/repos/pickles/src/Pickles/Pickles.TestFrameworks.UnitTests/bin/Debug/netcoreapp3.1/PicklesDoc.Pickles.TestFrameworks.UnitTests.dll" adapterTypeName="executor://nunit3testexecutor/" className="PicklesDoc.Pickles.TestFrameworks.UnitTests.CucumberJson.WhenParsingCucumberJsonFromRubyResultsFileWithIndividualResults" name="ThenCanReadIndividualResultsFromScenarioOutline_OneInconclusive_ShouldBeTestResultInconclusive" />
    </UnitTest>
    <UnitTest name="ThenCanReadFailedScenarioResultSuccessfully" storage="/users/ericcarlson/repos/pickles/src/pickles/pickles.testframeworks.unittests/bin/debug/netcoreapp3.1/picklesdoc.pickles.testframeworks.unittests.dll" id="1367b65e-0b94-ba69-b954-fb8124eb22d5">
      <Execution id="800f8be6-9b57-4c4e-8fda-49c2836c83df" />
      <TestMethod codeBase="/Users/ericcarlson/repos/pickles/src/Pickles/Pickles.TestFrameworks.UnitTests/bin/Debug/netcoreapp3.1/PicklesDoc.Pickles.TestFrameworks.UnitTests.dll" adapterTypeName="executor://nunit3testexecutor/" className="PicklesDoc.Pickles.TestFrameworks.UnitTests.XUnit.XUnit2.WhenParsingxUnit2ResultsFile" name="ThenCanReadFailedScenarioResultSuccessfully" />
    </UnitTest>
    <UnitTest name="ThenCanReadInconclusiveScenarioResultSuccessfully" storage="/users/ericcarlson/repos/pickles/src/pickles/pickles.testframeworks.unittests/bin/debug/netcoreapp3.1/picklesdoc.pickles.testframeworks.unittests.dll" id="c129ca2d-465d-f65c-dd70-3e713e975538">
      <Execution id="d0dcc7f9-f479-4ff3-80cc-b09652edc3d8" />
      <TestMethod codeBase="/Users/ericcarlson/repos/pickles/src/Pickles/Pickles.TestFrameworks.UnitTests/bin/Debug/netcoreapp3.1/PicklesDoc.Pickles.TestFrameworks.UnitTests.dll" adapterTypeName="executor://nunit3testexecutor/" className="PicklesDoc.Pickles.TestFrameworks.UnitTests.CucumberJson.WhenParsingCucumberJsonFromJSResultsFile" name="ThenCanReadInconclusiveScenarioResultSuccessfully" />
    </UnitTest>
    <UnitTest name="ThenCanReadIndividualResultsFromScenarioOutline_ExamplesWithDuplicateValues_ShouldMatchExamples" storage="/users/ericcarlson/repos/pickles/src/pickles/pickles.testframeworks.unittests/bin/debug/netcoreapp3.1/picklesdoc.pickles.testframeworks.unittests.dll" id="f77ac471-dd6b-3503-d4b1-30115c337f42">
      <Execution id="9b1698ed-205e-428d-990b-99b43160b2bd" />
      <TestMethod codeBase="/Users/ericcarlson/repos/pickles/src/Pickles/Pickles.TestFrameworks.UnitTests/bin/Debug/netcoreapp3.1/PicklesDoc.Pickles.TestFrameworks.UnitTests.dll" adapterTypeName="executor://nunit3testexecutor/" className="PicklesDoc.Pickles.TestFrameworks.UnitTests.NUnit.NUnit2.WhenParsingNUnitResultsFileWithIndividualResults" name="ThenCanReadIndividualResultsFromScenarioOutline_ExamplesWithDuplicateValues_ShouldMatchExamples" />
    </UnitTest>
    <UnitTest name="ThenCanReadIndividualResultsFromScenarioOutline_MultipleExamplesWithDuplicateValues_ShouldMatchExamples" storage="/users/ericcarlson/repos/pickles/src/pickles/pickles.testframeworks.unittests/bin/debug/netcoreapp3.1/picklesdoc.pickles.testframeworks.unittests.dll" id="680a57ed-aef7-7627-554b-2ab01bc33ccf">
      <Execution id="f2fe4e3d-5671-4d5f-bedc-fd3758e3295d" />
      <TestMethod codeBase="/Users/ericcarlson/repos/pickles/src/Pickles/Pickles.TestFrameworks.UnitTests/bin/Debug/netcoreapp3.1/PicklesDoc.Pickles.TestFrameworks.UnitTests.dll" adapterTypeName="executor://nunit3testexecutor/" className="PicklesDoc.Pickles.TestFrameworks.UnitTests.XUnit.XUnit2.WhenParsingXUnitResultsFileWithIndividualResults" name="ThenCanReadIndividualResultsFromScenarioOutline_MultipleExamplesWithDuplicateValues_ShouldMatchExamples" />
    </UnitTest>
    <UnitTest name="ThenCanReadIndividualResultsFromScenarioOutline_MultipleNamedExamplesWithDuplicateValues_ShouldMatchExamples" storage="/users/ericcarlson/repos/pickles/src/pickles/pickles.testframeworks.unittests/bin/debug/netcoreapp3.1/picklesdoc.pickles.testframeworks.unittests.dll" id="e32ceaf5-2044-6a33-b092-c29de2fe095b">
      <Execution id="2bb2f484-8677-4e72-98b0-166ec7d03c72" />
      <TestMethod codeBase="/Users/ericcarlson/repos/pickles/src/Pickles/Pickles.TestFrameworks.UnitTests/bin/Debug/netcoreapp3.1/PicklesDoc.Pickles.TestFrameworks.UnitTests.dll" adapterTypeName="executor://nunit3testexecutor/" className="PicklesDoc.Pickles.TestFrameworks.UnitTests.NUnit.NUnit3.WhenParsingNUnitResultsFileWithIndividualResults" name="ThenCanReadIndividualResultsFromScenarioOutline_MultipleNamedExamplesWithDuplicateValues_ShouldMatchExamples" />
    </UnitTest>
    <UnitTest name="ThenCanReadResultsWithParenthesis" storage="/users/ericcarlson/repos/pickles/src/pickles/pickles.testframeworks.unittests/bin/debug/netcoreapp3.1/picklesdoc.pickles.testframeworks.unittests.dll" id="d5b1edb5-b12f-6f9b-d326-d112d604818d">
      <Execution id="a46029f6-c7e6-4e3f-8fb2-d5b99a476882" />
      <TestMethod codeBase="/Users/ericcarlson/repos/pickles/src/Pickles/Pickles.TestFrameworks.UnitTests/bin/Debug/netcoreapp3.1/PicklesDoc.Pickles.TestFrameworks.UnitTests.dll" adapterTypeName="executor://nunit3testexecutor/" className="PicklesDoc.Pickles.TestFrameworks.UnitTests.CucumberJson.WhenParsingCucumberJsonFromJSResultsFile" name="ThenCanReadResultsWithParenthesis" />
    </UnitTest>
    <UnitTest name="ThenCanResolve(&quot;results-example-mstest.trx&quot;,&quot;MsTest.results-example-mstest.trx&quot;,MsTest,PicklesDoc.Pickles.TestFrameworks.MsTest.MsTestResults)" storage="/users/ericcarlson/repos/pickles/src/pickles/pickles.testframeworks.unittests/bin/debug/netcoreapp3.1/picklesdoc.pickles.testframeworks.unittests.dll" id="5cb8adb0-f986-570a-997c-7c2904e5d79c">
      <Execution id="c737d54c-d07d-4ae4-8a03-bab219ef91d7" />
      <TestMethod codeBase="/Users/ericcarlson/repos/pickles/src/Pickles/Pickles.TestFrameworks.UnitTests/bin/Debug/netcoreapp3.1/PicklesDoc.Pickles.TestFrameworks.UnitTests.dll" adapterTypeName="executor://nunit3testexecutor/" className="PicklesDoc.Pickles.TestFrameworks.UnitTests.WhenResolvingTestResults" name="ThenCanResolve(&quot;results-example-mstest.trx&quot;,&quot;MsTest.results-example-mstest.trx&quot;,MsTest,PicklesDoc.Pickles.TestFrameworks.MsTest.MsTestResults)" />
    </UnitTest>
    <UnitTest name="ThenCanReadScenarioOutlineResultSuccessfully" storage="/users/ericcarlson/repos/pickles/src/pickles/pickles.testframeworks.unittests/bin/debug/netcoreapp3.1/picklesdoc.pickles.testframeworks.unittests.dll" id="b3b74f06-0222-4a33-dfad-ee23ddfbb054">
      <Execution id="02a92c98-93f0-4de1-8d90-c5e56e323c0d" />
      <TestMethod codeBase="/Users/ericcarlson/repos/pickles/src/Pickles/Pickles.TestFrameworks.UnitTests/bin/Debug/netcoreapp3.1/PicklesDoc.Pickles.TestFrameworks.UnitTests.dll" adapterTypeName="executor://nunit3testexecutor/" className="PicklesDoc.Pickles.TestFrameworks.UnitTests.XUnit.XUnit1.WhenParsingxUnitResultsFile" name="ThenCanReadScenarioOutlineResultSuccessfully" />
    </UnitTest>
    <UnitTest name="ThenCanReadInconclusiveFeatureResultSuccessfully" storage="/users/ericcarlson/repos/pickles/src/pickles/pickles.testframeworks.unittests/bin/debug/netcoreapp3.1/picklesdoc.pickles.testframeworks.unittests.dll" id="00c90b43-b77b-0b3c-b457-9469df9e7f8e">
      <Execution id="cd291cf1-e389-412b-ad17-e7cd0289c34e" />
      <TestMethod codeBase="/Users/ericcarlson/repos/pickles/src/Pickles/Pickles.TestFrameworks.UnitTests/bin/Debug/netcoreapp3.1/PicklesDoc.Pickles.TestFrameworks.UnitTests.dll" adapterTypeName="executor://nunit3testexecutor/" className="PicklesDoc.Pickles.TestFrameworks.UnitTests.CucumberJson.WhenParsingCucumberJsonFromRubyResultsFile" name="ThenCanReadInconclusiveFeatureResultSuccessfully" />
    </UnitTest>
    <UnitTest name="ThenCanReadIndividualResultsFromScenarioOutline_MultipleExamplesWithDuplicateValues_ShouldMatchExamples" storage="/users/ericcarlson/repos/pickles/src/pickles/pickles.testframeworks.unittests/bin/debug/netcoreapp3.1/picklesdoc.pickles.testframeworks.unittests.dll" id="cff9ba3d-2dbc-742f-d119-8f20ec27c96a">
      <Execution id="af8baa8f-b1dd-4589-81c8-bac86634ee93" />
      <TestMethod codeBase="/Users/ericcarlson/repos/pickles/src/Pickles/Pickles.TestFrameworks.UnitTests/bin/Debug/netcoreapp3.1/PicklesDoc.Pickles.TestFrameworks.UnitTests.dll" adapterTypeName="executor://nunit3testexecutor/" className="PicklesDoc.Pickles.TestFrameworks.UnitTests.VsTest.WhenParsingVsTestResultsFileWithIndividualResults" name="ThenCanReadIndividualResultsFromScenarioOutline_MultipleExamplesWithDuplicateValues_ShouldMatchExamples" />
    </UnitTest>
    <UnitTest name="ThenCanReadResultOfFeatureWithFailingBackground" storage="/users/ericcarlson/repos/pickles/src/pickles/pickles.testframeworks.unittests/bin/debug/netcoreapp3.1/picklesdoc.pickles.testframeworks.unittests.dll" id="76480529-7b76-e863-86e1-c858751ba287">
      <Execution id="0c89a685-7ec6-4094-b7d9-0db2c5ba633b" />
      <TestMethod codeBase="/Users/ericcarlson/repos/pickles/src/Pickles/Pickles.TestFrameworks.UnitTests/bin/Debug/netcoreapp3.1/PicklesDoc.Pickles.TestFrameworks.UnitTests.dll" adapterTypeName="executor://nunit3testexecutor/" className="PicklesDoc.Pickles.TestFrameworks.UnitTests.VsTest.WhenParsingVsTestResultsFile" name="ThenCanReadResultOfFeatureWithFailingBackground" />
    </UnitTest>
    <UnitTest name="ThenCanResolveAsSingleton(&quot;results-example-mstest.trx&quot;,&quot;MsTest.results-example-mstest.trx&quot;,MsTest,PicklesDoc.Pickles.TestFrameworks.MsTest.MsTestResults)" storage="/users/ericcarlson/repos/pickles/src/pickles/pickles.testframeworks.unittests/bin/debug/netcoreapp3.1/picklesdoc.pickles.testframeworks.unittests.dll" id="38e54b38-917c-5b2b-c952-bdf2eaa51d0c">
      <Execution id="e99ae8f7-85ad-424f-8698-64b7f92b8e04" />
      <TestMethod codeBase="/Users/ericcarlson/repos/pickles/src/Pickles/Pickles.TestFrameworks.UnitTests/bin/Debug/netcoreapp3.1/PicklesDoc.Pickles.TestFrameworks.UnitTests.dll" adapterTypeName="executor://nunit3testexecutor/" className="PicklesDoc.Pickles.TestFrameworks.UnitTests.WhenResolvingTestResults" name="ThenCanResolveAsSingleton(&quot;results-example-mstest.trx&quot;,&quot;MsTest.results-example-mstest.trx&quot;,MsTest,PicklesDoc.Pickles.TestFrameworks.MsTest.MsTestResults)" />
    </UnitTest>
    <UnitTest name="ThenCanResolve(&quot;results-example-vstest.trx&quot;,&quot;VsTest.results-example-vstest.trx&quot;,VsTest,PicklesDoc.Pickles.TestFrameworks.VsTest.VsTestResults)" storage="/users/ericcarlson/repos/pickles/src/pickles/pickles.testframeworks.unittests/bin/debug/netcoreapp3.1/picklesdoc.pickles.testframeworks.unittests.dll" id="756b1026-c36e-4a38-c9bf-9c8381bc803a">
      <Execution id="c79e43b2-1ac9-4b5e-86cd-4b4ec91fa3c6" />
      <TestMethod codeBase="/Users/ericcarlson/repos/pickles/src/Pickles/Pickles.TestFrameworks.UnitTests/bin/Debug/netcoreapp3.1/PicklesDoc.Pickles.TestFrameworks.UnitTests.dll" adapterTypeName="executor://nunit3testexecutor/" className="PicklesDoc.Pickles.TestFrameworks.UnitTests.WhenResolvingTestResults" name="ThenCanResolve(&quot;results-example-vstest.trx&quot;,&quot;VsTest.results-example-vstest.trx&quot;,VsTest,PicklesDoc.Pickles.TestFrameworks.VsTest.VsTestResults)" />
    </UnitTest>
    <UnitTest name="ThenCanSuccessfullyMatch" storage="/users/ericcarlson/repos/pickles/src/pickles/pickles.testframeworks.unittests/bin/debug/netcoreapp3.1/picklesdoc.pickles.testframeworks.unittests.dll" id="c60ed206-bcf7-dc0f-cf55-94fdc287fbf9">
      <Execution id="d5cec440-67a9-4e6c-9417-78e1c749e3e1" />
      <TestMethod codeBase="/Users/ericcarlson/repos/pickles/src/Pickles/Pickles.TestFrameworks.UnitTests/bin/Debug/netcoreapp3.1/PicklesDoc.Pickles.TestFrameworks.UnitTests.dll" adapterTypeName="executor://nunit3testexecutor/" className="PicklesDoc.Pickles.TestFrameworks.UnitTests.XUnit.XUnit1.WhenDeterminingTheSignatureOfAnXUnitExampleRow" name="ThenCanSuccessfullyMatch" />
    </UnitTest>
    <UnitTest name="ThenCanReadFeatureResultSuccessfully" storage="/users/ericcarlson/repos/pickles/src/pickles/pickles.testframeworks.unittests/bin/debug/netcoreapp3.1/picklesdoc.pickles.testframeworks.unittests.dll" id="6cb01e3f-a03d-67b1-8f23-89bbdd8943a3">
      <Execution id="c66c8975-4291-4151-83db-28c3987ad003" />
      <TestMethod codeBase="/Users/ericcarlson/repos/pickles/src/Pickles/Pickles.TestFrameworks.UnitTests/bin/Debug/netcoreapp3.1/PicklesDoc.Pickles.TestFrameworks.UnitTests.dll" adapterTypeName="executor://nunit3testexecutor/" className="PicklesDoc.Pickles.TestFrameworks.UnitTests.NUnit.NUnit2.WhenParsingNUnitResultsFile" name="ThenCanReadFeatureResultSuccessfully" />
    </UnitTest>
    <UnitTest name="ThenCanReadFailedScenarioResultSuccessfully" storage="/users/ericcarlson/repos/pickles/src/pickles/pickles.testframeworks.unittests/bin/debug/netcoreapp3.1/picklesdoc.pickles.testframeworks.unittests.dll" id="2919e6b2-199b-6849-cc30-63eff40ca1e9">
      <Execution id="870c7553-d4d5-4ff7-8d58-20b5fb29d53f" />
      <TestMethod codeBase="/Users/ericcarlson/repos/pickles/src/Pickles/Pickles.TestFrameworks.UnitTests/bin/Debug/netcoreapp3.1/PicklesDoc.Pickles.TestFrameworks.UnitTests.dll" adapterTypeName="executor://nunit3testexecutor/" className="PicklesDoc.Pickles.TestFrameworks.UnitTests.VsTest.WhenParsingVsTestResultsFile" name="ThenCanReadFailedScenarioResultSuccessfully" />
    </UnitTest>
    <UnitTest name="ThenCanReadIndividualResultsFromScenarioOutline_MultipleNamedExamples_ShouldMatchExamples" storage="/users/ericcarlson/repos/pickles/src/pickles/pickles.testframeworks.unittests/bin/debug/netcoreapp3.1/picklesdoc.pickles.testframeworks.unittests.dll" id="d350588b-1fce-1d28-5c54-f6126b74c227">
      <Execution id="851c7e3b-face-492f-82e0-ee158380dd65" />
      <TestMethod codeBase="/Users/ericcarlson/repos/pickles/src/Pickles/Pickles.TestFrameworks.UnitTests/bin/Debug/netcoreapp3.1/PicklesDoc.Pickles.TestFrameworks.UnitTests.dll" adapterTypeName="executor://nunit3testexecutor/" className="PicklesDoc.Pickles.TestFrameworks.UnitTests.XUnit.XUnit2.WhenParsingXUnitResultsFileWithIndividualResults" name="ThenCanReadIndividualResultsFromScenarioOutline_MultipleNamedExamples_ShouldMatchExamples" />
    </UnitTest>
    <UnitTest name="ThenIgnoredScenarioIsSetToInconclusive" storage="/users/ericcarlson/repos/pickles/src/pickles/pickles.testframeworks.unittests/bin/debug/netcoreapp3.1/picklesdoc.pickles.testframeworks.unittests.dll" id="731f5d07-dc75-9cda-bd6a-a157696b5258">
      <Execution id="c0f9b0b5-7544-4253-9c5a-8a5dc12f0845" />
      <TestMethod codeBase="/Users/ericcarlson/repos/pickles/src/Pickles/Pickles.TestFrameworks.UnitTests/bin/Debug/netcoreapp3.1/PicklesDoc.Pickles.TestFrameworks.UnitTests.dll" adapterTypeName="executor://nunit3testexecutor/" className="PicklesDoc.Pickles.TestFrameworks.UnitTests.MsTest.WhenParsingMsTestResultsFileWithIgnoredExample" name="ThenIgnoredScenarioIsSetToInconclusive" />
    </UnitTest>
    <UnitTest name="ThenCanReadResultOfScenarioWithFailingBackground" storage="/users/ericcarlson/repos/pickles/src/pickles/pickles.testframeworks.unittests/bin/debug/netcoreapp3.1/picklesdoc.pickles.testframeworks.unittests.dll" id="1cb4c3cc-9e82-454c-91a1-b2116b3e1595">
      <Execution id="9704dd86-8d19-48ca-85e4-c263606d2c1d" />
      <TestMethod codeBase="/Users/ericcarlson/repos/pickles/src/Pickles/Pickles.TestFrameworks.UnitTests/bin/Debug/netcoreapp3.1/PicklesDoc.Pickles.TestFrameworks.UnitTests.dll" adapterTypeName="executor://nunit3testexecutor/" className="PicklesDoc.Pickles.TestFrameworks.UnitTests.XUnit.XUnit1.WhenParsingxUnitResultsFile" name="ThenCanReadResultOfScenarioWithFailingBackground" />
    </UnitTest>
    <UnitTest name="ThenCanReadSuccessfulScenarioResultSuccessfully" storage="/users/ericcarlson/repos/pickles/src/pickles/pickles.testframeworks.unittests/bin/debug/netcoreapp3.1/picklesdoc.pickles.testframeworks.unittests.dll" id="06a88817-6ff8-d8d0-0cd7-9f4aa269e975">
      <Execution id="d8ac9317-8f3a-4d41-a7c7-3b2e6b997cf4" />
      <TestMethod codeBase="/Users/ericcarlson/repos/pickles/src/Pickles/Pickles.TestFrameworks.UnitTests/bin/Debug/netcoreapp3.1/PicklesDoc.Pickles.TestFrameworks.UnitTests.dll" adapterTypeName="executor://nunit3testexecutor/" className="PicklesDoc.Pickles.TestFrameworks.UnitTests.NUnit.NUnit3.WhenParsingNunit3ResultsFileForNunit2Tests" name="ThenCanReadSuccessfulScenarioResultSuccessfully" />
    </UnitTest>
    <UnitTest name="ThenCanReadResultsWithBackslashes" storage="/users/ericcarlson/repos/pickles/src/pickles/pickles.testframeworks.unittests/bin/debug/netcoreapp3.1/picklesdoc.pickles.testframeworks.unittests.dll" id="eaaf3dd9-2849-68dd-8b63-3348a310054b">
      <Execution id="402b944b-4209-4348-82c5-154eb24e953c" />
      <TestMethod codeBase="/Users/ericcarlson/repos/pickles/src/Pickles/Pickles.TestFrameworks.UnitTests/bin/Debug/netcoreapp3.1/PicklesDoc.Pickles.TestFrameworks.UnitTests.dll" adapterTypeName="executor://nunit3testexecutor/" className="PicklesDoc.Pickles.TestFrameworks.UnitTests.XUnit.XUnit1.WhenParsingxUnitResultsFile" name="ThenCanReadResultsWithBackslashes" />
    </UnitTest>
    <UnitTest name="ThenCanReadInconclusiveFeatureResultSuccessfully" storage="/users/ericcarlson/repos/pickles/src/pickles/pickles.testframeworks.unittests/bin/debug/netcoreapp3.1/picklesdoc.pickles.testframeworks.unittests.dll" id="30c3cce2-7c89-bcba-f34c-cd4f8b59ce23">
      <Execution id="a385e339-7eff-40ce-8665-174e5236401e" />
      <TestMethod codeBase="/Users/ericcarlson/repos/pickles/src/Pickles/Pickles.TestFrameworks.UnitTests/bin/Debug/netcoreapp3.1/PicklesDoc.Pickles.TestFrameworks.UnitTests.dll" adapterTypeName="executor://nunit3testexecutor/" className="PicklesDoc.Pickles.TestFrameworks.UnitTests.VsTest.WhenParsingVsTestResultsFile" name="ThenCanReadInconclusiveFeatureResultSuccessfully" />
    </UnitTest>
    <UnitTest name="ThenCanReadResultOfScenarioOutlineExampleWithFailingBackground" storage="/users/ericcarlson/repos/pickles/src/pickles/pickles.testframeworks.unittests/bin/debug/netcoreapp3.1/picklesdoc.pickles.testframeworks.unittests.dll" id="58f9e5ce-1bab-0c6b-1e0b-98e0a0083c94">
      <Execution id="185b0c35-9723-4e99-b832-b96b2a5b1162" />
      <TestMethod codeBase="/Users/ericcarlson/repos/pickles/src/Pickles/Pickles.TestFrameworks.UnitTests/bin/Debug/netcoreapp3.1/PicklesDoc.Pickles.TestFrameworks.UnitTests.dll" adapterTypeName="executor://nunit3testexecutor/" className="PicklesDoc.Pickles.TestFrameworks.UnitTests.CucumberJson.WhenParsingCucumberJsonFromJSResultsFile" name="ThenCanReadResultOfScenarioOutlineExampleWithFailingBackground" />
    </UnitTest>
    <UnitTest name="ThenCanReadResultsWithBackslashes" storage="/users/ericcarlson/repos/pickles/src/pickles/pickles.testframeworks.unittests/bin/debug/netcoreapp3.1/picklesdoc.pickles.testframeworks.unittests.dll" id="0c0cf1bc-2dcb-ded4-066e-2e2566c6bb19">
      <Execution id="083ab6f5-e54d-4722-8aed-937e185289ca" />
      <TestMethod codeBase="/Users/ericcarlson/repos/pickles/src/Pickles/Pickles.TestFrameworks.UnitTests/bin/Debug/netcoreapp3.1/PicklesDoc.Pickles.TestFrameworks.UnitTests.dll" adapterTypeName="executor://nunit3testexecutor/" className="PicklesDoc.Pickles.TestFrameworks.UnitTests.XUnit.XUnit2.WhenParsingxUnit2ResultsFile" name="ThenCanReadResultsWithBackslashes" />
    </UnitTest>
    <UnitTest name="ThenCanReadResultOfScenarioWithSpecialCharacters" storage="/users/ericcarlson/repos/pickles/src/pickles/pickles.testframeworks.unittests/bin/debug/netcoreapp3.1/picklesdoc.pickles.testframeworks.unittests.dll" id="6e48abaa-e94e-4cb3-4e64-703c4702dc60">
      <Execution id="3789383b-dce6-448e-ae80-522837fc5e25" />
      <TestMethod codeBase="/Users/ericcarlson/repos/pickles/src/Pickles/Pickles.TestFrameworks.UnitTests/bin/Debug/netcoreapp3.1/PicklesDoc.Pickles.TestFrameworks.UnitTests.dll" adapterTypeName="executor://nunit3testexecutor/" className="PicklesDoc.Pickles.TestFrameworks.UnitTests.NUnit.NUnit3.WhenParsingNunit3ResultsFileForNunit2Tests" name="ThenCanReadResultOfScenarioWithSpecialCharacters" />
    </UnitTest>
    <UnitTest name="ThenCanReadIndividualResultsFromScenarioOutline_ExamplesWithDuplicateValues_ShouldMatchExamples" storage="/users/ericcarlson/repos/pickles/src/pickles/pickles.testframeworks.unittests/bin/debug/netcoreapp3.1/picklesdoc.pickles.testframeworks.unittests.dll" id="60f4f078-0154-b41b-3de6-b38d34b12689">
      <Execution id="f81e68ee-85f6-45f4-b461-e3d125651a9e" />
      <TestMethod codeBase="/Users/ericcarlson/repos/pickles/src/Pickles/Pickles.TestFrameworks.UnitTests/bin/Debug/netcoreapp3.1/PicklesDoc.Pickles.TestFrameworks.UnitTests.dll" adapterTypeName="executor://nunit3testexecutor/" className="PicklesDoc.Pickles.TestFrameworks.UnitTests.XUnit.XUnit2.WhenParsingXUnitResultsFileWithIndividualResults" name="ThenCanReadIndividualResultsFromScenarioOutline_ExamplesWithDuplicateValues_ShouldMatchExamples" />
    </UnitTest>
    <UnitTest name="ThenCanReadIndividualResultsFromScenarioOutline_OneInconclusive_ShouldBeTestResultInconclusive" storage="/users/ericcarlson/repos/pickles/src/pickles/pickles.testframeworks.unittests/bin/debug/netcoreapp3.1/picklesdoc.pickles.testframeworks.unittests.dll" id="dbf1db3e-c119-5966-af76-e8157d531ea2">
      <Execution id="34cc6e3e-b2b0-42a0-8b11-317e4490ac59" />
      <TestMethod codeBase="/Users/ericcarlson/repos/pickles/src/Pickles/Pickles.TestFrameworks.UnitTests/bin/Debug/netcoreapp3.1/PicklesDoc.Pickles.TestFrameworks.UnitTests.dll" adapterTypeName="executor://nunit3testexecutor/" className="PicklesDoc.Pickles.TestFrameworks.UnitTests.SpecRun.WhenParsingSpecRunTestResultsFileWithIndividualResults" name="ThenCanReadIndividualResultsFromScenarioOutline_OneInconclusive_ShouldBeTestResultInconclusive" />
    </UnitTest>
    <UnitTest name="ThenCanReadResultOfScenarioOutlineWithFailingBackground" storage="/users/ericcarlson/repos/pickles/src/pickles/pickles.testframeworks.unittests/bin/debug/netcoreapp3.1/picklesdoc.pickles.testframeworks.unittests.dll" id="5202701f-df81-3f07-3fd3-41cc028b9321">
      <Execution id="feabe245-6873-4de8-b1d9-b8a8e669e57d" />
      <TestMethod codeBase="/Users/ericcarlson/repos/pickles/src/Pickles/Pickles.TestFrameworks.UnitTests/bin/Debug/netcoreapp3.1/PicklesDoc.Pickles.TestFrameworks.UnitTests.dll" adapterTypeName="executor://nunit3testexecutor/" className="PicklesDoc.Pickles.TestFrameworks.UnitTests.CucumberJson.WhenParsingCucumberJsonFromJSResultsFile" name="ThenCanReadResultOfScenarioOutlineWithFailingBackground" />
    </UnitTest>
    <UnitTest name="ThenCanReadNotFoundFeatureCorrectly" storage="/users/ericcarlson/repos/pickles/src/pickles/pickles.testframeworks.unittests/bin/debug/netcoreapp3.1/picklesdoc.pickles.testframeworks.unittests.dll" id="b326ef4c-7f50-dcc1-8e16-23f12d57cfac">
      <Execution id="1611aace-9c88-40e6-95ef-c55fb96e5323" />
      <TestMethod codeBase="/Users/ericcarlson/repos/pickles/src/Pickles/Pickles.TestFrameworks.UnitTests/bin/Debug/netcoreapp3.1/PicklesDoc.Pickles.TestFrameworks.UnitTests.dll" adapterTypeName="executor://nunit3testexecutor/" className="PicklesDoc.Pickles.TestFrameworks.UnitTests.XUnit.XUnit2.WhenParsingxUnit2ResultsFile" name="ThenCanReadNotFoundFeatureCorrectly" />
    </UnitTest>
    <UnitTest name="ThenCanSuccessfullyMatchExamplesWithLongValues" storage="/users/ericcarlson/repos/pickles/src/pickles/pickles.testframeworks.unittests/bin/debug/netcoreapp3.1/picklesdoc.pickles.testframeworks.unittests.dll" id="432777c4-85ce-08a8-7a5e-5d42b9d61e9b">
      <Execution id="eb947aaa-0a7c-4c99-8f00-41cbc400532c" />
      <TestMethod codeBase="/Users/ericcarlson/repos/pickles/src/Pickles/Pickles.TestFrameworks.UnitTests/bin/Debug/netcoreapp3.1/PicklesDoc.Pickles.TestFrameworks.UnitTests.dll" adapterTypeName="executor://nunit3testexecutor/" className="PicklesDoc.Pickles.TestFrameworks.UnitTests.XUnit.XUnit2.WhenDeterminingTheSignatureOfAnXUnit2ExampleRow" name="ThenCanSuccessfullyMatchExamplesWithLongValues" />
    </UnitTest>
    <UnitTest name="ThenCanReadNotFoundScenarioCorrectly" storage="/users/ericcarlson/repos/pickles/src/pickles/pickles.testframeworks.unittests/bin/debug/netcoreapp3.1/picklesdoc.pickles.testframeworks.unittests.dll" id="25c1bea4-c0ff-d075-22a4-63b5c72151e9">
      <Execution id="a3ba8771-2426-42a9-a3a4-4e91900b377a" />
      <TestMethod codeBase="/Users/ericcarlson/repos/pickles/src/Pickles/Pickles.TestFrameworks.UnitTests/bin/Debug/netcoreapp3.1/PicklesDoc.Pickles.TestFrameworks.UnitTests.dll" adapterTypeName="executor://nunit3testexecutor/" className="PicklesDoc.Pickles.TestFrameworks.UnitTests.MsTest.WhenParsingMsTestResultsFile" name="ThenCanReadNotFoundScenarioCorrectly" />
    </UnitTest>
    <UnitTest name="ThenCanReadSuccessfulScenarioResultSuccessfully" storage="/users/ericcarlson/repos/pickles/src/pickles/pickles.testframeworks.unittests/bin/debug/netcoreapp3.1/picklesdoc.pickles.testframeworks.unittests.dll" id="51b05b71-c723-8fd8-a294-f2801277fd50">
      <Execution id="8f3a29ab-9ef0-4e98-a5d1-b49bd5f84903" />
      <TestMethod codeBase="/Users/ericcarlson/repos/pickles/src/Pickles/Pickles.TestFrameworks.UnitTests/bin/Debug/netcoreapp3.1/PicklesDoc.Pickles.TestFrameworks.UnitTests.dll" adapterTypeName="executor://nunit3testexecutor/" className="PicklesDoc.Pickles.TestFrameworks.UnitTests.SpecRun.WhenParsingSpecRunTestResultsFile" name="ThenCanReadSuccessfulScenarioResultSuccessfully" />
    </UnitTest>
    <UnitTest name="ThenCanReadNotFoundFeatureCorrectly" storage="/users/ericcarlson/repos/pickles/src/pickles/pickles.testframeworks.unittests/bin/debug/netcoreapp3.1/picklesdoc.pickles.testframeworks.unittests.dll" id="62779f41-de77-189d-2845-837ff5a12f04">
      <Execution id="d4f4beae-4363-4ea5-bfe2-b7bb61a1d286" />
      <TestMethod codeBase="/Users/ericcarlson/repos/pickles/src/Pickles/Pickles.TestFrameworks.UnitTests/bin/Debug/netcoreapp3.1/PicklesDoc.Pickles.TestFrameworks.UnitTests.dll" adapterTypeName="executor://nunit3testexecutor/" className="PicklesDoc.Pickles.TestFrameworks.UnitTests.CucumberJson.WhenParsingCucumberJsonFromRubyResultsFile" name="ThenCanReadNotFoundFeatureCorrectly" />
    </UnitTest>
    <UnitTest name="ThenCanReadIndividualResultsFromScenarioOutline_OneInconclusive_ShouldBeTestResultInconclusive" storage="/users/ericcarlson/repos/pickles/src/pickles/pickles.testframeworks.unittests/bin/debug/netcoreapp3.1/picklesdoc.pickles.testframeworks.unittests.dll" id="004b9067-5a36-6ae9-8540-490519439bb2">
      <Execution id="66bfa846-8ccb-4927-bbea-e40f65385809" />
      <TestMethod codeBase="/Users/ericcarlson/repos/pickles/src/Pickles/Pickles.TestFrameworks.UnitTests/bin/Debug/netcoreapp3.1/PicklesDoc.Pickles.TestFrameworks.UnitTests.dll" adapterTypeName="executor://nunit3testexecutor/" className="PicklesDoc.Pickles.TestFrameworks.UnitTests.XUnit.XUnit2.WhenParsingXUnitResultsFileWithIndividualResults" name="ThenCanReadIndividualResultsFromScenarioOutline_OneInconclusive_ShouldBeTestResultInconclusive" />
    </UnitTest>
    <UnitTest name="ThenCanReadIgnoredScenarioResultSuccessfully" storage="/users/ericcarlson/repos/pickles/src/pickles/pickles.testframeworks.unittests/bin/debug/netcoreapp3.1/picklesdoc.pickles.testframeworks.unittests.dll" id="a9afc403-29e6-88a4-c2af-4c0ff8d8a28b">
      <Execution id="f9a376ed-c377-4d18-8a9e-640529f32000" />
      <TestMethod codeBase="/Users/ericcarlson/repos/pickles/src/Pickles/Pickles.TestFrameworks.UnitTests/bin/Debug/netcoreapp3.1/PicklesDoc.Pickles.TestFrameworks.UnitTests.dll" adapterTypeName="executor://nunit3testexecutor/" className="PicklesDoc.Pickles.TestFrameworks.UnitTests.CucumberJson.WhenParsingCucumberJsonFromJSResultsFile" name="ThenCanReadIgnoredScenarioResultSuccessfully" />
    </UnitTest>
    <UnitTest name="ThenCanResolve(&quot;results-example-json.json&quot;,&quot;CucumberJson.results-example-json.json&quot;,CucumberJson,PicklesDoc.Pickles.TestFrameworks.CucumberJson.CucumberJsonResults)" storage="/users/ericcarlson/repos/pickles/src/pickles/pickles.testframeworks.unittests/bin/debug/netcoreapp3.1/picklesdoc.pickles.testframeworks.unittests.dll" id="a7393586-64bb-69dc-eba3-1463201a4419">
      <Execution id="5f02dd23-a9cf-499e-a1aa-209ee91165c1" />
      <TestMethod codeBase="/Users/ericcarlson/repos/pickles/src/Pickles/Pickles.TestFrameworks.UnitTests/bin/Debug/netcoreapp3.1/PicklesDoc.Pickles.TestFrameworks.UnitTests.dll" adapterTypeName="executor://nunit3testexecutor/" className="PicklesDoc.Pickles.TestFrameworks.UnitTests.WhenResolvingTestResults" name="ThenCanResolve(&quot;results-example-json.json&quot;,&quot;CucumberJson.results-example-json.json&quot;,CucumberJson,PicklesDoc.Pickles.TestFrameworks.CucumberJson.CucumberJsonResults)" />
    </UnitTest>
    <UnitTest name="ThenCanReadResultOfScenarioOutlineWithUmlauts" storage="/users/ericcarlson/repos/pickles/src/pickles/pickles.testframeworks.unittests/bin/debug/netcoreapp3.1/picklesdoc.pickles.testframeworks.unittests.dll" id="468fc6f1-090e-af4a-e3f5-89b42d48597a">
      <Execution id="8326ec3c-ec3a-447a-baaa-b60c26b03c36" />
      <TestMethod codeBase="/Users/ericcarlson/repos/pickles/src/Pickles/Pickles.TestFrameworks.UnitTests/bin/Debug/netcoreapp3.1/PicklesDoc.Pickles.TestFrameworks.UnitTests.dll" adapterTypeName="executor://nunit3testexecutor/" className="PicklesDoc.Pickles.TestFrameworks.UnitTests.MsTest.WhenParsingMsTestResultsFile" name="ThenCanReadResultOfScenarioOutlineWithUmlauts" />
    </UnitTest>
    <UnitTest name="ThenCanReadNotFoundScenarioCorrectly" storage="/users/ericcarlson/repos/pickles/src/pickles/pickles.testframeworks.unittests/bin/debug/netcoreapp3.1/picklesdoc.pickles.testframeworks.unittests.dll" id="72f321e8-2790-5738-6c76-f3c93e06a4d9">
      <Execution id="9c881c0b-4f6f-4dc0-af25-f9cbacf60e2a" />
      <TestMethod codeBase="/Users/ericcarlson/repos/pickles/src/Pickles/Pickles.TestFrameworks.UnitTests/bin/Debug/netcoreapp3.1/PicklesDoc.Pickles.TestFrameworks.UnitTests.dll" adapterTypeName="executor://nunit3testexecutor/" className="PicklesDoc.Pickles.TestFrameworks.UnitTests.NUnit.NUnit3.WhenParsingNunit3ResultsFile" name="ThenCanReadNotFoundScenarioCorrectly" />
    </UnitTest>
    <UnitTest name="ThenCanReadIndividualResultsFromScenarioOutline_AllPass_ShouldBeTestResultPassed" storage="/users/ericcarlson/repos/pickles/src/pickles/pickles.testframeworks.unittests/bin/debug/netcoreapp3.1/picklesdoc.pickles.testframeworks.unittests.dll" id="ec80a51d-21e0-d5fc-5b4e-aaa2b87640b8">
      <Execution id="2eb4cf7e-9948-4a93-977f-e3cdd20dadf4" />
      <TestMethod codeBase="/Users/ericcarlson/repos/pickles/src/Pickles/Pickles.TestFrameworks.UnitTests/bin/Debug/netcoreapp3.1/PicklesDoc.Pickles.TestFrameworks.UnitTests.dll" adapterTypeName="executor://nunit3testexecutor/" className="PicklesDoc.Pickles.TestFrameworks.UnitTests.XUnit.XUnit2.WhenParsingXUnitResultsFileWithIndividualResults" name="ThenCanReadIndividualResultsFromScenarioOutline_AllPass_ShouldBeTestResultPassed" />
    </UnitTest>
    <UnitTest name="ThenCanReadResultsWithParenthesis" storage="/users/ericcarlson/repos/pickles/src/pickles/pickles.testframeworks.unittests/bin/debug/netcoreapp3.1/picklesdoc.pickles.testframeworks.unittests.dll" id="9e40b804-42b0-5011-3b04-cc25d4d70de0">
      <Execution id="a60f4d23-18be-447c-b20b-995eabbc9721" />
      <TestMethod codeBase="/Users/ericcarlson/repos/pickles/src/Pickles/Pickles.TestFrameworks.UnitTests/bin/Debug/netcoreapp3.1/PicklesDoc.Pickles.TestFrameworks.UnitTests.dll" adapterTypeName="executor://nunit3testexecutor/" className="PicklesDoc.Pickles.TestFrameworks.UnitTests.CucumberJson.WhenParsingCucumberJsonFromRubyResultsFile" name="ThenCanReadResultsWithParenthesis" />
    </UnitTest>
    <UnitTest name="ThenCanReadBackgroundResultSuccessfully" storage="/users/ericcarlson/repos/pickles/src/pickles/pickles.testframeworks.unittests/bin/debug/netcoreapp3.1/picklesdoc.pickles.testframeworks.unittests.dll" id="3363618d-ba10-7be9-e717-ba2f8beb1f14">
      <Execution id="27154176-efb6-4260-9542-13d69a6a0e04" />
      <TestMethod codeBase="/Users/ericcarlson/repos/pickles/src/Pickles/Pickles.TestFrameworks.UnitTests/bin/Debug/netcoreapp3.1/PicklesDoc.Pickles.TestFrameworks.UnitTests.dll" adapterTypeName="executor://nunit3testexecutor/" className="PicklesDoc.Pickles.TestFrameworks.UnitTests.VsTest.WhenParsingVsTestResultsFile" name="ThenCanReadBackgroundResultSuccessfully" />
    </UnitTest>
    <UnitTest name="ThenCanSuccessfullyMatch" storage="/users/ericcarlson/repos/pickles/src/pickles/pickles.testframeworks.unittests/bin/debug/netcoreapp3.1/picklesdoc.pickles.testframeworks.unittests.dll" id="ac03ec4c-67a9-1776-5723-d08e339146c5">
      <Execution id="4040be1c-9303-4972-babf-47975b6e37b0" />
      <TestMethod codeBase="/Users/ericcarlson/repos/pickles/src/Pickles/Pickles.TestFrameworks.UnitTests/bin/Debug/netcoreapp3.1/PicklesDoc.Pickles.TestFrameworks.UnitTests.dll" adapterTypeName="executor://nunit3testexecutor/" className="PicklesDoc.Pickles.TestFrameworks.UnitTests.XUnit.XUnit2.WhenDeterminingTheSignatureOfAnXUnit2ExampleRow" name="ThenCanSuccessfullyMatch" />
    </UnitTest>
    <UnitTest name="ThenCanReadResultOfScenarioOutlineWithAmpersand" storage="/users/ericcarlson/repos/pickles/src/pickles/pickles.testframeworks.unittests/bin/debug/netcoreapp3.1/picklesdoc.pickles.testframeworks.unittests.dll" id="8f0f2481-35fe-ae01-bfcb-690467c4a7bc">
      <Execution id="1f92624d-41f3-4039-a2bd-f8917efe7dd7" />
      <TestMethod codeBase="/Users/ericcarlson/repos/pickles/src/Pickles/Pickles.TestFrameworks.UnitTests/bin/Debug/netcoreapp3.1/PicklesDoc.Pickles.TestFrameworks.UnitTests.dll" adapterTypeName="executor://nunit3testexecutor/" className="PicklesDoc.Pickles.TestFrameworks.UnitTests.NUnit.NUnit2.WhenParsingNUnitResultsFile" name="ThenCanReadResultOfScenarioOutlineWithAmpersand" />
    </UnitTest>
    <UnitTest name="ThenCanReadResultOfScenarioOutlineWithUmlauts" storage="/users/ericcarlson/repos/pickles/src/pickles/pickles.testframeworks.unittests/bin/debug/netcoreapp3.1/picklesdoc.pickles.testframeworks.unittests.dll" id="1c544035-38ea-054f-e87c-73d6a628523a">
      <Execution id="a2c13ffd-2b9e-4210-97b7-ad1abb8ee630" />
      <TestMethod codeBase="/Users/ericcarlson/repos/pickles/src/Pickles/Pickles.TestFrameworks.UnitTests/bin/Debug/netcoreapp3.1/PicklesDoc.Pickles.TestFrameworks.UnitTests.dll" adapterTypeName="executor://nunit3testexecutor/" className="PicklesDoc.Pickles.TestFrameworks.UnitTests.NUnit.NUnit3.WhenParsingNunit3ResultsFile" name="ThenCanReadResultOfScenarioOutlineWithUmlauts" />
    </UnitTest>
    <UnitTest name="ThenCanReadResultOfScenarioWithSpecialCharacters" storage="/users/ericcarlson/repos/pickles/src/pickles/pickles.testframeworks.unittests/bin/debug/netcoreapp3.1/picklesdoc.pickles.testframeworks.unittests.dll" id="dc712ba9-82f8-4816-135c-198a6c843205">
      <Execution id="ad7b7215-cc13-4221-9b66-080554faf2df" />
      <TestMethod codeBase="/Users/ericcarlson/repos/pickles/src/Pickles/Pickles.TestFrameworks.UnitTests/bin/Debug/netcoreapp3.1/PicklesDoc.Pickles.TestFrameworks.UnitTests.dll" adapterTypeName="executor://nunit3testexecutor/" className="PicklesDoc.Pickles.TestFrameworks.UnitTests.XUnit.XUnit1.WhenParsingxUnitResultsFile" name="ThenCanReadResultOfScenarioWithSpecialCharacters" />
    </UnitTest>
    <UnitTest name="ThenCanReadInconclusiveFeatureResultSuccessfully" storage="/users/ericcarlson/repos/pickles/src/pickles/pickles.testframeworks.unittests/bin/debug/netcoreapp3.1/picklesdoc.pickles.testframeworks.unittests.dll" id="78a4d834-d8c9-b5a6-8099-63f422dfe326">
      <Execution id="30d250b8-6f9d-472f-862c-f6aec38fb8bb" />
      <TestMethod codeBase="/Users/ericcarlson/repos/pickles/src/Pickles/Pickles.TestFrameworks.UnitTests/bin/Debug/netcoreapp3.1/PicklesDoc.Pickles.TestFrameworks.UnitTests.dll" adapterTypeName="executor://nunit3testexecutor/" className="PicklesDoc.Pickles.TestFrameworks.UnitTests.SpecRun.WhenParsingSpecRunTestResultsFile" name="ThenCanReadInconclusiveFeatureResultSuccessfully" />
    </UnitTest>
    <UnitTest name="ThenCanReadIndividualResultsFromScenarioOutline_AllPass_ShouldBeTestResultPassed" storage="/users/ericcarlson/repos/pickles/src/pickles/pickles.testframeworks.unittests/bin/debug/netcoreapp3.1/picklesdoc.pickles.testframeworks.unittests.dll" id="bd707b6d-52c2-46b2-18db-713a0a8d72d0">
      <Execution id="05de805d-6138-40bb-9705-159ddaacf269" />
      <TestMethod codeBase="/Users/ericcarlson/repos/pickles/src/Pickles/Pickles.TestFrameworks.UnitTests/bin/Debug/netcoreapp3.1/PicklesDoc.Pickles.TestFrameworks.UnitTests.dll" adapterTypeName="executor://nunit3testexecutor/" className="PicklesDoc.Pickles.TestFrameworks.UnitTests.NUnit.NUnit3.WhenParsingNUnitResultsFileWithIndividualResults" name="ThenCanReadIndividualResultsFromScenarioOutline_AllPass_ShouldBeTestResultPassed" />
    </UnitTest>
    <UnitTest name="ThenCanReadIndividualResultsFromScenarioOutline_MultipleExampleSections_ShouldBeTestResultFailed" storage="/users/ericcarlson/repos/pickles/src/pickles/pickles.testframeworks.unittests/bin/debug/netcoreapp3.1/picklesdoc.pickles.testframeworks.unittests.dll" id="e64bca34-3589-7be5-702b-1f171a1b0f81">
      <Execution id="0c875323-7aa6-4327-bcb7-60fb0e645696" />
      <TestMethod codeBase="/Users/ericcarlson/repos/pickles/src/Pickles/Pickles.TestFrameworks.UnitTests/bin/Debug/netcoreapp3.1/PicklesDoc.Pickles.TestFrameworks.UnitTests.dll" adapterTypeName="executor://nunit3testexecutor/" className="PicklesDoc.Pickles.TestFrameworks.UnitTests.XUnit.XUnit2.WhenParsingXUnitResultsFileWithIndividualResults" name="ThenCanReadIndividualResultsFromScenarioOutline_MultipleExampleSections_ShouldBeTestResultFailed" />
    </UnitTest>
    <UnitTest name="ThenCanReadResultOfScenarioOutlineWithFailingBackground" storage="/users/ericcarlson/repos/pickles/src/pickles/pickles.testframeworks.unittests/bin/debug/netcoreapp3.1/picklesdoc.pickles.testframeworks.unittests.dll" id="4bfa13d1-17a0-4954-0e3e-a26d2de2fb23">
      <Execution id="44e4dca7-aa2a-4ef0-b45a-2990cd6dd215" />
      <TestMethod codeBase="/Users/ericcarlson/repos/pickles/src/Pickles/Pickles.TestFrameworks.UnitTests/bin/Debug/netcoreapp3.1/PicklesDoc.Pickles.TestFrameworks.UnitTests.dll" adapterTypeName="executor://nunit3testexecutor/" className="PicklesDoc.Pickles.TestFrameworks.UnitTests.XUnit.XUnit1.WhenParsingxUnitResultsFile" name="ThenCanReadResultOfScenarioOutlineWithFailingBackground" />
    </UnitTest>
    <UnitTest name="ThenCanReadResultsWithBackslashes" storage="/users/ericcarlson/repos/pickles/src/pickles/pickles.testframeworks.unittests/bin/debug/netcoreapp3.1/picklesdoc.pickles.testframeworks.unittests.dll" id="66978603-05d4-2099-985f-ef7844bf2b32">
      <Execution id="7a36940f-80b6-498f-ac77-60c9a47a8d2c" />
      <TestMethod codeBase="/Users/ericcarlson/repos/pickles/src/Pickles/Pickles.TestFrameworks.UnitTests/bin/Debug/netcoreapp3.1/PicklesDoc.Pickles.TestFrameworks.UnitTests.dll" adapterTypeName="executor://nunit3testexecutor/" className="PicklesDoc.Pickles.TestFrameworks.UnitTests.VsTest.WhenParsingVsTestResultsFile" name="ThenCanReadResultsWithBackslashes" />
    </UnitTest>
    <UnitTest name="ThenCanReadResultOfScenarioOutlineWithFailingBackground" storage="/users/ericcarlson/repos/pickles/src/pickles/pickles.testframeworks.unittests/bin/debug/netcoreapp3.1/picklesdoc.pickles.testframeworks.unittests.dll" id="1427994f-dfc2-3b8f-5f19-9134cfec26f2">
      <Execution id="8d958ef7-2049-4037-9599-e9e8145e692b" />
      <TestMethod codeBase="/Users/ericcarlson/repos/pickles/src/Pickles/Pickles.TestFrameworks.UnitTests/bin/Debug/netcoreapp3.1/PicklesDoc.Pickles.TestFrameworks.UnitTests.dll" adapterTypeName="executor://nunit3testexecutor/" className="PicklesDoc.Pickles.TestFrameworks.UnitTests.XUnit.XUnit2.WhenParsingxUnit2ResultsFile" name="ThenCanReadResultOfScenarioOutlineWithFailingBackground" />
    </UnitTest>
    <UnitTest name="RegularExpressionAsExampleContentMatches_With_Curly_Braces" storage="/users/ericcarlson/repos/pickles/src/pickles/pickles.testframeworks.unittests/bin/debug/netcoreapp3.1/picklesdoc.pickles.testframeworks.unittests.dll" id="7003fa29-5d8b-f503-a549-5fe616789c37">
      <Execution id="d507dcff-a0c3-4596-9b58-6ed7bbd02e22" />
      <TestMethod codeBase="/Users/ericcarlson/repos/pickles/src/Pickles/Pickles.TestFrameworks.UnitTests/bin/Debug/netcoreapp3.1/PicklesDoc.Pickles.TestFrameworks.UnitTests.dll" adapterTypeName="executor://nunit3testexecutor/" className="PicklesDoc.Pickles.TestFrameworks.UnitTests.XUnit.XUnit2.WhenDeterminingTheSignatureOfAnXUnit2ExampleRow" name="RegularExpressionAsExampleContentMatches_With_Curly_Braces" />
    </UnitTest>
  </TestDefinitions>
  <TestEntries>
    <TestEntry testId="c50cc28e-ba3b-5d96-dbce-01f62e4d3c72" executionId="d5a137fe-85e0-4fd9-90ef-4ec048832525" testListId="8c84fa94-04c1-424b-9868-57a2d4851a1d" />
    <TestEntry testId="c878e9ba-46bf-00b5-a8be-a988ac37f973" executionId="b0740260-abeb-4feb-9a83-d773f8c94780" testListId="8c84fa94-04c1-424b-9868-57a2d4851a1d" />
    <TestEntry testId="06a88817-6ff8-d8d0-0cd7-9f4aa269e975" executionId="d8ac9317-8f3a-4d41-a7c7-3b2e6b997cf4" testListId="8c84fa94-04c1-424b-9868-57a2d4851a1d" />
    <TestEntry testId="3f5c3338-429f-c1bb-e1a8-d8bab8ab3016" executionId="f6646e41-2fe4-4c79-9d44-c5e3446fec32" testListId="8c84fa94-04c1-424b-9868-57a2d4851a1d" />
    <TestEntry testId="ec063bfd-14dd-1deb-4fd4-311c75309607" executionId="74426011-e23c-47a4-87aa-5b6e084a35b4" testListId="8c84fa94-04c1-424b-9868-57a2d4851a1d" />
    <TestEntry testId="3363618d-ba10-7be9-e717-ba2f8beb1f14" executionId="27154176-efb6-4260-9542-13d69a6a0e04" testListId="8c84fa94-04c1-424b-9868-57a2d4851a1d" />
    <TestEntry testId="87211bb6-e48e-1d49-fcdf-06cad7d36de4" executionId="2d5dff11-39e9-4b99-acd0-3b0a892d9a6a" testListId="8c84fa94-04c1-424b-9868-57a2d4851a1d" />
    <TestEntry testId="e1734028-fada-4af3-8a5c-ef092b76d644" executionId="a3fe8b23-5e97-4e90-97e9-fb8b3248e038" testListId="8c84fa94-04c1-424b-9868-57a2d4851a1d" />
    <TestEntry testId="9e40b804-42b0-5011-3b04-cc25d4d70de0" executionId="a60f4d23-18be-447c-b20b-995eabbc9721" testListId="8c84fa94-04c1-424b-9868-57a2d4851a1d" />
    <TestEntry testId="95936557-3c3b-a0be-ca02-74d60844464c" executionId="a565b296-e0c0-40da-8cd2-c2f38dd15c0e" testListId="8c84fa94-04c1-424b-9868-57a2d4851a1d" />
    <TestEntry testId="8f694c62-d589-ac54-3491-78ce2e9f9173" executionId="57a906c6-2de2-4c10-942e-9d8e65cc08a5" testListId="8c84fa94-04c1-424b-9868-57a2d4851a1d" />
    <TestEntry testId="2bc825b9-9d72-ab78-dc57-730a6f14b2c6" executionId="df6cee2a-0e55-4048-b417-c51eefd5ef07" testListId="8c84fa94-04c1-424b-9868-57a2d4851a1d" />
    <TestEntry testId="38e54b38-917c-5b2b-c952-bdf2eaa51d0c" executionId="e99ae8f7-85ad-424f-8698-64b7f92b8e04" testListId="8c84fa94-04c1-424b-9868-57a2d4851a1d" />
    <TestEntry testId="0377b2ee-902b-c8d6-74bf-d614453dc1d9" executionId="9f0a4f66-ac14-4f89-8008-84b9f48f512f" testListId="8c84fa94-04c1-424b-9868-57a2d4851a1d" />
    <TestEntry testId="6d53e524-577b-617b-04c0-cc99f9396f86" executionId="14e985bc-a0fc-4a55-b043-16f0be4d7cc7" testListId="8c84fa94-04c1-424b-9868-57a2d4851a1d" />
    <TestEntry testId="5c950b01-6cc7-ac13-30ea-969ec9b73be8" executionId="d56bd0c7-243f-475a-a808-ff6c239481dc" testListId="8c84fa94-04c1-424b-9868-57a2d4851a1d" />
    <TestEntry testId="bf8a77e3-2a8b-534e-97d8-864c929c5c23" executionId="0bd040f6-4d18-453a-b3e8-f24007fed2ab" testListId="8c84fa94-04c1-424b-9868-57a2d4851a1d" />
    <TestEntry testId="7003fa29-5d8b-f503-a549-5fe616789c37" executionId="d507dcff-a0c3-4596-9b58-6ed7bbd02e22" testListId="8c84fa94-04c1-424b-9868-57a2d4851a1d" />
    <TestEntry testId="349afda0-a849-d994-1cb5-43ab74afdf0c" executionId="7228d873-01ee-45c0-9b03-b293ff758c65" testListId="8c84fa94-04c1-424b-9868-57a2d4851a1d" />
    <TestEntry testId="0490562c-80e0-39a9-2279-32a1d1908d6e" executionId="0a494d50-4157-4d45-a36f-12782b89764c" testListId="8c84fa94-04c1-424b-9868-57a2d4851a1d" />
    <TestEntry testId="d7f6d945-38ba-f308-695a-8462453f5d48" executionId="333213e0-e356-476f-9be6-b5f42441f8c4" testListId="8c84fa94-04c1-424b-9868-57a2d4851a1d" />
    <TestEntry testId="0586ee37-1679-40ac-d62d-77bb3679488e" executionId="5240b9c6-faef-465b-8b52-c6f0723ea58a" testListId="8c84fa94-04c1-424b-9868-57a2d4851a1d" />
    <TestEntry testId="108c2052-fc39-fc7d-462e-5ca8813e0e6a" executionId="f8fe1657-d21f-4cb1-9cb5-034327dd64d3" testListId="8c84fa94-04c1-424b-9868-57a2d4851a1d" />
    <TestEntry testId="452e3d33-0c18-0604-61d2-e49750ee89e5" executionId="bd73389e-1448-4300-8d9b-9115ab360739" testListId="8c84fa94-04c1-424b-9868-57a2d4851a1d" />
    <TestEntry testId="7efd0b0b-8ee2-d5e8-47e2-5ba5eebb44d2" executionId="027d4ed7-93f4-45cd-a1ea-b81b0b29d803" testListId="8c84fa94-04c1-424b-9868-57a2d4851a1d" />
    <TestEntry testId="cf93dd1e-782f-a497-0561-e7df285ec6b5" executionId="a16fa020-8647-4cb4-b8df-648d94644527" testListId="8c84fa94-04c1-424b-9868-57a2d4851a1d" />
    <TestEntry testId="086f68bd-b3fd-894f-d1fe-0dbb71a51984" executionId="194b79e4-afa8-4baa-ac44-9757c0d21ac2" testListId="8c84fa94-04c1-424b-9868-57a2d4851a1d" />
    <TestEntry testId="128b2e33-c1df-6a98-010e-1414bed50de5" executionId="e804255c-15f3-4947-983c-7cd06c788ce1" testListId="8c84fa94-04c1-424b-9868-57a2d4851a1d" />
    <TestEntry testId="8859dd67-9eea-687f-ff9c-c8608298b7a0" executionId="d911c058-a096-41e6-a503-d8759b8cd373" testListId="8c84fa94-04c1-424b-9868-57a2d4851a1d" />
    <TestEntry testId="ba610d56-53b0-45dd-63d9-9d6b77e9ef0d" executionId="737333d8-6c8d-4942-a81d-8db7ce38aba0" testListId="8c84fa94-04c1-424b-9868-57a2d4851a1d" />
    <TestEntry testId="c437592f-ad90-49b0-0c63-3ab7616bb2a4" executionId="50f36cc1-ce04-4015-a3ad-24842c6683a5" testListId="8c84fa94-04c1-424b-9868-57a2d4851a1d" />
    <TestEntry testId="0b31d2fc-41d9-baed-8aab-114ee6aaff9e" executionId="468ee8b4-9c7b-4a04-8ae0-5ecd2655318f" testListId="8c84fa94-04c1-424b-9868-57a2d4851a1d" />
    <TestEntry testId="1b904dc2-8da7-b28a-8a35-1d3fce5defa3" executionId="e9bc7d6b-e3e2-4d3b-9f40-9acfc9102fe2" testListId="8c84fa94-04c1-424b-9868-57a2d4851a1d" />
    <TestEntry testId="20f75a53-728a-3e27-2cbb-bec08c93c778" executionId="225ea7da-4c2a-4a54-bc7a-4f3a099097c2" testListId="8c84fa94-04c1-424b-9868-57a2d4851a1d" />
    <TestEntry testId="03cd529c-594e-f5f4-394a-38e5c1ffbbd4" executionId="559031b6-cce9-4b21-b9c8-1dd585562387" testListId="8c84fa94-04c1-424b-9868-57a2d4851a1d" />
    <TestEntry testId="58f9e5ce-1bab-0c6b-1e0b-98e0a0083c94" executionId="185b0c35-9723-4e99-b832-b96b2a5b1162" testListId="8c84fa94-04c1-424b-9868-57a2d4851a1d" />
    <TestEntry testId="86c41238-e1bd-d4dd-850b-3f251771aebe" executionId="123382f6-c9bf-47e0-903b-1528efaf419d" testListId="8c84fa94-04c1-424b-9868-57a2d4851a1d" />
    <TestEntry testId="8fd04541-1f43-6b67-271f-30979468cdcb" executionId="ce724b57-3762-4359-82c3-0d47f7f775b6" testListId="8c84fa94-04c1-424b-9868-57a2d4851a1d" />
    <TestEntry testId="e32ceaf5-2044-6a33-b092-c29de2fe095b" executionId="2bb2f484-8677-4e72-98b0-166ec7d03c72" testListId="8c84fa94-04c1-424b-9868-57a2d4851a1d" />
    <TestEntry testId="eecc6ae5-4868-d53f-bcda-2ec72c5d7ea3" executionId="d2e14783-d48e-4693-8ce1-57e76d888eb4" testListId="8c84fa94-04c1-424b-9868-57a2d4851a1d" />
    <TestEntry testId="59fc518d-691e-1e5f-347b-11ecb9d13e9d" executionId="b5779f29-18b0-4d7e-bc40-5b0f2bf78bab" testListId="8c84fa94-04c1-424b-9868-57a2d4851a1d" />
    <TestEntry testId="f7956f7c-5887-9a0c-7c3e-645573a0e845" executionId="7d7f04f1-b1da-4539-86a2-40b870e85789" testListId="8c84fa94-04c1-424b-9868-57a2d4851a1d" />
    <TestEntry testId="8fac2b79-9e79-56e1-c8b9-dbffbd82ae43" executionId="45177f07-88c7-48d6-85fb-b13bb1a48475" testListId="8c84fa94-04c1-424b-9868-57a2d4851a1d" />
    <TestEntry testId="22ff405e-4e4b-ec94-1d81-69603bb819cf" executionId="b7dd1d41-cd4c-4cad-aca3-82e07c47f5ae" testListId="8c84fa94-04c1-424b-9868-57a2d4851a1d" />
    <TestEntry testId="0c1060a1-daea-cc27-1eec-f91d6e03fb50" executionId="3f587cc6-c1c4-46b4-955d-5cc76561c150" testListId="8c84fa94-04c1-424b-9868-57a2d4851a1d" />
    <TestEntry testId="30c3cce2-7c89-bcba-f34c-cd4f8b59ce23" executionId="a385e339-7eff-40ce-8665-174e5236401e" testListId="8c84fa94-04c1-424b-9868-57a2d4851a1d" />
    <TestEntry testId="9c345799-e138-7ed0-5b4a-1011418b61de" executionId="a8605c4a-8946-4a18-a360-094d4178c624" testListId="8c84fa94-04c1-424b-9868-57a2d4851a1d" />
    <TestEntry testId="d38f3350-2c4c-d044-aa67-55d99697e67a" executionId="59804989-b6c3-4497-81c7-1cc0a490e16c" testListId="8c84fa94-04c1-424b-9868-57a2d4851a1d" />
    <TestEntry testId="5528f4d8-ebd5-6f1e-e4bf-3f7dddfcc499" executionId="bc2712cb-369a-4141-9828-3b6d76d17785" testListId="8c84fa94-04c1-424b-9868-57a2d4851a1d" />
    <TestEntry testId="aff9e195-4e54-a676-8f24-47ec072e3f76" executionId="0fc4866f-cb89-4898-b96a-6aacae20a633" testListId="8c84fa94-04c1-424b-9868-57a2d4851a1d" />
    <TestEntry testId="a64081be-e7d0-830f-dfc8-24bbee2a32f5" executionId="9399358d-a558-46eb-9763-1c025d747b9c" testListId="8c84fa94-04c1-424b-9868-57a2d4851a1d" />
    <TestEntry testId="74b4106b-4b89-70e5-ec6d-b53991f24ded" executionId="ab8eb42f-a0e1-4bf6-a8c9-9c9a36957dd3" testListId="8c84fa94-04c1-424b-9868-57a2d4851a1d" />
    <TestEntry testId="8237b5ca-ec4b-2f2b-c709-52a921fafd5c" executionId="9815c2de-e33b-4746-b72a-359cdacdc252" testListId="8c84fa94-04c1-424b-9868-57a2d4851a1d" />
    <TestEntry testId="20095e8b-1aec-bdd5-2c64-cc198f7229e3" executionId="671f7505-0184-4a77-8193-27357317f1ca" testListId="8c84fa94-04c1-424b-9868-57a2d4851a1d" />
    <TestEntry testId="680a57ed-aef7-7627-554b-2ab01bc33ccf" executionId="f2fe4e3d-5671-4d5f-bedc-fd3758e3295d" testListId="8c84fa94-04c1-424b-9868-57a2d4851a1d" />
    <TestEntry testId="1c544035-38ea-054f-e87c-73d6a628523a" executionId="a2c13ffd-2b9e-4210-97b7-ad1abb8ee630" testListId="8c84fa94-04c1-424b-9868-57a2d4851a1d" />
    <TestEntry testId="c830e46b-5a37-f382-9022-bd36e87a160f" executionId="de0ba971-b543-4618-8eab-4a35adabf4b7" testListId="8c84fa94-04c1-424b-9868-57a2d4851a1d" />
    <TestEntry testId="fde1c954-98a7-7238-71c0-b624bf2faef3" executionId="17a1a2dd-1390-4414-9ac3-0b588f2cc9f0" testListId="8c84fa94-04c1-424b-9868-57a2d4851a1d" />
    <TestEntry testId="fb45c14f-031e-2628-e205-53c6379c578f" executionId="b6406efb-e6e9-4170-a8b2-bbffb00e37b9" testListId="8c84fa94-04c1-424b-9868-57a2d4851a1d" />
    <TestEntry testId="3aa1d18f-f8de-dbde-ff88-7a89e4d8499f" executionId="a850d8ee-8f89-4d15-988f-a33e3801ed2f" testListId="8c84fa94-04c1-424b-9868-57a2d4851a1d" />
    <TestEntry testId="e42f56d1-0116-4ec2-39ce-514840e88883" executionId="c558e097-872c-4ae8-92b5-7a43bf869f98" testListId="8c84fa94-04c1-424b-9868-57a2d4851a1d" />
    <TestEntry testId="72f321e8-2790-5738-6c76-f3c93e06a4d9" executionId="9c881c0b-4f6f-4dc0-af25-f9cbacf60e2a" testListId="8c84fa94-04c1-424b-9868-57a2d4851a1d" />
    <TestEntry testId="09eb03c3-6c6b-d07d-0c0e-f69b7a3941d2" executionId="c53d16e5-11d2-431b-8263-f2509cad8bb8" testListId="8c84fa94-04c1-424b-9868-57a2d4851a1d" />
    <TestEntry testId="76e6779b-a81e-af08-fa5a-6175a7306b7c" executionId="92f5f7be-82a7-412e-870e-78874d319bb0" testListId="8c84fa94-04c1-424b-9868-57a2d4851a1d" />
    <TestEntry testId="d4a217ca-816a-5180-50f8-63455cbe611d" executionId="24a0a9bd-9c98-4310-aae9-f9a9446168dc" testListId="8c84fa94-04c1-424b-9868-57a2d4851a1d" />
    <TestEntry testId="e931af6a-3452-9003-decc-ede4ba4ec081" executionId="b2ab7b70-49ff-4cc9-a045-25730dcdefb3" testListId="8c84fa94-04c1-424b-9868-57a2d4851a1d" />
    <TestEntry testId="bfcb74b4-5613-466e-636e-46588ff6d874" executionId="634fb397-f27d-4af4-b7e3-fd6df3ba1352" testListId="8c84fa94-04c1-424b-9868-57a2d4851a1d" />
    <TestEntry testId="5178c6a1-917a-63ef-4a44-3f3fa3a4a76b" executionId="cab02892-9c1a-4b01-b85e-c878a3e49257" testListId="8c84fa94-04c1-424b-9868-57a2d4851a1d" />
    <TestEntry testId="66032912-b178-4308-e9cd-9139f23f4710" executionId="f54cedaf-1555-419c-a316-34440f13f948" testListId="8c84fa94-04c1-424b-9868-57a2d4851a1d" />
    <TestEntry testId="4bfa13d1-17a0-4954-0e3e-a26d2de2fb23" executionId="44e4dca7-aa2a-4ef0-b45a-2990cd6dd215" testListId="8c84fa94-04c1-424b-9868-57a2d4851a1d" />
    <TestEntry testId="b6b4e5c5-badb-9c66-8425-431f3f703e83" executionId="378bea32-b0ef-4ae2-b031-bbbf3283e8de" testListId="8c84fa94-04c1-424b-9868-57a2d4851a1d" />
    <TestEntry testId="098238b9-0456-1247-ed8e-8206ed9eaecc" executionId="9f1ad594-c703-460c-be26-a656cb3cb841" testListId="8c84fa94-04c1-424b-9868-57a2d4851a1d" />
    <TestEntry testId="3ac61dc8-78ef-0ee4-9390-ba6ea3941593" executionId="a14f003b-e858-427e-baeb-f92ee4c3a9c9" testListId="8c84fa94-04c1-424b-9868-57a2d4851a1d" />
    <TestEntry testId="6f8b015e-fbb6-5aab-26fd-c4459351481b" executionId="a11b74ec-0e08-4781-ab85-3e82bd7bbeff" testListId="8c84fa94-04c1-424b-9868-57a2d4851a1d" />
    <TestEntry testId="2f77d4eb-b7a9-7cda-63c7-d0a9b8c15e31" executionId="6ac7e14a-83c6-49f0-9f91-7c8249f14b6c" testListId="8c84fa94-04c1-424b-9868-57a2d4851a1d" />
    <TestEntry testId="256a8d96-ed89-157f-5f7b-6e821bc88fbc" executionId="8cd6a1fa-5419-4d2e-8a33-f1278a4c775b" testListId="8c84fa94-04c1-424b-9868-57a2d4851a1d" />
    <TestEntry testId="d09ead03-57a4-a7c5-33ac-18bdf2ed785e" executionId="68aa2a5a-8b1d-44e3-a51f-fc1f0ebf5292" testListId="8c84fa94-04c1-424b-9868-57a2d4851a1d" />
    <TestEntry testId="3f1adbc0-0196-34e5-6649-a85c5488fa91" executionId="950bf324-5e25-4a08-b89f-58b632d222c9" testListId="8c84fa94-04c1-424b-9868-57a2d4851a1d" />
    <TestEntry testId="8bb3b051-fd54-70fa-37da-5e1986e478a5" executionId="2fcd4cab-055d-43e8-89ed-da1bb949d83c" testListId="8c84fa94-04c1-424b-9868-57a2d4851a1d" />
    <TestEntry testId="c60ed206-bcf7-dc0f-cf55-94fdc287fbf9" executionId="d5cec440-67a9-4e6c-9417-78e1c749e3e1" testListId="8c84fa94-04c1-424b-9868-57a2d4851a1d" />
    <TestEntry testId="98025163-67c4-34a3-d0e7-9dbdb150f12f" executionId="398223e9-45ba-4d0e-ab09-4aa593abe63b" testListId="8c84fa94-04c1-424b-9868-57a2d4851a1d" />
    <TestEntry testId="47086e35-06f3-bc27-02fb-3f657d13b0a3" executionId="56c8bc93-30ad-4c01-bc30-abd9b5ac05c2" testListId="8c84fa94-04c1-424b-9868-57a2d4851a1d" />
    <TestEntry testId="75c1372b-c80e-ab1f-dc10-8b8dc4679533" executionId="44915ae2-463e-4739-920d-08a628b3ec11" testListId="8c84fa94-04c1-424b-9868-57a2d4851a1d" />
    <TestEntry testId="a345261d-59be-f694-1a7a-ca5ce2d2d4c4" executionId="ef0d8a3f-936e-4c20-b396-e769d1a71931" testListId="8c84fa94-04c1-424b-9868-57a2d4851a1d" />
    <TestEntry testId="9553bcf1-c46a-a9e1-ecea-160af9ebe5b9" executionId="3eb864cf-5f03-4e98-a097-92b0e9cd8699" testListId="8c84fa94-04c1-424b-9868-57a2d4851a1d" />
    <TestEntry testId="465b8b22-ae43-8771-bab3-c61bdf88be2c" executionId="f8d65752-8633-4de9-b72e-f2e1b0dc758b" testListId="8c84fa94-04c1-424b-9868-57a2d4851a1d" />
    <TestEntry testId="e70aaa39-34a4-5c29-d102-ad4674ca6ab6" executionId="afee0c07-3365-4a14-b290-a9952034b272" testListId="8c84fa94-04c1-424b-9868-57a2d4851a1d" />
    <TestEntry testId="756b1026-c36e-4a38-c9bf-9c8381bc803a" executionId="c79e43b2-1ac9-4b5e-86cd-4b4ec91fa3c6" testListId="8c84fa94-04c1-424b-9868-57a2d4851a1d" />
    <TestEntry testId="443d82e7-b131-4eab-c0c2-77bcf8c78c0e" executionId="ff8e6818-3196-4763-8975-5f1c7f436755" testListId="8c84fa94-04c1-424b-9868-57a2d4851a1d" />
    <TestEntry testId="6768218c-6567-ac9b-b338-b8819476acaf" executionId="e3612832-54b7-4c31-ba26-e795204dde48" testListId="8c84fa94-04c1-424b-9868-57a2d4851a1d" />
    <TestEntry testId="471f48b3-66b4-1d2b-45d6-de2cd4b57983" executionId="ba29620e-4e5d-4133-b6ea-0de52b2cf731" testListId="8c84fa94-04c1-424b-9868-57a2d4851a1d" />
    <TestEntry testId="a0f0b9fe-c760-fce9-98fe-b72d6b75fdd4" executionId="bfb55b92-bf69-477b-80fd-4fa4c22e637c" testListId="8c84fa94-04c1-424b-9868-57a2d4851a1d" />
    <TestEntry testId="564ab877-3eea-6f19-973d-0b36bea909da" executionId="bd966056-3904-44cd-bd42-a87358ac2bb7" testListId="8c84fa94-04c1-424b-9868-57a2d4851a1d" />
    <TestEntry testId="174b6e17-833b-348f-bc26-a67a058e5e9c" executionId="d85d75c8-fe26-48f2-a4a6-bb61f02fcaef" testListId="8c84fa94-04c1-424b-9868-57a2d4851a1d" />
    <TestEntry testId="15d64ad8-f453-6ded-46ce-06d0f8e68caf" executionId="48fc5746-ffb1-4cf2-ba1c-ba18bf7ec21b" testListId="8c84fa94-04c1-424b-9868-57a2d4851a1d" />
    <TestEntry testId="bd707b6d-52c2-46b2-18db-713a0a8d72d0" executionId="05de805d-6138-40bb-9705-159ddaacf269" testListId="8c84fa94-04c1-424b-9868-57a2d4851a1d" />
    <TestEntry testId="58020c11-c291-9fff-a6eb-d178031b96c9" executionId="65390a12-0d44-4016-8465-c0ab56100bb4" testListId="8c84fa94-04c1-424b-9868-57a2d4851a1d" />
    <TestEntry testId="787e4f4b-a6f8-e61e-60f5-7ef57c15df22" executionId="153412a9-9cf7-4229-ab35-66b6437b4d1b" testListId="8c84fa94-04c1-424b-9868-57a2d4851a1d" />
    <TestEntry testId="81bd21f5-845e-aa35-fada-47a8b94de4c8" executionId="6a28238a-ec43-4533-b39c-f1da82fcb42f" testListId="8c84fa94-04c1-424b-9868-57a2d4851a1d" />
    <TestEntry testId="7590abfc-e3f9-c5c4-d7ce-a5409c12a2d1" executionId="9bacf40e-597d-4b9a-8b56-431ac299f216" testListId="8c84fa94-04c1-424b-9868-57a2d4851a1d" />
    <TestEntry testId="fa88707c-fe6b-f9d4-e057-126c8ed49b45" executionId="06dd4978-67dc-4c65-9762-6cbfdf56c69a" testListId="8c84fa94-04c1-424b-9868-57a2d4851a1d" />
    <TestEntry testId="2a27032e-00ea-3b79-aa12-bae663492183" executionId="bb654bd9-7d8a-492d-8dfe-d733598f4c8b" testListId="8c84fa94-04c1-424b-9868-57a2d4851a1d" />
    <TestEntry testId="a24366aa-9e79-801f-e1af-8419027c8a13" executionId="57abf63c-5c16-4721-a31b-9cca68d437e2" testListId="8c84fa94-04c1-424b-9868-57a2d4851a1d" />
    <TestEntry testId="c453c6ec-7ac7-6aba-4513-ebc0b71441c4" executionId="30d8ed7d-c374-4b63-83e0-da2b568484e6" testListId="8c84fa94-04c1-424b-9868-57a2d4851a1d" />
    <TestEntry testId="d350588b-1fce-1d28-5c54-f6126b74c227" executionId="851c7e3b-face-492f-82e0-ee158380dd65" testListId="8c84fa94-04c1-424b-9868-57a2d4851a1d" />
    <TestEntry testId="eee8715c-d733-130b-cc22-7b1892f2f926" executionId="97acea72-18ad-45da-b56c-d5c49dae577d" testListId="8c84fa94-04c1-424b-9868-57a2d4851a1d" />
    <TestEntry testId="1926ccdc-00d6-72e9-1270-04d414099d1b" executionId="dededa7b-3343-4d89-9823-9682f7bf5f47" testListId="8c84fa94-04c1-424b-9868-57a2d4851a1d" />
    <TestEntry testId="efb45302-0f2f-f7b4-5294-ebcf02624fff" executionId="1b79ae76-6dcd-40a4-b421-f6ee45660c42" testListId="8c84fa94-04c1-424b-9868-57a2d4851a1d" />
    <TestEntry testId="1427994f-dfc2-3b8f-5f19-9134cfec26f2" executionId="8d958ef7-2049-4037-9599-e9e8145e692b" testListId="8c84fa94-04c1-424b-9868-57a2d4851a1d" />
    <TestEntry testId="468fc6f1-090e-af4a-e3f5-89b42d48597a" executionId="8326ec3c-ec3a-447a-baaa-b60c26b03c36" testListId="8c84fa94-04c1-424b-9868-57a2d4851a1d" />
    <TestEntry testId="2fbca240-d73e-90fe-fa10-66a717472df8" executionId="df3e865e-915f-4eb6-ba42-a9eb194ff8fc" testListId="8c84fa94-04c1-424b-9868-57a2d4851a1d" />
    <TestEntry testId="562129e5-360d-2549-3c09-e4b49f36264d" executionId="ace5263f-6b81-4df0-88c7-3257467d72a7" testListId="8c84fa94-04c1-424b-9868-57a2d4851a1d" />
    <TestEntry testId="480a0e18-f143-bc50-4b24-c10a44209bde" executionId="ecd0fa17-5cb8-4f25-adcc-2de44bdac058" testListId="8c84fa94-04c1-424b-9868-57a2d4851a1d" />
    <TestEntry testId="1ba666a9-505f-17c4-4bdf-33a9bb6fc01d" executionId="554aa730-1621-48a1-879a-a2e5f05d5ade" testListId="8c84fa94-04c1-424b-9868-57a2d4851a1d" />
    <TestEntry testId="6b71b8f6-958a-0474-734c-5037b2d776ec" executionId="9359abd6-b38c-4eb8-b296-a09b55abf2c0" testListId="8c84fa94-04c1-424b-9868-57a2d4851a1d" />
    <TestEntry testId="654eaa9a-fb20-1f7a-8fb7-20107e7e962f" executionId="67d28950-9357-4609-84fa-757b22f2076c" testListId="8c84fa94-04c1-424b-9868-57a2d4851a1d" />
    <TestEntry testId="ca034f59-6d8f-3d39-f10e-3725456122ef" executionId="f089ebba-f6e2-4553-85d4-bc3b860b5d79" testListId="8c84fa94-04c1-424b-9868-57a2d4851a1d" />
    <TestEntry testId="1fd45540-89f6-40d1-32d1-2043299aad61" executionId="8af16b1b-85e7-4bfd-b5fe-e430f312b7c1" testListId="8c84fa94-04c1-424b-9868-57a2d4851a1d" />
    <TestEntry testId="c8836a8e-d919-c2fa-5c2d-61cd7e788ac3" executionId="22ee0385-cd9e-4d91-b6d8-a1339c6b8c1d" testListId="8c84fa94-04c1-424b-9868-57a2d4851a1d" />
    <TestEntry testId="eaddf983-315a-e36c-c3b9-c9529d03d71a" executionId="2c48efe6-2613-4883-8474-8c8b83c0b94f" testListId="8c84fa94-04c1-424b-9868-57a2d4851a1d" />
    <TestEntry testId="51b33863-1938-707d-697f-94c37596fd6d" executionId="2b1a84fe-7233-4f93-909d-107eeaac73f9" testListId="8c84fa94-04c1-424b-9868-57a2d4851a1d" />
    <TestEntry testId="39aaf2dd-3448-323b-0eb5-0e11c3f52c46" executionId="f53d111a-72fe-4515-94b3-dc1580f2beb1" testListId="8c84fa94-04c1-424b-9868-57a2d4851a1d" />
    <TestEntry testId="10cbd16f-822a-fdd7-e8ae-fa1a3eaa3761" executionId="1c11a547-869b-403f-97be-890988639e19" testListId="8c84fa94-04c1-424b-9868-57a2d4851a1d" />
    <TestEntry testId="a80ce00d-8fef-39f6-2b9d-90a0409ab21e" executionId="dd747c1c-149a-4bb0-bd4a-8c08b0a8f8a2" testListId="8c84fa94-04c1-424b-9868-57a2d4851a1d" />
    <TestEntry testId="60839290-1eeb-d8b9-fa35-6da60cd7d64a" executionId="b740568c-1ab6-4551-a1c9-f4e75659bb61" testListId="8c84fa94-04c1-424b-9868-57a2d4851a1d" />
    <TestEntry testId="62d8a504-87cb-5ba7-c255-1d3c38bd41a0" executionId="c6721f49-2509-417e-b140-0d9073fd8904" testListId="8c84fa94-04c1-424b-9868-57a2d4851a1d" />
    <TestEntry testId="996b6d38-8904-1e30-ea22-94e60915db8c" executionId="1fb6378b-7b66-4274-b221-4392711f583b" testListId="8c84fa94-04c1-424b-9868-57a2d4851a1d" />
    <TestEntry testId="b326ef4c-7f50-dcc1-8e16-23f12d57cfac" executionId="1611aace-9c88-40e6-95ef-c55fb96e5323" testListId="8c84fa94-04c1-424b-9868-57a2d4851a1d" />
    <TestEntry testId="e2f7c893-77fd-2757-2bf1-4ba1cfd4b69d" executionId="6a21c65e-3615-403f-974c-236968872658" testListId="8c84fa94-04c1-424b-9868-57a2d4851a1d" />
    <TestEntry testId="a082270a-fadb-de54-1aa3-b3ff6bca16d1" executionId="6a49fa59-34e4-4549-b47a-e36fce7b2dd9" testListId="8c84fa94-04c1-424b-9868-57a2d4851a1d" />
    <TestEntry testId="ce9f63bc-f09c-6c5b-d0d3-a2c6899e0bb7" executionId="769d1bfc-3f64-4b37-a1c1-e78ea6c497ab" testListId="8c84fa94-04c1-424b-9868-57a2d4851a1d" />
    <TestEntry testId="bfd25a89-37a1-8b6d-3055-743f4224a763" executionId="673d2f3c-024c-4d49-95a5-2a7232d518bd" testListId="8c84fa94-04c1-424b-9868-57a2d4851a1d" />
    <TestEntry testId="273b19f2-bc2e-0fff-03d9-8e3fde4e1105" executionId="9f007314-f594-4622-8dbb-f87cdd1f0320" testListId="8c84fa94-04c1-424b-9868-57a2d4851a1d" />
    <TestEntry testId="c0743634-0e8c-60ff-dd33-aa3c1f7c437b" executionId="d1341172-1e89-4857-ad33-f497a7d128d6" testListId="8c84fa94-04c1-424b-9868-57a2d4851a1d" />
    <TestEntry testId="6f030a63-1915-c5bb-effc-e00334ecdc58" executionId="7b5609aa-20fb-4334-8a99-7424e250a800" testListId="8c84fa94-04c1-424b-9868-57a2d4851a1d" />
    <TestEntry testId="ed1f5b6f-32d8-84ac-275a-18cb835c861f" executionId="7fd7a534-d348-42bd-9dd3-26bded3b5aa1" testListId="8c84fa94-04c1-424b-9868-57a2d4851a1d" />
    <TestEntry testId="f6f57a3d-4eb8-1874-da57-7a9e4d6b9c42" executionId="cd5338ca-baa7-43b5-bbe3-e251879053e8" testListId="8c84fa94-04c1-424b-9868-57a2d4851a1d" />
    <TestEntry testId="9347f5be-5008-ff2d-ab85-8c6415e57b12" executionId="c0c5c644-fc14-4d93-ac16-7d28ea23254d" testListId="8c84fa94-04c1-424b-9868-57a2d4851a1d" />
    <TestEntry testId="feef8d1e-733e-c97b-cae9-59e37cf87fb6" executionId="67662534-3cd8-4a1b-bbb3-87bb5222b8f2" testListId="8c84fa94-04c1-424b-9868-57a2d4851a1d" />
    <TestEntry testId="11a87397-1757-077d-c7e6-d2ba1dcbdd5b" executionId="8eaccdda-2be3-4bf6-a3df-b6e6332fb5f2" testListId="8c84fa94-04c1-424b-9868-57a2d4851a1d" />
    <TestEntry testId="13f1786b-ba98-dd5e-fe5d-f541f09404b5" executionId="e74cbf9f-6e52-4cda-9494-26587b44789d" testListId="8c84fa94-04c1-424b-9868-57a2d4851a1d" />
    <TestEntry testId="2d61dcee-0012-4326-757b-21eec977f81e" executionId="d6899460-ffc5-443c-92ce-cb611d7b89d2" testListId="8c84fa94-04c1-424b-9868-57a2d4851a1d" />
    <TestEntry testId="a7365563-432a-a490-6278-92d0ebb084fc" executionId="e2a7c583-45c8-40b4-a6cb-aca54446e76f" testListId="8c84fa94-04c1-424b-9868-57a2d4851a1d" />
    <TestEntry testId="99f5e557-c1c6-7f3a-33fd-4b0fa5a0fc7b" executionId="c05faec1-c7fd-4855-8aa0-d99b62ff585c" testListId="8c84fa94-04c1-424b-9868-57a2d4851a1d" />
    <TestEntry testId="0743b053-5f80-39e3-2415-87af7f5a56f8" executionId="5b153605-1a0f-4a87-a293-5174631a5c29" testListId="8c84fa94-04c1-424b-9868-57a2d4851a1d" />
    <TestEntry testId="65c51164-1841-273f-ce30-d1469bd02f88" executionId="d943d217-aa6e-4b99-bf73-087591a7669c" testListId="8c84fa94-04c1-424b-9868-57a2d4851a1d" />
    <TestEntry testId="06d185b1-8e0c-2b9c-5317-e602212f73e4" executionId="b3ad5113-4051-4d54-b102-d7c89cd89969" testListId="8c84fa94-04c1-424b-9868-57a2d4851a1d" />
    <TestEntry testId="13bb17c0-9c5e-610c-5753-956c620e1962" executionId="11506e20-8af5-4ddd-86ed-371a94b6a76e" testListId="8c84fa94-04c1-424b-9868-57a2d4851a1d" />
    <TestEntry testId="5bf4d307-a36a-3c36-5190-d6315ecad070" executionId="2bb6c059-3a5a-4c08-a518-d9d7e5bd01a5" testListId="8c84fa94-04c1-424b-9868-57a2d4851a1d" />
    <TestEntry testId="0fb4b634-81ad-43fa-a70e-b06cb2c289b2" executionId="3efa8f08-377b-4245-aaaf-dfe73a575250" testListId="8c84fa94-04c1-424b-9868-57a2d4851a1d" />
    <TestEntry testId="0be35ca5-d72a-7b15-1c8a-f42c97327233" executionId="dad6031e-4afe-4208-972a-32a4fb5efeb1" testListId="8c84fa94-04c1-424b-9868-57a2d4851a1d" />
    <TestEntry testId="ec80a51d-21e0-d5fc-5b4e-aaa2b87640b8" executionId="2eb4cf7e-9948-4a93-977f-e3cdd20dadf4" testListId="8c84fa94-04c1-424b-9868-57a2d4851a1d" />
    <TestEntry testId="b3391feb-285b-6d84-ca18-8c0b0036158b" executionId="bd01e44d-bee1-41d4-994e-d8b3a3f6e48e" testListId="8c84fa94-04c1-424b-9868-57a2d4851a1d" />
    <TestEntry testId="95a5821f-1395-86bd-c7b5-2db60e40402a" executionId="2f445c3d-3c9c-4afb-b175-866ba0575ff1" testListId="8c84fa94-04c1-424b-9868-57a2d4851a1d" />
    <TestEntry testId="8f0f2481-35fe-ae01-bfcb-690467c4a7bc" executionId="1f92624d-41f3-4039-a2bd-f8917efe7dd7" testListId="8c84fa94-04c1-424b-9868-57a2d4851a1d" />
    <TestEntry testId="b65bf01a-1b91-6b6e-4a80-ca1071e8595d" executionId="6a2cadb0-dc67-4991-ba55-ba79724e16b8" testListId="8c84fa94-04c1-424b-9868-57a2d4851a1d" />
    <TestEntry testId="66e03bc3-9a1a-bb82-873e-d256b3c27477" executionId="848fb41d-f531-4165-a836-806a020532cb" testListId="8c84fa94-04c1-424b-9868-57a2d4851a1d" />
    <TestEntry testId="616fe719-bf7f-7000-9e32-4cae5f1dd897" executionId="c22409f3-ad08-427f-bb54-3b265c12b753" testListId="8c84fa94-04c1-424b-9868-57a2d4851a1d" />
    <TestEntry testId="35ba7772-dced-01ec-65bd-9f0afe402f1a" executionId="bad6d483-bc5b-401e-9512-cf877baa03b4" testListId="8c84fa94-04c1-424b-9868-57a2d4851a1d" />
    <TestEntry testId="76480529-7b76-e863-86e1-c858751ba287" executionId="0c89a685-7ec6-4094-b7d9-0db2c5ba633b" testListId="8c84fa94-04c1-424b-9868-57a2d4851a1d" />
    <TestEntry testId="aa75de74-31a0-219d-da36-2e429565c098" executionId="19680088-8927-471a-b8d7-eb0b3230b437" testListId="8c84fa94-04c1-424b-9868-57a2d4851a1d" />
    <TestEntry testId="d0bc7ea5-e2a0-6790-9331-20e93b51d0a9" executionId="01d48d95-84a9-4dcd-811c-c6088c5dd2fe" testListId="8c84fa94-04c1-424b-9868-57a2d4851a1d" />
    <TestEntry testId="ad26ac72-d472-3446-b429-a39e27a79b16" executionId="32c88eda-286a-4e00-81e2-2bd9d837111c" testListId="8c84fa94-04c1-424b-9868-57a2d4851a1d" />
    <TestEntry testId="84ecda38-a103-69a6-dbd6-ef8eb51c722d" executionId="8fa7a31e-a78d-4f82-9851-8bb0feba565b" testListId="8c84fa94-04c1-424b-9868-57a2d4851a1d" />
    <TestEntry testId="78a4d834-d8c9-b5a6-8099-63f422dfe326" executionId="30d250b8-6f9d-472f-862c-f6aec38fb8bb" testListId="8c84fa94-04c1-424b-9868-57a2d4851a1d" />
    <TestEntry testId="3f5af0d1-875c-7462-d712-e00deb320d7a" executionId="4f5af81e-c26e-4ea4-803b-988e7546d53c" testListId="8c84fa94-04c1-424b-9868-57a2d4851a1d" />
    <TestEntry testId="2a458999-94a8-df5e-d99f-8bcf0589d98d" executionId="d846be94-35a6-482b-9ba0-36bcc66b1670" testListId="8c84fa94-04c1-424b-9868-57a2d4851a1d" />
    <TestEntry testId="4af94715-f0ba-c849-32a4-dbc86e4a475a" executionId="943288a4-e893-4937-a447-2dd4ab0aea86" testListId="8c84fa94-04c1-424b-9868-57a2d4851a1d" />
    <TestEntry testId="98e742b5-a9e8-df93-45b6-fa0d531caa6b" executionId="3e5a2182-6854-4a9d-a4e3-cf46b05efdc7" testListId="8c84fa94-04c1-424b-9868-57a2d4851a1d" />
    <TestEntry testId="731f5d07-dc75-9cda-bd6a-a157696b5258" executionId="c0f9b0b5-7544-4253-9c5a-8a5dc12f0845" testListId="8c84fa94-04c1-424b-9868-57a2d4851a1d" />
    <TestEntry testId="8e1e0562-0c98-e226-1bf8-4de563a5fa13" executionId="c4e48fca-7a05-4627-a889-7f796d82ff2b" testListId="8c84fa94-04c1-424b-9868-57a2d4851a1d" />
    <TestEntry testId="631fe5fb-b05e-5e70-7bfe-0a09b32bd7e6" executionId="9ac4fd58-1669-4bba-8c40-4f463d92314a" testListId="8c84fa94-04c1-424b-9868-57a2d4851a1d" />
    <TestEntry testId="f433ab30-ec94-3266-329c-2d06d086eb91" executionId="17eff867-fd9b-47dd-bed8-491cfa198796" testListId="8c84fa94-04c1-424b-9868-57a2d4851a1d" />
    <TestEntry testId="cc57926d-969f-f4d6-e13e-e69125306611" executionId="6fc8b00d-b390-4481-b519-e9dc3bfa4d00" testListId="8c84fa94-04c1-424b-9868-57a2d4851a1d" />
    <TestEntry testId="f6472f07-5ce8-7db5-6dd2-9068452de237" executionId="54f4373e-2ecb-439a-8286-2b91f06b5f97" testListId="8c84fa94-04c1-424b-9868-57a2d4851a1d" />
    <TestEntry testId="1d8da37b-0383-95ed-5f34-6e3377ad113e" executionId="0138e175-be75-4b9e-9563-ed63a978c05b" testListId="8c84fa94-04c1-424b-9868-57a2d4851a1d" />
    <TestEntry testId="b60b2e32-2e62-9f1a-0957-c89aa9a236dd" executionId="2a5c5772-89e1-4f78-a619-6f2676aa1271" testListId="8c84fa94-04c1-424b-9868-57a2d4851a1d" />
    <TestEntry testId="cff9ba3d-2dbc-742f-d119-8f20ec27c96a" executionId="af8baa8f-b1dd-4589-81c8-bac86634ee93" testListId="8c84fa94-04c1-424b-9868-57a2d4851a1d" />
    <TestEntry testId="2b2c3e93-fce0-8fb6-cf91-4df9fcc9f54b" executionId="7b44557e-86a3-40d1-b9b9-a5aca30f5c29" testListId="8c84fa94-04c1-424b-9868-57a2d4851a1d" />
    <TestEntry testId="49f08ad4-e3ca-7af9-80e5-b685a0b47674" executionId="531a2fce-c0cc-42d7-b753-bbc53090d661" testListId="8c84fa94-04c1-424b-9868-57a2d4851a1d" />
    <TestEntry testId="d5b1edb5-b12f-6f9b-d326-d112d604818d" executionId="a46029f6-c7e6-4e3f-8fb2-d5b99a476882" testListId="8c84fa94-04c1-424b-9868-57a2d4851a1d" />
    <TestEntry testId="ded252ea-8f84-3526-fab0-59d3517f77f7" executionId="118e5b01-044d-4e65-9105-7981d4c7535d" testListId="8c84fa94-04c1-424b-9868-57a2d4851a1d" />
    <TestEntry testId="cb84e372-0db4-cadb-ea5a-8162f8875b13" executionId="0cf6db41-9f20-4fb3-92c9-26c231757394" testListId="8c84fa94-04c1-424b-9868-57a2d4851a1d" />
    <TestEntry testId="741a4e57-0cca-d960-3bbc-2a95ae33db53" executionId="438f1838-3d9e-4d1b-a790-4195c4bf0634" testListId="8c84fa94-04c1-424b-9868-57a2d4851a1d" />
    <TestEntry testId="00c90b43-b77b-0b3c-b457-9469df9e7f8e" executionId="cd291cf1-e389-412b-ad17-e7cd0289c34e" testListId="8c84fa94-04c1-424b-9868-57a2d4851a1d" />
    <TestEntry testId="4fd0e4d4-201f-f92a-a4bd-73991d73bd74" executionId="fd42c6a3-ab10-43ac-8115-99c7d2f423d0" testListId="8c84fa94-04c1-424b-9868-57a2d4851a1d" />
    <TestEntry testId="ffc628dd-c985-e3f1-ca17-da9cca506fbc" executionId="abba1fe8-cc1e-4ec3-a2d0-fd0373af8768" testListId="8c84fa94-04c1-424b-9868-57a2d4851a1d" />
    <TestEntry testId="25c1bea4-c0ff-d075-22a4-63b5c72151e9" executionId="a3ba8771-2426-42a9-a3a4-4e91900b377a" testListId="8c84fa94-04c1-424b-9868-57a2d4851a1d" />
    <TestEntry testId="af52bc0c-9d4d-dbfe-1e9a-8d33e897ef69" executionId="a0228c63-1a0b-474e-8f34-9140fc18a2a0" testListId="8c84fa94-04c1-424b-9868-57a2d4851a1d" />
    <TestEntry testId="e2225881-39fd-7f1c-d804-53db9fd0bebf" executionId="317044e7-74b1-46ad-9a45-4a61951f0e70" testListId="8c84fa94-04c1-424b-9868-57a2d4851a1d" />
    <TestEntry testId="11042bfa-6f03-b286-ef0b-94ab219837bb" executionId="775a8a95-244e-400d-aa71-02723123e1ce" testListId="8c84fa94-04c1-424b-9868-57a2d4851a1d" />
    <TestEntry testId="0c92b541-a11c-af2d-cc00-baa08658eac8" executionId="67c01c2f-a535-4911-9c24-89e56df52e5a" testListId="8c84fa94-04c1-424b-9868-57a2d4851a1d" />
    <TestEntry testId="be92073c-cf35-830c-7fa7-636e79ce0e65" executionId="f305da1a-aa62-462b-87ca-5a10d4666345" testListId="8c84fa94-04c1-424b-9868-57a2d4851a1d" />
    <TestEntry testId="877ca2ae-a522-d5d7-2fd9-a3dd2ef9b711" executionId="f9daf647-7f24-44cf-9708-1ebd3735698f" testListId="8c84fa94-04c1-424b-9868-57a2d4851a1d" />
    <TestEntry testId="8ace6733-ba13-8c23-aec1-3ea938759ad0" executionId="0ede798a-c9ba-4cec-9471-df773d79124a" testListId="8c84fa94-04c1-424b-9868-57a2d4851a1d" />
    <TestEntry testId="ad512448-3972-9a5f-6725-9bed00cac1bb" executionId="0ba47eea-57f2-4412-a4ef-7a0fe36e6dc9" testListId="8c84fa94-04c1-424b-9868-57a2d4851a1d" />
    <TestEntry testId="0bcd34cc-6526-724a-3466-15a3045d227d" executionId="d25ad5ae-53b6-40b1-86f4-fc1fc05130ca" testListId="8c84fa94-04c1-424b-9868-57a2d4851a1d" />
    <TestEntry testId="9c713a2b-9e76-2415-d955-46aa4b04bc55" executionId="450639b4-e8ca-4c44-91fd-74ed965785c8" testListId="8c84fa94-04c1-424b-9868-57a2d4851a1d" />
    <TestEntry testId="0d4c793d-3e33-a08f-1290-d7f68ea68b15" executionId="e049d905-e996-4c1f-933e-45a1924c9dbb" testListId="8c84fa94-04c1-424b-9868-57a2d4851a1d" />
    <TestEntry testId="d2ebcdb0-238b-cbb7-f625-318772534557" executionId="6c09a921-6051-4b98-8366-7dbebc5d92eb" testListId="8c84fa94-04c1-424b-9868-57a2d4851a1d" />
    <TestEntry testId="26745cdf-54c9-6722-4605-f8b66ff30e43" executionId="689ab4b0-43b3-4997-80ad-a3a7608fc10a" testListId="8c84fa94-04c1-424b-9868-57a2d4851a1d" />
    <TestEntry testId="6bd493a3-ac41-907d-ed2a-363507596529" executionId="dd798425-6136-4b0f-aa25-83b295e49475" testListId="8c84fa94-04c1-424b-9868-57a2d4851a1d" />
    <TestEntry testId="ac0a91f2-dd7a-5fc1-8193-eac940cd0656" executionId="5af0c15a-8fd5-4027-b9b8-15e3d77c6a9e" testListId="8c84fa94-04c1-424b-9868-57a2d4851a1d" />
    <TestEntry testId="32e9b154-88f8-7f55-059c-e846ef3efc38" executionId="b9090e10-2470-4970-a637-e19f1ee1c6b1" testListId="8c84fa94-04c1-424b-9868-57a2d4851a1d" />
    <TestEntry testId="e41e37c8-c167-4d5a-947f-916a5e4f0a98" executionId="e01983b0-33a2-4f0a-a8b8-00499dfd245d" testListId="8c84fa94-04c1-424b-9868-57a2d4851a1d" />
    <TestEntry testId="883b6ac9-ac51-b5f6-5a08-17161bbcc88f" executionId="25f021b3-6315-49de-ad71-3f334bdecf36" testListId="8c84fa94-04c1-424b-9868-57a2d4851a1d" />
    <TestEntry testId="6cb01e3f-a03d-67b1-8f23-89bbdd8943a3" executionId="c66c8975-4291-4151-83db-28c3987ad003" testListId="8c84fa94-04c1-424b-9868-57a2d4851a1d" />
    <TestEntry testId="5202701f-df81-3f07-3fd3-41cc028b9321" executionId="feabe245-6873-4de8-b1d9-b8a8e669e57d" testListId="8c84fa94-04c1-424b-9868-57a2d4851a1d" />
    <TestEntry testId="dd0a53f6-9608-d074-ec6b-1fd826ef275e" executionId="a3f20a8d-2ea8-429e-a5c2-f95ee3f313ab" testListId="8c84fa94-04c1-424b-9868-57a2d4851a1d" />
    <TestEntry testId="eaaf3dd9-2849-68dd-8b63-3348a310054b" executionId="402b944b-4209-4348-82c5-154eb24e953c" testListId="8c84fa94-04c1-424b-9868-57a2d4851a1d" />
    <TestEntry testId="906d5dad-24a2-c194-0157-f7aa409300ef" executionId="28441c44-7d4c-4680-b6ee-089c7fdec062" testListId="8c84fa94-04c1-424b-9868-57a2d4851a1d" />
    <TestEntry testId="60f4f078-0154-b41b-3de6-b38d34b12689" executionId="f81e68ee-85f6-45f4-b461-e3d125651a9e" testListId="8c84fa94-04c1-424b-9868-57a2d4851a1d" />
    <TestEntry testId="661b4fd7-8a74-3489-35c5-59457dbca55e" executionId="66123418-e3e4-45eb-a1f1-08dc6cc56893" testListId="8c84fa94-04c1-424b-9868-57a2d4851a1d" />
    <TestEntry testId="33f1da4b-412f-f4c7-12b2-2ccec879b8cc" executionId="15a42234-ce19-49c7-aaf5-14119e8021b2" testListId="8c84fa94-04c1-424b-9868-57a2d4851a1d" />
    <TestEntry testId="5c207727-4ce6-c546-30ce-9e08049db82c" executionId="e5b44d9d-4847-485d-9ace-9df6a2726b7d" testListId="8c84fa94-04c1-424b-9868-57a2d4851a1d" />
    <TestEntry testId="b3b74f06-0222-4a33-dfad-ee23ddfbb054" executionId="02a92c98-93f0-4de1-8d90-c5e56e323c0d" testListId="8c84fa94-04c1-424b-9868-57a2d4851a1d" />
    <TestEntry testId="66835627-edbb-e359-6b21-3e0100bfad91" executionId="930dbbfc-3da5-474f-a3af-49cb3bc0c475" testListId="8c84fa94-04c1-424b-9868-57a2d4851a1d" />
    <TestEntry testId="dc101341-c73f-f576-2045-514a0c7d85da" executionId="51ba3b47-1795-4968-92f1-1da0382d24b4" testListId="8c84fa94-04c1-424b-9868-57a2d4851a1d" />
    <TestEntry testId="004b9067-5a36-6ae9-8540-490519439bb2" executionId="66bfa846-8ccb-4927-bbea-e40f65385809" testListId="8c84fa94-04c1-424b-9868-57a2d4851a1d" />
    <TestEntry testId="1ab3cefc-49c6-5a53-95db-2b52b6f9c551" executionId="efe6fe7a-9163-42b6-a27f-3d2e6fd85ea0" testListId="8c84fa94-04c1-424b-9868-57a2d4851a1d" />
    <TestEntry testId="bd67c30d-1d82-4e89-6c61-dfcd016668cb" executionId="3c82871a-1c37-4b7c-ba67-84b01487f214" testListId="8c84fa94-04c1-424b-9868-57a2d4851a1d" />
    <TestEntry testId="e812cd4a-a493-8488-cd92-0f068742969b" executionId="ec73877a-861a-49d0-94c3-4bf22af9fb71" testListId="8c84fa94-04c1-424b-9868-57a2d4851a1d" />
    <TestEntry testId="dd671476-ed2b-7b45-cac8-cb394e9796e3" executionId="79b0ef6a-24ca-48f7-86ea-a99ec055390e" testListId="8c84fa94-04c1-424b-9868-57a2d4851a1d" />
    <TestEntry testId="bed3e0a6-5997-3869-73cc-50bad3fe5334" executionId="c0746b9c-b6e6-4c19-b7f8-35948ec160c5" testListId="8c84fa94-04c1-424b-9868-57a2d4851a1d" />
    <TestEntry testId="66978603-05d4-2099-985f-ef7844bf2b32" executionId="7a36940f-80b6-498f-ac77-60c9a47a8d2c" testListId="8c84fa94-04c1-424b-9868-57a2d4851a1d" />
    <TestEntry testId="dc712ba9-82f8-4816-135c-198a6c843205" executionId="ad7b7215-cc13-4221-9b66-080554faf2df" testListId="8c84fa94-04c1-424b-9868-57a2d4851a1d" />
    <TestEntry testId="ac03ec4c-67a9-1776-5723-d08e339146c5" executionId="4040be1c-9303-4972-babf-47975b6e37b0" testListId="8c84fa94-04c1-424b-9868-57a2d4851a1d" />
    <TestEntry testId="d4ee9b79-4196-caa7-d7b1-e48434993a78" executionId="14db52fb-c5aa-4bd7-ba04-bc6e1a71941e" testListId="8c84fa94-04c1-424b-9868-57a2d4851a1d" />
    <TestEntry testId="aa6ed367-4142-c0b5-bc61-0c60c3e84f7e" executionId="07d1dc4b-41ee-45cb-bdac-9f7d60415303" testListId="8c84fa94-04c1-424b-9868-57a2d4851a1d" />
    <TestEntry testId="ecd9a953-91a9-d4a0-56ca-0eb0a06434eb" executionId="9ff122bd-f6c5-44ac-ae88-7578bf32391e" testListId="8c84fa94-04c1-424b-9868-57a2d4851a1d" />
    <TestEntry testId="900d4084-ca2a-a561-f0ce-b663527c6003" executionId="5ee3d5b9-4de4-4507-96ff-02642ef15dba" testListId="8c84fa94-04c1-424b-9868-57a2d4851a1d" />
    <TestEntry testId="2919e6b2-199b-6849-cc30-63eff40ca1e9" executionId="870c7553-d4d5-4ff7-8d58-20b5fb29d53f" testListId="8c84fa94-04c1-424b-9868-57a2d4851a1d" />
    <TestEntry testId="286050a7-100a-f742-a554-97960a8416b4" executionId="8a8488dc-810f-47d5-a5b9-4eff3c717fb7" testListId="8c84fa94-04c1-424b-9868-57a2d4851a1d" />
    <TestEntry testId="6e48abaa-e94e-4cb3-4e64-703c4702dc60" executionId="3789383b-dce6-448e-ae80-522837fc5e25" testListId="8c84fa94-04c1-424b-9868-57a2d4851a1d" />
    <TestEntry testId="789bb7c5-38de-ac73-095d-7a54a206a4c4" executionId="185c93b4-8673-4714-85b6-cb88055e1136" testListId="8c84fa94-04c1-424b-9868-57a2d4851a1d" />
    <TestEntry testId="ca7c5320-b258-ec0a-0209-15c9a535c03a" executionId="b4987d7b-2af2-4e15-b182-c1388481f798" testListId="8c84fa94-04c1-424b-9868-57a2d4851a1d" />
    <TestEntry testId="249eb19e-fedc-463a-7645-04bc4a4b0dd3" executionId="30401027-9d78-48f3-b90f-40c236d584c1" testListId="8c84fa94-04c1-424b-9868-57a2d4851a1d" />
    <TestEntry testId="53f842ac-f46d-7d71-9da8-af83d620085a" executionId="21334b6c-8f8d-44cb-a2b6-b485a2abf086" testListId="8c84fa94-04c1-424b-9868-57a2d4851a1d" />
    <TestEntry testId="789c4d26-9e90-9921-3680-81bb7e50813e" executionId="2018dc78-f0a5-4442-a827-c6199d14778c" testListId="8c84fa94-04c1-424b-9868-57a2d4851a1d" />
    <TestEntry testId="4daa0264-d422-7a85-989e-1ae9e712a1eb" executionId="2104541d-0947-432b-b22d-11bc08d47b27" testListId="8c84fa94-04c1-424b-9868-57a2d4851a1d" />
    <TestEntry testId="180590d6-2062-6933-d951-813229d01ede" executionId="3070998d-dd8d-4ce1-8c9b-88fca1a06f63" testListId="8c84fa94-04c1-424b-9868-57a2d4851a1d" />
    <TestEntry testId="62eaccee-691a-dc72-a0c7-fc4bd9bbc8f7" executionId="7fade147-d4af-4f29-8d90-ef7af52eca3c" testListId="8c84fa94-04c1-424b-9868-57a2d4851a1d" />
    <TestEntry testId="8efb377e-4b03-38b4-bd1f-fee940d3e651" executionId="82b26765-b219-4248-b574-14ee0e43e1b5" testListId="8c84fa94-04c1-424b-9868-57a2d4851a1d" />
    <TestEntry testId="82d58c85-8bb5-21d8-f720-e76e5b78cc40" executionId="10b4bcfa-26d2-4ac5-b593-397545647153" testListId="8c84fa94-04c1-424b-9868-57a2d4851a1d" />
    <TestEntry testId="a77eef62-81f7-6544-83f9-95298ec32c95" executionId="d0dffbd7-deb1-4dcd-8e59-4ce3a1e91597" testListId="8c84fa94-04c1-424b-9868-57a2d4851a1d" />
    <TestEntry testId="5dcd44f1-cbb8-8d6b-534f-9d513b76d8e6" executionId="8181a888-0c21-4dbd-9034-43a877b0ab72" testListId="8c84fa94-04c1-424b-9868-57a2d4851a1d" />
    <TestEntry testId="c7e76d21-7d2a-305a-821d-d13e50bc910e" executionId="bbb8b2ea-4195-4379-8d79-9f89efea1d8c" testListId="8c84fa94-04c1-424b-9868-57a2d4851a1d" />
    <TestEntry testId="179cc0df-2279-559c-aebb-9ee7ba5aaaf0" executionId="2070cbed-2c4e-4c1e-a3df-cb88222323cc" testListId="8c84fa94-04c1-424b-9868-57a2d4851a1d" />
    <TestEntry testId="d8eb6d98-9b62-c231-99fb-5444406d89a8" executionId="c415b187-4bb5-489a-b267-14e0b2a0bd27" testListId="8c84fa94-04c1-424b-9868-57a2d4851a1d" />
    <TestEntry testId="1367b65e-0b94-ba69-b954-fb8124eb22d5" executionId="800f8be6-9b57-4c4e-8fda-49c2836c83df" testListId="8c84fa94-04c1-424b-9868-57a2d4851a1d" />
    <TestEntry testId="9d0329db-f847-cb4f-973e-3879b2c2692c" executionId="58393bcc-52c8-47ab-a12c-c33cba1fd772" testListId="8c84fa94-04c1-424b-9868-57a2d4851a1d" />
    <TestEntry testId="8d94802d-53d7-d3b2-047f-ec9d0a5e3623" executionId="d1275bc2-a142-4fc6-847a-f233bea5c5d3" testListId="8c84fa94-04c1-424b-9868-57a2d4851a1d" />
    <TestEntry testId="fe0fe535-97ea-db97-278f-86c835cfa276" executionId="7d44b4e6-7c3b-4a5a-a01d-039c049d3298" testListId="8c84fa94-04c1-424b-9868-57a2d4851a1d" />
    <TestEntry testId="704a0578-e150-f687-8667-46c29aab4a2d" executionId="bcb874d0-be3a-4c98-b9a7-41dc327c0a4a" testListId="8c84fa94-04c1-424b-9868-57a2d4851a1d" />
    <TestEntry testId="0c0cf1bc-2dcb-ded4-066e-2e2566c6bb19" executionId="083ab6f5-e54d-4722-8aed-937e185289ca" testListId="8c84fa94-04c1-424b-9868-57a2d4851a1d" />
    <TestEntry testId="4f051dee-273d-fcff-0b9b-bfaf6bbfa98d" executionId="185f74b9-c42c-471d-b43a-14e817d8bee5" testListId="8c84fa94-04c1-424b-9868-57a2d4851a1d" />
    <TestEntry testId="47fb6ba8-e618-b876-538b-b25771c9cf5f" executionId="f0e1e6e4-d00e-475c-897e-b52d148af0e4" testListId="8c84fa94-04c1-424b-9868-57a2d4851a1d" />
    <TestEntry testId="70bec1df-5a68-44f4-dc37-08e0c2b5dd45" executionId="f1a8a7d5-c74e-4bb4-947d-d45e7742371e" testListId="8c84fa94-04c1-424b-9868-57a2d4851a1d" />
    <TestEntry testId="91607d23-bc6b-f681-4a48-14272be4cab9" executionId="d9d02e62-799b-4531-a362-b609a41c3dff" testListId="8c84fa94-04c1-424b-9868-57a2d4851a1d" />
    <TestEntry testId="cadefb20-407b-c6d2-35c6-2e9949364070" executionId="bc5ca448-c5ec-4421-9bfc-023b07640380" testListId="8c84fa94-04c1-424b-9868-57a2d4851a1d" />
    <TestEntry testId="4bc5f009-c973-f931-1d45-f0addc813db2" executionId="49881f05-108f-42b7-b756-c05eabc3b8f8" testListId="8c84fa94-04c1-424b-9868-57a2d4851a1d" />
    <TestEntry testId="e64bca34-3589-7be5-702b-1f171a1b0f81" executionId="0c875323-7aa6-4327-bcb7-60fb0e645696" testListId="8c84fa94-04c1-424b-9868-57a2d4851a1d" />
    <TestEntry testId="63c783d3-cd4f-c315-c316-5735ac8dfa26" executionId="4107f217-9474-45d5-8edf-c0e883dff53c" testListId="8c84fa94-04c1-424b-9868-57a2d4851a1d" />
    <TestEntry testId="5cb8adb0-f986-570a-997c-7c2904e5d79c" executionId="c737d54c-d07d-4ae4-8a03-bab219ef91d7" testListId="8c84fa94-04c1-424b-9868-57a2d4851a1d" />
    <TestEntry testId="37561f65-3332-c899-f5ae-4fb0281f2762" executionId="5da83514-a0f8-400a-9de4-0a2909bf5d9d" testListId="8c84fa94-04c1-424b-9868-57a2d4851a1d" />
    <TestEntry testId="f85689af-bccc-784d-b093-f7a296ae9b10" executionId="b6293aca-39ca-4c38-980e-207cb68333e1" testListId="8c84fa94-04c1-424b-9868-57a2d4851a1d" />
    <TestEntry testId="71b016af-5365-c420-5627-629663f2e7e7" executionId="80da770f-b5c6-420e-b81a-7495c887ae36" testListId="8c84fa94-04c1-424b-9868-57a2d4851a1d" />
    <TestEntry testId="25b79e49-f078-c9d3-fc26-60ff43e1f658" executionId="4454e152-caee-4a49-994f-ed6cb577e19a" testListId="8c84fa94-04c1-424b-9868-57a2d4851a1d" />
    <TestEntry testId="ecb801c4-d95f-4cd2-61bc-83f8f51ba916" executionId="02fe2dee-7b91-4366-b6f5-007f9016df3e" testListId="8c84fa94-04c1-424b-9868-57a2d4851a1d" />
    <TestEntry testId="2fa9a1f4-abc4-ffa0-207f-983e0f96fe73" executionId="9b7787d1-c7e0-4ba4-983b-bbab6914a24d" testListId="8c84fa94-04c1-424b-9868-57a2d4851a1d" />
    <TestEntry testId="ced3616f-3c88-db6e-d1dd-4edc14da40be" executionId="2b115c06-f17d-44b9-9955-9757a2e5ec10" testListId="8c84fa94-04c1-424b-9868-57a2d4851a1d" />
    <TestEntry testId="a7393586-64bb-69dc-eba3-1463201a4419" executionId="5f02dd23-a9cf-499e-a1aa-209ee91165c1" testListId="8c84fa94-04c1-424b-9868-57a2d4851a1d" />
    <TestEntry testId="de18a748-0d83-3063-60c5-28a7e3807695" executionId="db4524d8-2e9a-4a53-8e4d-cace0b1d0b45" testListId="8c84fa94-04c1-424b-9868-57a2d4851a1d" />
    <TestEntry testId="1fdd6646-6375-970a-197e-20c3648dadc9" executionId="3d4b5207-13d0-486e-9e9d-53979632e9ef" testListId="8c84fa94-04c1-424b-9868-57a2d4851a1d" />
    <TestEntry testId="ecd5df6d-1685-a29f-808d-8af5b0a515ad" executionId="6fcd0d88-faad-4a35-89be-a00ba98ade1f" testListId="8c84fa94-04c1-424b-9868-57a2d4851a1d" />
    <TestEntry testId="6ee23e15-5212-e5e6-0d67-3661442b479b" executionId="2d0cca95-1dfd-4550-9f4e-38635ecc8b2d" testListId="8c84fa94-04c1-424b-9868-57a2d4851a1d" />
    <TestEntry testId="dbf1db3e-c119-5966-af76-e8157d531ea2" executionId="34cc6e3e-b2b0-42a0-8b11-317e4490ac59" testListId="8c84fa94-04c1-424b-9868-57a2d4851a1d" />
    <TestEntry testId="ef5a7c41-c0be-df83-b30a-5c970829c937" executionId="75340124-c54a-4de2-b660-5fcf11607742" testListId="8c84fa94-04c1-424b-9868-57a2d4851a1d" />
    <TestEntry testId="75d8d6f7-e4a2-354d-194b-4c3a8e25de5b" executionId="898d8eb0-a1a3-4c4b-a487-563c50230928" testListId="8c84fa94-04c1-424b-9868-57a2d4851a1d" />
    <TestEntry testId="3baf913f-526d-3c8d-eef9-0705cb381b53" executionId="4ae28994-6045-44a8-a5d7-7451fa066184" testListId="8c84fa94-04c1-424b-9868-57a2d4851a1d" />
    <TestEntry testId="c2c6b748-9b14-6f0a-0f8d-8c173d1905eb" executionId="92722b0f-81ec-41c4-8dd3-3759b71dddbd" testListId="8c84fa94-04c1-424b-9868-57a2d4851a1d" />
    <TestEntry testId="fd4a59cc-11a9-fb21-8351-7acacb7d6743" executionId="31284900-7bc0-4302-89b4-25e50057091a" testListId="8c84fa94-04c1-424b-9868-57a2d4851a1d" />
    <TestEntry testId="c129ca2d-465d-f65c-dd70-3e713e975538" executionId="d0dcc7f9-f479-4ff3-80cc-b09652edc3d8" testListId="8c84fa94-04c1-424b-9868-57a2d4851a1d" />
    <TestEntry testId="430e1815-dd76-b549-699a-644e400c7601" executionId="a286e576-90fb-4686-9002-2838c396ce02" testListId="8c84fa94-04c1-424b-9868-57a2d4851a1d" />
    <TestEntry testId="577232fa-4820-0031-8220-5c10c6849f65" executionId="928682e4-29b7-4794-8f2c-14e00f9fe2dc" testListId="8c84fa94-04c1-424b-9868-57a2d4851a1d" />
    <TestEntry testId="3912834e-3d92-476d-bcd0-c1ca3109cfb6" executionId="27ac1eb5-8af3-43f1-897a-15688749f378" testListId="8c84fa94-04c1-424b-9868-57a2d4851a1d" />
    <TestEntry testId="99b61c03-de66-2cd6-57c4-fe88d42b339c" executionId="cd82f9de-86ce-49f2-81b1-75b8f57a4b2b" testListId="8c84fa94-04c1-424b-9868-57a2d4851a1d" />
    <TestEntry testId="ad017908-8d1a-0341-56bc-07e221b7fa03" executionId="b545b833-ef95-4da6-b765-fd0f80700820" testListId="8c84fa94-04c1-424b-9868-57a2d4851a1d" />
    <TestEntry testId="864c1316-42be-ac84-4487-0c84ff96ddee" executionId="89e94bf6-4cce-465d-98b2-6c064736fc9f" testListId="8c84fa94-04c1-424b-9868-57a2d4851a1d" />
    <TestEntry testId="39ac623f-fdf7-17f3-6ce0-9e1b4bfb7236" executionId="3a5bb965-ddc0-400a-b55f-8958f89ddb2b" testListId="8c84fa94-04c1-424b-9868-57a2d4851a1d" />
    <TestEntry testId="a9afc403-29e6-88a4-c2af-4c0ff8d8a28b" executionId="f9a376ed-c377-4d18-8a9e-640529f32000" testListId="8c84fa94-04c1-424b-9868-57a2d4851a1d" />
    <TestEntry testId="df779c3e-867d-628d-d601-319a18d1823c" executionId="3edc2e85-77b7-4712-9a72-2d7596152f39" testListId="8c84fa94-04c1-424b-9868-57a2d4851a1d" />
    <TestEntry testId="5ba0ef3d-e993-fb04-f50d-80614c1f48e6" executionId="5693c3a4-e352-4061-af1b-3523c047a4cf" testListId="8c84fa94-04c1-424b-9868-57a2d4851a1d" />
    <TestEntry testId="2d1b5a90-7f10-fbfd-da30-c50a58b8259b" executionId="b3a133dd-d684-4048-9341-c1f261565640" testListId="8c84fa94-04c1-424b-9868-57a2d4851a1d" />
    <TestEntry testId="6c46f24c-c8b8-c4b7-29db-f35f6312df35" executionId="9f877804-6c05-4b75-a106-a4639fc0bfb5" testListId="8c84fa94-04c1-424b-9868-57a2d4851a1d" />
    <TestEntry testId="86e3825d-829f-92fe-d878-0ca95ca51e4d" executionId="466e387e-c807-4115-986f-7af646232c6f" testListId="8c84fa94-04c1-424b-9868-57a2d4851a1d" />
    <TestEntry testId="4c3f6b35-48a0-d207-99c1-65bbc2fa071b" executionId="ca6c0667-b6da-411f-ba58-8ca09a95b530" testListId="8c84fa94-04c1-424b-9868-57a2d4851a1d" />
    <TestEntry testId="40fd2da8-e1b0-4d77-57fd-878737b69c52" executionId="74541fbc-23c4-44c8-8187-430c6483ec11" testListId="8c84fa94-04c1-424b-9868-57a2d4851a1d" />
    <TestEntry testId="39588d47-2e56-432b-359a-0110f3e63f57" executionId="520f2a5a-65db-42f6-a4df-dc28e64f70ad" testListId="8c84fa94-04c1-424b-9868-57a2d4851a1d" />
    <TestEntry testId="8f98acd7-c84b-a7f7-fb7f-0412075549d6" executionId="c2b992e8-3df4-4d34-8ffc-2603cf576213" testListId="8c84fa94-04c1-424b-9868-57a2d4851a1d" />
    <TestEntry testId="5f02bd55-47a0-e81d-b9df-6ab6392dc956" executionId="4fe41219-7338-4369-8208-0b076f70cb4d" testListId="8c84fa94-04c1-424b-9868-57a2d4851a1d" />
    <TestEntry testId="d39a468f-9980-5d97-4555-244415136c85" executionId="de84d0ff-0c66-4bd9-a457-39e1b143014b" testListId="8c84fa94-04c1-424b-9868-57a2d4851a1d" />
    <TestEntry testId="2f1248d0-a771-9597-d90a-fb612873ab24" executionId="2c2faf0e-5adf-4bf1-a49f-8c5ec5efdfdf" testListId="8c84fa94-04c1-424b-9868-57a2d4851a1d" />
    <TestEntry testId="606a7735-aef6-0113-4704-36b83853043c" executionId="8d44c0e0-8ddd-495d-897d-f5111b763ddc" testListId="8c84fa94-04c1-424b-9868-57a2d4851a1d" />
    <TestEntry testId="b931d369-9310-8747-a788-ef7d7112806a" executionId="72d2d3a1-8f69-4135-9a8f-bc90e6b9d573" testListId="8c84fa94-04c1-424b-9868-57a2d4851a1d" />
    <TestEntry testId="79eb825b-0ac9-6c28-1949-0ddaebf10cfc" executionId="0c806318-3567-4ef9-b79b-f60dc1721366" testListId="8c84fa94-04c1-424b-9868-57a2d4851a1d" />
    <TestEntry testId="b35efadf-d298-a3ae-5e0d-2f5be75318ec" executionId="f985a0f5-83f6-4b92-883c-802855c0630c" testListId="8c84fa94-04c1-424b-9868-57a2d4851a1d" />
    <TestEntry testId="75f81ce1-0b2c-cf84-fe16-219224722139" executionId="fca2d495-f647-4619-9ee6-8a8cde210acd" testListId="8c84fa94-04c1-424b-9868-57a2d4851a1d" />
    <TestEntry testId="d8c07703-c6ba-2990-8554-e0597fbd2a9a" executionId="9575b0f3-b362-4649-9c11-7cf292c9d604" testListId="8c84fa94-04c1-424b-9868-57a2d4851a1d" />
    <TestEntry testId="04e26c3f-1210-a75b-c0bc-6ef78e296957" executionId="877d6cbd-2371-4829-81dc-6a26f6c62207" testListId="8c84fa94-04c1-424b-9868-57a2d4851a1d" />
    <TestEntry testId="81a1abf8-6be1-aea7-389f-5894b71b2368" executionId="64cf7192-386b-4a24-839c-7e1f8b096d36" testListId="8c84fa94-04c1-424b-9868-57a2d4851a1d" />
    <TestEntry testId="71c22708-dbaa-79ff-057b-e788d4505184" executionId="2d9269b6-6bfd-48b3-b221-76bea287272e" testListId="8c84fa94-04c1-424b-9868-57a2d4851a1d" />
    <TestEntry testId="1b78643d-a4c2-713e-da90-2e6b0238a12b" executionId="73effd10-e190-4235-a989-d352ca66b97a" testListId="8c84fa94-04c1-424b-9868-57a2d4851a1d" />
    <TestEntry testId="b736c82a-c3a6-bc95-1791-413638f9de59" executionId="c6c3d76e-7d08-4693-94a6-631d4ac6ebbf" testListId="8c84fa94-04c1-424b-9868-57a2d4851a1d" />
    <TestEntry testId="e88e51df-0600-5288-c5bd-454451abcf17" executionId="739c6c52-94ff-4554-a3e9-65b57d841194" testListId="8c84fa94-04c1-424b-9868-57a2d4851a1d" />
    <TestEntry testId="b8387dd6-f890-7e0b-f414-a4e07ecc407b" executionId="b3426f97-7bed-4f8e-902e-0aeb8560f4d0" testListId="8c84fa94-04c1-424b-9868-57a2d4851a1d" />
    <TestEntry testId="bdb55858-84b2-f69a-3f3e-7530e9bd9a2f" executionId="901e76b7-e3e8-48a9-9cbb-9541ff1cac45" testListId="8c84fa94-04c1-424b-9868-57a2d4851a1d" />
    <TestEntry testId="1f0e270c-d2e3-6abe-d46c-198f7828d432" executionId="425bf636-c44f-416f-acc4-10ce215ce19a" testListId="8c84fa94-04c1-424b-9868-57a2d4851a1d" />
    <TestEntry testId="9efd92db-4c9f-0192-da69-654d8f42ce4b" executionId="fad9afd3-77b1-4043-bd65-85973e4f52c7" testListId="8c84fa94-04c1-424b-9868-57a2d4851a1d" />
    <TestEntry testId="4127f69b-e124-236a-5b11-95ef3fc8f483" executionId="688fbec5-07b5-4cc3-9954-b4c5d267e1c3" testListId="8c84fa94-04c1-424b-9868-57a2d4851a1d" />
    <TestEntry testId="f77ac471-dd6b-3503-d4b1-30115c337f42" executionId="9b1698ed-205e-428d-990b-99b43160b2bd" testListId="8c84fa94-04c1-424b-9868-57a2d4851a1d" />
    <TestEntry testId="e4275a9b-8bad-38b9-332e-74176d2eb25f" executionId="fbb19f8f-3c20-43cf-b491-667ff3fabcda" testListId="8c84fa94-04c1-424b-9868-57a2d4851a1d" />
    <TestEntry testId="c5348a36-5365-9e63-699c-dd523aa894a2" executionId="0a74f01c-5776-4a3e-9b87-427db59f82c6" testListId="8c84fa94-04c1-424b-9868-57a2d4851a1d" />
    <TestEntry testId="1cb4c3cc-9e82-454c-91a1-b2116b3e1595" executionId="9704dd86-8d19-48ca-85e4-c263606d2c1d" testListId="8c84fa94-04c1-424b-9868-57a2d4851a1d" />
    <TestEntry testId="8073691c-21a5-9107-fb79-56e4b2e81fb1" executionId="5b60638c-a554-4933-89f2-5089a74fc42c" testListId="8c84fa94-04c1-424b-9868-57a2d4851a1d" />
    <TestEntry testId="5dfc668d-d86b-26a4-226b-e2a6e77eef12" executionId="c14a8d4e-7823-4a1d-96fb-341d5212737b" testListId="8c84fa94-04c1-424b-9868-57a2d4851a1d" />
    <TestEntry testId="5e1aca6a-d9b7-23f6-c415-c9c2a91cd790" executionId="a18b0feb-ad6f-4e67-8b0a-06ad77600acb" testListId="8c84fa94-04c1-424b-9868-57a2d4851a1d" />
    <TestEntry testId="a1781e25-4782-9e03-dffd-5a8b1b4e811d" executionId="c6cc9238-f414-4398-bef3-bbc4ba98a70f" testListId="8c84fa94-04c1-424b-9868-57a2d4851a1d" />
    <TestEntry testId="43af3814-604d-ceff-d278-6fdeab109940" executionId="b4877d8a-bf70-4a20-b8fc-a99518a5a824" testListId="8c84fa94-04c1-424b-9868-57a2d4851a1d" />
    <TestEntry testId="279277b8-c475-1740-4b89-51c71b5e60bc" executionId="98848a70-d63d-4648-896b-a4132dbd09e8" testListId="8c84fa94-04c1-424b-9868-57a2d4851a1d" />
    <TestEntry testId="65a73572-199f-331d-bb7a-e00446e83c06" executionId="d9273ef8-1743-43fa-8cad-44ecc0bb29a7" testListId="8c84fa94-04c1-424b-9868-57a2d4851a1d" />
    <TestEntry testId="432777c4-85ce-08a8-7a5e-5d42b9d61e9b" executionId="eb947aaa-0a7c-4c99-8f00-41cbc400532c" testListId="8c84fa94-04c1-424b-9868-57a2d4851a1d" />
    <TestEntry testId="d06109ca-bc0c-33f1-28f4-f8127946b5ef" executionId="257a6680-c275-44f9-89ee-9f818cf50040" testListId="8c84fa94-04c1-424b-9868-57a2d4851a1d" />
    <TestEntry testId="c6f15296-0fc2-f115-2027-fc75b24fa682" executionId="ddb33a58-5607-48a7-a4f5-ab993d08a343" testListId="8c84fa94-04c1-424b-9868-57a2d4851a1d" />
    <TestEntry testId="9a8b25bf-7a36-53ce-c4e8-c6d59d1e4d9b" executionId="27d86322-ae7d-4724-aba7-b98f9baa69d7" testListId="8c84fa94-04c1-424b-9868-57a2d4851a1d" />
    <TestEntry testId="5b940e7e-5602-6e2d-9bb4-ea58b2e075ab" executionId="6646bc85-6cbd-4bd1-bf64-a440be11c43d" testListId="8c84fa94-04c1-424b-9868-57a2d4851a1d" />
    <TestEntry testId="51b05b71-c723-8fd8-a294-f2801277fd50" executionId="8f3a29ab-9ef0-4e98-a5d1-b49bd5f84903" testListId="8c84fa94-04c1-424b-9868-57a2d4851a1d" />
    <TestEntry testId="dda4734d-9263-9683-bcf1-0cc612cb1594" executionId="33b2f6d6-7ae6-486a-9e54-162b499349aa" testListId="8c84fa94-04c1-424b-9868-57a2d4851a1d" />
    <TestEntry testId="8acd974b-58e6-d71d-65a7-9fcbeabcb975" executionId="5c5c35a7-c06f-42c3-9812-5281a89e70d8" testListId="8c84fa94-04c1-424b-9868-57a2d4851a1d" />
    <TestEntry testId="e1e175ed-feba-4c6f-4525-385ac52e4ff1" executionId="9ce9cd4f-10ab-4571-af04-f5b8339d0d86" testListId="8c84fa94-04c1-424b-9868-57a2d4851a1d" />
    <TestEntry testId="5f6ec94d-79db-fbc6-a975-8fcf5e6da5de" executionId="073a2de7-fd65-4505-8def-ae8c921865c9" testListId="8c84fa94-04c1-424b-9868-57a2d4851a1d" />
    <TestEntry testId="62779f41-de77-189d-2845-837ff5a12f04" executionId="d4f4beae-4363-4ea5-bfe2-b7bb61a1d286" testListId="8c84fa94-04c1-424b-9868-57a2d4851a1d" />
    <TestEntry testId="0d0f4cc2-46ec-cf86-fc13-2bff0b09bc6d" executionId="ededfeda-ba93-4922-aa23-18f5cb80ed8b" testListId="8c84fa94-04c1-424b-9868-57a2d4851a1d" />
    <TestEntry testId="e1b783a4-63da-62c3-ab50-be899fdd79e2" executionId="5043e653-3d2a-486c-9692-2f8612e08c6a" testListId="8c84fa94-04c1-424b-9868-57a2d4851a1d" />
    <TestEntry testId="53b5d2b4-1979-aefd-9cc8-74b7bed357fa" executionId="e9b91446-68ee-4472-95bb-505886723c94" testListId="8c84fa94-04c1-424b-9868-57a2d4851a1d" />
    <TestEntry testId="4227e0f9-8436-5214-22f2-5b8f8dec94a3" executionId="9c4649be-5d3d-455f-b6b0-2ea482a1c576" testListId="8c84fa94-04c1-424b-9868-57a2d4851a1d" />
    <TestEntry testId="fa2fb9d9-01c1-922c-5d5a-386819eb8668" executionId="3230c3f0-02d2-49b2-821d-64ced91493b0" testListId="8c84fa94-04c1-424b-9868-57a2d4851a1d" />
    <TestEntry testId="656ebfc5-79d6-d4de-e713-26261e054dac" executionId="a1064236-f128-48f2-a86c-f3bfc99622df" testListId="8c84fa94-04c1-424b-9868-57a2d4851a1d" />
    <TestEntry testId="9893997e-53da-cb26-1457-0e4e96142bee" executionId="3df851fa-0c51-446d-b210-f00b2f770f42" testListId="8c84fa94-04c1-424b-9868-57a2d4851a1d" />
    <TestEntry testId="fcdc4ad3-b05f-80e2-df7c-dfcaf995ac74" executionId="6c1a3162-281d-410f-b44a-da9c2fa8b9ec" testListId="8c84fa94-04c1-424b-9868-57a2d4851a1d" />
    <TestEntry testId="ff3d2d05-1397-0038-c496-c12b7435aaee" executionId="98156d81-a57b-482e-af0a-cc328405fa51" testListId="8c84fa94-04c1-424b-9868-57a2d4851a1d" />
    <TestEntry testId="ce027c0e-b7b6-30e8-95b9-9af781c2b3c7" executionId="5e60048d-8860-4c95-9bcd-123c671a904a" testListId="8c84fa94-04c1-424b-9868-57a2d4851a1d" />
    <TestEntry testId="7746c945-7215-2f12-d241-54991e7b255d" executionId="7f580c65-c3f6-4aa8-81d0-5852118f1bf5" testListId="8c84fa94-04c1-424b-9868-57a2d4851a1d" />
  </TestEntries>
  <TestLists>
    <TestList name="Results Not in a List" id="8c84fa94-04c1-424b-9868-57a2d4851a1d" />
    <TestList name="All Loaded Results" id="19431567-8539-422a-85d7-44ee4e166bda" />
  </TestLists>
  <ResultSummary outcome="Completed">
    <Counters total="353" executed="353" passed="353" failed="0" error="0" timeout="0" aborted="0" inconclusive="0" passedButRunAborted="0" notRunnable="0" notExecuted="0" disconnected="0" warning="0" completed="0" inProgress="0" pending="0" />
    <Output>
      <StdOut>NUnit Adapter 3.17.0.0: Test execution started
Running all tests in /Users/ericcarlson/repos/pickles/src/Pickles/Pickles.TestFrameworks.UnitTests/bin/Debug/netcoreapp3.1/PicklesDoc.Pickles.TestFrameworks.UnitTests.dll
   NUnit3TestExecutor discovered 353 of 353 NUnit test cases
NUnit Adapter 3.17.0.0: Test execution complete
</StdOut>
    </Output>
  </ResultSummary>
</TestRun>