<?xml version="1.0" encoding="utf-8"?>
<TestRun id="cf40c4aa-fa60-40ec-98c7-99415f1b709b" name="@Erics-MBP 2021-10-04 17:14:56" xmlns="http://microsoft.com/schemas/VisualStudio/TeamTest/2010">
  <Times creation="2021-10-04T17:14:56.2877030-04:00" queuing="2021-10-04T17:14:56.2877030-04:00" start="2021-10-04T17:14:54.9870700-04:00" finish="2021-10-04T17:14:57.4786840-04:00" />
  <TestSettings name="default" id="c4ded8c1-f24c-44bd-989a-835f55721823">
    <Deployment runDeploymentRoot="_Erics-MBP_2021-10-04_17_14_56" />
  </TestSettings>
  <Results>
    <UnitTestResult executionId="7e349f1e-41c1-49ae-999e-dc73ed8c5274" testId="15bff550-0c48-3ffe-9284-11b3c21248de" testName="Map_AnExampleWithDescription_ReturnsAJsonExampleWithName" computerName="Erics-MBP" duration="00:00:00.0001780" startTime="2021-10-04T17:14:56.9846120-04:00" endTime="2021-10-04T17:14:56.9847900-04:00" testType="13cdc9d9-ddb5-4fa4-a97d-d965ccfc6d4b" outcome="Passed" testListId="8c84fa94-04c1-424b-9868-57a2d4851a1d" relativeResultsDirectory="7e349f1e-41c1-49ae-999e-dc73ed8c5274" />
    <UnitTestResult executionId="c5fb39ca-32dc-4d8a-8f5c-cbac6ae0b692" testId="2ecfc0bc-21d0-9225-7733-601491925d83" testName="ItShouldContainTheSutInfoInTheJsonDocument" computerName="Erics-MBP" duration="00:00:00.0135270" startTime="2021-10-04T17:14:56.7919080-04:00" endTime="2021-10-04T17:14:56.8054350-04:00" testType="13cdc9d9-ddb5-4fa4-a97d-d965ccfc6d4b" outcome="Passed" testListId="8c84fa94-04c1-424b-9868-57a2d4851a1d" relativeResultsDirectory="c5fb39ca-32dc-4d8a-8f5c-cbac6ae0b692" />
    <UnitTestResult executionId="c62c490c-07b4-4e11-bd29-99b63a95d96b" testId="f5d77dae-7864-4aa7-6ea9-efd787914fdc" testName="IsRelevant_ValidFile_ReturnsTrue(&quot;image.gif&quot;)" computerName="Erics-MBP" duration="00:00:00.0000630" startTime="2021-10-04T17:14:56.2408600-04:00" endTime="2021-10-04T17:14:56.2409230-04:00" testType="13cdc9d9-ddb5-4fa4-a97d-d965ccfc6d4b" outcome="Passed" testListId="8c84fa94-04c1-424b-9868-57a2d4851a1d" relativeResultsDirectory="c62c490c-07b4-4e11-bd29-99b63a95d96b" />
    <UnitTestResult executionId="f5e62245-0c2d-4358-98c1-a741b84d7a61" testId="8952b576-6631-ae17-2867-cd3e93cd8ea7" testName="MapToKeyWord_StringGiven_ReturnsGiven" computerName="Erics-MBP" duration="00:00:00.0011210" startTime="2021-10-04T17:14:57.1090710-04:00" endTime="2021-10-04T17:14:57.1101920-04:00" testType="13cdc9d9-ddb5-4fa4-a97d-d965ccfc6d4b" outcome="Passed" testListId="8c84fa94-04c1-424b-9868-57a2d4851a1d" relativeResultsDirectory="f5e62245-0c2d-4358-98c1-a741b84d7a61" />
    <UnitTestResult executionId="51080f5a-96a4-48c0-9558-67b24562698c" testId="061dd521-a1d0-0649-a878-d6361edc5bc9" testName="FirstUlNodeShouldBeIndex" computerName="Erics-MBP" duration="00:00:00.0068460" startTime="2021-10-04T17:14:56.9311960-04:00" endTime="2021-10-04T17:14:56.9380420-04:00" testType="13cdc9d9-ddb5-4fa4-a97d-d965ccfc6d4b" outcome="Passed" testListId="8c84fa94-04c1-424b-9868-57a2d4851a1d" relativeResultsDirectory="51080f5a-96a4-48c0-9558-67b24562698c" />
    <UnitTestResult executionId="e3f204db-0330-4eb6-b45e-f1315621073e" testId="cfc02a44-6328-e237-93b8-8ccd4232e507" testName="Constructor_WithLanguageServicesRegistryThatDefaultsToDutch_SetsLangugageToDutch" computerName="Erics-MBP" duration="00:00:00.0003959" startTime="2021-10-04T17:14:55.9508010-04:00" endTime="2021-10-04T17:14:55.9511960-04:00" testType="13cdc9d9-ddb5-4fa4-a97d-d965ccfc6d4b" outcome="Passed" testListId="8c84fa94-04c1-424b-9868-57a2d4851a1d" relativeResultsDirectory="e3f204db-0330-4eb6-b45e-f1315621073e" />
    <UnitTestResult executionId="897e2148-9f67-4240-9913-8d9112631097" testId="3019d3c2-0c54-5274-c78e-81740248b858" testName="Map_ExampleTableWithDataRows_ReturnsJsonTableWithDataRows" computerName="Erics-MBP" duration="00:00:00.0029330" startTime="2021-10-04T17:14:57.0240990-04:00" endTime="2021-10-04T17:14:57.0270310-04:00" testType="13cdc9d9-ddb5-4fa4-a97d-d965ccfc6d4b" outcome="Passed" testListId="8c84fa94-04c1-424b-9868-57a2d4851a1d" relativeResultsDirectory="897e2148-9f67-4240-9913-8d9112631097" />
    <UnitTestResult executionId="f970529a-2441-458f-a3f7-2f1951d4ba5c" testId="085184fe-e868-8379-b878-742948946639" testName="Merge_EmptySequence_ResultsInWasExecutedFalseAndWasSuccessfulFalse" computerName="Erics-MBP" duration="00:00:00.0048180" startTime="2021-10-04T17:14:57.1346270-04:00" endTime="2021-10-04T17:14:57.1394440-04:00" testType="13cdc9d9-ddb5-4fa4-a97d-d965ccfc6d4b" outcome="Passed" testListId="8c84fa94-04c1-424b-9868-57a2d4851a1d" relativeResultsDirectory="f970529a-2441-458f-a3f7-2f1951d4ba5c" />
    <UnitTestResult executionId="d5cf3b31-f852-44c7-b6ab-861c36d6e53d" testId="055dd1b0-0a2c-8108-d65a-6f6f4684a4ce" testName="MapToFeature_FeatureWithTags_ReturnsFeatureWithTags" computerName="Erics-MBP" duration="00:00:00.0012260" startTime="2021-10-04T17:14:57.0836020-04:00" endTime="2021-10-04T17:14:57.0848270-04:00" testType="13cdc9d9-ddb5-4fa4-a97d-d965ccfc6d4b" outcome="Passed" testListId="8c84fa94-04c1-424b-9868-57a2d4851a1d" relativeResultsDirectory="d5cf3b31-f852-44c7-b6ab-861c36d6e53d" />
    <UnitTestResult executionId="0f394001-7126-485d-8672-7950a4db8282" testId="e1aea241-43f3-513e-2ce9-d6146ae98a5b" testName="Process_NullInput_ReturnsEmptyString" computerName="Erics-MBP" duration="00:00:00.0001020" startTime="2021-10-04T17:14:56.2064450-04:00" endTime="2021-10-04T17:14:56.2065460-04:00" testType="13cdc9d9-ddb5-4fa4-a97d-d965ccfc6d4b" outcome="Passed" testListId="8c84fa94-04c1-424b-9868-57a2d4851a1d" relativeResultsDirectory="0f394001-7126-485d-8672-7950a4db8282" />
    <UnitTestResult executionId="40665e54-0bb4-4a10-862f-e012a4187321" testId="bc057af5-36ed-77fb-c2b2-4b62175a9d61" testName="ThenCanParseFeatureWithMultipleScenariosSuccessfully" computerName="Erics-MBP" duration="00:00:00.0034860" startTime="2021-10-04T17:14:57.1849470-04:00" endTime="2021-10-04T17:14:57.1884330-04:00" testType="13cdc9d9-ddb5-4fa4-a97d-d965ccfc6d4b" outcome="Passed" testListId="8c84fa94-04c1-424b-9868-57a2d4851a1d" relativeResultsDirectory="40665e54-0bb4-4a10-862f-e012a4187321" />
    <UnitTestResult executionId="4a752606-0012-4ded-9c66-faee5d18dd50" testId="d7b9ae62-4462-ee76-b6c5-ced79f1a5234" testName="Map_WithTable_ReturnsTableAndNullDocString" computerName="Erics-MBP" duration="00:00:00.0002870" startTime="2021-10-04T17:14:57.0139100-04:00" endTime="2021-10-04T17:14:57.0141960-04:00" testType="13cdc9d9-ddb5-4fa4-a97d-d965ccfc6d4b" outcome="Passed" testListId="8c84fa94-04c1-424b-9868-57a2d4851a1d" relativeResultsDirectory="4a752606-0012-4ded-9c66-faee5d18dd50" />
    <UnitTestResult executionId="797fdfbb-a23a-4526-a481-13de3202e763" testId="54394cfc-30d0-1b21-a9c9-bf82c6c4e0e4" testName="Map_FeatureWithScenario_ReturnsScenario" computerName="Erics-MBP" duration="00:00:00.0035190" startTime="2021-10-04T17:14:56.9960850-04:00" endTime="2021-10-04T17:14:56.9996040-04:00" testType="13cdc9d9-ddb5-4fa4-a97d-d965ccfc6d4b" outcome="Passed" testListId="8c84fa94-04c1-424b-9868-57a2d4851a1d" relativeResultsDirectory="797fdfbb-a23a-4526-a481-13de3202e763" />
    <UnitTestResult executionId="181e1a4c-27ee-4d8f-bd6d-db044dd326f6" testId="e1d5832b-53c8-bd83-2d7b-38a6c413e9e9" testName="Map_FeatureWithDescription_ReturnsDescription" computerName="Erics-MBP" duration="00:00:00.0002000" startTime="2021-10-04T17:14:56.9944910-04:00" endTime="2021-10-04T17:14:56.9946920-04:00" testType="13cdc9d9-ddb5-4fa4-a97d-d965ccfc6d4b" outcome="Passed" testListId="8c84fa94-04c1-424b-9868-57a2d4851a1d" relativeResultsDirectory="181e1a4c-27ee-4d8f-bd6d-db044dd326f6" />
    <UnitTestResult executionId="61341ab1-e180-47ce-8a18-663ac79a4ceb" testId="d08c1047-4425-a8ef-3977-424f7044543c" testName="MapToFeature_FeatureWithBackground_ReturnsFeatureWithBackground" computerName="Erics-MBP" duration="00:00:00.0013159" startTime="2021-10-04T17:14:57.0694540-04:00" endTime="2021-10-04T17:14:57.0707700-04:00" testType="13cdc9d9-ddb5-4fa4-a97d-d965ccfc6d4b" outcome="Passed" testListId="8c84fa94-04c1-424b-9868-57a2d4851a1d" relativeResultsDirectory="61341ab1-e180-47ce-8a18-663ac79a4ceb" />
    <UnitTestResult executionId="c01e3702-907f-4c33-b606-d323a2a31a8f" testId="f68824d7-0984-58d5-473e-d248d29d1f81" testName="MapToExample_NullExamples_ReturnsNullExample" computerName="Erics-MBP" duration="00:00:00.0013880" startTime="2021-10-04T17:14:57.0641180-04:00" endTime="2021-10-04T17:14:57.0655050-04:00" testType="13cdc9d9-ddb5-4fa4-a97d-d965ccfc6d4b" outcome="Passed" testListId="8c84fa94-04c1-424b-9868-57a2d4851a1d" relativeResultsDirectory="c01e3702-907f-4c33-b606-d323a2a31a8f" />
    <UnitTestResult executionId="d2c825aa-a6e4-49c8-b531-02abd2bdf419" testId="47d60e4c-7728-7fa1-ef17-3a29405824ca" testName="Map_AnExampleWithName_ReturnsAJsonExampleWithName" computerName="Erics-MBP" duration="00:00:00.0001750" startTime="2021-10-04T17:14:56.9848510-04:00" endTime="2021-10-04T17:14:56.9850260-04:00" testType="13cdc9d9-ddb5-4fa4-a97d-d965ccfc6d4b" outcome="Passed" testListId="8c84fa94-04c1-424b-9868-57a2d4851a1d" relativeResultsDirectory="d2c825aa-a6e4-49c8-b531-02abd2bdf419" />
    <UnitTestResult executionId="79a07a3b-decf-4213-8cbb-8400994e196d" testId="69d56e98-4eff-4355-eeb5-6709592411a0" testName="GetEncoding_NullArgument_ThrowsArgumentNullException" computerName="Erics-MBP" duration="00:00:00.0015540" startTime="2021-10-04T17:14:56.2540520-04:00" endTime="2021-10-04T17:14:56.2556060-04:00" testType="13cdc9d9-ddb5-4fa4-a97d-d965ccfc6d4b" outcome="Passed" testListId="8c84fa94-04c1-424b-9868-57a2d4851a1d" relativeResultsDirectory="79a07a3b-decf-4213-8cbb-8400994e196d" />
    <UnitTestResult executionId="8b299995-e9dc-426d-bd49-de7d6f491ea1" testId="902de792-f705-6364-b7ff-7e3bf94c757c" testName="ItShouldWasSuccessfulFalseForFeatureXJsonDocument" computerName="Erics-MBP" duration="00:00:00.0096140" startTime="2021-10-04T17:14:56.8639190-04:00" endTime="2021-10-04T17:14:56.8735320-04:00" testType="13cdc9d9-ddb5-4fa4-a97d-d965ccfc6d4b" outcome="Passed" testListId="8c84fa94-04c1-424b-9868-57a2d4851a1d" relativeResultsDirectory="8b299995-e9dc-426d-bd49-de7d6f491ea1" />
    <UnitTestResult executionId="688d267d-84f5-496a-80b0-369e214ba05c" testId="49bd8a06-7460-8a08-3a2a-32fcb61399a5" testName="Add_NullNode_ThrowArgumentNullException" computerName="Erics-MBP" duration="00:00:00.0099970" startTime="2021-10-04T17:14:56.1810840-04:00" endTime="2021-10-04T17:14:56.1910810-04:00" testType="13cdc9d9-ddb5-4fa4-a97d-d965ccfc6d4b" outcome="Passed" testListId="8c84fa94-04c1-424b-9868-57a2d4851a1d" relativeResultsDirectory="688d267d-84f5-496a-80b0-369e214ba05c" />
    <UnitTestResult executionId="f6e9e411-37dd-4cbe-bbc1-50737a7ea3f4" testId="0537d0ef-2381-cd61-1563-2c44728b16d8" testName="ShouldIterateInRightOrder" computerName="Erics-MBP" duration="00:00:00.0059750" startTime="2021-10-04T17:14:56.1988690-04:00" endTime="2021-10-04T17:14:56.2048440-04:00" testType="13cdc9d9-ddb5-4fa4-a97d-d965ccfc6d4b" outcome="Passed" testListId="8c84fa94-04c1-424b-9868-57a2d4851a1d" relativeResultsDirectory="f6e9e411-37dd-4cbe-bbc1-50737a7ea3f4" />
    <UnitTestResult executionId="3dd3cedd-85e2-45a9-bce3-a45ef7711ef8" testId="f42df295-0a09-b35f-0a4f-b6a4d09ce712" testName="IsRelevant_ValidFile_ReturnsTrue(&quot;image.png&quot;)" computerName="Erics-MBP" duration="00:00:00.0007429" startTime="2021-10-04T17:14:56.2398440-04:00" endTime="2021-10-04T17:14:56.2405870-04:00" testType="13cdc9d9-ddb5-4fa4-a97d-d965ccfc6d4b" outcome="Passed" testListId="8c84fa94-04c1-424b-9868-57a2d4851a1d" relativeResultsDirectory="3dd3cedd-85e2-45a9-bce3-a45ef7711ef8" />
    <UnitTestResult executionId="d3410dd5-7c1e-4f0c-a1c2-3f221b99b7a4" testId="e31e485a-1cf3-d830-234b-7b05e837d621" testName="MapToKeyword_ThenInSwedish_ReturnsThen" computerName="Erics-MBP" duration="00:00:00.0011430" startTime="2021-10-04T17:14:57.1321030-04:00" endTime="2021-10-04T17:14:57.1332460-04:00" testType="13cdc9d9-ddb5-4fa4-a97d-d965ccfc6d4b" outcome="Passed" testListId="8c84fa94-04c1-424b-9868-57a2d4851a1d" relativeResultsDirectory="d3410dd5-7c1e-4f0c-a1c2-3f221b99b7a4" />
    <UnitTestResult executionId="abfbd80d-38d7-457e-b071-c502e016b295" testId="e8b0726c-36bd-6c85-dd69-b7de9bafab06" testName="MapToScenarioBackground_NullBackground_ReturnsNullScenario" computerName="Erics-MBP" duration="00:00:00.0012660" startTime="2021-10-04T17:14:57.0338620-04:00" endTime="2021-10-04T17:14:57.0351290-04:00" testType="13cdc9d9-ddb5-4fa4-a97d-d965ccfc6d4b" outcome="Passed" testListId="8c84fa94-04c1-424b-9868-57a2d4851a1d" relativeResultsDirectory="abfbd80d-38d7-457e-b071-c502e016b295" />
    <UnitTestResult executionId="d79262ed-74d2-4e9d-bd0a-e901854232ba" testId="b2f41475-071c-06b4-373d-577f6af5c5d6" testName="GetEncoding_FileDoesNotExist_DoesNotThrowException" computerName="Erics-MBP" duration="00:00:00.0018700" startTime="2021-10-04T17:14:56.2503140-04:00" endTime="2021-10-04T17:14:56.2521840-04:00" testType="13cdc9d9-ddb5-4fa4-a97d-d965ccfc6d4b" outcome="Passed" testListId="8c84fa94-04c1-424b-9868-57a2d4851a1d" relativeResultsDirectory="d79262ed-74d2-4e9d-bd0a-e901854232ba" />
    <UnitTestResult executionId="6127b000-b7aa-48fa-b1f3-5665f6a88cc3" testId="5b735e33-8631-fc28-0819-93b4df2659c4" testName="Map_WithBackground_ReturnsBackground" computerName="Erics-MBP" duration="00:00:00.0002100" startTime="2021-10-04T17:14:56.9999940-04:00" endTime="2021-10-04T17:14:57.0002040-04:00" testType="13cdc9d9-ddb5-4fa4-a97d-d965ccfc6d4b" outcome="Passed" testListId="8c84fa94-04c1-424b-9868-57a2d4851a1d" relativeResultsDirectory="6127b000-b7aa-48fa-b1f3-5665f6a88cc3" />
    <UnitTestResult executionId="9d34dd59-24bf-4e51-bf73-048420d3a657" testId="aef537d8-2872-7fbb-f05d-3fcdf7a673b8" testName="ThenCanFormatTextWithLongNumbersAsWikiWordSuccessfully" computerName="Erics-MBP" duration="00:00:00.0001120" startTime="2021-10-04T17:14:56.2760200-04:00" endTime="2021-10-04T17:14:56.2761320-04:00" testType="13cdc9d9-ddb5-4fa4-a97d-d965ccfc6d4b" outcome="Passed" testListId="8c84fa94-04c1-424b-9868-57a2d4851a1d" relativeResultsDirectory="9d34dd59-24bf-4e51-bf73-048420d3a657" />
    <UnitTestResult executionId="def4e72c-277a-45dd-9923-ae74e232bc40" testId="c9dbbac5-4686-fc9f-849b-ef7f10b63035" testName="Map_Null_ReturnsNull" computerName="Erics-MBP" duration="00:00:00.0003720" startTime="2021-10-04T17:14:56.9835190-04:00" endTime="2021-10-04T17:14:56.9838910-04:00" testType="13cdc9d9-ddb5-4fa4-a97d-d965ccfc6d4b" outcome="Passed" testListId="8c84fa94-04c1-424b-9868-57a2d4851a1d" relativeResultsDirectory="def4e72c-277a-45dd-9923-ae74e232bc40" />
    <UnitTestResult executionId="4b7d1549-75f9-4c62-a0e7-b23958ca1ca3" testId="df26f463-6d21-97d6-0a42-9137aec5ea4c" testName="MapToScenario_Always_MapsFeatureProperty" computerName="Erics-MBP" duration="00:00:00.0020730" startTime="2021-10-04T17:14:57.0889970-04:00" endTime="2021-10-04T17:14:57.0910690-04:00" testType="13cdc9d9-ddb5-4fa4-a97d-d965ccfc6d4b" outcome="Passed" testListId="8c84fa94-04c1-424b-9868-57a2d4851a1d" relativeResultsDirectory="4b7d1549-75f9-4c62-a0e7-b23958ca1ca3" />
    <UnitTestResult executionId="9d2bd516-44a3-4ee9-bf48-3035cec82834" testId="2d57c021-10f4-7573-e131-41b5e641b7f1" testName="WhenExperimentalIsEnabled_ResolveStrikeMarkdownProvider" computerName="Erics-MBP" duration="00:00:00.1271040" startTime="2021-10-04T17:14:57.2521110-04:00" endTime="2021-10-04T17:14:57.3792160-04:00" testType="13cdc9d9-ddb5-4fa4-a97d-d965ccfc6d4b" outcome="Passed" testListId="8c84fa94-04c1-424b-9868-57a2d4851a1d" relativeResultsDirectory="9d2bd516-44a3-4ee9-bf48-3035cec82834" />
    <UnitTestResult executionId="76bacb10-79a4-4a67-9c2a-d25fd4a91607" testId="69dcc676-4ef6-c241-adb3-07e8c9464faa" testName="RealData" computerName="Erics-MBP" duration="00:00:00.0016570" startTime="2021-10-04T17:14:56.2322580-04:00" endTime="2021-10-04T17:14:56.2339140-04:00" testType="13cdc9d9-ddb5-4fa4-a97d-d965ccfc6d4b" outcome="Passed" testListId="8c84fa94-04c1-424b-9868-57a2d4851a1d" relativeResultsDirectory="76bacb10-79a4-4a67-9c2a-d25fd4a91607" />
    <UnitTestResult executionId="ca07497e-ad63-4c3e-ac19-4b5f25398e3b" testId="cd326f26-4b5c-a5b5-7db2-4bedf97529df" testName="Map_WithDocString_ReturnsDocStringAndNoTableArgument" computerName="Erics-MBP" duration="00:00:00.0006520" startTime="2021-10-04T17:14:57.0114460-04:00" endTime="2021-10-04T17:14:57.0120970-04:00" testType="13cdc9d9-ddb5-4fa4-a97d-d965ccfc6d4b" outcome="Passed" testListId="8c84fa94-04c1-424b-9868-57a2d4851a1d" relativeResultsDirectory="ca07497e-ad63-4c3e-ac19-4b5f25398e3b" />
    <UnitTestResult executionId="a9425b2c-d076-4df4-b0e2-1d95f18cb9ad" testId="023432c7-067d-a2df-fa8e-8d2b0c485356" testName="GetRelativeUriTo_DirectoryToFileBelow_ReturnsCurrentDirectory" computerName="Erics-MBP" duration="00:00:00.0016910" startTime="2021-10-04T17:14:56.2240300-04:00" endTime="2021-10-04T17:14:56.2257210-04:00" testType="13cdc9d9-ddb5-4fa4-a97d-d965ccfc6d4b" outcome="Passed" testListId="8c84fa94-04c1-424b-9868-57a2d4851a1d" relativeResultsDirectory="a9425b2c-d076-4df4-b0e2-1d95f18cb9ad" />
    <UnitTestResult executionId="cfaeaa0c-d3e3-4376-b4bd-55a93dee8df1" testId="ad9c4f1f-f3c4-4f5a-d866-e8e35b84d47b" testName="Create_InvalidFileType_AddsEntryToReport" computerName="Erics-MBP" duration="00:00:00.0015900" startTime="2021-10-04T17:14:56.3397190-04:00" endTime="2021-10-04T17:14:56.3413090-04:00" testType="13cdc9d9-ddb5-4fa4-a97d-d965ccfc6d4b" outcome="Passed" testListId="8c84fa94-04c1-424b-9868-57a2d4851a1d" relativeResultsDirectory="cfaeaa0c-d3e3-4376-b4bd-55a93dee8df1" />
    <UnitTestResult executionId="03eec66f-5d55-4ae2-9de4-a0f1db918bd8" testId="66492ce0-50fe-4131-fc04-f0f70d82b725" testName="WhenIndicatingTheLanguageAndCultureInTheFeature_ThenCanParseTheFeature" computerName="Erics-MBP" duration="00:00:00.0036460" startTime="2021-10-04T17:14:57.2062260-04:00" endTime="2021-10-04T17:14:57.2098710-04:00" testType="13cdc9d9-ddb5-4fa4-a97d-d965ccfc6d4b" outcome="Passed" testListId="8c84fa94-04c1-424b-9868-57a2d4851a1d" relativeResultsDirectory="03eec66f-5d55-4ae2-9de4-a0f1db918bd8" />
    <UnitTestResult executionId="6f3fea37-d2ad-4227-a62b-92b05663df35" testId="4d389c4f-c1a4-9777-3cc5-f0470e77453d" testName="ShouldContainTheFeatures" computerName="Erics-MBP" duration="00:00:00.0438380" startTime="2021-10-04T17:14:56.8751100-04:00" endTime="2021-10-04T17:14:56.9189490-04:00" testType="13cdc9d9-ddb5-4fa4-a97d-d965ccfc6d4b" outcome="Passed" testListId="8c84fa94-04c1-424b-9868-57a2d4851a1d" relativeResultsDirectory="6f3fea37-d2ad-4227-a62b-92b05663df35" />
    <UnitTestResult executionId="4a5da9c7-1a12-4b11-8b3b-b09850702cff" testId="0c97d668-a530-0371-fb9a-28c792581fe6" testName="ThenCanDetectAllScriptsSuccessfully" computerName="Erics-MBP" duration="00:00:00.0026640" startTime="2021-10-04T17:14:57.3896080-04:00" endTime="2021-10-04T17:14:57.3922730-04:00" testType="13cdc9d9-ddb5-4fa4-a97d-d965ccfc6d4b" outcome="Passed" testListId="8c84fa94-04c1-424b-9868-57a2d4851a1d" relativeResultsDirectory="4a5da9c7-1a12-4b11-8b3b-b09850702cff" />
    <UnitTestResult executionId="1f17c96d-d2be-42c5-9d82-3c5dda155c56" testId="10fcbc64-84e0-4168-f0c5-d1d525e9969f" testName="ThenCanParseScenarioWithBackgroundSuccessfully" computerName="Erics-MBP" duration="00:00:00.0027640" startTime="2021-10-04T17:14:57.1956990-04:00" endTime="2021-10-04T17:14:57.1984630-04:00" testType="13cdc9d9-ddb5-4fa4-a97d-d965ccfc6d4b" outcome="Passed" testListId="8c84fa94-04c1-424b-9868-57a2d4851a1d" relativeResultsDirectory="1f17c96d-d2be-42c5-9d82-3c5dda155c56" />
    <UnitTestResult executionId="efff492f-f80b-435a-b9d6-9dbb4ae97bdc" testId="46b0f1f2-e2c0-2ed3-c0f5-cf8dfe1ffe79" testName="Get_A_Relative_Path_When_Location_Is_Deeper_Than_Root_Even_When_Root_Contains_End_Slash" computerName="Erics-MBP" duration="00:00:00.0015670" startTime="2021-10-04T17:14:56.2722140-04:00" endTime="2021-10-04T17:14:56.2737810-04:00" testType="13cdc9d9-ddb5-4fa4-a97d-d965ccfc6d4b" outcome="Passed" testListId="8c84fa94-04c1-424b-9868-57a2d4851a1d" relativeResultsDirectory="efff492f-f80b-435a-b9d6-9dbb4ae97bdc" />
    <UnitTestResult executionId="7aa2f854-5c4d-4892-a7b3-e1889bc842c8" testId="8b1542e3-99b5-1273-5fd1-a9f37fb26ad5" testName="GetRelativeUriTo_DirectoryToFileOutside_ReturnsRelativePath" computerName="Erics-MBP" duration="00:00:00.0013829" startTime="2021-10-04T17:14:56.2257400-04:00" endTime="2021-10-04T17:14:56.2271230-04:00" testType="13cdc9d9-ddb5-4fa4-a97d-d965ccfc6d4b" outcome="Passed" testListId="8c84fa94-04c1-424b-9868-57a2d4851a1d" relativeResultsDirectory="7aa2f854-5c4d-4892-a7b3-e1889bc842c8" />
    <UnitTestResult executionId="cba152e8-d6e8-4c6f-8fd9-f5b1d0ee042b" testId="b0f8f278-b262-e750-8aa3-1ea9a3b22ed7" testName="MapToExample_RegularExamples_ReturnsCorrectExample" computerName="Erics-MBP" duration="00:00:00.0018300" startTime="2021-10-04T17:14:57.0655670-04:00" endTime="2021-10-04T17:14:57.0673960-04:00" testType="13cdc9d9-ddb5-4fa4-a97d-d965ccfc6d4b" outcome="Passed" testListId="8c84fa94-04c1-424b-9868-57a2d4851a1d" relativeResultsDirectory="cba152e8-d6e8-4c6f-8fd9-f5b1d0ee042b" />
    <UnitTestResult executionId="f314558d-966c-4f1c-a973-ecc78ffd6be4" testId="eea99d72-2be5-3f19-63ae-66ae53007fed" testName="DefaultLanguage_ReturnsEnglish" computerName="Erics-MBP" duration="00:00:00.0001420" startTime="2021-10-04T17:14:56.9814100-04:00" endTime="2021-10-04T17:14:56.9815520-04:00" testType="13cdc9d9-ddb5-4fa4-a97d-d965ccfc6d4b" outcome="Passed" testListId="8c84fa94-04c1-424b-9868-57a2d4851a1d" relativeResultsDirectory="f314558d-966c-4f1c-a973-ecc78ffd6be4" />
    <UnitTestResult executionId="4efa0280-63a4-4dda-969e-b9b4d963c564" testId="ab19ff46-498b-9420-1130-607f4dc077aa" testName="GetLanguageServicesForLanguage_WithEnglish_ReturnsLanguageServicesForEnglish" computerName="Erics-MBP" duration="00:00:00.0002500" startTime="2021-10-04T17:14:56.9816130-04:00" endTime="2021-10-04T17:14:56.9818630-04:00" testType="13cdc9d9-ddb5-4fa4-a97d-d965ccfc6d4b" outcome="Passed" testListId="8c84fa94-04c1-424b-9868-57a2d4851a1d" relativeResultsDirectory="4efa0280-63a4-4dda-969e-b9b4d963c564" />
    <UnitTestResult executionId="2e387a03-eafc-4a09-b99a-920e9b9f123b" testId="54bb1776-45b9-440f-39dc-4b42c206b81f" testName="Constructor_ValidFileSystemInfo_SetsOriginalLocation" computerName="Erics-MBP" duration="00:00:00.0021710" startTime="2021-10-04T17:14:56.2125500-04:00" endTime="2021-10-04T17:14:56.2147210-04:00" testType="13cdc9d9-ddb5-4fa4-a97d-d965ccfc6d4b" outcome="Passed" testListId="8c84fa94-04c1-424b-9868-57a2d4851a1d" relativeResultsDirectory="2e387a03-eafc-4a09-b99a-920e9b9f123b" />
    <UnitTestResult executionId="83e01c22-49a2-4935-bf66-1589d7a5038a" testId="1ae221e2-cbc4-5083-5871-886c8bde94bb" testName="Then_can_parse_and_ignore_feature_with_tag_in_configuration_ignore_tag" computerName="Erics-MBP" duration="00:00:00.0016110" startTime="2021-10-04T17:14:57.1551000-04:00" endTime="2021-10-04T17:14:57.1567110-04:00" testType="13cdc9d9-ddb5-4fa4-a97d-d965ccfc6d4b" outcome="Passed" testListId="8c84fa94-04c1-424b-9868-57a2d4851a1d" relativeResultsDirectory="83e01c22-49a2-4935-bf66-1589d7a5038a" />
    <UnitTestResult executionId="70fe5122-a4df-4095-8548-8e706811bf3b" testId="684a3b2a-9d14-8186-77c4-3617426330bc" testName="Map_AnExample_ReturnsAJsonExample" computerName="Erics-MBP" duration="00:00:00.0004710" startTime="2021-10-04T17:14:56.9840820-04:00" endTime="2021-10-04T17:14:56.9845530-04:00" testType="13cdc9d9-ddb5-4fa4-a97d-d965ccfc6d4b" outcome="Passed" testListId="8c84fa94-04c1-424b-9868-57a2d4851a1d" relativeResultsDirectory="70fe5122-a4df-4095-8548-8e706811bf3b" />
    <UnitTestResult executionId="5a12f530-0eeb-44fd-b96c-1fd28652d6ac" testId="3945d961-caf9-46f1-6226-8ce537af5d08" testName="Constructor_NullHtmlIndexFormatter_ThrowsArgumentNullException" computerName="Erics-MBP" duration="00:00:00.0856490" startTime="2021-10-04T17:14:56.3627330-04:00" endTime="2021-10-04T17:14:56.4483820-04:00" testType="13cdc9d9-ddb5-4fa4-a97d-d965ccfc6d4b" outcome="Passed" testListId="8c84fa94-04c1-424b-9868-57a2d4851a1d" relativeResultsDirectory="5a12f530-0eeb-44fd-b96c-1fd28652d6ac" />
    <UnitTestResult executionId="54e97d60-a947-4bd5-86d0-ec5d9d57a73e" testId="e8e9bd96-bced-3cd1-ed8b-8f1f5cb07968" testName="MapToScenario_RegularScenario_ReturnsScenario" computerName="Erics-MBP" duration="00:00:00.0061540" startTime="2021-10-04T17:14:57.0926190-04:00" endTime="2021-10-04T17:14:57.0987720-04:00" testType="13cdc9d9-ddb5-4fa4-a97d-d965ccfc6d4b" outcome="Passed" testListId="8c84fa94-04c1-424b-9868-57a2d4851a1d" relativeResultsDirectory="54e97d60-a947-4bd5-86d0-ec5d9d57a73e" />
    <UnitTestResult executionId="54eef5fe-9a94-46f6-92ed-33ea9abb9bb1" testId="83e26a96-56bc-6d91-1739-e2e0f0465b03" testName="ThenCanDetectAllImagesSuccessfully" computerName="Erics-MBP" duration="00:00:00.0041200" startTime="2021-10-04T17:14:57.3816860-04:00" endTime="2021-10-04T17:14:57.3858060-04:00" testType="13cdc9d9-ddb5-4fa4-a97d-d965ccfc6d4b" outcome="Passed" testListId="8c84fa94-04c1-424b-9868-57a2d4851a1d" relativeResultsDirectory="54eef5fe-9a94-46f6-92ed-33ea9abb9bb1" />
    <UnitTestResult executionId="f5800020-1dfb-444b-8466-8cc85e598971" testId="a9da35b8-99a8-fe50-9531-fe6e4dd9b7fc" testName="MapToStringTag_RegularTag_ReturnsStringOfTheTag" computerName="Erics-MBP" duration="00:00:00.0011440" startTime="2021-10-04T17:14:57.1234470-04:00" endTime="2021-10-04T17:14:57.1245920-04:00" testType="13cdc9d9-ddb5-4fa4-a97d-d965ccfc6d4b" outcome="Passed" testListId="8c84fa94-04c1-424b-9868-57a2d4851a1d" relativeResultsDirectory="f5800020-1dfb-444b-8466-8cc85e598971" />
    <UnitTestResult executionId="fd9a9ba1-eadb-4c01-b5b4-061064509913" testId="c39cdb82-dd1e-353a-b6fd-bd61b49d028c" testName="MapToScenario_Always_MapsFeatureProperty" computerName="Erics-MBP" duration="00:00:00.0002940" startTime="2021-10-04T17:14:57.0013840-04:00" endTime="2021-10-04T17:14:57.0016780-04:00" testType="13cdc9d9-ddb5-4fa4-a97d-d965ccfc6d4b" outcome="Passed" testListId="8c84fa94-04c1-424b-9868-57a2d4851a1d" relativeResultsDirectory="fd9a9ba1-eadb-4c01-b5b4-061064509913" />
    <UnitTestResult executionId="aad55ff1-31b3-48be-8714-8509ea025283" testId="b566615a-6a0e-ff7f-fdc9-66bffe7a7647" testName="ThenSavesCssFilesToCorrectLocation" computerName="Erics-MBP" duration="00:00:00.0072390" startTime="2021-10-04T17:14:57.3945260-04:00" endTime="2021-10-04T17:14:57.4017650-04:00" testType="13cdc9d9-ddb5-4fa4-a97d-d965ccfc6d4b" outcome="Passed" testListId="8c84fa94-04c1-424b-9868-57a2d4851a1d" relativeResultsDirectory="aad55ff1-31b3-48be-8714-8509ea025283" />
    <UnitTestResult executionId="153a3300-1844-4a4c-963f-5ffe48ac36a9" testId="7355de11-ecb9-78c1-e9a7-a6ad6863c717" testName="TableOfContent_Must_Contain_Link_To_Home" computerName="Erics-MBP" duration="00:00:00.0087870" startTime="2021-10-04T17:14:56.9381130-04:00" endTime="2021-10-04T17:14:56.9468990-04:00" testType="13cdc9d9-ddb5-4fa4-a97d-d965ccfc6d4b" outcome="Passed" testListId="8c84fa94-04c1-424b-9868-57a2d4851a1d" relativeResultsDirectory="153a3300-1844-4a4c-963f-5ffe48ac36a9" />
    <UnitTestResult executionId="2029bd38-e134-432b-bd1e-30b4d0012aaf" testId="bcbfdc88-f29f-53aa-6ac7-bd0cbdb624b9" testName="Map_NullStep_ReturnsNull" computerName="Erics-MBP" duration="00:00:00.0001730" startTime="2021-10-04T17:14:57.0106170-04:00" endTime="2021-10-04T17:14:57.0107900-04:00" testType="13cdc9d9-ddb5-4fa4-a97d-d965ccfc6d4b" outcome="Passed" testListId="8c84fa94-04c1-424b-9868-57a2d4851a1d" relativeResultsDirectory="2029bd38-e134-432b-bd1e-30b4d0012aaf" />
    <UnitTestResult executionId="2ca13e79-3b45-4536-a17b-47a3fb39c4dd" testId="7bb5e631-9147-0063-5795-e8fe0b38a046" testName="ThenCanFormatTextWithAcronymAndNumberAsWikiWordSuccessfully" computerName="Erics-MBP" duration="00:00:00.0002010" startTime="2021-10-04T17:14:56.2756710-04:00" endTime="2021-10-04T17:14:56.2758720-04:00" testType="13cdc9d9-ddb5-4fa4-a97d-d965ccfc6d4b" outcome="Passed" testListId="8c84fa94-04c1-424b-9868-57a2d4851a1d" relativeResultsDirectory="2ca13e79-3b45-4536-a17b-47a3fb39c4dd" />
    <UnitTestResult executionId="aa5a0dd3-f39d-4e18-9567-71eb8d5905ac" testId="91630d50-5bca-7acf-6341-4417c7067c35" testName="GetEncoding_FileIsLessThanFourBytes_DoesNotThrowException" computerName="Erics-MBP" duration="00:00:00.0017410" startTime="2021-10-04T17:14:56.2522500-04:00" endTime="2021-10-04T17:14:56.2539900-04:00" testType="13cdc9d9-ddb5-4fa4-a97d-d965ccfc6d4b" outcome="Passed" testListId="8c84fa94-04c1-424b-9868-57a2d4851a1d" relativeResultsDirectory="aa5a0dd3-f39d-4e18-9567-71eb8d5905ac" />
    <UnitTestResult executionId="cb971157-c7ec-4843-9aaf-4b90a8ef7e51" testId="74539da9-e8d8-3db8-fc39-faa5f1db68f1" testName="LineThatStartsWithEscapedHash_Header6_ShouldRemoveEscapeSign" computerName="Erics-MBP" duration="00:00:00.0001050" startTime="2021-10-04T17:14:56.2061000-04:00" endTime="2021-10-04T17:14:56.2062050-04:00" testType="13cdc9d9-ddb5-4fa4-a97d-d965ccfc6d4b" outcome="Passed" testListId="8c84fa94-04c1-424b-9868-57a2d4851a1d" relativeResultsDirectory="cb971157-c7ec-4843-9aaf-4b90a8ef7e51" />
    <UnitTestResult executionId="4ea7535e-7c93-4bde-9001-9ec44a8a2032" testId="ae41c349-5474-73e3-363c-e03b2af702b4" testName="ThenCanResolveTheSelectedIDocumentationBuilder(Html,PicklesDoc.Pickles.DocumentationBuilders.Html.HtmlDocumentationBuilder)" computerName="Erics-MBP" duration="00:00:00.0012170" startTime="2021-10-04T17:14:57.2206920-04:00" endTime="2021-10-04T17:14:57.2219090-04:00" testType="13cdc9d9-ddb5-4fa4-a97d-d965ccfc6d4b" outcome="Passed" testListId="8c84fa94-04c1-424b-9868-57a2d4851a1d" relativeResultsDirectory="4ea7535e-7c93-4bde-9001-9ec44a8a2032" />
    <UnitTestResult executionId="2b74537b-23fd-4e42-bd16-81d070ddd961" testId="77906bed-4a7d-5521-51c2-4f3d836434ba" testName="MapToStep_StepWithTableArgument_ReturnStepWithTable" computerName="Erics-MBP" duration="00:00:00.0016820" startTime="2021-10-04T17:14:57.1188750-04:00" endTime="2021-10-04T17:14:57.1205570-04:00" testType="13cdc9d9-ddb5-4fa4-a97d-d965ccfc6d4b" outcome="Passed" testListId="8c84fa94-04c1-424b-9868-57a2d4851a1d" relativeResultsDirectory="2b74537b-23fd-4e42-bd16-81d070ddd961" />
    <UnitTestResult executionId="b7ab457b-9de2-457e-9f94-a63d625661e3" testId="33105edf-e833-84c3-9d73-5c48e0d690f3" testName="Map_And_ReturnsAnd" computerName="Erics-MBP" duration="00:00:00.0040600" startTime="2021-10-04T17:14:57.0018630-04:00" endTime="2021-10-04T17:14:57.0059230-04:00" testType="13cdc9d9-ddb5-4fa4-a97d-d965ccfc6d4b" outcome="Passed" testListId="8c84fa94-04c1-424b-9868-57a2d4851a1d" relativeResultsDirectory="b7ab457b-9de2-457e-9f94-a63d625661e3" />
    <UnitTestResult executionId="571ac403-f274-491f-a43a-3a72ff055ea3" testId="9896fd01-1602-19ad-40eb-c38536268da9" testName="ItShouldIndicateWasSuccessfulIsFalseForFailingScenario" computerName="Erics-MBP" duration="00:00:00.0135420" startTime="2021-10-04T17:14:56.8302210-04:00" endTime="2021-10-04T17:14:56.8437630-04:00" testType="13cdc9d9-ddb5-4fa4-a97d-d965ccfc6d4b" outcome="Passed" testListId="8c84fa94-04c1-424b-9868-57a2d4851a1d" relativeResultsDirectory="571ac403-f274-491f-a43a-3a72ff055ea3" />
    <UnitTestResult executionId="9abaa824-6b20-4724-a8b3-9eba9f6abc94" testId="f8a55f69-4bb6-f4ce-d8cb-672a9c4c9f03" testName="ItShouldIndicateWasSuccessfulIsTrueForTheOtherSuccessFeature" computerName="Erics-MBP" duration="00:00:00.0108520" startTime="2021-10-04T17:14:56.8529970-04:00" endTime="2021-10-04T17:14:56.8638480-04:00" testType="13cdc9d9-ddb5-4fa4-a97d-d965ccfc6d4b" outcome="Passed" testListId="8c84fa94-04c1-424b-9868-57a2d4851a1d" relativeResultsDirectory="9abaa824-6b20-4724-a8b3-9eba9f6abc94" />
    <UnitTestResult executionId="2c3b79d4-eed9-496e-8973-ae2be667b0e3" testId="d1607d13-bf37-a017-7c4d-310c80ac28d2" testName="MapToScenario_NullScenario_ReturnsNull" computerName="Erics-MBP" duration="00:00:00.0014270" startTime="2021-10-04T17:14:57.0911320-04:00" endTime="2021-10-04T17:14:57.0925600-04:00" testType="13cdc9d9-ddb5-4fa4-a97d-d965ccfc6d4b" outcome="Passed" testListId="8c84fa94-04c1-424b-9868-57a2d4851a1d" relativeResultsDirectory="2c3b79d4-eed9-496e-8973-ae2be667b0e3" />
    <UnitTestResult executionId="efe1d415-f058-4b39-8fa3-67c9732abfee" testId="f2a4d10f-7a23-0d3b-b616-b37bcd3d7f3d" testName="Map_WithName_ReturnsSlug" computerName="Erics-MBP" duration="00:00:00.0002240" startTime="2021-10-04T17:14:57.0089280-04:00" endTime="2021-10-04T17:14:57.0091530-04:00" testType="13cdc9d9-ddb5-4fa4-a97d-d965ccfc6d4b" outcome="Passed" testListId="8c84fa94-04c1-424b-9868-57a2d4851a1d" relativeResultsDirectory="efe1d415-f058-4b39-8fa3-67c9732abfee" />
    <UnitTestResult executionId="18536df5-fe9c-4f9a-b767-ae4c9439a96d" testId="359602d4-5c8b-a71b-3178-d67e251b597f" testName="Process_BlankThenText_ReturnsText" computerName="Erics-MBP" duration="00:00:00.0001040" startTime="2021-10-04T17:14:56.2062150-04:00" endTime="2021-10-04T17:14:56.2063190-04:00" testType="13cdc9d9-ddb5-4fa4-a97d-d965ccfc6d4b" outcome="Passed" testListId="8c84fa94-04c1-424b-9868-57a2d4851a1d" relativeResultsDirectory="18536df5-fe9c-4f9a-b767-ae4c9439a96d" />
    <UnitTestResult executionId="1c41b2f6-70c8-4e4f-bc67-99f0e2e1a2dc" testId="406df244-d1c3-813e-16f9-3ed6d4fe1b59" testName="ThenCanDetectAllStylesheetsSuccessfully" computerName="Erics-MBP" duration="00:00:00.0021280" startTime="2021-10-04T17:14:57.3923360-04:00" endTime="2021-10-04T17:14:57.3944650-04:00" testType="13cdc9d9-ddb5-4fa4-a97d-d965ccfc6d4b" outcome="Passed" testListId="8c84fa94-04c1-424b-9868-57a2d4851a1d" relativeResultsDirectory="1c41b2f6-70c8-4e4f-bc67-99f0e2e1a2dc" />
    <UnitTestResult executionId="acc134a6-1f4f-449e-b909-2e91e3ec35cb" testId="33ddece8-ef6e-de86-ff9f-62192d743904" testName="Constructor_ValidRelativePath" computerName="Erics-MBP" duration="00:00:00.0013380" startTime="2021-10-04T17:14:56.2166920-04:00" endTime="2021-10-04T17:14:56.2180290-04:00" testType="13cdc9d9-ddb5-4fa4-a97d-d965ccfc6d4b" outcome="Passed" testListId="8c84fa94-04c1-424b-9868-57a2d4851a1d" relativeResultsDirectory="acc134a6-1f4f-449e-b909-2e91e3ec35cb" />
    <UnitTestResult executionId="af140163-93c3-4959-a2eb-202d4066a000" testId="7537e683-3e74-548a-5552-941c0a3f0e36" testName="Map_Null_ReturnsNull" computerName="Erics-MBP" duration="00:00:00.0001730" startTime="2021-10-04T17:14:57.0078320-04:00" endTime="2021-10-04T17:14:57.0080050-04:00" testType="13cdc9d9-ddb5-4fa4-a97d-d965ccfc6d4b" outcome="Passed" testListId="8c84fa94-04c1-424b-9868-57a2d4851a1d" relativeResultsDirectory="af140163-93c3-4959-a2eb-202d4066a000" />
    <UnitTestResult executionId="9aa0b118-ee4c-4584-a6b6-d378c196ee86" testId="99a25f48-0d46-1e4c-d856-1a93a4215220" testName="Then_can_parse_and_remove_technical_tag_in_configuration_remove_technical_tag" computerName="Erics-MBP" duration="00:00:00.0082160" startTime="2021-10-04T17:14:57.1704740-04:00" endTime="2021-10-04T17:14:57.1786890-04:00" testType="13cdc9d9-ddb5-4fa4-a97d-d965ccfc6d4b" outcome="Passed" testListId="8c84fa94-04c1-424b-9868-57a2d4851a1d" relativeResultsDirectory="9aa0b118-ee4c-4584-a6b6-d378c196ee86" />
    <UnitTestResult executionId="744bd687-0379-4878-8a7e-b6539c26a0b6" testId="5dc69bee-0bac-486b-6e0f-6ce7f05461ae" testName="Map_NullTableRow_ReturnsNull" computerName="Erics-MBP" duration="00:00:00.0004830" startTime="2021-10-04T17:14:57.0143370-04:00" endTime="2021-10-04T17:14:57.0148200-04:00" testType="13cdc9d9-ddb5-4fa4-a97d-d965ccfc6d4b" outcome="Passed" testListId="8c84fa94-04c1-424b-9868-57a2d4851a1d" relativeResultsDirectory="744bd687-0379-4878-8a7e-b6539c26a0b6" />
    <UnitTestResult executionId="afd6dfe9-4f2e-417a-80a9-df337408667e" testId="2f32466c-54e6-c512-f429-2080bcc91825" testName="MapToScenario_BackgroundWithNullDescription_ReturnsScenarioWithEmptyDescription" computerName="Erics-MBP" duration="00:00:00.0011860" startTime="2021-10-04T17:14:57.0326160-04:00" endTime="2021-10-04T17:14:57.0338020-04:00" testType="13cdc9d9-ddb5-4fa4-a97d-d965ccfc6d4b" outcome="Passed" testListId="8c84fa94-04c1-424b-9868-57a2d4851a1d" relativeResultsDirectory="afd6dfe9-4f2e-417a-80a9-df337408667e" />
    <UnitTestResult executionId="e2b33e6d-d75b-494d-809b-38267466c9d2" testId="8a192c30-8319-60ca-9b79-083c98f4c139" testName="MapToStringDocString_ArgumentWithStringValue_ReturnsThatString" computerName="Erics-MBP" duration="00:00:00.0015100" startTime="2021-10-04T17:14:57.0610530-04:00" endTime="2021-10-04T17:14:57.0625630-04:00" testType="13cdc9d9-ddb5-4fa4-a97d-d965ccfc6d4b" outcome="Passed" testListId="8c84fa94-04c1-424b-9868-57a2d4851a1d" relativeResultsDirectory="e2b33e6d-d75b-494d-809b-38267466c9d2" />
    <UnitTestResult executionId="c158ee47-9438-40a8-a3e2-f1ddffd6918e" testId="7d4b2fb4-4f47-e69c-8783-b5d5edc4e395" testName="ThenCanParseScenariosSuccessfully" computerName="Erics-MBP" duration="00:00:00.0032970" startTime="2021-10-04T17:14:57.1915490-04:00" endTime="2021-10-04T17:14:57.1948450-04:00" testType="13cdc9d9-ddb5-4fa4-a97d-d965ccfc6d4b" outcome="Passed" testListId="8c84fa94-04c1-424b-9868-57a2d4851a1d" relativeResultsDirectory="c158ee47-9438-40a8-a3e2-f1ddffd6918e" />
    <UnitTestResult executionId="1b20b817-9bcb-42ce-9bea-916da3f787f7" testId="2c6cc121-0dd5-d647-685b-59af2aa3177a" testName="Then_can_parse_and_ignore_scenario_with_tag_in_configuration_ignore_tag" computerName="Erics-MBP" duration="00:00:00.0038800" startTime="2021-10-04T17:14:57.1567720-04:00" endTime="2021-10-04T17:14:57.1606510-04:00" testType="13cdc9d9-ddb5-4fa4-a97d-d965ccfc6d4b" outcome="Passed" testListId="8c84fa94-04c1-424b-9868-57a2d4851a1d" relativeResultsDirectory="1b20b817-9bcb-42ce-9bea-916da3f787f7" />
    <UnitTestResult executionId="2642a582-5d19-4025-8ff9-15d0194d1fba" testId="efc98ff6-24a4-3785-7d11-0177db098370" testName="Create_MarkdownParsingError_AddsEntryToReport" computerName="Erics-MBP" duration="00:00:00.0070410" startTime="2021-10-04T17:14:56.3413760-04:00" endTime="2021-10-04T17:14:56.3484170-04:00" testType="13cdc9d9-ddb5-4fa4-a97d-d965ccfc6d4b" outcome="Passed" testListId="8c84fa94-04c1-424b-9868-57a2d4851a1d" relativeResultsDirectory="2642a582-5d19-4025-8ff9-15d0194d1fba" />
    <UnitTestResult executionId="b6170b1e-c111-41ca-9654-6b47e1eedca8" testId="f1eb8b6a-9375-3801-5631-df4597432bd1" testName="Map_When_ReturnsWhen" computerName="Erics-MBP" duration="00:00:00.0001130" startTime="2021-10-04T17:14:57.0065070-04:00" endTime="2021-10-04T17:14:57.0066200-04:00" testType="13cdc9d9-ddb5-4fa4-a97d-d965ccfc6d4b" outcome="Passed" testListId="8c84fa94-04c1-424b-9868-57a2d4851a1d" relativeResultsDirectory="b6170b1e-c111-41ca-9654-6b47e1eedca8" />
    <UnitTestResult executionId="015a533c-8ad6-41a4-bf03-4e1ef7622aca" testId="22e52513-2df6-8c27-3e3b-511650413f71" testName="ToFileUriCombined_ValidIntput_ValidOutput" computerName="Erics-MBP" duration="00:00:00.0009070" startTime="2021-10-04T17:14:56.2779250-04:00" endTime="2021-10-04T17:14:56.2788320-04:00" testType="13cdc9d9-ddb5-4fa4-a97d-d965ccfc6d4b" outcome="Passed" testListId="8c84fa94-04c1-424b-9868-57a2d4851a1d" relativeResultsDirectory="015a533c-8ad6-41a4-bf03-4e1ef7622aca" />
    <UnitTestResult executionId="17a4046b-84cd-49e0-8e0d-fad4ad91d577" testId="9f075bd6-5d09-682b-185d-903bddefcd8e" testName="Merge_PassedInconclusiveAndFailedResults_ShouldReturnFailed" computerName="Erics-MBP" duration="00:00:00.0001770" startTime="2021-10-04T17:14:57.1412180-04:00" endTime="2021-10-04T17:14:57.1413950-04:00" testType="13cdc9d9-ddb5-4fa4-a97d-d965ccfc6d4b" outcome="Passed" testListId="8c84fa94-04c1-424b-9868-57a2d4851a1d" relativeResultsDirectory="17a4046b-84cd-49e0-8e0d-fad4ad91d577" />
    <UnitTestResult executionId="106544a6-9a3b-4f61-919a-8be1a4f9863e" testId="ba53ca1c-8fc8-ce7b-1238-7a4281364dad" testName="Map_EnglishFeature_SetsNativeKeywordToExamples" computerName="Erics-MBP" duration="00:00:00.0003830" startTime="2021-10-04T17:14:56.9926690-04:00" endTime="2021-10-04T17:14:56.9930520-04:00" testType="13cdc9d9-ddb5-4fa4-a97d-d965ccfc6d4b" outcome="Passed" testListId="8c84fa94-04c1-424b-9868-57a2d4851a1d" relativeResultsDirectory="106544a6-9a3b-4f61-919a-8be1a4f9863e" />
    <UnitTestResult executionId="2e1b4c17-0503-4b8b-93a3-a8f4230796a7" testId="eae8d6d5-3d1b-9a28-35cb-83916a819bec" testName="Map_TableWithHeaderRow_ReturnsJsonTableWithoutHeaderRow" computerName="Erics-MBP" duration="00:00:00.0002810" startTime="2021-10-04T17:14:57.0281410-04:00" endTime="2021-10-04T17:14:57.0284220-04:00" testType="13cdc9d9-ddb5-4fa4-a97d-d965ccfc6d4b" outcome="Passed" testListId="8c84fa94-04c1-424b-9868-57a2d4851a1d" relativeResultsDirectory="2e1b4c17-0503-4b8b-93a3-a8f4230796a7" />
    <UnitTestResult executionId="63b85e74-c015-46cb-8e11-d6d7bf5a6228" testId="2ded35d7-32fa-b312-206c-4530f3316064" testName="WhenExperimentalIsDisabled_ResolveMarkdownProvider" computerName="Erics-MBP" duration="00:00:00.0006870" startTime="2021-10-04T17:14:57.2513650-04:00" endTime="2021-10-04T17:14:57.2520530-04:00" testType="13cdc9d9-ddb5-4fa4-a97d-d965ccfc6d4b" outcome="Passed" testListId="8c84fa94-04c1-424b-9868-57a2d4851a1d" relativeResultsDirectory="63b85e74-c015-46cb-8e11-d6d7bf5a6228" />
    <UnitTestResult executionId="9d5b843e-beba-4cef-b315-9b78a2149d52" testId="2d1e8734-39be-985c-1537-9f979ee40cdf" testName="MapToLocation_NullLocation_ReturnsNull" computerName="Erics-MBP" duration="00:00:00.0013060" startTime="2021-10-04T17:14:57.0862410-04:00" endTime="2021-10-04T17:14:57.0875470-04:00" testType="13cdc9d9-ddb5-4fa4-a97d-d965ccfc6d4b" outcome="Passed" testListId="8c84fa94-04c1-424b-9868-57a2d4851a1d" relativeResultsDirectory="9d5b843e-beba-4cef-b315-9b78a2149d52" />
    <UnitTestResult executionId="6155b200-8d33-4a33-a606-13f7367fa4ab" testId="5d7eb242-2da2-1aff-54be-febe9c23c1d1" testName="Map_Then_ReturnsThen" computerName="Erics-MBP" duration="00:00:00.0001140" startTime="2021-10-04T17:14:57.0063830-04:00" endTime="2021-10-04T17:14:57.0064970-04:00" testType="13cdc9d9-ddb5-4fa4-a97d-d965ccfc6d4b" outcome="Passed" testListId="8c84fa94-04c1-424b-9868-57a2d4851a1d" relativeResultsDirectory="6155b200-8d33-4a33-a606-13f7367fa4ab" />
    <UnitTestResult executionId="6d757714-76de-4fbe-9ed4-bdea414d6e38" testId="421a6e45-c786-7a38-bb88-c8e678f20118" testName="ThenCanParseScenarioWithDocstringSuccessfully" computerName="Erics-MBP" duration="00:00:00.0033520" startTime="2021-10-04T17:14:57.1985330-04:00" endTime="2021-10-04T17:14:57.2018850-04:00" testType="13cdc9d9-ddb5-4fa4-a97d-d965ccfc6d4b" outcome="Passed" testListId="8c84fa94-04c1-424b-9868-57a2d4851a1d" relativeResultsDirectory="6d757714-76de-4fbe-9ed4-bdea414d6e38" />
    <UnitTestResult executionId="47434c10-23ff-4287-8084-5ffd0ac6fb00" testId="4a5df4ca-f345-0994-08e9-9a292fd5e958" testName="IsRelevant_ByDefault_ReturnsFalse" computerName="Erics-MBP" duration="00:00:00.0054140" startTime="2021-10-04T17:14:56.2340600-04:00" endTime="2021-10-04T17:14:56.2394740-04:00" testType="13cdc9d9-ddb5-4fa4-a97d-d965ccfc6d4b" outcome="Passed" testListId="8c84fa94-04c1-424b-9868-57a2d4851a1d" relativeResultsDirectory="47434c10-23ff-4287-8084-5ffd0ac6fb00" />
    <UnitTestResult executionId="df7c39ca-8eab-419f-9640-8034f9b67180" testId="f7e0777a-1331-1f40-67bd-d8c8374f16be" testName="Map_NotNull_ReturnsJsonCommentWithSameText" computerName="Erics-MBP" duration="00:00:00.0004530" startTime="2021-10-04T17:14:56.9830060-04:00" endTime="2021-10-04T17:14:56.9834600-04:00" testType="13cdc9d9-ddb5-4fa4-a97d-d965ccfc6d4b" outcome="Passed" testListId="8c84fa94-04c1-424b-9868-57a2d4851a1d" relativeResultsDirectory="df7c39ca-8eab-419f-9640-8034f9b67180" />
    <UnitTestResult executionId="ddff125e-0cf9-43bd-8009-d89477622ce2" testId="c266fa7d-acb2-60c9-6e2b-3e6d7d99744e" testName="WhenSettingTheLanguageInTheConfiguration_ThenCanParseMostBasicFeatureSuccessfully" computerName="Erics-MBP" duration="00:00:00.0032030" startTime="2021-10-04T17:14:57.2160450-04:00" endTime="2021-10-04T17:14:57.2192470-04:00" testType="13cdc9d9-ddb5-4fa4-a97d-d965ccfc6d4b" outcome="Passed" testListId="8c84fa94-04c1-424b-9868-57a2d4851a1d" relativeResultsDirectory="ddff125e-0cf9-43bd-8009-d89477622ce2" />
    <UnitTestResult executionId="0ebb67a0-e640-45cc-a4a1-e3ad87153512" testId="a606fd29-5ae7-b480-ad67-6c591600d344" testName="ToUriDirectoryInfo_WithTrailingSlash_ProducesUriWithTrailingSlash" computerName="Erics-MBP" duration="00:00:00.0013230" startTime="2021-10-04T17:14:56.2845000-04:00" endTime="2021-10-04T17:14:56.2858230-04:00" testType="13cdc9d9-ddb5-4fa4-a97d-d965ccfc6d4b" outcome="Passed" testListId="8c84fa94-04c1-424b-9868-57a2d4851a1d" relativeResultsDirectory="0ebb67a0-e640-45cc-a4a1-e3ad87153512" />
    <UnitTestResult executionId="d1edf05b-4d97-440a-b0a7-0d880b97f2f1" testId="d8703a4d-64af-90ac-3d91-d91ec6e526a2" testName="MapToStringTableCell_TableCellWithValue_ReturnsThatValue" computerName="Erics-MBP" duration="00:00:00.0020990" startTime="2021-10-04T17:14:57.0491530-04:00" endTime="2021-10-04T17:14:57.0512530-04:00" testType="13cdc9d9-ddb5-4fa4-a97d-d965ccfc6d4b" outcome="Passed" testListId="8c84fa94-04c1-424b-9868-57a2d4851a1d" relativeResultsDirectory="d1edf05b-4d97-440a-b0a7-0d880b97f2f1" />
    <UnitTestResult executionId="74249180-a4f2-4a46-b6b3-c5881debc379" testId="4a3558be-633c-b5e1-e65c-31f677abdb6a" testName="MapToFeature_NullFeature_ReturnsNull" computerName="Erics-MBP" duration="00:00:00.0011199" startTime="2021-10-04T17:14:57.0848880-04:00" endTime="2021-10-04T17:14:57.0860070-04:00" testType="13cdc9d9-ddb5-4fa4-a97d-d965ccfc6d4b" outcome="Passed" testListId="8c84fa94-04c1-424b-9868-57a2d4851a1d" relativeResultsDirectory="74249180-a4f2-4a46-b6b3-c5881debc379" />
    <UnitTestResult executionId="cdf5a5cb-a898-4af4-bc81-a33009913616" testId="c45bafd9-44fe-eb94-223b-fb60dcc673d3" testName="MapToExample_RegularWithTagsExamples_ReturnsCorrectExample" computerName="Erics-MBP" duration="00:00:00.0016760" startTime="2021-10-04T17:14:57.0674490-04:00" endTime="2021-10-04T17:14:57.0691240-04:00" testType="13cdc9d9-ddb5-4fa4-a97d-d965ccfc6d4b" outcome="Passed" testListId="8c84fa94-04c1-424b-9868-57a2d4851a1d" relativeResultsDirectory="cdf5a5cb-a898-4af4-bc81-a33009913616" />
    <UnitTestResult executionId="afa31266-faa3-449c-b765-7688f992f64d" testId="ddcc81ed-830c-5786-4d28-e9470c566f0e" testName="Add_NullTree_ThrowArgumentNullException" computerName="Erics-MBP" duration="00:00:00.0021800" startTime="2021-10-04T17:14:56.1911970-04:00" endTime="2021-10-04T17:14:56.1933760-04:00" testType="13cdc9d9-ddb5-4fa4-a97d-d965ccfc6d4b" outcome="Passed" testListId="8c84fa94-04c1-424b-9868-57a2d4851a1d" relativeResultsDirectory="afa31266-faa3-449c-b765-7688f992f64d" />
    <UnitTestResult executionId="95d6d9ff-bc42-489f-97c9-1734e2cf1305" testId="98e469bb-9f52-5e59-ff5e-c657d094c2bb" testName="MapToStringTag_NullTag_ReturnsNull" computerName="Erics-MBP" duration="00:00:00.0011509" startTime="2021-10-04T17:14:57.1222360-04:00" endTime="2021-10-04T17:14:57.1233880-04:00" testType="13cdc9d9-ddb5-4fa4-a97d-d965ccfc6d4b" outcome="Passed" testListId="8c84fa94-04c1-424b-9868-57a2d4851a1d" relativeResultsDirectory="95d6d9ff-bc42-489f-97c9-1734e2cf1305" />
    <UnitTestResult executionId="10d7cf90-c48f-482e-993a-e8508d82f4d4" testId="58c9e785-2ac6-9bcb-7efe-6d35daa42a6c" testName="Map_WithSteps_ReturnsSteps" computerName="Erics-MBP" duration="00:00:00.0002540" startTime="2021-10-04T17:14:57.0094160-04:00" endTime="2021-10-04T17:14:57.0096700-04:00" testType="13cdc9d9-ddb5-4fa4-a97d-d965ccfc6d4b" outcome="Passed" testListId="8c84fa94-04c1-424b-9868-57a2d4851a1d" relativeResultsDirectory="10d7cf90-c48f-482e-993a-e8508d82f4d4" />
    <UnitTestResult executionId="cad76c25-ff38-4916-b1d5-ffc642fed960" testId="216afdda-9f90-6646-2d48-d4b3f580d4ec" testName="ToUriFileInfo_NormalFilename_ProducesUri" computerName="Erics-MBP" duration="00:00:00.0015110" startTime="2021-10-04T17:14:56.2858950-04:00" endTime="2021-10-04T17:14:56.2874060-04:00" testType="13cdc9d9-ddb5-4fa4-a97d-d965ccfc6d4b" outcome="Passed" testListId="8c84fa94-04c1-424b-9868-57a2d4851a1d" relativeResultsDirectory="cad76c25-ff38-4916-b1d5-ffc642fed960" />
    <UnitTestResult executionId="6435f0d6-e960-4607-b0fd-f698e177c382" testId="c64ab3fd-a5a1-5878-7c1a-1e8a8afbf3b9" testName="Merge_NullReference_ThrowsArgumentNullException" computerName="Erics-MBP" duration="00:00:00.0011010" startTime="2021-10-04T17:14:57.1400580-04:00" endTime="2021-10-04T17:14:57.1411600-04:00" testType="13cdc9d9-ddb5-4fa4-a97d-d965ccfc6d4b" outcome="Passed" testListId="8c84fa94-04c1-424b-9868-57a2d4851a1d" relativeResultsDirectory="6435f0d6-e960-4607-b0fd-f698e177c382" />
    <UnitTestResult executionId="53399478-031c-4aaf-afa8-b18f32efff54" testId="edbaf06d-2784-fb0b-6a51-d7a7b978a687" testName="ToUriDirectoryInfo_WithoutTrailingSlash_ProducesUriWithTrailingSlash" computerName="Erics-MBP" duration="00:00:00.0013570" startTime="2021-10-04T17:14:56.2830790-04:00" endTime="2021-10-04T17:14:56.2844360-04:00" testType="13cdc9d9-ddb5-4fa4-a97d-d965ccfc6d4b" outcome="Passed" testListId="8c84fa94-04c1-424b-9868-57a2d4851a1d" relativeResultsDirectory="53399478-031c-4aaf-afa8-b18f32efff54" />
    <UnitTestResult executionId="d052f200-0aa7-4aaf-88e9-eaa54b53456f" testId="89911fa4-1c14-ab49-c42c-931bebac33c7" testName="Map_WithDescription_ReturnsSlug" computerName="Erics-MBP" duration="00:00:00.0001730" startTime="2021-10-04T17:14:57.0085620-04:00" endTime="2021-10-04T17:14:57.0087340-04:00" testType="13cdc9d9-ddb5-4fa4-a97d-d965ccfc6d4b" outcome="Passed" testListId="8c84fa94-04c1-424b-9868-57a2d4851a1d" relativeResultsDirectory="d052f200-0aa7-4aaf-88e9-eaa54b53456f" />
    <UnitTestResult executionId="83db8fad-091c-47c8-b473-09c39ae5c9de" testId="37fe9d09-a818-1ef8-df58-f72c0d297037" testName="ToFolderUriString_WithoutTrailingSlash_ValidOutputWithTrailingSlash" computerName="Erics-MBP" duration="00:00:00.0012530" startTime="2021-10-04T17:14:56.2803330-04:00" endTime="2021-10-04T17:14:56.2815860-04:00" testType="13cdc9d9-ddb5-4fa4-a97d-d965ccfc6d4b" outcome="Passed" testListId="8c84fa94-04c1-424b-9868-57a2d4851a1d" relativeResultsDirectory="83db8fad-091c-47c8-b473-09c39ae5c9de" />
    <UnitTestResult executionId="00643232-7224-4941-bd30-7412ed483910" testId="a76a52d2-e464-7beb-7062-8f2eeda29156" testName="LineThatStartsWithEscapedHash_Header2_ShouldRemoveEscapeSign" computerName="Erics-MBP" duration="00:00:00.0001320" startTime="2021-10-04T17:14:56.2055910-04:00" endTime="2021-10-04T17:14:56.2057230-04:00" testType="13cdc9d9-ddb5-4fa4-a97d-d965ccfc6d4b" outcome="Passed" testListId="8c84fa94-04c1-424b-9868-57a2d4851a1d" relativeResultsDirectory="00643232-7224-4941-bd30-7412ed483910" />
    <UnitTestResult executionId="9fd00aaf-65da-4d51-a564-4fe2755160f8" testId="ee515d6c-2d47-b4a0-9e7c-d4b3563152a1" testName="ThenCanResolveTheSelectedIDocumentationBuilderAsSingleton(Word,PicklesDoc.Pickles.DocumentationBuilders.Word.WordDocumentationBuilder)" computerName="Erics-MBP" duration="00:00:00.0021880" startTime="2021-10-04T17:14:57.2420420-04:00" endTime="2021-10-04T17:14:57.2442300-04:00" testType="13cdc9d9-ddb5-4fa4-a97d-d965ccfc6d4b" outcome="Passed" testListId="8c84fa94-04c1-424b-9868-57a2d4851a1d" relativeResultsDirectory="9fd00aaf-65da-4d51-a564-4fe2755160f8" />
    <UnitTestResult executionId="0b86dcce-3b12-4b6d-aad8-39ff41cb9196" testId="aef8551c-05cb-2cf2-3f00-57a0d48780f4" testName="Map_TableRowWithCells_ConvertsToJsonTableRow" computerName="Erics-MBP" duration="00:00:00.0006380" startTime="2021-10-04T17:14:57.0186600-04:00" endTime="2021-10-04T17:14:57.0192980-04:00" testType="13cdc9d9-ddb5-4fa4-a97d-d965ccfc6d4b" outcome="Passed" testListId="8c84fa94-04c1-424b-9868-57a2d4851a1d" relativeResultsDirectory="0b86dcce-3b12-4b6d-aad8-39ff41cb9196" />
    <UnitTestResult executionId="be53d886-af27-4341-bfb6-78342db7de70" testId="29a3c11d-efc3-2b7f-7226-91220f6ed839" testName="Map_WithoutStepComments_ReturnsEmptyList" computerName="Erics-MBP" duration="00:00:00.0002140" startTime="2021-10-04T17:14:57.0134870-04:00" endTime="2021-10-04T17:14:57.0137010-04:00" testType="13cdc9d9-ddb5-4fa4-a97d-d965ccfc6d4b" outcome="Passed" testListId="8c84fa94-04c1-424b-9868-57a2d4851a1d" relativeResultsDirectory="be53d886-af27-4341-bfb6-78342db7de70" />
    <UnitTestResult executionId="bb27a6d1-52cf-4853-9d5b-6e4c9f5c79af" testId="c3fc67c9-f6cc-0277-4e92-395574eb470c" testName="GetEncoding_UTF7BOM_ReturnsUTF" computerName="Erics-MBP" duration="00:00:00.0081040" startTime="2021-10-04T17:14:56.2613950-04:00" endTime="2021-10-04T17:14:56.2694990-04:00" testType="13cdc9d9-ddb5-4fa4-a97d-d965ccfc6d4b" outcome="Passed" testListId="8c84fa94-04c1-424b-9868-57a2d4851a1d" relativeResultsDirectory="bb27a6d1-52cf-4853-9d5b-6e4c9f5c79af" />
    <UnitTestResult executionId="58778797-cfaf-419f-a188-db9faf5f99be" testId="47c9a237-7b62-75f9-e1ca-dd3cd3c91f8d" testName="ItShouldContainTheFeature" computerName="Erics-MBP" duration="00:00:00.0048350" startTime="2021-10-04T17:14:56.6744540-04:00" endTime="2021-10-04T17:14:56.6792890-04:00" testType="13cdc9d9-ddb5-4fa4-a97d-d965ccfc6d4b" outcome="Passed" testListId="8c84fa94-04c1-424b-9868-57a2d4851a1d" relativeResultsDirectory="58778797-cfaf-419f-a188-db9faf5f99be" />
    <UnitTestResult executionId="7061da65-5e6a-4b14-980e-2bb13b7dc25a" testId="91378188-0153-6848-6e24-0c45539dcf6d" testName="ThenCanResolveTheSelectedIDocumentationBuilder(DHtml,PicklesDoc.Pickles.DocumentationBuilders.Dhtml.DhtmlDocumentationBuilder)" computerName="Erics-MBP" duration="00:00:00.0014920" startTime="2021-10-04T17:14:57.2328110-04:00" endTime="2021-10-04T17:14:57.2343030-04:00" testType="13cdc9d9-ddb5-4fa4-a97d-d965ccfc6d4b" outcome="Passed" testListId="8c84fa94-04c1-424b-9868-57a2d4851a1d" relativeResultsDirectory="7061da65-5e6a-4b14-980e-2bb13b7dc25a" />
    <UnitTestResult executionId="a227a40c-7316-47d4-8d55-661c3cba80ff" testId="c826d657-b8f4-5226-a39c-eb7188bc6544" testName="ThenCanFormatTextWithAcronymAsWikiWordSuccessfully" computerName="Erics-MBP" duration="00:00:00.0001240" startTime="2021-10-04T17:14:56.2758860-04:00" endTime="2021-10-04T17:14:56.2760100-04:00" testType="13cdc9d9-ddb5-4fa4-a97d-d965ccfc6d4b" outcome="Passed" testListId="8c84fa94-04c1-424b-9868-57a2d4851a1d" relativeResultsDirectory="a227a40c-7316-47d4-8d55-661c3cba80ff" />
    <UnitTestResult executionId="d9e0d76b-977c-4cf8-8a41-33755af8093e" testId="0deeb8ae-3a20-2371-5a6c-b2ecc1099272" testName="MapToStep_StepWithDocStringArgument_ReturnStepWithDocString" computerName="Erics-MBP" duration="00:00:00.0032010" startTime="2021-10-04T17:14:57.1128050-04:00" endTime="2021-10-04T17:14:57.1160060-04:00" testType="13cdc9d9-ddb5-4fa4-a97d-d965ccfc6d4b" outcome="Passed" testListId="8c84fa94-04c1-424b-9868-57a2d4851a1d" relativeResultsDirectory="d9e0d76b-977c-4cf8-8a41-33755af8093e" />
    <UnitTestResult executionId="c705fb6f-88be-4ad6-a7b3-40b87a97f1e7" testId="45cb73b7-c03c-7dde-9cbf-274f19a6f153" testName="Specification_Scenario1" computerName="Erics-MBP" duration="00:00:00.0002090" startTime="2021-10-04T17:14:56.2076630-04:00" endTime="2021-10-04T17:14:56.2078720-04:00" testType="13cdc9d9-ddb5-4fa4-a97d-d965ccfc6d4b" outcome="Passed" testListId="8c84fa94-04c1-424b-9868-57a2d4851a1d" relativeResultsDirectory="c705fb6f-88be-4ad6-a7b3-40b87a97f1e7" />
    <UnitTestResult executionId="093ee56d-936e-4efb-a926-844825df1b31" testId="ad2deadc-28a2-719e-7150-17ba175aa913" testName="MapToFeature_FeatureWithNullDescription_ReturnsFeatureWithEmptyDescription" computerName="Erics-MBP" duration="00:00:00.0011329" startTime="2021-10-04T17:14:57.0783410-04:00" endTime="2021-10-04T17:14:57.0794740-04:00" testType="13cdc9d9-ddb5-4fa4-a97d-d965ccfc6d4b" outcome="Passed" testListId="8c84fa94-04c1-424b-9868-57a2d4851a1d" relativeResultsDirectory="093ee56d-936e-4efb-a926-844825df1b31" />
    <UnitTestResult executionId="72a604ea-b703-4f5b-a494-bb4b5522d2c8" testId="20a92ec6-b034-8a96-bf54-9fb94fce27f7" testName="GetRelativeUriTo_DirectoryToParentDirectory_ReturnsRelativePath" computerName="Erics-MBP" duration="00:00:00.0013209" startTime="2021-10-04T17:14:56.2271410-04:00" endTime="2021-10-04T17:14:56.2284610-04:00" testType="13cdc9d9-ddb5-4fa4-a97d-d965ccfc6d4b" outcome="Passed" testListId="8c84fa94-04c1-424b-9868-57a2d4851a1d" relativeResultsDirectory="72a604ea-b703-4f5b-a494-bb4b5522d2c8" />
    <UnitTestResult executionId="e2971e42-0c06-4e14-b865-a66f550e1586" testId="9bd1749b-1791-ec4a-f271-7478791738c2" testName="MapToTableRow_RowWithCellValues_ReturnsRowContainingThoseValues" computerName="Erics-MBP" duration="00:00:00.0026870" startTime="2021-10-04T17:14:57.0580060-04:00" endTime="2021-10-04T17:14:57.0606920-04:00" testType="13cdc9d9-ddb5-4fa4-a97d-d965ccfc6d4b" outcome="Passed" testListId="8c84fa94-04c1-424b-9868-57a2d4851a1d" relativeResultsDirectory="e2971e42-0c06-4e14-b865-a66f550e1586" />
    <UnitTestResult executionId="858c2733-b1fe-42fb-a103-d132f4175193" testId="8ec388e9-fc91-4d25-bf6f-f8f08af7b2f5" testName="Map_NullFeature_ReturnsNullJsonFeature" computerName="Erics-MBP" duration="00:00:00.0001570" startTime="2021-10-04T17:14:56.9996720-04:00" endTime="2021-10-04T17:14:56.9998290-04:00" testType="13cdc9d9-ddb5-4fa4-a97d-d965ccfc6d4b" outcome="Passed" testListId="8c84fa94-04c1-424b-9868-57a2d4851a1d" relativeResultsDirectory="858c2733-b1fe-42fb-a103-d132f4175193" />
    <UnitTestResult executionId="ea4c35f6-6644-454a-ae04-1a4a39aabcbf" testId="c3ab92f1-9919-8262-68eb-854764e7ba38" testName="IsRelevant_ValidFile_ReturnsTrue(&quot;image.bmp&quot;)" computerName="Erics-MBP" duration="00:00:00.0000720" startTime="2021-10-04T17:14:56.2407790-04:00" endTime="2021-10-04T17:14:56.2408510-04:00" testType="13cdc9d9-ddb5-4fa4-a97d-d965ccfc6d4b" outcome="Passed" testListId="8c84fa94-04c1-424b-9868-57a2d4851a1d" relativeResultsDirectory="ea4c35f6-6644-454a-ae04-1a4a39aabcbf" />
    <UnitTestResult executionId="d4e986fa-5a29-4de2-b4d5-5c4fec6c59b3" testId="cb1cb307-beed-417a-ac8b-f4330065e350" testName="ThenCanResolveTheSelectedIDocumentationBuilder(Excel,PicklesDoc.Pickles.DocumentationBuilders.Excel.ExcelDocumentationBuilder)" computerName="Erics-MBP" duration="00:00:00.0035990" startTime="2021-10-04T17:14:57.2291860-04:00" endTime="2021-10-04T17:14:57.2327850-04:00" testType="13cdc9d9-ddb5-4fa4-a97d-d965ccfc6d4b" outcome="Passed" testListId="8c84fa94-04c1-424b-9868-57a2d4851a1d" relativeResultsDirectory="d4e986fa-5a29-4de2-b4d5-5c4fec6c59b3" />
    <UnitTestResult executionId="d90e3b92-7ad9-459d-8218-3fe2383c9291" testId="a9d18150-cea2-1f58-98af-2d8981b7023b" testName="Map_WithKeyword_ReturnsCorrectKeyword" computerName="Erics-MBP" duration="00:00:00.0002200" startTime="2021-10-04T17:14:57.0121190-04:00" endTime="2021-10-04T17:14:57.0123390-04:00" testType="13cdc9d9-ddb5-4fa4-a97d-d965ccfc6d4b" outcome="Passed" testListId="8c84fa94-04c1-424b-9868-57a2d4851a1d" relativeResultsDirectory="d90e3b92-7ad9-459d-8218-3fe2383c9291" />
    <UnitTestResult executionId="bf32b8bd-1cb1-44f7-8cf2-4da558e3fe12" testId="d90c12dd-95d4-2680-665c-a9724bf3407c" testName="Merge_MultiplePassedOneInconclusiveResults_ShouldReturnInconclusive" computerName="Erics-MBP" duration="00:00:00.0002460" startTime="2021-10-04T17:14:57.1395160-04:00" endTime="2021-10-04T17:14:57.1397610-04:00" testType="13cdc9d9-ddb5-4fa4-a97d-d965ccfc6d4b" outcome="Passed" testListId="8c84fa94-04c1-424b-9868-57a2d4851a1d" relativeResultsDirectory="bf32b8bd-1cb1-44f7-8cf2-4da558e3fe12" />
    <UnitTestResult executionId="ddd6fd2a-7cad-40a8-87ae-83288592c9e5" testId="ee9a1573-ad49-6697-840a-72c1ec738307" testName="MapToFeature_FeatureWithComments_ReturnsFeatureWithoutComments_WhenConfigurationSpecifies" computerName="Erics-MBP" duration="00:00:00.0017260" startTime="2021-10-04T17:14:57.0752960-04:00" endTime="2021-10-04T17:14:57.0770220-04:00" testType="13cdc9d9-ddb5-4fa4-a97d-d965ccfc6d4b" outcome="Passed" testListId="8c84fa94-04c1-424b-9868-57a2d4851a1d" relativeResultsDirectory="ddd6fd2a-7cad-40a8-87ae-83288592c9e5" />
    <UnitTestResult executionId="f1bb7c6b-7577-4cb5-a937-9b746c5208ea" testId="6dac4c1c-db66-2a51-4336-9a7010a21c77" testName="Can_crawl_directory_tree_for_features_successfully" computerName="Erics-MBP" duration="00:00:00.0106850" startTime="2021-10-04T17:14:56.9204400-04:00" endTime="2021-10-04T17:14:56.9311250-04:00" testType="13cdc9d9-ddb5-4fa4-a97d-d965ccfc6d4b" outcome="Passed" testListId="8c84fa94-04c1-424b-9868-57a2d4851a1d" relativeResultsDirectory="f1bb7c6b-7577-4cb5-a937-9b746c5208ea" />
    <UnitTestResult executionId="093552df-9bca-4a2f-a71f-682168bd2a29" testId="1778f960-3877-9ea7-360f-a6725dc97989" testName="IsRelevant_ImageFileInfo_ReturnsTrue" computerName="Erics-MBP" duration="00:00:00.0012520" startTime="2021-10-04T17:14:56.2414600-04:00" endTime="2021-10-04T17:14:56.2427130-04:00" testType="13cdc9d9-ddb5-4fa4-a97d-d965ccfc6d4b" outcome="Passed" testListId="8c84fa94-04c1-424b-9868-57a2d4851a1d" relativeResultsDirectory="093552df-9bca-4a2f-a71f-682168bd2a29" />
    <UnitTestResult executionId="924e72c8-ba85-4c6a-9bf0-e1f39010be14" testId="4320c348-afea-ab45-3dd4-efc1eb3772fe" testName="ItShouldIndicateWasSuccessfulIsFalseForAnotherFailingScenario" computerName="Erics-MBP" duration="00:00:00.0137260" startTime="2021-10-04T17:14:56.8164220-04:00" endTime="2021-10-04T17:14:56.8301470-04:00" testType="13cdc9d9-ddb5-4fa4-a97d-d965ccfc6d4b" outcome="Passed" testListId="8c84fa94-04c1-424b-9868-57a2d4851a1d" relativeResultsDirectory="924e72c8-ba85-4c6a-9bf0-e1f39010be14" />
    <UnitTestResult executionId="8e5b27d7-2c02-4475-ae84-5af35111146a" testId="75dd8bd3-eae9-4577-2955-8c8531bc3c5b" testName="Create_InvalidFeatureFile_AddsEntryToReport" computerName="Erics-MBP" duration="00:00:00.0211730" startTime="2021-10-04T17:14:56.3184710-04:00" endTime="2021-10-04T17:14:56.3396430-04:00" testType="13cdc9d9-ddb5-4fa4-a97d-d965ccfc6d4b" outcome="Passed" testListId="8c84fa94-04c1-424b-9868-57a2d4851a1d" relativeResultsDirectory="8e5b27d7-2c02-4475-ae84-5af35111146a" />
    <UnitTestResult executionId="f90f783e-06ca-48ee-8046-55648ee0f463" testId="45142e11-464c-9d21-08ec-b2dc0e449acc" testName="MapToScenarioOutline_Always_MapsFeatureProperty" computerName="Erics-MBP" duration="00:00:00.0013090" startTime="2021-10-04T17:14:57.1049300-04:00" endTime="2021-10-04T17:14:57.1062390-04:00" testType="13cdc9d9-ddb5-4fa4-a97d-d965ccfc6d4b" outcome="Passed" testListId="8c84fa94-04c1-424b-9868-57a2d4851a1d" relativeResultsDirectory="f90f783e-06ca-48ee-8046-55648ee0f463" />
    <UnitTestResult executionId="d20419e8-671b-464f-ba76-90ae1c691dc0" testId="e3729802-a92d-c297-8894-5684f6910af3" testName="Get_A_Relative_Path_When_Location_Is_Deeper_Than_Root" computerName="Erics-MBP" duration="00:00:00.0012170" startTime="2021-10-04T17:14:56.2708920-04:00" endTime="2021-10-04T17:14:56.2721090-04:00" testType="13cdc9d9-ddb5-4fa4-a97d-d965ccfc6d4b" outcome="Passed" testListId="8c84fa94-04c1-424b-9868-57a2d4851a1d" relativeResultsDirectory="d20419e8-671b-464f-ba76-90ae1c691dc0" />
    <UnitTestResult executionId="aba2e54d-fdf9-4740-ac4c-877ec30a9c2a" testId="8c668144-2935-03c4-cb76-374695bb843a" testName="Map_FeatureWithElements_ReturnsListofElements" computerName="Erics-MBP" duration="00:00:00.0010340" startTime="2021-10-04T17:14:56.9947540-04:00" endTime="2021-10-04T17:14:56.9957880-04:00" testType="13cdc9d9-ddb5-4fa4-a97d-d965ccfc6d4b" outcome="Passed" testListId="8c84fa94-04c1-424b-9868-57a2d4851a1d" relativeResultsDirectory="aba2e54d-fdf9-4740-ac4c-877ec30a9c2a" />
    <UnitTestResult executionId="b09a8b40-1dd2-496c-8930-4a8b4d68352a" testId="cba6d1e7-9efd-8bb5-d58c-bc7892bd4b07" testName="MapToComment_NullLocation_ReturnsNull" computerName="Erics-MBP" duration="00:00:00.0012800" startTime="2021-10-04T17:14:57.0411890-04:00" endTime="2021-10-04T17:14:57.0424700-04:00" testType="13cdc9d9-ddb5-4fa4-a97d-d965ccfc6d4b" outcome="Passed" testListId="8c84fa94-04c1-424b-9868-57a2d4851a1d" relativeResultsDirectory="b09a8b40-1dd2-496c-8930-4a8b4d68352a" />
    <UnitTestResult executionId="1a1807c6-ea26-49d0-8e3f-b70d7effa077" testId="68f64e68-24e0-ca45-5d01-93a0ed765eae" testName="Map_Inconclusive_ReturnsExecutedFalseSuccessfulFalse" computerName="Erics-MBP" duration="00:00:00.0001620" startTime="2021-10-04T17:14:57.0292980-04:00" endTime="2021-10-04T17:14:57.0294600-04:00" testType="13cdc9d9-ddb5-4fa4-a97d-d965ccfc6d4b" outcome="Passed" testListId="8c84fa94-04c1-424b-9868-57a2d4851a1d" relativeResultsDirectory="1a1807c6-ea26-49d0-8e3f-b70d7effa077" />
    <UnitTestResult executionId="f42f755b-ed35-43c1-994a-784b1a8e34d5" testId="ba0a5a7d-c5b5-7dd0-271b-846e5b517e29" testName="MapToStep_StepWithWhen_ReturnStep" computerName="Erics-MBP" duration="00:00:00.0013320" startTime="2021-10-04T17:14:57.1206230-04:00" endTime="2021-10-04T17:14:57.1219560-04:00" testType="13cdc9d9-ddb5-4fa4-a97d-d965ccfc6d4b" outcome="Passed" testListId="8c84fa94-04c1-424b-9868-57a2d4851a1d" relativeResultsDirectory="f42f755b-ed35-43c1-994a-784b1a8e34d5" />
    <UnitTestResult executionId="d51a16a4-9c93-4fb7-8604-0ce038461783" testId="58fdf393-4dc1-4654-9f01-3990fd5b5cd7" testName="Map_TableRowWithRows_ReturnsObjectWithStrings" computerName="Erics-MBP" duration="00:00:00.0002660" startTime="2021-10-04T17:14:57.0197260-04:00" endTime="2021-10-04T17:14:57.0199920-04:00" testType="13cdc9d9-ddb5-4fa4-a97d-d965ccfc6d4b" outcome="Passed" testListId="8c84fa94-04c1-424b-9868-57a2d4851a1d" relativeResultsDirectory="d51a16a4-9c93-4fb7-8604-0ce038461783" />
    <UnitTestResult executionId="83beb89c-31a0-48d1-9200-1ca4f6415336" testId="dc07b652-b5fa-fc33-626f-4ab4993e82ab" testName="Process_EmptySpaces_ReturnsEmptyString" computerName="Erics-MBP" duration="00:00:00.0001060" startTime="2021-10-04T17:14:56.2063300-04:00" endTime="2021-10-04T17:14:56.2064350-04:00" testType="13cdc9d9-ddb5-4fa4-a97d-d965ccfc6d4b" outcome="Passed" testListId="8c84fa94-04c1-424b-9868-57a2d4851a1d" relativeResultsDirectory="83beb89c-31a0-48d1-9200-1ca4f6415336" />
    <UnitTestResult executionId="21573f41-475b-45c4-8f7f-34554061aa1a" testId="e0dd9245-0af9-4add-c5ea-a8878a46de43" testName="Then_can_crawl_all_folders_including_subfolders_for_features_successfully" computerName="Erics-MBP" duration="00:00:00.0087230" startTime="2021-10-04T17:14:57.1428150-04:00" endTime="2021-10-04T17:14:57.1515380-04:00" testType="13cdc9d9-ddb5-4fa4-a97d-d965ccfc6d4b" outcome="Passed" testListId="8c84fa94-04c1-424b-9868-57a2d4851a1d" relativeResultsDirectory="21573f41-475b-45c4-8f7f-34554061aa1a" />
    <UnitTestResult executionId="dde93a7c-8ce8-490e-bef1-93adf3e7fe22" testId="01cf9393-974a-501b-772e-4a5b61f1c33b" testName="Map_DutchFeature_SetsNativeKeywordToExamples" computerName="Erics-MBP" duration="00:00:00.0066560" startTime="2021-10-04T17:14:56.9859400-04:00" endTime="2021-10-04T17:14:56.9925950-04:00" testType="13cdc9d9-ddb5-4fa4-a97d-d965ccfc6d4b" outcome="Passed" testListId="8c84fa94-04c1-424b-9868-57a2d4851a1d" relativeResultsDirectory="dde93a7c-8ce8-490e-bef1-93adf3e7fe22" />
    <UnitTestResult executionId="faf0c35f-3df1-46a2-b3d6-3b2b329c37a9" testId="8a496478-cb58-07dc-ff9e-8b8291b01ce1" testName="Map_Passed_ReturnsExecutedTrueSuccessfulTrue" computerName="Erics-MBP" duration="00:00:00.0001240" startTime="2021-10-04T17:14:57.0296110-04:00" endTime="2021-10-04T17:14:57.0297350-04:00" testType="13cdc9d9-ddb5-4fa4-a97d-d965ccfc6d4b" outcome="Passed" testListId="8c84fa94-04c1-424b-9868-57a2d4851a1d" relativeResultsDirectory="faf0c35f-3df1-46a2-b3d6-3b2b329c37a9" />
    <UnitTestResult executionId="f7c1438f-477d-404d-9275-c74b90d38398" testId="43552591-3b54-90fc-42f1-6f682043a4e0" testName="MapToFeature_FeatureWithComments_ReturnsFeatureWithComments" computerName="Erics-MBP" duration="00:00:00.0044090" startTime="2021-10-04T17:14:57.0708170-04:00" endTime="2021-10-04T17:14:57.0752250-04:00" testType="13cdc9d9-ddb5-4fa4-a97d-d965ccfc6d4b" outcome="Passed" testListId="8c84fa94-04c1-424b-9868-57a2d4851a1d" relativeResultsDirectory="f7c1438f-477d-404d-9275-c74b90d38398" />
    <UnitTestResult executionId="754f12a1-9d2d-4e00-b014-356723587d4d" testId="9434f0b6-144d-fa9a-e2fd-7b54edae4153" testName="TableOfContent_Must_Link_Folder_Nodes_To_That_Folders_Index_File" computerName="Erics-MBP" duration="00:00:00.0089070" startTime="2021-10-04T17:14:56.9538730-04:00" endTime="2021-10-04T17:14:56.9627790-04:00" testType="13cdc9d9-ddb5-4fa4-a97d-d965ccfc6d4b" outcome="Passed" testListId="8c84fa94-04c1-424b-9868-57a2d4851a1d" relativeResultsDirectory="754f12a1-9d2d-4e00-b014-356723587d4d" />
    <UnitTestResult executionId="c52e80fc-efd2-48cb-a793-7232c6ee3491" testId="42ebbc3e-9cb4-7b29-f224-f1d9cba21bf9" testName="GetEncoding_Default_ReturnsUTF8" computerName="Erics-MBP" duration="00:00:00.0059220" startTime="2021-10-04T17:14:56.2443200-04:00" endTime="2021-10-04T17:14:56.2502420-04:00" testType="13cdc9d9-ddb5-4fa4-a97d-d965ccfc6d4b" outcome="Passed" testListId="8c84fa94-04c1-424b-9868-57a2d4851a1d" relativeResultsDirectory="c52e80fc-efd2-48cb-a793-7232c6ee3491" />
    <UnitTestResult executionId="cb0b8df3-e1f9-441f-86f5-dd018ce0976a" testId="523f430c-589f-aafd-1b2b-05118044b2a8" testName="GetRelativeUriTo_FileToDirectory_ReturnsNodesFileName" computerName="Erics-MBP" duration="00:00:00.0020730" startTime="2021-10-04T17:14:56.2284780-04:00" endTime="2021-10-04T17:14:56.2305500-04:00" testType="13cdc9d9-ddb5-4fa4-a97d-d965ccfc6d4b" outcome="Passed" testListId="8c84fa94-04c1-424b-9868-57a2d4851a1d" relativeResultsDirectory="cb0b8df3-e1f9-441f-86f5-dd018ce0976a" />
    <UnitTestResult executionId="b77e0be3-e0fb-483f-9f66-6938095301f8" testId="c7b4be8c-405a-cff4-f09d-429800388a2f" testName="Map_Always_ReturnsNullFeature" computerName="Erics-MBP" duration="00:00:00.0002240" startTime="2021-10-04T17:14:57.0067390-04:00" endTime="2021-10-04T17:14:57.0069630-04:00" testType="13cdc9d9-ddb5-4fa4-a97d-d965ccfc6d4b" outcome="Passed" testListId="8c84fa94-04c1-424b-9868-57a2d4851a1d" relativeResultsDirectory="b77e0be3-e0fb-483f-9f66-6938095301f8" />
    <UnitTestResult executionId="e85fded9-df31-44d4-a462-42c0e147bfd2" testId="8b9757c9-77c1-3693-65ab-02394e92b990" testName="LineThatStartsWithEscapedHash_Header1_ShouldRemoveEscapeSign" computerName="Erics-MBP" duration="00:00:00.0005830" startTime="2021-10-04T17:14:56.2049970-04:00" endTime="2021-10-04T17:14:56.2055790-04:00" testType="13cdc9d9-ddb5-4fa4-a97d-d965ccfc6d4b" outcome="Passed" testListId="8c84fa94-04c1-424b-9868-57a2d4851a1d" relativeResultsDirectory="e85fded9-df31-44d4-a462-42c0e147bfd2" />
    <UnitTestResult executionId="e40396ff-6ab4-49d2-a8a0-f5c2466ffe69" testId="4d94901a-0408-1f44-6b67-c45adb96b544" testName="Map_AnExampleWithTags_ReturnsAJsonExampleWithTags" computerName="Erics-MBP" duration="00:00:00.0002480" startTime="2021-10-04T17:14:56.9856810-04:00" endTime="2021-10-04T17:14:56.9859290-04:00" testType="13cdc9d9-ddb5-4fa4-a97d-d965ccfc6d4b" outcome="Passed" testListId="8c84fa94-04c1-424b-9868-57a2d4851a1d" relativeResultsDirectory="e40396ff-6ab4-49d2-a8a0-f5c2466ffe69" />
    <UnitTestResult executionId="5e0b85ee-d541-41d8-820d-ef9c365da433" testId="a19c62ca-31cc-64e1-f5dd-6b73618efdbd" testName="MoveNamespace" computerName="Erics-MBP" duration="00:00:00.0006970" startTime="2021-10-04T17:14:56.9821150-04:00" endTime="2021-10-04T17:14:56.9828120-04:00" testType="13cdc9d9-ddb5-4fa4-a97d-d965ccfc6d4b" outcome="Passed" testListId="8c84fa94-04c1-424b-9868-57a2d4851a1d" relativeResultsDirectory="5e0b85ee-d541-41d8-820d-ef9c365da433" />
    <UnitTestResult executionId="87d61042-1c58-4acd-bd78-8c5fc977bf08" testId="fc601999-9e44-2983-a7fb-26c9b68b5726" testName="Merge_MultiplePassedResults_ShouldReturnPassed" computerName="Erics-MBP" duration="00:00:00.0001770" startTime="2021-10-04T17:14:57.1398220-04:00" endTime="2021-10-04T17:14:57.1399990-04:00" testType="13cdc9d9-ddb5-4fa4-a97d-d965ccfc6d4b" outcome="Passed" testListId="8c84fa94-04c1-424b-9868-57a2d4851a1d" relativeResultsDirectory="87d61042-1c58-4acd-bd78-8c5fc977bf08" />
    <UnitTestResult executionId="0919f068-865b-47e1-b8b9-f67b69998ce0" testId="b5808cb5-1ccc-f6ad-2d48-84256ff70878" testName="IsRelevant_ValidFileWithMixedCaseExtension_ReturnsTrue" computerName="Erics-MBP" duration="00:00:00.0002790" startTime="2021-10-04T17:14:56.2409470-04:00" endTime="2021-10-04T17:14:56.2412260-04:00" testType="13cdc9d9-ddb5-4fa4-a97d-d965ccfc6d4b" outcome="Passed" testListId="8c84fa94-04c1-424b-9868-57a2d4851a1d" relativeResultsDirectory="0919f068-865b-47e1-b8b9-f67b69998ce0" />
    <UnitTestResult executionId="3e9241f8-e86a-4024-a62a-6707e8e3a626" testId="b4c3f351-61ef-8930-7ade-7ecfade50bdf" testName="MapToScenario_NullScenario_ReturnsNull" computerName="Erics-MBP" duration="00:00:00.0010910" startTime="2021-10-04T17:14:57.1017090-04:00" endTime="2021-10-04T17:14:57.1028000-04:00" testType="13cdc9d9-ddb5-4fa4-a97d-d965ccfc6d4b" outcome="Passed" testListId="8c84fa94-04c1-424b-9868-57a2d4851a1d" relativeResultsDirectory="3e9241f8-e86a-4024-a62a-6707e8e3a626" />
    <UnitTestResult executionId="f24b71e1-85d7-4599-b72a-0c99acf6c6b9" testId="8de2a033-b676-2f53-2f59-0733a195f808" testName="Map_NoExamples_ReturnsEmptyListOfExamples" computerName="Erics-MBP" duration="00:00:00.0001540" startTime="2021-10-04T17:14:57.0072650-04:00" endTime="2021-10-04T17:14:57.0074190-04:00" testType="13cdc9d9-ddb5-4fa4-a97d-d965ccfc6d4b" outcome="Passed" testListId="8c84fa94-04c1-424b-9868-57a2d4851a1d" relativeResultsDirectory="f24b71e1-85d7-4599-b72a-0c99acf6c6b9" />
    <UnitTestResult executionId="6e58285b-841f-4f64-8584-44ed13f34374" testId="cea95d72-0e0c-6c38-dd31-2635e4fc12d8" testName="Map_TableRowWithTestResultsWithRows_ReturnsObjectWithStrings" computerName="Erics-MBP" duration="00:00:00.0006110" startTime="2021-10-04T17:14:57.0232710-04:00" endTime="2021-10-04T17:14:57.0238820-04:00" testType="13cdc9d9-ddb5-4fa4-a97d-d965ccfc6d4b" outcome="Passed" testListId="8c84fa94-04c1-424b-9868-57a2d4851a1d" relativeResultsDirectory="6e58285b-841f-4f64-8584-44ed13f34374" />
    <UnitTestResult executionId="4fc388eb-be40-4cc0-995b-37252f991057" testId="07a9d1df-9555-65c3-26a0-2bcdd39868c6" testName="Specification_Scenario3" computerName="Erics-MBP" duration="00:00:00.0002430" startTime="2021-10-04T17:14:56.2081460-04:00" endTime="2021-10-04T17:14:56.2083890-04:00" testType="13cdc9d9-ddb5-4fa4-a97d-d965ccfc6d4b" outcome="Passed" testListId="8c84fa94-04c1-424b-9868-57a2d4851a1d" relativeResultsDirectory="4fc388eb-be40-4cc0-995b-37252f991057" />
    <UnitTestResult executionId="6c70db1b-f9a6-4181-b26d-93f0a458c422" testId="6fd40770-cb6f-4692-f9e6-68b2c60e90b9" testName="Ul_Element_Must_Contain_Li_Children_Only" computerName="Erics-MBP" duration="00:00:00.0082890" startTime="2021-10-04T17:14:56.9729020-04:00" endTime="2021-10-04T17:14:56.9811910-04:00" testType="13cdc9d9-ddb5-4fa4-a97d-d965ccfc6d4b" outcome="Passed" testListId="8c84fa94-04c1-424b-9868-57a2d4851a1d" relativeResultsDirectory="6c70db1b-f9a6-4181-b26d-93f0a458c422" />
    <UnitTestResult executionId="eb90f42d-40d1-4026-ab9e-0283cb7b079f" testId="94b6fca8-7a3d-f453-0070-6471ff92bbfc" testName="MapToStep_NullStep_ReturnsNull" computerName="Erics-MBP" duration="00:00:00.0013860" startTime="2021-10-04T17:14:57.1113980-04:00" endTime="2021-10-04T17:14:57.1127840-04:00" testType="13cdc9d9-ddb5-4fa4-a97d-d965ccfc6d4b" outcome="Passed" testListId="8c84fa94-04c1-424b-9868-57a2d4851a1d" relativeResultsDirectory="eb90f42d-40d1-4026-ab9e-0283cb7b079f" />
    <UnitTestResult executionId="4ed49535-47a2-4ff0-8645-b9654126d314" testId="5b3c5d54-7a5e-d899-2d9c-c16dbf4931ca" testName="Then_can_parse_scenario_with_comments_successfully" computerName="Erics-MBP" duration="00:00:00.0035500" startTime="2021-10-04T17:14:57.1787610-04:00" endTime="2021-10-04T17:14:57.1823110-04:00" testType="13cdc9d9-ddb5-4fa4-a97d-d965ccfc6d4b" outcome="Passed" testListId="8c84fa94-04c1-424b-9868-57a2d4851a1d" relativeResultsDirectory="4ed49535-47a2-4ff0-8645-b9654126d314" />
    <UnitTestResult executionId="9684a776-9355-4be3-b53b-e54e77ec56c2" testId="9ec673de-4ee7-1c04-ca06-f2ecdbfb66c9" testName="IsRelevant_InvalidFile_ReturnsFalse" computerName="Erics-MBP" duration="00:00:00.0003140" startTime="2021-10-04T17:14:56.2394940-04:00" endTime="2021-10-04T17:14:56.2398080-04:00" testType="13cdc9d9-ddb5-4fa4-a97d-d965ccfc6d4b" outcome="Passed" testListId="8c84fa94-04c1-424b-9868-57a2d4851a1d" relativeResultsDirectory="9684a776-9355-4be3-b53b-e54e77ec56c2" />
    <UnitTestResult executionId="c6ff346e-ff61-4f0d-99de-f0ff1de87860" testId="22b55a68-c311-5ac6-5932-e95e99f46701" testName="GetRelativeUriTo_FileToFile_ReturnsNodesFileName" computerName="Erics-MBP" duration="00:00:00.0016510" startTime="2021-10-04T17:14:56.2305860-04:00" endTime="2021-10-04T17:14:56.2322360-04:00" testType="13cdc9d9-ddb5-4fa4-a97d-d965ccfc6d4b" outcome="Passed" testListId="8c84fa94-04c1-424b-9868-57a2d4851a1d" relativeResultsDirectory="c6ff346e-ff61-4f0d-99de-f0ff1de87860" />
    <UnitTestResult executionId="86fef686-0d3b-42ae-b793-2094f78fba68" testId="abc15c7b-e91f-721b-1bac-97e82836e053" testName="MapToKeyword_KeywordIsProvidedWithBlank_ReturnsKeyword" computerName="Erics-MBP" duration="00:00:00.0018750" startTime="2021-10-04T17:14:57.1287530-04:00" endTime="2021-10-04T17:14:57.1306280-04:00" testType="13cdc9d9-ddb5-4fa4-a97d-d965ccfc6d4b" outcome="Passed" testListId="8c84fa94-04c1-424b-9868-57a2d4851a1d" relativeResultsDirectory="86fef686-0d3b-42ae-b793-2094f78fba68" />
    <UnitTestResult executionId="3178e68a-4559-40a0-ba68-c0eededc8a10" testId="920efb33-30de-9f4f-92fb-5da03c8d73d8" testName="Then_can_parse_and_remove_tag_in_configuration_remove_technical_tag_from_scenario" computerName="Erics-MBP" duration="00:00:00.0033920" startTime="2021-10-04T17:14:57.1670140-04:00" endTime="2021-10-04T17:14:57.1704060-04:00" testType="13cdc9d9-ddb5-4fa4-a97d-d965ccfc6d4b" outcome="Passed" testListId="8c84fa94-04c1-424b-9868-57a2d4851a1d" relativeResultsDirectory="3178e68a-4559-40a0-ba68-c0eededc8a10" />
    <UnitTestResult executionId="75d588e4-e974-4911-aa16-1e94a19553bd" testId="14c91b84-b688-7c5e-d960-73e0d6089384" testName="ThenCanDetectFeatureFilesSuccessfully" computerName="Erics-MBP" duration="00:00:00.0009170" startTime="2021-10-04T17:14:57.1528930-04:00" endTime="2021-10-04T17:14:57.1538100-04:00" testType="13cdc9d9-ddb5-4fa4-a97d-d965ccfc6d4b" outcome="Passed" testListId="8c84fa94-04c1-424b-9868-57a2d4851a1d" relativeResultsDirectory="75d588e4-e974-4911-aa16-1e94a19553bd" />
    <UnitTestResult executionId="1040a58d-5190-4157-92da-0ae6c0ef4fd6" testId="d18e2342-ed93-20fc-1486-ab5d0965097b" testName="GetEncoding_UTF16BEBOM_ReturnsUnicode" computerName="Erics-MBP" duration="00:00:00.0017860" startTime="2021-10-04T17:14:56.2556940-04:00" endTime="2021-10-04T17:14:56.2574800-04:00" testType="13cdc9d9-ddb5-4fa4-a97d-d965ccfc6d4b" outcome="Passed" testListId="8c84fa94-04c1-424b-9868-57a2d4851a1d" relativeResultsDirectory="1040a58d-5190-4157-92da-0ae6c0ef4fd6" />
    <UnitTestResult executionId="6ab7f317-6af6-466d-b36b-807ef913496c" testId="4c3b0b4e-8fbb-7811-7a21-4748a52bc3e2" testName="Map_NonNullStep_ReturnsJsonStep" computerName="Erics-MBP" duration="00:00:00.0004430" startTime="2021-10-04T17:14:57.0101390-04:00" endTime="2021-10-04T17:14:57.0105820-04:00" testType="13cdc9d9-ddb5-4fa4-a97d-d965ccfc6d4b" outcome="Passed" testListId="8c84fa94-04c1-424b-9868-57a2d4851a1d" relativeResultsDirectory="6ab7f317-6af6-466d-b36b-807ef913496c" />
    <UnitTestResult executionId="154cc2a0-a1f0-4467-bddd-1c8a3ad94260" testId="4fed08b0-6faa-29af-fffd-4a7101183958" testName="ShouldNotBlowUpWHenParsingEmptyFolder" computerName="Erics-MBP" duration="00:00:00.1632800" startTime="2021-10-04T17:14:56.4746990-04:00" endTime="2021-10-04T17:14:56.6379800-04:00" testType="13cdc9d9-ddb5-4fa4-a97d-d965ccfc6d4b" outcome="Passed" testListId="8c84fa94-04c1-424b-9868-57a2d4851a1d" relativeResultsDirectory="154cc2a0-a1f0-4467-bddd-1c8a3ad94260" />
    <UnitTestResult executionId="5f131696-46b3-4889-ae18-6a2c22cea18a" testId="b85c644b-8489-cbb9-6e06-ef4de46141c2" testName="Map_WithAfterLastStepComments_ReturnsThoseComments" computerName="Erics-MBP" duration="00:00:00.0006290" startTime="2021-10-04T17:14:57.0108030-04:00" endTime="2021-10-04T17:14:57.0114310-04:00" testType="13cdc9d9-ddb5-4fa4-a97d-d965ccfc6d4b" outcome="Passed" testListId="8c84fa94-04c1-424b-9868-57a2d4851a1d" relativeResultsDirectory="5f131696-46b3-4889-ae18-6a2c22cea18a" />
    <UnitTestResult executionId="60b366df-d891-455f-9702-61f29a139c6a" testId="81b5dd08-2dc8-a3e0-2f51-9318fd82024c" testName="GetEncoding_UTF16LEBOM_ReturnsUnicode" computerName="Erics-MBP" duration="00:00:00.0018490" startTime="2021-10-04T17:14:56.2575480-04:00" endTime="2021-10-04T17:14:56.2593960-04:00" testType="13cdc9d9-ddb5-4fa4-a97d-d965ccfc6d4b" outcome="Passed" testListId="8c84fa94-04c1-424b-9868-57a2d4851a1d" relativeResultsDirectory="60b366df-d891-455f-9702-61f29a139c6a" />
    <UnitTestResult executionId="8fe7d354-5b3d-4115-9387-e6e1fbab61a3" testId="e9d634e6-2f2a-133f-399f-5277298a79de" testName="MapToLocation_RegularLocation_ReturnsLocation" computerName="Erics-MBP" duration="00:00:00.0011820" startTime="2021-10-04T17:14:57.0876070-04:00" endTime="2021-10-04T17:14:57.0887880-04:00" testType="13cdc9d9-ddb5-4fa4-a97d-d965ccfc6d4b" outcome="Passed" testListId="8c84fa94-04c1-424b-9868-57a2d4851a1d" relativeResultsDirectory="8fe7d354-5b3d-4115-9387-e6e1fbab61a3" />
    <UnitTestResult executionId="dbfa31e8-8373-43e2-8b27-a53de8f77c8f" testId="e1f51bb1-2532-93e9-0f45-421d8bb3ec2a" testName="MapToFeature_FeatureWithScenarioDefinitions_ReturnsFeatureWithFeatureElements" computerName="Erics-MBP" duration="00:00:00.0014840" startTime="2021-10-04T17:14:57.0807380-04:00" endTime="2021-10-04T17:14:57.0822220-04:00" testType="13cdc9d9-ddb5-4fa4-a97d-d965ccfc6d4b" outcome="Passed" testListId="8c84fa94-04c1-424b-9868-57a2d4851a1d" relativeResultsDirectory="dbfa31e8-8373-43e2-8b27-a53de8f77c8f" />
    <UnitTestResult executionId="7e2825a7-a770-48ad-87bc-d74c8f14d893" testId="801681ec-6f06-528d-01cb-0c438e16a2db" testName="Constructor_NullHtmlFeatureFormatter_ThrowsArgumentNullException" computerName="Erics-MBP" duration="00:00:00.0023379" startTime="2021-10-04T17:14:56.3603590-04:00" endTime="2021-10-04T17:14:56.3626970-04:00" testType="13cdc9d9-ddb5-4fa4-a97d-d965ccfc6d4b" outcome="Passed" testListId="8c84fa94-04c1-424b-9868-57a2d4851a1d" relativeResultsDirectory="7e2825a7-a770-48ad-87bc-d74c8f14d893" />
    <UnitTestResult executionId="4b9bc073-e544-4837-b942-a0ab08c6403c" testId="469a685d-4e1b-0133-054e-35e10cec9810" testName="Format_ContentIsFeatureNode_UsesHtmlFeatureFormatterWithCorrectArgument" computerName="Erics-MBP" duration="00:00:00.0248190" startTime="2021-10-04T17:14:56.4484390-04:00" endTime="2021-10-04T17:14:56.4732580-04:00" testType="13cdc9d9-ddb5-4fa4-a97d-d965ccfc6d4b" outcome="Passed" testListId="8c84fa94-04c1-424b-9868-57a2d4851a1d" relativeResultsDirectory="4b9bc073-e544-4837-b942-a0ab08c6403c" />
    <UnitTestResult executionId="5e2d03bb-2ae2-4b4a-a240-a98356365eb2" testId="7c126b7b-3ee7-2707-c0f6-a67c3217c339" testName="Map_WithNullComments_ReturnsAfterLastStepCommentsList" computerName="Erics-MBP" duration="00:00:00.0001590" startTime="2021-10-04T17:14:57.0127820-04:00" endTime="2021-10-04T17:14:57.0129400-04:00" testType="13cdc9d9-ddb5-4fa4-a97d-d965ccfc6d4b" outcome="Passed" testListId="8c84fa94-04c1-424b-9868-57a2d4851a1d" relativeResultsDirectory="5e2d03bb-2ae2-4b4a-a240-a98356365eb2" />
    <UnitTestResult executionId="cb44eccd-e862-4926-8b97-6f09b6948b7f" testId="b26fb74e-729d-8047-377b-8be9da93dbdb" testName="ItShouldIndicateWasSuccessfulIsTrue" computerName="Erics-MBP" duration="00:00:00.0091320" startTime="2021-10-04T17:14:56.8437940-04:00" endTime="2021-10-04T17:14:56.8529250-04:00" testType="13cdc9d9-ddb5-4fa4-a97d-d965ccfc6d4b" outcome="Passed" testListId="8c84fa94-04c1-424b-9868-57a2d4851a1d" relativeResultsDirectory="cb44eccd-e862-4926-8b97-6f09b6948b7f" />
    <UnitTestResult executionId="da15d279-c2c2-405d-9b7d-9750339d918c" testId="23955a31-cf35-8855-1092-98631cf687d8" testName="MapToKeyWord_StringThen_ReturnsThen" computerName="Erics-MBP" duration="00:00:00.0010860" startTime="2021-10-04T17:14:57.1102530-04:00" endTime="2021-10-04T17:14:57.1113390-04:00" testType="13cdc9d9-ddb5-4fa4-a97d-d965ccfc6d4b" outcome="Passed" testListId="8c84fa94-04c1-424b-9868-57a2d4851a1d" relativeResultsDirectory="da15d279-c2c2-405d-9b7d-9750339d918c" />
    <UnitTestResult executionId="9bb5d078-4483-4d5d-a4a2-8eba3aa1cf1d" testId="d47a0e94-b401-7304-363c-d66f5512b23c" testName="Map_WithoutBackground_ReturnsNullBackground" computerName="Erics-MBP" duration="00:00:00.0003220" startTime="2021-10-04T17:14:57.0002140-04:00" endTime="2021-10-04T17:14:57.0005360-04:00" testType="13cdc9d9-ddb5-4fa4-a97d-d965ccfc6d4b" outcome="Passed" testListId="8c84fa94-04c1-424b-9868-57a2d4851a1d" relativeResultsDirectory="9bb5d078-4483-4d5d-a4a2-8eba3aa1cf1d" />
    <UnitTestResult executionId="a3b99cb2-7efa-440f-8876-210d0e4c4f3a" testId="a97fbf30-a467-d383-085d-3cbf7f26c69d" testName="GetDialect_WithSimpleLanguage_ReturnsThatLanguage" computerName="Erics-MBP" duration="00:00:00.0012310" startTime="2021-10-04T17:14:56.0978460-04:00" endTime="2021-10-04T17:14:56.0990760-04:00" testType="13cdc9d9-ddb5-4fa4-a97d-d965ccfc6d4b" outcome="Passed" testListId="8c84fa94-04c1-424b-9868-57a2d4851a1d" relativeResultsDirectory="a3b99cb2-7efa-440f-8876-210d0e4c4f3a" />
    <UnitTestResult executionId="99d44b31-869e-4e67-977b-2fc1dab87a9f" testId="1a925225-7345-bea6-a5d1-7fa98d2cfa7a" testName="Map_TableHeaderWithValues_ConvertsToJsonTableHeader" computerName="Erics-MBP" duration="00:00:00.0033100" startTime="2021-10-04T17:14:57.0148550-04:00" endTime="2021-10-04T17:14:57.0181640-04:00" testType="13cdc9d9-ddb5-4fa4-a97d-d965ccfc6d4b" outcome="Passed" testListId="8c84fa94-04c1-424b-9868-57a2d4851a1d" relativeResultsDirectory="99d44b31-869e-4e67-977b-2fc1dab87a9f" />
    <UnitTestResult executionId="493c1eb7-ef75-4216-8cbf-fa50309f6072" testId="333786c1-b534-29dd-7545-8381a9bd91d8" testName="WhenIndicatingTheLanguageInTheFeature_ThenCanParseMostBasicFeatureSuccessfully" computerName="Erics-MBP" duration="00:00:00.0060620" startTime="2021-10-04T17:14:57.2099540-04:00" endTime="2021-10-04T17:14:57.2160160-04:00" testType="13cdc9d9-ddb5-4fa4-a97d-d965ccfc6d4b" outcome="Passed" testListId="8c84fa94-04c1-424b-9868-57a2d4851a1d" relativeResultsDirectory="493c1eb7-ef75-4216-8cbf-fa50309f6072" />
    <UnitTestResult executionId="174ab26c-0116-4810-8af1-e653a2e6ac6d" testId="6dda5574-3208-47af-bda7-987e6b113677" testName="TocShouldBeSetWithCorrectAttributes" computerName="Erics-MBP" duration="00:00:00.0099790" startTime="2021-10-04T17:14:56.9628550-04:00" endTime="2021-10-04T17:14:56.9728330-04:00" testType="13cdc9d9-ddb5-4fa4-a97d-d965ccfc6d4b" outcome="Passed" testListId="8c84fa94-04c1-424b-9868-57a2d4851a1d" relativeResultsDirectory="174ab26c-0116-4810-8af1-e653a2e6ac6d" />
    <UnitTestResult executionId="fe02e646-ac34-41df-be1e-3596875a3d40" testId="299d9885-53d7-e812-ce71-f67d71904c3f" testName="Map_TableRowWithTestResult_ConvertsToJsonTableRowWithTestResult" computerName="Erics-MBP" duration="00:00:00.0031460" startTime="2021-10-04T17:14:57.0200550-04:00" endTime="2021-10-04T17:14:57.0232010-04:00" testType="13cdc9d9-ddb5-4fa4-a97d-d965ccfc6d4b" outcome="Passed" testListId="8c84fa94-04c1-424b-9868-57a2d4851a1d" relativeResultsDirectory="fe02e646-ac34-41df-be1e-3596875a3d40" />
    <UnitTestResult executionId="751c65f0-6de4-46da-9ce9-8aad26630967" testId="4a414230-905d-7f8d-87d3-8884d0269163" testName="MapToScenario_RegularScenario_ReturnsScenario" computerName="Erics-MBP" duration="00:00:00.0020070" startTime="2021-10-04T17:14:57.1028600-04:00" endTime="2021-10-04T17:14:57.1048670-04:00" testType="13cdc9d9-ddb5-4fa4-a97d-d965ccfc6d4b" outcome="Passed" testListId="8c84fa94-04c1-424b-9868-57a2d4851a1d" relativeResultsDirectory="751c65f0-6de4-46da-9ce9-8aad26630967" />
    <UnitTestResult executionId="ba6d8606-00ec-48df-abef-62f859fa3e8c" testId="3469300e-035a-5249-282c-445c8034c44b" testName="Then_can_parse_scenario_with_tags_successfully" computerName="Erics-MBP" duration="00:00:00.0025020" startTime="2021-10-04T17:14:57.1823780-04:00" endTime="2021-10-04T17:14:57.1848800-04:00" testType="13cdc9d9-ddb5-4fa4-a97d-d965ccfc6d4b" outcome="Passed" testListId="8c84fa94-04c1-424b-9868-57a2d4851a1d" relativeResultsDirectory="ba6d8606-00ec-48df-abef-62f859fa3e8c" />
    <UnitTestResult executionId="acd36528-5a16-445c-add5-883990521c94" testId="c0fbf6e7-772e-29b3-6edc-0a3674abefb6" testName="MapToKeyword_WhenInSwedish_ReturnsWhen" computerName="Erics-MBP" duration="00:00:00.0011160" startTime="2021-10-04T17:14:57.1333050-04:00" endTime="2021-10-04T17:14:57.1344200-04:00" testType="13cdc9d9-ddb5-4fa4-a97d-d965ccfc6d4b" outcome="Passed" testListId="8c84fa94-04c1-424b-9868-57a2d4851a1d" relativeResultsDirectory="acd36528-5a16-445c-add5-883990521c94" />
    <UnitTestResult executionId="488e4a77-5b89-4a72-9eaf-0277730d29b1" testId="627adc13-8a7b-a068-2e61-4aa81780d9fd" testName="Map_Null_ReturnsNull" computerName="Erics-MBP" duration="00:00:00.0001670" startTime="2021-10-04T17:14:57.0270970-04:00" endTime="2021-10-04T17:14:57.0272640-04:00" testType="13cdc9d9-ddb5-4fa4-a97d-d965ccfc6d4b" outcome="Passed" testListId="8c84fa94-04c1-424b-9868-57a2d4851a1d" relativeResultsDirectory="488e4a77-5b89-4a72-9eaf-0277730d29b1" />
    <UnitTestResult executionId="97779ae8-eb5a-4946-9d28-671235ace897" testId="91b05bdf-ff91-2509-c0c6-ca5d28e711ee" testName="MapToTable_DataTableWithThreeRows_ReturnsTableWithHeaderRowAndTwoRows" computerName="Erics-MBP" duration="00:00:00.0036530" startTime="2021-10-04T17:14:57.0513150-04:00" endTime="2021-10-04T17:14:57.0549680-04:00" testType="13cdc9d9-ddb5-4fa4-a97d-d965ccfc6d4b" outcome="Passed" testListId="8c84fa94-04c1-424b-9868-57a2d4851a1d" relativeResultsDirectory="97779ae8-eb5a-4946-9d28-671235ace897" />
    <UnitTestResult executionId="be1722c5-6a43-44ac-8081-aa090e01c30d" testId="efd251ba-1cdd-95f2-3fe2-824f7ed5e249" testName="MapToTableRow_NullTableRow_ReturnsNull" computerName="Erics-MBP" duration="00:00:00.0013600" startTime="2021-10-04T17:14:57.0565840-04:00" endTime="2021-10-04T17:14:57.0579440-04:00" testType="13cdc9d9-ddb5-4fa4-a97d-d965ccfc6d4b" outcome="Passed" testListId="8c84fa94-04c1-424b-9868-57a2d4851a1d" relativeResultsDirectory="be1722c5-6a43-44ac-8081-aa090e01c30d" />
    <UnitTestResult executionId="962641f7-cfdc-4f06-b225-6b0276537d9e" testId="3c3842c3-f734-534b-fecc-cf8c356ba236" testName="Map_NotProvided_ReturnsExecutedFalseSuccessfulFalseProvidedFalse" computerName="Erics-MBP" duration="00:00:00.0001320" startTime="2021-10-04T17:14:57.0294700-04:00" endTime="2021-10-04T17:14:57.0296010-04:00" testType="13cdc9d9-ddb5-4fa4-a97d-d965ccfc6d4b" outcome="Passed" testListId="8c84fa94-04c1-424b-9868-57a2d4851a1d" relativeResultsDirectory="962641f7-cfdc-4f06-b225-6b0276537d9e" />
    <UnitTestResult executionId="d25e43e5-8ef8-4cce-92f7-95fa035925a7" testId="a0490bd8-72d0-eb80-99c2-9e2dd52b73ee" testName="MapToFeature_FeatureWithSimpleProperties_ReturnsFeaturesWithThoseProperties" computerName="Erics-MBP" duration="00:00:00.0012590" startTime="2021-10-04T17:14:57.0822820-04:00" endTime="2021-10-04T17:14:57.0835400-04:00" testType="13cdc9d9-ddb5-4fa4-a97d-d965ccfc6d4b" outcome="Passed" testListId="8c84fa94-04c1-424b-9868-57a2d4851a1d" relativeResultsDirectory="d25e43e5-8ef8-4cce-92f7-95fa035925a7" />
    <UnitTestResult executionId="354ca9c1-b1fe-464b-bb9c-ff2c41bd4a3b" testId="c9d41f4b-061e-ad0e-ab6b-66d3fd7a5896" testName="LineThatStartsWithEscapedHash_Header3_ShouldRemoveEscapeSign" computerName="Erics-MBP" duration="00:00:00.0001170" startTime="2021-10-04T17:14:56.2057330-04:00" endTime="2021-10-04T17:14:56.2058500-04:00" testType="13cdc9d9-ddb5-4fa4-a97d-d965ccfc6d4b" outcome="Passed" testListId="8c84fa94-04c1-424b-9868-57a2d4851a1d" relativeResultsDirectory="354ca9c1-b1fe-464b-bb9c-ff2c41bd4a3b" />
    <UnitTestResult executionId="161f8c18-8493-4614-bc30-d2097454fc42" testId="5a022529-d884-a7d6-8c9f-86c67564ce23" testName="Map_WithoutAfterLastStepComments_ReturnsEmptyList" computerName="Erics-MBP" duration="00:00:00.0002660" startTime="2021-10-04T17:14:57.0132030-04:00" endTime="2021-10-04T17:14:57.0134690-04:00" testType="13cdc9d9-ddb5-4fa4-a97d-d965ccfc6d4b" outcome="Passed" testListId="8c84fa94-04c1-424b-9868-57a2d4851a1d" relativeResultsDirectory="161f8c18-8493-4614-bc30-d2097454fc42" />
    <UnitTestResult executionId="c2d3d4e8-92d4-4021-a398-554ead41f740" testId="15c6ac4d-16dc-6060-b25a-37948ceea996" testName="ThenCanResolveTheSelectedIDocumentationBuilderAsSingleton(Cucumber,PicklesDoc.Pickles.DocumentationBuilders.Cucumber.CucumberDocumentationBuilder)" computerName="Erics-MBP" duration="00:00:00.0010770" startTime="2021-10-04T17:14:57.2477910-04:00" endTime="2021-10-04T17:14:57.2488680-04:00" testType="13cdc9d9-ddb5-4fa4-a97d-d965ccfc6d4b" outcome="Passed" testListId="8c84fa94-04c1-424b-9868-57a2d4851a1d" relativeResultsDirectory="c2d3d4e8-92d4-4021-a398-554ead41f740" />
    <UnitTestResult executionId="1ecde895-961d-459a-9143-e44ef81211fe" testId="0443b89a-0e19-7897-5ed1-52b3f67c6cf5" testName="Map_SomeFeature_ReturnsJsonFeature" computerName="Erics-MBP" duration="00:00:00.0001440" startTime="2021-10-04T17:14:56.9998400-04:00" endTime="2021-10-04T17:14:56.9999840-04:00" testType="13cdc9d9-ddb5-4fa4-a97d-d965ccfc6d4b" outcome="Passed" testListId="8c84fa94-04c1-424b-9868-57a2d4851a1d" relativeResultsDirectory="1ecde895-961d-459a-9143-e44ef81211fe" />
    <UnitTestResult executionId="095c1438-3203-4487-8af1-416550f0cc2a" testId="bfdbb567-bae3-a47b-dea2-4065a10042f7" testName="MapToStringDocString_NullArgument_ReturnsNull" computerName="Erics-MBP" duration="00:00:00.0011890" startTime="2021-10-04T17:14:57.0626270-04:00" endTime="2021-10-04T17:14:57.0638160-04:00" testType="13cdc9d9-ddb5-4fa4-a97d-d965ccfc6d4b" outcome="Passed" testListId="8c84fa94-04c1-424b-9868-57a2d4851a1d" relativeResultsDirectory="095c1438-3203-4487-8af1-416550f0cc2a" />
    <UnitTestResult executionId="9855c6c7-a27b-4b12-aaf5-9fcbeb82d5c6" testId="c4796383-dd20-0fa4-0454-b0730eb75248" testName="Parse_InvalidFeatureFile_ThrowsFeatureParseExceptionWithFilename" computerName="Erics-MBP" duration="00:00:00.0041240" startTime="2021-10-04T17:14:56.3548190-04:00" endTime="2021-10-04T17:14:56.3589430-04:00" testType="13cdc9d9-ddb5-4fa4-a97d-d965ccfc6d4b" outcome="Passed" testListId="8c84fa94-04c1-424b-9868-57a2d4851a1d" relativeResultsDirectory="9855c6c7-a27b-4b12-aaf5-9fcbeb82d5c6" />
    <UnitTestResult executionId="d8047b61-d88f-417a-a32f-26e7c81a5f91" testId="18b2326c-4bed-936a-779f-ca59ee086658" testName="Map_NoSteps_ReturnsEmtpyListOfSteps" computerName="Erics-MBP" duration="00:00:00.0001450" startTime="2021-10-04T17:14:57.0074290-04:00" endTime="2021-10-04T17:14:57.0075740-04:00" testType="13cdc9d9-ddb5-4fa4-a97d-d965ccfc6d4b" outcome="Passed" testListId="8c84fa94-04c1-424b-9868-57a2d4851a1d" relativeResultsDirectory="d8047b61-d88f-417a-a32f-26e7c81a5f91" />
    <UnitTestResult executionId="f1f85cdf-a2ee-47e8-83fb-95a6845e03bd" testId="ef1fded0-9368-0b89-add4-288e25a22d19" testName="Map_WithTags_ReturnsTags" computerName="Erics-MBP" duration="00:00:00.0003280" startTime="2021-10-04T17:14:57.0007410-04:00" endTime="2021-10-04T17:14:57.0010690-04:00" testType="13cdc9d9-ddb5-4fa4-a97d-d965ccfc6d4b" outcome="Passed" testListId="8c84fa94-04c1-424b-9868-57a2d4851a1d" relativeResultsDirectory="f1f85cdf-a2ee-47e8-83fb-95a6845e03bd" />
    <UnitTestResult executionId="56c42803-5f92-4148-9210-d39a12bdf6cb" testId="f23064d7-8737-65a1-12a3-24572822c2d1" testName="Map_TableWithHeaderRow_ReturnsJsonTableWithHeaderRow" computerName="Erics-MBP" duration="00:00:00.0002220" startTime="2021-10-04T17:14:57.0278610-04:00" endTime="2021-10-04T17:14:57.0280830-04:00" testType="13cdc9d9-ddb5-4fa4-a97d-d965ccfc6d4b" outcome="Passed" testListId="8c84fa94-04c1-424b-9868-57a2d4851a1d" relativeResultsDirectory="56c42803-5f92-4148-9210-d39a12bdf6cb" />
    <UnitTestResult executionId="df0ed1ba-b07c-4c34-be6c-9ef2737c5fda" testId="ba5db6d3-9616-c3db-94c8-bbae1d87d95f" testName="Map_FeatureWithBogusFeatureElement_ShouldThrowArgumentException" computerName="Erics-MBP" duration="00:00:00.0009150" startTime="2021-10-04T17:14:56.9935110-04:00" endTime="2021-10-04T17:14:56.9944260-04:00" testType="13cdc9d9-ddb5-4fa4-a97d-d965ccfc6d4b" outcome="Passed" testListId="8c84fa94-04c1-424b-9868-57a2d4851a1d" relativeResultsDirectory="df0ed1ba-b07c-4c34-be6c-9ef2737c5fda" />
    <UnitTestResult executionId="b82a667e-42a0-4458-ade7-b5b90728ff27" testId="ea670fd5-fafa-be15-3f39-ea160de405a5" testName="MapToScenarioOutline_TitleSpecialCharacters_HasValidSlug" computerName="Erics-MBP" duration="00:00:00.0012480" startTime="2021-10-04T17:14:57.1075540-04:00" endTime="2021-10-04T17:14:57.1088020-04:00" testType="13cdc9d9-ddb5-4fa4-a97d-d965ccfc6d4b" outcome="Passed" testListId="8c84fa94-04c1-424b-9868-57a2d4851a1d" relativeResultsDirectory="b82a667e-42a0-4458-ade7-b5b90728ff27" />
    <UnitTestResult executionId="e45744d8-9a2e-4ac4-8eba-df948265f5aa" testId="5e5b21c4-f8f1-3d2f-7050-4379c0fa7d2f" testName="Then_can_parse_and_ignore_scenario_with_tag_in_configuration_ignore_tag_and_do_not_keep_feature" computerName="Erics-MBP" duration="00:00:00.0026150" startTime="2021-10-04T17:14:57.1607240-04:00" endTime="2021-10-04T17:14:57.1633400-04:00" testType="13cdc9d9-ddb5-4fa4-a97d-d965ccfc6d4b" outcome="Passed" testListId="8c84fa94-04c1-424b-9868-57a2d4851a1d" relativeResultsDirectory="e45744d8-9a2e-4ac4-8eba-df948265f5aa" />
    <UnitTestResult executionId="0e68db05-825c-4161-9015-2dd006bb61a5" testId="b4df1736-c2bd-dc63-b866-5fc06d2618cb" testName="Map_FeatureWithName_ReturnsName" computerName="Erics-MBP" duration="00:00:00.0001770" startTime="2021-10-04T17:14:56.9958490-04:00" endTime="2021-10-04T17:14:56.9960260-04:00" testType="13cdc9d9-ddb5-4fa4-a97d-d965ccfc6d4b" outcome="Passed" testListId="8c84fa94-04c1-424b-9868-57a2d4851a1d" relativeResultsDirectory="0e68db05-825c-4161-9015-2dd006bb61a5" />
    <UnitTestResult executionId="f451c2cd-1d34-4305-b35a-39c7a8ff3fb2" testId="b407155a-e5fd-8677-d804-23913edba29d" testName="ThenCanResolveTheSelectedIDocumentationBuilderAsSingleton(Html,PicklesDoc.Pickles.DocumentationBuilders.Html.HtmlDocumentationBuilder)" computerName="Erics-MBP" duration="00:00:00.0016630" startTime="2021-10-04T17:14:57.2403170-04:00" endTime="2021-10-04T17:14:57.2419790-04:00" testType="13cdc9d9-ddb5-4fa4-a97d-d965ccfc6d4b" outcome="Passed" testListId="8c84fa94-04c1-424b-9868-57a2d4851a1d" relativeResultsDirectory="f451c2cd-1d34-4305-b35a-39c7a8ff3fb2" />
    <UnitTestResult executionId="2fc44f22-e6e1-4195-a705-21bd5fa1620f" testId="919a0def-61d6-a630-f655-9a4c320ae4c8" testName="IsRelevant_ValidFile_ReturnsTrue(&quot;image.jpg&quot;)" computerName="Erics-MBP" duration="00:00:00.0001350" startTime="2021-10-04T17:14:56.2406330-04:00" endTime="2021-10-04T17:14:56.2407680-04:00" testType="13cdc9d9-ddb5-4fa4-a97d-d965ccfc6d4b" outcome="Passed" testListId="8c84fa94-04c1-424b-9868-57a2d4851a1d" relativeResultsDirectory="2fc44f22-e6e1-4195-a705-21bd5fa1620f" />
    <UnitTestResult executionId="24889b39-a2af-4ec4-982d-833a46cbeb9c" testId="c9dc8fda-f925-817c-ef19-f9b9572b50ff" testName="GetDialect_WithLanguageAndCulture_ReturnsThatLanguage" computerName="Erics-MBP" duration="00:00:00.1425460" startTime="2021-10-04T17:14:55.9539480-04:00" endTime="2021-10-04T17:14:56.0964950-04:00" testType="13cdc9d9-ddb5-4fa4-a97d-d965ccfc6d4b" outcome="Passed" testListId="8c84fa94-04c1-424b-9868-57a2d4851a1d" relativeResultsDirectory="24889b39-a2af-4ec4-982d-833a46cbeb9c" />
    <UnitTestResult executionId="ef86dc59-6265-40d0-a591-a9039c42e268" testId="1ef557f7-18cb-a8c3-1cc5-a8b4f5dc1b33" testName="ThenCanParseMostBasicFeatureSuccessfully" computerName="Erics-MBP" duration="00:00:00.0029750" startTime="2021-10-04T17:14:57.1885000-04:00" endTime="2021-10-04T17:14:57.1914750-04:00" testType="13cdc9d9-ddb5-4fa4-a97d-d965ccfc6d4b" outcome="Passed" testListId="8c84fa94-04c1-424b-9868-57a2d4851a1d" relativeResultsDirectory="ef86dc59-6265-40d0-a591-a9039c42e268" />
    <UnitTestResult executionId="d9c99e74-28f4-4ef2-8c73-6b6609c96824" testId="9a538a18-6713-44c0-7f91-be4011a7b21a" testName="ThenCanResolveTheSelectedIDocumentationBuilder(Markdown,PicklesDoc.Pickles.DocumentationBuilders.Markdown.MarkdownDocumentationBuilder)" computerName="Erics-MBP" duration="00:00:00.0030990" startTime="2021-10-04T17:14:57.2371320-04:00" endTime="2021-10-04T17:14:57.2402310-04:00" testType="13cdc9d9-ddb5-4fa4-a97d-d965ccfc6d4b" outcome="Passed" testListId="8c84fa94-04c1-424b-9868-57a2d4851a1d" relativeResultsDirectory="d9c99e74-28f4-4ef2-8c73-6b6609c96824" />
    <UnitTestResult executionId="0e8bcff5-59af-4240-b49c-44840a717724" testId="237aa86c-2a79-f857-6b0b-b15024d55da5" testName="MapToKeyword_ButInSwedish_ReturnsBut" computerName="Erics-MBP" duration="00:00:00.0011610" startTime="2021-10-04T17:14:57.1262110-04:00" endTime="2021-10-04T17:14:57.1273720-04:00" testType="13cdc9d9-ddb5-4fa4-a97d-d965ccfc6d4b" outcome="Passed" testListId="8c84fa94-04c1-424b-9868-57a2d4851a1d" relativeResultsDirectory="0e8bcff5-59af-4240-b49c-44840a717724" />
    <UnitTestResult executionId="6bb65c0f-48bc-4180-8163-44ef06d96a72" testId="a3410762-c366-47a2-74c7-2581a7f438bc" testName="Merge_SingleItem_ReturnsThatItem" computerName="Erics-MBP" duration="00:00:00.0001370" startTime="2021-10-04T17:14:57.1414060-04:00" endTime="2021-10-04T17:14:57.1415430-04:00" testType="13cdc9d9-ddb5-4fa4-a97d-d965ccfc6d4b" outcome="Passed" testListId="8c84fa94-04c1-424b-9868-57a2d4851a1d" relativeResultsDirectory="6bb65c0f-48bc-4180-8163-44ef06d96a72" />
    <UnitTestResult executionId="c35c8f8f-b86c-411b-96bb-8ed07c00a1be" testId="e872ace4-29b8-3b56-871c-345e18778c92" testName="Map_Null_ReturnsNull" computerName="Erics-MBP" duration="00:00:00.0001860" startTime="2021-10-04T17:14:56.9931180-04:00" endTime="2021-10-04T17:14:56.9933040-04:00" testType="13cdc9d9-ddb5-4fa4-a97d-d965ccfc6d4b" outcome="Passed" testListId="8c84fa94-04c1-424b-9868-57a2d4851a1d" relativeResultsDirectory="c35c8f8f-b86c-411b-96bb-8ed07c00a1be" />
    <UnitTestResult executionId="a973f737-e4c5-4e61-b0a0-aedf8a133474" testId="f2da032d-91aa-95b3-1f3a-869ade8a89d3" testName="ItShouldContainResultKeysInTheJsonDocument" computerName="Erics-MBP" duration="00:00:00.1096310" startTime="2021-10-04T17:14:56.6822050-04:00" endTime="2021-10-04T17:14:56.7918360-04:00" testType="13cdc9d9-ddb5-4fa4-a97d-d965ccfc6d4b" outcome="Passed" testListId="8c84fa94-04c1-424b-9868-57a2d4851a1d" relativeResultsDirectory="a973f737-e4c5-4e61-b0a0-aedf8a133474" />
    <UnitTestResult executionId="42bf69a0-a050-495f-8fe6-1a39a22f6098" testId="245405dd-491a-55b3-14cd-299fc71fa07d" testName="Map_NoTags_ReturnsEmptyListOfTags" computerName="Erics-MBP" duration="00:00:00.0001700" startTime="2021-10-04T17:14:57.0076030-04:00" endTime="2021-10-04T17:14:57.0077730-04:00" testType="13cdc9d9-ddb5-4fa4-a97d-d965ccfc6d4b" outcome="Passed" testListId="8c84fa94-04c1-424b-9868-57a2d4851a1d" relativeResultsDirectory="42bf69a0-a050-495f-8fe6-1a39a22f6098" />
    <UnitTestResult executionId="2ebc17b3-774e-4a80-909c-86b24fc17985" testId="8ecd3a27-de14-37b0-a475-7f1b4251867d" testName="ThenCanFormatTextWithNumbersAsWikiWordSuccessfully" computerName="Erics-MBP" duration="00:00:00.0001040" startTime="2021-10-04T17:14:56.2762560-04:00" endTime="2021-10-04T17:14:56.2763590-04:00" testType="13cdc9d9-ddb5-4fa4-a97d-d965ccfc6d4b" outcome="Passed" testListId="8c84fa94-04c1-424b-9868-57a2d4851a1d" relativeResultsDirectory="2ebc17b3-774e-4a80-909c-86b24fc17985" />
    <UnitTestResult executionId="1c232264-ceb4-4ffa-92ce-d675a219ad5a" testId="475019ae-3d7f-95bf-6137-a7ac269ca177" testName="Process_OnlyLinesWithEmptySpaces_ReturnsAsManyEmptyLines" computerName="Erics-MBP" duration="00:00:00.0008680" startTime="2021-10-04T17:14:56.2065560-04:00" endTime="2021-10-04T17:14:56.2074240-04:00" testType="13cdc9d9-ddb5-4fa4-a97d-d965ccfc6d4b" outcome="Passed" testListId="8c84fa94-04c1-424b-9868-57a2d4851a1d" relativeResultsDirectory="1c232264-ceb4-4ffa-92ce-d675a219ad5a" />
    <UnitTestResult executionId="5a10388f-bc2a-4fec-ad43-738663df31d0" testId="e0322fac-aec1-23bb-b284-575e2e1315bf" testName="Map_SomeScenario_ReturnsSomeJsonScenario" computerName="Erics-MBP" duration="00:00:00.0002470" startTime="2021-10-04T17:14:57.0080610-04:00" endTime="2021-10-04T17:14:57.0083080-04:00" testType="13cdc9d9-ddb5-4fa4-a97d-d965ccfc6d4b" outcome="Passed" testListId="8c84fa94-04c1-424b-9868-57a2d4851a1d" relativeResultsDirectory="5a10388f-bc2a-4fec-ad43-738663df31d0" />
    <UnitTestResult executionId="eb6b76b3-8174-46be-8a26-ec28357c8dd5" testId="6a374012-2fd6-0cd8-6683-20b8af7e8ea0" testName="ThenCanResolveTheSelectedIDocumentationBuilderAsSingleton(DHtml,PicklesDoc.Pickles.DocumentationBuilders.Dhtml.DhtmlDocumentationBuilder)" computerName="Erics-MBP" duration="00:00:00.0010960" startTime="2021-10-04T17:14:57.2454950-04:00" endTime="2021-10-04T17:14:57.2465910-04:00" testType="13cdc9d9-ddb5-4fa4-a97d-d965ccfc6d4b" outcome="Passed" testListId="8c84fa94-04c1-424b-9868-57a2d4851a1d" relativeResultsDirectory="eb6b76b3-8174-46be-8a26-ec28357c8dd5" />
    <UnitTestResult executionId="7df70049-45d0-4d38-ab4c-caee17aeffa7" testId="285bb885-df8b-e1fa-0501-85b2d2ed57d2" testName="MapToComment_RegularComment_ReturnsComment" computerName="Erics-MBP" duration="00:00:00.0052320" startTime="2021-10-04T17:14:57.0425290-04:00" endTime="2021-10-04T17:14:57.0477610-04:00" testType="13cdc9d9-ddb5-4fa4-a97d-d965ccfc6d4b" outcome="Passed" testListId="8c84fa94-04c1-424b-9868-57a2d4851a1d" relativeResultsDirectory="7df70049-45d0-4d38-ab4c-caee17aeffa7" />
    <UnitTestResult executionId="bef9c2d3-372d-4e3f-83bb-337af8a853b1" testId="f4c7a1fe-8e1a-0bf7-6944-a7dc509a0e14" testName="Specification_Scenario4_WithTabs" computerName="Erics-MBP" duration="00:00:00.0027500" startTime="2021-10-04T17:14:56.2084440-04:00" endTime="2021-10-04T17:14:56.2111930-04:00" testType="13cdc9d9-ddb5-4fa4-a97d-d965ccfc6d4b" outcome="Passed" testListId="8c84fa94-04c1-424b-9868-57a2d4851a1d" relativeResultsDirectory="bef9c2d3-372d-4e3f-83bb-337af8a853b1" />
    <UnitTestResult executionId="36e100a5-120d-4ca7-97c7-e0ef84f15d0e" testId="f1ed17de-9249-363e-707b-4aac0d4a7566" testName="MapToKeyword_AndInSwedish_ReturnsAnd" computerName="Erics-MBP" duration="00:00:00.0012720" startTime="2021-10-04T17:14:57.1248660-04:00" endTime="2021-10-04T17:14:57.1261380-04:00" testType="13cdc9d9-ddb5-4fa4-a97d-d965ccfc6d4b" outcome="Passed" testListId="8c84fa94-04c1-424b-9868-57a2d4851a1d" relativeResultsDirectory="36e100a5-120d-4ca7-97c7-e0ef84f15d0e" />
    <UnitTestResult executionId="81e50c05-b6c2-4e77-989c-3299ca773677" testId="91a1d4f4-07ed-e043-9cbe-b43f79013c8f" testName="ToUriFileSystemInfo_DirectoryWithTrailingSlash_ProducesUriWithTrailingSlash" computerName="Erics-MBP" duration="00:00:00.0018880" startTime="2021-10-04T17:14:56.2890830-04:00" endTime="2021-10-04T17:14:56.2909710-04:00" testType="13cdc9d9-ddb5-4fa4-a97d-d965ccfc6d4b" outcome="Passed" testListId="8c84fa94-04c1-424b-9868-57a2d4851a1d" relativeResultsDirectory="81e50c05-b6c2-4e77-989c-3299ca773677" />
    <UnitTestResult executionId="c5276c8a-f0a2-4f96-a495-84dd6325dd2f" testId="2727f611-717b-e830-4bd0-bf3af2242d14" testName="Map_WithStepComments_ReturnsThoseComments" computerName="Erics-MBP" duration="00:00:00.0001880" startTime="2021-10-04T17:14:57.0137120-04:00" endTime="2021-10-04T17:14:57.0139000-04:00" testType="13cdc9d9-ddb5-4fa4-a97d-d965ccfc6d4b" outcome="Passed" testListId="8c84fa94-04c1-424b-9868-57a2d4851a1d" relativeResultsDirectory="c5276c8a-f0a2-4f96-a495-84dd6325dd2f" />
    <UnitTestResult executionId="f91835e6-3518-420d-8640-e90b56ab6b56" testId="af36d738-f453-f142-0ce1-e216fe6834e8" testName="Constructor_ValidFileSystemInfo_SetsOriginalLocationUrl" computerName="Erics-MBP" duration="00:00:00.0019340" startTime="2021-10-04T17:14:56.2147390-04:00" endTime="2021-10-04T17:14:56.2166720-04:00" testType="13cdc9d9-ddb5-4fa4-a97d-d965ccfc6d4b" outcome="Passed" testListId="8c84fa94-04c1-424b-9868-57a2d4851a1d" relativeResultsDirectory="f91835e6-3518-420d-8640-e90b56ab6b56" />
    <UnitTestResult executionId="e617e587-a852-4a70-891c-c97e629cc9e3" testId="a8850aa8-94db-71f8-8aa2-89556cda37d6" testName="Li_Element_Must_Not_Have_Id_Attribute" computerName="Erics-MBP" duration="00:00:00.0334970" startTime="2021-10-04T17:14:56.6393810-04:00" endTime="2021-10-04T17:14:56.6728770-04:00" testType="13cdc9d9-ddb5-4fa4-a97d-d965ccfc6d4b" outcome="Passed" testListId="8c84fa94-04c1-424b-9868-57a2d4851a1d" relativeResultsDirectory="e617e587-a852-4a70-891c-c97e629cc9e3" />
    <UnitTestResult executionId="e80a89ab-c1b5-4b1f-9c31-4cdbf1f01090" testId="3a3ca858-e141-d107-a546-9b5950e81a79" testName="GetEncoding_UTF32BOM_ReturnsUnicode" computerName="Erics-MBP" duration="00:00:00.0018760" startTime="2021-10-04T17:14:56.2594490-04:00" endTime="2021-10-04T17:14:56.2613250-04:00" testType="13cdc9d9-ddb5-4fa4-a97d-d965ccfc6d4b" outcome="Passed" testListId="8c84fa94-04c1-424b-9868-57a2d4851a1d" relativeResultsDirectory="e80a89ab-c1b5-4b1f-9c31-4cdbf1f01090" />
    <UnitTestResult executionId="272d1d1a-7475-4cf8-a396-7f9f7c91712a" testId="2e5eb7c4-d75d-9cf6-4222-f8f1c9ac626a" testName="Map_WithNativeKeyword_ReturnsNativeKeyword" computerName="Erics-MBP" duration="00:00:00.0001480" startTime="2021-10-04T17:14:57.0126070-04:00" endTime="2021-10-04T17:14:57.0127550-04:00" testType="13cdc9d9-ddb5-4fa4-a97d-d965ccfc6d4b" outcome="Passed" testListId="8c84fa94-04c1-424b-9868-57a2d4851a1d" relativeResultsDirectory="272d1d1a-7475-4cf8-a396-7f9f7c91712a" />
    <UnitTestResult executionId="afadea1d-759d-49b0-8da6-8bf7c2d68918" testId="2ff69b2c-15f7-7252-063e-2d4877f45ec0" testName="Map_TableWithDataRows_ReturnsJsonTableWithDataRows" computerName="Erics-MBP" duration="00:00:00.0004820" startTime="2021-10-04T17:14:57.0273240-04:00" endTime="2021-10-04T17:14:57.0278060-04:00" testType="13cdc9d9-ddb5-4fa4-a97d-d965ccfc6d4b" outcome="Passed" testListId="8c84fa94-04c1-424b-9868-57a2d4851a1d" relativeResultsDirectory="afadea1d-759d-49b0-8da6-8bf7c2d68918" />
    <UnitTestResult executionId="ad5f2302-0f37-4a80-a098-556687d2261b" testId="53961c9e-5b44-6e8d-e692-db730794cc8f" testName="MapToKeyword_GivenInSwedish_ReturnsGiven" computerName="Erics-MBP" duration="00:00:00.0012520" startTime="2021-10-04T17:14:57.1274400-04:00" endTime="2021-10-04T17:14:57.1286920-04:00" testType="13cdc9d9-ddb5-4fa4-a97d-d965ccfc6d4b" outcome="Passed" testListId="8c84fa94-04c1-424b-9868-57a2d4851a1d" relativeResultsDirectory="ad5f2302-0f37-4a80-a098-556687d2261b" />
    <UnitTestResult executionId="24e9b391-b8f4-43d5-9ebf-f9780b827135" testId="11ec8f68-45a3-af3f-4a85-f9e875a034b9" testName="Map_TableRow_ReturnsObject" computerName="Erics-MBP" duration="00:00:00.0003570" startTime="2021-10-04T17:14:57.0182400-04:00" endTime="2021-10-04T17:14:57.0185970-04:00" testType="13cdc9d9-ddb5-4fa4-a97d-d965ccfc6d4b" outcome="Passed" testListId="8c84fa94-04c1-424b-9868-57a2d4851a1d" relativeResultsDirectory="24e9b391-b8f4-43d5-9ebf-f9780b827135" />
    <UnitTestResult executionId="f19814a1-7c0f-4327-81c3-1d2f8ffb6b43" testId="1c868ec4-ae6a-9888-5fc7-0dc13520ac66" testName="Map_TableRowWithResult_ReturnsObjectWithResult" computerName="Erics-MBP" duration="00:00:00.0003020" startTime="2021-10-04T17:14:57.0193630-04:00" endTime="2021-10-04T17:14:57.0196650-04:00" testType="13cdc9d9-ddb5-4fa4-a97d-d965ccfc6d4b" outcome="Passed" testListId="8c84fa94-04c1-424b-9868-57a2d4851a1d" relativeResultsDirectory="f19814a1-7c0f-4327-81c3-1d2f8ffb6b43" />
    <UnitTestResult executionId="d11f027b-98f0-4771-a670-179a9959d571" testId="00441c96-4748-e7f5-f01b-e47727822d3b" testName="TableOfContent_Must_Contain_One_Paragraph_With_Current_Class" computerName="Erics-MBP" duration="00:00:00.0068330" startTime="2021-10-04T17:14:56.9469690-04:00" endTime="2021-10-04T17:14:56.9538010-04:00" testType="13cdc9d9-ddb5-4fa4-a97d-d965ccfc6d4b" outcome="Passed" testListId="8c84fa94-04c1-424b-9868-57a2d4851a1d" relativeResultsDirectory="d11f027b-98f0-4771-a670-179a9959d571" />
    <UnitTestResult executionId="17e0b3d2-0f75-466c-8ad2-10a14b9e3a0a" testId="f90d61a1-3540-ae8e-65c9-60ef6c04641b" testName="MapToScenarioBackground_RegularBackground_ReturnsScenario" computerName="Erics-MBP" duration="00:00:00.0057780" startTime="2021-10-04T17:14:57.0351890-04:00" endTime="2021-10-04T17:14:57.0409670-04:00" testType="13cdc9d9-ddb5-4fa4-a97d-d965ccfc6d4b" outcome="Passed" testListId="8c84fa94-04c1-424b-9868-57a2d4851a1d" relativeResultsDirectory="17e0b3d2-0f75-466c-8ad2-10a14b9e3a0a" />
    <UnitTestResult executionId="2a0bb51e-5924-47f7-8724-95e1b0c2ffa3" testId="f00f3d6c-4b48-2938-84c4-a91f755f803f" testName="ThenCanFormatTextWithSpecialCharactersAsWikiWordSuccessfully" computerName="Erics-MBP" duration="00:00:00.0001150" startTime="2021-10-04T17:14:56.2763690-04:00" endTime="2021-10-04T17:14:56.2764830-04:00" testType="13cdc9d9-ddb5-4fa4-a97d-d965ccfc6d4b" outcome="Passed" testListId="8c84fa94-04c1-424b-9868-57a2d4851a1d" relativeResultsDirectory="2a0bb51e-5924-47f7-8724-95e1b0c2ffa3" />
    <UnitTestResult executionId="bb0b58c5-c5e4-42ab-b5ae-a2eacf76be7c" testId="3dd0b31c-7ae7-d396-3cb3-ba9a89f3a4d4" testName="Map_Example_ReturnsExample" computerName="Erics-MBP" duration="00:00:00.0002550" startTime="2021-10-04T17:14:57.0069990-04:00" endTime="2021-10-04T17:14:57.0072540-04:00" testType="13cdc9d9-ddb5-4fa4-a97d-d965ccfc6d4b" outcome="Passed" testListId="8c84fa94-04c1-424b-9868-57a2d4851a1d" relativeResultsDirectory="bb0b58c5-c5e4-42ab-b5ae-a2eacf76be7c" />
    <UnitTestResult executionId="8b55c671-3ed2-46c9-ac95-3b56ab11e129" testId="90282de9-ec82-4e67-bd23-4cc70ee9315b" testName="ThenCanResolveTheSelectedIDocumentationBuilder(Cucumber,PicklesDoc.Pickles.DocumentationBuilders.Cucumber.CucumberDocumentationBuilder)" computerName="Erics-MBP" duration="00:00:00.0013540" startTime="2021-10-04T17:14:57.2357200-04:00" endTime="2021-10-04T17:14:57.2370730-04:00" testType="13cdc9d9-ddb5-4fa4-a97d-d965ccfc6d4b" outcome="Passed" testListId="8c84fa94-04c1-424b-9868-57a2d4851a1d" relativeResultsDirectory="8b55c671-3ed2-46c9-ac95-3b56ab11e129" />
    <UnitTestResult executionId="9143f141-7ea6-4dc6-93df-efba9424d422" testId="079afae8-e738-bf64-6da5-12a3d22bf9e1" testName="ThenCanResolveTheSelectedIDocumentationBuilderAsSingleton(Json,PicklesDoc.Pickles.DocumentationBuilders.Json.JsonDocumentationBuilder)" computerName="Erics-MBP" duration="00:00:00.0010820" startTime="2021-10-04T17:14:57.2466500-04:00" endTime="2021-10-04T17:14:57.2477320-04:00" testType="13cdc9d9-ddb5-4fa4-a97d-d965ccfc6d4b" outcome="Passed" testListId="8c84fa94-04c1-424b-9868-57a2d4851a1d" relativeResultsDirectory="9143f141-7ea6-4dc6-93df-efba9424d422" />
    <UnitTestResult executionId="9dd4fa77-f5a5-47db-9e2c-de741b5679c5" testId="facb13ba-4279-8129-3d61-b8f32c8851aa" testName="ToUriFileSystemInfo_FileInfo_ProducesUri" computerName="Erics-MBP" duration="00:00:00.0014400" startTime="2021-10-04T17:14:56.2910050-04:00" endTime="2021-10-04T17:14:56.2924450-04:00" testType="13cdc9d9-ddb5-4fa4-a97d-d965ccfc6d4b" outcome="Passed" testListId="8c84fa94-04c1-424b-9868-57a2d4851a1d" relativeResultsDirectory="9dd4fa77-f5a5-47db-9e2c-de741b5679c5" />
    <UnitTestResult executionId="c31aeae2-66ea-4d4d-9819-749dc12d56d5" testId="7dfff11c-46c3-c506-4197-5a652064eb50" testName="Map_TableWithNullDataRow_ReturnsJsonTableWithEmptyDataRows" computerName="Erics-MBP" duration="00:00:00.0003640" startTime="2021-10-04T17:14:57.0284800-04:00" endTime="2021-10-04T17:14:57.0288440-04:00" testType="13cdc9d9-ddb5-4fa4-a97d-d965ccfc6d4b" outcome="Passed" testListId="8c84fa94-04c1-424b-9868-57a2d4851a1d" relativeResultsDirectory="c31aeae2-66ea-4d4d-9819-749dc12d56d5" />
    <UnitTestResult executionId="96ead9c7-b96a-4a36-bddf-30c94a6d4304" testId="8886bee6-e2cf-0623-d741-e916013e519a" testName="MapToStep_StepWithLocation_ReturnStepWithLocation" computerName="Erics-MBP" duration="00:00:00.0013780" startTime="2021-10-04T17:14:57.1160310-04:00" endTime="2021-10-04T17:14:57.1174090-04:00" testType="13cdc9d9-ddb5-4fa4-a97d-d965ccfc6d4b" outcome="Passed" testListId="8c84fa94-04c1-424b-9868-57a2d4851a1d" relativeResultsDirectory="96ead9c7-b96a-4a36-bddf-30c94a6d4304" />
    <UnitTestResult executionId="9a39fc3a-d9bd-4ace-b6e6-68f9888dc345" testId="ed1cb2a1-5bce-8780-a88b-05d623ad378e" testName="ItShouldContainWasSuccessfulKeyInJsonDocument" computerName="Erics-MBP" duration="00:00:00.0108470" startTime="2021-10-04T17:14:56.8055030-04:00" endTime="2021-10-04T17:14:56.8163500-04:00" testType="13cdc9d9-ddb5-4fa4-a97d-d965ccfc6d4b" outcome="Passed" testListId="8c84fa94-04c1-424b-9868-57a2d4851a1d" relativeResultsDirectory="9a39fc3a-d9bd-4ace-b6e6-68f9888dc345" />
    <UnitTestResult executionId="fddd870d-eae0-40c3-bbb2-59ad27fa456f" testId="4002bec3-2e84-8178-8fdb-096903003927" testName="ThenCanResolveTheSelectedIDocumentationBuilderAsSingleton(Excel,PicklesDoc.Pickles.DocumentationBuilders.Excel.ExcelDocumentationBuilder)" computerName="Erics-MBP" duration="00:00:00.0011450" startTime="2021-10-04T17:14:57.2442900-04:00" endTime="2021-10-04T17:14:57.2454360-04:00" testType="13cdc9d9-ddb5-4fa4-a97d-d965ccfc6d4b" outcome="Passed" testListId="8c84fa94-04c1-424b-9868-57a2d4851a1d" relativeResultsDirectory="fddd870d-eae0-40c3-bbb2-59ad27fa456f" />
    <UnitTestResult executionId="15463c1c-cc1e-466d-b534-2de18327518e" testId="099963f8-8e00-3f84-3a38-4573687c4438" testName="MapToFeature_FeatureWithDutchLanguage_ReturnsFeatureWithDutch" computerName="Erics-MBP" duration="00:00:00.0011830" startTime="2021-10-04T17:14:57.0770840-04:00" endTime="2021-10-04T17:14:57.0782670-04:00" testType="13cdc9d9-ddb5-4fa4-a97d-d965ccfc6d4b" outcome="Passed" testListId="8c84fa94-04c1-424b-9868-57a2d4851a1d" relativeResultsDirectory="15463c1c-cc1e-466d-b534-2de18327518e" />
    <UnitTestResult executionId="b4e0d4d1-16df-4527-9ad1-b3230b287f93" testId="71626fb2-cfd5-3c05-82ee-59e28a2a2450" testName="GetRelativeUriTo_DirectoryToChildDirectory_ReturnsRelativePath" computerName="Erics-MBP" duration="00:00:00.0059630" startTime="2021-10-04T17:14:56.2180440-04:00" endTime="2021-10-04T17:14:56.2240070-04:00" testType="13cdc9d9-ddb5-4fa4-a97d-d965ccfc6d4b" outcome="Passed" testListId="8c84fa94-04c1-424b-9868-57a2d4851a1d" relativeResultsDirectory="b4e0d4d1-16df-4527-9ad1-b3230b287f93" />
    <UnitTestResult executionId="4b47be54-c4aa-4d0e-aabb-b222b89e62a2" testId="ecfa8010-b0ed-0c28-6fc0-090d48a06e33" testName="Map_WithName_ReturnsName" computerName="Erics-MBP" duration="00:00:00.0001950" startTime="2021-10-04T17:14:57.0123930-04:00" endTime="2021-10-04T17:14:57.0125880-04:00" testType="13cdc9d9-ddb5-4fa4-a97d-d965ccfc6d4b" outcome="Passed" testListId="8c84fa94-04c1-424b-9868-57a2d4851a1d" relativeResultsDirectory="4b47be54-c4aa-4d0e-aabb-b222b89e62a2" />
    <UnitTestResult executionId="fa4a47d1-9d0e-4aee-83e4-9f035bb72dad" testId="c2fae702-1219-a5ae-f1ea-5e55a1f23bf4" testName="ThenCanFormatTextAsWikiWordSuccessfully" computerName="Erics-MBP" duration="00:00:00.0015230" startTime="2021-10-04T17:14:56.2740370-04:00" endTime="2021-10-04T17:14:56.2755600-04:00" testType="13cdc9d9-ddb5-4fa4-a97d-d965ccfc6d4b" outcome="Passed" testListId="8c84fa94-04c1-424b-9868-57a2d4851a1d" relativeResultsDirectory="fa4a47d1-9d0e-4aee-83e4-9f035bb72dad" />
    <UnitTestResult executionId="93e163ee-8d2f-4661-ad89-0cd7acbd0d18" testId="e757d0a0-d7ae-d816-fce8-24ebc2d1e194" testName="Map_WithDescription_ReturnsDescription" computerName="Erics-MBP" duration="00:00:00.0002140" startTime="2021-10-04T17:14:57.0083350-04:00" endTime="2021-10-04T17:14:57.0085490-04:00" testType="13cdc9d9-ddb5-4fa4-a97d-d965ccfc6d4b" outcome="Passed" testListId="8c84fa94-04c1-424b-9868-57a2d4851a1d" relativeResultsDirectory="93e163ee-8d2f-4661-ad89-0cd7acbd0d18" />
    <UnitTestResult executionId="457b89d9-945b-4053-a88b-c26dd3bef70b" testId="71ab70a9-ef4b-ca2c-f5d6-1ba5618c1d97" testName="Map_WithName_ReturnsName" computerName="Erics-MBP" duration="00:00:00.0001700" startTime="2021-10-04T17:14:57.0087450-04:00" endTime="2021-10-04T17:14:57.0089150-04:00" testType="13cdc9d9-ddb5-4fa4-a97d-d965ccfc6d4b" outcome="Passed" testListId="8c84fa94-04c1-424b-9868-57a2d4851a1d" relativeResultsDirectory="457b89d9-945b-4053-a88b-c26dd3bef70b" />
    <UnitTestResult executionId="fd0c9f31-4aea-4692-8c5f-df2a25224738" testId="6d88a6f4-e9ba-b488-7fca-3a2a8f87fcdb" testName="Map_But_ReturnsBut" computerName="Erics-MBP" duration="00:00:00.0001789" startTime="2021-10-04T17:14:57.0059880-04:00" endTime="2021-10-04T17:14:57.0061670-04:00" testType="13cdc9d9-ddb5-4fa4-a97d-d965ccfc6d4b" outcome="Passed" testListId="8c84fa94-04c1-424b-9868-57a2d4851a1d" relativeResultsDirectory="fd0c9f31-4aea-4692-8c5f-df2a25224738" />
    <UnitTestResult executionId="5d45c350-f760-44db-a6a1-e6da10668932" testId="40f30388-f8c4-beae-03f2-092496540fd0" testName="ToFolderUriString_WithTrailingSlash_ValidOutput" computerName="Erics-MBP" duration="00:00:00.0013710" startTime="2021-10-04T17:14:56.2816410-04:00" endTime="2021-10-04T17:14:56.2830120-04:00" testType="13cdc9d9-ddb5-4fa4-a97d-d965ccfc6d4b" outcome="Passed" testListId="8c84fa94-04c1-424b-9868-57a2d4851a1d" relativeResultsDirectory="5d45c350-f760-44db-a6a1-e6da10668932" />
    <UnitTestResult executionId="9daff4d4-73f2-42b2-9672-3c35055442bd" testId="842b0ea9-88ad-790a-c59e-e495e1c6e68b" testName="Map_WithTags_ReturnsTags" computerName="Erics-MBP" duration="00:00:00.0002630" startTime="2021-10-04T17:14:57.0097310-04:00" endTime="2021-10-04T17:14:57.0099930-04:00" testType="13cdc9d9-ddb5-4fa4-a97d-d965ccfc6d4b" outcome="Passed" testListId="8c84fa94-04c1-424b-9868-57a2d4851a1d" relativeResultsDirectory="9daff4d4-73f2-42b2-9672-3c35055442bd" />
    <UnitTestResult executionId="bb08cf59-4ff2-4723-b51a-8e24656512e3" testId="9f54fc7b-943f-a736-270e-322b76b12240" testName="Process_TwoLines_ReturnsText" computerName="Erics-MBP" duration="00:00:00.0002150" startTime="2021-10-04T17:14:56.2074370-04:00" endTime="2021-10-04T17:14:56.2076520-04:00" testType="13cdc9d9-ddb5-4fa4-a97d-d965ccfc6d4b" outcome="Passed" testListId="8c84fa94-04c1-424b-9868-57a2d4851a1d" relativeResultsDirectory="bb08cf59-4ff2-4723-b51a-8e24656512e3" />
    <UnitTestResult executionId="53e50f0b-0335-462c-bef8-61704cbbd25c" testId="bc86b314-5fe6-6bdd-9f3a-a18c69ce6d0f" testName="Map_WithResult_ReturnsJsonTestResult" computerName="Erics-MBP" duration="00:00:00.0001850" startTime="2021-10-04T17:14:57.0005470-04:00" endTime="2021-10-04T17:14:57.0007320-04:00" testType="13cdc9d9-ddb5-4fa4-a97d-d965ccfc6d4b" outcome="Passed" testListId="8c84fa94-04c1-424b-9868-57a2d4851a1d" relativeResultsDirectory="53e50f0b-0335-462c-bef8-61704cbbd25c" />
    <UnitTestResult executionId="cb444662-e69d-43e2-ac03-9dd34aa03393" testId="5b7d7e18-3797-759c-db9a-5e4c609a525d" testName="MapToFeature_Always_MapsFeaturePropertyOfBackground" computerName="Erics-MBP" duration="00:00:00.0026760" startTime="2021-10-04T17:14:57.0298780-04:00" endTime="2021-10-04T17:14:57.0325540-04:00" testType="13cdc9d9-ddb5-4fa4-a97d-d965ccfc6d4b" outcome="Passed" testListId="8c84fa94-04c1-424b-9868-57a2d4851a1d" relativeResultsDirectory="cb444662-e69d-43e2-ac03-9dd34aa03393" />
    <UnitTestResult executionId="e7e1d32f-686f-4d01-b0bd-340b66f13e1c" testId="2f10ab10-fdd8-2469-243c-352eb06f9e9c" testName="Map_Given_ReturnsGiven" computerName="Erics-MBP" duration="00:00:00.0001470" startTime="2021-10-04T17:14:57.0062260-04:00" endTime="2021-10-04T17:14:57.0063730-04:00" testType="13cdc9d9-ddb5-4fa4-a97d-d965ccfc6d4b" outcome="Passed" testListId="8c84fa94-04c1-424b-9868-57a2d4851a1d" relativeResultsDirectory="e7e1d32f-686f-4d01-b0bd-340b66f13e1c" />
    <UnitTestResult executionId="cdc2fcc6-c41c-4285-9cbf-a23390880f55" testId="1bf0b620-508f-e5dc-9a04-0b8d440ef88c" testName="Constructor_NullArgument_ShouldThrowArgumentNullException" computerName="Erics-MBP" duration="00:00:00.0015240" startTime="2021-10-04T17:14:56.1934540-04:00" endTime="2021-10-04T17:14:56.1949780-04:00" testType="13cdc9d9-ddb5-4fa4-a97d-d965ccfc6d4b" outcome="Passed" testListId="8c84fa94-04c1-424b-9868-57a2d4851a1d" relativeResultsDirectory="cdc2fcc6-c41c-4285-9cbf-a23390880f55" />
    <UnitTestResult executionId="e70bf5a6-739c-4b47-9bcd-e6f4903136a3" testId="ef50a5c4-5ecf-67d2-2133-62db98825073" testName="Create_BogusLocationType_AddsEntryToReport" computerName="Erics-MBP" duration="00:00:00.0247220" startTime="2021-10-04T17:14:56.2937010-04:00" endTime="2021-10-04T17:14:56.3184230-04:00" testType="13cdc9d9-ddb5-4fa4-a97d-d965ccfc6d4b" outcome="Passed" testListId="8c84fa94-04c1-424b-9868-57a2d4851a1d" relativeResultsDirectory="e70bf5a6-739c-4b47-9bcd-e6f4903136a3" />
    <UnitTestResult executionId="f95cd61f-de7e-469e-b450-b0b8d271cff0" testId="4ff43338-8721-dbba-445e-878079003ddc" testName="MapToScenarioOutline_ScenarioOutlineWithNullDescription_ReturnsScenarioOutlineWithEmptyDescription" computerName="Erics-MBP" duration="00:00:00.0011960" startTime="2021-10-04T17:14:57.1062990-04:00" endTime="2021-10-04T17:14:57.1074950-04:00" testType="13cdc9d9-ddb5-4fa4-a97d-d965ccfc6d4b" outcome="Passed" testListId="8c84fa94-04c1-424b-9868-57a2d4851a1d" relativeResultsDirectory="f95cd61f-de7e-469e-b450-b0b8d271cff0" />
    <UnitTestResult executionId="362f95d3-ab3c-4680-9088-458d8feee363" testId="441fccae-3b8f-46a3-a8ec-69ee090eade3" testName="Specification_Scenario2" computerName="Erics-MBP" duration="00:00:00.0002540" startTime="2021-10-04T17:14:56.2078820-04:00" endTime="2021-10-04T17:14:56.2081350-04:00" testType="13cdc9d9-ddb5-4fa4-a97d-d965ccfc6d4b" outcome="Passed" testListId="8c84fa94-04c1-424b-9868-57a2d4851a1d" relativeResultsDirectory="362f95d3-ab3c-4680-9088-458d8feee363" />
    <UnitTestResult executionId="b7bf2f41-73ee-45c9-a976-b28947580557" testId="9cd5c73f-8266-3b6a-c78a-2aac24b20653" testName="ThenCanResolveTheSelectedIDocumentationBuilder(Word,PicklesDoc.Pickles.DocumentationBuilders.Word.WordDocumentationBuilder)" computerName="Erics-MBP" duration="00:00:00.0071800" startTime="2021-10-04T17:14:57.2219470-04:00" endTime="2021-10-04T17:14:57.2291260-04:00" testType="13cdc9d9-ddb5-4fa4-a97d-d965ccfc6d4b" outcome="Passed" testListId="8c84fa94-04c1-424b-9868-57a2d4851a1d" relativeResultsDirectory="b7bf2f41-73ee-45c9-a976-b28947580557" />
    <UnitTestResult executionId="f98edb51-b5c7-4c3c-b2a3-4b76d3712d4d" testId="8e6eb9e8-caeb-6fdc-4c95-879f9b06c4bd" testName="LineThatStartsWithEscapedHash_Header5_ShouldRemoveEscapeSign" computerName="Erics-MBP" duration="00:00:00.0001120" startTime="2021-10-04T17:14:56.2059790-04:00" endTime="2021-10-04T17:14:56.2060910-04:00" testType="13cdc9d9-ddb5-4fa4-a97d-d965ccfc6d4b" outcome="Passed" testListId="8c84fa94-04c1-424b-9868-57a2d4851a1d" relativeResultsDirectory="f98edb51-b5c7-4c3c-b2a3-4b76d3712d4d" />
    <UnitTestResult executionId="6037adfc-15d4-4630-93ed-08ab69732220" testId="a4fe69d7-576a-c1e6-1303-8a61499629eb" testName="Parse_InvalidFeatureContent_ThrowsFeatureParseException" computerName="Erics-MBP" duration="00:00:00.0036720" startTime="2021-10-04T17:14:56.3497680-04:00" endTime="2021-10-04T17:14:56.3534410-04:00" testType="13cdc9d9-ddb5-4fa4-a97d-d965ccfc6d4b" outcome="Passed" testListId="8c84fa94-04c1-424b-9868-57a2d4851a1d" relativeResultsDirectory="6037adfc-15d4-4630-93ed-08ab69732220" />
    <UnitTestResult executionId="11c88fc0-0a33-4776-8728-a3e7ba3ae2ea" testId="2ab3b04b-4f0b-0b76-e6e9-98c397a4b936" testName="Then_can_parse_and_ignore_with_with_tag_without_sensitivity" computerName="Erics-MBP" duration="00:00:00.0035350" startTime="2021-10-04T17:14:57.1634070-04:00" endTime="2021-10-04T17:14:57.1669420-04:00" testType="13cdc9d9-ddb5-4fa4-a97d-d965ccfc6d4b" outcome="Passed" testListId="8c84fa94-04c1-424b-9868-57a2d4851a1d" relativeResultsDirectory="11c88fc0-0a33-4776-8728-a3e7ba3ae2ea" />
    <UnitTestResult executionId="bc72ee51-a19a-481a-a63b-8c2d7e11b1e0" testId="28772bab-df5d-6054-e291-6e60f8a662fb" testName="ItShouldContainTheRelativePath" computerName="Erics-MBP" duration="00:00:00.0014450" startTime="2021-10-04T17:14:56.6793640-04:00" endTime="2021-10-04T17:14:56.6808090-04:00" testType="13cdc9d9-ddb5-4fa4-a97d-d965ccfc6d4b" outcome="Passed" testListId="8c84fa94-04c1-424b-9868-57a2d4851a1d" relativeResultsDirectory="bc72ee51-a19a-481a-a63b-8c2d7e11b1e0" />
    <UnitTestResult executionId="f6c2cb65-cefd-4593-94b4-590d81d51985" testId="fdc07046-cd97-c6a1-b694-bc2939683480" testName="ThenCanParseScenarioWithTableSuccessfully" computerName="Erics-MBP" duration="00:00:00.0030140" startTime="2021-10-04T17:14:57.2019530-04:00" endTime="2021-10-04T17:14:57.2049670-04:00" testType="13cdc9d9-ddb5-4fa4-a97d-d965ccfc6d4b" outcome="Passed" testListId="8c84fa94-04c1-424b-9868-57a2d4851a1d" relativeResultsDirectory="f6c2cb65-cefd-4593-94b4-590d81d51985" />
    <UnitTestResult executionId="b8de976d-103c-4eea-ad5a-a3c2b089ed69" testId="5b0b7c95-f6d8-a2fe-eb27-9c403d882838" testName="MapToScenario_TitleSpecialCharacters_HasValidSlug" computerName="Erics-MBP" duration="00:00:00.0012210" startTime="2021-10-04T17:14:57.1001950-04:00" endTime="2021-10-04T17:14:57.1014160-04:00" testType="13cdc9d9-ddb5-4fa4-a97d-d965ccfc6d4b" outcome="Passed" testListId="8c84fa94-04c1-424b-9868-57a2d4851a1d" relativeResultsDirectory="b8de976d-103c-4eea-ad5a-a3c2b089ed69" />
    <UnitTestResult executionId="66a9bd0c-4ce9-4464-860e-5874264e5035" testId="e8565e90-2492-6ea1-7c7e-a2f7e9a1f360" testName="ThenCanResolveTheSelectedIDocumentationBuilder(Json,PicklesDoc.Pickles.DocumentationBuilders.Json.JsonDocumentationBuilder)" computerName="Erics-MBP" duration="00:00:00.0013770" startTime="2021-10-04T17:14:57.2343230-04:00" endTime="2021-10-04T17:14:57.2357000-04:00" testType="13cdc9d9-ddb5-4fa4-a97d-d965ccfc6d4b" outcome="Passed" testListId="8c84fa94-04c1-424b-9868-57a2d4851a1d" relativeResultsDirectory="66a9bd0c-4ce9-4464-860e-5874264e5035" />
    <UnitTestResult executionId="686873d4-13cb-4f3d-ab79-6d8fb31ec021" testId="0aa79223-629c-5269-1c07-377109cd0bcb" testName="Constructor_Default_SetsLanguageToEnglish" computerName="Erics-MBP" duration="00:00:00.0121270" startTime="2021-10-04T17:14:55.9366490-04:00" endTime="2021-10-04T17:14:55.9486620-04:00" testType="13cdc9d9-ddb5-4fa4-a97d-d965ccfc6d4b" outcome="Passed" testListId="8c84fa94-04c1-424b-9868-57a2d4851a1d" relativeResultsDirectory="686873d4-13cb-4f3d-ab79-6d8fb31ec021" />
    <UnitTestResult executionId="67217813-c0a0-4837-9192-9d8c91a7d271" testId="6608e1a4-2d57-9534-02c8-9ed8cbf3fe3c" testName="Map_AnExampleWithTableArgument_ReturnsAJsonExampleWithTableArgument" computerName="Erics-MBP" duration="00:00:00.0005360" startTime="2021-10-04T17:14:56.9850850-04:00" endTime="2021-10-04T17:14:56.9856210-04:00" testType="13cdc9d9-ddb5-4fa4-a97d-d965ccfc6d4b" outcome="Passed" testListId="8c84fa94-04c1-424b-9868-57a2d4851a1d" relativeResultsDirectory="67217813-c0a0-4837-9192-9d8c91a7d271" />
    <UnitTestResult executionId="3988ea91-fac2-4498-938f-9bdecf278730" testId="d92eaaf4-b839-67e3-ea8a-60df87c4cfbd" testName="MapToFeature_FeatureWithoutLanguage_ReturnsFeatureWithEnglish" computerName="Erics-MBP" duration="00:00:00.0011460" startTime="2021-10-04T17:14:57.0795320-04:00" endTime="2021-10-04T17:14:57.0806780-04:00" testType="13cdc9d9-ddb5-4fa4-a97d-d965ccfc6d4b" outcome="Passed" testListId="8c84fa94-04c1-424b-9868-57a2d4851a1d" relativeResultsDirectory="3988ea91-fac2-4498-938f-9bdecf278730" />
    <UnitTestResult executionId="f4a68c68-190e-44dd-908f-273bc60b04d0" testId="c064a3cb-594b-9f1c-fd00-9c99d07e5d7d" testName="GetDialect_WithLanguageThatIncludesHyphen_ReturnsThatLanguage" computerName="Erics-MBP" duration="00:00:00.0012270" startTime="2021-10-04T17:14:56.0965300-04:00" endTime="2021-10-04T17:14:56.0977560-04:00" testType="13cdc9d9-ddb5-4fa4-a97d-d965ccfc6d4b" outcome="Passed" testListId="8c84fa94-04c1-424b-9868-57a2d4851a1d" relativeResultsDirectory="f4a68c68-190e-44dd-908f-273bc60b04d0" />
    <UnitTestResult executionId="6a8f73e0-6876-4ca8-84fe-0541981ee0cc" testId="b3a40561-d822-6f86-f3da-df64bc9ebecd" testName="MapToScenario_ScenarioWithNullDescription_ReturnsScenarioWithEmptyDescription" computerName="Erics-MBP" duration="00:00:00.0012960" startTime="2021-10-04T17:14:57.0988370-04:00" endTime="2021-10-04T17:14:57.1001330-04:00" testType="13cdc9d9-ddb5-4fa4-a97d-d965ccfc6d4b" outcome="Passed" testListId="8c84fa94-04c1-424b-9868-57a2d4851a1d" relativeResultsDirectory="6a8f73e0-6876-4ca8-84fe-0541981ee0cc" />
    <UnitTestResult executionId="f4a3319e-3a48-413a-8917-0eef0ba70aad" testId="fef5814c-e293-359f-3b1e-c7507dc38524" testName="LineThatStartsWithEscapedHash_Header4_ShouldRemoveEscapeSign" computerName="Erics-MBP" duration="00:00:00.0001100" startTime="2021-10-04T17:14:56.2058600-04:00" endTime="2021-10-04T17:14:56.2059700-04:00" testType="13cdc9d9-ddb5-4fa4-a97d-d965ccfc6d4b" outcome="Passed" testListId="8c84fa94-04c1-424b-9868-57a2d4851a1d" relativeResultsDirectory="f4a3319e-3a48-413a-8917-0eef0ba70aad" />
    <UnitTestResult executionId="1d347b53-501e-46cd-9beb-f2d30c24a1c6" testId="2497e506-3dc8-5ae6-a611-63bce47ee455" testName="GetLanguageServicesForLanguage_WithNullLanguage_ReturnsLanguageServicesForEnglish" computerName="Erics-MBP" duration="00:00:00.0001310" startTime="2021-10-04T17:14:56.9818740-04:00" endTime="2021-10-04T17:14:56.9820040-04:00" testType="13cdc9d9-ddb5-4fa4-a97d-d965ccfc6d4b" outcome="Passed" testListId="8c84fa94-04c1-424b-9868-57a2d4851a1d" relativeResultsDirectory="1d347b53-501e-46cd-9beb-f2d30c24a1c6" />
    <UnitTestResult executionId="98a9ef26-91b8-4702-870f-95cfb7e995ac" testId="ce6a2b6c-c75a-0ab1-82b9-24f5e794be59" testName="MapToTable_NullDataTable_ReturnsNullTable" computerName="Erics-MBP" duration="00:00:00.0014710" startTime="2021-10-04T17:14:57.0550380-04:00" endTime="2021-10-04T17:14:57.0565090-04:00" testType="13cdc9d9-ddb5-4fa4-a97d-d965ccfc6d4b" outcome="Passed" testListId="8c84fa94-04c1-424b-9868-57a2d4851a1d" relativeResultsDirectory="98a9ef26-91b8-4702-870f-95cfb7e995ac" />
    <UnitTestResult executionId="70cfcdc8-ee10-42d9-b0fc-c899fd3ead4a" testId="42016bf3-754c-eff4-cfc4-18801838538f" testName="MapToStep_StepWithoutArgument_ReturnStep" computerName="Erics-MBP" duration="00:00:00.0013440" startTime="2021-10-04T17:14:57.1174700-04:00" endTime="2021-10-04T17:14:57.1188150-04:00" testType="13cdc9d9-ddb5-4fa4-a97d-d965ccfc6d4b" outcome="Passed" testListId="8c84fa94-04c1-424b-9868-57a2d4851a1d" relativeResultsDirectory="70cfcdc8-ee10-42d9-b0fc-c899fd3ead4a" />
    <UnitTestResult executionId="ac4325f5-61a0-4015-a26f-a69f8469f97f" testId="81765902-660e-6877-86d8-ec70f35715ec" testName="ThenCanFormatTextWithNumberFollowedByCapitalAsWikiWordSuccessfully" computerName="Erics-MBP" duration="00:00:00.0001040" startTime="2021-10-04T17:14:56.2761420-04:00" endTime="2021-10-04T17:14:56.2762460-04:00" testType="13cdc9d9-ddb5-4fa4-a97d-d965ccfc6d4b" outcome="Passed" testListId="8c84fa94-04c1-424b-9868-57a2d4851a1d" relativeResultsDirectory="ac4325f5-61a0-4015-a26f-a69f8469f97f" />
    <UnitTestResult executionId="58d422ee-3541-45c4-84d1-7f485b59f7d8" testId="5722e0ae-ca74-4e51-7bf5-080a8bfd63bc" testName="Iterator_NodeWithNullName_ShouldNotThrowException" computerName="Erics-MBP" duration="00:00:00.0037680" startTime="2021-10-04T17:14:56.1950280-04:00" endTime="2021-10-04T17:14:56.1987960-04:00" testType="13cdc9d9-ddb5-4fa4-a97d-d965ccfc6d4b" outcome="Passed" testListId="8c84fa94-04c1-424b-9868-57a2d4851a1d" relativeResultsDirectory="58d422ee-3541-45c4-84d1-7f485b59f7d8" />
    <UnitTestResult executionId="cd0997bf-8668-4571-84d1-fd23f611e5c3" testId="92e03e0f-edf9-aa46-0a93-130eee73dd0c" testName="Map_WithNullComments_ReturnsEmptyStepCommentsList" computerName="Erics-MBP" duration="00:00:00.0002010" startTime="2021-10-04T17:14:57.0129720-04:00" endTime="2021-10-04T17:14:57.0131730-04:00" testType="13cdc9d9-ddb5-4fa4-a97d-d965ccfc6d4b" outcome="Passed" testListId="8c84fa94-04c1-424b-9868-57a2d4851a1d" relativeResultsDirectory="cd0997bf-8668-4571-84d1-fd23f611e5c3" />
    <UnitTestResult executionId="d781376e-27ad-4bc6-aa2a-f2f17182c436" testId="6d702234-c5da-512c-d19b-11f0b003c6d1" testName="ThenCanDetectAllResourcesSuccessfully" computerName="Erics-MBP" duration="00:00:00.0036760" startTime="2021-10-04T17:14:57.3858700-04:00" endTime="2021-10-04T17:14:57.3895460-04:00" testType="13cdc9d9-ddb5-4fa4-a97d-d965ccfc6d4b" outcome="Passed" testListId="8c84fa94-04c1-424b-9868-57a2d4851a1d" relativeResultsDirectory="d781376e-27ad-4bc6-aa2a-f2f17182c436" />
    <UnitTestResult executionId="12a49114-4fb2-46c9-a710-b9f3956ba1d6" testId="79e9a2d5-6fd7-c594-c7c3-6a0aee043d3b" testName="ToFileUriString_WithoutTrailingSlash_ValidOutputWithTrailingSlash" computerName="Erics-MBP" duration="00:00:00.0013670" startTime="2021-10-04T17:14:56.2788990-04:00" endTime="2021-10-04T17:14:56.2802660-04:00" testType="13cdc9d9-ddb5-4fa4-a97d-d965ccfc6d4b" outcome="Passed" testListId="8c84fa94-04c1-424b-9868-57a2d4851a1d" relativeResultsDirectory="12a49114-4fb2-46c9-a710-b9f3956ba1d6" />
    <UnitTestResult executionId="d2404f07-cd37-4324-9c55-ca331b8cc68e" testId="a83f3e46-a026-f6b2-8efd-ed8752f0f9e8" testName="ThenCanResolveTheSelectedIDocumentationBuilderAsSingleton(Markdown,PicklesDoc.Pickles.DocumentationBuilders.Markdown.MarkdownDocumentationBuilder)" computerName="Erics-MBP" duration="00:00:00.0011670" startTime="2021-10-04T17:14:57.2489260-04:00" endTime="2021-10-04T17:14:57.2500940-04:00" testType="13cdc9d9-ddb5-4fa4-a97d-d965ccfc6d4b" outcome="Passed" testListId="8c84fa94-04c1-424b-9868-57a2d4851a1d" relativeResultsDirectory="d2404f07-cd37-4324-9c55-ca331b8cc68e" />
    <UnitTestResult executionId="4a1f5ae1-6b34-4a3e-936a-70a127edc763" testId="d8574c62-7f64-edaf-9bb3-a57031c9c43d" testName="MapToStringTableCell_NullTableCell_ReturnsNull" computerName="Erics-MBP" duration="00:00:00.0010920" startTime="2021-10-04T17:14:57.0479970-04:00" endTime="2021-10-04T17:14:57.0490890-04:00" testType="13cdc9d9-ddb5-4fa4-a97d-d965ccfc6d4b" outcome="Passed" testListId="8c84fa94-04c1-424b-9868-57a2d4851a1d" relativeResultsDirectory="4a1f5ae1-6b34-4a3e-936a-70a127edc763" />
    <UnitTestResult executionId="70251efb-99f2-4bcb-8b11-07c2996c2469" testId="a03e2c23-c864-b123-24c0-3ec5ce0b2cf3" testName="Map_WithResult_ReturnsResult" computerName="Erics-MBP" duration="00:00:00.0002050" startTime="2021-10-04T17:14:57.0091630-04:00" endTime="2021-10-04T17:14:57.0093680-04:00" testType="13cdc9d9-ddb5-4fa4-a97d-d965ccfc6d4b" outcome="Passed" testListId="8c84fa94-04c1-424b-9868-57a2d4851a1d" relativeResultsDirectory="70251efb-99f2-4bcb-8b11-07c2996c2469" />
    <UnitTestResult executionId="feed5859-2d87-4b1b-8d6b-195db3f54861" testId="3ca12e18-ed2b-68bd-ab21-229d493594e6" testName="Map_Failed_ReturnsExecutedTrueSuccessfulFalse" computerName="Erics-MBP" duration="00:00:00.0002120" startTime="2021-10-04T17:14:57.0290290-04:00" endTime="2021-10-04T17:14:57.0292400-04:00" testType="13cdc9d9-ddb5-4fa4-a97d-d965ccfc6d4b" outcome="Passed" testListId="8c84fa94-04c1-424b-9868-57a2d4851a1d" relativeResultsDirectory="feed5859-2d87-4b1b-8d6b-195db3f54861" />
    <UnitTestResult executionId="523429a7-88cc-4b4d-a85d-c46974664a8f" testId="bec3fbce-3667-808b-c4b9-9a5dd3375e67" testName="MapToKeyword_NullString_ReturnsDefaultKeyword" computerName="Erics-MBP" duration="00:00:00.0013730" startTime="2021-10-04T17:14:57.1306930-04:00" endTime="2021-10-04T17:14:57.1320660-04:00" testType="13cdc9d9-ddb5-4fa4-a97d-d965ccfc6d4b" outcome="Passed" testListId="8c84fa94-04c1-424b-9868-57a2d4851a1d" relativeResultsDirectory="523429a7-88cc-4b4d-a85d-c46974664a8f" />
  </Results>
  <TestDefinitions>
    <UnitTest name="ItShouldContainTheFeature" storage="/users/ericcarlson/repos/pickles/src/pickles/pickles.test/bin/debug/netcoreapp3.1/picklesdoc.pickles.test.dll" id="47c9a237-7b62-75f9-e1ca-dd3cd3c91f8d">
      <Execution id="58778797-cfaf-419f-a188-db9faf5f99be" />
      <TestMethod codeBase="/Users/ericcarlson/repos/pickles/src/Pickles/Pickles.Test/bin/Debug/netcoreapp3.1/PicklesDoc.Pickles.Test.dll" adapterTypeName="executor://nunit3testexecutor/" className="PicklesDoc.Pickles.Test.Formatters.JSON.WhenCreatingAFeatureWithMetaInfo" name="ItShouldContainTheFeature" />
    </UnitTest>
    <UnitTest name="Map_Always_ReturnsNullFeature" storage="/users/ericcarlson/repos/pickles/src/pickles/pickles.test/bin/debug/netcoreapp3.1/picklesdoc.pickles.test.dll" id="c7b4be8c-405a-cff4-f09d-429800388a2f">
      <Execution id="b77e0be3-e0fb-483f-9f66-6938095301f8" />
      <TestMethod codeBase="/Users/ericcarlson/repos/pickles/src/Pickles/Pickles.Test/bin/Debug/netcoreapp3.1/PicklesDoc.Pickles.Test.dll" adapterTypeName="executor://nunit3testexecutor/" className="PicklesDoc.Pickles.Test.ObjectModel.Json.ScenarioToJsonScenarioMapperTests" name="Map_Always_ReturnsNullFeature" />
    </UnitTest>
    <UnitTest name="RealData" storage="/users/ericcarlson/repos/pickles/src/pickles/pickles.test/bin/debug/netcoreapp3.1/picklesdoc.pickles.test.dll" id="69dcc676-4ef6-c241-adb3-07e8c9464faa">
      <Execution id="76bacb10-79a4-4a67-9c2a-d25fd4a91607" />
      <TestMethod codeBase="/Users/ericcarlson/repos/pickles/src/Pickles/Pickles.Test/bin/Debug/netcoreapp3.1/PicklesDoc.Pickles.Test.dll" adapterTypeName="executor://nunit3testexecutor/" className="PicklesDoc.Pickles.Test.DirectoryCrawlers.FolderDirectoryTreeNodeTests" name="RealData" />
    </UnitTest>
    <UnitTest name="ThenCanFormatTextWithSpecialCharactersAsWikiWordSuccessfully" storage="/users/ericcarlson/repos/pickles/src/pickles/pickles.test/bin/debug/netcoreapp3.1/picklesdoc.pickles.test.dll" id="f00f3d6c-4b48-2938-84c4-a91f755f803f">
      <Execution id="2a0bb51e-5924-47f7-8724-95e1b0c2ffa3" />
      <TestMethod codeBase="/Users/ericcarlson/repos/pickles/src/Pickles/Pickles.Test/bin/Debug/netcoreapp3.1/PicklesDoc.Pickles.Test.dll" adapterTypeName="executor://nunit3testexecutor/" className="PicklesDoc.Pickles.Test.Extensions.StringExtensionsTests" name="ThenCanFormatTextWithSpecialCharactersAsWikiWordSuccessfully" />
    </UnitTest>
    <UnitTest name="IsRelevant_ByDefault_ReturnsFalse" storage="/users/ericcarlson/repos/pickles/src/pickles/pickles.test/bin/debug/netcoreapp3.1/picklesdoc.pickles.test.dll" id="4a5df4ca-f345-0994-08e9-9a292fd5e958">
      <Execution id="47434c10-23ff-4287-8084-5ffd0ac6fb00" />
      <TestMethod codeBase="/Users/ericcarlson/repos/pickles/src/Pickles/Pickles.Test/bin/Debug/netcoreapp3.1/PicklesDoc.Pickles.Test.dll" adapterTypeName="executor://nunit3testexecutor/" className="PicklesDoc.Pickles.Test.DirectoryCrawlers.ImageFileDetectorTests" name="IsRelevant_ByDefault_ReturnsFalse" />
    </UnitTest>
    <UnitTest name="GetEncoding_FileIsLessThanFourBytes_DoesNotThrowException" storage="/users/ericcarlson/repos/pickles/src/pickles/pickles.test/bin/debug/netcoreapp3.1/picklesdoc.pickles.test.dll" id="91630d50-5bca-7acf-6341-4417c7067c35">
      <Execution id="aa5a0dd3-f39d-4e18-9567-71eb8d5905ac" />
      <TestMethod codeBase="/Users/ericcarlson/repos/pickles/src/Pickles/Pickles.Test/bin/Debug/netcoreapp3.1/PicklesDoc.Pickles.Test.dll" adapterTypeName="executor://nunit3testexecutor/" className="PicklesDoc.Pickles.Test.EncodingDetectorTests" name="GetEncoding_FileIsLessThanFourBytes_DoesNotThrowException" />
    </UnitTest>
    <UnitTest name="Map_WithDocString_ReturnsDocStringAndNoTableArgument" storage="/users/ericcarlson/repos/pickles/src/pickles/pickles.test/bin/debug/netcoreapp3.1/picklesdoc.pickles.test.dll" id="cd326f26-4b5c-a5b5-7db2-4bedf97529df">
      <Execution id="ca07497e-ad63-4c3e-ac19-4b5f25398e3b" />
      <TestMethod codeBase="/Users/ericcarlson/repos/pickles/src/Pickles/Pickles.Test/bin/Debug/netcoreapp3.1/PicklesDoc.Pickles.Test.dll" adapterTypeName="executor://nunit3testexecutor/" className="PicklesDoc.Pickles.Test.ObjectModel.Json.StepToJsonStepMapperTests" name="Map_WithDocString_ReturnsDocStringAndNoTableArgument" />
    </UnitTest>
    <UnitTest name="GetEncoding_FileDoesNotExist_DoesNotThrowException" storage="/users/ericcarlson/repos/pickles/src/pickles/pickles.test/bin/debug/netcoreapp3.1/picklesdoc.pickles.test.dll" id="b2f41475-071c-06b4-373d-577f6af5c5d6">
      <Execution id="d79262ed-74d2-4e9d-bd0a-e901854232ba" />
      <TestMethod codeBase="/Users/ericcarlson/repos/pickles/src/Pickles/Pickles.Test/bin/Debug/netcoreapp3.1/PicklesDoc.Pickles.Test.dll" adapterTypeName="executor://nunit3testexecutor/" className="PicklesDoc.Pickles.Test.EncodingDetectorTests" name="GetEncoding_FileDoesNotExist_DoesNotThrowException" />
    </UnitTest>
    <UnitTest name="Map_Null_ReturnsNull" storage="/users/ericcarlson/repos/pickles/src/pickles/pickles.test/bin/debug/netcoreapp3.1/picklesdoc.pickles.test.dll" id="e872ace4-29b8-3b56-871c-345e18778c92">
      <Execution id="c35c8f8f-b86c-411b-96bb-8ed07c00a1be" />
      <TestMethod codeBase="/Users/ericcarlson/repos/pickles/src/Pickles/Pickles.Test/bin/Debug/netcoreapp3.1/PicklesDoc.Pickles.Test.dll" adapterTypeName="executor://nunit3testexecutor/" className="PicklesDoc.Pickles.Test.ObjectModel.Json.ExampleToJsonExampleMapperTests" name="Map_Null_ReturnsNull" />
    </UnitTest>
    <UnitTest name="ItShouldContainTheRelativePath" storage="/users/ericcarlson/repos/pickles/src/pickles/pickles.test/bin/debug/netcoreapp3.1/picklesdoc.pickles.test.dll" id="28772bab-df5d-6054-e291-6e60f8a662fb">
      <Execution id="bc72ee51-a19a-481a-a63b-8c2d7e11b1e0" />
      <TestMethod codeBase="/Users/ericcarlson/repos/pickles/src/Pickles/Pickles.Test/bin/Debug/netcoreapp3.1/PicklesDoc.Pickles.Test.dll" adapterTypeName="executor://nunit3testexecutor/" className="PicklesDoc.Pickles.Test.Formatters.JSON.WhenCreatingAFeatureWithMetaInfo" name="ItShouldContainTheRelativePath" />
    </UnitTest>
    <UnitTest name="Map_WithSteps_ReturnsSteps" storage="/users/ericcarlson/repos/pickles/src/pickles/pickles.test/bin/debug/netcoreapp3.1/picklesdoc.pickles.test.dll" id="58c9e785-2ac6-9bcb-7efe-6d35daa42a6c">
      <Execution id="10d7cf90-c48f-482e-993a-e8508d82f4d4" />
      <TestMethod codeBase="/Users/ericcarlson/repos/pickles/src/Pickles/Pickles.Test/bin/Debug/netcoreapp3.1/PicklesDoc.Pickles.Test.dll" adapterTypeName="executor://nunit3testexecutor/" className="PicklesDoc.Pickles.Test.ObjectModel.Json.ScenarioToJsonScenarioMapperTests" name="Map_WithSteps_ReturnsSteps" />
    </UnitTest>
    <UnitTest name="MapToComment_NullLocation_ReturnsNull" storage="/users/ericcarlson/repos/pickles/src/pickles/pickles.test/bin/debug/netcoreapp3.1/picklesdoc.pickles.test.dll" id="cba6d1e7-9efd-8bb5-d58c-bc7892bd4b07">
      <Execution id="b09a8b40-1dd2-496c-8930-4a8b4d68352a" />
      <TestMethod codeBase="/Users/ericcarlson/repos/pickles/src/Pickles/Pickles.Test/bin/Debug/netcoreapp3.1/PicklesDoc.Pickles.Test.dll" adapterTypeName="executor://nunit3testexecutor/" className="PicklesDoc.Pickles.Test.ObjectModel.MapperTestsForComment" name="MapToComment_NullLocation_ReturnsNull" />
    </UnitTest>
    <UnitTest name="Specification_Scenario4_WithTabs" storage="/users/ericcarlson/repos/pickles/src/pickles/pickles.test/bin/debug/netcoreapp3.1/picklesdoc.pickles.test.dll" id="f4c7a1fe-8e1a-0bf7-6944-a7dc509a0e14">
      <Execution id="bef9c2d3-372d-4e3f-83bb-337af8a853b1" />
      <TestMethod codeBase="/Users/ericcarlson/repos/pickles/src/Pickles/Pickles.Test/bin/Debug/netcoreapp3.1/PicklesDoc.Pickles.Test.dll" adapterTypeName="executor://nunit3testexecutor/" className="PicklesDoc.Pickles.Test.DescriptionProcessorTests" name="Specification_Scenario4_WithTabs" />
    </UnitTest>
    <UnitTest name="TableOfContent_Must_Contain_One_Paragraph_With_Current_Class" storage="/users/ericcarlson/repos/pickles/src/pickles/pickles.test/bin/debug/netcoreapp3.1/picklesdoc.pickles.test.dll" id="00441c96-4748-e7f5-f01b-e47727822d3b">
      <Execution id="d11f027b-98f0-4771-a670-179a9959d571" />
      <TestMethod codeBase="/Users/ericcarlson/repos/pickles/src/Pickles/Pickles.Test/bin/Debug/netcoreapp3.1/PicklesDoc.Pickles.Test.dll" adapterTypeName="executor://nunit3testexecutor/" className="PicklesDoc.Pickles.Test.Formatters.TableOfContentsShouldBeCreatedFromAFolderStructure" name="TableOfContent_Must_Contain_One_Paragraph_With_Current_Class" />
    </UnitTest>
    <UnitTest name="IsRelevant_ImageFileInfo_ReturnsTrue" storage="/users/ericcarlson/repos/pickles/src/pickles/pickles.test/bin/debug/netcoreapp3.1/picklesdoc.pickles.test.dll" id="1778f960-3877-9ea7-360f-a6725dc97989">
      <Execution id="093552df-9bca-4a2f-a71f-682168bd2a29" />
      <TestMethod codeBase="/Users/ericcarlson/repos/pickles/src/Pickles/Pickles.Test/bin/Debug/netcoreapp3.1/PicklesDoc.Pickles.Test.dll" adapterTypeName="executor://nunit3testexecutor/" className="PicklesDoc.Pickles.Test.DirectoryCrawlers.RelevantFileDetectorTests" name="IsRelevant_ImageFileInfo_ReturnsTrue" />
    </UnitTest>
    <UnitTest name="MapToStringTableCell_TableCellWithValue_ReturnsThatValue" storage="/users/ericcarlson/repos/pickles/src/pickles/pickles.test/bin/debug/netcoreapp3.1/picklesdoc.pickles.test.dll" id="d8703a4d-64af-90ac-3d91-d91ec6e526a2">
      <Execution id="d1edf05b-4d97-440a-b0a7-0d880b97f2f1" />
      <TestMethod codeBase="/Users/ericcarlson/repos/pickles/src/Pickles/Pickles.Test/bin/Debug/netcoreapp3.1/PicklesDoc.Pickles.Test.dll" adapterTypeName="executor://nunit3testexecutor/" className="PicklesDoc.Pickles.Test.ObjectModel.MapperTestsForDataTable" name="MapToStringTableCell_TableCellWithValue_ReturnsThatValue" />
    </UnitTest>
    <UnitTest name="Map_Null_ReturnsNull" storage="/users/ericcarlson/repos/pickles/src/pickles/pickles.test/bin/debug/netcoreapp3.1/picklesdoc.pickles.test.dll" id="c9dbbac5-4686-fc9f-849b-ef7f10b63035">
      <Execution id="def4e72c-277a-45dd-9923-ae74e232bc40" />
      <TestMethod codeBase="/Users/ericcarlson/repos/pickles/src/Pickles/Pickles.Test/bin/Debug/netcoreapp3.1/PicklesDoc.Pickles.Test.dll" adapterTypeName="executor://nunit3testexecutor/" className="PicklesDoc.Pickles.Test.ObjectModel.Json.CommentToJsonCommentMapperTests" name="Map_Null_ReturnsNull" />
    </UnitTest>
    <UnitTest name="ShouldContainTheFeatures" storage="/users/ericcarlson/repos/pickles/src/pickles/pickles.test/bin/debug/netcoreapp3.1/picklesdoc.pickles.test.dll" id="4d389c4f-c1a4-9777-3cc5-f0470e77453d">
      <Execution id="6f3fea37-d2ad-4227-a62b-92b05663df35" />
      <TestMethod codeBase="/Users/ericcarlson/repos/pickles/src/Pickles/Pickles.Test/bin/Debug/netcoreapp3.1/PicklesDoc.Pickles.Test.dll" adapterTypeName="executor://nunit3testexecutor/" className="PicklesDoc.Pickles.Test.Formatters.JSON.WhenFormattingAFolderStructureWithFeatures" name="ShouldContainTheFeatures" />
    </UnitTest>
    <UnitTest name="ThenCanFormatTextWithNumbersAsWikiWordSuccessfully" storage="/users/ericcarlson/repos/pickles/src/pickles/pickles.test/bin/debug/netcoreapp3.1/picklesdoc.pickles.test.dll" id="8ecd3a27-de14-37b0-a475-7f1b4251867d">
      <Execution id="2ebc17b3-774e-4a80-909c-86b24fc17985" />
      <TestMethod codeBase="/Users/ericcarlson/repos/pickles/src/Pickles/Pickles.Test/bin/Debug/netcoreapp3.1/PicklesDoc.Pickles.Test.dll" adapterTypeName="executor://nunit3testexecutor/" className="PicklesDoc.Pickles.Test.Extensions.StringExtensionsTests" name="ThenCanFormatTextWithNumbersAsWikiWordSuccessfully" />
    </UnitTest>
    <UnitTest name="MapToKeyword_WhenInSwedish_ReturnsWhen" storage="/users/ericcarlson/repos/pickles/src/pickles/pickles.test/bin/debug/netcoreapp3.1/picklesdoc.pickles.test.dll" id="c0fbf6e7-772e-29b3-6edc-0a3674abefb6">
      <Execution id="acd36528-5a16-445c-add5-883990521c94" />
      <TestMethod codeBase="/Users/ericcarlson/repos/pickles/src/Pickles/Pickles.Test/bin/Debug/netcoreapp3.1/PicklesDoc.Pickles.Test.dll" adapterTypeName="executor://nunit3testexecutor/" className="PicklesDoc.Pickles.Test.ObjectModel.MappingTestsForKeyword" name="MapToKeyword_WhenInSwedish_ReturnsWhen" />
    </UnitTest>
    <UnitTest name="Process_BlankThenText_ReturnsText" storage="/users/ericcarlson/repos/pickles/src/pickles/pickles.test/bin/debug/netcoreapp3.1/picklesdoc.pickles.test.dll" id="359602d4-5c8b-a71b-3178-d67e251b597f">
      <Execution id="18536df5-fe9c-4f9a-b767-ae4c9439a96d" />
      <TestMethod codeBase="/Users/ericcarlson/repos/pickles/src/Pickles/Pickles.Test/bin/Debug/netcoreapp3.1/PicklesDoc.Pickles.Test.dll" adapterTypeName="executor://nunit3testexecutor/" className="PicklesDoc.Pickles.Test.DescriptionProcessorTests" name="Process_BlankThenText_ReturnsText" />
    </UnitTest>
    <UnitTest name="MapToScenario_ScenarioWithNullDescription_ReturnsScenarioWithEmptyDescription" storage="/users/ericcarlson/repos/pickles/src/pickles/pickles.test/bin/debug/netcoreapp3.1/picklesdoc.pickles.test.dll" id="b3a40561-d822-6f86-f3da-df64bc9ebecd">
      <Execution id="6a8f73e0-6876-4ca8-84fe-0541981ee0cc" />
      <TestMethod codeBase="/Users/ericcarlson/repos/pickles/src/Pickles/Pickles.Test/bin/Debug/netcoreapp3.1/PicklesDoc.Pickles.Test.dll" adapterTypeName="executor://nunit3testexecutor/" className="PicklesDoc.Pickles.Test.ObjectModel.MapperTestsForScenario" name="MapToScenario_ScenarioWithNullDescription_ReturnsScenarioWithEmptyDescription" />
    </UnitTest>
    <UnitTest name="Process_EmptySpaces_ReturnsEmptyString" storage="/users/ericcarlson/repos/pickles/src/pickles/pickles.test/bin/debug/netcoreapp3.1/picklesdoc.pickles.test.dll" id="dc07b652-b5fa-fc33-626f-4ab4993e82ab">
      <Execution id="83beb89c-31a0-48d1-9200-1ca4f6415336" />
      <TestMethod codeBase="/Users/ericcarlson/repos/pickles/src/Pickles/Pickles.Test/bin/Debug/netcoreapp3.1/PicklesDoc.Pickles.Test.dll" adapterTypeName="executor://nunit3testexecutor/" className="PicklesDoc.Pickles.Test.DescriptionProcessorTests" name="Process_EmptySpaces_ReturnsEmptyString" />
    </UnitTest>
    <UnitTest name="Ul_Element_Must_Contain_Li_Children_Only" storage="/users/ericcarlson/repos/pickles/src/pickles/pickles.test/bin/debug/netcoreapp3.1/picklesdoc.pickles.test.dll" id="6fd40770-cb6f-4692-f9e6-68b2c60e90b9">
      <Execution id="6c70db1b-f9a6-4181-b26d-93f0a458c422" />
      <TestMethod codeBase="/Users/ericcarlson/repos/pickles/src/Pickles/Pickles.Test/bin/Debug/netcoreapp3.1/PicklesDoc.Pickles.Test.dll" adapterTypeName="executor://nunit3testexecutor/" className="PicklesDoc.Pickles.Test.Formatters.TableOfContentsShouldBeCreatedFromAFolderStructure" name="Ul_Element_Must_Contain_Li_Children_Only" />
    </UnitTest>
    <UnitTest name="Map_FeatureWithScenario_ReturnsScenario" storage="/users/ericcarlson/repos/pickles/src/pickles/pickles.test/bin/debug/netcoreapp3.1/picklesdoc.pickles.test.dll" id="54394cfc-30d0-1b21-a9c9-bf82c6c4e0e4">
      <Execution id="797fdfbb-a23a-4526-a481-13de3202e763" />
      <TestMethod codeBase="/Users/ericcarlson/repos/pickles/src/Pickles/Pickles.Test/bin/Debug/netcoreapp3.1/PicklesDoc.Pickles.Test.dll" adapterTypeName="executor://nunit3testexecutor/" className="PicklesDoc.Pickles.Test.ObjectModel.Json.FeatureToJsonFeatureMapperTests" name="Map_FeatureWithScenario_ReturnsScenario" />
    </UnitTest>
    <UnitTest name="GetLanguageServicesForLanguage_WithEnglish_ReturnsLanguageServicesForEnglish" storage="/users/ericcarlson/repos/pickles/src/pickles/pickles.test/bin/debug/netcoreapp3.1/picklesdoc.pickles.test.dll" id="ab19ff46-498b-9420-1130-607f4dc077aa">
      <Execution id="4efa0280-63a4-4dda-969e-b9b4d963c564" />
      <TestMethod codeBase="/Users/ericcarlson/repos/pickles/src/Pickles/Pickles.Test/bin/Debug/netcoreapp3.1/PicklesDoc.Pickles.Test.dll" adapterTypeName="executor://nunit3testexecutor/" className="PicklesDoc.Pickles.Test.LanguageServicesRegistryTests" name="GetLanguageServicesForLanguage_WithEnglish_ReturnsLanguageServicesForEnglish" />
    </UnitTest>
    <UnitTest name="MapToKeyword_NullString_ReturnsDefaultKeyword" storage="/users/ericcarlson/repos/pickles/src/pickles/pickles.test/bin/debug/netcoreapp3.1/picklesdoc.pickles.test.dll" id="bec3fbce-3667-808b-c4b9-9a5dd3375e67">
      <Execution id="523429a7-88cc-4b4d-a85d-c46974664a8f" />
      <TestMethod codeBase="/Users/ericcarlson/repos/pickles/src/Pickles/Pickles.Test/bin/Debug/netcoreapp3.1/PicklesDoc.Pickles.Test.dll" adapterTypeName="executor://nunit3testexecutor/" className="PicklesDoc.Pickles.Test.ObjectModel.MappingTestsForKeyword" name="MapToKeyword_NullString_ReturnsDefaultKeyword" />
    </UnitTest>
    <UnitTest name="Constructor_NullHtmlIndexFormatter_ThrowsArgumentNullException" storage="/users/ericcarlson/repos/pickles/src/pickles/pickles.test/bin/debug/netcoreapp3.1/picklesdoc.pickles.test.dll" id="3945d961-caf9-46f1-6226-8ce537af5d08">
      <Execution id="5a12f530-0eeb-44fd-b96c-1fd28652d6ac" />
      <TestMethod codeBase="/Users/ericcarlson/repos/pickles/src/Pickles/Pickles.Test/bin/Debug/netcoreapp3.1/PicklesDoc.Pickles.Test.dll" adapterTypeName="executor://nunit3testexecutor/" className="PicklesDoc.Pickles.Test.Formatters.HtmlContentFormatterTests" name="Constructor_NullHtmlIndexFormatter_ThrowsArgumentNullException" />
    </UnitTest>
    <UnitTest name="ThenCanResolveTheSelectedIDocumentationBuilderAsSingleton(Word,PicklesDoc.Pickles.DocumentationBuilders.Word.WordDocumentationBuilder)" storage="/users/ericcarlson/repos/pickles/src/pickles/pickles.test/bin/debug/netcoreapp3.1/picklesdoc.pickles.test.dll" id="ee515d6c-2d47-b4a0-9e7c-d4b3563152a1">
      <Execution id="9fd00aaf-65da-4d51-a564-4fe2755160f8" />
      <TestMethod codeBase="/Users/ericcarlson/repos/pickles/src/Pickles/Pickles.Test/bin/Debug/netcoreapp3.1/PicklesDoc.Pickles.Test.dll" adapterTypeName="executor://nunit3testexecutor/" className="PicklesDoc.Pickles.Test.WhenResolvingADocumentationBuilder" name="ThenCanResolveTheSelectedIDocumentationBuilderAsSingleton(Word,PicklesDoc.Pickles.DocumentationBuilders.Word.WordDocumentationBuilder)" />
    </UnitTest>
    <UnitTest name="ThenCanResolveTheSelectedIDocumentationBuilder(Excel,PicklesDoc.Pickles.DocumentationBuilders.Excel.ExcelDocumentationBuilder)" storage="/users/ericcarlson/repos/pickles/src/pickles/pickles.test/bin/debug/netcoreapp3.1/picklesdoc.pickles.test.dll" id="cb1cb307-beed-417a-ac8b-f4330065e350">
      <Execution id="d4e986fa-5a29-4de2-b4d5-5c4fec6c59b3" />
      <TestMethod codeBase="/Users/ericcarlson/repos/pickles/src/Pickles/Pickles.Test/bin/Debug/netcoreapp3.1/PicklesDoc.Pickles.Test.dll" adapterTypeName="executor://nunit3testexecutor/" className="PicklesDoc.Pickles.Test.WhenResolvingADocumentationBuilder" name="ThenCanResolveTheSelectedIDocumentationBuilder(Excel,PicklesDoc.Pickles.DocumentationBuilders.Excel.ExcelDocumentationBuilder)" />
    </UnitTest>
    <UnitTest name="Map_WithNullComments_ReturnsEmptyStepCommentsList" storage="/users/ericcarlson/repos/pickles/src/pickles/pickles.test/bin/debug/netcoreapp3.1/picklesdoc.pickles.test.dll" id="92e03e0f-edf9-aa46-0a93-130eee73dd0c">
      <Execution id="cd0997bf-8668-4571-84d1-fd23f611e5c3" />
      <TestMethod codeBase="/Users/ericcarlson/repos/pickles/src/Pickles/Pickles.Test/bin/Debug/netcoreapp3.1/PicklesDoc.Pickles.Test.dll" adapterTypeName="executor://nunit3testexecutor/" className="PicklesDoc.Pickles.Test.ObjectModel.Json.StepToJsonStepMapperTests" name="Map_WithNullComments_ReturnsEmptyStepCommentsList" />
    </UnitTest>
    <UnitTest name="IsRelevant_ValidFile_ReturnsTrue(&quot;image.bmp&quot;)" storage="/users/ericcarlson/repos/pickles/src/pickles/pickles.test/bin/debug/netcoreapp3.1/picklesdoc.pickles.test.dll" id="c3ab92f1-9919-8262-68eb-854764e7ba38">
      <Execution id="ea4c35f6-6644-454a-ae04-1a4a39aabcbf" />
      <TestMethod codeBase="/Users/ericcarlson/repos/pickles/src/Pickles/Pickles.Test/bin/Debug/netcoreapp3.1/PicklesDoc.Pickles.Test.dll" adapterTypeName="executor://nunit3testexecutor/" className="PicklesDoc.Pickles.Test.DirectoryCrawlers.ImageFileDetectorTests" name="IsRelevant_ValidFile_ReturnsTrue(&quot;image.bmp&quot;)" />
    </UnitTest>
    <UnitTest name="Constructor_ValidFileSystemInfo_SetsOriginalLocationUrl" storage="/users/ericcarlson/repos/pickles/src/pickles/pickles.test/bin/debug/netcoreapp3.1/picklesdoc.pickles.test.dll" id="af36d738-f453-f142-0ce1-e216fe6834e8">
      <Execution id="f91835e6-3518-420d-8640-e90b56ab6b56" />
      <TestMethod codeBase="/Users/ericcarlson/repos/pickles/src/Pickles/Pickles.Test/bin/Debug/netcoreapp3.1/PicklesDoc.Pickles.Test.dll" adapterTypeName="executor://nunit3testexecutor/" className="PicklesDoc.Pickles.Test.DirectoryCrawlers.FolderDirectoryTreeNodeTests" name="Constructor_ValidFileSystemInfo_SetsOriginalLocationUrl" />
    </UnitTest>
    <UnitTest name="MapToExample_RegularExamples_ReturnsCorrectExample" storage="/users/ericcarlson/repos/pickles/src/pickles/pickles.test/bin/debug/netcoreapp3.1/picklesdoc.pickles.test.dll" id="b0f8f278-b262-e750-8aa3-1ea9a3b22ed7">
      <Execution id="cba152e8-d6e8-4c6f-8fd9-f5b1d0ee042b" />
      <TestMethod codeBase="/Users/ericcarlson/repos/pickles/src/Pickles/Pickles.Test/bin/Debug/netcoreapp3.1/PicklesDoc.Pickles.Test.dll" adapterTypeName="executor://nunit3testexecutor/" className="PicklesDoc.Pickles.Test.ObjectModel.MapperTestsForExample" name="MapToExample_RegularExamples_ReturnsCorrectExample" />
    </UnitTest>
    <UnitTest name="Map_TableHeaderWithValues_ConvertsToJsonTableHeader" storage="/users/ericcarlson/repos/pickles/src/pickles/pickles.test/bin/debug/netcoreapp3.1/picklesdoc.pickles.test.dll" id="1a925225-7345-bea6-a5d1-7fa98d2cfa7a">
      <Execution id="99d44b31-869e-4e67-977b-2fc1dab87a9f" />
      <TestMethod codeBase="/Users/ericcarlson/repos/pickles/src/Pickles/Pickles.Test/bin/Debug/netcoreapp3.1/PicklesDoc.Pickles.Test.dll" adapterTypeName="executor://nunit3testexecutor/" className="PicklesDoc.Pickles.Test.ObjectModel.Json.TableRowToJsonTableRowMapperTests" name="Map_TableHeaderWithValues_ConvertsToJsonTableHeader" />
    </UnitTest>
    <UnitTest name="Parse_InvalidFeatureFile_ThrowsFeatureParseExceptionWithFilename" storage="/users/ericcarlson/repos/pickles/src/pickles/pickles.test/bin/debug/netcoreapp3.1/picklesdoc.pickles.test.dll" id="c4796383-dd20-0fa4-0454-b0730eb75248">
      <Execution id="9855c6c7-a27b-4b12-aaf5-9fcbeb82d5c6" />
      <TestMethod codeBase="/Users/ericcarlson/repos/pickles/src/Pickles/Pickles.Test/bin/Debug/netcoreapp3.1/PicklesDoc.Pickles.Test.dll" adapterTypeName="executor://nunit3testexecutor/" className="PicklesDoc.Pickles.Test.FileSystemBasedFeatureParserTests" name="Parse_InvalidFeatureFile_ThrowsFeatureParseExceptionWithFilename" />
    </UnitTest>
    <UnitTest name="ThenCanResolveTheSelectedIDocumentationBuilderAsSingleton(DHtml,PicklesDoc.Pickles.DocumentationBuilders.Dhtml.DhtmlDocumentationBuilder)" storage="/users/ericcarlson/repos/pickles/src/pickles/pickles.test/bin/debug/netcoreapp3.1/picklesdoc.pickles.test.dll" id="6a374012-2fd6-0cd8-6683-20b8af7e8ea0">
      <Execution id="eb6b76b3-8174-46be-8a26-ec28357c8dd5" />
      <TestMethod codeBase="/Users/ericcarlson/repos/pickles/src/Pickles/Pickles.Test/bin/Debug/netcoreapp3.1/PicklesDoc.Pickles.Test.dll" adapterTypeName="executor://nunit3testexecutor/" className="PicklesDoc.Pickles.Test.WhenResolvingADocumentationBuilder" name="ThenCanResolveTheSelectedIDocumentationBuilderAsSingleton(DHtml,PicklesDoc.Pickles.DocumentationBuilders.Dhtml.DhtmlDocumentationBuilder)" />
    </UnitTest>
    <UnitTest name="FirstUlNodeShouldBeIndex" storage="/users/ericcarlson/repos/pickles/src/pickles/pickles.test/bin/debug/netcoreapp3.1/picklesdoc.pickles.test.dll" id="061dd521-a1d0-0649-a878-d6361edc5bc9">
      <Execution id="51080f5a-96a4-48c0-9558-67b24562698c" />
      <TestMethod codeBase="/Users/ericcarlson/repos/pickles/src/Pickles/Pickles.Test/bin/Debug/netcoreapp3.1/PicklesDoc.Pickles.Test.dll" adapterTypeName="executor://nunit3testexecutor/" className="PicklesDoc.Pickles.Test.Formatters.TableOfContentsShouldBeCreatedFromAFolderStructure" name="FirstUlNodeShouldBeIndex" />
    </UnitTest>
    <UnitTest name="ShouldNotBlowUpWHenParsingEmptyFolder" storage="/users/ericcarlson/repos/pickles/src/pickles/pickles.test/bin/debug/netcoreapp3.1/picklesdoc.pickles.test.dll" id="4fed08b0-6faa-29af-fffd-4a7101183958">
      <Execution id="154cc2a0-a1f0-4467-bddd-1c8a3ad94260" />
      <TestMethod codeBase="/Users/ericcarlson/repos/pickles/src/Pickles/Pickles.Test/bin/Debug/netcoreapp3.1/PicklesDoc.Pickles.Test.dll" adapterTypeName="executor://nunit3testexecutor/" className="PicklesDoc.Pickles.Test.Formatters.HtmlDocumentationBuilderTests" name="ShouldNotBlowUpWHenParsingEmptyFolder" />
    </UnitTest>
    <UnitTest name="MapToKeyword_KeywordIsProvidedWithBlank_ReturnsKeyword" storage="/users/ericcarlson/repos/pickles/src/pickles/pickles.test/bin/debug/netcoreapp3.1/picklesdoc.pickles.test.dll" id="abc15c7b-e91f-721b-1bac-97e82836e053">
      <Execution id="86fef686-0d3b-42ae-b793-2094f78fba68" />
      <TestMethod codeBase="/Users/ericcarlson/repos/pickles/src/Pickles/Pickles.Test/bin/Debug/netcoreapp3.1/PicklesDoc.Pickles.Test.dll" adapterTypeName="executor://nunit3testexecutor/" className="PicklesDoc.Pickles.Test.ObjectModel.MappingTestsForKeyword" name="MapToKeyword_KeywordIsProvidedWithBlank_ReturnsKeyword" />
    </UnitTest>
    <UnitTest name="Map_But_ReturnsBut" storage="/users/ericcarlson/repos/pickles/src/pickles/pickles.test/bin/debug/netcoreapp3.1/picklesdoc.pickles.test.dll" id="6d88a6f4-e9ba-b488-7fca-3a2a8f87fcdb">
      <Execution id="fd0c9f31-4aea-4692-8c5f-df2a25224738" />
      <TestMethod codeBase="/Users/ericcarlson/repos/pickles/src/Pickles/Pickles.Test/bin/Debug/netcoreapp3.1/PicklesDoc.Pickles.Test.dll" adapterTypeName="executor://nunit3testexecutor/" className="PicklesDoc.Pickles.Test.ObjectModel.Json.KeywordToJsonKeywordMapperTests" name="Map_But_ReturnsBut" />
    </UnitTest>
    <UnitTest name="Map_NoSteps_ReturnsEmtpyListOfSteps" storage="/users/ericcarlson/repos/pickles/src/pickles/pickles.test/bin/debug/netcoreapp3.1/picklesdoc.pickles.test.dll" id="18b2326c-4bed-936a-779f-ca59ee086658">
      <Execution id="d8047b61-d88f-417a-a32f-26e7c81a5f91" />
      <TestMethod codeBase="/Users/ericcarlson/repos/pickles/src/Pickles/Pickles.Test/bin/Debug/netcoreapp3.1/PicklesDoc.Pickles.Test.dll" adapterTypeName="executor://nunit3testexecutor/" className="PicklesDoc.Pickles.Test.ObjectModel.Json.ScenarioToJsonScenarioMapperTests" name="Map_NoSteps_ReturnsEmtpyListOfSteps" />
    </UnitTest>
    <UnitTest name="ThenCanResolveTheSelectedIDocumentationBuilderAsSingleton(Json,PicklesDoc.Pickles.DocumentationBuilders.Json.JsonDocumentationBuilder)" storage="/users/ericcarlson/repos/pickles/src/pickles/pickles.test/bin/debug/netcoreapp3.1/picklesdoc.pickles.test.dll" id="079afae8-e738-bf64-6da5-12a3d22bf9e1">
      <Execution id="9143f141-7ea6-4dc6-93df-efba9424d422" />
      <TestMethod codeBase="/Users/ericcarlson/repos/pickles/src/Pickles/Pickles.Test/bin/Debug/netcoreapp3.1/PicklesDoc.Pickles.Test.dll" adapterTypeName="executor://nunit3testexecutor/" className="PicklesDoc.Pickles.Test.WhenResolvingADocumentationBuilder" name="ThenCanResolveTheSelectedIDocumentationBuilderAsSingleton(Json,PicklesDoc.Pickles.DocumentationBuilders.Json.JsonDocumentationBuilder)" />
    </UnitTest>
    <UnitTest name="MapToFeature_FeatureWithTags_ReturnsFeatureWithTags" storage="/users/ericcarlson/repos/pickles/src/pickles/pickles.test/bin/debug/netcoreapp3.1/picklesdoc.pickles.test.dll" id="055dd1b0-0a2c-8108-d65a-6f6f4684a4ce">
      <Execution id="d5cf3b31-f852-44c7-b6ab-861c36d6e53d" />
      <TestMethod codeBase="/Users/ericcarlson/repos/pickles/src/Pickles/Pickles.Test/bin/Debug/netcoreapp3.1/PicklesDoc.Pickles.Test.dll" adapterTypeName="executor://nunit3testexecutor/" className="PicklesDoc.Pickles.Test.ObjectModel.MapperTestsForFeature" name="MapToFeature_FeatureWithTags_ReturnsFeatureWithTags" />
    </UnitTest>
    <UnitTest name="GetDialect_WithLanguageAndCulture_ReturnsThatLanguage" storage="/users/ericcarlson/repos/pickles/src/pickles/pickles.test/bin/debug/netcoreapp3.1/picklesdoc.pickles.test.dll" id="c9dc8fda-f925-817c-ef19-f9b9572b50ff">
      <Execution id="24889b39-a2af-4ec4-982d-833a46cbeb9c" />
      <TestMethod codeBase="/Users/ericcarlson/repos/pickles/src/Pickles/Pickles.Test/bin/Debug/netcoreapp3.1/PicklesDoc.Pickles.Test.dll" adapterTypeName="executor://nunit3testexecutor/" className="PicklesDoc.Pickles.Test.CultureAwareDialectProviderTests" name="GetDialect_WithLanguageAndCulture_ReturnsThatLanguage" />
    </UnitTest>
    <UnitTest name="MapToFeature_FeatureWithSimpleProperties_ReturnsFeaturesWithThoseProperties" storage="/users/ericcarlson/repos/pickles/src/pickles/pickles.test/bin/debug/netcoreapp3.1/picklesdoc.pickles.test.dll" id="a0490bd8-72d0-eb80-99c2-9e2dd52b73ee">
      <Execution id="d25e43e5-8ef8-4cce-92f7-95fa035925a7" />
      <TestMethod codeBase="/Users/ericcarlson/repos/pickles/src/Pickles/Pickles.Test/bin/Debug/netcoreapp3.1/PicklesDoc.Pickles.Test.dll" adapterTypeName="executor://nunit3testexecutor/" className="PicklesDoc.Pickles.Test.ObjectModel.MapperTestsForFeature" name="MapToFeature_FeatureWithSimpleProperties_ReturnsFeaturesWithThoseProperties" />
    </UnitTest>
    <UnitTest name="ThenCanResolveTheSelectedIDocumentationBuilderAsSingleton(Markdown,PicklesDoc.Pickles.DocumentationBuilders.Markdown.MarkdownDocumentationBuilder)" storage="/users/ericcarlson/repos/pickles/src/pickles/pickles.test/bin/debug/netcoreapp3.1/picklesdoc.pickles.test.dll" id="a83f3e46-a026-f6b2-8efd-ed8752f0f9e8">
      <Execution id="d2404f07-cd37-4324-9c55-ca331b8cc68e" />
      <TestMethod codeBase="/Users/ericcarlson/repos/pickles/src/Pickles/Pickles.Test/bin/Debug/netcoreapp3.1/PicklesDoc.Pickles.Test.dll" adapterTypeName="executor://nunit3testexecutor/" className="PicklesDoc.Pickles.Test.WhenResolvingADocumentationBuilder" name="ThenCanResolveTheSelectedIDocumentationBuilderAsSingleton(Markdown,PicklesDoc.Pickles.DocumentationBuilders.Markdown.MarkdownDocumentationBuilder)" />
    </UnitTest>
    <UnitTest name="Constructor_NullHtmlFeatureFormatter_ThrowsArgumentNullException" storage="/users/ericcarlson/repos/pickles/src/pickles/pickles.test/bin/debug/netcoreapp3.1/picklesdoc.pickles.test.dll" id="801681ec-6f06-528d-01cb-0c438e16a2db">
      <Execution id="7e2825a7-a770-48ad-87bc-d74c8f14d893" />
      <TestMethod codeBase="/Users/ericcarlson/repos/pickles/src/Pickles/Pickles.Test/bin/Debug/netcoreapp3.1/PicklesDoc.Pickles.Test.dll" adapterTypeName="executor://nunit3testexecutor/" className="PicklesDoc.Pickles.Test.Formatters.HtmlContentFormatterTests" name="Constructor_NullHtmlFeatureFormatter_ThrowsArgumentNullException" />
    </UnitTest>
    <UnitTest name="Then_can_crawl_all_folders_including_subfolders_for_features_successfully" storage="/users/ericcarlson/repos/pickles/src/pickles/pickles.test/bin/debug/netcoreapp3.1/picklesdoc.pickles.test.dll" id="e0dd9245-0af9-4add-c5ea-a8878a46de43">
      <Execution id="21573f41-475b-45c4-8f7f-34554061aa1a" />
      <TestMethod codeBase="/Users/ericcarlson/repos/pickles/src/Pickles/Pickles.Test/bin/Debug/netcoreapp3.1/PicklesDoc.Pickles.Test.dll" adapterTypeName="executor://nunit3testexecutor/" className="PicklesDoc.Pickles.Test.WhenCrawlingFoldersForFeatures" name="Then_can_crawl_all_folders_including_subfolders_for_features_successfully" />
    </UnitTest>
    <UnitTest name="Merge_EmptySequence_ResultsInWasExecutedFalseAndWasSuccessfulFalse" storage="/users/ericcarlson/repos/pickles/src/pickles/pickles.test/bin/debug/netcoreapp3.1/picklesdoc.pickles.test.dll" id="085184fe-e868-8379-b878-742948946639">
      <Execution id="f970529a-2441-458f-a3f7-2f1951d4ba5c" />
      <TestMethod codeBase="/Users/ericcarlson/repos/pickles/src/Pickles/Pickles.Test/bin/Debug/netcoreapp3.1/PicklesDoc.Pickles.Test.dll" adapterTypeName="executor://nunit3testexecutor/" className="PicklesDoc.Pickles.Test.TestResultExtensionsTests" name="Merge_EmptySequence_ResultsInWasExecutedFalseAndWasSuccessfulFalse" />
    </UnitTest>
    <UnitTest name="Map_WithKeyword_ReturnsCorrectKeyword" storage="/users/ericcarlson/repos/pickles/src/pickles/pickles.test/bin/debug/netcoreapp3.1/picklesdoc.pickles.test.dll" id="a9d18150-cea2-1f58-98af-2d8981b7023b">
      <Execution id="d90e3b92-7ad9-459d-8218-3fe2383c9291" />
      <TestMethod codeBase="/Users/ericcarlson/repos/pickles/src/Pickles/Pickles.Test/bin/Debug/netcoreapp3.1/PicklesDoc.Pickles.Test.dll" adapterTypeName="executor://nunit3testexecutor/" className="PicklesDoc.Pickles.Test.ObjectModel.Json.StepToJsonStepMapperTests" name="Map_WithKeyword_ReturnsCorrectKeyword" />
    </UnitTest>
    <UnitTest name="ThenCanParseScenarioWithDocstringSuccessfully" storage="/users/ericcarlson/repos/pickles/src/pickles/pickles.test/bin/debug/netcoreapp3.1/picklesdoc.pickles.test.dll" id="421a6e45-c786-7a38-bb88-c8e678f20118">
      <Execution id="6d757714-76de-4fbe-9ed4-bdea414d6e38" />
      <TestMethod codeBase="/Users/ericcarlson/repos/pickles/src/Pickles/Pickles.Test/bin/Debug/netcoreapp3.1/PicklesDoc.Pickles.Test.dll" adapterTypeName="executor://nunit3testexecutor/" className="PicklesDoc.Pickles.Test.WhenParsingFeatureFiles" name="ThenCanParseScenarioWithDocstringSuccessfully" />
    </UnitTest>
    <UnitTest name="ItShouldIndicateWasSuccessfulIsFalseForFailingScenario" storage="/users/ericcarlson/repos/pickles/src/pickles/pickles.test/bin/debug/netcoreapp3.1/picklesdoc.pickles.test.dll" id="9896fd01-1602-19ad-40eb-c38536268da9">
      <Execution id="571ac403-f274-491f-a43a-3a72ff055ea3" />
      <TestMethod codeBase="/Users/ericcarlson/repos/pickles/src/Pickles/Pickles.Test/bin/Debug/netcoreapp3.1/PicklesDoc.Pickles.Test.dll" adapterTypeName="executor://nunit3testexecutor/" className="PicklesDoc.Pickles.Test.Formatters.JSON.WhenCreatingAFeatureWithMetaInfoAndTestResultInMstestFormat" name="ItShouldIndicateWasSuccessfulIsFalseForFailingScenario" />
    </UnitTest>
    <UnitTest name="GetRelativeUriTo_DirectoryToChildDirectory_ReturnsRelativePath" storage="/users/ericcarlson/repos/pickles/src/pickles/pickles.test/bin/debug/netcoreapp3.1/picklesdoc.pickles.test.dll" id="71626fb2-cfd5-3c05-82ee-59e28a2a2450">
      <Execution id="b4e0d4d1-16df-4527-9ad1-b3230b287f93" />
      <TestMethod codeBase="/Users/ericcarlson/repos/pickles/src/Pickles/Pickles.Test/bin/Debug/netcoreapp3.1/PicklesDoc.Pickles.Test.dll" adapterTypeName="executor://nunit3testexecutor/" className="PicklesDoc.Pickles.Test.DirectoryCrawlers.FolderDirectoryTreeNodeTests" name="GetRelativeUriTo_DirectoryToChildDirectory_ReturnsRelativePath" />
    </UnitTest>
    <UnitTest name="ThenCanResolveTheSelectedIDocumentationBuilderAsSingleton(Excel,PicklesDoc.Pickles.DocumentationBuilders.Excel.ExcelDocumentationBuilder)" storage="/users/ericcarlson/repos/pickles/src/pickles/pickles.test/bin/debug/netcoreapp3.1/picklesdoc.pickles.test.dll" id="4002bec3-2e84-8178-8fdb-096903003927">
      <Execution id="fddd870d-eae0-40c3-bbb2-59ad27fa456f" />
      <TestMethod codeBase="/Users/ericcarlson/repos/pickles/src/Pickles/Pickles.Test/bin/Debug/netcoreapp3.1/PicklesDoc.Pickles.Test.dll" adapterTypeName="executor://nunit3testexecutor/" className="PicklesDoc.Pickles.Test.WhenResolvingADocumentationBuilder" name="ThenCanResolveTheSelectedIDocumentationBuilderAsSingleton(Excel,PicklesDoc.Pickles.DocumentationBuilders.Excel.ExcelDocumentationBuilder)" />
    </UnitTest>
    <UnitTest name="ToUriDirectoryInfo_WithoutTrailingSlash_ProducesUriWithTrailingSlash" storage="/users/ericcarlson/repos/pickles/src/pickles/pickles.test/bin/debug/netcoreapp3.1/picklesdoc.pickles.test.dll" id="edbaf06d-2784-fb0b-6a51-d7a7b978a687">
      <Execution id="53399478-031c-4aaf-afa8-b18f32efff54" />
      <TestMethod codeBase="/Users/ericcarlson/repos/pickles/src/Pickles/Pickles.Test/bin/Debug/netcoreapp3.1/PicklesDoc.Pickles.Test.dll" adapterTypeName="executor://nunit3testexecutor/" className="PicklesDoc.Pickles.Test.Extensions.UriExtensionsTests" name="ToUriDirectoryInfo_WithoutTrailingSlash_ProducesUriWithTrailingSlash" />
    </UnitTest>
    <UnitTest name="MapToKeyWord_StringThen_ReturnsThen" storage="/users/ericcarlson/repos/pickles/src/pickles/pickles.test/bin/debug/netcoreapp3.1/picklesdoc.pickles.test.dll" id="23955a31-cf35-8855-1092-98631cf687d8">
      <Execution id="da15d279-c2c2-405d-9b7d-9750339d918c" />
      <TestMethod codeBase="/Users/ericcarlson/repos/pickles/src/Pickles/Pickles.Test/bin/Debug/netcoreapp3.1/PicklesDoc.Pickles.Test.dll" adapterTypeName="executor://nunit3testexecutor/" className="PicklesDoc.Pickles.Test.ObjectModel.MapperTestsForStep" name="MapToKeyWord_StringThen_ReturnsThen" />
    </UnitTest>
    <UnitTest name="MapToTableRow_NullTableRow_ReturnsNull" storage="/users/ericcarlson/repos/pickles/src/pickles/pickles.test/bin/debug/netcoreapp3.1/picklesdoc.pickles.test.dll" id="efd251ba-1cdd-95f2-3fe2-824f7ed5e249">
      <Execution id="be1722c5-6a43-44ac-8081-aa090e01c30d" />
      <TestMethod codeBase="/Users/ericcarlson/repos/pickles/src/Pickles/Pickles.Test/bin/Debug/netcoreapp3.1/PicklesDoc.Pickles.Test.dll" adapterTypeName="executor://nunit3testexecutor/" className="PicklesDoc.Pickles.Test.ObjectModel.MapperTestsForDataTable" name="MapToTableRow_NullTableRow_ReturnsNull" />
    </UnitTest>
    <UnitTest name="Map_Inconclusive_ReturnsExecutedFalseSuccessfulFalse" storage="/users/ericcarlson/repos/pickles/src/pickles/pickles.test/bin/debug/netcoreapp3.1/picklesdoc.pickles.test.dll" id="68f64e68-24e0-ca45-5d01-93a0ed765eae">
      <Execution id="1a1807c6-ea26-49d0-8e3f-b70d7effa077" />
      <TestMethod codeBase="/Users/ericcarlson/repos/pickles/src/Pickles/Pickles.Test/bin/Debug/netcoreapp3.1/PicklesDoc.Pickles.Test.dll" adapterTypeName="executor://nunit3testexecutor/" className="PicklesDoc.Pickles.Test.ObjectModel.Json.TestResultToJsonTestResultMapperTests" name="Map_Inconclusive_ReturnsExecutedFalseSuccessfulFalse" />
    </UnitTest>
    <UnitTest name="Can_crawl_directory_tree_for_features_successfully" storage="/users/ericcarlson/repos/pickles/src/pickles/pickles.test/bin/debug/netcoreapp3.1/picklesdoc.pickles.test.dll" id="6dac4c1c-db66-2a51-4336-9a7010a21c77">
      <Execution id="f1bb7c6b-7577-4cb5-a937-9b746c5208ea" />
      <TestMethod codeBase="/Users/ericcarlson/repos/pickles/src/Pickles/Pickles.Test/bin/Debug/netcoreapp3.1/PicklesDoc.Pickles.Test.dll" adapterTypeName="executor://nunit3testexecutor/" className="PicklesDoc.Pickles.Test.Formatters.TableOfContentsShouldBeCreatedFromAFolderStructure" name="Can_crawl_directory_tree_for_features_successfully" />
    </UnitTest>
    <UnitTest name="Map_WithTags_ReturnsTags" storage="/users/ericcarlson/repos/pickles/src/pickles/pickles.test/bin/debug/netcoreapp3.1/picklesdoc.pickles.test.dll" id="842b0ea9-88ad-790a-c59e-e495e1c6e68b">
      <Execution id="9daff4d4-73f2-42b2-9672-3c35055442bd" />
      <TestMethod codeBase="/Users/ericcarlson/repos/pickles/src/Pickles/Pickles.Test/bin/Debug/netcoreapp3.1/PicklesDoc.Pickles.Test.dll" adapterTypeName="executor://nunit3testexecutor/" className="PicklesDoc.Pickles.Test.ObjectModel.Json.ScenarioToJsonScenarioMapperTests" name="Map_WithTags_ReturnsTags" />
    </UnitTest>
    <UnitTest name="TocShouldBeSetWithCorrectAttributes" storage="/users/ericcarlson/repos/pickles/src/pickles/pickles.test/bin/debug/netcoreapp3.1/picklesdoc.pickles.test.dll" id="6dda5574-3208-47af-bda7-987e6b113677">
      <Execution id="174ab26c-0116-4810-8af1-e653a2e6ac6d" />
      <TestMethod codeBase="/Users/ericcarlson/repos/pickles/src/Pickles/Pickles.Test/bin/Debug/netcoreapp3.1/PicklesDoc.Pickles.Test.dll" adapterTypeName="executor://nunit3testexecutor/" className="PicklesDoc.Pickles.Test.Formatters.TableOfContentsShouldBeCreatedFromAFolderStructure" name="TocShouldBeSetWithCorrectAttributes" />
    </UnitTest>
    <UnitTest name="ThenCanParseScenarioWithTableSuccessfully" storage="/users/ericcarlson/repos/pickles/src/pickles/pickles.test/bin/debug/netcoreapp3.1/picklesdoc.pickles.test.dll" id="fdc07046-cd97-c6a1-b694-bc2939683480">
      <Execution id="f6c2cb65-cefd-4593-94b4-590d81d51985" />
      <TestMethod codeBase="/Users/ericcarlson/repos/pickles/src/Pickles/Pickles.Test/bin/Debug/netcoreapp3.1/PicklesDoc.Pickles.Test.dll" adapterTypeName="executor://nunit3testexecutor/" className="PicklesDoc.Pickles.Test.WhenParsingFeatureFiles" name="ThenCanParseScenarioWithTableSuccessfully" />
    </UnitTest>
    <UnitTest name="Map_WithNullComments_ReturnsAfterLastStepCommentsList" storage="/users/ericcarlson/repos/pickles/src/pickles/pickles.test/bin/debug/netcoreapp3.1/picklesdoc.pickles.test.dll" id="7c126b7b-3ee7-2707-c0f6-a67c3217c339">
      <Execution id="5e2d03bb-2ae2-4b4a-a240-a98356365eb2" />
      <TestMethod codeBase="/Users/ericcarlson/repos/pickles/src/Pickles/Pickles.Test/bin/Debug/netcoreapp3.1/PicklesDoc.Pickles.Test.dll" adapterTypeName="executor://nunit3testexecutor/" className="PicklesDoc.Pickles.Test.ObjectModel.Json.StepToJsonStepMapperTests" name="Map_WithNullComments_ReturnsAfterLastStepCommentsList" />
    </UnitTest>
    <UnitTest name="MapToLocation_NullLocation_ReturnsNull" storage="/users/ericcarlson/repos/pickles/src/pickles/pickles.test/bin/debug/netcoreapp3.1/picklesdoc.pickles.test.dll" id="2d1e8734-39be-985c-1537-9f979ee40cdf">
      <Execution id="9d5b843e-beba-4cef-b315-9b78a2149d52" />
      <TestMethod codeBase="/Users/ericcarlson/repos/pickles/src/Pickles/Pickles.Test/bin/Debug/netcoreapp3.1/PicklesDoc.Pickles.Test.dll" adapterTypeName="executor://nunit3testexecutor/" className="PicklesDoc.Pickles.Test.ObjectModel.MapperTestsForLocation" name="MapToLocation_NullLocation_ReturnsNull" />
    </UnitTest>
    <UnitTest name="ItShouldContainResultKeysInTheJsonDocument" storage="/users/ericcarlson/repos/pickles/src/pickles/pickles.test/bin/debug/netcoreapp3.1/picklesdoc.pickles.test.dll" id="f2da032d-91aa-95b3-1f3a-869ade8a89d3">
      <Execution id="a973f737-e4c5-4e61-b0a0-aedf8a133474" />
      <TestMethod codeBase="/Users/ericcarlson/repos/pickles/src/Pickles/Pickles.Test/bin/Debug/netcoreapp3.1/PicklesDoc.Pickles.Test.dll" adapterTypeName="executor://nunit3testexecutor/" className="PicklesDoc.Pickles.Test.Formatters.JSON.WhenCreatingAFeatureWithMetaInfoAndTestResultInMstestFormat" name="ItShouldContainResultKeysInTheJsonDocument" />
    </UnitTest>
    <UnitTest name="Create_InvalidFeatureFile_AddsEntryToReport" storage="/users/ericcarlson/repos/pickles/src/pickles/pickles.test/bin/debug/netcoreapp3.1/picklesdoc.pickles.test.dll" id="75dd8bd3-eae9-4577-2955-8c8531bc3c5b">
      <Execution id="8e5b27d7-2c02-4475-ae84-5af35111146a" />
      <TestMethod codeBase="/Users/ericcarlson/repos/pickles/src/Pickles/Pickles.Test/bin/Debug/netcoreapp3.1/PicklesDoc.Pickles.Test.dll" adapterTypeName="executor://nunit3testexecutor/" className="PicklesDoc.Pickles.Test.FeatureNodeFactoryTests" name="Create_InvalidFeatureFile_AddsEntryToReport" />
    </UnitTest>
    <UnitTest name="IsRelevant_InvalidFile_ReturnsFalse" storage="/users/ericcarlson/repos/pickles/src/pickles/pickles.test/bin/debug/netcoreapp3.1/picklesdoc.pickles.test.dll" id="9ec673de-4ee7-1c04-ca06-f2ecdbfb66c9">
      <Execution id="9684a776-9355-4be3-b53b-e54e77ec56c2" />
      <TestMethod codeBase="/Users/ericcarlson/repos/pickles/src/Pickles/Pickles.Test/bin/Debug/netcoreapp3.1/PicklesDoc.Pickles.Test.dll" adapterTypeName="executor://nunit3testexecutor/" className="PicklesDoc.Pickles.Test.DirectoryCrawlers.ImageFileDetectorTests" name="IsRelevant_InvalidFile_ReturnsFalse" />
    </UnitTest>
    <UnitTest name="MapToScenarioBackground_NullBackground_ReturnsNullScenario" storage="/users/ericcarlson/repos/pickles/src/pickles/pickles.test/bin/debug/netcoreapp3.1/picklesdoc.pickles.test.dll" id="e8b0726c-36bd-6c85-dd69-b7de9bafab06">
      <Execution id="abfbd80d-38d7-457e-b071-c502e016b295" />
      <TestMethod codeBase="/Users/ericcarlson/repos/pickles/src/Pickles/Pickles.Test/bin/Debug/netcoreapp3.1/PicklesDoc.Pickles.Test.dll" adapterTypeName="executor://nunit3testexecutor/" className="PicklesDoc.Pickles.Test.ObjectModel.MapperTestsForBackground" name="MapToScenarioBackground_NullBackground_ReturnsNullScenario" />
    </UnitTest>
    <UnitTest name="GetRelativeUriTo_DirectoryToParentDirectory_ReturnsRelativePath" storage="/users/ericcarlson/repos/pickles/src/pickles/pickles.test/bin/debug/netcoreapp3.1/picklesdoc.pickles.test.dll" id="20a92ec6-b034-8a96-bf54-9fb94fce27f7">
      <Execution id="72a604ea-b703-4f5b-a494-bb4b5522d2c8" />
      <TestMethod codeBase="/Users/ericcarlson/repos/pickles/src/Pickles/Pickles.Test/bin/Debug/netcoreapp3.1/PicklesDoc.Pickles.Test.dll" adapterTypeName="executor://nunit3testexecutor/" className="PicklesDoc.Pickles.Test.DirectoryCrawlers.FolderDirectoryTreeNodeTests" name="GetRelativeUriTo_DirectoryToParentDirectory_ReturnsRelativePath" />
    </UnitTest>
    <UnitTest name="MapToStep_StepWithWhen_ReturnStep" storage="/users/ericcarlson/repos/pickles/src/pickles/pickles.test/bin/debug/netcoreapp3.1/picklesdoc.pickles.test.dll" id="ba0a5a7d-c5b5-7dd0-271b-846e5b517e29">
      <Execution id="f42f755b-ed35-43c1-994a-784b1a8e34d5" />
      <TestMethod codeBase="/Users/ericcarlson/repos/pickles/src/Pickles/Pickles.Test/bin/Debug/netcoreapp3.1/PicklesDoc.Pickles.Test.dll" adapterTypeName="executor://nunit3testexecutor/" className="PicklesDoc.Pickles.Test.ObjectModel.MapperTestsForStep" name="MapToStep_StepWithWhen_ReturnStep" />
    </UnitTest>
    <UnitTest name="Merge_SingleItem_ReturnsThatItem" storage="/users/ericcarlson/repos/pickles/src/pickles/pickles.test/bin/debug/netcoreapp3.1/picklesdoc.pickles.test.dll" id="a3410762-c366-47a2-74c7-2581a7f438bc">
      <Execution id="6bb65c0f-48bc-4180-8163-44ef06d96a72" />
      <TestMethod codeBase="/Users/ericcarlson/repos/pickles/src/Pickles/Pickles.Test/bin/Debug/netcoreapp3.1/PicklesDoc.Pickles.Test.dll" adapterTypeName="executor://nunit3testexecutor/" className="PicklesDoc.Pickles.Test.TestResultExtensionsTests" name="Merge_SingleItem_ReturnsThatItem" />
    </UnitTest>
    <UnitTest name="Merge_MultiplePassedOneInconclusiveResults_ShouldReturnInconclusive" storage="/users/ericcarlson/repos/pickles/src/pickles/pickles.test/bin/debug/netcoreapp3.1/picklesdoc.pickles.test.dll" id="d90c12dd-95d4-2680-665c-a9724bf3407c">
      <Execution id="bf32b8bd-1cb1-44f7-8cf2-4da558e3fe12" />
      <TestMethod codeBase="/Users/ericcarlson/repos/pickles/src/Pickles/Pickles.Test/bin/Debug/netcoreapp3.1/PicklesDoc.Pickles.Test.dll" adapterTypeName="executor://nunit3testexecutor/" className="PicklesDoc.Pickles.Test.TestResultExtensionsTests" name="Merge_MultiplePassedOneInconclusiveResults_ShouldReturnInconclusive" />
    </UnitTest>
    <UnitTest name="LineThatStartsWithEscapedHash_Header3_ShouldRemoveEscapeSign" storage="/users/ericcarlson/repos/pickles/src/pickles/pickles.test/bin/debug/netcoreapp3.1/picklesdoc.pickles.test.dll" id="c9d41f4b-061e-ad0e-ab6b-66d3fd7a5896">
      <Execution id="354ca9c1-b1fe-464b-bb9c-ff2c41bd4a3b" />
      <TestMethod codeBase="/Users/ericcarlson/repos/pickles/src/Pickles/Pickles.Test/bin/Debug/netcoreapp3.1/PicklesDoc.Pickles.Test.dll" adapterTypeName="executor://nunit3testexecutor/" className="PicklesDoc.Pickles.Test.DescriptionProcessorTests" name="LineThatStartsWithEscapedHash_Header3_ShouldRemoveEscapeSign" />
    </UnitTest>
    <UnitTest name="Then_can_parse_and_remove_technical_tag_in_configuration_remove_technical_tag" storage="/users/ericcarlson/repos/pickles/src/pickles/pickles.test/bin/debug/netcoreapp3.1/picklesdoc.pickles.test.dll" id="99a25f48-0d46-1e4c-d856-1a93a4215220">
      <Execution id="9aa0b118-ee4c-4584-a6b6-d378c196ee86" />
      <TestMethod codeBase="/Users/ericcarlson/repos/pickles/src/Pickles/Pickles.Test/bin/Debug/netcoreapp3.1/PicklesDoc.Pickles.Test.dll" adapterTypeName="executor://nunit3testexecutor/" className="PicklesDoc.Pickles.Test.WhenParsingFeatureFiles" name="Then_can_parse_and_remove_technical_tag_in_configuration_remove_technical_tag" />
    </UnitTest>
    <UnitTest name="MapToFeature_FeatureWithComments_ReturnsFeatureWithComments" storage="/users/ericcarlson/repos/pickles/src/pickles/pickles.test/bin/debug/netcoreapp3.1/picklesdoc.pickles.test.dll" id="43552591-3b54-90fc-42f1-6f682043a4e0">
      <Execution id="f7c1438f-477d-404d-9275-c74b90d38398" />
      <TestMethod codeBase="/Users/ericcarlson/repos/pickles/src/Pickles/Pickles.Test/bin/Debug/netcoreapp3.1/PicklesDoc.Pickles.Test.dll" adapterTypeName="executor://nunit3testexecutor/" className="PicklesDoc.Pickles.Test.ObjectModel.MapperTestsForFeature" name="MapToFeature_FeatureWithComments_ReturnsFeatureWithComments" />
    </UnitTest>
    <UnitTest name="TableOfContent_Must_Contain_Link_To_Home" storage="/users/ericcarlson/repos/pickles/src/pickles/pickles.test/bin/debug/netcoreapp3.1/picklesdoc.pickles.test.dll" id="7355de11-ecb9-78c1-e9a7-a6ad6863c717">
      <Execution id="153a3300-1844-4a4c-963f-5ffe48ac36a9" />
      <TestMethod codeBase="/Users/ericcarlson/repos/pickles/src/Pickles/Pickles.Test/bin/Debug/netcoreapp3.1/PicklesDoc.Pickles.Test.dll" adapterTypeName="executor://nunit3testexecutor/" className="PicklesDoc.Pickles.Test.Formatters.TableOfContentsShouldBeCreatedFromAFolderStructure" name="TableOfContent_Must_Contain_Link_To_Home" />
    </UnitTest>
    <UnitTest name="Then_can_parse_and_ignore_scenario_with_tag_in_configuration_ignore_tag_and_do_not_keep_feature" storage="/users/ericcarlson/repos/pickles/src/pickles/pickles.test/bin/debug/netcoreapp3.1/picklesdoc.pickles.test.dll" id="5e5b21c4-f8f1-3d2f-7050-4379c0fa7d2f">
      <Execution id="e45744d8-9a2e-4ac4-8eba-df948265f5aa" />
      <TestMethod codeBase="/Users/ericcarlson/repos/pickles/src/Pickles/Pickles.Test/bin/Debug/netcoreapp3.1/PicklesDoc.Pickles.Test.dll" adapterTypeName="executor://nunit3testexecutor/" className="PicklesDoc.Pickles.Test.WhenParsingFeatureFiles" name="Then_can_parse_and_ignore_scenario_with_tag_in_configuration_ignore_tag_and_do_not_keep_feature" />
    </UnitTest>
    <UnitTest name="Merge_NullReference_ThrowsArgumentNullException" storage="/users/ericcarlson/repos/pickles/src/pickles/pickles.test/bin/debug/netcoreapp3.1/picklesdoc.pickles.test.dll" id="c64ab3fd-a5a1-5878-7c1a-1e8a8afbf3b9">
      <Execution id="6435f0d6-e960-4607-b0fd-f698e177c382" />
      <TestMethod codeBase="/Users/ericcarlson/repos/pickles/src/Pickles/Pickles.Test/bin/Debug/netcoreapp3.1/PicklesDoc.Pickles.Test.dll" adapterTypeName="executor://nunit3testexecutor/" className="PicklesDoc.Pickles.Test.TestResultExtensionsTests" name="Merge_NullReference_ThrowsArgumentNullException" />
    </UnitTest>
    <UnitTest name="GetEncoding_Default_ReturnsUTF8" storage="/users/ericcarlson/repos/pickles/src/pickles/pickles.test/bin/debug/netcoreapp3.1/picklesdoc.pickles.test.dll" id="42ebbc3e-9cb4-7b29-f224-f1d9cba21bf9">
      <Execution id="c52e80fc-efd2-48cb-a793-7232c6ee3491" />
      <TestMethod codeBase="/Users/ericcarlson/repos/pickles/src/Pickles/Pickles.Test/bin/Debug/netcoreapp3.1/PicklesDoc.Pickles.Test.dll" adapterTypeName="executor://nunit3testexecutor/" className="PicklesDoc.Pickles.Test.EncodingDetectorTests" name="GetEncoding_Default_ReturnsUTF8" />
    </UnitTest>
    <UnitTest name="GetEncoding_UTF16BEBOM_ReturnsUnicode" storage="/users/ericcarlson/repos/pickles/src/pickles/pickles.test/bin/debug/netcoreapp3.1/picklesdoc.pickles.test.dll" id="d18e2342-ed93-20fc-1486-ab5d0965097b">
      <Execution id="1040a58d-5190-4157-92da-0ae6c0ef4fd6" />
      <TestMethod codeBase="/Users/ericcarlson/repos/pickles/src/Pickles/Pickles.Test/bin/Debug/netcoreapp3.1/PicklesDoc.Pickles.Test.dll" adapterTypeName="executor://nunit3testexecutor/" className="PicklesDoc.Pickles.Test.EncodingDetectorTests" name="GetEncoding_UTF16BEBOM_ReturnsUnicode" />
    </UnitTest>
    <UnitTest name="GetDialect_WithSimpleLanguage_ReturnsThatLanguage" storage="/users/ericcarlson/repos/pickles/src/pickles/pickles.test/bin/debug/netcoreapp3.1/picklesdoc.pickles.test.dll" id="a97fbf30-a467-d383-085d-3cbf7f26c69d">
      <Execution id="a3b99cb2-7efa-440f-8876-210d0e4c4f3a" />
      <TestMethod codeBase="/Users/ericcarlson/repos/pickles/src/Pickles/Pickles.Test/bin/Debug/netcoreapp3.1/PicklesDoc.Pickles.Test.dll" adapterTypeName="executor://nunit3testexecutor/" className="PicklesDoc.Pickles.Test.CultureAwareDialectProviderTests" name="GetDialect_WithSimpleLanguage_ReturnsThatLanguage" />
    </UnitTest>
    <UnitTest name="MapToScenarioOutline_ScenarioOutlineWithNullDescription_ReturnsScenarioOutlineWithEmptyDescription" storage="/users/ericcarlson/repos/pickles/src/pickles/pickles.test/bin/debug/netcoreapp3.1/picklesdoc.pickles.test.dll" id="4ff43338-8721-dbba-445e-878079003ddc">
      <Execution id="f95cd61f-de7e-469e-b450-b0b8d271cff0" />
      <TestMethod codeBase="/Users/ericcarlson/repos/pickles/src/Pickles/Pickles.Test/bin/Debug/netcoreapp3.1/PicklesDoc.Pickles.Test.dll" adapterTypeName="executor://nunit3testexecutor/" className="PicklesDoc.Pickles.Test.ObjectModel.MapperTestsForScenarioOutline" name="MapToScenarioOutline_ScenarioOutlineWithNullDescription_ReturnsScenarioOutlineWithEmptyDescription" />
    </UnitTest>
    <UnitTest name="Map_TableRowWithTestResultsWithRows_ReturnsObjectWithStrings" storage="/users/ericcarlson/repos/pickles/src/pickles/pickles.test/bin/debug/netcoreapp3.1/picklesdoc.pickles.test.dll" id="cea95d72-0e0c-6c38-dd31-2635e4fc12d8">
      <Execution id="6e58285b-841f-4f64-8584-44ed13f34374" />
      <TestMethod codeBase="/Users/ericcarlson/repos/pickles/src/Pickles/Pickles.Test/bin/Debug/netcoreapp3.1/PicklesDoc.Pickles.Test.dll" adapterTypeName="executor://nunit3testexecutor/" className="PicklesDoc.Pickles.Test.ObjectModel.Json.TableRowToJsonTableRowMapperTests" name="Map_TableRowWithTestResultsWithRows_ReturnsObjectWithStrings" />
    </UnitTest>
    <UnitTest name="MapToStringTableCell_NullTableCell_ReturnsNull" storage="/users/ericcarlson/repos/pickles/src/pickles/pickles.test/bin/debug/netcoreapp3.1/picklesdoc.pickles.test.dll" id="d8574c62-7f64-edaf-9bb3-a57031c9c43d">
      <Execution id="4a1f5ae1-6b34-4a3e-936a-70a127edc763" />
      <TestMethod codeBase="/Users/ericcarlson/repos/pickles/src/Pickles/Pickles.Test/bin/Debug/netcoreapp3.1/PicklesDoc.Pickles.Test.dll" adapterTypeName="executor://nunit3testexecutor/" className="PicklesDoc.Pickles.Test.ObjectModel.MapperTestsForDataTable" name="MapToStringTableCell_NullTableCell_ReturnsNull" />
    </UnitTest>
    <UnitTest name="ThenCanResolveTheSelectedIDocumentationBuilder(DHtml,PicklesDoc.Pickles.DocumentationBuilders.Dhtml.DhtmlDocumentationBuilder)" storage="/users/ericcarlson/repos/pickles/src/pickles/pickles.test/bin/debug/netcoreapp3.1/picklesdoc.pickles.test.dll" id="91378188-0153-6848-6e24-0c45539dcf6d">
      <Execution id="7061da65-5e6a-4b14-980e-2bb13b7dc25a" />
      <TestMethod codeBase="/Users/ericcarlson/repos/pickles/src/Pickles/Pickles.Test/bin/Debug/netcoreapp3.1/PicklesDoc.Pickles.Test.dll" adapterTypeName="executor://nunit3testexecutor/" className="PicklesDoc.Pickles.Test.WhenResolvingADocumentationBuilder" name="ThenCanResolveTheSelectedIDocumentationBuilder(DHtml,PicklesDoc.Pickles.DocumentationBuilders.Dhtml.DhtmlDocumentationBuilder)" />
    </UnitTest>
    <UnitTest name="ThenCanFormatTextAsWikiWordSuccessfully" storage="/users/ericcarlson/repos/pickles/src/pickles/pickles.test/bin/debug/netcoreapp3.1/picklesdoc.pickles.test.dll" id="c2fae702-1219-a5ae-f1ea-5e55a1f23bf4">
      <Execution id="fa4a47d1-9d0e-4aee-83e4-9f035bb72dad" />
      <TestMethod codeBase="/Users/ericcarlson/repos/pickles/src/Pickles/Pickles.Test/bin/Debug/netcoreapp3.1/PicklesDoc.Pickles.Test.dll" adapterTypeName="executor://nunit3testexecutor/" className="PicklesDoc.Pickles.Test.Extensions.StringExtensionsTests" name="ThenCanFormatTextAsWikiWordSuccessfully" />
    </UnitTest>
    <UnitTest name="Constructor_WithLanguageServicesRegistryThatDefaultsToDutch_SetsLangugageToDutch" storage="/users/ericcarlson/repos/pickles/src/pickles/pickles.test/bin/debug/netcoreapp3.1/picklesdoc.pickles.test.dll" id="cfc02a44-6328-e237-93b8-8ccd4232e507">
      <Execution id="e3f204db-0330-4eb6-b45e-f1315621073e" />
      <TestMethod codeBase="/Users/ericcarlson/repos/pickles/src/Pickles/Pickles.Test/bin/Debug/netcoreapp3.1/PicklesDoc.Pickles.Test.dll" adapterTypeName="executor://nunit3testexecutor/" className="PicklesDoc.Pickles.Test.ConfigurationTests" name="Constructor_WithLanguageServicesRegistryThatDefaultsToDutch_SetsLangugageToDutch" />
    </UnitTest>
    <UnitTest name="MapToScenario_Always_MapsFeatureProperty" storage="/users/ericcarlson/repos/pickles/src/pickles/pickles.test/bin/debug/netcoreapp3.1/picklesdoc.pickles.test.dll" id="c39cdb82-dd1e-353a-b6fd-bd61b49d028c">
      <Execution id="fd9a9ba1-eadb-4c01-b5b4-061064509913" />
      <TestMethod codeBase="/Users/ericcarlson/repos/pickles/src/Pickles/Pickles.Test/bin/Debug/netcoreapp3.1/PicklesDoc.Pickles.Test.dll" adapterTypeName="executor://nunit3testexecutor/" className="PicklesDoc.Pickles.Test.ObjectModel.Json.JsonScenarioTests" name="MapToScenario_Always_MapsFeatureProperty" />
    </UnitTest>
    <UnitTest name="Map_When_ReturnsWhen" storage="/users/ericcarlson/repos/pickles/src/pickles/pickles.test/bin/debug/netcoreapp3.1/picklesdoc.pickles.test.dll" id="f1eb8b6a-9375-3801-5631-df4597432bd1">
      <Execution id="b6170b1e-c111-41ca-9654-6b47e1eedca8" />
      <TestMethod codeBase="/Users/ericcarlson/repos/pickles/src/Pickles/Pickles.Test/bin/Debug/netcoreapp3.1/PicklesDoc.Pickles.Test.dll" adapterTypeName="executor://nunit3testexecutor/" className="PicklesDoc.Pickles.Test.ObjectModel.Json.KeywordToJsonKeywordMapperTests" name="Map_When_ReturnsWhen" />
    </UnitTest>
    <UnitTest name="MapToStep_StepWithTableArgument_ReturnStepWithTable" storage="/users/ericcarlson/repos/pickles/src/pickles/pickles.test/bin/debug/netcoreapp3.1/picklesdoc.pickles.test.dll" id="77906bed-4a7d-5521-51c2-4f3d836434ba">
      <Execution id="2b74537b-23fd-4e42-bd16-81d070ddd961" />
      <TestMethod codeBase="/Users/ericcarlson/repos/pickles/src/Pickles/Pickles.Test/bin/Debug/netcoreapp3.1/PicklesDoc.Pickles.Test.dll" adapterTypeName="executor://nunit3testexecutor/" className="PicklesDoc.Pickles.Test.ObjectModel.MapperTestsForStep" name="MapToStep_StepWithTableArgument_ReturnStepWithTable" />
    </UnitTest>
    <UnitTest name="ThenCanParseScenarioWithBackgroundSuccessfully" storage="/users/ericcarlson/repos/pickles/src/pickles/pickles.test/bin/debug/netcoreapp3.1/picklesdoc.pickles.test.dll" id="10fcbc64-84e0-4168-f0c5-d1d525e9969f">
      <Execution id="1f17c96d-d2be-42c5-9d82-3c5dda155c56" />
      <TestMethod codeBase="/Users/ericcarlson/repos/pickles/src/Pickles/Pickles.Test/bin/Debug/netcoreapp3.1/PicklesDoc.Pickles.Test.dll" adapterTypeName="executor://nunit3testexecutor/" className="PicklesDoc.Pickles.Test.WhenParsingFeatureFiles" name="ThenCanParseScenarioWithBackgroundSuccessfully" />
    </UnitTest>
    <UnitTest name="LineThatStartsWithEscapedHash_Header4_ShouldRemoveEscapeSign" storage="/users/ericcarlson/repos/pickles/src/pickles/pickles.test/bin/debug/netcoreapp3.1/picklesdoc.pickles.test.dll" id="fef5814c-e293-359f-3b1e-c7507dc38524">
      <Execution id="f4a3319e-3a48-413a-8917-0eef0ba70aad" />
      <TestMethod codeBase="/Users/ericcarlson/repos/pickles/src/Pickles/Pickles.Test/bin/Debug/netcoreapp3.1/PicklesDoc.Pickles.Test.dll" adapterTypeName="executor://nunit3testexecutor/" className="PicklesDoc.Pickles.Test.DescriptionProcessorTests" name="LineThatStartsWithEscapedHash_Header4_ShouldRemoveEscapeSign" />
    </UnitTest>
    <UnitTest name="Constructor_ValidFileSystemInfo_SetsOriginalLocation" storage="/users/ericcarlson/repos/pickles/src/pickles/pickles.test/bin/debug/netcoreapp3.1/picklesdoc.pickles.test.dll" id="54bb1776-45b9-440f-39dc-4b42c206b81f">
      <Execution id="2e387a03-eafc-4a09-b99a-920e9b9f123b" />
      <TestMethod codeBase="/Users/ericcarlson/repos/pickles/src/Pickles/Pickles.Test/bin/Debug/netcoreapp3.1/PicklesDoc.Pickles.Test.dll" adapterTypeName="executor://nunit3testexecutor/" className="PicklesDoc.Pickles.Test.DirectoryCrawlers.FolderDirectoryTreeNodeTests" name="Constructor_ValidFileSystemInfo_SetsOriginalLocation" />
    </UnitTest>
    <UnitTest name="ThenCanDetectAllResourcesSuccessfully" storage="/users/ericcarlson/repos/pickles/src/pickles/pickles.test/bin/debug/netcoreapp3.1/picklesdoc.pickles.test.dll" id="6d702234-c5da-512c-d19b-11f0b003c6d1">
      <Execution id="d781376e-27ad-4bc6-aa2a-f2f17182c436" />
      <TestMethod codeBase="/Users/ericcarlson/repos/pickles/src/Pickles/Pickles.Test/bin/Debug/netcoreapp3.1/PicklesDoc.Pickles.Test.dll" adapterTypeName="executor://nunit3testexecutor/" className="PicklesDoc.Pickles.Test.WhenWorkingWithHtmlResources" name="ThenCanDetectAllResourcesSuccessfully" />
    </UnitTest>
    <UnitTest name="MapToScenarioOutline_Always_MapsFeatureProperty" storage="/users/ericcarlson/repos/pickles/src/pickles/pickles.test/bin/debug/netcoreapp3.1/picklesdoc.pickles.test.dll" id="45142e11-464c-9d21-08ec-b2dc0e449acc">
      <Execution id="f90f783e-06ca-48ee-8046-55648ee0f463" />
      <TestMethod codeBase="/Users/ericcarlson/repos/pickles/src/Pickles/Pickles.Test/bin/Debug/netcoreapp3.1/PicklesDoc.Pickles.Test.dll" adapterTypeName="executor://nunit3testexecutor/" className="PicklesDoc.Pickles.Test.ObjectModel.MapperTestsForScenarioOutline" name="MapToScenarioOutline_Always_MapsFeatureProperty" />
    </UnitTest>
    <UnitTest name="Process_OnlyLinesWithEmptySpaces_ReturnsAsManyEmptyLines" storage="/users/ericcarlson/repos/pickles/src/pickles/pickles.test/bin/debug/netcoreapp3.1/picklesdoc.pickles.test.dll" id="475019ae-3d7f-95bf-6137-a7ac269ca177">
      <Execution id="1c232264-ceb4-4ffa-92ce-d675a219ad5a" />
      <TestMethod codeBase="/Users/ericcarlson/repos/pickles/src/Pickles/Pickles.Test/bin/Debug/netcoreapp3.1/PicklesDoc.Pickles.Test.dll" adapterTypeName="executor://nunit3testexecutor/" className="PicklesDoc.Pickles.Test.DescriptionProcessorTests" name="Process_OnlyLinesWithEmptySpaces_ReturnsAsManyEmptyLines" />
    </UnitTest>
    <UnitTest name="ItShouldContainTheSutInfoInTheJsonDocument" storage="/users/ericcarlson/repos/pickles/src/pickles/pickles.test/bin/debug/netcoreapp3.1/picklesdoc.pickles.test.dll" id="2ecfc0bc-21d0-9225-7733-601491925d83">
      <Execution id="c5fb39ca-32dc-4d8a-8f5c-cbac6ae0b692" />
      <TestMethod codeBase="/Users/ericcarlson/repos/pickles/src/Pickles/Pickles.Test/bin/Debug/netcoreapp3.1/PicklesDoc.Pickles.Test.dll" adapterTypeName="executor://nunit3testexecutor/" className="PicklesDoc.Pickles.Test.Formatters.JSON.WhenCreatingAFeatureWithMetaInfoAndTestResultInMstestFormat" name="ItShouldContainTheSutInfoInTheJsonDocument" />
    </UnitTest>
    <UnitTest name="ThenCanParseScenariosSuccessfully" storage="/users/ericcarlson/repos/pickles/src/pickles/pickles.test/bin/debug/netcoreapp3.1/picklesdoc.pickles.test.dll" id="7d4b2fb4-4f47-e69c-8783-b5d5edc4e395">
      <Execution id="c158ee47-9438-40a8-a3e2-f1ddffd6918e" />
      <TestMethod codeBase="/Users/ericcarlson/repos/pickles/src/Pickles/Pickles.Test/bin/Debug/netcoreapp3.1/PicklesDoc.Pickles.Test.dll" adapterTypeName="executor://nunit3testexecutor/" className="PicklesDoc.Pickles.Test.WhenParsingFeatureFiles" name="ThenCanParseScenariosSuccessfully" />
    </UnitTest>
    <UnitTest name="Map_DutchFeature_SetsNativeKeywordToExamples" storage="/users/ericcarlson/repos/pickles/src/pickles/pickles.test/bin/debug/netcoreapp3.1/picklesdoc.pickles.test.dll" id="01cf9393-974a-501b-772e-4a5b61f1c33b">
      <Execution id="dde93a7c-8ce8-490e-bef1-93adf3e7fe22" />
      <TestMethod codeBase="/Users/ericcarlson/repos/pickles/src/Pickles/Pickles.Test/bin/Debug/netcoreapp3.1/PicklesDoc.Pickles.Test.dll" adapterTypeName="executor://nunit3testexecutor/" className="PicklesDoc.Pickles.Test.ObjectModel.Json.ExampleToJsonExampleMapperTests" name="Map_DutchFeature_SetsNativeKeywordToExamples" />
    </UnitTest>
    <UnitTest name="Merge_MultiplePassedResults_ShouldReturnPassed" storage="/users/ericcarlson/repos/pickles/src/pickles/pickles.test/bin/debug/netcoreapp3.1/picklesdoc.pickles.test.dll" id="fc601999-9e44-2983-a7fb-26c9b68b5726">
      <Execution id="87d61042-1c58-4acd-bd78-8c5fc977bf08" />
      <TestMethod codeBase="/Users/ericcarlson/repos/pickles/src/Pickles/Pickles.Test/bin/Debug/netcoreapp3.1/PicklesDoc.Pickles.Test.dll" adapterTypeName="executor://nunit3testexecutor/" className="PicklesDoc.Pickles.Test.TestResultExtensionsTests" name="Merge_MultiplePassedResults_ShouldReturnPassed" />
    </UnitTest>
    <UnitTest name="GetEncoding_NullArgument_ThrowsArgumentNullException" storage="/users/ericcarlson/repos/pickles/src/pickles/pickles.test/bin/debug/netcoreapp3.1/picklesdoc.pickles.test.dll" id="69d56e98-4eff-4355-eeb5-6709592411a0">
      <Execution id="79a07a3b-decf-4213-8cbb-8400994e196d" />
      <TestMethod codeBase="/Users/ericcarlson/repos/pickles/src/Pickles/Pickles.Test/bin/Debug/netcoreapp3.1/PicklesDoc.Pickles.Test.dll" adapterTypeName="executor://nunit3testexecutor/" className="PicklesDoc.Pickles.Test.EncodingDetectorTests" name="GetEncoding_NullArgument_ThrowsArgumentNullException" />
    </UnitTest>
    <UnitTest name="ShouldIterateInRightOrder" storage="/users/ericcarlson/repos/pickles/src/pickles/pickles.test/bin/debug/netcoreapp3.1/picklesdoc.pickles.test.dll" id="0537d0ef-2381-cd61-1563-2c44728b16d8">
      <Execution id="f6e9e411-37dd-4cbe-bbc1-50737a7ea3f4" />
      <TestMethod codeBase="/Users/ericcarlson/repos/pickles/src/Pickles/Pickles.Test/bin/Debug/netcoreapp3.1/PicklesDoc.Pickles.Test.dll" adapterTypeName="executor://nunit3testexecutor/" className="PicklesDoc.Pickles.Test.DataStructures.TreeTests" name="ShouldIterateInRightOrder" />
    </UnitTest>
    <UnitTest name="ThenCanResolveTheSelectedIDocumentationBuilder(Markdown,PicklesDoc.Pickles.DocumentationBuilders.Markdown.MarkdownDocumentationBuilder)" storage="/users/ericcarlson/repos/pickles/src/pickles/pickles.test/bin/debug/netcoreapp3.1/picklesdoc.pickles.test.dll" id="9a538a18-6713-44c0-7f91-be4011a7b21a">
      <Execution id="d9c99e74-28f4-4ef2-8c73-6b6609c96824" />
      <TestMethod codeBase="/Users/ericcarlson/repos/pickles/src/Pickles/Pickles.Test/bin/Debug/netcoreapp3.1/PicklesDoc.Pickles.Test.dll" adapterTypeName="executor://nunit3testexecutor/" className="PicklesDoc.Pickles.Test.WhenResolvingADocumentationBuilder" name="ThenCanResolveTheSelectedIDocumentationBuilder(Markdown,PicklesDoc.Pickles.DocumentationBuilders.Markdown.MarkdownDocumentationBuilder)" />
    </UnitTest>
    <UnitTest name="Map_WithAfterLastStepComments_ReturnsThoseComments" storage="/users/ericcarlson/repos/pickles/src/pickles/pickles.test/bin/debug/netcoreapp3.1/picklesdoc.pickles.test.dll" id="b85c644b-8489-cbb9-6e06-ef4de46141c2">
      <Execution id="5f131696-46b3-4889-ae18-6a2c22cea18a" />
      <TestMethod codeBase="/Users/ericcarlson/repos/pickles/src/Pickles/Pickles.Test/bin/Debug/netcoreapp3.1/PicklesDoc.Pickles.Test.dll" adapterTypeName="executor://nunit3testexecutor/" className="PicklesDoc.Pickles.Test.ObjectModel.Json.StepToJsonStepMapperTests" name="Map_WithAfterLastStepComments_ReturnsThoseComments" />
    </UnitTest>
    <UnitTest name="Map_Failed_ReturnsExecutedTrueSuccessfulFalse" storage="/users/ericcarlson/repos/pickles/src/pickles/pickles.test/bin/debug/netcoreapp3.1/picklesdoc.pickles.test.dll" id="3ca12e18-ed2b-68bd-ab21-229d493594e6">
      <Execution id="feed5859-2d87-4b1b-8d6b-195db3f54861" />
      <TestMethod codeBase="/Users/ericcarlson/repos/pickles/src/Pickles/Pickles.Test/bin/Debug/netcoreapp3.1/PicklesDoc.Pickles.Test.dll" adapterTypeName="executor://nunit3testexecutor/" className="PicklesDoc.Pickles.Test.ObjectModel.Json.TestResultToJsonTestResultMapperTests" name="Map_Failed_ReturnsExecutedTrueSuccessfulFalse" />
    </UnitTest>
    <UnitTest name="IsRelevant_ValidFile_ReturnsTrue(&quot;image.jpg&quot;)" storage="/users/ericcarlson/repos/pickles/src/pickles/pickles.test/bin/debug/netcoreapp3.1/picklesdoc.pickles.test.dll" id="919a0def-61d6-a630-f655-9a4c320ae4c8">
      <Execution id="2fc44f22-e6e1-4195-a705-21bd5fa1620f" />
      <TestMethod codeBase="/Users/ericcarlson/repos/pickles/src/Pickles/Pickles.Test/bin/Debug/netcoreapp3.1/PicklesDoc.Pickles.Test.dll" adapterTypeName="executor://nunit3testexecutor/" className="PicklesDoc.Pickles.Test.DirectoryCrawlers.ImageFileDetectorTests" name="IsRelevant_ValidFile_ReturnsTrue(&quot;image.jpg&quot;)" />
    </UnitTest>
    <UnitTest name="Map_TableRowWithRows_ReturnsObjectWithStrings" storage="/users/ericcarlson/repos/pickles/src/pickles/pickles.test/bin/debug/netcoreapp3.1/picklesdoc.pickles.test.dll" id="58fdf393-4dc1-4654-9f01-3990fd5b5cd7">
      <Execution id="d51a16a4-9c93-4fb7-8604-0ce038461783" />
      <TestMethod codeBase="/Users/ericcarlson/repos/pickles/src/Pickles/Pickles.Test/bin/Debug/netcoreapp3.1/PicklesDoc.Pickles.Test.dll" adapterTypeName="executor://nunit3testexecutor/" className="PicklesDoc.Pickles.Test.ObjectModel.Json.TableRowToJsonTableRowMapperTests" name="Map_TableRowWithRows_ReturnsObjectWithStrings" />
    </UnitTest>
    <UnitTest name="Then_can_parse_and_ignore_with_with_tag_without_sensitivity" storage="/users/ericcarlson/repos/pickles/src/pickles/pickles.test/bin/debug/netcoreapp3.1/picklesdoc.pickles.test.dll" id="2ab3b04b-4f0b-0b76-e6e9-98c397a4b936">
      <Execution id="11c88fc0-0a33-4776-8728-a3e7ba3ae2ea" />
      <TestMethod codeBase="/Users/ericcarlson/repos/pickles/src/Pickles/Pickles.Test/bin/Debug/netcoreapp3.1/PicklesDoc.Pickles.Test.dll" adapterTypeName="executor://nunit3testexecutor/" className="PicklesDoc.Pickles.Test.WhenParsingFeatureFiles" name="Then_can_parse_and_ignore_with_with_tag_without_sensitivity" />
    </UnitTest>
    <UnitTest name="Map_TableRowWithResult_ReturnsObjectWithResult" storage="/users/ericcarlson/repos/pickles/src/pickles/pickles.test/bin/debug/netcoreapp3.1/picklesdoc.pickles.test.dll" id="1c868ec4-ae6a-9888-5fc7-0dc13520ac66">
      <Execution id="f19814a1-7c0f-4327-81c3-1d2f8ffb6b43" />
      <TestMethod codeBase="/Users/ericcarlson/repos/pickles/src/Pickles/Pickles.Test/bin/Debug/netcoreapp3.1/PicklesDoc.Pickles.Test.dll" adapterTypeName="executor://nunit3testexecutor/" className="PicklesDoc.Pickles.Test.ObjectModel.Json.TableRowToJsonTableRowMapperTests" name="Map_TableRowWithResult_ReturnsObjectWithResult" />
    </UnitTest>
    <UnitTest name="MapToTable_NullDataTable_ReturnsNullTable" storage="/users/ericcarlson/repos/pickles/src/pickles/pickles.test/bin/debug/netcoreapp3.1/picklesdoc.pickles.test.dll" id="ce6a2b6c-c75a-0ab1-82b9-24f5e794be59">
      <Execution id="98a9ef26-91b8-4702-870f-95cfb7e995ac" />
      <TestMethod codeBase="/Users/ericcarlson/repos/pickles/src/Pickles/Pickles.Test/bin/Debug/netcoreapp3.1/PicklesDoc.Pickles.Test.dll" adapterTypeName="executor://nunit3testexecutor/" className="PicklesDoc.Pickles.Test.ObjectModel.MapperTestsForDataTable" name="MapToTable_NullDataTable_ReturnsNullTable" />
    </UnitTest>
    <UnitTest name="Specification_Scenario3" storage="/users/ericcarlson/repos/pickles/src/pickles/pickles.test/bin/debug/netcoreapp3.1/picklesdoc.pickles.test.dll" id="07a9d1df-9555-65c3-26a0-2bcdd39868c6">
      <Execution id="4fc388eb-be40-4cc0-995b-37252f991057" />
      <TestMethod codeBase="/Users/ericcarlson/repos/pickles/src/Pickles/Pickles.Test/bin/Debug/netcoreapp3.1/PicklesDoc.Pickles.Test.dll" adapterTypeName="executor://nunit3testexecutor/" className="PicklesDoc.Pickles.Test.DescriptionProcessorTests" name="Specification_Scenario3" />
    </UnitTest>
    <UnitTest name="MapToFeature_NullFeature_ReturnsNull" storage="/users/ericcarlson/repos/pickles/src/pickles/pickles.test/bin/debug/netcoreapp3.1/picklesdoc.pickles.test.dll" id="4a3558be-633c-b5e1-e65c-31f677abdb6a">
      <Execution id="74249180-a4f2-4a46-b6b3-c5881debc379" />
      <TestMethod codeBase="/Users/ericcarlson/repos/pickles/src/Pickles/Pickles.Test/bin/Debug/netcoreapp3.1/PicklesDoc.Pickles.Test.dll" adapterTypeName="executor://nunit3testexecutor/" className="PicklesDoc.Pickles.Test.ObjectModel.MapperTestsForFeature" name="MapToFeature_NullFeature_ReturnsNull" />
    </UnitTest>
    <UnitTest name="Map_WithName_ReturnsName" storage="/users/ericcarlson/repos/pickles/src/pickles/pickles.test/bin/debug/netcoreapp3.1/picklesdoc.pickles.test.dll" id="ecfa8010-b0ed-0c28-6fc0-090d48a06e33">
      <Execution id="4b47be54-c4aa-4d0e-aabb-b222b89e62a2" />
      <TestMethod codeBase="/Users/ericcarlson/repos/pickles/src/Pickles/Pickles.Test/bin/Debug/netcoreapp3.1/PicklesDoc.Pickles.Test.dll" adapterTypeName="executor://nunit3testexecutor/" className="PicklesDoc.Pickles.Test.ObjectModel.Json.StepToJsonStepMapperTests" name="Map_WithName_ReturnsName" />
    </UnitTest>
    <UnitTest name="ItShouldIndicateWasSuccessfulIsTrueForTheOtherSuccessFeature" storage="/users/ericcarlson/repos/pickles/src/pickles/pickles.test/bin/debug/netcoreapp3.1/picklesdoc.pickles.test.dll" id="f8a55f69-4bb6-f4ce-d8cb-672a9c4c9f03">
      <Execution id="9abaa824-6b20-4724-a8b3-9eba9f6abc94" />
      <TestMethod codeBase="/Users/ericcarlson/repos/pickles/src/Pickles/Pickles.Test/bin/Debug/netcoreapp3.1/PicklesDoc.Pickles.Test.dll" adapterTypeName="executor://nunit3testexecutor/" className="PicklesDoc.Pickles.Test.Formatters.JSON.WhenCreatingAFeatureWithMetaInfoAndTestResultInMstestFormat" name="ItShouldIndicateWasSuccessfulIsTrueForTheOtherSuccessFeature" />
    </UnitTest>
    <UnitTest name="ThenCanParseFeatureWithMultipleScenariosSuccessfully" storage="/users/ericcarlson/repos/pickles/src/pickles/pickles.test/bin/debug/netcoreapp3.1/picklesdoc.pickles.test.dll" id="bc057af5-36ed-77fb-c2b2-4b62175a9d61">
      <Execution id="40665e54-0bb4-4a10-862f-e012a4187321" />
      <TestMethod codeBase="/Users/ericcarlson/repos/pickles/src/Pickles/Pickles.Test/bin/Debug/netcoreapp3.1/PicklesDoc.Pickles.Test.dll" adapterTypeName="executor://nunit3testexecutor/" className="PicklesDoc.Pickles.Test.WhenParsingFeatureFiles" name="ThenCanParseFeatureWithMultipleScenariosSuccessfully" />
    </UnitTest>
    <UnitTest name="Parse_InvalidFeatureContent_ThrowsFeatureParseException" storage="/users/ericcarlson/repos/pickles/src/pickles/pickles.test/bin/debug/netcoreapp3.1/picklesdoc.pickles.test.dll" id="a4fe69d7-576a-c1e6-1303-8a61499629eb">
      <Execution id="6037adfc-15d4-4630-93ed-08ab69732220" />
      <TestMethod codeBase="/Users/ericcarlson/repos/pickles/src/Pickles/Pickles.Test/bin/Debug/netcoreapp3.1/PicklesDoc.Pickles.Test.dll" adapterTypeName="executor://nunit3testexecutor/" className="PicklesDoc.Pickles.Test.FeatureParserTests" name="Parse_InvalidFeatureContent_ThrowsFeatureParseException" />
    </UnitTest>
    <UnitTest name="ToFileUriCombined_ValidIntput_ValidOutput" storage="/users/ericcarlson/repos/pickles/src/pickles/pickles.test/bin/debug/netcoreapp3.1/picklesdoc.pickles.test.dll" id="22e52513-2df6-8c27-3e3b-511650413f71">
      <Execution id="015a533c-8ad6-41a4-bf03-4e1ef7622aca" />
      <TestMethod codeBase="/Users/ericcarlson/repos/pickles/src/Pickles/Pickles.Test/bin/Debug/netcoreapp3.1/PicklesDoc.Pickles.Test.dll" adapterTypeName="executor://nunit3testexecutor/" className="PicklesDoc.Pickles.Test.Extensions.UriExtensionsTests" name="ToFileUriCombined_ValidIntput_ValidOutput" />
    </UnitTest>
    <UnitTest name="MapToStringDocString_NullArgument_ReturnsNull" storage="/users/ericcarlson/repos/pickles/src/pickles/pickles.test/bin/debug/netcoreapp3.1/picklesdoc.pickles.test.dll" id="bfdbb567-bae3-a47b-dea2-4065a10042f7">
      <Execution id="095c1438-3203-4487-8af1-416550f0cc2a" />
      <TestMethod codeBase="/Users/ericcarlson/repos/pickles/src/Pickles/Pickles.Test/bin/Debug/netcoreapp3.1/PicklesDoc.Pickles.Test.dll" adapterTypeName="executor://nunit3testexecutor/" className="PicklesDoc.Pickles.Test.ObjectModel.MapperTestsForDocString" name="MapToStringDocString_NullArgument_ReturnsNull" />
    </UnitTest>
    <UnitTest name="ThenCanFormatTextWithAcronymAndNumberAsWikiWordSuccessfully" storage="/users/ericcarlson/repos/pickles/src/pickles/pickles.test/bin/debug/netcoreapp3.1/picklesdoc.pickles.test.dll" id="7bb5e631-9147-0063-5795-e8fe0b38a046">
      <Execution id="2ca13e79-3b45-4536-a17b-47a3fb39c4dd" />
      <TestMethod codeBase="/Users/ericcarlson/repos/pickles/src/Pickles/Pickles.Test/bin/Debug/netcoreapp3.1/PicklesDoc.Pickles.Test.dll" adapterTypeName="executor://nunit3testexecutor/" className="PicklesDoc.Pickles.Test.Extensions.StringExtensionsTests" name="ThenCanFormatTextWithAcronymAndNumberAsWikiWordSuccessfully" />
    </UnitTest>
    <UnitTest name="Map_TableWithNullDataRow_ReturnsJsonTableWithEmptyDataRows" storage="/users/ericcarlson/repos/pickles/src/pickles/pickles.test/bin/debug/netcoreapp3.1/picklesdoc.pickles.test.dll" id="7dfff11c-46c3-c506-4197-5a652064eb50">
      <Execution id="c31aeae2-66ea-4d4d-9819-749dc12d56d5" />
      <TestMethod codeBase="/Users/ericcarlson/repos/pickles/src/Pickles/Pickles.Test/bin/Debug/netcoreapp3.1/PicklesDoc.Pickles.Test.dll" adapterTypeName="executor://nunit3testexecutor/" className="PicklesDoc.Pickles.Test.ObjectModel.Json.TableToJsonTableMapperTests" name="Map_TableWithNullDataRow_ReturnsJsonTableWithEmptyDataRows" />
    </UnitTest>
    <UnitTest name="MapToLocation_RegularLocation_ReturnsLocation" storage="/users/ericcarlson/repos/pickles/src/pickles/pickles.test/bin/debug/netcoreapp3.1/picklesdoc.pickles.test.dll" id="e9d634e6-2f2a-133f-399f-5277298a79de">
      <Execution id="8fe7d354-5b3d-4115-9387-e6e1fbab61a3" />
      <TestMethod codeBase="/Users/ericcarlson/repos/pickles/src/Pickles/Pickles.Test/bin/Debug/netcoreapp3.1/PicklesDoc.Pickles.Test.dll" adapterTypeName="executor://nunit3testexecutor/" className="PicklesDoc.Pickles.Test.ObjectModel.MapperTestsForLocation" name="MapToLocation_RegularLocation_ReturnsLocation" />
    </UnitTest>
    <UnitTest name="Map_TableWithDataRows_ReturnsJsonTableWithDataRows" storage="/users/ericcarlson/repos/pickles/src/pickles/pickles.test/bin/debug/netcoreapp3.1/picklesdoc.pickles.test.dll" id="2ff69b2c-15f7-7252-063e-2d4877f45ec0">
      <Execution id="afadea1d-759d-49b0-8da6-8bf7c2d68918" />
      <TestMethod codeBase="/Users/ericcarlson/repos/pickles/src/Pickles/Pickles.Test/bin/Debug/netcoreapp3.1/PicklesDoc.Pickles.Test.dll" adapterTypeName="executor://nunit3testexecutor/" className="PicklesDoc.Pickles.Test.ObjectModel.Json.TableToJsonTableMapperTests" name="Map_TableWithDataRows_ReturnsJsonTableWithDataRows" />
    </UnitTest>
    <UnitTest name="Process_NullInput_ReturnsEmptyString" storage="/users/ericcarlson/repos/pickles/src/pickles/pickles.test/bin/debug/netcoreapp3.1/picklesdoc.pickles.test.dll" id="e1aea241-43f3-513e-2ce9-d6146ae98a5b">
      <Execution id="0f394001-7126-485d-8672-7950a4db8282" />
      <TestMethod codeBase="/Users/ericcarlson/repos/pickles/src/Pickles/Pickles.Test/bin/Debug/netcoreapp3.1/PicklesDoc.Pickles.Test.dll" adapterTypeName="executor://nunit3testexecutor/" className="PicklesDoc.Pickles.Test.DescriptionProcessorTests" name="Process_NullInput_ReturnsEmptyString" />
    </UnitTest>
    <UnitTest name="GetLanguageServicesForLanguage_WithNullLanguage_ReturnsLanguageServicesForEnglish" storage="/users/ericcarlson/repos/pickles/src/pickles/pickles.test/bin/debug/netcoreapp3.1/picklesdoc.pickles.test.dll" id="2497e506-3dc8-5ae6-a611-63bce47ee455">
      <Execution id="1d347b53-501e-46cd-9beb-f2d30c24a1c6" />
      <TestMethod codeBase="/Users/ericcarlson/repos/pickles/src/Pickles/Pickles.Test/bin/Debug/netcoreapp3.1/PicklesDoc.Pickles.Test.dll" adapterTypeName="executor://nunit3testexecutor/" className="PicklesDoc.Pickles.Test.LanguageServicesRegistryTests" name="GetLanguageServicesForLanguage_WithNullLanguage_ReturnsLanguageServicesForEnglish" />
    </UnitTest>
    <UnitTest name="MapToStep_StepWithoutArgument_ReturnStep" storage="/users/ericcarlson/repos/pickles/src/pickles/pickles.test/bin/debug/netcoreapp3.1/picklesdoc.pickles.test.dll" id="42016bf3-754c-eff4-cfc4-18801838538f">
      <Execution id="70cfcdc8-ee10-42d9-b0fc-c899fd3ead4a" />
      <TestMethod codeBase="/Users/ericcarlson/repos/pickles/src/Pickles/Pickles.Test/bin/Debug/netcoreapp3.1/PicklesDoc.Pickles.Test.dll" adapterTypeName="executor://nunit3testexecutor/" className="PicklesDoc.Pickles.Test.ObjectModel.MapperTestsForStep" name="MapToStep_StepWithoutArgument_ReturnStep" />
    </UnitTest>
    <UnitTest name="MapToKeyword_AndInSwedish_ReturnsAnd" storage="/users/ericcarlson/repos/pickles/src/pickles/pickles.test/bin/debug/netcoreapp3.1/picklesdoc.pickles.test.dll" id="f1ed17de-9249-363e-707b-4aac0d4a7566">
      <Execution id="36e100a5-120d-4ca7-97c7-e0ef84f15d0e" />
      <TestMethod codeBase="/Users/ericcarlson/repos/pickles/src/Pickles/Pickles.Test/bin/Debug/netcoreapp3.1/PicklesDoc.Pickles.Test.dll" adapterTypeName="executor://nunit3testexecutor/" className="PicklesDoc.Pickles.Test.ObjectModel.MappingTestsForKeyword" name="MapToKeyword_AndInSwedish_ReturnsAnd" />
    </UnitTest>
    <UnitTest name="MapToStringTag_NullTag_ReturnsNull" storage="/users/ericcarlson/repos/pickles/src/pickles/pickles.test/bin/debug/netcoreapp3.1/picklesdoc.pickles.test.dll" id="98e469bb-9f52-5e59-ff5e-c657d094c2bb">
      <Execution id="95d6d9ff-bc42-489f-97c9-1734e2cf1305" />
      <TestMethod codeBase="/Users/ericcarlson/repos/pickles/src/Pickles/Pickles.Test/bin/Debug/netcoreapp3.1/PicklesDoc.Pickles.Test.dll" adapterTypeName="executor://nunit3testexecutor/" className="PicklesDoc.Pickles.Test.ObjectModel.MapperTestsForTag" name="MapToStringTag_NullTag_ReturnsNull" />
    </UnitTest>
    <UnitTest name="GetRelativeUriTo_FileToFile_ReturnsNodesFileName" storage="/users/ericcarlson/repos/pickles/src/pickles/pickles.test/bin/debug/netcoreapp3.1/picklesdoc.pickles.test.dll" id="22b55a68-c311-5ac6-5932-e95e99f46701">
      <Execution id="c6ff346e-ff61-4f0d-99de-f0ff1de87860" />
      <TestMethod codeBase="/Users/ericcarlson/repos/pickles/src/Pickles/Pickles.Test/bin/Debug/netcoreapp3.1/PicklesDoc.Pickles.Test.dll" adapterTypeName="executor://nunit3testexecutor/" className="PicklesDoc.Pickles.Test.DirectoryCrawlers.FolderDirectoryTreeNodeTests" name="GetRelativeUriTo_FileToFile_ReturnsNodesFileName" />
    </UnitTest>
    <UnitTest name="Map_FeatureWithBogusFeatureElement_ShouldThrowArgumentException" storage="/users/ericcarlson/repos/pickles/src/pickles/pickles.test/bin/debug/netcoreapp3.1/picklesdoc.pickles.test.dll" id="ba5db6d3-9616-c3db-94c8-bbae1d87d95f">
      <Execution id="df0ed1ba-b07c-4c34-be6c-9ef2737c5fda" />
      <TestMethod codeBase="/Users/ericcarlson/repos/pickles/src/Pickles/Pickles.Test/bin/Debug/netcoreapp3.1/PicklesDoc.Pickles.Test.dll" adapterTypeName="executor://nunit3testexecutor/" className="PicklesDoc.Pickles.Test.ObjectModel.Json.FeatureToJsonFeatureMapperTests" name="Map_FeatureWithBogusFeatureElement_ShouldThrowArgumentException" />
    </UnitTest>
    <UnitTest name="MapToStep_StepWithLocation_ReturnStepWithLocation" storage="/users/ericcarlson/repos/pickles/src/pickles/pickles.test/bin/debug/netcoreapp3.1/picklesdoc.pickles.test.dll" id="8886bee6-e2cf-0623-d741-e916013e519a">
      <Execution id="96ead9c7-b96a-4a36-bddf-30c94a6d4304" />
      <TestMethod codeBase="/Users/ericcarlson/repos/pickles/src/Pickles/Pickles.Test/bin/Debug/netcoreapp3.1/PicklesDoc.Pickles.Test.dll" adapterTypeName="executor://nunit3testexecutor/" className="PicklesDoc.Pickles.Test.ObjectModel.MapperTestsForStep" name="MapToStep_StepWithLocation_ReturnStepWithLocation" />
    </UnitTest>
    <UnitTest name="ToFolderUriString_WithTrailingSlash_ValidOutput" storage="/users/ericcarlson/repos/pickles/src/pickles/pickles.test/bin/debug/netcoreapp3.1/picklesdoc.pickles.test.dll" id="40f30388-f8c4-beae-03f2-092496540fd0">
      <Execution id="5d45c350-f760-44db-a6a1-e6da10668932" />
      <TestMethod codeBase="/Users/ericcarlson/repos/pickles/src/Pickles/Pickles.Test/bin/Debug/netcoreapp3.1/PicklesDoc.Pickles.Test.dll" adapterTypeName="executor://nunit3testexecutor/" className="PicklesDoc.Pickles.Test.Extensions.UriExtensionsTests" name="ToFolderUriString_WithTrailingSlash_ValidOutput" />
    </UnitTest>
    <UnitTest name="Map_WithTags_ReturnsTags" storage="/users/ericcarlson/repos/pickles/src/pickles/pickles.test/bin/debug/netcoreapp3.1/picklesdoc.pickles.test.dll" id="ef1fded0-9368-0b89-add4-288e25a22d19">
      <Execution id="f1f85cdf-a2ee-47e8-83fb-95a6845e03bd" />
      <TestMethod codeBase="/Users/ericcarlson/repos/pickles/src/Pickles/Pickles.Test/bin/Debug/netcoreapp3.1/PicklesDoc.Pickles.Test.dll" adapterTypeName="executor://nunit3testexecutor/" className="PicklesDoc.Pickles.Test.ObjectModel.Json.FeatureToJsonFeatureMapperTests" name="Map_WithTags_ReturnsTags" />
    </UnitTest>
    <UnitTest name="MapToComment_RegularComment_ReturnsComment" storage="/users/ericcarlson/repos/pickles/src/pickles/pickles.test/bin/debug/netcoreapp3.1/picklesdoc.pickles.test.dll" id="285bb885-df8b-e1fa-0501-85b2d2ed57d2">
      <Execution id="7df70049-45d0-4d38-ab4c-caee17aeffa7" />
      <TestMethod codeBase="/Users/ericcarlson/repos/pickles/src/Pickles/Pickles.Test/bin/Debug/netcoreapp3.1/PicklesDoc.Pickles.Test.dll" adapterTypeName="executor://nunit3testexecutor/" className="PicklesDoc.Pickles.Test.ObjectModel.MapperTestsForComment" name="MapToComment_RegularComment_ReturnsComment" />
    </UnitTest>
    <UnitTest name="GetEncoding_UTF32BOM_ReturnsUnicode" storage="/users/ericcarlson/repos/pickles/src/pickles/pickles.test/bin/debug/netcoreapp3.1/picklesdoc.pickles.test.dll" id="3a3ca858-e141-d107-a546-9b5950e81a79">
      <Execution id="e80a89ab-c1b5-4b1f-9c31-4cdbf1f01090" />
      <TestMethod codeBase="/Users/ericcarlson/repos/pickles/src/Pickles/Pickles.Test/bin/Debug/netcoreapp3.1/PicklesDoc.Pickles.Test.dll" adapterTypeName="executor://nunit3testexecutor/" className="PicklesDoc.Pickles.Test.EncodingDetectorTests" name="GetEncoding_UTF32BOM_ReturnsUnicode" />
    </UnitTest>
    <UnitTest name="Map_WithoutBackground_ReturnsNullBackground" storage="/users/ericcarlson/repos/pickles/src/pickles/pickles.test/bin/debug/netcoreapp3.1/picklesdoc.pickles.test.dll" id="d47a0e94-b401-7304-363c-d66f5512b23c">
      <Execution id="9bb5d078-4483-4d5d-a4a2-8eba3aa1cf1d" />
      <TestMethod codeBase="/Users/ericcarlson/repos/pickles/src/Pickles/Pickles.Test/bin/Debug/netcoreapp3.1/PicklesDoc.Pickles.Test.dll" adapterTypeName="executor://nunit3testexecutor/" className="PicklesDoc.Pickles.Test.ObjectModel.Json.FeatureToJsonFeatureMapperTests" name="Map_WithoutBackground_ReturnsNullBackground" />
    </UnitTest>
    <UnitTest name="Iterator_NodeWithNullName_ShouldNotThrowException" storage="/users/ericcarlson/repos/pickles/src/pickles/pickles.test/bin/debug/netcoreapp3.1/picklesdoc.pickles.test.dll" id="5722e0ae-ca74-4e51-7bf5-080a8bfd63bc">
      <Execution id="58d422ee-3541-45c4-84d1-7f485b59f7d8" />
      <TestMethod codeBase="/Users/ericcarlson/repos/pickles/src/Pickles/Pickles.Test/bin/Debug/netcoreapp3.1/PicklesDoc.Pickles.Test.dll" adapterTypeName="executor://nunit3testexecutor/" className="PicklesDoc.Pickles.Test.DataStructures.TreeTests" name="Iterator_NodeWithNullName_ShouldNotThrowException" />
    </UnitTest>
    <UnitTest name="ThenCanResolveTheSelectedIDocumentationBuilder(Json,PicklesDoc.Pickles.DocumentationBuilders.Json.JsonDocumentationBuilder)" storage="/users/ericcarlson/repos/pickles/src/pickles/pickles.test/bin/debug/netcoreapp3.1/picklesdoc.pickles.test.dll" id="e8565e90-2492-6ea1-7c7e-a2f7e9a1f360">
      <Execution id="66a9bd0c-4ce9-4464-860e-5874264e5035" />
      <TestMethod codeBase="/Users/ericcarlson/repos/pickles/src/Pickles/Pickles.Test/bin/Debug/netcoreapp3.1/PicklesDoc.Pickles.Test.dll" adapterTypeName="executor://nunit3testexecutor/" className="PicklesDoc.Pickles.Test.WhenResolvingADocumentationBuilder" name="ThenCanResolveTheSelectedIDocumentationBuilder(Json,PicklesDoc.Pickles.DocumentationBuilders.Json.JsonDocumentationBuilder)" />
    </UnitTest>
    <UnitTest name="ItShouldIndicateWasSuccessfulIsFalseForAnotherFailingScenario" storage="/users/ericcarlson/repos/pickles/src/pickles/pickles.test/bin/debug/netcoreapp3.1/picklesdoc.pickles.test.dll" id="4320c348-afea-ab45-3dd4-efc1eb3772fe">
      <Execution id="924e72c8-ba85-4c6a-9bf0-e1f39010be14" />
      <TestMethod codeBase="/Users/ericcarlson/repos/pickles/src/Pickles/Pickles.Test/bin/Debug/netcoreapp3.1/PicklesDoc.Pickles.Test.dll" adapterTypeName="executor://nunit3testexecutor/" className="PicklesDoc.Pickles.Test.Formatters.JSON.WhenCreatingAFeatureWithMetaInfoAndTestResultInMstestFormat" name="ItShouldIndicateWasSuccessfulIsFalseForAnotherFailingScenario" />
    </UnitTest>
    <UnitTest name="ThenSavesCssFilesToCorrectLocation" storage="/users/ericcarlson/repos/pickles/src/pickles/pickles.test/bin/debug/netcoreapp3.1/picklesdoc.pickles.test.dll" id="b566615a-6a0e-ff7f-fdc9-66bffe7a7647">
      <Execution id="aad55ff1-31b3-48be-8714-8509ea025283" />
      <TestMethod codeBase="/Users/ericcarlson/repos/pickles/src/Pickles/Pickles.Test/bin/Debug/netcoreapp3.1/PicklesDoc.Pickles.Test.dll" adapterTypeName="executor://nunit3testexecutor/" className="PicklesDoc.Pickles.Test.WhenWorkingWithHtmlResources" name="ThenSavesCssFilesToCorrectLocation" />
    </UnitTest>
    <UnitTest name="Map_WithoutAfterLastStepComments_ReturnsEmptyList" storage="/users/ericcarlson/repos/pickles/src/pickles/pickles.test/bin/debug/netcoreapp3.1/picklesdoc.pickles.test.dll" id="5a022529-d884-a7d6-8c9f-86c67564ce23">
      <Execution id="161f8c18-8493-4614-bc30-d2097454fc42" />
      <TestMethod codeBase="/Users/ericcarlson/repos/pickles/src/Pickles/Pickles.Test/bin/Debug/netcoreapp3.1/PicklesDoc.Pickles.Test.dll" adapterTypeName="executor://nunit3testexecutor/" className="PicklesDoc.Pickles.Test.ObjectModel.Json.StepToJsonStepMapperTests" name="Map_WithoutAfterLastStepComments_ReturnsEmptyList" />
    </UnitTest>
    <UnitTest name="Map_NoExamples_ReturnsEmptyListOfExamples" storage="/users/ericcarlson/repos/pickles/src/pickles/pickles.test/bin/debug/netcoreapp3.1/picklesdoc.pickles.test.dll" id="8de2a033-b676-2f53-2f59-0733a195f808">
      <Execution id="f24b71e1-85d7-4599-b72a-0c99acf6c6b9" />
      <TestMethod codeBase="/Users/ericcarlson/repos/pickles/src/Pickles/Pickles.Test/bin/Debug/netcoreapp3.1/PicklesDoc.Pickles.Test.dll" adapterTypeName="executor://nunit3testexecutor/" className="PicklesDoc.Pickles.Test.ObjectModel.Json.ScenarioToJsonScenarioMapperTests" name="Map_NoExamples_ReturnsEmptyListOfExamples" />
    </UnitTest>
    <UnitTest name="Then_can_parse_and_ignore_feature_with_tag_in_configuration_ignore_tag" storage="/users/ericcarlson/repos/pickles/src/pickles/pickles.test/bin/debug/netcoreapp3.1/picklesdoc.pickles.test.dll" id="1ae221e2-cbc4-5083-5871-886c8bde94bb">
      <Execution id="83e01c22-49a2-4935-bf66-1589d7a5038a" />
      <TestMethod codeBase="/Users/ericcarlson/repos/pickles/src/Pickles/Pickles.Test/bin/Debug/netcoreapp3.1/PicklesDoc.Pickles.Test.dll" adapterTypeName="executor://nunit3testexecutor/" className="PicklesDoc.Pickles.Test.WhenParsingFeatureFiles" name="Then_can_parse_and_ignore_feature_with_tag_in_configuration_ignore_tag" />
    </UnitTest>
    <UnitTest name="GetEncoding_UTF16LEBOM_ReturnsUnicode" storage="/users/ericcarlson/repos/pickles/src/pickles/pickles.test/bin/debug/netcoreapp3.1/picklesdoc.pickles.test.dll" id="81b5dd08-2dc8-a3e0-2f51-9318fd82024c">
      <Execution id="60b366df-d891-455f-9702-61f29a139c6a" />
      <TestMethod codeBase="/Users/ericcarlson/repos/pickles/src/Pickles/Pickles.Test/bin/Debug/netcoreapp3.1/PicklesDoc.Pickles.Test.dll" adapterTypeName="executor://nunit3testexecutor/" className="PicklesDoc.Pickles.Test.EncodingDetectorTests" name="GetEncoding_UTF16LEBOM_ReturnsUnicode" />
    </UnitTest>
    <UnitTest name="Map_WithDescription_ReturnsSlug" storage="/users/ericcarlson/repos/pickles/src/pickles/pickles.test/bin/debug/netcoreapp3.1/picklesdoc.pickles.test.dll" id="89911fa4-1c14-ab49-c42c-931bebac33c7">
      <Execution id="d052f200-0aa7-4aaf-88e9-eaa54b53456f" />
      <TestMethod codeBase="/Users/ericcarlson/repos/pickles/src/Pickles/Pickles.Test/bin/Debug/netcoreapp3.1/PicklesDoc.Pickles.Test.dll" adapterTypeName="executor://nunit3testexecutor/" className="PicklesDoc.Pickles.Test.ObjectModel.Json.ScenarioToJsonScenarioMapperTests" name="Map_WithDescription_ReturnsSlug" />
    </UnitTest>
    <UnitTest name="Map_AnExample_ReturnsAJsonExample" storage="/users/ericcarlson/repos/pickles/src/pickles/pickles.test/bin/debug/netcoreapp3.1/picklesdoc.pickles.test.dll" id="684a3b2a-9d14-8186-77c4-3617426330bc">
      <Execution id="70fe5122-a4df-4095-8548-8e706811bf3b" />
      <TestMethod codeBase="/Users/ericcarlson/repos/pickles/src/Pickles/Pickles.Test/bin/Debug/netcoreapp3.1/PicklesDoc.Pickles.Test.dll" adapterTypeName="executor://nunit3testexecutor/" className="PicklesDoc.Pickles.Test.ObjectModel.Json.ExampleToJsonExampleMapperTests" name="Map_AnExample_ReturnsAJsonExample" />
    </UnitTest>
    <UnitTest name="Map_ExampleTableWithDataRows_ReturnsJsonTableWithDataRows" storage="/users/ericcarlson/repos/pickles/src/pickles/pickles.test/bin/debug/netcoreapp3.1/picklesdoc.pickles.test.dll" id="3019d3c2-0c54-5274-c78e-81740248b858">
      <Execution id="897e2148-9f67-4240-9913-8d9112631097" />
      <TestMethod codeBase="/Users/ericcarlson/repos/pickles/src/Pickles/Pickles.Test/bin/Debug/netcoreapp3.1/PicklesDoc.Pickles.Test.dll" adapterTypeName="executor://nunit3testexecutor/" className="PicklesDoc.Pickles.Test.ObjectModel.Json.TableToJsonTableMapperTests" name="Map_ExampleTableWithDataRows_ReturnsJsonTableWithDataRows" />
    </UnitTest>
    <UnitTest name="ThenCanFormatTextWithLongNumbersAsWikiWordSuccessfully" storage="/users/ericcarlson/repos/pickles/src/pickles/pickles.test/bin/debug/netcoreapp3.1/picklesdoc.pickles.test.dll" id="aef537d8-2872-7fbb-f05d-3fcdf7a673b8">
      <Execution id="9d34dd59-24bf-4e51-bf73-048420d3a657" />
      <TestMethod codeBase="/Users/ericcarlson/repos/pickles/src/Pickles/Pickles.Test/bin/Debug/netcoreapp3.1/PicklesDoc.Pickles.Test.dll" adapterTypeName="executor://nunit3testexecutor/" className="PicklesDoc.Pickles.Test.Extensions.StringExtensionsTests" name="ThenCanFormatTextWithLongNumbersAsWikiWordSuccessfully" />
    </UnitTest>
    <UnitTest name="Map_Passed_ReturnsExecutedTrueSuccessfulTrue" storage="/users/ericcarlson/repos/pickles/src/pickles/pickles.test/bin/debug/netcoreapp3.1/picklesdoc.pickles.test.dll" id="8a496478-cb58-07dc-ff9e-8b8291b01ce1">
      <Execution id="faf0c35f-3df1-46a2-b3d6-3b2b329c37a9" />
      <TestMethod codeBase="/Users/ericcarlson/repos/pickles/src/Pickles/Pickles.Test/bin/Debug/netcoreapp3.1/PicklesDoc.Pickles.Test.dll" adapterTypeName="executor://nunit3testexecutor/" className="PicklesDoc.Pickles.Test.ObjectModel.Json.TestResultToJsonTestResultMapperTests" name="Map_Passed_ReturnsExecutedTrueSuccessfulTrue" />
    </UnitTest>
    <UnitTest name="Map_WithResult_ReturnsJsonTestResult" storage="/users/ericcarlson/repos/pickles/src/pickles/pickles.test/bin/debug/netcoreapp3.1/picklesdoc.pickles.test.dll" id="bc86b314-5fe6-6bdd-9f3a-a18c69ce6d0f">
      <Execution id="53e50f0b-0335-462c-bef8-61704cbbd25c" />
      <TestMethod codeBase="/Users/ericcarlson/repos/pickles/src/Pickles/Pickles.Test/bin/Debug/netcoreapp3.1/PicklesDoc.Pickles.Test.dll" adapterTypeName="executor://nunit3testexecutor/" className="PicklesDoc.Pickles.Test.ObjectModel.Json.FeatureToJsonFeatureMapperTests" name="Map_WithResult_ReturnsJsonTestResult" />
    </UnitTest>
    <UnitTest name="MapToKeyword_GivenInSwedish_ReturnsGiven" storage="/users/ericcarlson/repos/pickles/src/pickles/pickles.test/bin/debug/netcoreapp3.1/picklesdoc.pickles.test.dll" id="53961c9e-5b44-6e8d-e692-db730794cc8f">
      <Execution id="ad5f2302-0f37-4a80-a098-556687d2261b" />
      <TestMethod codeBase="/Users/ericcarlson/repos/pickles/src/Pickles/Pickles.Test/bin/Debug/netcoreapp3.1/PicklesDoc.Pickles.Test.dll" adapterTypeName="executor://nunit3testexecutor/" className="PicklesDoc.Pickles.Test.ObjectModel.MappingTestsForKeyword" name="MapToKeyword_GivenInSwedish_ReturnsGiven" />
    </UnitTest>
    <UnitTest name="Map_WithNativeKeyword_ReturnsNativeKeyword" storage="/users/ericcarlson/repos/pickles/src/pickles/pickles.test/bin/debug/netcoreapp3.1/picklesdoc.pickles.test.dll" id="2e5eb7c4-d75d-9cf6-4222-f8f1c9ac626a">
      <Execution id="272d1d1a-7475-4cf8-a396-7f9f7c91712a" />
      <TestMethod codeBase="/Users/ericcarlson/repos/pickles/src/Pickles/Pickles.Test/bin/Debug/netcoreapp3.1/PicklesDoc.Pickles.Test.dll" adapterTypeName="executor://nunit3testexecutor/" className="PicklesDoc.Pickles.Test.ObjectModel.Json.StepToJsonStepMapperTests" name="Map_WithNativeKeyword_ReturnsNativeKeyword" />
    </UnitTest>
    <UnitTest name="GetRelativeUriTo_DirectoryToFileBelow_ReturnsCurrentDirectory" storage="/users/ericcarlson/repos/pickles/src/pickles/pickles.test/bin/debug/netcoreapp3.1/picklesdoc.pickles.test.dll" id="023432c7-067d-a2df-fa8e-8d2b0c485356">
      <Execution id="a9425b2c-d076-4df4-b0e2-1d95f18cb9ad" />
      <TestMethod codeBase="/Users/ericcarlson/repos/pickles/src/Pickles/Pickles.Test/bin/Debug/netcoreapp3.1/PicklesDoc.Pickles.Test.dll" adapterTypeName="executor://nunit3testexecutor/" className="PicklesDoc.Pickles.Test.DirectoryCrawlers.FolderDirectoryTreeNodeTests" name="GetRelativeUriTo_DirectoryToFileBelow_ReturnsCurrentDirectory" />
    </UnitTest>
    <UnitTest name="MapToExample_RegularWithTagsExamples_ReturnsCorrectExample" storage="/users/ericcarlson/repos/pickles/src/pickles/pickles.test/bin/debug/netcoreapp3.1/picklesdoc.pickles.test.dll" id="c45bafd9-44fe-eb94-223b-fb60dcc673d3">
      <Execution id="cdf5a5cb-a898-4af4-bc81-a33009913616" />
      <TestMethod codeBase="/Users/ericcarlson/repos/pickles/src/Pickles/Pickles.Test/bin/Debug/netcoreapp3.1/PicklesDoc.Pickles.Test.dll" adapterTypeName="executor://nunit3testexecutor/" className="PicklesDoc.Pickles.Test.ObjectModel.MapperTestsForExample" name="MapToExample_RegularWithTagsExamples_ReturnsCorrectExample" />
    </UnitTest>
    <UnitTest name="IsRelevant_ValidFileWithMixedCaseExtension_ReturnsTrue" storage="/users/ericcarlson/repos/pickles/src/pickles/pickles.test/bin/debug/netcoreapp3.1/picklesdoc.pickles.test.dll" id="b5808cb5-1ccc-f6ad-2d48-84256ff70878">
      <Execution id="0919f068-865b-47e1-b8b9-f67b69998ce0" />
      <TestMethod codeBase="/Users/ericcarlson/repos/pickles/src/Pickles/Pickles.Test/bin/Debug/netcoreapp3.1/PicklesDoc.Pickles.Test.dll" adapterTypeName="executor://nunit3testexecutor/" className="PicklesDoc.Pickles.Test.DirectoryCrawlers.ImageFileDetectorTests" name="IsRelevant_ValidFileWithMixedCaseExtension_ReturnsTrue" />
    </UnitTest>
    <UnitTest name="Map_Null_ReturnsNull" storage="/users/ericcarlson/repos/pickles/src/pickles/pickles.test/bin/debug/netcoreapp3.1/picklesdoc.pickles.test.dll" id="7537e683-3e74-548a-5552-941c0a3f0e36">
      <Execution id="af140163-93c3-4959-a2eb-202d4066a000" />
      <TestMethod codeBase="/Users/ericcarlson/repos/pickles/src/Pickles/Pickles.Test/bin/Debug/netcoreapp3.1/PicklesDoc.Pickles.Test.dll" adapterTypeName="executor://nunit3testexecutor/" className="PicklesDoc.Pickles.Test.ObjectModel.Json.ScenarioToJsonScenarioMapperTests" name="Map_Null_ReturnsNull" />
    </UnitTest>
    <UnitTest name="MapToFeature_FeatureWithNullDescription_ReturnsFeatureWithEmptyDescription" storage="/users/ericcarlson/repos/pickles/src/pickles/pickles.test/bin/debug/netcoreapp3.1/picklesdoc.pickles.test.dll" id="ad2deadc-28a2-719e-7150-17ba175aa913">
      <Execution id="093ee56d-936e-4efb-a926-844825df1b31" />
      <TestMethod codeBase="/Users/ericcarlson/repos/pickles/src/Pickles/Pickles.Test/bin/Debug/netcoreapp3.1/PicklesDoc.Pickles.Test.dll" adapterTypeName="executor://nunit3testexecutor/" className="PicklesDoc.Pickles.Test.ObjectModel.MapperTestsForFeature" name="MapToFeature_FeatureWithNullDescription_ReturnsFeatureWithEmptyDescription" />
    </UnitTest>
    <UnitTest name="Constructor_ValidRelativePath" storage="/users/ericcarlson/repos/pickles/src/pickles/pickles.test/bin/debug/netcoreapp3.1/picklesdoc.pickles.test.dll" id="33ddece8-ef6e-de86-ff9f-62192d743904">
      <Execution id="acc134a6-1f4f-449e-b909-2e91e3ec35cb" />
      <TestMethod codeBase="/Users/ericcarlson/repos/pickles/src/Pickles/Pickles.Test/bin/Debug/netcoreapp3.1/PicklesDoc.Pickles.Test.dll" adapterTypeName="executor://nunit3testexecutor/" className="PicklesDoc.Pickles.Test.DirectoryCrawlers.FolderDirectoryTreeNodeTests" name="Constructor_ValidRelativePath" />
    </UnitTest>
    <UnitTest name="Map_TableRow_ReturnsObject" storage="/users/ericcarlson/repos/pickles/src/pickles/pickles.test/bin/debug/netcoreapp3.1/picklesdoc.pickles.test.dll" id="11ec8f68-45a3-af3f-4a85-f9e875a034b9">
      <Execution id="24e9b391-b8f4-43d5-9ebf-f9780b827135" />
      <TestMethod codeBase="/Users/ericcarlson/repos/pickles/src/Pickles/Pickles.Test/bin/Debug/netcoreapp3.1/PicklesDoc.Pickles.Test.dll" adapterTypeName="executor://nunit3testexecutor/" className="PicklesDoc.Pickles.Test.ObjectModel.Json.TableRowToJsonTableRowMapperTests" name="Map_TableRow_ReturnsObject" />
    </UnitTest>
    <UnitTest name="Map_WithName_ReturnsSlug" storage="/users/ericcarlson/repos/pickles/src/pickles/pickles.test/bin/debug/netcoreapp3.1/picklesdoc.pickles.test.dll" id="f2a4d10f-7a23-0d3b-b616-b37bcd3d7f3d">
      <Execution id="efe1d415-f058-4b39-8fa3-67c9732abfee" />
      <TestMethod codeBase="/Users/ericcarlson/repos/pickles/src/Pickles/Pickles.Test/bin/Debug/netcoreapp3.1/PicklesDoc.Pickles.Test.dll" adapterTypeName="executor://nunit3testexecutor/" className="PicklesDoc.Pickles.Test.ObjectModel.Json.ScenarioToJsonScenarioMapperTests" name="Map_WithName_ReturnsSlug" />
    </UnitTest>
    <UnitTest name="MapToFeature_FeatureWithoutLanguage_ReturnsFeatureWithEnglish" storage="/users/ericcarlson/repos/pickles/src/pickles/pickles.test/bin/debug/netcoreapp3.1/picklesdoc.pickles.test.dll" id="d92eaaf4-b839-67e3-ea8a-60df87c4cfbd">
      <Execution id="3988ea91-fac2-4498-938f-9bdecf278730" />
      <TestMethod codeBase="/Users/ericcarlson/repos/pickles/src/Pickles/Pickles.Test/bin/Debug/netcoreapp3.1/PicklesDoc.Pickles.Test.dll" adapterTypeName="executor://nunit3testexecutor/" className="PicklesDoc.Pickles.Test.ObjectModel.MapperTestsForFeature" name="MapToFeature_FeatureWithoutLanguage_ReturnsFeatureWithEnglish" />
    </UnitTest>
    <UnitTest name="Constructor_NullArgument_ShouldThrowArgumentNullException" storage="/users/ericcarlson/repos/pickles/src/pickles/pickles.test/bin/debug/netcoreapp3.1/picklesdoc.pickles.test.dll" id="1bf0b620-508f-e5dc-9a04-0b8d440ef88c">
      <Execution id="cdc2fcc6-c41c-4285-9cbf-a23390880f55" />
      <TestMethod codeBase="/Users/ericcarlson/repos/pickles/src/Pickles/Pickles.Test/bin/Debug/netcoreapp3.1/PicklesDoc.Pickles.Test.dll" adapterTypeName="executor://nunit3testexecutor/" className="PicklesDoc.Pickles.Test.DataStructures.TreeTests" name="Constructor_NullArgument_ShouldThrowArgumentNullException" />
    </UnitTest>
    <UnitTest name="WhenIndicatingTheLanguageAndCultureInTheFeature_ThenCanParseTheFeature" storage="/users/ericcarlson/repos/pickles/src/pickles/pickles.test/bin/debug/netcoreapp3.1/picklesdoc.pickles.test.dll" id="66492ce0-50fe-4131-fc04-f0f70d82b725">
      <Execution id="03eec66f-5d55-4ae2-9de4-a0f1db918bd8" />
      <TestMethod codeBase="/Users/ericcarlson/repos/pickles/src/Pickles/Pickles.Test/bin/Debug/netcoreapp3.1/PicklesDoc.Pickles.Test.dll" adapterTypeName="executor://nunit3testexecutor/" className="PicklesDoc.Pickles.Test.WhenParsingLocalizedFeatureFiles" name="WhenIndicatingTheLanguageAndCultureInTheFeature_ThenCanParseTheFeature" />
    </UnitTest>
    <UnitTest name="Map_TableWithHeaderRow_ReturnsJsonTableWithoutHeaderRow" storage="/users/ericcarlson/repos/pickles/src/pickles/pickles.test/bin/debug/netcoreapp3.1/picklesdoc.pickles.test.dll" id="eae8d6d5-3d1b-9a28-35cb-83916a819bec">
      <Execution id="2e1b4c17-0503-4b8b-93a3-a8f4230796a7" />
      <TestMethod codeBase="/Users/ericcarlson/repos/pickles/src/Pickles/Pickles.Test/bin/Debug/netcoreapp3.1/PicklesDoc.Pickles.Test.dll" adapterTypeName="executor://nunit3testexecutor/" className="PicklesDoc.Pickles.Test.ObjectModel.Json.TableToJsonTableMapperTests" name="Map_TableWithHeaderRow_ReturnsJsonTableWithoutHeaderRow" />
    </UnitTest>
    <UnitTest name="Process_TwoLines_ReturnsText" storage="/users/ericcarlson/repos/pickles/src/pickles/pickles.test/bin/debug/netcoreapp3.1/picklesdoc.pickles.test.dll" id="9f54fc7b-943f-a736-270e-322b76b12240">
      <Execution id="bb08cf59-4ff2-4723-b51a-8e24656512e3" />
      <TestMethod codeBase="/Users/ericcarlson/repos/pickles/src/Pickles/Pickles.Test/bin/Debug/netcoreapp3.1/PicklesDoc.Pickles.Test.dll" adapterTypeName="executor://nunit3testexecutor/" className="PicklesDoc.Pickles.Test.DescriptionProcessorTests" name="Process_TwoLines_ReturnsText" />
    </UnitTest>
    <UnitTest name="Map_WithBackground_ReturnsBackground" storage="/users/ericcarlson/repos/pickles/src/pickles/pickles.test/bin/debug/netcoreapp3.1/picklesdoc.pickles.test.dll" id="5b735e33-8631-fc28-0819-93b4df2659c4">
      <Execution id="6127b000-b7aa-48fa-b1f3-5665f6a88cc3" />
      <TestMethod codeBase="/Users/ericcarlson/repos/pickles/src/Pickles/Pickles.Test/bin/Debug/netcoreapp3.1/PicklesDoc.Pickles.Test.dll" adapterTypeName="executor://nunit3testexecutor/" className="PicklesDoc.Pickles.Test.ObjectModel.Json.FeatureToJsonFeatureMapperTests" name="Map_WithBackground_ReturnsBackground" />
    </UnitTest>
    <UnitTest name="Map_Then_ReturnsThen" storage="/users/ericcarlson/repos/pickles/src/pickles/pickles.test/bin/debug/netcoreapp3.1/picklesdoc.pickles.test.dll" id="5d7eb242-2da2-1aff-54be-febe9c23c1d1">
      <Execution id="6155b200-8d33-4a33-a606-13f7367fa4ab" />
      <TestMethod codeBase="/Users/ericcarlson/repos/pickles/src/Pickles/Pickles.Test/bin/Debug/netcoreapp3.1/PicklesDoc.Pickles.Test.dll" adapterTypeName="executor://nunit3testexecutor/" className="PicklesDoc.Pickles.Test.ObjectModel.Json.KeywordToJsonKeywordMapperTests" name="Map_Then_ReturnsThen" />
    </UnitTest>
    <UnitTest name="Map_FeatureWithElements_ReturnsListofElements" storage="/users/ericcarlson/repos/pickles/src/pickles/pickles.test/bin/debug/netcoreapp3.1/picklesdoc.pickles.test.dll" id="8c668144-2935-03c4-cb76-374695bb843a">
      <Execution id="aba2e54d-fdf9-4740-ac4c-877ec30a9c2a" />
      <TestMethod codeBase="/Users/ericcarlson/repos/pickles/src/Pickles/Pickles.Test/bin/Debug/netcoreapp3.1/PicklesDoc.Pickles.Test.dll" adapterTypeName="executor://nunit3testexecutor/" className="PicklesDoc.Pickles.Test.ObjectModel.Json.FeatureToJsonFeatureMapperTests" name="Map_FeatureWithElements_ReturnsListofElements" />
    </UnitTest>
    <UnitTest name="LineThatStartsWithEscapedHash_Header2_ShouldRemoveEscapeSign" storage="/users/ericcarlson/repos/pickles/src/pickles/pickles.test/bin/debug/netcoreapp3.1/picklesdoc.pickles.test.dll" id="a76a52d2-e464-7beb-7062-8f2eeda29156">
      <Execution id="00643232-7224-4941-bd30-7412ed483910" />
      <TestMethod codeBase="/Users/ericcarlson/repos/pickles/src/Pickles/Pickles.Test/bin/Debug/netcoreapp3.1/PicklesDoc.Pickles.Test.dll" adapterTypeName="executor://nunit3testexecutor/" className="PicklesDoc.Pickles.Test.DescriptionProcessorTests" name="LineThatStartsWithEscapedHash_Header2_ShouldRemoveEscapeSign" />
    </UnitTest>
    <UnitTest name="WhenIndicatingTheLanguageInTheFeature_ThenCanParseMostBasicFeatureSuccessfully" storage="/users/ericcarlson/repos/pickles/src/pickles/pickles.test/bin/debug/netcoreapp3.1/picklesdoc.pickles.test.dll" id="333786c1-b534-29dd-7545-8381a9bd91d8">
      <Execution id="493c1eb7-ef75-4216-8cbf-fa50309f6072" />
      <TestMethod codeBase="/Users/ericcarlson/repos/pickles/src/Pickles/Pickles.Test/bin/Debug/netcoreapp3.1/PicklesDoc.Pickles.Test.dll" adapterTypeName="executor://nunit3testexecutor/" className="PicklesDoc.Pickles.Test.WhenParsingLocalizedFeatureFiles" name="WhenIndicatingTheLanguageInTheFeature_ThenCanParseMostBasicFeatureSuccessfully" />
    </UnitTest>
    <UnitTest name="MapToScenario_NullScenario_ReturnsNull" storage="/users/ericcarlson/repos/pickles/src/pickles/pickles.test/bin/debug/netcoreapp3.1/picklesdoc.pickles.test.dll" id="d1607d13-bf37-a017-7c4d-310c80ac28d2">
      <Execution id="2c3b79d4-eed9-496e-8973-ae2be667b0e3" />
      <TestMethod codeBase="/Users/ericcarlson/repos/pickles/src/Pickles/Pickles.Test/bin/Debug/netcoreapp3.1/PicklesDoc.Pickles.Test.dll" adapterTypeName="executor://nunit3testexecutor/" className="PicklesDoc.Pickles.Test.ObjectModel.MapperTestsForScenario" name="MapToScenario_NullScenario_ReturnsNull" />
    </UnitTest>
    <UnitTest name="MapToKeyword_ButInSwedish_ReturnsBut" storage="/users/ericcarlson/repos/pickles/src/pickles/pickles.test/bin/debug/netcoreapp3.1/picklesdoc.pickles.test.dll" id="237aa86c-2a79-f857-6b0b-b15024d55da5">
      <Execution id="0e8bcff5-59af-4240-b49c-44840a717724" />
      <TestMethod codeBase="/Users/ericcarlson/repos/pickles/src/Pickles/Pickles.Test/bin/Debug/netcoreapp3.1/PicklesDoc.Pickles.Test.dll" adapterTypeName="executor://nunit3testexecutor/" className="PicklesDoc.Pickles.Test.ObjectModel.MappingTestsForKeyword" name="MapToKeyword_ButInSwedish_ReturnsBut" />
    </UnitTest>
    <UnitTest name="MapToStep_NullStep_ReturnsNull" storage="/users/ericcarlson/repos/pickles/src/pickles/pickles.test/bin/debug/netcoreapp3.1/picklesdoc.pickles.test.dll" id="94b6fca8-7a3d-f453-0070-6471ff92bbfc">
      <Execution id="eb90f42d-40d1-4026-ab9e-0283cb7b079f" />
      <TestMethod codeBase="/Users/ericcarlson/repos/pickles/src/Pickles/Pickles.Test/bin/Debug/netcoreapp3.1/PicklesDoc.Pickles.Test.dll" adapterTypeName="executor://nunit3testexecutor/" className="PicklesDoc.Pickles.Test.ObjectModel.MapperTestsForStep" name="MapToStep_NullStep_ReturnsNull" />
    </UnitTest>
    <UnitTest name="MapToTable_DataTableWithThreeRows_ReturnsTableWithHeaderRowAndTwoRows" storage="/users/ericcarlson/repos/pickles/src/pickles/pickles.test/bin/debug/netcoreapp3.1/picklesdoc.pickles.test.dll" id="91b05bdf-ff91-2509-c0c6-ca5d28e711ee">
      <Execution id="97779ae8-eb5a-4946-9d28-671235ace897" />
      <TestMethod codeBase="/Users/ericcarlson/repos/pickles/src/Pickles/Pickles.Test/bin/Debug/netcoreapp3.1/PicklesDoc.Pickles.Test.dll" adapterTypeName="executor://nunit3testexecutor/" className="PicklesDoc.Pickles.Test.ObjectModel.MapperTestsForDataTable" name="MapToTable_DataTableWithThreeRows_ReturnsTableWithHeaderRowAndTwoRows" />
    </UnitTest>
    <UnitTest name="Get_A_Relative_Path_When_Location_Is_Deeper_Than_Root" storage="/users/ericcarlson/repos/pickles/src/pickles/pickles.test/bin/debug/netcoreapp3.1/picklesdoc.pickles.test.dll" id="e3729802-a92d-c297-8894-5684f6910af3">
      <Execution id="d20419e8-671b-464f-ba76-90ae1c691dc0" />
      <TestMethod codeBase="/Users/ericcarlson/repos/pickles/src/Pickles/Pickles.Test/bin/Debug/netcoreapp3.1/PicklesDoc.Pickles.Test.dll" adapterTypeName="executor://nunit3testexecutor/" className="PicklesDoc.Pickles.Test.Extensions.PathExtensionsTests" name="Get_A_Relative_Path_When_Location_Is_Deeper_Than_Root" />
    </UnitTest>
    <UnitTest name="Map_WithName_ReturnsName" storage="/users/ericcarlson/repos/pickles/src/pickles/pickles.test/bin/debug/netcoreapp3.1/picklesdoc.pickles.test.dll" id="71ab70a9-ef4b-ca2c-f5d6-1ba5618c1d97">
      <Execution id="457b89d9-945b-4053-a88b-c26dd3bef70b" />
      <TestMethod codeBase="/Users/ericcarlson/repos/pickles/src/Pickles/Pickles.Test/bin/Debug/netcoreapp3.1/PicklesDoc.Pickles.Test.dll" adapterTypeName="executor://nunit3testexecutor/" className="PicklesDoc.Pickles.Test.ObjectModel.Json.ScenarioToJsonScenarioMapperTests" name="Map_WithName_ReturnsName" />
    </UnitTest>
    <UnitTest name="IsRelevant_ValidFile_ReturnsTrue(&quot;image.png&quot;)" storage="/users/ericcarlson/repos/pickles/src/pickles/pickles.test/bin/debug/netcoreapp3.1/picklesdoc.pickles.test.dll" id="f42df295-0a09-b35f-0a4f-b6a4d09ce712">
      <Execution id="3dd3cedd-85e2-45a9-bce3-a45ef7711ef8" />
      <TestMethod codeBase="/Users/ericcarlson/repos/pickles/src/Pickles/Pickles.Test/bin/Debug/netcoreapp3.1/PicklesDoc.Pickles.Test.dll" adapterTypeName="executor://nunit3testexecutor/" className="PicklesDoc.Pickles.Test.DirectoryCrawlers.ImageFileDetectorTests" name="IsRelevant_ValidFile_ReturnsTrue(&quot;image.png&quot;)" />
    </UnitTest>
    <UnitTest name="Map_NullFeature_ReturnsNullJsonFeature" storage="/users/ericcarlson/repos/pickles/src/pickles/pickles.test/bin/debug/netcoreapp3.1/picklesdoc.pickles.test.dll" id="8ec388e9-fc91-4d25-bf6f-f8f08af7b2f5">
      <Execution id="858c2733-b1fe-42fb-a103-d132f4175193" />
      <TestMethod codeBase="/Users/ericcarlson/repos/pickles/src/Pickles/Pickles.Test/bin/Debug/netcoreapp3.1/PicklesDoc.Pickles.Test.dll" adapterTypeName="executor://nunit3testexecutor/" className="PicklesDoc.Pickles.Test.ObjectModel.Json.FeatureToJsonFeatureMapperTests" name="Map_NullFeature_ReturnsNullJsonFeature" />
    </UnitTest>
    <UnitTest name="MapToStep_StepWithDocStringArgument_ReturnStepWithDocString" storage="/users/ericcarlson/repos/pickles/src/pickles/pickles.test/bin/debug/netcoreapp3.1/picklesdoc.pickles.test.dll" id="0deeb8ae-3a20-2371-5a6c-b2ecc1099272">
      <Execution id="d9e0d76b-977c-4cf8-8a41-33755af8093e" />
      <TestMethod codeBase="/Users/ericcarlson/repos/pickles/src/Pickles/Pickles.Test/bin/Debug/netcoreapp3.1/PicklesDoc.Pickles.Test.dll" adapterTypeName="executor://nunit3testexecutor/" className="PicklesDoc.Pickles.Test.ObjectModel.MapperTestsForStep" name="MapToStep_StepWithDocStringArgument_ReturnStepWithDocString" />
    </UnitTest>
    <UnitTest name="Map_WithResult_ReturnsResult" storage="/users/ericcarlson/repos/pickles/src/pickles/pickles.test/bin/debug/netcoreapp3.1/picklesdoc.pickles.test.dll" id="a03e2c23-c864-b123-24c0-3ec5ce0b2cf3">
      <Execution id="70251efb-99f2-4bcb-8b11-07c2996c2469" />
      <TestMethod codeBase="/Users/ericcarlson/repos/pickles/src/Pickles/Pickles.Test/bin/Debug/netcoreapp3.1/PicklesDoc.Pickles.Test.dll" adapterTypeName="executor://nunit3testexecutor/" className="PicklesDoc.Pickles.Test.ObjectModel.Json.ScenarioToJsonScenarioMapperTests" name="Map_WithResult_ReturnsResult" />
    </UnitTest>
    <UnitTest name="Map_TableWithHeaderRow_ReturnsJsonTableWithHeaderRow" storage="/users/ericcarlson/repos/pickles/src/pickles/pickles.test/bin/debug/netcoreapp3.1/picklesdoc.pickles.test.dll" id="f23064d7-8737-65a1-12a3-24572822c2d1">
      <Execution id="56c42803-5f92-4148-9210-d39a12bdf6cb" />
      <TestMethod codeBase="/Users/ericcarlson/repos/pickles/src/Pickles/Pickles.Test/bin/Debug/netcoreapp3.1/PicklesDoc.Pickles.Test.dll" adapterTypeName="executor://nunit3testexecutor/" className="PicklesDoc.Pickles.Test.ObjectModel.Json.TableToJsonTableMapperTests" name="Map_TableWithHeaderRow_ReturnsJsonTableWithHeaderRow" />
    </UnitTest>
    <UnitTest name="Then_can_parse_scenario_with_comments_successfully" storage="/users/ericcarlson/repos/pickles/src/pickles/pickles.test/bin/debug/netcoreapp3.1/picklesdoc.pickles.test.dll" id="5b3c5d54-7a5e-d899-2d9c-c16dbf4931ca">
      <Execution id="4ed49535-47a2-4ff0-8645-b9654126d314" />
      <TestMethod codeBase="/Users/ericcarlson/repos/pickles/src/Pickles/Pickles.Test/bin/Debug/netcoreapp3.1/PicklesDoc.Pickles.Test.dll" adapterTypeName="executor://nunit3testexecutor/" className="PicklesDoc.Pickles.Test.WhenParsingFeatureFiles" name="Then_can_parse_scenario_with_comments_successfully" />
    </UnitTest>
    <UnitTest name="Map_NotProvided_ReturnsExecutedFalseSuccessfulFalseProvidedFalse" storage="/users/ericcarlson/repos/pickles/src/pickles/pickles.test/bin/debug/netcoreapp3.1/picklesdoc.pickles.test.dll" id="3c3842c3-f734-534b-fecc-cf8c356ba236">
      <Execution id="962641f7-cfdc-4f06-b225-6b0276537d9e" />
      <TestMethod codeBase="/Users/ericcarlson/repos/pickles/src/Pickles/Pickles.Test/bin/Debug/netcoreapp3.1/PicklesDoc.Pickles.Test.dll" adapterTypeName="executor://nunit3testexecutor/" className="PicklesDoc.Pickles.Test.ObjectModel.Json.TestResultToJsonTestResultMapperTests" name="Map_NotProvided_ReturnsExecutedFalseSuccessfulFalseProvidedFalse" />
    </UnitTest>
    <UnitTest name="Then_can_parse_and_ignore_scenario_with_tag_in_configuration_ignore_tag" storage="/users/ericcarlson/repos/pickles/src/pickles/pickles.test/bin/debug/netcoreapp3.1/picklesdoc.pickles.test.dll" id="2c6cc121-0dd5-d647-685b-59af2aa3177a">
      <Execution id="1b20b817-9bcb-42ce-9bea-916da3f787f7" />
      <TestMethod codeBase="/Users/ericcarlson/repos/pickles/src/Pickles/Pickles.Test/bin/Debug/netcoreapp3.1/PicklesDoc.Pickles.Test.dll" adapterTypeName="executor://nunit3testexecutor/" className="PicklesDoc.Pickles.Test.WhenParsingFeatureFiles" name="Then_can_parse_and_ignore_scenario_with_tag_in_configuration_ignore_tag" />
    </UnitTest>
    <UnitTest name="IsRelevant_ValidFile_ReturnsTrue(&quot;image.gif&quot;)" storage="/users/ericcarlson/repos/pickles/src/pickles/pickles.test/bin/debug/netcoreapp3.1/picklesdoc.pickles.test.dll" id="f5d77dae-7864-4aa7-6ea9-efd787914fdc">
      <Execution id="c62c490c-07b4-4e11-bd29-99b63a95d96b" />
      <TestMethod codeBase="/Users/ericcarlson/repos/pickles/src/Pickles/Pickles.Test/bin/Debug/netcoreapp3.1/PicklesDoc.Pickles.Test.dll" adapterTypeName="executor://nunit3testexecutor/" className="PicklesDoc.Pickles.Test.DirectoryCrawlers.ImageFileDetectorTests" name="IsRelevant_ValidFile_ReturnsTrue(&quot;image.gif&quot;)" />
    </UnitTest>
    <UnitTest name="Map_Given_ReturnsGiven" storage="/users/ericcarlson/repos/pickles/src/pickles/pickles.test/bin/debug/netcoreapp3.1/picklesdoc.pickles.test.dll" id="2f10ab10-fdd8-2469-243c-352eb06f9e9c">
      <Execution id="e7e1d32f-686f-4d01-b0bd-340b66f13e1c" />
      <TestMethod codeBase="/Users/ericcarlson/repos/pickles/src/Pickles/Pickles.Test/bin/Debug/netcoreapp3.1/PicklesDoc.Pickles.Test.dll" adapterTypeName="executor://nunit3testexecutor/" className="PicklesDoc.Pickles.Test.ObjectModel.Json.KeywordToJsonKeywordMapperTests" name="Map_Given_ReturnsGiven" />
    </UnitTest>
    <UnitTest name="MapToScenario_RegularScenario_ReturnsScenario" storage="/users/ericcarlson/repos/pickles/src/pickles/pickles.test/bin/debug/netcoreapp3.1/picklesdoc.pickles.test.dll" id="4a414230-905d-7f8d-87d3-8884d0269163">
      <Execution id="751c65f0-6de4-46da-9ce9-8aad26630967" />
      <TestMethod codeBase="/Users/ericcarlson/repos/pickles/src/Pickles/Pickles.Test/bin/Debug/netcoreapp3.1/PicklesDoc.Pickles.Test.dll" adapterTypeName="executor://nunit3testexecutor/" className="PicklesDoc.Pickles.Test.ObjectModel.MapperTestsForScenarioOutline" name="MapToScenario_RegularScenario_ReturnsScenario" />
    </UnitTest>
    <UnitTest name="MapToScenario_RegularScenario_ReturnsScenario" storage="/users/ericcarlson/repos/pickles/src/pickles/pickles.test/bin/debug/netcoreapp3.1/picklesdoc.pickles.test.dll" id="e8e9bd96-bced-3cd1-ed8b-8f1f5cb07968">
      <Execution id="54e97d60-a947-4bd5-86d0-ec5d9d57a73e" />
      <TestMethod codeBase="/Users/ericcarlson/repos/pickles/src/Pickles/Pickles.Test/bin/Debug/netcoreapp3.1/PicklesDoc.Pickles.Test.dll" adapterTypeName="executor://nunit3testexecutor/" className="PicklesDoc.Pickles.Test.ObjectModel.MapperTestsForScenario" name="MapToScenario_RegularScenario_ReturnsScenario" />
    </UnitTest>
    <UnitTest name="LineThatStartsWithEscapedHash_Header5_ShouldRemoveEscapeSign" storage="/users/ericcarlson/repos/pickles/src/pickles/pickles.test/bin/debug/netcoreapp3.1/picklesdoc.pickles.test.dll" id="8e6eb9e8-caeb-6fdc-4c95-879f9b06c4bd">
      <Execution id="f98edb51-b5c7-4c3c-b2a3-4b76d3712d4d" />
      <TestMethod codeBase="/Users/ericcarlson/repos/pickles/src/Pickles/Pickles.Test/bin/Debug/netcoreapp3.1/PicklesDoc.Pickles.Test.dll" adapterTypeName="executor://nunit3testexecutor/" className="PicklesDoc.Pickles.Test.DescriptionProcessorTests" name="LineThatStartsWithEscapedHash_Header5_ShouldRemoveEscapeSign" />
    </UnitTest>
    <UnitTest name="MoveNamespace" storage="/users/ericcarlson/repos/pickles/src/pickles/pickles.test/bin/debug/netcoreapp3.1/picklesdoc.pickles.test.dll" id="a19c62ca-31cc-64e1-f5dd-6b73618efdbd">
      <Execution id="5e0b85ee-d541-41d8-820d-ef9c365da433" />
      <TestMethod codeBase="/Users/ericcarlson/repos/pickles/src/Pickles/Pickles.Test/bin/Debug/netcoreapp3.1/PicklesDoc.Pickles.Test.dll" adapterTypeName="executor://nunit3testexecutor/" className="PicklesDoc.Pickles.Test.NamespaceExtensionsTests" name="MoveNamespace" />
    </UnitTest>
    <UnitTest name="MapToFeature_FeatureWithScenarioDefinitions_ReturnsFeatureWithFeatureElements" storage="/users/ericcarlson/repos/pickles/src/pickles/pickles.test/bin/debug/netcoreapp3.1/picklesdoc.pickles.test.dll" id="e1f51bb1-2532-93e9-0f45-421d8bb3ec2a">
      <Execution id="dbfa31e8-8373-43e2-8b27-a53de8f77c8f" />
      <TestMethod codeBase="/Users/ericcarlson/repos/pickles/src/Pickles/Pickles.Test/bin/Debug/netcoreapp3.1/PicklesDoc.Pickles.Test.dll" adapterTypeName="executor://nunit3testexecutor/" className="PicklesDoc.Pickles.Test.ObjectModel.MapperTestsForFeature" name="MapToFeature_FeatureWithScenarioDefinitions_ReturnsFeatureWithFeatureElements" />
    </UnitTest>
    <UnitTest name="Map_WithTable_ReturnsTableAndNullDocString" storage="/users/ericcarlson/repos/pickles/src/pickles/pickles.test/bin/debug/netcoreapp3.1/picklesdoc.pickles.test.dll" id="d7b9ae62-4462-ee76-b6c5-ced79f1a5234">
      <Execution id="4a752606-0012-4ded-9c66-faee5d18dd50" />
      <TestMethod codeBase="/Users/ericcarlson/repos/pickles/src/Pickles/Pickles.Test/bin/Debug/netcoreapp3.1/PicklesDoc.Pickles.Test.dll" adapterTypeName="executor://nunit3testexecutor/" className="PicklesDoc.Pickles.Test.ObjectModel.Json.StepToJsonStepMapperTests" name="Map_WithTable_ReturnsTableAndNullDocString" />
    </UnitTest>
    <UnitTest name="Map_FeatureWithDescription_ReturnsDescription" storage="/users/ericcarlson/repos/pickles/src/pickles/pickles.test/bin/debug/netcoreapp3.1/picklesdoc.pickles.test.dll" id="e1d5832b-53c8-bd83-2d7b-38a6c413e9e9">
      <Execution id="181e1a4c-27ee-4d8f-bd6d-db044dd326f6" />
      <TestMethod codeBase="/Users/ericcarlson/repos/pickles/src/Pickles/Pickles.Test/bin/Debug/netcoreapp3.1/PicklesDoc.Pickles.Test.dll" adapterTypeName="executor://nunit3testexecutor/" className="PicklesDoc.Pickles.Test.ObjectModel.Json.FeatureToJsonFeatureMapperTests" name="Map_FeatureWithDescription_ReturnsDescription" />
    </UnitTest>
    <UnitTest name="ToUriDirectoryInfo_WithTrailingSlash_ProducesUriWithTrailingSlash" storage="/users/ericcarlson/repos/pickles/src/pickles/pickles.test/bin/debug/netcoreapp3.1/picklesdoc.pickles.test.dll" id="a606fd29-5ae7-b480-ad67-6c591600d344">
      <Execution id="0ebb67a0-e640-45cc-a4a1-e3ad87153512" />
      <TestMethod codeBase="/Users/ericcarlson/repos/pickles/src/Pickles/Pickles.Test/bin/Debug/netcoreapp3.1/PicklesDoc.Pickles.Test.dll" adapterTypeName="executor://nunit3testexecutor/" className="PicklesDoc.Pickles.Test.Extensions.UriExtensionsTests" name="ToUriDirectoryInfo_WithTrailingSlash_ProducesUriWithTrailingSlash" />
    </UnitTest>
    <UnitTest name="Map_NotNull_ReturnsJsonCommentWithSameText" storage="/users/ericcarlson/repos/pickles/src/pickles/pickles.test/bin/debug/netcoreapp3.1/picklesdoc.pickles.test.dll" id="f7e0777a-1331-1f40-67bd-d8c8374f16be">
      <Execution id="df7c39ca-8eab-419f-9640-8034f9b67180" />
      <TestMethod codeBase="/Users/ericcarlson/repos/pickles/src/Pickles/Pickles.Test/bin/Debug/netcoreapp3.1/PicklesDoc.Pickles.Test.dll" adapterTypeName="executor://nunit3testexecutor/" className="PicklesDoc.Pickles.Test.ObjectModel.Json.CommentToJsonCommentMapperTests" name="Map_NotNull_ReturnsJsonCommentWithSameText" />
    </UnitTest>
    <UnitTest name="ThenCanDetectFeatureFilesSuccessfully" storage="/users/ericcarlson/repos/pickles/src/pickles/pickles.test/bin/debug/netcoreapp3.1/picklesdoc.pickles.test.dll" id="14c91b84-b688-7c5e-d960-73e0d6089384">
      <Execution id="75d588e4-e974-4911-aa16-1e94a19553bd" />
      <TestMethod codeBase="/Users/ericcarlson/repos/pickles/src/Pickles/Pickles.Test/bin/Debug/netcoreapp3.1/PicklesDoc.Pickles.Test.dll" adapterTypeName="executor://nunit3testexecutor/" className="PicklesDoc.Pickles.Test.WhenDeterminingRelevantFilesToConsider" name="ThenCanDetectFeatureFilesSuccessfully" />
    </UnitTest>
    <UnitTest name="ToUriFileSystemInfo_DirectoryWithTrailingSlash_ProducesUriWithTrailingSlash" storage="/users/ericcarlson/repos/pickles/src/pickles/pickles.test/bin/debug/netcoreapp3.1/picklesdoc.pickles.test.dll" id="91a1d4f4-07ed-e043-9cbe-b43f79013c8f">
      <Execution id="81e50c05-b6c2-4e77-989c-3299ca773677" />
      <TestMethod codeBase="/Users/ericcarlson/repos/pickles/src/Pickles/Pickles.Test/bin/Debug/netcoreapp3.1/PicklesDoc.Pickles.Test.dll" adapterTypeName="executor://nunit3testexecutor/" className="PicklesDoc.Pickles.Test.Extensions.UriExtensionsTests" name="ToUriFileSystemInfo_DirectoryWithTrailingSlash_ProducesUriWithTrailingSlash" />
    </UnitTest>
    <UnitTest name="ThenCanDetectAllImagesSuccessfully" storage="/users/ericcarlson/repos/pickles/src/pickles/pickles.test/bin/debug/netcoreapp3.1/picklesdoc.pickles.test.dll" id="83e26a96-56bc-6d91-1739-e2e0f0465b03">
      <Execution id="54eef5fe-9a94-46f6-92ed-33ea9abb9bb1" />
      <TestMethod codeBase="/Users/ericcarlson/repos/pickles/src/Pickles/Pickles.Test/bin/Debug/netcoreapp3.1/PicklesDoc.Pickles.Test.dll" adapterTypeName="executor://nunit3testexecutor/" className="PicklesDoc.Pickles.Test.WhenWorkingWithHtmlResources" name="ThenCanDetectAllImagesSuccessfully" />
    </UnitTest>
    <UnitTest name="Map_AnExampleWithDescription_ReturnsAJsonExampleWithName" storage="/users/ericcarlson/repos/pickles/src/pickles/pickles.test/bin/debug/netcoreapp3.1/picklesdoc.pickles.test.dll" id="15bff550-0c48-3ffe-9284-11b3c21248de">
      <Execution id="7e349f1e-41c1-49ae-999e-dc73ed8c5274" />
      <TestMethod codeBase="/Users/ericcarlson/repos/pickles/src/Pickles/Pickles.Test/bin/Debug/netcoreapp3.1/PicklesDoc.Pickles.Test.dll" adapterTypeName="executor://nunit3testexecutor/" className="PicklesDoc.Pickles.Test.ObjectModel.Json.ExampleToJsonExampleMapperTests" name="Map_AnExampleWithDescription_ReturnsAJsonExampleWithName" />
    </UnitTest>
    <UnitTest name="Create_BogusLocationType_AddsEntryToReport" storage="/users/ericcarlson/repos/pickles/src/pickles/pickles.test/bin/debug/netcoreapp3.1/picklesdoc.pickles.test.dll" id="ef50a5c4-5ecf-67d2-2133-62db98825073">
      <Execution id="e70bf5a6-739c-4b47-9bcd-e6f4903136a3" />
      <TestMethod codeBase="/Users/ericcarlson/repos/pickles/src/Pickles/Pickles.Test/bin/Debug/netcoreapp3.1/PicklesDoc.Pickles.Test.dll" adapterTypeName="executor://nunit3testexecutor/" className="PicklesDoc.Pickles.Test.FeatureNodeFactoryTests" name="Create_BogusLocationType_AddsEntryToReport" />
    </UnitTest>
    <UnitTest name="LineThatStartsWithEscapedHash_Header6_ShouldRemoveEscapeSign" storage="/users/ericcarlson/repos/pickles/src/pickles/pickles.test/bin/debug/netcoreapp3.1/picklesdoc.pickles.test.dll" id="74539da9-e8d8-3db8-fc39-faa5f1db68f1">
      <Execution id="cb971157-c7ec-4843-9aaf-4b90a8ef7e51" />
      <TestMethod codeBase="/Users/ericcarlson/repos/pickles/src/Pickles/Pickles.Test/bin/Debug/netcoreapp3.1/PicklesDoc.Pickles.Test.dll" adapterTypeName="executor://nunit3testexecutor/" className="PicklesDoc.Pickles.Test.DescriptionProcessorTests" name="LineThatStartsWithEscapedHash_Header6_ShouldRemoveEscapeSign" />
    </UnitTest>
    <UnitTest name="ThenCanResolveTheSelectedIDocumentationBuilder(Word,PicklesDoc.Pickles.DocumentationBuilders.Word.WordDocumentationBuilder)" storage="/users/ericcarlson/repos/pickles/src/pickles/pickles.test/bin/debug/netcoreapp3.1/picklesdoc.pickles.test.dll" id="9cd5c73f-8266-3b6a-c78a-2aac24b20653">
      <Execution id="b7bf2f41-73ee-45c9-a976-b28947580557" />
      <TestMethod codeBase="/Users/ericcarlson/repos/pickles/src/Pickles/Pickles.Test/bin/Debug/netcoreapp3.1/PicklesDoc.Pickles.Test.dll" adapterTypeName="executor://nunit3testexecutor/" className="PicklesDoc.Pickles.Test.WhenResolvingADocumentationBuilder" name="ThenCanResolveTheSelectedIDocumentationBuilder(Word,PicklesDoc.Pickles.DocumentationBuilders.Word.WordDocumentationBuilder)" />
    </UnitTest>
    <UnitTest name="Map_AnExampleWithName_ReturnsAJsonExampleWithName" storage="/users/ericcarlson/repos/pickles/src/pickles/pickles.test/bin/debug/netcoreapp3.1/picklesdoc.pickles.test.dll" id="47d60e4c-7728-7fa1-ef17-3a29405824ca">
      <Execution id="d2c825aa-a6e4-49c8-b531-02abd2bdf419" />
      <TestMethod codeBase="/Users/ericcarlson/repos/pickles/src/Pickles/Pickles.Test/bin/Debug/netcoreapp3.1/PicklesDoc.Pickles.Test.dll" adapterTypeName="executor://nunit3testexecutor/" className="PicklesDoc.Pickles.Test.ObjectModel.Json.ExampleToJsonExampleMapperTests" name="Map_AnExampleWithName_ReturnsAJsonExampleWithName" />
    </UnitTest>
    <UnitTest name="MapToScenario_Always_MapsFeatureProperty" storage="/users/ericcarlson/repos/pickles/src/pickles/pickles.test/bin/debug/netcoreapp3.1/picklesdoc.pickles.test.dll" id="df26f463-6d21-97d6-0a42-9137aec5ea4c">
      <Execution id="4b7d1549-75f9-4c62-a0e7-b23958ca1ca3" />
      <TestMethod codeBase="/Users/ericcarlson/repos/pickles/src/Pickles/Pickles.Test/bin/Debug/netcoreapp3.1/PicklesDoc.Pickles.Test.dll" adapterTypeName="executor://nunit3testexecutor/" className="PicklesDoc.Pickles.Test.ObjectModel.MapperTestsForScenario" name="MapToScenario_Always_MapsFeatureProperty" />
    </UnitTest>
    <UnitTest name="WhenExperimentalIsEnabled_ResolveStrikeMarkdownProvider" storage="/users/ericcarlson/repos/pickles/src/pickles/pickles.test/bin/debug/netcoreapp3.1/picklesdoc.pickles.test.dll" id="2d57c021-10f4-7573-e131-41b5e641b7f1">
      <Execution id="9d2bd516-44a3-4ee9-bf48-3035cec82834" />
      <TestMethod codeBase="/Users/ericcarlson/repos/pickles/src/Pickles/Pickles.Test/bin/Debug/netcoreapp3.1/PicklesDoc.Pickles.Test.dll" adapterTypeName="executor://nunit3testexecutor/" className="PicklesDoc.Pickles.Test.WhenResolvingAMarkdownProvider" name="WhenExperimentalIsEnabled_ResolveStrikeMarkdownProvider" />
    </UnitTest>
    <UnitTest name="ThenCanResolveTheSelectedIDocumentationBuilderAsSingleton(Cucumber,PicklesDoc.Pickles.DocumentationBuilders.Cucumber.CucumberDocumentationBuilder)" storage="/users/ericcarlson/repos/pickles/src/pickles/pickles.test/bin/debug/netcoreapp3.1/picklesdoc.pickles.test.dll" id="15c6ac4d-16dc-6060-b25a-37948ceea996">
      <Execution id="c2d3d4e8-92d4-4021-a398-554ead41f740" />
      <TestMethod codeBase="/Users/ericcarlson/repos/pickles/src/Pickles/Pickles.Test/bin/Debug/netcoreapp3.1/PicklesDoc.Pickles.Test.dll" adapterTypeName="executor://nunit3testexecutor/" className="PicklesDoc.Pickles.Test.WhenResolvingADocumentationBuilder" name="ThenCanResolveTheSelectedIDocumentationBuilderAsSingleton(Cucumber,PicklesDoc.Pickles.DocumentationBuilders.Cucumber.CucumberDocumentationBuilder)" />
    </UnitTest>
    <UnitTest name="MapToStringDocString_ArgumentWithStringValue_ReturnsThatString" storage="/users/ericcarlson/repos/pickles/src/pickles/pickles.test/bin/debug/netcoreapp3.1/picklesdoc.pickles.test.dll" id="8a192c30-8319-60ca-9b79-083c98f4c139">
      <Execution id="e2b33e6d-d75b-494d-809b-38267466c9d2" />
      <TestMethod codeBase="/Users/ericcarlson/repos/pickles/src/Pickles/Pickles.Test/bin/Debug/netcoreapp3.1/PicklesDoc.Pickles.Test.dll" adapterTypeName="executor://nunit3testexecutor/" className="PicklesDoc.Pickles.Test.ObjectModel.MapperTestsForDocString" name="MapToStringDocString_ArgumentWithStringValue_ReturnsThatString" />
    </UnitTest>
    <UnitTest name="ThenCanParseMostBasicFeatureSuccessfully" storage="/users/ericcarlson/repos/pickles/src/pickles/pickles.test/bin/debug/netcoreapp3.1/picklesdoc.pickles.test.dll" id="1ef557f7-18cb-a8c3-1cc5-a8b4f5dc1b33">
      <Execution id="ef86dc59-6265-40d0-a591-a9039c42e268" />
      <TestMethod codeBase="/Users/ericcarlson/repos/pickles/src/Pickles/Pickles.Test/bin/Debug/netcoreapp3.1/PicklesDoc.Pickles.Test.dll" adapterTypeName="executor://nunit3testexecutor/" className="PicklesDoc.Pickles.Test.WhenParsingFeatureFiles" name="ThenCanParseMostBasicFeatureSuccessfully" />
    </UnitTest>
    <UnitTest name="ThenCanResolveTheSelectedIDocumentationBuilderAsSingleton(Html,PicklesDoc.Pickles.DocumentationBuilders.Html.HtmlDocumentationBuilder)" storage="/users/ericcarlson/repos/pickles/src/pickles/pickles.test/bin/debug/netcoreapp3.1/picklesdoc.pickles.test.dll" id="b407155a-e5fd-8677-d804-23913edba29d">
      <Execution id="f451c2cd-1d34-4305-b35a-39c7a8ff3fb2" />
      <TestMethod codeBase="/Users/ericcarlson/repos/pickles/src/Pickles/Pickles.Test/bin/Debug/netcoreapp3.1/PicklesDoc.Pickles.Test.dll" adapterTypeName="executor://nunit3testexecutor/" className="PicklesDoc.Pickles.Test.WhenResolvingADocumentationBuilder" name="ThenCanResolveTheSelectedIDocumentationBuilderAsSingleton(Html,PicklesDoc.Pickles.DocumentationBuilders.Html.HtmlDocumentationBuilder)" />
    </UnitTest>
    <UnitTest name="Map_NoTags_ReturnsEmptyListOfTags" storage="/users/ericcarlson/repos/pickles/src/pickles/pickles.test/bin/debug/netcoreapp3.1/picklesdoc.pickles.test.dll" id="245405dd-491a-55b3-14cd-299fc71fa07d">
      <Execution id="42bf69a0-a050-495f-8fe6-1a39a22f6098" />
      <TestMethod codeBase="/Users/ericcarlson/repos/pickles/src/Pickles/Pickles.Test/bin/Debug/netcoreapp3.1/PicklesDoc.Pickles.Test.dll" adapterTypeName="executor://nunit3testexecutor/" className="PicklesDoc.Pickles.Test.ObjectModel.Json.ScenarioToJsonScenarioMapperTests" name="Map_NoTags_ReturnsEmptyListOfTags" />
    </UnitTest>
    <UnitTest name="MapToKeyword_ThenInSwedish_ReturnsThen" storage="/users/ericcarlson/repos/pickles/src/pickles/pickles.test/bin/debug/netcoreapp3.1/picklesdoc.pickles.test.dll" id="e31e485a-1cf3-d830-234b-7b05e837d621">
      <Execution id="d3410dd5-7c1e-4f0c-a1c2-3f221b99b7a4" />
      <TestMethod codeBase="/Users/ericcarlson/repos/pickles/src/Pickles/Pickles.Test/bin/Debug/netcoreapp3.1/PicklesDoc.Pickles.Test.dll" adapterTypeName="executor://nunit3testexecutor/" className="PicklesDoc.Pickles.Test.ObjectModel.MappingTestsForKeyword" name="MapToKeyword_ThenInSwedish_ReturnsThen" />
    </UnitTest>
    <UnitTest name="Map_FeatureWithName_ReturnsName" storage="/users/ericcarlson/repos/pickles/src/pickles/pickles.test/bin/debug/netcoreapp3.1/picklesdoc.pickles.test.dll" id="b4df1736-c2bd-dc63-b866-5fc06d2618cb">
      <Execution id="0e68db05-825c-4161-9015-2dd006bb61a5" />
      <TestMethod codeBase="/Users/ericcarlson/repos/pickles/src/Pickles/Pickles.Test/bin/Debug/netcoreapp3.1/PicklesDoc.Pickles.Test.dll" adapterTypeName="executor://nunit3testexecutor/" className="PicklesDoc.Pickles.Test.ObjectModel.Json.FeatureToJsonFeatureMapperTests" name="Map_FeatureWithName_ReturnsName" />
    </UnitTest>
    <UnitTest name="Map_WithDescription_ReturnsDescription" storage="/users/ericcarlson/repos/pickles/src/pickles/pickles.test/bin/debug/netcoreapp3.1/picklesdoc.pickles.test.dll" id="e757d0a0-d7ae-d816-fce8-24ebc2d1e194">
      <Execution id="93e163ee-8d2f-4661-ad89-0cd7acbd0d18" />
      <TestMethod codeBase="/Users/ericcarlson/repos/pickles/src/Pickles/Pickles.Test/bin/Debug/netcoreapp3.1/PicklesDoc.Pickles.Test.dll" adapterTypeName="executor://nunit3testexecutor/" className="PicklesDoc.Pickles.Test.ObjectModel.Json.ScenarioToJsonScenarioMapperTests" name="Map_WithDescription_ReturnsDescription" />
    </UnitTest>
    <UnitTest name="LineThatStartsWithEscapedHash_Header1_ShouldRemoveEscapeSign" storage="/users/ericcarlson/repos/pickles/src/pickles/pickles.test/bin/debug/netcoreapp3.1/picklesdoc.pickles.test.dll" id="8b9757c9-77c1-3693-65ab-02394e92b990">
      <Execution id="e85fded9-df31-44d4-a462-42c0e147bfd2" />
      <TestMethod codeBase="/Users/ericcarlson/repos/pickles/src/Pickles/Pickles.Test/bin/Debug/netcoreapp3.1/PicklesDoc.Pickles.Test.dll" adapterTypeName="executor://nunit3testexecutor/" className="PicklesDoc.Pickles.Test.DescriptionProcessorTests" name="LineThatStartsWithEscapedHash_Header1_ShouldRemoveEscapeSign" />
    </UnitTest>
    <UnitTest name="Map_SomeScenario_ReturnsSomeJsonScenario" storage="/users/ericcarlson/repos/pickles/src/pickles/pickles.test/bin/debug/netcoreapp3.1/picklesdoc.pickles.test.dll" id="e0322fac-aec1-23bb-b284-575e2e1315bf">
      <Execution id="5a10388f-bc2a-4fec-ad43-738663df31d0" />
      <TestMethod codeBase="/Users/ericcarlson/repos/pickles/src/Pickles/Pickles.Test/bin/Debug/netcoreapp3.1/PicklesDoc.Pickles.Test.dll" adapterTypeName="executor://nunit3testexecutor/" className="PicklesDoc.Pickles.Test.ObjectModel.Json.ScenarioToJsonScenarioMapperTests" name="Map_SomeScenario_ReturnsSomeJsonScenario" />
    </UnitTest>
    <UnitTest name="Li_Element_Must_Not_Have_Id_Attribute" storage="/users/ericcarlson/repos/pickles/src/pickles/pickles.test/bin/debug/netcoreapp3.1/picklesdoc.pickles.test.dll" id="a8850aa8-94db-71f8-8aa2-89556cda37d6">
      <Execution id="e617e587-a852-4a70-891c-c97e629cc9e3" />
      <TestMethod codeBase="/Users/ericcarlson/repos/pickles/src/Pickles/Pickles.Test/bin/Debug/netcoreapp3.1/PicklesDoc.Pickles.Test.dll" adapterTypeName="executor://nunit3testexecutor/" className="PicklesDoc.Pickles.Test.Formatters.HtmlScenarioFormatterTests" name="Li_Element_Must_Not_Have_Id_Attribute" />
    </UnitTest>
    <UnitTest name="Map_WithoutStepComments_ReturnsEmptyList" storage="/users/ericcarlson/repos/pickles/src/pickles/pickles.test/bin/debug/netcoreapp3.1/picklesdoc.pickles.test.dll" id="29a3c11d-efc3-2b7f-7226-91220f6ed839">
      <Execution id="be53d886-af27-4341-bfb6-78342db7de70" />
      <TestMethod codeBase="/Users/ericcarlson/repos/pickles/src/Pickles/Pickles.Test/bin/Debug/netcoreapp3.1/PicklesDoc.Pickles.Test.dll" adapterTypeName="executor://nunit3testexecutor/" className="PicklesDoc.Pickles.Test.ObjectModel.Json.StepToJsonStepMapperTests" name="Map_WithoutStepComments_ReturnsEmptyList" />
    </UnitTest>
    <UnitTest name="Map_Example_ReturnsExample" storage="/users/ericcarlson/repos/pickles/src/pickles/pickles.test/bin/debug/netcoreapp3.1/picklesdoc.pickles.test.dll" id="3dd0b31c-7ae7-d396-3cb3-ba9a89f3a4d4">
      <Execution id="bb0b58c5-c5e4-42ab-b5ae-a2eacf76be7c" />
      <TestMethod codeBase="/Users/ericcarlson/repos/pickles/src/Pickles/Pickles.Test/bin/Debug/netcoreapp3.1/PicklesDoc.Pickles.Test.dll" adapterTypeName="executor://nunit3testexecutor/" className="PicklesDoc.Pickles.Test.ObjectModel.Json.ScenarioToJsonScenarioMapperTests" name="Map_Example_ReturnsExample" />
    </UnitTest>
    <UnitTest name="WhenExperimentalIsDisabled_ResolveMarkdownProvider" storage="/users/ericcarlson/repos/pickles/src/pickles/pickles.test/bin/debug/netcoreapp3.1/picklesdoc.pickles.test.dll" id="2ded35d7-32fa-b312-206c-4530f3316064">
      <Execution id="63b85e74-c015-46cb-8e11-d6d7bf5a6228" />
      <TestMethod codeBase="/Users/ericcarlson/repos/pickles/src/Pickles/Pickles.Test/bin/Debug/netcoreapp3.1/PicklesDoc.Pickles.Test.dll" adapterTypeName="executor://nunit3testexecutor/" className="PicklesDoc.Pickles.Test.WhenResolvingAMarkdownProvider" name="WhenExperimentalIsDisabled_ResolveMarkdownProvider" />
    </UnitTest>
    <UnitTest name="MapToScenario_NullScenario_ReturnsNull" storage="/users/ericcarlson/repos/pickles/src/pickles/pickles.test/bin/debug/netcoreapp3.1/picklesdoc.pickles.test.dll" id="b4c3f351-61ef-8930-7ade-7ecfade50bdf">
      <Execution id="3e9241f8-e86a-4024-a62a-6707e8e3a626" />
      <TestMethod codeBase="/Users/ericcarlson/repos/pickles/src/Pickles/Pickles.Test/bin/Debug/netcoreapp3.1/PicklesDoc.Pickles.Test.dll" adapterTypeName="executor://nunit3testexecutor/" className="PicklesDoc.Pickles.Test.ObjectModel.MapperTestsForScenarioOutline" name="MapToScenario_NullScenario_ReturnsNull" />
    </UnitTest>
    <UnitTest name="Create_MarkdownParsingError_AddsEntryToReport" storage="/users/ericcarlson/repos/pickles/src/pickles/pickles.test/bin/debug/netcoreapp3.1/picklesdoc.pickles.test.dll" id="efc98ff6-24a4-3785-7d11-0177db098370">
      <Execution id="2642a582-5d19-4025-8ff9-15d0194d1fba" />
      <TestMethod codeBase="/Users/ericcarlson/repos/pickles/src/Pickles/Pickles.Test/bin/Debug/netcoreapp3.1/PicklesDoc.Pickles.Test.dll" adapterTypeName="executor://nunit3testexecutor/" className="PicklesDoc.Pickles.Test.FeatureNodeFactoryTests" name="Create_MarkdownParsingError_AddsEntryToReport" />
    </UnitTest>
    <UnitTest name="Format_ContentIsFeatureNode_UsesHtmlFeatureFormatterWithCorrectArgument" storage="/users/ericcarlson/repos/pickles/src/pickles/pickles.test/bin/debug/netcoreapp3.1/picklesdoc.pickles.test.dll" id="469a685d-4e1b-0133-054e-35e10cec9810">
      <Execution id="4b9bc073-e544-4837-b942-a0ab08c6403c" />
      <TestMethod codeBase="/Users/ericcarlson/repos/pickles/src/Pickles/Pickles.Test/bin/Debug/netcoreapp3.1/PicklesDoc.Pickles.Test.dll" adapterTypeName="executor://nunit3testexecutor/" className="PicklesDoc.Pickles.Test.Formatters.HtmlContentFormatterTests" name="Format_ContentIsFeatureNode_UsesHtmlFeatureFormatterWithCorrectArgument" />
    </UnitTest>
    <UnitTest name="MapToFeature_FeatureWithDutchLanguage_ReturnsFeatureWithDutch" storage="/users/ericcarlson/repos/pickles/src/pickles/pickles.test/bin/debug/netcoreapp3.1/picklesdoc.pickles.test.dll" id="099963f8-8e00-3f84-3a38-4573687c4438">
      <Execution id="15463c1c-cc1e-466d-b534-2de18327518e" />
      <TestMethod codeBase="/Users/ericcarlson/repos/pickles/src/Pickles/Pickles.Test/bin/Debug/netcoreapp3.1/PicklesDoc.Pickles.Test.dll" adapterTypeName="executor://nunit3testexecutor/" className="PicklesDoc.Pickles.Test.ObjectModel.MapperTestsForFeature" name="MapToFeature_FeatureWithDutchLanguage_ReturnsFeatureWithDutch" />
    </UnitTest>
    <UnitTest name="Get_A_Relative_Path_When_Location_Is_Deeper_Than_Root_Even_When_Root_Contains_End_Slash" storage="/users/ericcarlson/repos/pickles/src/pickles/pickles.test/bin/debug/netcoreapp3.1/picklesdoc.pickles.test.dll" id="46b0f1f2-e2c0-2ed3-c0f5-cf8dfe1ffe79">
      <Execution id="efff492f-f80b-435a-b9d6-9dbb4ae97bdc" />
      <TestMethod codeBase="/Users/ericcarlson/repos/pickles/src/Pickles/Pickles.Test/bin/Debug/netcoreapp3.1/PicklesDoc.Pickles.Test.dll" adapterTypeName="executor://nunit3testexecutor/" className="PicklesDoc.Pickles.Test.Extensions.PathExtensionsTests" name="Get_A_Relative_Path_When_Location_Is_Deeper_Than_Root_Even_When_Root_Contains_End_Slash" />
    </UnitTest>
    <UnitTest name="Merge_PassedInconclusiveAndFailedResults_ShouldReturnFailed" storage="/users/ericcarlson/repos/pickles/src/pickles/pickles.test/bin/debug/netcoreapp3.1/picklesdoc.pickles.test.dll" id="9f075bd6-5d09-682b-185d-903bddefcd8e">
      <Execution id="17a4046b-84cd-49e0-8e0d-fad4ad91d577" />
      <TestMethod codeBase="/Users/ericcarlson/repos/pickles/src/Pickles/Pickles.Test/bin/Debug/netcoreapp3.1/PicklesDoc.Pickles.Test.dll" adapterTypeName="executor://nunit3testexecutor/" className="PicklesDoc.Pickles.Test.TestResultExtensionsTests" name="Merge_PassedInconclusiveAndFailedResults_ShouldReturnFailed" />
    </UnitTest>
    <UnitTest name="MapToScenarioBackground_RegularBackground_ReturnsScenario" storage="/users/ericcarlson/repos/pickles/src/pickles/pickles.test/bin/debug/netcoreapp3.1/picklesdoc.pickles.test.dll" id="f90d61a1-3540-ae8e-65c9-60ef6c04641b">
      <Execution id="17e0b3d2-0f75-466c-8ad2-10a14b9e3a0a" />
      <TestMethod codeBase="/Users/ericcarlson/repos/pickles/src/Pickles/Pickles.Test/bin/Debug/netcoreapp3.1/PicklesDoc.Pickles.Test.dll" adapterTypeName="executor://nunit3testexecutor/" className="PicklesDoc.Pickles.Test.ObjectModel.MapperTestsForBackground" name="MapToScenarioBackground_RegularBackground_ReturnsScenario" />
    </UnitTest>
    <UnitTest name="ToFolderUriString_WithoutTrailingSlash_ValidOutputWithTrailingSlash" storage="/users/ericcarlson/repos/pickles/src/pickles/pickles.test/bin/debug/netcoreapp3.1/picklesdoc.pickles.test.dll" id="37fe9d09-a818-1ef8-df58-f72c0d297037">
      <Execution id="83db8fad-091c-47c8-b473-09c39ae5c9de" />
      <TestMethod codeBase="/Users/ericcarlson/repos/pickles/src/Pickles/Pickles.Test/bin/Debug/netcoreapp3.1/PicklesDoc.Pickles.Test.dll" adapterTypeName="executor://nunit3testexecutor/" className="PicklesDoc.Pickles.Test.Extensions.UriExtensionsTests" name="ToFolderUriString_WithoutTrailingSlash_ValidOutputWithTrailingSlash" />
    </UnitTest>
    <UnitTest name="MapToStringTag_RegularTag_ReturnsStringOfTheTag" storage="/users/ericcarlson/repos/pickles/src/pickles/pickles.test/bin/debug/netcoreapp3.1/picklesdoc.pickles.test.dll" id="a9da35b8-99a8-fe50-9531-fe6e4dd9b7fc">
      <Execution id="f5800020-1dfb-444b-8466-8cc85e598971" />
      <TestMethod codeBase="/Users/ericcarlson/repos/pickles/src/Pickles/Pickles.Test/bin/Debug/netcoreapp3.1/PicklesDoc.Pickles.Test.dll" adapterTypeName="executor://nunit3testexecutor/" className="PicklesDoc.Pickles.Test.ObjectModel.MapperTestsForTag" name="MapToStringTag_RegularTag_ReturnsStringOfTheTag" />
    </UnitTest>
    <UnitTest name="ThenCanDetectAllScriptsSuccessfully" storage="/users/ericcarlson/repos/pickles/src/pickles/pickles.test/bin/debug/netcoreapp3.1/picklesdoc.pickles.test.dll" id="0c97d668-a530-0371-fb9a-28c792581fe6">
      <Execution id="4a5da9c7-1a12-4b11-8b3b-b09850702cff" />
      <TestMethod codeBase="/Users/ericcarlson/repos/pickles/src/Pickles/Pickles.Test/bin/Debug/netcoreapp3.1/PicklesDoc.Pickles.Test.dll" adapterTypeName="executor://nunit3testexecutor/" className="PicklesDoc.Pickles.Test.WhenWorkingWithHtmlResources" name="ThenCanDetectAllScriptsSuccessfully" />
    </UnitTest>
    <UnitTest name="Specification_Scenario2" storage="/users/ericcarlson/repos/pickles/src/pickles/pickles.test/bin/debug/netcoreapp3.1/picklesdoc.pickles.test.dll" id="441fccae-3b8f-46a3-a8ec-69ee090eade3">
      <Execution id="362f95d3-ab3c-4680-9088-458d8feee363" />
      <TestMethod codeBase="/Users/ericcarlson/repos/pickles/src/Pickles/Pickles.Test/bin/Debug/netcoreapp3.1/PicklesDoc.Pickles.Test.dll" adapterTypeName="executor://nunit3testexecutor/" className="PicklesDoc.Pickles.Test.DescriptionProcessorTests" name="Specification_Scenario2" />
    </UnitTest>
    <UnitTest name="Constructor_Default_SetsLanguageToEnglish" storage="/users/ericcarlson/repos/pickles/src/pickles/pickles.test/bin/debug/netcoreapp3.1/picklesdoc.pickles.test.dll" id="0aa79223-629c-5269-1c07-377109cd0bcb">
      <Execution id="686873d4-13cb-4f3d-ab79-6d8fb31ec021" />
      <TestMethod codeBase="/Users/ericcarlson/repos/pickles/src/Pickles/Pickles.Test/bin/Debug/netcoreapp3.1/PicklesDoc.Pickles.Test.dll" adapterTypeName="executor://nunit3testexecutor/" className="PicklesDoc.Pickles.Test.ConfigurationTests" name="Constructor_Default_SetsLanguageToEnglish" />
    </UnitTest>
    <UnitTest name="MapToFeature_FeatureWithComments_ReturnsFeatureWithoutComments_WhenConfigurationSpecifies" storage="/users/ericcarlson/repos/pickles/src/pickles/pickles.test/bin/debug/netcoreapp3.1/picklesdoc.pickles.test.dll" id="ee9a1573-ad49-6697-840a-72c1ec738307">
      <Execution id="ddd6fd2a-7cad-40a8-87ae-83288592c9e5" />
      <TestMethod codeBase="/Users/ericcarlson/repos/pickles/src/Pickles/Pickles.Test/bin/Debug/netcoreapp3.1/PicklesDoc.Pickles.Test.dll" adapterTypeName="executor://nunit3testexecutor/" className="PicklesDoc.Pickles.Test.ObjectModel.MapperTestsForFeature" name="MapToFeature_FeatureWithComments_ReturnsFeatureWithoutComments_WhenConfigurationSpecifies" />
    </UnitTest>
    <UnitTest name="GetEncoding_UTF7BOM_ReturnsUTF" storage="/users/ericcarlson/repos/pickles/src/pickles/pickles.test/bin/debug/netcoreapp3.1/picklesdoc.pickles.test.dll" id="c3fc67c9-f6cc-0277-4e92-395574eb470c">
      <Execution id="bb27a6d1-52cf-4853-9d5b-6e4c9f5c79af" />
      <TestMethod codeBase="/Users/ericcarlson/repos/pickles/src/Pickles/Pickles.Test/bin/Debug/netcoreapp3.1/PicklesDoc.Pickles.Test.dll" adapterTypeName="executor://nunit3testexecutor/" className="PicklesDoc.Pickles.Test.EncodingDetectorTests" name="GetEncoding_UTF7BOM_ReturnsUTF" />
    </UnitTest>
    <UnitTest name="Map_EnglishFeature_SetsNativeKeywordToExamples" storage="/users/ericcarlson/repos/pickles/src/pickles/pickles.test/bin/debug/netcoreapp3.1/picklesdoc.pickles.test.dll" id="ba53ca1c-8fc8-ce7b-1238-7a4281364dad">
      <Execution id="106544a6-9a3b-4f61-919a-8be1a4f9863e" />
      <TestMethod codeBase="/Users/ericcarlson/repos/pickles/src/Pickles/Pickles.Test/bin/Debug/netcoreapp3.1/PicklesDoc.Pickles.Test.dll" adapterTypeName="executor://nunit3testexecutor/" className="PicklesDoc.Pickles.Test.ObjectModel.Json.ExampleToJsonExampleMapperTests" name="Map_EnglishFeature_SetsNativeKeywordToExamples" />
    </UnitTest>
    <UnitTest name="GetRelativeUriTo_DirectoryToFileOutside_ReturnsRelativePath" storage="/users/ericcarlson/repos/pickles/src/pickles/pickles.test/bin/debug/netcoreapp3.1/picklesdoc.pickles.test.dll" id="8b1542e3-99b5-1273-5fd1-a9f37fb26ad5">
      <Execution id="7aa2f854-5c4d-4892-a7b3-e1889bc842c8" />
      <TestMethod codeBase="/Users/ericcarlson/repos/pickles/src/Pickles/Pickles.Test/bin/Debug/netcoreapp3.1/PicklesDoc.Pickles.Test.dll" adapterTypeName="executor://nunit3testexecutor/" className="PicklesDoc.Pickles.Test.DirectoryCrawlers.FolderDirectoryTreeNodeTests" name="GetRelativeUriTo_DirectoryToFileOutside_ReturnsRelativePath" />
    </UnitTest>
    <UnitTest name="MapToTableRow_RowWithCellValues_ReturnsRowContainingThoseValues" storage="/users/ericcarlson/repos/pickles/src/pickles/pickles.test/bin/debug/netcoreapp3.1/picklesdoc.pickles.test.dll" id="9bd1749b-1791-ec4a-f271-7478791738c2">
      <Execution id="e2971e42-0c06-4e14-b865-a66f550e1586" />
      <TestMethod codeBase="/Users/ericcarlson/repos/pickles/src/Pickles/Pickles.Test/bin/Debug/netcoreapp3.1/PicklesDoc.Pickles.Test.dll" adapterTypeName="executor://nunit3testexecutor/" className="PicklesDoc.Pickles.Test.ObjectModel.MapperTestsForDataTable" name="MapToTableRow_RowWithCellValues_ReturnsRowContainingThoseValues" />
    </UnitTest>
    <UnitTest name="Add_NullNode_ThrowArgumentNullException" storage="/users/ericcarlson/repos/pickles/src/pickles/pickles.test/bin/debug/netcoreapp3.1/picklesdoc.pickles.test.dll" id="49bd8a06-7460-8a08-3a2a-32fcb61399a5">
      <Execution id="688d267d-84f5-496a-80b0-369e214ba05c" />
      <TestMethod codeBase="/Users/ericcarlson/repos/pickles/src/Pickles/Pickles.Test/bin/Debug/netcoreapp3.1/PicklesDoc.Pickles.Test.dll" adapterTypeName="executor://nunit3testexecutor/" className="PicklesDoc.Pickles.Test.DataStructures.TreeTests" name="Add_NullNode_ThrowArgumentNullException" />
    </UnitTest>
    <UnitTest name="GetDialect_WithLanguageThatIncludesHyphen_ReturnsThatLanguage" storage="/users/ericcarlson/repos/pickles/src/pickles/pickles.test/bin/debug/netcoreapp3.1/picklesdoc.pickles.test.dll" id="c064a3cb-594b-9f1c-fd00-9c99d07e5d7d">
      <Execution id="f4a68c68-190e-44dd-908f-273bc60b04d0" />
      <TestMethod codeBase="/Users/ericcarlson/repos/pickles/src/Pickles/Pickles.Test/bin/Debug/netcoreapp3.1/PicklesDoc.Pickles.Test.dll" adapterTypeName="executor://nunit3testexecutor/" className="PicklesDoc.Pickles.Test.CultureAwareDialectProviderTests" name="GetDialect_WithLanguageThatIncludesHyphen_ReturnsThatLanguage" />
    </UnitTest>
    <UnitTest name="Map_Null_ReturnsNull" storage="/users/ericcarlson/repos/pickles/src/pickles/pickles.test/bin/debug/netcoreapp3.1/picklesdoc.pickles.test.dll" id="627adc13-8a7b-a068-2e61-4aa81780d9fd">
      <Execution id="488e4a77-5b89-4a72-9eaf-0277730d29b1" />
      <TestMethod codeBase="/Users/ericcarlson/repos/pickles/src/Pickles/Pickles.Test/bin/Debug/netcoreapp3.1/PicklesDoc.Pickles.Test.dll" adapterTypeName="executor://nunit3testexecutor/" className="PicklesDoc.Pickles.Test.ObjectModel.Json.TableToJsonTableMapperTests" name="Map_Null_ReturnsNull" />
    </UnitTest>
    <UnitTest name="Map_WithStepComments_ReturnsThoseComments" storage="/users/ericcarlson/repos/pickles/src/pickles/pickles.test/bin/debug/netcoreapp3.1/picklesdoc.pickles.test.dll" id="2727f611-717b-e830-4bd0-bf3af2242d14">
      <Execution id="c5276c8a-f0a2-4f96-a495-84dd6325dd2f" />
      <TestMethod codeBase="/Users/ericcarlson/repos/pickles/src/Pickles/Pickles.Test/bin/Debug/netcoreapp3.1/PicklesDoc.Pickles.Test.dll" adapterTypeName="executor://nunit3testexecutor/" className="PicklesDoc.Pickles.Test.ObjectModel.Json.StepToJsonStepMapperTests" name="Map_WithStepComments_ReturnsThoseComments" />
    </UnitTest>
    <UnitTest name="Map_NonNullStep_ReturnsJsonStep" storage="/users/ericcarlson/repos/pickles/src/pickles/pickles.test/bin/debug/netcoreapp3.1/picklesdoc.pickles.test.dll" id="4c3b0b4e-8fbb-7811-7a21-4748a52bc3e2">
      <Execution id="6ab7f317-6af6-466d-b36b-807ef913496c" />
      <TestMethod codeBase="/Users/ericcarlson/repos/pickles/src/Pickles/Pickles.Test/bin/Debug/netcoreapp3.1/PicklesDoc.Pickles.Test.dll" adapterTypeName="executor://nunit3testexecutor/" className="PicklesDoc.Pickles.Test.ObjectModel.Json.StepToJsonStepMapperTests" name="Map_NonNullStep_ReturnsJsonStep" />
    </UnitTest>
    <UnitTest name="TableOfContent_Must_Link_Folder_Nodes_To_That_Folders_Index_File" storage="/users/ericcarlson/repos/pickles/src/pickles/pickles.test/bin/debug/netcoreapp3.1/picklesdoc.pickles.test.dll" id="9434f0b6-144d-fa9a-e2fd-7b54edae4153">
      <Execution id="754f12a1-9d2d-4e00-b014-356723587d4d" />
      <TestMethod codeBase="/Users/ericcarlson/repos/pickles/src/Pickles/Pickles.Test/bin/Debug/netcoreapp3.1/PicklesDoc.Pickles.Test.dll" adapterTypeName="executor://nunit3testexecutor/" className="PicklesDoc.Pickles.Test.Formatters.TableOfContentsShouldBeCreatedFromAFolderStructure" name="TableOfContent_Must_Link_Folder_Nodes_To_That_Folders_Index_File" />
    </UnitTest>
    <UnitTest name="ToFileUriString_WithoutTrailingSlash_ValidOutputWithTrailingSlash" storage="/users/ericcarlson/repos/pickles/src/pickles/pickles.test/bin/debug/netcoreapp3.1/picklesdoc.pickles.test.dll" id="79e9a2d5-6fd7-c594-c7c3-6a0aee043d3b">
      <Execution id="12a49114-4fb2-46c9-a710-b9f3956ba1d6" />
      <TestMethod codeBase="/Users/ericcarlson/repos/pickles/src/Pickles/Pickles.Test/bin/Debug/netcoreapp3.1/PicklesDoc.Pickles.Test.dll" adapterTypeName="executor://nunit3testexecutor/" className="PicklesDoc.Pickles.Test.Extensions.UriExtensionsTests" name="ToFileUriString_WithoutTrailingSlash_ValidOutputWithTrailingSlash" />
    </UnitTest>
    <UnitTest name="Map_AnExampleWithTableArgument_ReturnsAJsonExampleWithTableArgument" storage="/users/ericcarlson/repos/pickles/src/pickles/pickles.test/bin/debug/netcoreapp3.1/picklesdoc.pickles.test.dll" id="6608e1a4-2d57-9534-02c8-9ed8cbf3fe3c">
      <Execution id="67217813-c0a0-4837-9192-9d8c91a7d271" />
      <TestMethod codeBase="/Users/ericcarlson/repos/pickles/src/Pickles/Pickles.Test/bin/Debug/netcoreapp3.1/PicklesDoc.Pickles.Test.dll" adapterTypeName="executor://nunit3testexecutor/" className="PicklesDoc.Pickles.Test.ObjectModel.Json.ExampleToJsonExampleMapperTests" name="Map_AnExampleWithTableArgument_ReturnsAJsonExampleWithTableArgument" />
    </UnitTest>
    <UnitTest name="Map_TableRowWithTestResult_ConvertsToJsonTableRowWithTestResult" storage="/users/ericcarlson/repos/pickles/src/pickles/pickles.test/bin/debug/netcoreapp3.1/picklesdoc.pickles.test.dll" id="299d9885-53d7-e812-ce71-f67d71904c3f">
      <Execution id="fe02e646-ac34-41df-be1e-3596875a3d40" />
      <TestMethod codeBase="/Users/ericcarlson/repos/pickles/src/Pickles/Pickles.Test/bin/Debug/netcoreapp3.1/PicklesDoc.Pickles.Test.dll" adapterTypeName="executor://nunit3testexecutor/" className="PicklesDoc.Pickles.Test.ObjectModel.Json.TableRowToJsonTableRowMapperTests" name="Map_TableRowWithTestResult_ConvertsToJsonTableRowWithTestResult" />
    </UnitTest>
    <UnitTest name="ThenCanDetectAllStylesheetsSuccessfully" storage="/users/ericcarlson/repos/pickles/src/pickles/pickles.test/bin/debug/netcoreapp3.1/picklesdoc.pickles.test.dll" id="406df244-d1c3-813e-16f9-3ed6d4fe1b59">
      <Execution id="1c41b2f6-70c8-4e4f-bc67-99f0e2e1a2dc" />
      <TestMethod codeBase="/Users/ericcarlson/repos/pickles/src/Pickles/Pickles.Test/bin/Debug/netcoreapp3.1/PicklesDoc.Pickles.Test.dll" adapterTypeName="executor://nunit3testexecutor/" className="PicklesDoc.Pickles.Test.WhenWorkingWithHtmlResources" name="ThenCanDetectAllStylesheetsSuccessfully" />
    </UnitTest>
    <UnitTest name="ItShouldWasSuccessfulFalseForFeatureXJsonDocument" storage="/users/ericcarlson/repos/pickles/src/pickles/pickles.test/bin/debug/netcoreapp3.1/picklesdoc.pickles.test.dll" id="902de792-f705-6364-b7ff-7e3bf94c757c">
      <Execution id="8b299995-e9dc-426d-bd49-de7d6f491ea1" />
      <TestMethod codeBase="/Users/ericcarlson/repos/pickles/src/Pickles/Pickles.Test/bin/Debug/netcoreapp3.1/PicklesDoc.Pickles.Test.dll" adapterTypeName="executor://nunit3testexecutor/" className="PicklesDoc.Pickles.Test.Formatters.JSON.WhenCreatingAFeatureWithMetaInfoAndTestResultInMstestFormat" name="ItShouldWasSuccessfulFalseForFeatureXJsonDocument" />
    </UnitTest>
    <UnitTest name="Add_NullTree_ThrowArgumentNullException" storage="/users/ericcarlson/repos/pickles/src/pickles/pickles.test/bin/debug/netcoreapp3.1/picklesdoc.pickles.test.dll" id="ddcc81ed-830c-5786-4d28-e9470c566f0e">
      <Execution id="afa31266-faa3-449c-b765-7688f992f64d" />
      <TestMethod codeBase="/Users/ericcarlson/repos/pickles/src/Pickles/Pickles.Test/bin/Debug/netcoreapp3.1/PicklesDoc.Pickles.Test.dll" adapterTypeName="executor://nunit3testexecutor/" className="PicklesDoc.Pickles.Test.DataStructures.TreeTests" name="Add_NullTree_ThrowArgumentNullException" />
    </UnitTest>
    <UnitTest name="WhenSettingTheLanguageInTheConfiguration_ThenCanParseMostBasicFeatureSuccessfully" storage="/users/ericcarlson/repos/pickles/src/pickles/pickles.test/bin/debug/netcoreapp3.1/picklesdoc.pickles.test.dll" id="c266fa7d-acb2-60c9-6e2b-3e6d7d99744e">
      <Execution id="ddff125e-0cf9-43bd-8009-d89477622ce2" />
      <TestMethod codeBase="/Users/ericcarlson/repos/pickles/src/Pickles/Pickles.Test/bin/Debug/netcoreapp3.1/PicklesDoc.Pickles.Test.dll" adapterTypeName="executor://nunit3testexecutor/" className="PicklesDoc.Pickles.Test.WhenParsingLocalizedFeatureFiles" name="WhenSettingTheLanguageInTheConfiguration_ThenCanParseMostBasicFeatureSuccessfully" />
    </UnitTest>
    <UnitTest name="MapToKeyWord_StringGiven_ReturnsGiven" storage="/users/ericcarlson/repos/pickles/src/pickles/pickles.test/bin/debug/netcoreapp3.1/picklesdoc.pickles.test.dll" id="8952b576-6631-ae17-2867-cd3e93cd8ea7">
      <Execution id="f5e62245-0c2d-4358-98c1-a741b84d7a61" />
      <TestMethod codeBase="/Users/ericcarlson/repos/pickles/src/Pickles/Pickles.Test/bin/Debug/netcoreapp3.1/PicklesDoc.Pickles.Test.dll" adapterTypeName="executor://nunit3testexecutor/" className="PicklesDoc.Pickles.Test.ObjectModel.MapperTestsForStep" name="MapToKeyWord_StringGiven_ReturnsGiven" />
    </UnitTest>
    <UnitTest name="Map_SomeFeature_ReturnsJsonFeature" storage="/users/ericcarlson/repos/pickles/src/pickles/pickles.test/bin/debug/netcoreapp3.1/picklesdoc.pickles.test.dll" id="0443b89a-0e19-7897-5ed1-52b3f67c6cf5">
      <Execution id="1ecde895-961d-459a-9143-e44ef81211fe" />
      <TestMethod codeBase="/Users/ericcarlson/repos/pickles/src/Pickles/Pickles.Test/bin/Debug/netcoreapp3.1/PicklesDoc.Pickles.Test.dll" adapterTypeName="executor://nunit3testexecutor/" className="PicklesDoc.Pickles.Test.ObjectModel.Json.FeatureToJsonFeatureMapperTests" name="Map_SomeFeature_ReturnsJsonFeature" />
    </UnitTest>
    <UnitTest name="Specification_Scenario1" storage="/users/ericcarlson/repos/pickles/src/pickles/pickles.test/bin/debug/netcoreapp3.1/picklesdoc.pickles.test.dll" id="45cb73b7-c03c-7dde-9cbf-274f19a6f153">
      <Execution id="c705fb6f-88be-4ad6-a7b3-40b87a97f1e7" />
      <TestMethod codeBase="/Users/ericcarlson/repos/pickles/src/Pickles/Pickles.Test/bin/Debug/netcoreapp3.1/PicklesDoc.Pickles.Test.dll" adapterTypeName="executor://nunit3testexecutor/" className="PicklesDoc.Pickles.Test.DescriptionProcessorTests" name="Specification_Scenario1" />
    </UnitTest>
    <UnitTest name="MapToFeature_Always_MapsFeaturePropertyOfBackground" storage="/users/ericcarlson/repos/pickles/src/pickles/pickles.test/bin/debug/netcoreapp3.1/picklesdoc.pickles.test.dll" id="5b7d7e18-3797-759c-db9a-5e4c609a525d">
      <Execution id="cb444662-e69d-43e2-ac03-9dd34aa03393" />
      <TestMethod codeBase="/Users/ericcarlson/repos/pickles/src/Pickles/Pickles.Test/bin/Debug/netcoreapp3.1/PicklesDoc.Pickles.Test.dll" adapterTypeName="executor://nunit3testexecutor/" className="PicklesDoc.Pickles.Test.ObjectModel.MapperTestsForBackground" name="MapToFeature_Always_MapsFeaturePropertyOfBackground" />
    </UnitTest>
    <UnitTest name="ThenCanFormatTextWithAcronymAsWikiWordSuccessfully" storage="/users/ericcarlson/repos/pickles/src/pickles/pickles.test/bin/debug/netcoreapp3.1/picklesdoc.pickles.test.dll" id="c826d657-b8f4-5226-a39c-eb7188bc6544">
      <Execution id="a227a40c-7316-47d4-8d55-661c3cba80ff" />
      <TestMethod codeBase="/Users/ericcarlson/repos/pickles/src/Pickles/Pickles.Test/bin/Debug/netcoreapp3.1/PicklesDoc.Pickles.Test.dll" adapterTypeName="executor://nunit3testexecutor/" className="PicklesDoc.Pickles.Test.Extensions.StringExtensionsTests" name="ThenCanFormatTextWithAcronymAsWikiWordSuccessfully" />
    </UnitTest>
    <UnitTest name="DefaultLanguage_ReturnsEnglish" storage="/users/ericcarlson/repos/pickles/src/pickles/pickles.test/bin/debug/netcoreapp3.1/picklesdoc.pickles.test.dll" id="eea99d72-2be5-3f19-63ae-66ae53007fed">
      <Execution id="f314558d-966c-4f1c-a973-ecc78ffd6be4" />
      <TestMethod codeBase="/Users/ericcarlson/repos/pickles/src/Pickles/Pickles.Test/bin/Debug/netcoreapp3.1/PicklesDoc.Pickles.Test.dll" adapterTypeName="executor://nunit3testexecutor/" className="PicklesDoc.Pickles.Test.LanguageServicesRegistryTests" name="DefaultLanguage_ReturnsEnglish" />
    </UnitTest>
    <UnitTest name="Then_can_parse_and_remove_tag_in_configuration_remove_technical_tag_from_scenario" storage="/users/ericcarlson/repos/pickles/src/pickles/pickles.test/bin/debug/netcoreapp3.1/picklesdoc.pickles.test.dll" id="920efb33-30de-9f4f-92fb-5da03c8d73d8">
      <Execution id="3178e68a-4559-40a0-ba68-c0eededc8a10" />
      <TestMethod codeBase="/Users/ericcarlson/repos/pickles/src/Pickles/Pickles.Test/bin/Debug/netcoreapp3.1/PicklesDoc.Pickles.Test.dll" adapterTypeName="executor://nunit3testexecutor/" className="PicklesDoc.Pickles.Test.WhenParsingFeatureFiles" name="Then_can_parse_and_remove_tag_in_configuration_remove_technical_tag_from_scenario" />
    </UnitTest>
    <UnitTest name="ItShouldContainWasSuccessfulKeyInJsonDocument" storage="/users/ericcarlson/repos/pickles/src/pickles/pickles.test/bin/debug/netcoreapp3.1/picklesdoc.pickles.test.dll" id="ed1cb2a1-5bce-8780-a88b-05d623ad378e">
      <Execution id="9a39fc3a-d9bd-4ace-b6e6-68f9888dc345" />
      <TestMethod codeBase="/Users/ericcarlson/repos/pickles/src/Pickles/Pickles.Test/bin/Debug/netcoreapp3.1/PicklesDoc.Pickles.Test.dll" adapterTypeName="executor://nunit3testexecutor/" className="PicklesDoc.Pickles.Test.Formatters.JSON.WhenCreatingAFeatureWithMetaInfoAndTestResultInMstestFormat" name="ItShouldContainWasSuccessfulKeyInJsonDocument" />
    </UnitTest>
    <UnitTest name="GetRelativeUriTo_FileToDirectory_ReturnsNodesFileName" storage="/users/ericcarlson/repos/pickles/src/pickles/pickles.test/bin/debug/netcoreapp3.1/picklesdoc.pickles.test.dll" id="523f430c-589f-aafd-1b2b-05118044b2a8">
      <Execution id="cb0b8df3-e1f9-441f-86f5-dd018ce0976a" />
      <TestMethod codeBase="/Users/ericcarlson/repos/pickles/src/Pickles/Pickles.Test/bin/Debug/netcoreapp3.1/PicklesDoc.Pickles.Test.dll" adapterTypeName="executor://nunit3testexecutor/" className="PicklesDoc.Pickles.Test.DirectoryCrawlers.FolderDirectoryTreeNodeTests" name="GetRelativeUriTo_FileToDirectory_ReturnsNodesFileName" />
    </UnitTest>
    <UnitTest name="Map_NullTableRow_ReturnsNull" storage="/users/ericcarlson/repos/pickles/src/pickles/pickles.test/bin/debug/netcoreapp3.1/picklesdoc.pickles.test.dll" id="5dc69bee-0bac-486b-6e0f-6ce7f05461ae">
      <Execution id="744bd687-0379-4878-8a7e-b6539c26a0b6" />
      <TestMethod codeBase="/Users/ericcarlson/repos/pickles/src/Pickles/Pickles.Test/bin/Debug/netcoreapp3.1/PicklesDoc.Pickles.Test.dll" adapterTypeName="executor://nunit3testexecutor/" className="PicklesDoc.Pickles.Test.ObjectModel.Json.TableRowToJsonTableRowMapperTests" name="Map_NullTableRow_ReturnsNull" />
    </UnitTest>
    <UnitTest name="Create_InvalidFileType_AddsEntryToReport" storage="/users/ericcarlson/repos/pickles/src/pickles/pickles.test/bin/debug/netcoreapp3.1/picklesdoc.pickles.test.dll" id="ad9c4f1f-f3c4-4f5a-d866-e8e35b84d47b">
      <Execution id="cfaeaa0c-d3e3-4376-b4bd-55a93dee8df1" />
      <TestMethod codeBase="/Users/ericcarlson/repos/pickles/src/Pickles/Pickles.Test/bin/Debug/netcoreapp3.1/PicklesDoc.Pickles.Test.dll" adapterTypeName="executor://nunit3testexecutor/" className="PicklesDoc.Pickles.Test.FeatureNodeFactoryTests" name="Create_InvalidFileType_AddsEntryToReport" />
    </UnitTest>
    <UnitTest name="MapToScenario_TitleSpecialCharacters_HasValidSlug" storage="/users/ericcarlson/repos/pickles/src/pickles/pickles.test/bin/debug/netcoreapp3.1/picklesdoc.pickles.test.dll" id="5b0b7c95-f6d8-a2fe-eb27-9c403d882838">
      <Execution id="b8de976d-103c-4eea-ad5a-a3c2b089ed69" />
      <TestMethod codeBase="/Users/ericcarlson/repos/pickles/src/Pickles/Pickles.Test/bin/Debug/netcoreapp3.1/PicklesDoc.Pickles.Test.dll" adapterTypeName="executor://nunit3testexecutor/" className="PicklesDoc.Pickles.Test.ObjectModel.MapperTestsForScenario" name="MapToScenario_TitleSpecialCharacters_HasValidSlug" />
    </UnitTest>
    <UnitTest name="ItShouldIndicateWasSuccessfulIsTrue" storage="/users/ericcarlson/repos/pickles/src/pickles/pickles.test/bin/debug/netcoreapp3.1/picklesdoc.pickles.test.dll" id="b26fb74e-729d-8047-377b-8be9da93dbdb">
      <Execution id="cb44eccd-e862-4926-8b97-6f09b6948b7f" />
      <TestMethod codeBase="/Users/ericcarlson/repos/pickles/src/Pickles/Pickles.Test/bin/Debug/netcoreapp3.1/PicklesDoc.Pickles.Test.dll" adapterTypeName="executor://nunit3testexecutor/" className="PicklesDoc.Pickles.Test.Formatters.JSON.WhenCreatingAFeatureWithMetaInfoAndTestResultInMstestFormat" name="ItShouldIndicateWasSuccessfulIsTrue" />
    </UnitTest>
    <UnitTest name="Map_NullStep_ReturnsNull" storage="/users/ericcarlson/repos/pickles/src/pickles/pickles.test/bin/debug/netcoreapp3.1/picklesdoc.pickles.test.dll" id="bcbfdc88-f29f-53aa-6ac7-bd0cbdb624b9">
      <Execution id="2029bd38-e134-432b-bd1e-30b4d0012aaf" />
      <TestMethod codeBase="/Users/ericcarlson/repos/pickles/src/Pickles/Pickles.Test/bin/Debug/netcoreapp3.1/PicklesDoc.Pickles.Test.dll" adapterTypeName="executor://nunit3testexecutor/" className="PicklesDoc.Pickles.Test.ObjectModel.Json.StepToJsonStepMapperTests" name="Map_NullStep_ReturnsNull" />
    </UnitTest>
    <UnitTest name="Map_AnExampleWithTags_ReturnsAJsonExampleWithTags" storage="/users/ericcarlson/repos/pickles/src/pickles/pickles.test/bin/debug/netcoreapp3.1/picklesdoc.pickles.test.dll" id="4d94901a-0408-1f44-6b67-c45adb96b544">
      <Execution id="e40396ff-6ab4-49d2-a8a0-f5c2466ffe69" />
      <TestMethod codeBase="/Users/ericcarlson/repos/pickles/src/Pickles/Pickles.Test/bin/Debug/netcoreapp3.1/PicklesDoc.Pickles.Test.dll" adapterTypeName="executor://nunit3testexecutor/" className="PicklesDoc.Pickles.Test.ObjectModel.Json.ExampleToJsonExampleMapperTests" name="Map_AnExampleWithTags_ReturnsAJsonExampleWithTags" />
    </UnitTest>
    <UnitTest name="ThenCanResolveTheSelectedIDocumentationBuilder(Cucumber,PicklesDoc.Pickles.DocumentationBuilders.Cucumber.CucumberDocumentationBuilder)" storage="/users/ericcarlson/repos/pickles/src/pickles/pickles.test/bin/debug/netcoreapp3.1/picklesdoc.pickles.test.dll" id="90282de9-ec82-4e67-bd23-4cc70ee9315b">
      <Execution id="8b55c671-3ed2-46c9-ac95-3b56ab11e129" />
      <TestMethod codeBase="/Users/ericcarlson/repos/pickles/src/Pickles/Pickles.Test/bin/Debug/netcoreapp3.1/PicklesDoc.Pickles.Test.dll" adapterTypeName="executor://nunit3testexecutor/" className="PicklesDoc.Pickles.Test.WhenResolvingADocumentationBuilder" name="ThenCanResolveTheSelectedIDocumentationBuilder(Cucumber,PicklesDoc.Pickles.DocumentationBuilders.Cucumber.CucumberDocumentationBuilder)" />
    </UnitTest>
    <UnitTest name="Map_TableRowWithCells_ConvertsToJsonTableRow" storage="/users/ericcarlson/repos/pickles/src/pickles/pickles.test/bin/debug/netcoreapp3.1/picklesdoc.pickles.test.dll" id="aef8551c-05cb-2cf2-3f00-57a0d48780f4">
      <Execution id="0b86dcce-3b12-4b6d-aad8-39ff41cb9196" />
      <TestMethod codeBase="/Users/ericcarlson/repos/pickles/src/Pickles/Pickles.Test/bin/Debug/netcoreapp3.1/PicklesDoc.Pickles.Test.dll" adapterTypeName="executor://nunit3testexecutor/" className="PicklesDoc.Pickles.Test.ObjectModel.Json.TableRowToJsonTableRowMapperTests" name="Map_TableRowWithCells_ConvertsToJsonTableRow" />
    </UnitTest>
    <UnitTest name="MapToScenarioOutline_TitleSpecialCharacters_HasValidSlug" storage="/users/ericcarlson/repos/pickles/src/pickles/pickles.test/bin/debug/netcoreapp3.1/picklesdoc.pickles.test.dll" id="ea670fd5-fafa-be15-3f39-ea160de405a5">
      <Execution id="b82a667e-42a0-4458-ade7-b5b90728ff27" />
      <TestMethod codeBase="/Users/ericcarlson/repos/pickles/src/Pickles/Pickles.Test/bin/Debug/netcoreapp3.1/PicklesDoc.Pickles.Test.dll" adapterTypeName="executor://nunit3testexecutor/" className="PicklesDoc.Pickles.Test.ObjectModel.MapperTestsForScenarioOutline" name="MapToScenarioOutline_TitleSpecialCharacters_HasValidSlug" />
    </UnitTest>
    <UnitTest name="Then_can_parse_scenario_with_tags_successfully" storage="/users/ericcarlson/repos/pickles/src/pickles/pickles.test/bin/debug/netcoreapp3.1/picklesdoc.pickles.test.dll" id="3469300e-035a-5249-282c-445c8034c44b">
      <Execution id="ba6d8606-00ec-48df-abef-62f859fa3e8c" />
      <TestMethod codeBase="/Users/ericcarlson/repos/pickles/src/Pickles/Pickles.Test/bin/Debug/netcoreapp3.1/PicklesDoc.Pickles.Test.dll" adapterTypeName="executor://nunit3testexecutor/" className="PicklesDoc.Pickles.Test.WhenParsingFeatureFiles" name="Then_can_parse_scenario_with_tags_successfully" />
    </UnitTest>
    <UnitTest name="Map_And_ReturnsAnd" storage="/users/ericcarlson/repos/pickles/src/pickles/pickles.test/bin/debug/netcoreapp3.1/picklesdoc.pickles.test.dll" id="33105edf-e833-84c3-9d73-5c48e0d690f3">
      <Execution id="b7ab457b-9de2-457e-9f94-a63d625661e3" />
      <TestMethod codeBase="/Users/ericcarlson/repos/pickles/src/Pickles/Pickles.Test/bin/Debug/netcoreapp3.1/PicklesDoc.Pickles.Test.dll" adapterTypeName="executor://nunit3testexecutor/" className="PicklesDoc.Pickles.Test.ObjectModel.Json.KeywordToJsonKeywordMapperTests" name="Map_And_ReturnsAnd" />
    </UnitTest>
    <UnitTest name="ToUriFileSystemInfo_FileInfo_ProducesUri" storage="/users/ericcarlson/repos/pickles/src/pickles/pickles.test/bin/debug/netcoreapp3.1/picklesdoc.pickles.test.dll" id="facb13ba-4279-8129-3d61-b8f32c8851aa">
      <Execution id="9dd4fa77-f5a5-47db-9e2c-de741b5679c5" />
      <TestMethod codeBase="/Users/ericcarlson/repos/pickles/src/Pickles/Pickles.Test/bin/Debug/netcoreapp3.1/PicklesDoc.Pickles.Test.dll" adapterTypeName="executor://nunit3testexecutor/" className="PicklesDoc.Pickles.Test.Extensions.UriExtensionsTests" name="ToUriFileSystemInfo_FileInfo_ProducesUri" />
    </UnitTest>
    <UnitTest name="ToUriFileInfo_NormalFilename_ProducesUri" storage="/users/ericcarlson/repos/pickles/src/pickles/pickles.test/bin/debug/netcoreapp3.1/picklesdoc.pickles.test.dll" id="216afdda-9f90-6646-2d48-d4b3f580d4ec">
      <Execution id="cad76c25-ff38-4916-b1d5-ffc642fed960" />
      <TestMethod codeBase="/Users/ericcarlson/repos/pickles/src/Pickles/Pickles.Test/bin/Debug/netcoreapp3.1/PicklesDoc.Pickles.Test.dll" adapterTypeName="executor://nunit3testexecutor/" className="PicklesDoc.Pickles.Test.Extensions.UriExtensionsTests" name="ToUriFileInfo_NormalFilename_ProducesUri" />
    </UnitTest>
    <UnitTest name="ThenCanFormatTextWithNumberFollowedByCapitalAsWikiWordSuccessfully" storage="/users/ericcarlson/repos/pickles/src/pickles/pickles.test/bin/debug/netcoreapp3.1/picklesdoc.pickles.test.dll" id="81765902-660e-6877-86d8-ec70f35715ec">
      <Execution id="ac4325f5-61a0-4015-a26f-a69f8469f97f" />
      <TestMethod codeBase="/Users/ericcarlson/repos/pickles/src/Pickles/Pickles.Test/bin/Debug/netcoreapp3.1/PicklesDoc.Pickles.Test.dll" adapterTypeName="executor://nunit3testexecutor/" className="PicklesDoc.Pickles.Test.Extensions.StringExtensionsTests" name="ThenCanFormatTextWithNumberFollowedByCapitalAsWikiWordSuccessfully" />
    </UnitTest>
    <UnitTest name="MapToExample_NullExamples_ReturnsNullExample" storage="/users/ericcarlson/repos/pickles/src/pickles/pickles.test/bin/debug/netcoreapp3.1/picklesdoc.pickles.test.dll" id="f68824d7-0984-58d5-473e-d248d29d1f81">
      <Execution id="c01e3702-907f-4c33-b606-d323a2a31a8f" />
      <TestMethod codeBase="/Users/ericcarlson/repos/pickles/src/Pickles/Pickles.Test/bin/Debug/netcoreapp3.1/PicklesDoc.Pickles.Test.dll" adapterTypeName="executor://nunit3testexecutor/" className="PicklesDoc.Pickles.Test.ObjectModel.MapperTestsForExample" name="MapToExample_NullExamples_ReturnsNullExample" />
    </UnitTest>
    <UnitTest name="MapToScenario_BackgroundWithNullDescription_ReturnsScenarioWithEmptyDescription" storage="/users/ericcarlson/repos/pickles/src/pickles/pickles.test/bin/debug/netcoreapp3.1/picklesdoc.pickles.test.dll" id="2f32466c-54e6-c512-f429-2080bcc91825">
      <Execution id="afd6dfe9-4f2e-417a-80a9-df337408667e" />
      <TestMethod codeBase="/Users/ericcarlson/repos/pickles/src/Pickles/Pickles.Test/bin/Debug/netcoreapp3.1/PicklesDoc.Pickles.Test.dll" adapterTypeName="executor://nunit3testexecutor/" className="PicklesDoc.Pickles.Test.ObjectModel.MapperTestsForBackground" name="MapToScenario_BackgroundWithNullDescription_ReturnsScenarioWithEmptyDescription" />
    </UnitTest>
    <UnitTest name="MapToFeature_FeatureWithBackground_ReturnsFeatureWithBackground" storage="/users/ericcarlson/repos/pickles/src/pickles/pickles.test/bin/debug/netcoreapp3.1/picklesdoc.pickles.test.dll" id="d08c1047-4425-a8ef-3977-424f7044543c">
      <Execution id="61341ab1-e180-47ce-8a18-663ac79a4ceb" />
      <TestMethod codeBase="/Users/ericcarlson/repos/pickles/src/Pickles/Pickles.Test/bin/Debug/netcoreapp3.1/PicklesDoc.Pickles.Test.dll" adapterTypeName="executor://nunit3testexecutor/" className="PicklesDoc.Pickles.Test.ObjectModel.MapperTestsForFeature" name="MapToFeature_FeatureWithBackground_ReturnsFeatureWithBackground" />
    </UnitTest>
    <UnitTest name="ThenCanResolveTheSelectedIDocumentationBuilder(Html,PicklesDoc.Pickles.DocumentationBuilders.Html.HtmlDocumentationBuilder)" storage="/users/ericcarlson/repos/pickles/src/pickles/pickles.test/bin/debug/netcoreapp3.1/picklesdoc.pickles.test.dll" id="ae41c349-5474-73e3-363c-e03b2af702b4">
      <Execution id="4ea7535e-7c93-4bde-9001-9ec44a8a2032" />
      <TestMethod codeBase="/Users/ericcarlson/repos/pickles/src/Pickles/Pickles.Test/bin/Debug/netcoreapp3.1/PicklesDoc.Pickles.Test.dll" adapterTypeName="executor://nunit3testexecutor/" className="PicklesDoc.Pickles.Test.WhenResolvingADocumentationBuilder" name="ThenCanResolveTheSelectedIDocumentationBuilder(Html,PicklesDoc.Pickles.DocumentationBuilders.Html.HtmlDocumentationBuilder)" />
    </UnitTest>
  </TestDefinitions>
  <TestEntries>
    <TestEntry testId="15bff550-0c48-3ffe-9284-11b3c21248de" executionId="7e349f1e-41c1-49ae-999e-dc73ed8c5274" testListId="8c84fa94-04c1-424b-9868-57a2d4851a1d" />
    <TestEntry testId="2ecfc0bc-21d0-9225-7733-601491925d83" executionId="c5fb39ca-32dc-4d8a-8f5c-cbac6ae0b692" testListId="8c84fa94-04c1-424b-9868-57a2d4851a1d" />
    <TestEntry testId="f5d77dae-7864-4aa7-6ea9-efd787914fdc" executionId="c62c490c-07b4-4e11-bd29-99b63a95d96b" testListId="8c84fa94-04c1-424b-9868-57a2d4851a1d" />
    <TestEntry testId="8952b576-6631-ae17-2867-cd3e93cd8ea7" executionId="f5e62245-0c2d-4358-98c1-a741b84d7a61" testListId="8c84fa94-04c1-424b-9868-57a2d4851a1d" />
    <TestEntry testId="061dd521-a1d0-0649-a878-d6361edc5bc9" executionId="51080f5a-96a4-48c0-9558-67b24562698c" testListId="8c84fa94-04c1-424b-9868-57a2d4851a1d" />
    <TestEntry testId="cfc02a44-6328-e237-93b8-8ccd4232e507" executionId="e3f204db-0330-4eb6-b45e-f1315621073e" testListId="8c84fa94-04c1-424b-9868-57a2d4851a1d" />
    <TestEntry testId="3019d3c2-0c54-5274-c78e-81740248b858" executionId="897e2148-9f67-4240-9913-8d9112631097" testListId="8c84fa94-04c1-424b-9868-57a2d4851a1d" />
    <TestEntry testId="085184fe-e868-8379-b878-742948946639" executionId="f970529a-2441-458f-a3f7-2f1951d4ba5c" testListId="8c84fa94-04c1-424b-9868-57a2d4851a1d" />
    <TestEntry testId="055dd1b0-0a2c-8108-d65a-6f6f4684a4ce" executionId="d5cf3b31-f852-44c7-b6ab-861c36d6e53d" testListId="8c84fa94-04c1-424b-9868-57a2d4851a1d" />
    <TestEntry testId="e1aea241-43f3-513e-2ce9-d6146ae98a5b" executionId="0f394001-7126-485d-8672-7950a4db8282" testListId="8c84fa94-04c1-424b-9868-57a2d4851a1d" />
    <TestEntry testId="bc057af5-36ed-77fb-c2b2-4b62175a9d61" executionId="40665e54-0bb4-4a10-862f-e012a4187321" testListId="8c84fa94-04c1-424b-9868-57a2d4851a1d" />
    <TestEntry testId="d7b9ae62-4462-ee76-b6c5-ced79f1a5234" executionId="4a752606-0012-4ded-9c66-faee5d18dd50" testListId="8c84fa94-04c1-424b-9868-57a2d4851a1d" />
    <TestEntry testId="54394cfc-30d0-1b21-a9c9-bf82c6c4e0e4" executionId="797fdfbb-a23a-4526-a481-13de3202e763" testListId="8c84fa94-04c1-424b-9868-57a2d4851a1d" />
    <TestEntry testId="e1d5832b-53c8-bd83-2d7b-38a6c413e9e9" executionId="181e1a4c-27ee-4d8f-bd6d-db044dd326f6" testListId="8c84fa94-04c1-424b-9868-57a2d4851a1d" />
    <TestEntry testId="d08c1047-4425-a8ef-3977-424f7044543c" executionId="61341ab1-e180-47ce-8a18-663ac79a4ceb" testListId="8c84fa94-04c1-424b-9868-57a2d4851a1d" />
    <TestEntry testId="f68824d7-0984-58d5-473e-d248d29d1f81" executionId="c01e3702-907f-4c33-b606-d323a2a31a8f" testListId="8c84fa94-04c1-424b-9868-57a2d4851a1d" />
    <TestEntry testId="47d60e4c-7728-7fa1-ef17-3a29405824ca" executionId="d2c825aa-a6e4-49c8-b531-02abd2bdf419" testListId="8c84fa94-04c1-424b-9868-57a2d4851a1d" />
    <TestEntry testId="69d56e98-4eff-4355-eeb5-6709592411a0" executionId="79a07a3b-decf-4213-8cbb-8400994e196d" testListId="8c84fa94-04c1-424b-9868-57a2d4851a1d" />
    <TestEntry testId="902de792-f705-6364-b7ff-7e3bf94c757c" executionId="8b299995-e9dc-426d-bd49-de7d6f491ea1" testListId="8c84fa94-04c1-424b-9868-57a2d4851a1d" />
    <TestEntry testId="49bd8a06-7460-8a08-3a2a-32fcb61399a5" executionId="688d267d-84f5-496a-80b0-369e214ba05c" testListId="8c84fa94-04c1-424b-9868-57a2d4851a1d" />
    <TestEntry testId="0537d0ef-2381-cd61-1563-2c44728b16d8" executionId="f6e9e411-37dd-4cbe-bbc1-50737a7ea3f4" testListId="8c84fa94-04c1-424b-9868-57a2d4851a1d" />
    <TestEntry testId="f42df295-0a09-b35f-0a4f-b6a4d09ce712" executionId="3dd3cedd-85e2-45a9-bce3-a45ef7711ef8" testListId="8c84fa94-04c1-424b-9868-57a2d4851a1d" />
    <TestEntry testId="e31e485a-1cf3-d830-234b-7b05e837d621" executionId="d3410dd5-7c1e-4f0c-a1c2-3f221b99b7a4" testListId="8c84fa94-04c1-424b-9868-57a2d4851a1d" />
    <TestEntry testId="e8b0726c-36bd-6c85-dd69-b7de9bafab06" executionId="abfbd80d-38d7-457e-b071-c502e016b295" testListId="8c84fa94-04c1-424b-9868-57a2d4851a1d" />
    <TestEntry testId="b2f41475-071c-06b4-373d-577f6af5c5d6" executionId="d79262ed-74d2-4e9d-bd0a-e901854232ba" testListId="8c84fa94-04c1-424b-9868-57a2d4851a1d" />
    <TestEntry testId="5b735e33-8631-fc28-0819-93b4df2659c4" executionId="6127b000-b7aa-48fa-b1f3-5665f6a88cc3" testListId="8c84fa94-04c1-424b-9868-57a2d4851a1d" />
    <TestEntry testId="aef537d8-2872-7fbb-f05d-3fcdf7a673b8" executionId="9d34dd59-24bf-4e51-bf73-048420d3a657" testListId="8c84fa94-04c1-424b-9868-57a2d4851a1d" />
    <TestEntry testId="c9dbbac5-4686-fc9f-849b-ef7f10b63035" executionId="def4e72c-277a-45dd-9923-ae74e232bc40" testListId="8c84fa94-04c1-424b-9868-57a2d4851a1d" />
    <TestEntry testId="df26f463-6d21-97d6-0a42-9137aec5ea4c" executionId="4b7d1549-75f9-4c62-a0e7-b23958ca1ca3" testListId="8c84fa94-04c1-424b-9868-57a2d4851a1d" />
    <TestEntry testId="2d57c021-10f4-7573-e131-41b5e641b7f1" executionId="9d2bd516-44a3-4ee9-bf48-3035cec82834" testListId="8c84fa94-04c1-424b-9868-57a2d4851a1d" />
    <TestEntry testId="69dcc676-4ef6-c241-adb3-07e8c9464faa" executionId="76bacb10-79a4-4a67-9c2a-d25fd4a91607" testListId="8c84fa94-04c1-424b-9868-57a2d4851a1d" />
    <TestEntry testId="cd326f26-4b5c-a5b5-7db2-4bedf97529df" executionId="ca07497e-ad63-4c3e-ac19-4b5f25398e3b" testListId="8c84fa94-04c1-424b-9868-57a2d4851a1d" />
    <TestEntry testId="023432c7-067d-a2df-fa8e-8d2b0c485356" executionId="a9425b2c-d076-4df4-b0e2-1d95f18cb9ad" testListId="8c84fa94-04c1-424b-9868-57a2d4851a1d" />
    <TestEntry testId="ad9c4f1f-f3c4-4f5a-d866-e8e35b84d47b" executionId="cfaeaa0c-d3e3-4376-b4bd-55a93dee8df1" testListId="8c84fa94-04c1-424b-9868-57a2d4851a1d" />
    <TestEntry testId="66492ce0-50fe-4131-fc04-f0f70d82b725" executionId="03eec66f-5d55-4ae2-9de4-a0f1db918bd8" testListId="8c84fa94-04c1-424b-9868-57a2d4851a1d" />
    <TestEntry testId="4d389c4f-c1a4-9777-3cc5-f0470e77453d" executionId="6f3fea37-d2ad-4227-a62b-92b05663df35" testListId="8c84fa94-04c1-424b-9868-57a2d4851a1d" />
    <TestEntry testId="0c97d668-a530-0371-fb9a-28c792581fe6" executionId="4a5da9c7-1a12-4b11-8b3b-b09850702cff" testListId="8c84fa94-04c1-424b-9868-57a2d4851a1d" />
    <TestEntry testId="10fcbc64-84e0-4168-f0c5-d1d525e9969f" executionId="1f17c96d-d2be-42c5-9d82-3c5dda155c56" testListId="8c84fa94-04c1-424b-9868-57a2d4851a1d" />
    <TestEntry testId="46b0f1f2-e2c0-2ed3-c0f5-cf8dfe1ffe79" executionId="efff492f-f80b-435a-b9d6-9dbb4ae97bdc" testListId="8c84fa94-04c1-424b-9868-57a2d4851a1d" />
    <TestEntry testId="8b1542e3-99b5-1273-5fd1-a9f37fb26ad5" executionId="7aa2f854-5c4d-4892-a7b3-e1889bc842c8" testListId="8c84fa94-04c1-424b-9868-57a2d4851a1d" />
    <TestEntry testId="b0f8f278-b262-e750-8aa3-1ea9a3b22ed7" executionId="cba152e8-d6e8-4c6f-8fd9-f5b1d0ee042b" testListId="8c84fa94-04c1-424b-9868-57a2d4851a1d" />
    <TestEntry testId="eea99d72-2be5-3f19-63ae-66ae53007fed" executionId="f314558d-966c-4f1c-a973-ecc78ffd6be4" testListId="8c84fa94-04c1-424b-9868-57a2d4851a1d" />
    <TestEntry testId="ab19ff46-498b-9420-1130-607f4dc077aa" executionId="4efa0280-63a4-4dda-969e-b9b4d963c564" testListId="8c84fa94-04c1-424b-9868-57a2d4851a1d" />
    <TestEntry testId="54bb1776-45b9-440f-39dc-4b42c206b81f" executionId="2e387a03-eafc-4a09-b99a-920e9b9f123b" testListId="8c84fa94-04c1-424b-9868-57a2d4851a1d" />
    <TestEntry testId="1ae221e2-cbc4-5083-5871-886c8bde94bb" executionId="83e01c22-49a2-4935-bf66-1589d7a5038a" testListId="8c84fa94-04c1-424b-9868-57a2d4851a1d" />
    <TestEntry testId="684a3b2a-9d14-8186-77c4-3617426330bc" executionId="70fe5122-a4df-4095-8548-8e706811bf3b" testListId="8c84fa94-04c1-424b-9868-57a2d4851a1d" />
    <TestEntry testId="3945d961-caf9-46f1-6226-8ce537af5d08" executionId="5a12f530-0eeb-44fd-b96c-1fd28652d6ac" testListId="8c84fa94-04c1-424b-9868-57a2d4851a1d" />
    <TestEntry testId="e8e9bd96-bced-3cd1-ed8b-8f1f5cb07968" executionId="54e97d60-a947-4bd5-86d0-ec5d9d57a73e" testListId="8c84fa94-04c1-424b-9868-57a2d4851a1d" />
    <TestEntry testId="83e26a96-56bc-6d91-1739-e2e0f0465b03" executionId="54eef5fe-9a94-46f6-92ed-33ea9abb9bb1" testListId="8c84fa94-04c1-424b-9868-57a2d4851a1d" />
    <TestEntry testId="a9da35b8-99a8-fe50-9531-fe6e4dd9b7fc" executionId="f5800020-1dfb-444b-8466-8cc85e598971" testListId="8c84fa94-04c1-424b-9868-57a2d4851a1d" />
    <TestEntry testId="c39cdb82-dd1e-353a-b6fd-bd61b49d028c" executionId="fd9a9ba1-eadb-4c01-b5b4-061064509913" testListId="8c84fa94-04c1-424b-9868-57a2d4851a1d" />
    <TestEntry testId="b566615a-6a0e-ff7f-fdc9-66bffe7a7647" executionId="aad55ff1-31b3-48be-8714-8509ea025283" testListId="8c84fa94-04c1-424b-9868-57a2d4851a1d" />
    <TestEntry testId="7355de11-ecb9-78c1-e9a7-a6ad6863c717" executionId="153a3300-1844-4a4c-963f-5ffe48ac36a9" testListId="8c84fa94-04c1-424b-9868-57a2d4851a1d" />
    <TestEntry testId="bcbfdc88-f29f-53aa-6ac7-bd0cbdb624b9" executionId="2029bd38-e134-432b-bd1e-30b4d0012aaf" testListId="8c84fa94-04c1-424b-9868-57a2d4851a1d" />
    <TestEntry testId="7bb5e631-9147-0063-5795-e8fe0b38a046" executionId="2ca13e79-3b45-4536-a17b-47a3fb39c4dd" testListId="8c84fa94-04c1-424b-9868-57a2d4851a1d" />
    <TestEntry testId="91630d50-5bca-7acf-6341-4417c7067c35" executionId="aa5a0dd3-f39d-4e18-9567-71eb8d5905ac" testListId="8c84fa94-04c1-424b-9868-57a2d4851a1d" />
    <TestEntry testId="74539da9-e8d8-3db8-fc39-faa5f1db68f1" executionId="cb971157-c7ec-4843-9aaf-4b90a8ef7e51" testListId="8c84fa94-04c1-424b-9868-57a2d4851a1d" />
    <TestEntry testId="ae41c349-5474-73e3-363c-e03b2af702b4" executionId="4ea7535e-7c93-4bde-9001-9ec44a8a2032" testListId="8c84fa94-04c1-424b-9868-57a2d4851a1d" />
    <TestEntry testId="77906bed-4a7d-5521-51c2-4f3d836434ba" executionId="2b74537b-23fd-4e42-bd16-81d070ddd961" testListId="8c84fa94-04c1-424b-9868-57a2d4851a1d" />
    <TestEntry testId="33105edf-e833-84c3-9d73-5c48e0d690f3" executionId="b7ab457b-9de2-457e-9f94-a63d625661e3" testListId="8c84fa94-04c1-424b-9868-57a2d4851a1d" />
    <TestEntry testId="9896fd01-1602-19ad-40eb-c38536268da9" executionId="571ac403-f274-491f-a43a-3a72ff055ea3" testListId="8c84fa94-04c1-424b-9868-57a2d4851a1d" />
    <TestEntry testId="f8a55f69-4bb6-f4ce-d8cb-672a9c4c9f03" executionId="9abaa824-6b20-4724-a8b3-9eba9f6abc94" testListId="8c84fa94-04c1-424b-9868-57a2d4851a1d" />
    <TestEntry testId="d1607d13-bf37-a017-7c4d-310c80ac28d2" executionId="2c3b79d4-eed9-496e-8973-ae2be667b0e3" testListId="8c84fa94-04c1-424b-9868-57a2d4851a1d" />
    <TestEntry testId="f2a4d10f-7a23-0d3b-b616-b37bcd3d7f3d" executionId="efe1d415-f058-4b39-8fa3-67c9732abfee" testListId="8c84fa94-04c1-424b-9868-57a2d4851a1d" />
    <TestEntry testId="359602d4-5c8b-a71b-3178-d67e251b597f" executionId="18536df5-fe9c-4f9a-b767-ae4c9439a96d" testListId="8c84fa94-04c1-424b-9868-57a2d4851a1d" />
    <TestEntry testId="406df244-d1c3-813e-16f9-3ed6d4fe1b59" executionId="1c41b2f6-70c8-4e4f-bc67-99f0e2e1a2dc" testListId="8c84fa94-04c1-424b-9868-57a2d4851a1d" />
    <TestEntry testId="33ddece8-ef6e-de86-ff9f-62192d743904" executionId="acc134a6-1f4f-449e-b909-2e91e3ec35cb" testListId="8c84fa94-04c1-424b-9868-57a2d4851a1d" />
    <TestEntry testId="7537e683-3e74-548a-5552-941c0a3f0e36" executionId="af140163-93c3-4959-a2eb-202d4066a000" testListId="8c84fa94-04c1-424b-9868-57a2d4851a1d" />
    <TestEntry testId="99a25f48-0d46-1e4c-d856-1a93a4215220" executionId="9aa0b118-ee4c-4584-a6b6-d378c196ee86" testListId="8c84fa94-04c1-424b-9868-57a2d4851a1d" />
    <TestEntry testId="5dc69bee-0bac-486b-6e0f-6ce7f05461ae" executionId="744bd687-0379-4878-8a7e-b6539c26a0b6" testListId="8c84fa94-04c1-424b-9868-57a2d4851a1d" />
    <TestEntry testId="2f32466c-54e6-c512-f429-2080bcc91825" executionId="afd6dfe9-4f2e-417a-80a9-df337408667e" testListId="8c84fa94-04c1-424b-9868-57a2d4851a1d" />
    <TestEntry testId="8a192c30-8319-60ca-9b79-083c98f4c139" executionId="e2b33e6d-d75b-494d-809b-38267466c9d2" testListId="8c84fa94-04c1-424b-9868-57a2d4851a1d" />
    <TestEntry testId="7d4b2fb4-4f47-e69c-8783-b5d5edc4e395" executionId="c158ee47-9438-40a8-a3e2-f1ddffd6918e" testListId="8c84fa94-04c1-424b-9868-57a2d4851a1d" />
    <TestEntry testId="2c6cc121-0dd5-d647-685b-59af2aa3177a" executionId="1b20b817-9bcb-42ce-9bea-916da3f787f7" testListId="8c84fa94-04c1-424b-9868-57a2d4851a1d" />
    <TestEntry testId="efc98ff6-24a4-3785-7d11-0177db098370" executionId="2642a582-5d19-4025-8ff9-15d0194d1fba" testListId="8c84fa94-04c1-424b-9868-57a2d4851a1d" />
    <TestEntry testId="f1eb8b6a-9375-3801-5631-df4597432bd1" executionId="b6170b1e-c111-41ca-9654-6b47e1eedca8" testListId="8c84fa94-04c1-424b-9868-57a2d4851a1d" />
    <TestEntry testId="22e52513-2df6-8c27-3e3b-511650413f71" executionId="015a533c-8ad6-41a4-bf03-4e1ef7622aca" testListId="8c84fa94-04c1-424b-9868-57a2d4851a1d" />
    <TestEntry testId="9f075bd6-5d09-682b-185d-903bddefcd8e" executionId="17a4046b-84cd-49e0-8e0d-fad4ad91d577" testListId="8c84fa94-04c1-424b-9868-57a2d4851a1d" />
    <TestEntry testId="ba53ca1c-8fc8-ce7b-1238-7a4281364dad" executionId="106544a6-9a3b-4f61-919a-8be1a4f9863e" testListId="8c84fa94-04c1-424b-9868-57a2d4851a1d" />
    <TestEntry testId="eae8d6d5-3d1b-9a28-35cb-83916a819bec" executionId="2e1b4c17-0503-4b8b-93a3-a8f4230796a7" testListId="8c84fa94-04c1-424b-9868-57a2d4851a1d" />
    <TestEntry testId="2ded35d7-32fa-b312-206c-4530f3316064" executionId="63b85e74-c015-46cb-8e11-d6d7bf5a6228" testListId="8c84fa94-04c1-424b-9868-57a2d4851a1d" />
    <TestEntry testId="2d1e8734-39be-985c-1537-9f979ee40cdf" executionId="9d5b843e-beba-4cef-b315-9b78a2149d52" testListId="8c84fa94-04c1-424b-9868-57a2d4851a1d" />
    <TestEntry testId="5d7eb242-2da2-1aff-54be-febe9c23c1d1" executionId="6155b200-8d33-4a33-a606-13f7367fa4ab" testListId="8c84fa94-04c1-424b-9868-57a2d4851a1d" />
    <TestEntry testId="421a6e45-c786-7a38-bb88-c8e678f20118" executionId="6d757714-76de-4fbe-9ed4-bdea414d6e38" testListId="8c84fa94-04c1-424b-9868-57a2d4851a1d" />
    <TestEntry testId="4a5df4ca-f345-0994-08e9-9a292fd5e958" executionId="47434c10-23ff-4287-8084-5ffd0ac6fb00" testListId="8c84fa94-04c1-424b-9868-57a2d4851a1d" />
    <TestEntry testId="f7e0777a-1331-1f40-67bd-d8c8374f16be" executionId="df7c39ca-8eab-419f-9640-8034f9b67180" testListId="8c84fa94-04c1-424b-9868-57a2d4851a1d" />
    <TestEntry testId="c266fa7d-acb2-60c9-6e2b-3e6d7d99744e" executionId="ddff125e-0cf9-43bd-8009-d89477622ce2" testListId="8c84fa94-04c1-424b-9868-57a2d4851a1d" />
    <TestEntry testId="a606fd29-5ae7-b480-ad67-6c591600d344" executionId="0ebb67a0-e640-45cc-a4a1-e3ad87153512" testListId="8c84fa94-04c1-424b-9868-57a2d4851a1d" />
    <TestEntry testId="d8703a4d-64af-90ac-3d91-d91ec6e526a2" executionId="d1edf05b-4d97-440a-b0a7-0d880b97f2f1" testListId="8c84fa94-04c1-424b-9868-57a2d4851a1d" />
    <TestEntry testId="4a3558be-633c-b5e1-e65c-31f677abdb6a" executionId="74249180-a4f2-4a46-b6b3-c5881debc379" testListId="8c84fa94-04c1-424b-9868-57a2d4851a1d" />
    <TestEntry testId="c45bafd9-44fe-eb94-223b-fb60dcc673d3" executionId="cdf5a5cb-a898-4af4-bc81-a33009913616" testListId="8c84fa94-04c1-424b-9868-57a2d4851a1d" />
    <TestEntry testId="ddcc81ed-830c-5786-4d28-e9470c566f0e" executionId="afa31266-faa3-449c-b765-7688f992f64d" testListId="8c84fa94-04c1-424b-9868-57a2d4851a1d" />
    <TestEntry testId="98e469bb-9f52-5e59-ff5e-c657d094c2bb" executionId="95d6d9ff-bc42-489f-97c9-1734e2cf1305" testListId="8c84fa94-04c1-424b-9868-57a2d4851a1d" />
    <TestEntry testId="58c9e785-2ac6-9bcb-7efe-6d35daa42a6c" executionId="10d7cf90-c48f-482e-993a-e8508d82f4d4" testListId="8c84fa94-04c1-424b-9868-57a2d4851a1d" />
    <TestEntry testId="216afdda-9f90-6646-2d48-d4b3f580d4ec" executionId="cad76c25-ff38-4916-b1d5-ffc642fed960" testListId="8c84fa94-04c1-424b-9868-57a2d4851a1d" />
    <TestEntry testId="c64ab3fd-a5a1-5878-7c1a-1e8a8afbf3b9" executionId="6435f0d6-e960-4607-b0fd-f698e177c382" testListId="8c84fa94-04c1-424b-9868-57a2d4851a1d" />
    <TestEntry testId="edbaf06d-2784-fb0b-6a51-d7a7b978a687" executionId="53399478-031c-4aaf-afa8-b18f32efff54" testListId="8c84fa94-04c1-424b-9868-57a2d4851a1d" />
    <TestEntry testId="89911fa4-1c14-ab49-c42c-931bebac33c7" executionId="d052f200-0aa7-4aaf-88e9-eaa54b53456f" testListId="8c84fa94-04c1-424b-9868-57a2d4851a1d" />
    <TestEntry testId="37fe9d09-a818-1ef8-df58-f72c0d297037" executionId="83db8fad-091c-47c8-b473-09c39ae5c9de" testListId="8c84fa94-04c1-424b-9868-57a2d4851a1d" />
    <TestEntry testId="a76a52d2-e464-7beb-7062-8f2eeda29156" executionId="00643232-7224-4941-bd30-7412ed483910" testListId="8c84fa94-04c1-424b-9868-57a2d4851a1d" />
    <TestEntry testId="ee515d6c-2d47-b4a0-9e7c-d4b3563152a1" executionId="9fd00aaf-65da-4d51-a564-4fe2755160f8" testListId="8c84fa94-04c1-424b-9868-57a2d4851a1d" />
    <TestEntry testId="aef8551c-05cb-2cf2-3f00-57a0d48780f4" executionId="0b86dcce-3b12-4b6d-aad8-39ff41cb9196" testListId="8c84fa94-04c1-424b-9868-57a2d4851a1d" />
    <TestEntry testId="29a3c11d-efc3-2b7f-7226-91220f6ed839" executionId="be53d886-af27-4341-bfb6-78342db7de70" testListId="8c84fa94-04c1-424b-9868-57a2d4851a1d" />
    <TestEntry testId="c3fc67c9-f6cc-0277-4e92-395574eb470c" executionId="bb27a6d1-52cf-4853-9d5b-6e4c9f5c79af" testListId="8c84fa94-04c1-424b-9868-57a2d4851a1d" />
    <TestEntry testId="47c9a237-7b62-75f9-e1ca-dd3cd3c91f8d" executionId="58778797-cfaf-419f-a188-db9faf5f99be" testListId="8c84fa94-04c1-424b-9868-57a2d4851a1d" />
    <TestEntry testId="91378188-0153-6848-6e24-0c45539dcf6d" executionId="7061da65-5e6a-4b14-980e-2bb13b7dc25a" testListId="8c84fa94-04c1-424b-9868-57a2d4851a1d" />
    <TestEntry testId="c826d657-b8f4-5226-a39c-eb7188bc6544" executionId="a227a40c-7316-47d4-8d55-661c3cba80ff" testListId="8c84fa94-04c1-424b-9868-57a2d4851a1d" />
    <TestEntry testId="0deeb8ae-3a20-2371-5a6c-b2ecc1099272" executionId="d9e0d76b-977c-4cf8-8a41-33755af8093e" testListId="8c84fa94-04c1-424b-9868-57a2d4851a1d" />
    <TestEntry testId="45cb73b7-c03c-7dde-9cbf-274f19a6f153" executionId="c705fb6f-88be-4ad6-a7b3-40b87a97f1e7" testListId="8c84fa94-04c1-424b-9868-57a2d4851a1d" />
    <TestEntry testId="ad2deadc-28a2-719e-7150-17ba175aa913" executionId="093ee56d-936e-4efb-a926-844825df1b31" testListId="8c84fa94-04c1-424b-9868-57a2d4851a1d" />
    <TestEntry testId="20a92ec6-b034-8a96-bf54-9fb94fce27f7" executionId="72a604ea-b703-4f5b-a494-bb4b5522d2c8" testListId="8c84fa94-04c1-424b-9868-57a2d4851a1d" />
    <TestEntry testId="9bd1749b-1791-ec4a-f271-7478791738c2" executionId="e2971e42-0c06-4e14-b865-a66f550e1586" testListId="8c84fa94-04c1-424b-9868-57a2d4851a1d" />
    <TestEntry testId="8ec388e9-fc91-4d25-bf6f-f8f08af7b2f5" executionId="858c2733-b1fe-42fb-a103-d132f4175193" testListId="8c84fa94-04c1-424b-9868-57a2d4851a1d" />
    <TestEntry testId="c3ab92f1-9919-8262-68eb-854764e7ba38" executionId="ea4c35f6-6644-454a-ae04-1a4a39aabcbf" testListId="8c84fa94-04c1-424b-9868-57a2d4851a1d" />
    <TestEntry testId="cb1cb307-beed-417a-ac8b-f4330065e350" executionId="d4e986fa-5a29-4de2-b4d5-5c4fec6c59b3" testListId="8c84fa94-04c1-424b-9868-57a2d4851a1d" />
    <TestEntry testId="a9d18150-cea2-1f58-98af-2d8981b7023b" executionId="d90e3b92-7ad9-459d-8218-3fe2383c9291" testListId="8c84fa94-04c1-424b-9868-57a2d4851a1d" />
    <TestEntry testId="d90c12dd-95d4-2680-665c-a9724bf3407c" executionId="bf32b8bd-1cb1-44f7-8cf2-4da558e3fe12" testListId="8c84fa94-04c1-424b-9868-57a2d4851a1d" />
    <TestEntry testId="ee9a1573-ad49-6697-840a-72c1ec738307" executionId="ddd6fd2a-7cad-40a8-87ae-83288592c9e5" testListId="8c84fa94-04c1-424b-9868-57a2d4851a1d" />
    <TestEntry testId="6dac4c1c-db66-2a51-4336-9a7010a21c77" executionId="f1bb7c6b-7577-4cb5-a937-9b746c5208ea" testListId="8c84fa94-04c1-424b-9868-57a2d4851a1d" />
    <TestEntry testId="1778f960-3877-9ea7-360f-a6725dc97989" executionId="093552df-9bca-4a2f-a71f-682168bd2a29" testListId="8c84fa94-04c1-424b-9868-57a2d4851a1d" />
    <TestEntry testId="4320c348-afea-ab45-3dd4-efc1eb3772fe" executionId="924e72c8-ba85-4c6a-9bf0-e1f39010be14" testListId="8c84fa94-04c1-424b-9868-57a2d4851a1d" />
    <TestEntry testId="75dd8bd3-eae9-4577-2955-8c8531bc3c5b" executionId="8e5b27d7-2c02-4475-ae84-5af35111146a" testListId="8c84fa94-04c1-424b-9868-57a2d4851a1d" />
    <TestEntry testId="45142e11-464c-9d21-08ec-b2dc0e449acc" executionId="f90f783e-06ca-48ee-8046-55648ee0f463" testListId="8c84fa94-04c1-424b-9868-57a2d4851a1d" />
    <TestEntry testId="e3729802-a92d-c297-8894-5684f6910af3" executionId="d20419e8-671b-464f-ba76-90ae1c691dc0" testListId="8c84fa94-04c1-424b-9868-57a2d4851a1d" />
    <TestEntry testId="8c668144-2935-03c4-cb76-374695bb843a" executionId="aba2e54d-fdf9-4740-ac4c-877ec30a9c2a" testListId="8c84fa94-04c1-424b-9868-57a2d4851a1d" />
    <TestEntry testId="cba6d1e7-9efd-8bb5-d58c-bc7892bd4b07" executionId="b09a8b40-1dd2-496c-8930-4a8b4d68352a" testListId="8c84fa94-04c1-424b-9868-57a2d4851a1d" />
    <TestEntry testId="68f64e68-24e0-ca45-5d01-93a0ed765eae" executionId="1a1807c6-ea26-49d0-8e3f-b70d7effa077" testListId="8c84fa94-04c1-424b-9868-57a2d4851a1d" />
    <TestEntry testId="ba0a5a7d-c5b5-7dd0-271b-846e5b517e29" executionId="f42f755b-ed35-43c1-994a-784b1a8e34d5" testListId="8c84fa94-04c1-424b-9868-57a2d4851a1d" />
    <TestEntry testId="58fdf393-4dc1-4654-9f01-3990fd5b5cd7" executionId="d51a16a4-9c93-4fb7-8604-0ce038461783" testListId="8c84fa94-04c1-424b-9868-57a2d4851a1d" />
    <TestEntry testId="dc07b652-b5fa-fc33-626f-4ab4993e82ab" executionId="83beb89c-31a0-48d1-9200-1ca4f6415336" testListId="8c84fa94-04c1-424b-9868-57a2d4851a1d" />
    <TestEntry testId="e0dd9245-0af9-4add-c5ea-a8878a46de43" executionId="21573f41-475b-45c4-8f7f-34554061aa1a" testListId="8c84fa94-04c1-424b-9868-57a2d4851a1d" />
    <TestEntry testId="01cf9393-974a-501b-772e-4a5b61f1c33b" executionId="dde93a7c-8ce8-490e-bef1-93adf3e7fe22" testListId="8c84fa94-04c1-424b-9868-57a2d4851a1d" />
    <TestEntry testId="8a496478-cb58-07dc-ff9e-8b8291b01ce1" executionId="faf0c35f-3df1-46a2-b3d6-3b2b329c37a9" testListId="8c84fa94-04c1-424b-9868-57a2d4851a1d" />
    <TestEntry testId="43552591-3b54-90fc-42f1-6f682043a4e0" executionId="f7c1438f-477d-404d-9275-c74b90d38398" testListId="8c84fa94-04c1-424b-9868-57a2d4851a1d" />
    <TestEntry testId="9434f0b6-144d-fa9a-e2fd-7b54edae4153" executionId="754f12a1-9d2d-4e00-b014-356723587d4d" testListId="8c84fa94-04c1-424b-9868-57a2d4851a1d" />
    <TestEntry testId="42ebbc3e-9cb4-7b29-f224-f1d9cba21bf9" executionId="c52e80fc-efd2-48cb-a793-7232c6ee3491" testListId="8c84fa94-04c1-424b-9868-57a2d4851a1d" />
    <TestEntry testId="523f430c-589f-aafd-1b2b-05118044b2a8" executionId="cb0b8df3-e1f9-441f-86f5-dd018ce0976a" testListId="8c84fa94-04c1-424b-9868-57a2d4851a1d" />
    <TestEntry testId="c7b4be8c-405a-cff4-f09d-429800388a2f" executionId="b77e0be3-e0fb-483f-9f66-6938095301f8" testListId="8c84fa94-04c1-424b-9868-57a2d4851a1d" />
    <TestEntry testId="8b9757c9-77c1-3693-65ab-02394e92b990" executionId="e85fded9-df31-44d4-a462-42c0e147bfd2" testListId="8c84fa94-04c1-424b-9868-57a2d4851a1d" />
    <TestEntry testId="4d94901a-0408-1f44-6b67-c45adb96b544" executionId="e40396ff-6ab4-49d2-a8a0-f5c2466ffe69" testListId="8c84fa94-04c1-424b-9868-57a2d4851a1d" />
    <TestEntry testId="a19c62ca-31cc-64e1-f5dd-6b73618efdbd" executionId="5e0b85ee-d541-41d8-820d-ef9c365da433" testListId="8c84fa94-04c1-424b-9868-57a2d4851a1d" />
    <TestEntry testId="fc601999-9e44-2983-a7fb-26c9b68b5726" executionId="87d61042-1c58-4acd-bd78-8c5fc977bf08" testListId="8c84fa94-04c1-424b-9868-57a2d4851a1d" />
    <TestEntry testId="b5808cb5-1ccc-f6ad-2d48-84256ff70878" executionId="0919f068-865b-47e1-b8b9-f67b69998ce0" testListId="8c84fa94-04c1-424b-9868-57a2d4851a1d" />
    <TestEntry testId="b4c3f351-61ef-8930-7ade-7ecfade50bdf" executionId="3e9241f8-e86a-4024-a62a-6707e8e3a626" testListId="8c84fa94-04c1-424b-9868-57a2d4851a1d" />
    <TestEntry testId="8de2a033-b676-2f53-2f59-0733a195f808" executionId="f24b71e1-85d7-4599-b72a-0c99acf6c6b9" testListId="8c84fa94-04c1-424b-9868-57a2d4851a1d" />
    <TestEntry testId="cea95d72-0e0c-6c38-dd31-2635e4fc12d8" executionId="6e58285b-841f-4f64-8584-44ed13f34374" testListId="8c84fa94-04c1-424b-9868-57a2d4851a1d" />
    <TestEntry testId="07a9d1df-9555-65c3-26a0-2bcdd39868c6" executionId="4fc388eb-be40-4cc0-995b-37252f991057" testListId="8c84fa94-04c1-424b-9868-57a2d4851a1d" />
    <TestEntry testId="6fd40770-cb6f-4692-f9e6-68b2c60e90b9" executionId="6c70db1b-f9a6-4181-b26d-93f0a458c422" testListId="8c84fa94-04c1-424b-9868-57a2d4851a1d" />
    <TestEntry testId="94b6fca8-7a3d-f453-0070-6471ff92bbfc" executionId="eb90f42d-40d1-4026-ab9e-0283cb7b079f" testListId="8c84fa94-04c1-424b-9868-57a2d4851a1d" />
    <TestEntry testId="5b3c5d54-7a5e-d899-2d9c-c16dbf4931ca" executionId="4ed49535-47a2-4ff0-8645-b9654126d314" testListId="8c84fa94-04c1-424b-9868-57a2d4851a1d" />
    <TestEntry testId="9ec673de-4ee7-1c04-ca06-f2ecdbfb66c9" executionId="9684a776-9355-4be3-b53b-e54e77ec56c2" testListId="8c84fa94-04c1-424b-9868-57a2d4851a1d" />
    <TestEntry testId="22b55a68-c311-5ac6-5932-e95e99f46701" executionId="c6ff346e-ff61-4f0d-99de-f0ff1de87860" testListId="8c84fa94-04c1-424b-9868-57a2d4851a1d" />
    <TestEntry testId="abc15c7b-e91f-721b-1bac-97e82836e053" executionId="86fef686-0d3b-42ae-b793-2094f78fba68" testListId="8c84fa94-04c1-424b-9868-57a2d4851a1d" />
    <TestEntry testId="920efb33-30de-9f4f-92fb-5da03c8d73d8" executionId="3178e68a-4559-40a0-ba68-c0eededc8a10" testListId="8c84fa94-04c1-424b-9868-57a2d4851a1d" />
    <TestEntry testId="14c91b84-b688-7c5e-d960-73e0d6089384" executionId="75d588e4-e974-4911-aa16-1e94a19553bd" testListId="8c84fa94-04c1-424b-9868-57a2d4851a1d" />
    <TestEntry testId="d18e2342-ed93-20fc-1486-ab5d0965097b" executionId="1040a58d-5190-4157-92da-0ae6c0ef4fd6" testListId="8c84fa94-04c1-424b-9868-57a2d4851a1d" />
    <TestEntry testId="4c3b0b4e-8fbb-7811-7a21-4748a52bc3e2" executionId="6ab7f317-6af6-466d-b36b-807ef913496c" testListId="8c84fa94-04c1-424b-9868-57a2d4851a1d" />
    <TestEntry testId="4fed08b0-6faa-29af-fffd-4a7101183958" executionId="154cc2a0-a1f0-4467-bddd-1c8a3ad94260" testListId="8c84fa94-04c1-424b-9868-57a2d4851a1d" />
    <TestEntry testId="b85c644b-8489-cbb9-6e06-ef4de46141c2" executionId="5f131696-46b3-4889-ae18-6a2c22cea18a" testListId="8c84fa94-04c1-424b-9868-57a2d4851a1d" />
    <TestEntry testId="81b5dd08-2dc8-a3e0-2f51-9318fd82024c" executionId="60b366df-d891-455f-9702-61f29a139c6a" testListId="8c84fa94-04c1-424b-9868-57a2d4851a1d" />
    <TestEntry testId="e9d634e6-2f2a-133f-399f-5277298a79de" executionId="8fe7d354-5b3d-4115-9387-e6e1fbab61a3" testListId="8c84fa94-04c1-424b-9868-57a2d4851a1d" />
    <TestEntry testId="e1f51bb1-2532-93e9-0f45-421d8bb3ec2a" executionId="dbfa31e8-8373-43e2-8b27-a53de8f77c8f" testListId="8c84fa94-04c1-424b-9868-57a2d4851a1d" />
    <TestEntry testId="801681ec-6f06-528d-01cb-0c438e16a2db" executionId="7e2825a7-a770-48ad-87bc-d74c8f14d893" testListId="8c84fa94-04c1-424b-9868-57a2d4851a1d" />
    <TestEntry testId="469a685d-4e1b-0133-054e-35e10cec9810" executionId="4b9bc073-e544-4837-b942-a0ab08c6403c" testListId="8c84fa94-04c1-424b-9868-57a2d4851a1d" />
    <TestEntry testId="7c126b7b-3ee7-2707-c0f6-a67c3217c339" executionId="5e2d03bb-2ae2-4b4a-a240-a98356365eb2" testListId="8c84fa94-04c1-424b-9868-57a2d4851a1d" />
    <TestEntry testId="b26fb74e-729d-8047-377b-8be9da93dbdb" executionId="cb44eccd-e862-4926-8b97-6f09b6948b7f" testListId="8c84fa94-04c1-424b-9868-57a2d4851a1d" />
    <TestEntry testId="23955a31-cf35-8855-1092-98631cf687d8" executionId="da15d279-c2c2-405d-9b7d-9750339d918c" testListId="8c84fa94-04c1-424b-9868-57a2d4851a1d" />
    <TestEntry testId="d47a0e94-b401-7304-363c-d66f5512b23c" executionId="9bb5d078-4483-4d5d-a4a2-8eba3aa1cf1d" testListId="8c84fa94-04c1-424b-9868-57a2d4851a1d" />
    <TestEntry testId="a97fbf30-a467-d383-085d-3cbf7f26c69d" executionId="a3b99cb2-7efa-440f-8876-210d0e4c4f3a" testListId="8c84fa94-04c1-424b-9868-57a2d4851a1d" />
    <TestEntry testId="1a925225-7345-bea6-a5d1-7fa98d2cfa7a" executionId="99d44b31-869e-4e67-977b-2fc1dab87a9f" testListId="8c84fa94-04c1-424b-9868-57a2d4851a1d" />
    <TestEntry testId="333786c1-b534-29dd-7545-8381a9bd91d8" executionId="493c1eb7-ef75-4216-8cbf-fa50309f6072" testListId="8c84fa94-04c1-424b-9868-57a2d4851a1d" />
    <TestEntry testId="6dda5574-3208-47af-bda7-987e6b113677" executionId="174ab26c-0116-4810-8af1-e653a2e6ac6d" testListId="8c84fa94-04c1-424b-9868-57a2d4851a1d" />
    <TestEntry testId="299d9885-53d7-e812-ce71-f67d71904c3f" executionId="fe02e646-ac34-41df-be1e-3596875a3d40" testListId="8c84fa94-04c1-424b-9868-57a2d4851a1d" />
    <TestEntry testId="4a414230-905d-7f8d-87d3-8884d0269163" executionId="751c65f0-6de4-46da-9ce9-8aad26630967" testListId="8c84fa94-04c1-424b-9868-57a2d4851a1d" />
    <TestEntry testId="3469300e-035a-5249-282c-445c8034c44b" executionId="ba6d8606-00ec-48df-abef-62f859fa3e8c" testListId="8c84fa94-04c1-424b-9868-57a2d4851a1d" />
    <TestEntry testId="c0fbf6e7-772e-29b3-6edc-0a3674abefb6" executionId="acd36528-5a16-445c-add5-883990521c94" testListId="8c84fa94-04c1-424b-9868-57a2d4851a1d" />
    <TestEntry testId="627adc13-8a7b-a068-2e61-4aa81780d9fd" executionId="488e4a77-5b89-4a72-9eaf-0277730d29b1" testListId="8c84fa94-04c1-424b-9868-57a2d4851a1d" />
    <TestEntry testId="91b05bdf-ff91-2509-c0c6-ca5d28e711ee" executionId="97779ae8-eb5a-4946-9d28-671235ace897" testListId="8c84fa94-04c1-424b-9868-57a2d4851a1d" />
    <TestEntry testId="efd251ba-1cdd-95f2-3fe2-824f7ed5e249" executionId="be1722c5-6a43-44ac-8081-aa090e01c30d" testListId="8c84fa94-04c1-424b-9868-57a2d4851a1d" />
    <TestEntry testId="3c3842c3-f734-534b-fecc-cf8c356ba236" executionId="962641f7-cfdc-4f06-b225-6b0276537d9e" testListId="8c84fa94-04c1-424b-9868-57a2d4851a1d" />
    <TestEntry testId="a0490bd8-72d0-eb80-99c2-9e2dd52b73ee" executionId="d25e43e5-8ef8-4cce-92f7-95fa035925a7" testListId="8c84fa94-04c1-424b-9868-57a2d4851a1d" />
    <TestEntry testId="c9d41f4b-061e-ad0e-ab6b-66d3fd7a5896" executionId="354ca9c1-b1fe-464b-bb9c-ff2c41bd4a3b" testListId="8c84fa94-04c1-424b-9868-57a2d4851a1d" />
    <TestEntry testId="5a022529-d884-a7d6-8c9f-86c67564ce23" executionId="161f8c18-8493-4614-bc30-d2097454fc42" testListId="8c84fa94-04c1-424b-9868-57a2d4851a1d" />
    <TestEntry testId="15c6ac4d-16dc-6060-b25a-37948ceea996" executionId="c2d3d4e8-92d4-4021-a398-554ead41f740" testListId="8c84fa94-04c1-424b-9868-57a2d4851a1d" />
    <TestEntry testId="0443b89a-0e19-7897-5ed1-52b3f67c6cf5" executionId="1ecde895-961d-459a-9143-e44ef81211fe" testListId="8c84fa94-04c1-424b-9868-57a2d4851a1d" />
    <TestEntry testId="bfdbb567-bae3-a47b-dea2-4065a10042f7" executionId="095c1438-3203-4487-8af1-416550f0cc2a" testListId="8c84fa94-04c1-424b-9868-57a2d4851a1d" />
    <TestEntry testId="c4796383-dd20-0fa4-0454-b0730eb75248" executionId="9855c6c7-a27b-4b12-aaf5-9fcbeb82d5c6" testListId="8c84fa94-04c1-424b-9868-57a2d4851a1d" />
    <TestEntry testId="18b2326c-4bed-936a-779f-ca59ee086658" executionId="d8047b61-d88f-417a-a32f-26e7c81a5f91" testListId="8c84fa94-04c1-424b-9868-57a2d4851a1d" />
    <TestEntry testId="ef1fded0-9368-0b89-add4-288e25a22d19" executionId="f1f85cdf-a2ee-47e8-83fb-95a6845e03bd" testListId="8c84fa94-04c1-424b-9868-57a2d4851a1d" />
    <TestEntry testId="f23064d7-8737-65a1-12a3-24572822c2d1" executionId="56c42803-5f92-4148-9210-d39a12bdf6cb" testListId="8c84fa94-04c1-424b-9868-57a2d4851a1d" />
    <TestEntry testId="ba5db6d3-9616-c3db-94c8-bbae1d87d95f" executionId="df0ed1ba-b07c-4c34-be6c-9ef2737c5fda" testListId="8c84fa94-04c1-424b-9868-57a2d4851a1d" />
    <TestEntry testId="ea670fd5-fafa-be15-3f39-ea160de405a5" executionId="b82a667e-42a0-4458-ade7-b5b90728ff27" testListId="8c84fa94-04c1-424b-9868-57a2d4851a1d" />
    <TestEntry testId="5e5b21c4-f8f1-3d2f-7050-4379c0fa7d2f" executionId="e45744d8-9a2e-4ac4-8eba-df948265f5aa" testListId="8c84fa94-04c1-424b-9868-57a2d4851a1d" />
    <TestEntry testId="b4df1736-c2bd-dc63-b866-5fc06d2618cb" executionId="0e68db05-825c-4161-9015-2dd006bb61a5" testListId="8c84fa94-04c1-424b-9868-57a2d4851a1d" />
    <TestEntry testId="b407155a-e5fd-8677-d804-23913edba29d" executionId="f451c2cd-1d34-4305-b35a-39c7a8ff3fb2" testListId="8c84fa94-04c1-424b-9868-57a2d4851a1d" />
    <TestEntry testId="919a0def-61d6-a630-f655-9a4c320ae4c8" executionId="2fc44f22-e6e1-4195-a705-21bd5fa1620f" testListId="8c84fa94-04c1-424b-9868-57a2d4851a1d" />
    <TestEntry testId="c9dc8fda-f925-817c-ef19-f9b9572b50ff" executionId="24889b39-a2af-4ec4-982d-833a46cbeb9c" testListId="8c84fa94-04c1-424b-9868-57a2d4851a1d" />
    <TestEntry testId="1ef557f7-18cb-a8c3-1cc5-a8b4f5dc1b33" executionId="ef86dc59-6265-40d0-a591-a9039c42e268" testListId="8c84fa94-04c1-424b-9868-57a2d4851a1d" />
    <TestEntry testId="9a538a18-6713-44c0-7f91-be4011a7b21a" executionId="d9c99e74-28f4-4ef2-8c73-6b6609c96824" testListId="8c84fa94-04c1-424b-9868-57a2d4851a1d" />
    <TestEntry testId="237aa86c-2a79-f857-6b0b-b15024d55da5" executionId="0e8bcff5-59af-4240-b49c-44840a717724" testListId="8c84fa94-04c1-424b-9868-57a2d4851a1d" />
    <TestEntry testId="a3410762-c366-47a2-74c7-2581a7f438bc" executionId="6bb65c0f-48bc-4180-8163-44ef06d96a72" testListId="8c84fa94-04c1-424b-9868-57a2d4851a1d" />
    <TestEntry testId="e872ace4-29b8-3b56-871c-345e18778c92" executionId="c35c8f8f-b86c-411b-96bb-8ed07c00a1be" testListId="8c84fa94-04c1-424b-9868-57a2d4851a1d" />
    <TestEntry testId="f2da032d-91aa-95b3-1f3a-869ade8a89d3" executionId="a973f737-e4c5-4e61-b0a0-aedf8a133474" testListId="8c84fa94-04c1-424b-9868-57a2d4851a1d" />
    <TestEntry testId="245405dd-491a-55b3-14cd-299fc71fa07d" executionId="42bf69a0-a050-495f-8fe6-1a39a22f6098" testListId="8c84fa94-04c1-424b-9868-57a2d4851a1d" />
    <TestEntry testId="8ecd3a27-de14-37b0-a475-7f1b4251867d" executionId="2ebc17b3-774e-4a80-909c-86b24fc17985" testListId="8c84fa94-04c1-424b-9868-57a2d4851a1d" />
    <TestEntry testId="475019ae-3d7f-95bf-6137-a7ac269ca177" executionId="1c232264-ceb4-4ffa-92ce-d675a219ad5a" testListId="8c84fa94-04c1-424b-9868-57a2d4851a1d" />
    <TestEntry testId="e0322fac-aec1-23bb-b284-575e2e1315bf" executionId="5a10388f-bc2a-4fec-ad43-738663df31d0" testListId="8c84fa94-04c1-424b-9868-57a2d4851a1d" />
    <TestEntry testId="6a374012-2fd6-0cd8-6683-20b8af7e8ea0" executionId="eb6b76b3-8174-46be-8a26-ec28357c8dd5" testListId="8c84fa94-04c1-424b-9868-57a2d4851a1d" />
    <TestEntry testId="285bb885-df8b-e1fa-0501-85b2d2ed57d2" executionId="7df70049-45d0-4d38-ab4c-caee17aeffa7" testListId="8c84fa94-04c1-424b-9868-57a2d4851a1d" />
    <TestEntry testId="f4c7a1fe-8e1a-0bf7-6944-a7dc509a0e14" executionId="bef9c2d3-372d-4e3f-83bb-337af8a853b1" testListId="8c84fa94-04c1-424b-9868-57a2d4851a1d" />
    <TestEntry testId="f1ed17de-9249-363e-707b-4aac0d4a7566" executionId="36e100a5-120d-4ca7-97c7-e0ef84f15d0e" testListId="8c84fa94-04c1-424b-9868-57a2d4851a1d" />
    <TestEntry testId="91a1d4f4-07ed-e043-9cbe-b43f79013c8f" executionId="81e50c05-b6c2-4e77-989c-3299ca773677" testListId="8c84fa94-04c1-424b-9868-57a2d4851a1d" />
    <TestEntry testId="2727f611-717b-e830-4bd0-bf3af2242d14" executionId="c5276c8a-f0a2-4f96-a495-84dd6325dd2f" testListId="8c84fa94-04c1-424b-9868-57a2d4851a1d" />
    <TestEntry testId="af36d738-f453-f142-0ce1-e216fe6834e8" executionId="f91835e6-3518-420d-8640-e90b56ab6b56" testListId="8c84fa94-04c1-424b-9868-57a2d4851a1d" />
    <TestEntry testId="a8850aa8-94db-71f8-8aa2-89556cda37d6" executionId="e617e587-a852-4a70-891c-c97e629cc9e3" testListId="8c84fa94-04c1-424b-9868-57a2d4851a1d" />
    <TestEntry testId="3a3ca858-e141-d107-a546-9b5950e81a79" executionId="e80a89ab-c1b5-4b1f-9c31-4cdbf1f01090" testListId="8c84fa94-04c1-424b-9868-57a2d4851a1d" />
    <TestEntry testId="2e5eb7c4-d75d-9cf6-4222-f8f1c9ac626a" executionId="272d1d1a-7475-4cf8-a396-7f9f7c91712a" testListId="8c84fa94-04c1-424b-9868-57a2d4851a1d" />
    <TestEntry testId="2ff69b2c-15f7-7252-063e-2d4877f45ec0" executionId="afadea1d-759d-49b0-8da6-8bf7c2d68918" testListId="8c84fa94-04c1-424b-9868-57a2d4851a1d" />
    <TestEntry testId="53961c9e-5b44-6e8d-e692-db730794cc8f" executionId="ad5f2302-0f37-4a80-a098-556687d2261b" testListId="8c84fa94-04c1-424b-9868-57a2d4851a1d" />
    <TestEntry testId="11ec8f68-45a3-af3f-4a85-f9e875a034b9" executionId="24e9b391-b8f4-43d5-9ebf-f9780b827135" testListId="8c84fa94-04c1-424b-9868-57a2d4851a1d" />
    <TestEntry testId="1c868ec4-ae6a-9888-5fc7-0dc13520ac66" executionId="f19814a1-7c0f-4327-81c3-1d2f8ffb6b43" testListId="8c84fa94-04c1-424b-9868-57a2d4851a1d" />
    <TestEntry testId="00441c96-4748-e7f5-f01b-e47727822d3b" executionId="d11f027b-98f0-4771-a670-179a9959d571" testListId="8c84fa94-04c1-424b-9868-57a2d4851a1d" />
    <TestEntry testId="f90d61a1-3540-ae8e-65c9-60ef6c04641b" executionId="17e0b3d2-0f75-466c-8ad2-10a14b9e3a0a" testListId="8c84fa94-04c1-424b-9868-57a2d4851a1d" />
    <TestEntry testId="f00f3d6c-4b48-2938-84c4-a91f755f803f" executionId="2a0bb51e-5924-47f7-8724-95e1b0c2ffa3" testListId="8c84fa94-04c1-424b-9868-57a2d4851a1d" />
    <TestEntry testId="3dd0b31c-7ae7-d396-3cb3-ba9a89f3a4d4" executionId="bb0b58c5-c5e4-42ab-b5ae-a2eacf76be7c" testListId="8c84fa94-04c1-424b-9868-57a2d4851a1d" />
    <TestEntry testId="90282de9-ec82-4e67-bd23-4cc70ee9315b" executionId="8b55c671-3ed2-46c9-ac95-3b56ab11e129" testListId="8c84fa94-04c1-424b-9868-57a2d4851a1d" />
    <TestEntry testId="079afae8-e738-bf64-6da5-12a3d22bf9e1" executionId="9143f141-7ea6-4dc6-93df-efba9424d422" testListId="8c84fa94-04c1-424b-9868-57a2d4851a1d" />
    <TestEntry testId="facb13ba-4279-8129-3d61-b8f32c8851aa" executionId="9dd4fa77-f5a5-47db-9e2c-de741b5679c5" testListId="8c84fa94-04c1-424b-9868-57a2d4851a1d" />
    <TestEntry testId="7dfff11c-46c3-c506-4197-5a652064eb50" executionId="c31aeae2-66ea-4d4d-9819-749dc12d56d5" testListId="8c84fa94-04c1-424b-9868-57a2d4851a1d" />
    <TestEntry testId="8886bee6-e2cf-0623-d741-e916013e519a" executionId="96ead9c7-b96a-4a36-bddf-30c94a6d4304" testListId="8c84fa94-04c1-424b-9868-57a2d4851a1d" />
    <TestEntry testId="ed1cb2a1-5bce-8780-a88b-05d623ad378e" executionId="9a39fc3a-d9bd-4ace-b6e6-68f9888dc345" testListId="8c84fa94-04c1-424b-9868-57a2d4851a1d" />
    <TestEntry testId="4002bec3-2e84-8178-8fdb-096903003927" executionId="fddd870d-eae0-40c3-bbb2-59ad27fa456f" testListId="8c84fa94-04c1-424b-9868-57a2d4851a1d" />
    <TestEntry testId="099963f8-8e00-3f84-3a38-4573687c4438" executionId="15463c1c-cc1e-466d-b534-2de18327518e" testListId="8c84fa94-04c1-424b-9868-57a2d4851a1d" />
    <TestEntry testId="71626fb2-cfd5-3c05-82ee-59e28a2a2450" executionId="b4e0d4d1-16df-4527-9ad1-b3230b287f93" testListId="8c84fa94-04c1-424b-9868-57a2d4851a1d" />
    <TestEntry testId="ecfa8010-b0ed-0c28-6fc0-090d48a06e33" executionId="4b47be54-c4aa-4d0e-aabb-b222b89e62a2" testListId="8c84fa94-04c1-424b-9868-57a2d4851a1d" />
    <TestEntry testId="c2fae702-1219-a5ae-f1ea-5e55a1f23bf4" executionId="fa4a47d1-9d0e-4aee-83e4-9f035bb72dad" testListId="8c84fa94-04c1-424b-9868-57a2d4851a1d" />
    <TestEntry testId="e757d0a0-d7ae-d816-fce8-24ebc2d1e194" executionId="93e163ee-8d2f-4661-ad89-0cd7acbd0d18" testListId="8c84fa94-04c1-424b-9868-57a2d4851a1d" />
    <TestEntry testId="71ab70a9-ef4b-ca2c-f5d6-1ba5618c1d97" executionId="457b89d9-945b-4053-a88b-c26dd3bef70b" testListId="8c84fa94-04c1-424b-9868-57a2d4851a1d" />
    <TestEntry testId="6d88a6f4-e9ba-b488-7fca-3a2a8f87fcdb" executionId="fd0c9f31-4aea-4692-8c5f-df2a25224738" testListId="8c84fa94-04c1-424b-9868-57a2d4851a1d" />
    <TestEntry testId="40f30388-f8c4-beae-03f2-092496540fd0" executionId="5d45c350-f760-44db-a6a1-e6da10668932" testListId="8c84fa94-04c1-424b-9868-57a2d4851a1d" />
    <TestEntry testId="842b0ea9-88ad-790a-c59e-e495e1c6e68b" executionId="9daff4d4-73f2-42b2-9672-3c35055442bd" testListId="8c84fa94-04c1-424b-9868-57a2d4851a1d" />
    <TestEntry testId="9f54fc7b-943f-a736-270e-322b76b12240" executionId="bb08cf59-4ff2-4723-b51a-8e24656512e3" testListId="8c84fa94-04c1-424b-9868-57a2d4851a1d" />
    <TestEntry testId="bc86b314-5fe6-6bdd-9f3a-a18c69ce6d0f" executionId="53e50f0b-0335-462c-bef8-61704cbbd25c" testListId="8c84fa94-04c1-424b-9868-57a2d4851a1d" />
    <TestEntry testId="5b7d7e18-3797-759c-db9a-5e4c609a525d" executionId="cb444662-e69d-43e2-ac03-9dd34aa03393" testListId="8c84fa94-04c1-424b-9868-57a2d4851a1d" />
    <TestEntry testId="2f10ab10-fdd8-2469-243c-352eb06f9e9c" executionId="e7e1d32f-686f-4d01-b0bd-340b66f13e1c" testListId="8c84fa94-04c1-424b-9868-57a2d4851a1d" />
    <TestEntry testId="1bf0b620-508f-e5dc-9a04-0b8d440ef88c" executionId="cdc2fcc6-c41c-4285-9cbf-a23390880f55" testListId="8c84fa94-04c1-424b-9868-57a2d4851a1d" />
    <TestEntry testId="ef50a5c4-5ecf-67d2-2133-62db98825073" executionId="e70bf5a6-739c-4b47-9bcd-e6f4903136a3" testListId="8c84fa94-04c1-424b-9868-57a2d4851a1d" />
    <TestEntry testId="4ff43338-8721-dbba-445e-878079003ddc" executionId="f95cd61f-de7e-469e-b450-b0b8d271cff0" testListId="8c84fa94-04c1-424b-9868-57a2d4851a1d" />
    <TestEntry testId="441fccae-3b8f-46a3-a8ec-69ee090eade3" executionId="362f95d3-ab3c-4680-9088-458d8feee363" testListId="8c84fa94-04c1-424b-9868-57a2d4851a1d" />
    <TestEntry testId="9cd5c73f-8266-3b6a-c78a-2aac24b20653" executionId="b7bf2f41-73ee-45c9-a976-b28947580557" testListId="8c84fa94-04c1-424b-9868-57a2d4851a1d" />
    <TestEntry testId="8e6eb9e8-caeb-6fdc-4c95-879f9b06c4bd" executionId="f98edb51-b5c7-4c3c-b2a3-4b76d3712d4d" testListId="8c84fa94-04c1-424b-9868-57a2d4851a1d" />
    <TestEntry testId="a4fe69d7-576a-c1e6-1303-8a61499629eb" executionId="6037adfc-15d4-4630-93ed-08ab69732220" testListId="8c84fa94-04c1-424b-9868-57a2d4851a1d" />
    <TestEntry testId="2ab3b04b-4f0b-0b76-e6e9-98c397a4b936" executionId="11c88fc0-0a33-4776-8728-a3e7ba3ae2ea" testListId="8c84fa94-04c1-424b-9868-57a2d4851a1d" />
    <TestEntry testId="28772bab-df5d-6054-e291-6e60f8a662fb" executionId="bc72ee51-a19a-481a-a63b-8c2d7e11b1e0" testListId="8c84fa94-04c1-424b-9868-57a2d4851a1d" />
    <TestEntry testId="fdc07046-cd97-c6a1-b694-bc2939683480" executionId="f6c2cb65-cefd-4593-94b4-590d81d51985" testListId="8c84fa94-04c1-424b-9868-57a2d4851a1d" />
    <TestEntry testId="5b0b7c95-f6d8-a2fe-eb27-9c403d882838" executionId="b8de976d-103c-4eea-ad5a-a3c2b089ed69" testListId="8c84fa94-04c1-424b-9868-57a2d4851a1d" />
    <TestEntry testId="e8565e90-2492-6ea1-7c7e-a2f7e9a1f360" executionId="66a9bd0c-4ce9-4464-860e-5874264e5035" testListId="8c84fa94-04c1-424b-9868-57a2d4851a1d" />
    <TestEntry testId="0aa79223-629c-5269-1c07-377109cd0bcb" executionId="686873d4-13cb-4f3d-ab79-6d8fb31ec021" testListId="8c84fa94-04c1-424b-9868-57a2d4851a1d" />
    <TestEntry testId="6608e1a4-2d57-9534-02c8-9ed8cbf3fe3c" executionId="67217813-c0a0-4837-9192-9d8c91a7d271" testListId="8c84fa94-04c1-424b-9868-57a2d4851a1d" />
    <TestEntry testId="d92eaaf4-b839-67e3-ea8a-60df87c4cfbd" executionId="3988ea91-fac2-4498-938f-9bdecf278730" testListId="8c84fa94-04c1-424b-9868-57a2d4851a1d" />
    <TestEntry testId="c064a3cb-594b-9f1c-fd00-9c99d07e5d7d" executionId="f4a68c68-190e-44dd-908f-273bc60b04d0" testListId="8c84fa94-04c1-424b-9868-57a2d4851a1d" />
    <TestEntry testId="b3a40561-d822-6f86-f3da-df64bc9ebecd" executionId="6a8f73e0-6876-4ca8-84fe-0541981ee0cc" testListId="8c84fa94-04c1-424b-9868-57a2d4851a1d" />
    <TestEntry testId="fef5814c-e293-359f-3b1e-c7507dc38524" executionId="f4a3319e-3a48-413a-8917-0eef0ba70aad" testListId="8c84fa94-04c1-424b-9868-57a2d4851a1d" />
    <TestEntry testId="2497e506-3dc8-5ae6-a611-63bce47ee455" executionId="1d347b53-501e-46cd-9beb-f2d30c24a1c6" testListId="8c84fa94-04c1-424b-9868-57a2d4851a1d" />
    <TestEntry testId="ce6a2b6c-c75a-0ab1-82b9-24f5e794be59" executionId="98a9ef26-91b8-4702-870f-95cfb7e995ac" testListId="8c84fa94-04c1-424b-9868-57a2d4851a1d" />
    <TestEntry testId="42016bf3-754c-eff4-cfc4-18801838538f" executionId="70cfcdc8-ee10-42d9-b0fc-c899fd3ead4a" testListId="8c84fa94-04c1-424b-9868-57a2d4851a1d" />
    <TestEntry testId="81765902-660e-6877-86d8-ec70f35715ec" executionId="ac4325f5-61a0-4015-a26f-a69f8469f97f" testListId="8c84fa94-04c1-424b-9868-57a2d4851a1d" />
    <TestEntry testId="5722e0ae-ca74-4e51-7bf5-080a8bfd63bc" executionId="58d422ee-3541-45c4-84d1-7f485b59f7d8" testListId="8c84fa94-04c1-424b-9868-57a2d4851a1d" />
    <TestEntry testId="92e03e0f-edf9-aa46-0a93-130eee73dd0c" executionId="cd0997bf-8668-4571-84d1-fd23f611e5c3" testListId="8c84fa94-04c1-424b-9868-57a2d4851a1d" />
    <TestEntry testId="6d702234-c5da-512c-d19b-11f0b003c6d1" executionId="d781376e-27ad-4bc6-aa2a-f2f17182c436" testListId="8c84fa94-04c1-424b-9868-57a2d4851a1d" />
    <TestEntry testId="79e9a2d5-6fd7-c594-c7c3-6a0aee043d3b" executionId="12a49114-4fb2-46c9-a710-b9f3956ba1d6" testListId="8c84fa94-04c1-424b-9868-57a2d4851a1d" />
    <TestEntry testId="a83f3e46-a026-f6b2-8efd-ed8752f0f9e8" executionId="d2404f07-cd37-4324-9c55-ca331b8cc68e" testListId="8c84fa94-04c1-424b-9868-57a2d4851a1d" />
    <TestEntry testId="d8574c62-7f64-edaf-9bb3-a57031c9c43d" executionId="4a1f5ae1-6b34-4a3e-936a-70a127edc763" testListId="8c84fa94-04c1-424b-9868-57a2d4851a1d" />
    <TestEntry testId="a03e2c23-c864-b123-24c0-3ec5ce0b2cf3" executionId="70251efb-99f2-4bcb-8b11-07c2996c2469" testListId="8c84fa94-04c1-424b-9868-57a2d4851a1d" />
    <TestEntry testId="3ca12e18-ed2b-68bd-ab21-229d493594e6" executionId="feed5859-2d87-4b1b-8d6b-195db3f54861" testListId="8c84fa94-04c1-424b-9868-57a2d4851a1d" />
    <TestEntry testId="bec3fbce-3667-808b-c4b9-9a5dd3375e67" executionId="523429a7-88cc-4b4d-a85d-c46974664a8f" testListId="8c84fa94-04c1-424b-9868-57a2d4851a1d" />
  </TestEntries>
  <TestLists>
    <TestList name="Results Not in a List" id="8c84fa94-04c1-424b-9868-57a2d4851a1d" />
    <TestList name="All Loaded Results" id="19431567-8539-422a-85d7-44ee4e166bda" />
  </TestLists>
  <ResultSummary outcome="Completed">
    <Counters total="276" executed="276" passed="276" failed="0" error="0" timeout="0" aborted="0" inconclusive="0" passedButRunAborted="0" notRunnable="0" notExecuted="0" disconnected="0" warning="0" completed="0" inProgress="0" pending="0" />
    <Output>
      <StdOut>NUnit Adapter 3.17.0.0: Test execution started
Running all tests in /Users/ericcarlson/repos/pickles/src/Pickles/Pickles.Test/bin/Debug/netcoreapp3.1/PicklesDoc.Pickles.Test.dll
   NUnit3TestExecutor discovered 276 of 276 NUnit test cases
NUnit Adapter 3.17.0.0: Test execution complete
</StdOut>
    </Output>
  </ResultSummary>
</TestRun>