<?xml version="1.0" encoding="utf-8"?>
<TestRun id="0516295b-9d9e-4d3c-bc78-326c1cfdf52f" name="@Erics-MBP 2021-10-04 17:14:56" xmlns="http://microsoft.com/schemas/VisualStudio/TeamTest/2010">
  <Times creation="2021-10-04T17:14:56.4149650-04:00" queuing="2021-10-04T17:14:56.4149650-04:00" start="2021-10-04T17:14:54.7916720-04:00" finish="2021-10-04T17:14:56.7834900-04:00" />
  <TestSettings name="default" id="1a6b864c-d7b6-4846-86d1-b03d0f11d6f8">
    <Deployment runDeploymentRoot="_Erics-MBP_2021-10-04_17_14_56" />
  </TestSettings>
  <Results>
    <UnitTestResult executionId="2ebb585b-4975-41a4-91ce-a925d47077e4" testId="af1cf20b-f98b-777e-b863-284fbdd4fe3d" testName="A_Stylist_Can_Style_A_Background_Heading" computerName="Erics-MBP" duration="00:00:00.0002140" startTime="2021-10-04T17:14:56.6553000-04:00" endTime="2021-10-04T17:14:56.6555130-04:00" testType="13cdc9d9-ddb5-4fa4-a97d-d965ccfc6d4b" outcome="Passed" testListId="8c84fa94-04c1-424b-9868-57a2d4851a1d" relativeResultsDirectory="2ebb585b-4975-41a4-91ce-a925d47077e4" />
    <UnitTestResult executionId="7c177ac0-21c2-4e23-b4c8-9e37c57f0073" testId="5d3d500d-237d-827e-aff0-b68712a3e455" testName="A_Table_Is_Formatted" computerName="Erics-MBP" duration="00:00:00.0005150" startTime="2021-10-04T17:14:56.6588770-04:00" endTime="2021-10-04T17:14:56.6593920-04:00" testType="13cdc9d9-ddb5-4fa4-a97d-d965ccfc6d4b" outcome="Passed" testListId="8c84fa94-04c1-424b-9868-57a2d4851a1d" relativeResultsDirectory="7c177ac0-21c2-4e23-b4c8-9e37c57f0073" />
    <UnitTestResult executionId="3bc4b02b-d79e-4025-8726-fcfee591e3ad" testId="06d5cdf3-faa5-12cf-4029-56953a4c81e7" testName="New_Documentation_Produces_Default_Single_Page" computerName="Erics-MBP" duration="00:00:00.0032630" startTime="2021-10-04T17:14:56.3180820-04:00" endTime="2021-10-04T17:14:56.3213450-04:00" testType="13cdc9d9-ddb5-4fa4-a97d-d965ccfc6d4b" outcome="Passed" testListId="8c84fa94-04c1-424b-9868-57a2d4851a1d" relativeResultsDirectory="3bc4b02b-d79e-4025-8726-fcfee591e3ad" />
    <UnitTestResult executionId="d8139d94-ccad-4055-a17b-0504b94bc00e" testId="d5bc32eb-f399-e3d6-72f2-d124bea1ff9f" testName="A_Stylist_Can_Style_A_Result" computerName="Erics-MBP" duration="00:00:00.0003379" startTime="2021-10-04T17:14:56.6558900-04:00" endTime="2021-10-04T17:14:56.6562270-04:00" testType="13cdc9d9-ddb5-4fa4-a97d-d965ccfc6d4b" outcome="Passed" testListId="8c84fa94-04c1-424b-9868-57a2d4851a1d" relativeResultsDirectory="d8139d94-ccad-4055-a17b-0504b94bc00e" />
    <UnitTestResult executionId="9d397cf5-368f-408e-85a2-94e9913a1f3d" testId="d68f9102-0bcf-0245-35f2-d52fa462b6de" testName="A_Stylist_Can_Style_A_Step_Table" computerName="Erics-MBP" duration="00:00:00.0001380" startTime="2021-10-04T17:14:56.6572720-04:00" endTime="2021-10-04T17:14:56.6574090-04:00" testType="13cdc9d9-ddb5-4fa4-a97d-d965ccfc6d4b" outcome="Passed" testListId="8c84fa94-04c1-424b-9868-57a2d4851a1d" relativeResultsDirectory="9d397cf5-368f-408e-85a2-94e9913a1f3d" />
    <UnitTestResult executionId="c6ceea3e-4d91-470b-bcc3-172d2b27bcb0" testId="0c360c57-a6c3-40a3-5ea6-00aa7076731a" testName="A_New_BackgroundBlock_Has_Background_Heading_On_First_Line" computerName="Erics-MBP" duration="00:00:00.0160660" startTime="2021-10-04T17:14:56.2817700-04:00" endTime="2021-10-04T17:14:56.2977240-04:00" testType="13cdc9d9-ddb5-4fa4-a97d-d965ccfc6d4b" outcome="Passed" testListId="8c84fa94-04c1-424b-9868-57a2d4851a1d" relativeResultsDirectory="c6ceea3e-4d91-470b-bcc3-172d2b27bcb0" />
    <UnitTestResult executionId="14ecfbc6-2c86-49eb-8a16-401a9fdaa8a1" testId="1162db81-968d-46e8-bc96-b388ff5ae09e" testName="A_Stylist_Can_Style_A_ScenarioOutline_Heading" computerName="Erics-MBP" duration="00:00:00.0001900" startTime="2021-10-04T17:14:56.6568530-04:00" endTime="2021-10-04T17:14:56.6570430-04:00" testType="13cdc9d9-ddb5-4fa4-a97d-d965ccfc6d4b" outcome="Passed" testListId="8c84fa94-04c1-424b-9868-57a2d4851a1d" relativeResultsDirectory="14ecfbc6-2c86-49eb-8a16-401a9fdaa8a1" />
    <UnitTestResult executionId="9a4f5071-c358-421f-94b4-76d5d207c7ed" testId="36b01c4e-c867-a891-2fa1-97ad8d589431" testName="A_Stylist_Can_Style_A_Scenario_Heading" computerName="Erics-MBP" duration="00:00:00.0002230" startTime="2021-10-04T17:14:56.6562860-04:00" endTime="2021-10-04T17:14:56.6565100-04:00" testType="13cdc9d9-ddb5-4fa4-a97d-d965ccfc6d4b" outcome="Passed" testListId="8c84fa94-04c1-424b-9868-57a2d4851a1d" relativeResultsDirectory="9a4f5071-c358-421f-94b4-76d5d207c7ed" />
    <UnitTestResult executionId="ded66fa2-877a-420c-bc5a-038023c5d57a" testId="9004e8cb-7f80-03e1-c097-8d93237f7563" testName="An_Empty_Lines_Object_Has_No_Lines" computerName="Erics-MBP" duration="00:00:00.0001290" startTime="2021-10-04T17:14:56.3303690-04:00" endTime="2021-10-04T17:14:56.3304970-04:00" testType="13cdc9d9-ddb5-4fa4-a97d-d965ccfc6d4b" outcome="Passed" testListId="8c84fa94-04c1-424b-9868-57a2d4851a1d" relativeResultsDirectory="ded66fa2-877a-420c-bc5a-038023c5d57a" />
    <UnitTestResult executionId="e5bb2fb3-7634-4c1f-ad14-c5a4ebd67d22" testId="0c3d7bf3-c8d9-3999-b9c6-3e425af24857" testName="Localization_Has_String_For_Title" computerName="Erics-MBP" duration="00:00:00.0001640" startTime="2021-10-04T17:14:56.3345990-04:00" endTime="2021-10-04T17:14:56.3347630-04:00" testType="13cdc9d9-ddb5-4fa4-a97d-d965ccfc6d4b" outcome="Passed" testListId="8c84fa94-04c1-424b-9868-57a2d4851a1d" relativeResultsDirectory="e5bb2fb3-7634-4c1f-ad14-c5a4ebd67d22" />
    <UnitTestResult executionId="1b56e3fe-f61c-480f-aefe-f3eff91c1c10" testId="a5c6e477-b34d-8cbd-e1f1-2c39ba8db21d" testName="When_Feature_Tags_Available_They_Are_Placed_On_Single_Line_Before_Heading" computerName="Erics-MBP" duration="00:00:00.0005060" startTime="2021-10-04T17:14:56.3280830-04:00" endTime="2021-10-04T17:14:56.3285890-04:00" testType="13cdc9d9-ddb5-4fa4-a97d-d965ccfc6d4b" outcome="Passed" testListId="8c84fa94-04c1-424b-9868-57a2d4851a1d" relativeResultsDirectory="1b56e3fe-f61c-480f-aefe-f3eff91c1c10" />
    <UnitTestResult executionId="9ddc54eb-1580-4af2-aec3-5de12cb9983c" testId="57425b88-59a5-ccd8-a4c4-1db736b8b082" testName="The_Step_Is_Formatted" computerName="Erics-MBP" duration="00:00:00.0002590" startTime="2021-10-04T17:14:56.6548530-04:00" endTime="2021-10-04T17:14:56.6551120-04:00" testType="13cdc9d9-ddb5-4fa4-a97d-d965ccfc6d4b" outcome="Passed" testListId="8c84fa94-04c1-424b-9868-57a2d4851a1d" relativeResultsDirectory="9ddc54eb-1580-4af2-aec3-5de12cb9983c" />
    <UnitTestResult executionId="4a0c721a-5783-412b-b956-2f89158786b6" testId="2868b6b7-f6c9-00fa-1a4e-9783c5b6bc0a" testName="A_Stylist_Can_Style_An_Example_Heading_Without_A_Name" computerName="Erics-MBP" duration="00:00:00.0001940" startTime="2021-10-04T17:14:56.6585170-04:00" endTime="2021-10-04T17:14:56.6587110-04:00" testType="13cdc9d9-ddb5-4fa4-a97d-d965ccfc6d4b" outcome="Passed" testListId="8c84fa94-04c1-424b-9868-57a2d4851a1d" relativeResultsDirectory="4a0c721a-5783-412b-b956-2f89158786b6" />
    <UnitTestResult executionId="21b8fae6-44c4-4dea-a55e-a291434138cf" testId="62b1c57a-1be9-64d3-3e69-6dfddc32e1ae" testName="A_Stylist_Can_Style_A_Feature_Heading" computerName="Erics-MBP" duration="00:00:00.0001330" startTime="2021-10-04T17:14:56.6557460-04:00" endTime="2021-10-04T17:14:56.6558800-04:00" testType="13cdc9d9-ddb5-4fa4-a97d-d965ccfc6d4b" outcome="Passed" testListId="8c84fa94-04c1-424b-9868-57a2d4851a1d" relativeResultsDirectory="21b8fae6-44c4-4dea-a55e-a291434138cf" />
    <UnitTestResult executionId="b1a4b2a8-e7e1-4b80-b035-34972d025f1e" testId="0dfe1c29-0f1e-edfc-3817-67b7033c14c1" testName="New_MarkdownDocumentationBuilder_Is_An_Implementation_Of_IDocumentationBuilder" computerName="Erics-MBP" duration="00:00:00.0057630" startTime="2021-10-04T17:14:56.4103880-04:00" endTime="2021-10-04T17:14:56.4161500-04:00" testType="13cdc9d9-ddb5-4fa4-a97d-d965ccfc6d4b" outcome="Passed" testListId="8c84fa94-04c1-424b-9868-57a2d4851a1d" relativeResultsDirectory="b1a4b2a8-e7e1-4b80-b035-34972d025f1e" />
    <UnitTestResult executionId="add1f5b8-64e0-4461-8f39-2c81cb44f401" testId="7e1e3d83-08b7-34c6-d5a0-cb9c9210de3e" testName="A_Table_Is_Formatted_With_Placeholders" computerName="Erics-MBP" duration="00:00:00.0004600" startTime="2021-10-04T17:14:56.6594190-04:00" endTime="2021-10-04T17:14:56.6598790-04:00" testType="13cdc9d9-ddb5-4fa4-a97d-d965ccfc6d4b" outcome="Passed" testListId="8c84fa94-04c1-424b-9868-57a2d4851a1d" relativeResultsDirectory="add1f5b8-64e0-4461-8f39-2c81cb44f401" />
    <UnitTestResult executionId="4934dc6c-ecc2-4c1b-93cb-499522cb2d05" testId="f3c22ca4-1f1a-514e-fe27-7cf83db7d8e3" testName="Converting_Lines_Object_To_String_Returns_All_Lines_With_NewLine_Seperator" computerName="Erics-MBP" duration="00:00:00.0001420" startTime="2021-10-04T17:14:56.3305070-04:00" endTime="2021-10-04T17:14:56.3306490-04:00" testType="13cdc9d9-ddb5-4fa4-a97d-d965ccfc6d4b" outcome="Passed" testListId="8c84fa94-04c1-424b-9868-57a2d4851a1d" relativeResultsDirectory="4934dc6c-ecc2-4c1b-93cb-499522cb2d05" />
    <UnitTestResult executionId="f5487d06-d41f-4749-bd33-b56b78c800f0" testId="0b21c1a4-8f07-6205-9441-85483a8df440" testName="With_A_Null_Tree_The_Output_Has_Default_Content" computerName="Erics-MBP" duration="00:00:00.0120970" startTime="2021-10-04T17:14:56.6337130-04:00" endTime="2021-10-04T17:14:56.6458090-04:00" testType="13cdc9d9-ddb5-4fa4-a97d-d965ccfc6d4b" outcome="Passed" testListId="8c84fa94-04c1-424b-9868-57a2d4851a1d" relativeResultsDirectory="f5487d06-d41f-4749-bd33-b56b78c800f0" />
    <UnitTestResult executionId="36d9a121-8636-4f03-9926-66e7456c5759" testId="89078dd5-dbe6-d29f-68ce-14d516c4a219" testName="A_Stylist_Can_Style_A_Table_Result_Heading" computerName="Erics-MBP" duration="00:00:00.0001480" startTime="2021-10-04T17:14:56.6577140-04:00" endTime="2021-10-04T17:14:56.6578620-04:00" testType="13cdc9d9-ddb5-4fa4-a97d-d965ccfc6d4b" outcome="Passed" testListId="8c84fa94-04c1-424b-9868-57a2d4851a1d" relativeResultsDirectory="36d9a121-8636-4f03-9926-66e7456c5759" />
    <UnitTestResult executionId="4471a130-e574-43de-a6ad-9e9204321b8e" testId="b9082ac3-c344-775f-2ed2-5cef39b3a84e" testName="Examples_Are_Included_As_Table" computerName="Erics-MBP" duration="00:00:00.0025260" startTime="2021-10-04T17:14:56.6491430-04:00" endTime="2021-10-04T17:14:56.6516690-04:00" testType="13cdc9d9-ddb5-4fa4-a97d-d965ccfc6d4b" outcome="Passed" testListId="8c84fa94-04c1-424b-9868-57a2d4851a1d" relativeResultsDirectory="4471a130-e574-43de-a6ad-9e9204321b8e" />
    <UnitTestResult executionId="f141c378-f2aa-4058-b0c9-4f510b99d935" testId="c658766d-c5fb-3258-29b2-0a94adc9a21c" testName="A_New_TitleBlock_Has_Title_Line" computerName="Erics-MBP" duration="00:00:00.0001800" startTime="2021-10-04T17:14:56.6615440-04:00" endTime="2021-10-04T17:14:56.6617240-04:00" testType="13cdc9d9-ddb5-4fa4-a97d-d965ccfc6d4b" outcome="Passed" testListId="8c84fa94-04c1-424b-9868-57a2d4851a1d" relativeResultsDirectory="f141c378-f2aa-4058-b0c9-4f510b99d935" />
    <UnitTestResult executionId="a8aacfac-d25d-4faf-9a7e-19de43f70276" testId="6e8c8342-42b3-d728-2ad9-a240cd973e0d" testName="When_Feature_Description_Available_It_Is_Placed_Below_Feature_Heading" computerName="Erics-MBP" duration="00:00:00.0004090" startTime="2021-10-04T17:14:56.3276150-04:00" endTime="2021-10-04T17:14:56.3280240-04:00" testType="13cdc9d9-ddb5-4fa4-a97d-d965ccfc6d4b" outcome="Passed" testListId="8c84fa94-04c1-424b-9868-57a2d4851a1d" relativeResultsDirectory="a8aacfac-d25d-4faf-9a7e-19de43f70276" />
    <UnitTestResult executionId="86a1cf68-8fcf-43ba-981a-dd991bd6f9fb" testId="00406124-e5b3-afc5-cb68-1b5f68830cc7" testName="ToString_Returns_Blocks_Markdown_Content" computerName="Erics-MBP" duration="00:00:00.0001620" startTime="2021-10-04T17:14:56.3034560-04:00" endTime="2021-10-04T17:14:56.3036190-04:00" testType="13cdc9d9-ddb5-4fa4-a97d-d965ccfc6d4b" outcome="Passed" testListId="8c84fa94-04c1-424b-9868-57a2d4851a1d" relativeResultsDirectory="86a1cf68-8fcf-43ba-981a-dd991bd6f9fb" />
    <UnitTestResult executionId="3ea39eac-db49-4972-85a8-0081066068a8" testId="6a10a0d4-c3cf-deff-8167-300a258c1337" testName="Adding_A_Lines_Object_Together_Combines_Them" computerName="Erics-MBP" duration="00:00:00.0001760" startTime="2021-10-04T17:14:56.3301830-04:00" endTime="2021-10-04T17:14:56.3303590-04:00" testType="13cdc9d9-ddb5-4fa4-a97d-d965ccfc6d4b" outcome="Passed" testListId="8c84fa94-04c1-424b-9868-57a2d4851a1d" relativeResultsDirectory="3ea39eac-db49-4972-85a8-0081066068a8" />
    <UnitTestResult executionId="f87575cd-92a1-4309-b3e5-988c635fb8e8" testId="e818896b-58a9-0f53-a62b-13637c17dc39" testName="A_New_FeatureBlock_Has_Feature_Heading_On_First_Line" computerName="Erics-MBP" duration="00:00:00.0003490" startTime="2021-10-04T17:14:56.3266040-04:00" endTime="2021-10-04T17:14:56.3269530-04:00" testType="13cdc9d9-ddb5-4fa4-a97d-d965ccfc6d4b" outcome="Passed" testListId="8c84fa94-04c1-424b-9868-57a2d4851a1d" relativeResultsDirectory="f87575cd-92a1-4309-b3e5-988c635fb8e8" />
    <UnitTestResult executionId="efc291bf-2638-494d-b633-dbf418fe6cdc" testId="33258916-b4e4-0851-5a91-8fe4143d3fb3" testName="When_Mutiple_Scenarios_Are_Available_They_Are_Included_After_Heading" computerName="Erics-MBP" duration="00:00:00.0009880" startTime="2021-10-04T17:14:56.3286500-04:00" endTime="2021-10-04T17:14:56.3296380-04:00" testType="13cdc9d9-ddb5-4fa4-a97d-d965ccfc6d4b" outcome="Passed" testListId="8c84fa94-04c1-424b-9868-57a2d4851a1d" relativeResultsDirectory="efc291bf-2638-494d-b633-dbf418fe6cdc" />
    <UnitTestResult executionId="a155ff75-5c70-42ff-b7c9-258c4ac5c27b" testId="85251763-7039-42ec-11eb-8bd634e77dcb" testName="New_Documentation_With_Feature_Produces_Single_Page" computerName="Erics-MBP" duration="00:00:00.0050430" startTime="2021-10-04T17:14:56.3213830-04:00" endTime="2021-10-04T17:14:56.3264250-04:00" testType="13cdc9d9-ddb5-4fa4-a97d-d965ccfc6d4b" outcome="Passed" testListId="8c84fa94-04c1-424b-9868-57a2d4851a1d" relativeResultsDirectory="a155ff75-5c70-42ff-b7c9-258c4ac5c27b" />
    <UnitTestResult executionId="a6370c08-d31c-4034-9133-23539d81a23e" testId="ee522eac-0e44-5daa-2d2b-320a63db01a7" testName="When_Scenario_Tags_Available_They_Are_Placed_On_Single_Line_Before_Heading" computerName="Erics-MBP" duration="00:00:00.0002700" startTime="2021-10-04T17:14:56.6538310-04:00" endTime="2021-10-04T17:14:56.6541010-04:00" testType="13cdc9d9-ddb5-4fa4-a97d-d965ccfc6d4b" outcome="Passed" testListId="8c84fa94-04c1-424b-9868-57a2d4851a1d" relativeResultsDirectory="a6370c08-d31c-4034-9133-23539d81a23e" />
    <UnitTestResult executionId="9fafd544-d9dc-4b56-b997-cc63abaff39d" testId="481fda8f-bee2-0a43-451d-33c920aaed33" testName="A_Stylist_Can_Style_A_Step" computerName="Erics-MBP" duration="00:00:00.0002080" startTime="2021-10-04T17:14:56.6570540-04:00" endTime="2021-10-04T17:14:56.6572620-04:00" testType="13cdc9d9-ddb5-4fa4-a97d-d965ccfc6d4b" outcome="Passed" testListId="8c84fa94-04c1-424b-9868-57a2d4851a1d" relativeResultsDirectory="9fafd544-d9dc-4b56-b997-cc63abaff39d" />
    <UnitTestResult executionId="088f56b4-9df6-4144-8686-30eeb8cc0eff" testId="0c96c7d8-9cb1-3161-df45-936c044c8a90" testName="When_I_Build_Documentation_A_File_Is_Created" computerName="Erics-MBP" duration="00:00:00.2147730" startTime="2021-10-04T17:14:56.4162260-04:00" endTime="2021-10-04T17:14:56.6310010-04:00" testType="13cdc9d9-ddb5-4fa4-a97d-d965ccfc6d4b" outcome="Passed" testListId="8c84fa94-04c1-424b-9868-57a2d4851a1d" relativeResultsDirectory="088f56b4-9df6-4144-8686-30eeb8cc0eff" />
    <UnitTestResult executionId="01653c46-7a87-4863-9644-d8f7afcc0330" testId="52223580-48fe-c45f-1082-5d8220212c22" testName="A_New_TitleBlock_Has_Generation_Line" computerName="Erics-MBP" duration="00:00:00.0002980" startTime="2021-10-04T17:14:56.6612320-04:00" endTime="2021-10-04T17:14:56.6615290-04:00" testType="13cdc9d9-ddb5-4fa4-a97d-d965ccfc6d4b" outcome="Passed" testListId="8c84fa94-04c1-424b-9868-57a2d4851a1d" relativeResultsDirectory="01653c46-7a87-4863-9644-d8f7afcc0330" />
    <UnitTestResult executionId="836ec452-bc3d-4bab-b5c9-cbdb6409d68e" testId="c4d3054f-f69e-28a7-32ea-27cca40ff6c7" testName="A_Stylist_Can_Style_A_Step_With_Angle_Brakets" computerName="Erics-MBP" duration="00:00:00.0001330" startTime="2021-10-04T17:14:56.6574220-04:00" endTime="2021-10-04T17:14:56.6575550-04:00" testType="13cdc9d9-ddb5-4fa4-a97d-d965ccfc6d4b" outcome="Passed" testListId="8c84fa94-04c1-424b-9868-57a2d4851a1d" relativeResultsDirectory="836ec452-bc3d-4bab-b5c9-cbdb6409d68e" />
    <UnitTestResult executionId="2ad2894f-e130-44fe-8425-e0158ca8a4a2" testId="1b8d323f-0439-a0d3-db80-2d1f6152336b" testName="A_Table_Is_Formatted_With_Results" computerName="Erics-MBP" duration="00:00:00.0011560" startTime="2021-10-04T17:14:56.6599160-04:00" endTime="2021-10-04T17:14:56.6610710-04:00" testType="13cdc9d9-ddb5-4fa4-a97d-d965ccfc6d4b" outcome="Passed" testListId="8c84fa94-04c1-424b-9868-57a2d4851a1d" relativeResultsDirectory="2ad2894f-e130-44fe-8425-e0158ca8a4a2" />
    <UnitTestResult executionId="72cdc8e6-f4b0-4497-b4a9-1ea81d687196" testId="66a6d93e-e5a0-9b6b-059b-4ca000c89164" testName="When_A_Scenario_Step_Is_Available_It_Has_Escape_Characters_For_Placeholder_Brackets" computerName="Erics-MBP" duration="00:00:00.0012810" startTime="2021-10-04T17:14:56.6521470-04:00" endTime="2021-10-04T17:14:56.6534280-04:00" testType="13cdc9d9-ddb5-4fa4-a97d-d965ccfc6d4b" outcome="Passed" testListId="8c84fa94-04c1-424b-9868-57a2d4851a1d" relativeResultsDirectory="72cdc8e6-f4b0-4497-b4a9-1ea81d687196" />
    <UnitTestResult executionId="cf60dc6f-ace1-476a-98b0-14b7ddc6c5ea" testId="2be587f2-52cc-ecb6-a175-06d50e5ae2e7" testName="When_Scenario_Is_Available_It_Is_Included_After_Heading" computerName="Erics-MBP" duration="00:00:00.0002509" startTime="2021-10-04T17:14:56.3296510-04:00" endTime="2021-10-04T17:14:56.3299020-04:00" testType="13cdc9d9-ddb5-4fa4-a97d-d965ccfc6d4b" outcome="Passed" testListId="8c84fa94-04c1-424b-9868-57a2d4851a1d" relativeResultsDirectory="cf60dc6f-ace1-476a-98b0-14b7ddc6c5ea" />
    <UnitTestResult executionId="cf7351e5-1ea4-4c77-8135-6404e1c79991" testId="e9c111f1-6ad0-4ab8-210c-997ef200a119" testName="A_Stylist_Can_Style_A_Tag" computerName="Erics-MBP" duration="00:00:00.0001760" startTime="2021-10-04T17:14:56.6578710-04:00" endTime="2021-10-04T17:14:56.6580470-04:00" testType="13cdc9d9-ddb5-4fa4-a97d-d965ccfc6d4b" outcome="Passed" testListId="8c84fa94-04c1-424b-9868-57a2d4851a1d" relativeResultsDirectory="cf7351e5-1ea4-4c77-8135-6404e1c79991" />
    <UnitTestResult executionId="f6b12f13-7fea-41a0-ae88-8a0811e2eb40" testId="087a7169-3864-8bdf-0f7a-767fa49fba60" testName="A_Stylist_Can_Style_An_Example_Heading" computerName="Erics-MBP" duration="00:00:00.0002980" startTime="2021-10-04T17:14:56.6582050-04:00" endTime="2021-10-04T17:14:56.6585020-04:00" testType="13cdc9d9-ddb5-4fa4-a97d-d965ccfc6d4b" outcome="Passed" testListId="8c84fa94-04c1-424b-9868-57a2d4851a1d" relativeResultsDirectory="f6b12f13-7fea-41a0-ae88-8a0811e2eb40" />
    <UnitTestResult executionId="fba9ae76-fb80-43e4-b437-8b6768e58c28" testId="00ebd793-751c-de7a-18e8-922b4a4d7a79" testName="Autofac_Can_Resolve_MarkdownDocumentationBuilder_Request" computerName="Erics-MBP" duration="00:00:00.0754360" startTime="2021-10-04T17:14:56.3348820-04:00" endTime="2021-10-04T17:14:56.4103170-04:00" testType="13cdc9d9-ddb5-4fa4-a97d-d965ccfc6d4b" outcome="Passed" testListId="8c84fa94-04c1-424b-9868-57a2d4851a1d" relativeResultsDirectory="fba9ae76-fb80-43e4-b437-8b6768e58c28" />
    <UnitTestResult executionId="a5da7270-cb3f-46eb-b517-fe8f9acde709" testId="a2168b55-c48f-7e82-a87f-c77a74fb04a1" testName="When_A_Scenario_Step_Is_Available_It_Is_Placed_On_Single_Line_After_Heading" computerName="Erics-MBP" duration="00:00:00.0003289" startTime="2021-10-04T17:14:56.6534910-04:00" endTime="2021-10-04T17:14:56.6538200-04:00" testType="13cdc9d9-ddb5-4fa4-a97d-d965ccfc6d4b" outcome="Passed" testListId="8c84fa94-04c1-424b-9868-57a2d4851a1d" relativeResultsDirectory="a5da7270-cb3f-46eb-b517-fe8f9acde709" />
    <UnitTestResult executionId="ae9460eb-f81f-4761-952d-9f4652e38599" testId="69f335ed-55f7-e738-817f-095a67fa17c4" testName="A_Step_Table_Is_Formatted" computerName="Erics-MBP" duration="00:00:00.0005700" startTime="2021-10-04T17:14:56.6542290-04:00" endTime="2021-10-04T17:14:56.6547990-04:00" testType="13cdc9d9-ddb5-4fa4-a97d-d965ccfc6d4b" outcome="Passed" testListId="8c84fa94-04c1-424b-9868-57a2d4851a1d" relativeResultsDirectory="ae9460eb-f81f-4761-952d-9f4652e38599" />
    <UnitTestResult executionId="94a9ddee-c80f-47f9-812a-a31a1cd5d2c1" testId="dda46e0f-a121-b050-b857-b22ec5452c74" testName="Lines_Returns_A_Collection_Of_All_Block_Lines" computerName="Erics-MBP" duration="00:00:00.0004590" startTime="2021-10-04T17:14:56.3029790-04:00" endTime="2021-10-04T17:14:56.3034380-04:00" testType="13cdc9d9-ddb5-4fa4-a97d-d965ccfc6d4b" outcome="Passed" testListId="8c84fa94-04c1-424b-9868-57a2d4851a1d" relativeResultsDirectory="94a9ddee-c80f-47f9-812a-a31a1cd5d2c1" />
    <UnitTestResult executionId="ef097642-c8ea-4d56-8605-e0a492b71449" testId="aa7d19ca-6be0-4851-e641-556ba8ce4420" testName="When_A_Background_Is_Present_Its_Included_In_Markdown_Output" computerName="Erics-MBP" duration="00:00:00.0005419" startTime="2021-10-04T17:14:56.3270120-04:00" endTime="2021-10-04T17:14:56.3275530-04:00" testType="13cdc9d9-ddb5-4fa4-a97d-d965ccfc6d4b" outcome="Passed" testListId="8c84fa94-04c1-424b-9868-57a2d4851a1d" relativeResultsDirectory="ef097642-c8ea-4d56-8605-e0a492b71449" />
    <UnitTestResult executionId="e2e578b7-ee83-43aa-8c7e-dec94cffe255" testId="3978d76f-896f-700f-9f11-9d7049610568" testName="A_Stylist_Can_Style_A_Background_Heading_Without_A_Name" computerName="Erics-MBP" duration="00:00:00.0001640" startTime="2021-10-04T17:14:56.6555490-04:00" endTime="2021-10-04T17:14:56.6557250-04:00" testType="13cdc9d9-ddb5-4fa4-a97d-d965ccfc6d4b" outcome="Passed" testListId="8c84fa94-04c1-424b-9868-57a2d4851a1d" relativeResultsDirectory="e2e578b7-ee83-43aa-8c7e-dec94cffe255" />
    <UnitTestResult executionId="768644d5-baa7-4781-bf3e-b2fe44934229" testId="1c45ea74-d176-4223-5c68-d75bf93dcd7b" testName="When_I_Build_Documentation_Icon_Files_Are_Created" computerName="Erics-MBP" duration="00:00:00.0025390" startTime="2021-10-04T17:14:56.6311150-04:00" endTime="2021-10-04T17:14:56.6336540-04:00" testType="13cdc9d9-ddb5-4fa4-a97d-d965ccfc6d4b" outcome="Passed" testListId="8c84fa94-04c1-424b-9868-57a2d4851a1d" relativeResultsDirectory="768644d5-baa7-4781-bf3e-b2fe44934229" />
    <UnitTestResult executionId="b0388b60-886e-4075-b487-49a0f8fed04b" testId="375a6997-a0a8-9897-2bc4-051254737b59" testName="With_A_Simple_Feature_The_Output_Has_Default_Content" computerName="Erics-MBP" duration="00:00:00.0026940" startTime="2021-10-04T17:14:56.6458840-04:00" endTime="2021-10-04T17:14:56.6485780-04:00" testType="13cdc9d9-ddb5-4fa4-a97d-d965ccfc6d4b" outcome="Passed" testListId="8c84fa94-04c1-424b-9868-57a2d4851a1d" relativeResultsDirectory="b0388b60-886e-4075-b487-49a0f8fed04b" />
    <UnitTestResult executionId="dc425b90-9ecd-4508-9ec5-e2d263da5d1d" testId="7e57b20e-af1e-50f7-b450-cb9820ac386c" testName="A_Stylist_Can_Style_A_Title" computerName="Erics-MBP" duration="00:00:00.0001150" startTime="2021-10-04T17:14:56.6580670-04:00" endTime="2021-10-04T17:14:56.6581810-04:00" testType="13cdc9d9-ddb5-4fa4-a97d-d965ccfc6d4b" outcome="Passed" testListId="8c84fa94-04c1-424b-9868-57a2d4851a1d" relativeResultsDirectory="dc425b90-9ecd-4508-9ec5-e2d263da5d1d" />
    <UnitTestResult executionId="ec6660df-322a-49aa-8c7d-b5f8e16df49d" testId="c4a96b56-67ee-ecaa-df28-8048dac51625" testName="A_Stylist_Can_Style_A_Scenario_Heading_With_Result" computerName="Erics-MBP" duration="00:00:00.0002690" startTime="2021-10-04T17:14:56.6565710-04:00" endTime="2021-10-04T17:14:56.6568410-04:00" testType="13cdc9d9-ddb5-4fa4-a97d-d965ccfc6d4b" outcome="Passed" testListId="8c84fa94-04c1-424b-9868-57a2d4851a1d" relativeResultsDirectory="ec6660df-322a-49aa-8c7d-b5f8e16df49d" />
    <UnitTestResult executionId="c289c404-0113-4dd5-b364-a834daab8dff" testId="f6390755-b75b-1311-f0e2-639cacf50291" testName="A_Stylist_Can_Style_A_StepLine" computerName="Erics-MBP" duration="00:00:00.0001390" startTime="2021-10-04T17:14:56.6575650-04:00" endTime="2021-10-04T17:14:56.6577040-04:00" testType="13cdc9d9-ddb5-4fa4-a97d-d965ccfc6d4b" outcome="Passed" testListId="8c84fa94-04c1-424b-9868-57a2d4851a1d" relativeResultsDirectory="c289c404-0113-4dd5-b364-a834daab8dff" />
    <UnitTestResult executionId="fabec49a-868d-44a7-8b83-78a8d66e2594" testId="7c0a4706-a36f-c154-2389-7d6506524c02" testName="A_New_ScenarioBlock_Has_Scenario_Heading_On_First_Line" computerName="Erics-MBP" duration="00:00:00.0002850" startTime="2021-10-04T17:14:56.6487970-04:00" endTime="2021-10-04T17:14:56.6490820-04:00" testType="13cdc9d9-ddb5-4fa4-a97d-d965ccfc6d4b" outcome="Passed" testListId="8c84fa94-04c1-424b-9868-57a2d4851a1d" relativeResultsDirectory="fabec49a-868d-44a7-8b83-78a8d66e2594" />
    <UnitTestResult executionId="e732dd06-c522-47b6-a4e5-1ec49f4f7bd9" testId="4ddc7a2b-873e-5268-25fb-47a5f8786352" testName="When_A_Scenario_Step_Has_A_Result__The_Result_Is_Included" computerName="Erics-MBP" duration="00:00:00.0003500" startTime="2021-10-04T17:14:56.6517360-04:00" endTime="2021-10-04T17:14:56.6520860-04:00" testType="13cdc9d9-ddb5-4fa4-a97d-d965ccfc6d4b" outcome="Passed" testListId="8c84fa94-04c1-424b-9868-57a2d4851a1d" relativeResultsDirectory="e732dd06-c522-47b6-a4e5-1ec49f4f7bd9" />
    <UnitTestResult executionId="d86bc291-24f8-4acf-9229-7db964644860" testId="72b92267-d82f-070d-84d0-a4aae3f63aa3" testName="Localization_Has_String_For_GenerationDateTime" computerName="Erics-MBP" duration="00:00:00.0038270" startTime="2021-10-04T17:14:56.3307560-04:00" endTime="2021-10-04T17:14:56.3345820-04:00" testType="13cdc9d9-ddb5-4fa4-a97d-d965ccfc6d4b" outcome="Passed" testListId="8c84fa94-04c1-424b-9868-57a2d4851a1d" relativeResultsDirectory="d86bc291-24f8-4acf-9229-7db964644860" />
    <UnitTestResult executionId="82c5415b-a108-4326-9d71-3e6c8e87e800" testId="58c8736d-b187-f051-93fa-0f90a342760e" testName="Adding_A_Line_Increases_Count" computerName="Erics-MBP" duration="00:00:00.0001520" startTime="2021-10-04T17:14:56.3300210-04:00" endTime="2021-10-04T17:14:56.3301730-04:00" testType="13cdc9d9-ddb5-4fa4-a97d-d965ccfc6d4b" outcome="Passed" testListId="8c84fa94-04c1-424b-9868-57a2d4851a1d" relativeResultsDirectory="82c5415b-a108-4326-9d71-3e6c8e87e800" />
  </Results>
  <TestDefinitions>
    <UnitTest name="When_Scenario_Tags_Available_They_Are_Placed_On_Single_Line_Before_Heading" storage="/users/ericcarlson/repos/pickles/src/pickles/pickles.documentationbuilders.markdown.unittests/bin/debug/netcoreapp3.1/picklesdoc.pickles.documentationbuilders.markdown.unittests.dll" id="ee522eac-0e44-5daa-2d2b-320a63db01a7">
      <Execution id="a6370c08-d31c-4034-9133-23539d81a23e" />
      <TestMethod codeBase="/Users/ericcarlson/repos/pickles/src/Pickles/Pickles.DocumentationBuilders.Markdown.UnitTests/bin/Debug/netcoreapp3.1/PicklesDoc.Pickles.DocumentationBuilders.Markdown.UnitTests.dll" adapterTypeName="executor://nunit3testexecutor/" className="PicklesDoc.Pickles.DocumentationBuilders.Markdown.UnitTests.ScenarioBlock_Tests" name="When_Scenario_Tags_Available_They_Are_Placed_On_Single_Line_Before_Heading" />
    </UnitTest>
    <UnitTest name="When_Feature_Tags_Available_They_Are_Placed_On_Single_Line_Before_Heading" storage="/users/ericcarlson/repos/pickles/src/pickles/pickles.documentationbuilders.markdown.unittests/bin/debug/netcoreapp3.1/picklesdoc.pickles.documentationbuilders.markdown.unittests.dll" id="a5c6e477-b34d-8cbd-e1f1-2c39ba8db21d">
      <Execution id="1b56e3fe-f61c-480f-aefe-f3eff91c1c10" />
      <TestMethod codeBase="/Users/ericcarlson/repos/pickles/src/Pickles/Pickles.DocumentationBuilders.Markdown.UnitTests/bin/Debug/netcoreapp3.1/PicklesDoc.Pickles.DocumentationBuilders.Markdown.UnitTests.dll" adapterTypeName="executor://nunit3testexecutor/" className="PicklesDoc.Pickles.DocumentationBuilders.Markdown.UnitTests.FeatureBlock_Tests" name="When_Feature_Tags_Available_They_Are_Placed_On_Single_Line_Before_Heading" />
    </UnitTest>
    <UnitTest name="When_A_Background_Is_Present_Its_Included_In_Markdown_Output" storage="/users/ericcarlson/repos/pickles/src/pickles/pickles.documentationbuilders.markdown.unittests/bin/debug/netcoreapp3.1/picklesdoc.pickles.documentationbuilders.markdown.unittests.dll" id="aa7d19ca-6be0-4851-e641-556ba8ce4420">
      <Execution id="ef097642-c8ea-4d56-8605-e0a492b71449" />
      <TestMethod codeBase="/Users/ericcarlson/repos/pickles/src/Pickles/Pickles.DocumentationBuilders.Markdown.UnitTests/bin/Debug/netcoreapp3.1/PicklesDoc.Pickles.DocumentationBuilders.Markdown.UnitTests.dll" adapterTypeName="executor://nunit3testexecutor/" className="PicklesDoc.Pickles.DocumentationBuilders.Markdown.UnitTests.FeatureBlock_Tests" name="When_A_Background_Is_Present_Its_Included_In_Markdown_Output" />
    </UnitTest>
    <UnitTest name="When_I_Build_Documentation_Icon_Files_Are_Created" storage="/users/ericcarlson/repos/pickles/src/pickles/pickles.documentationbuilders.markdown.unittests/bin/debug/netcoreapp3.1/picklesdoc.pickles.documentationbuilders.markdown.unittests.dll" id="1c45ea74-d176-4223-5c68-d75bf93dcd7b">
      <Execution id="768644d5-baa7-4781-bf3e-b2fe44934229" />
      <TestMethod codeBase="/Users/ericcarlson/repos/pickles/src/Pickles/Pickles.DocumentationBuilders.Markdown.UnitTests/bin/Debug/netcoreapp3.1/PicklesDoc.Pickles.DocumentationBuilders.Markdown.UnitTests.dll" adapterTypeName="executor://nunit3testexecutor/" className="PicklesDoc.Pickles.DocumentationBuilders.Markdown.UnitTests.MarkdownDocumentationBuilder_Tests" name="When_I_Build_Documentation_Icon_Files_Are_Created" />
    </UnitTest>
    <UnitTest name="When_A_Scenario_Step_Is_Available_It_Is_Placed_On_Single_Line_After_Heading" storage="/users/ericcarlson/repos/pickles/src/pickles/pickles.documentationbuilders.markdown.unittests/bin/debug/netcoreapp3.1/picklesdoc.pickles.documentationbuilders.markdown.unittests.dll" id="a2168b55-c48f-7e82-a87f-c77a74fb04a1">
      <Execution id="a5da7270-cb3f-46eb-b517-fe8f9acde709" />
      <TestMethod codeBase="/Users/ericcarlson/repos/pickles/src/Pickles/Pickles.DocumentationBuilders.Markdown.UnitTests/bin/Debug/netcoreapp3.1/PicklesDoc.Pickles.DocumentationBuilders.Markdown.UnitTests.dll" adapterTypeName="executor://nunit3testexecutor/" className="PicklesDoc.Pickles.DocumentationBuilders.Markdown.UnitTests.ScenarioBlock_Tests" name="When_A_Scenario_Step_Is_Available_It_Is_Placed_On_Single_Line_After_Heading" />
    </UnitTest>
    <UnitTest name="A_Stylist_Can_Style_A_Title" storage="/users/ericcarlson/repos/pickles/src/pickles/pickles.documentationbuilders.markdown.unittests/bin/debug/netcoreapp3.1/picklesdoc.pickles.documentationbuilders.markdown.unittests.dll" id="7e57b20e-af1e-50f7-b450-cb9820ac386c">
      <Execution id="dc425b90-9ecd-4508-9ec5-e2d263da5d1d" />
      <TestMethod codeBase="/Users/ericcarlson/repos/pickles/src/Pickles/Pickles.DocumentationBuilders.Markdown.UnitTests/bin/Debug/netcoreapp3.1/PicklesDoc.Pickles.DocumentationBuilders.Markdown.UnitTests.dll" adapterTypeName="executor://nunit3testexecutor/" className="PicklesDoc.Pickles.DocumentationBuilders.Markdown.UnitTests.Stylist_Tests" name="A_Stylist_Can_Style_A_Title" />
    </UnitTest>
    <UnitTest name="A_Stylist_Can_Style_A_Table_Result_Heading" storage="/users/ericcarlson/repos/pickles/src/pickles/pickles.documentationbuilders.markdown.unittests/bin/debug/netcoreapp3.1/picklesdoc.pickles.documentationbuilders.markdown.unittests.dll" id="89078dd5-dbe6-d29f-68ce-14d516c4a219">
      <Execution id="36d9a121-8636-4f03-9926-66e7456c5759" />
      <TestMethod codeBase="/Users/ericcarlson/repos/pickles/src/Pickles/Pickles.DocumentationBuilders.Markdown.UnitTests/bin/Debug/netcoreapp3.1/PicklesDoc.Pickles.DocumentationBuilders.Markdown.UnitTests.dll" adapterTypeName="executor://nunit3testexecutor/" className="PicklesDoc.Pickles.DocumentationBuilders.Markdown.UnitTests.Stylist_Tests" name="A_Stylist_Can_Style_A_Table_Result_Heading" />
    </UnitTest>
    <UnitTest name="New_Documentation_Produces_Default_Single_Page" storage="/users/ericcarlson/repos/pickles/src/pickles/pickles.documentationbuilders.markdown.unittests/bin/debug/netcoreapp3.1/picklesdoc.pickles.documentationbuilders.markdown.unittests.dll" id="06d5cdf3-faa5-12cf-4029-56953a4c81e7">
      <Execution id="3bc4b02b-d79e-4025-8726-fcfee591e3ad" />
      <TestMethod codeBase="/Users/ericcarlson/repos/pickles/src/Pickles/Pickles.DocumentationBuilders.Markdown.UnitTests/bin/Debug/netcoreapp3.1/PicklesDoc.Pickles.DocumentationBuilders.Markdown.UnitTests.dll" adapterTypeName="executor://nunit3testexecutor/" className="PicklesDoc.Pickles.DocumentationBuilders.Markdown.UnitTests.Documentation_Tests" name="New_Documentation_Produces_Default_Single_Page" />
    </UnitTest>
    <UnitTest name="A_Stylist_Can_Style_An_Example_Heading" storage="/users/ericcarlson/repos/pickles/src/pickles/pickles.documentationbuilders.markdown.unittests/bin/debug/netcoreapp3.1/picklesdoc.pickles.documentationbuilders.markdown.unittests.dll" id="087a7169-3864-8bdf-0f7a-767fa49fba60">
      <Execution id="f6b12f13-7fea-41a0-ae88-8a0811e2eb40" />
      <TestMethod codeBase="/Users/ericcarlson/repos/pickles/src/Pickles/Pickles.DocumentationBuilders.Markdown.UnitTests/bin/Debug/netcoreapp3.1/PicklesDoc.Pickles.DocumentationBuilders.Markdown.UnitTests.dll" adapterTypeName="executor://nunit3testexecutor/" className="PicklesDoc.Pickles.DocumentationBuilders.Markdown.UnitTests.Stylist_Tests" name="A_Stylist_Can_Style_An_Example_Heading" />
    </UnitTest>
    <UnitTest name="A_Stylist_Can_Style_A_Background_Heading" storage="/users/ericcarlson/repos/pickles/src/pickles/pickles.documentationbuilders.markdown.unittests/bin/debug/netcoreapp3.1/picklesdoc.pickles.documentationbuilders.markdown.unittests.dll" id="af1cf20b-f98b-777e-b863-284fbdd4fe3d">
      <Execution id="2ebb585b-4975-41a4-91ce-a925d47077e4" />
      <TestMethod codeBase="/Users/ericcarlson/repos/pickles/src/Pickles/Pickles.DocumentationBuilders.Markdown.UnitTests/bin/Debug/netcoreapp3.1/PicklesDoc.Pickles.DocumentationBuilders.Markdown.UnitTests.dll" adapterTypeName="executor://nunit3testexecutor/" className="PicklesDoc.Pickles.DocumentationBuilders.Markdown.UnitTests.Stylist_Tests" name="A_Stylist_Can_Style_A_Background_Heading" />
    </UnitTest>
    <UnitTest name="A_New_TitleBlock_Has_Generation_Line" storage="/users/ericcarlson/repos/pickles/src/pickles/pickles.documentationbuilders.markdown.unittests/bin/debug/netcoreapp3.1/picklesdoc.pickles.documentationbuilders.markdown.unittests.dll" id="52223580-48fe-c45f-1082-5d8220212c22">
      <Execution id="01653c46-7a87-4863-9644-d8f7afcc0330" />
      <TestMethod codeBase="/Users/ericcarlson/repos/pickles/src/Pickles/Pickles.DocumentationBuilders.Markdown.UnitTests/bin/Debug/netcoreapp3.1/PicklesDoc.Pickles.DocumentationBuilders.Markdown.UnitTests.dll" adapterTypeName="executor://nunit3testexecutor/" className="PicklesDoc.Pickles.DocumentationBuilders.Markdown.UnitTests.TitleBlock_Tests" name="A_New_TitleBlock_Has_Generation_Line" />
    </UnitTest>
    <UnitTest name="A_Table_Is_Formatted_With_Placeholders" storage="/users/ericcarlson/repos/pickles/src/pickles/pickles.documentationbuilders.markdown.unittests/bin/debug/netcoreapp3.1/picklesdoc.pickles.documentationbuilders.markdown.unittests.dll" id="7e1e3d83-08b7-34c6-d5a0-cb9c9210de3e">
      <Execution id="add1f5b8-64e0-4461-8f39-2c81cb44f401" />
      <TestMethod codeBase="/Users/ericcarlson/repos/pickles/src/Pickles/Pickles.DocumentationBuilders.Markdown.UnitTests/bin/Debug/netcoreapp3.1/PicklesDoc.Pickles.DocumentationBuilders.Markdown.UnitTests.dll" adapterTypeName="executor://nunit3testexecutor/" className="PicklesDoc.Pickles.DocumentationBuilders.Markdown.UnitTests.TableBlock_Tests" name="A_Table_Is_Formatted_With_Placeholders" />
    </UnitTest>
    <UnitTest name="A_Stylist_Can_Style_A_Step_With_Angle_Brakets" storage="/users/ericcarlson/repos/pickles/src/pickles/pickles.documentationbuilders.markdown.unittests/bin/debug/netcoreapp3.1/picklesdoc.pickles.documentationbuilders.markdown.unittests.dll" id="c4d3054f-f69e-28a7-32ea-27cca40ff6c7">
      <Execution id="836ec452-bc3d-4bab-b5c9-cbdb6409d68e" />
      <TestMethod codeBase="/Users/ericcarlson/repos/pickles/src/Pickles/Pickles.DocumentationBuilders.Markdown.UnitTests/bin/Debug/netcoreapp3.1/PicklesDoc.Pickles.DocumentationBuilders.Markdown.UnitTests.dll" adapterTypeName="executor://nunit3testexecutor/" className="PicklesDoc.Pickles.DocumentationBuilders.Markdown.UnitTests.Stylist_Tests" name="A_Stylist_Can_Style_A_Step_With_Angle_Brakets" />
    </UnitTest>
    <UnitTest name="New_Documentation_With_Feature_Produces_Single_Page" storage="/users/ericcarlson/repos/pickles/src/pickles/pickles.documentationbuilders.markdown.unittests/bin/debug/netcoreapp3.1/picklesdoc.pickles.documentationbuilders.markdown.unittests.dll" id="85251763-7039-42ec-11eb-8bd634e77dcb">
      <Execution id="a155ff75-5c70-42ff-b7c9-258c4ac5c27b" />
      <TestMethod codeBase="/Users/ericcarlson/repos/pickles/src/Pickles/Pickles.DocumentationBuilders.Markdown.UnitTests/bin/Debug/netcoreapp3.1/PicklesDoc.Pickles.DocumentationBuilders.Markdown.UnitTests.dll" adapterTypeName="executor://nunit3testexecutor/" className="PicklesDoc.Pickles.DocumentationBuilders.Markdown.UnitTests.Documentation_Tests" name="New_Documentation_With_Feature_Produces_Single_Page" />
    </UnitTest>
    <UnitTest name="Autofac_Can_Resolve_MarkdownDocumentationBuilder_Request" storage="/users/ericcarlson/repos/pickles/src/pickles/pickles.documentationbuilders.markdown.unittests/bin/debug/netcoreapp3.1/picklesdoc.pickles.documentationbuilders.markdown.unittests.dll" id="00ebd793-751c-de7a-18e8-922b4a4d7a79">
      <Execution id="fba9ae76-fb80-43e4-b437-8b6768e58c28" />
      <TestMethod codeBase="/Users/ericcarlson/repos/pickles/src/Pickles/Pickles.DocumentationBuilders.Markdown.UnitTests/bin/Debug/netcoreapp3.1/PicklesDoc.Pickles.DocumentationBuilders.Markdown.UnitTests.dll" adapterTypeName="executor://nunit3testexecutor/" className="PicklesDoc.Pickles.DocumentationBuilders.Markdown.UnitTests.MarkdownDocumentationBuilder_Tests" name="Autofac_Can_Resolve_MarkdownDocumentationBuilder_Request" />
    </UnitTest>
    <UnitTest name="An_Empty_Lines_Object_Has_No_Lines" storage="/users/ericcarlson/repos/pickles/src/pickles/pickles.documentationbuilders.markdown.unittests/bin/debug/netcoreapp3.1/picklesdoc.pickles.documentationbuilders.markdown.unittests.dll" id="9004e8cb-7f80-03e1-c097-8d93237f7563">
      <Execution id="ded66fa2-877a-420c-bc5a-038023c5d57a" />
      <TestMethod codeBase="/Users/ericcarlson/repos/pickles/src/Pickles/Pickles.DocumentationBuilders.Markdown.UnitTests/bin/Debug/netcoreapp3.1/PicklesDoc.Pickles.DocumentationBuilders.Markdown.UnitTests.dll" adapterTypeName="executor://nunit3testexecutor/" className="PicklesDoc.Pickles.DocumentationBuilders.Markdown.UnitTests.Lines_Tests" name="An_Empty_Lines_Object_Has_No_Lines" />
    </UnitTest>
    <UnitTest name="A_Stylist_Can_Style_A_Step" storage="/users/ericcarlson/repos/pickles/src/pickles/pickles.documentationbuilders.markdown.unittests/bin/debug/netcoreapp3.1/picklesdoc.pickles.documentationbuilders.markdown.unittests.dll" id="481fda8f-bee2-0a43-451d-33c920aaed33">
      <Execution id="9fafd544-d9dc-4b56-b997-cc63abaff39d" />
      <TestMethod codeBase="/Users/ericcarlson/repos/pickles/src/Pickles/Pickles.DocumentationBuilders.Markdown.UnitTests/bin/Debug/netcoreapp3.1/PicklesDoc.Pickles.DocumentationBuilders.Markdown.UnitTests.dll" adapterTypeName="executor://nunit3testexecutor/" className="PicklesDoc.Pickles.DocumentationBuilders.Markdown.UnitTests.Stylist_Tests" name="A_Stylist_Can_Style_A_Step" />
    </UnitTest>
    <UnitTest name="The_Step_Is_Formatted" storage="/users/ericcarlson/repos/pickles/src/pickles/pickles.documentationbuilders.markdown.unittests/bin/debug/netcoreapp3.1/picklesdoc.pickles.documentationbuilders.markdown.unittests.dll" id="57425b88-59a5-ccd8-a4c4-1db736b8b082">
      <Execution id="9ddc54eb-1580-4af2-aec3-5de12cb9983c" />
      <TestMethod codeBase="/Users/ericcarlson/repos/pickles/src/Pickles/Pickles.DocumentationBuilders.Markdown.UnitTests/bin/Debug/netcoreapp3.1/PicklesDoc.Pickles.DocumentationBuilders.Markdown.UnitTests.dll" adapterTypeName="executor://nunit3testexecutor/" className="PicklesDoc.Pickles.DocumentationBuilders.Markdown.UnitTests.StepBlock_Tests" name="The_Step_Is_Formatted" />
    </UnitTest>
    <UnitTest name="A_Stylist_Can_Style_A_StepLine" storage="/users/ericcarlson/repos/pickles/src/pickles/pickles.documentationbuilders.markdown.unittests/bin/debug/netcoreapp3.1/picklesdoc.pickles.documentationbuilders.markdown.unittests.dll" id="f6390755-b75b-1311-f0e2-639cacf50291">
      <Execution id="c289c404-0113-4dd5-b364-a834daab8dff" />
      <TestMethod codeBase="/Users/ericcarlson/repos/pickles/src/Pickles/Pickles.DocumentationBuilders.Markdown.UnitTests/bin/Debug/netcoreapp3.1/PicklesDoc.Pickles.DocumentationBuilders.Markdown.UnitTests.dll" adapterTypeName="executor://nunit3testexecutor/" className="PicklesDoc.Pickles.DocumentationBuilders.Markdown.UnitTests.Stylist_Tests" name="A_Stylist_Can_Style_A_StepLine" />
    </UnitTest>
    <UnitTest name="A_Stylist_Can_Style_A_Scenario_Heading" storage="/users/ericcarlson/repos/pickles/src/pickles/pickles.documentationbuilders.markdown.unittests/bin/debug/netcoreapp3.1/picklesdoc.pickles.documentationbuilders.markdown.unittests.dll" id="36b01c4e-c867-a891-2fa1-97ad8d589431">
      <Execution id="9a4f5071-c358-421f-94b4-76d5d207c7ed" />
      <TestMethod codeBase="/Users/ericcarlson/repos/pickles/src/Pickles/Pickles.DocumentationBuilders.Markdown.UnitTests/bin/Debug/netcoreapp3.1/PicklesDoc.Pickles.DocumentationBuilders.Markdown.UnitTests.dll" adapterTypeName="executor://nunit3testexecutor/" className="PicklesDoc.Pickles.DocumentationBuilders.Markdown.UnitTests.Stylist_Tests" name="A_Stylist_Can_Style_A_Scenario_Heading" />
    </UnitTest>
    <UnitTest name="ToString_Returns_Blocks_Markdown_Content" storage="/users/ericcarlson/repos/pickles/src/pickles/pickles.documentationbuilders.markdown.unittests/bin/debug/netcoreapp3.1/picklesdoc.pickles.documentationbuilders.markdown.unittests.dll" id="00406124-e5b3-afc5-cb68-1b5f68830cc7">
      <Execution id="86a1cf68-8fcf-43ba-981a-dd991bd6f9fb" />
      <TestMethod codeBase="/Users/ericcarlson/repos/pickles/src/Pickles/Pickles.DocumentationBuilders.Markdown.UnitTests/bin/Debug/netcoreapp3.1/PicklesDoc.Pickles.DocumentationBuilders.Markdown.UnitTests.dll" adapterTypeName="executor://nunit3testexecutor/" className="PicklesDoc.Pickles.DocumentationBuilders.Markdown.UnitTests.Blocks_Tests.Block_Tests" name="ToString_Returns_Blocks_Markdown_Content" />
    </UnitTest>
    <UnitTest name="A_New_FeatureBlock_Has_Feature_Heading_On_First_Line" storage="/users/ericcarlson/repos/pickles/src/pickles/pickles.documentationbuilders.markdown.unittests/bin/debug/netcoreapp3.1/picklesdoc.pickles.documentationbuilders.markdown.unittests.dll" id="e818896b-58a9-0f53-a62b-13637c17dc39">
      <Execution id="f87575cd-92a1-4309-b3e5-988c635fb8e8" />
      <TestMethod codeBase="/Users/ericcarlson/repos/pickles/src/Pickles/Pickles.DocumentationBuilders.Markdown.UnitTests/bin/Debug/netcoreapp3.1/PicklesDoc.Pickles.DocumentationBuilders.Markdown.UnitTests.dll" adapterTypeName="executor://nunit3testexecutor/" className="PicklesDoc.Pickles.DocumentationBuilders.Markdown.UnitTests.FeatureBlock_Tests" name="A_New_FeatureBlock_Has_Feature_Heading_On_First_Line" />
    </UnitTest>
    <UnitTest name="A_Stylist_Can_Style_A_Feature_Heading" storage="/users/ericcarlson/repos/pickles/src/pickles/pickles.documentationbuilders.markdown.unittests/bin/debug/netcoreapp3.1/picklesdoc.pickles.documentationbuilders.markdown.unittests.dll" id="62b1c57a-1be9-64d3-3e69-6dfddc32e1ae">
      <Execution id="21b8fae6-44c4-4dea-a55e-a291434138cf" />
      <TestMethod codeBase="/Users/ericcarlson/repos/pickles/src/Pickles/Pickles.DocumentationBuilders.Markdown.UnitTests/bin/Debug/netcoreapp3.1/PicklesDoc.Pickles.DocumentationBuilders.Markdown.UnitTests.dll" adapterTypeName="executor://nunit3testexecutor/" className="PicklesDoc.Pickles.DocumentationBuilders.Markdown.UnitTests.Stylist_Tests" name="A_Stylist_Can_Style_A_Feature_Heading" />
    </UnitTest>
    <UnitTest name="A_Stylist_Can_Style_An_Example_Heading_Without_A_Name" storage="/users/ericcarlson/repos/pickles/src/pickles/pickles.documentationbuilders.markdown.unittests/bin/debug/netcoreapp3.1/picklesdoc.pickles.documentationbuilders.markdown.unittests.dll" id="2868b6b7-f6c9-00fa-1a4e-9783c5b6bc0a">
      <Execution id="4a0c721a-5783-412b-b956-2f89158786b6" />
      <TestMethod codeBase="/Users/ericcarlson/repos/pickles/src/Pickles/Pickles.DocumentationBuilders.Markdown.UnitTests/bin/Debug/netcoreapp3.1/PicklesDoc.Pickles.DocumentationBuilders.Markdown.UnitTests.dll" adapterTypeName="executor://nunit3testexecutor/" className="PicklesDoc.Pickles.DocumentationBuilders.Markdown.UnitTests.Stylist_Tests" name="A_Stylist_Can_Style_An_Example_Heading_Without_A_Name" />
    </UnitTest>
    <UnitTest name="A_Stylist_Can_Style_A_Tag" storage="/users/ericcarlson/repos/pickles/src/pickles/pickles.documentationbuilders.markdown.unittests/bin/debug/netcoreapp3.1/picklesdoc.pickles.documentationbuilders.markdown.unittests.dll" id="e9c111f1-6ad0-4ab8-210c-997ef200a119">
      <Execution id="cf7351e5-1ea4-4c77-8135-6404e1c79991" />
      <TestMethod codeBase="/Users/ericcarlson/repos/pickles/src/Pickles/Pickles.DocumentationBuilders.Markdown.UnitTests/bin/Debug/netcoreapp3.1/PicklesDoc.Pickles.DocumentationBuilders.Markdown.UnitTests.dll" adapterTypeName="executor://nunit3testexecutor/" className="PicklesDoc.Pickles.DocumentationBuilders.Markdown.UnitTests.Stylist_Tests" name="A_Stylist_Can_Style_A_Tag" />
    </UnitTest>
    <UnitTest name="A_New_BackgroundBlock_Has_Background_Heading_On_First_Line" storage="/users/ericcarlson/repos/pickles/src/pickles/pickles.documentationbuilders.markdown.unittests/bin/debug/netcoreapp3.1/picklesdoc.pickles.documentationbuilders.markdown.unittests.dll" id="0c360c57-a6c3-40a3-5ea6-00aa7076731a">
      <Execution id="c6ceea3e-4d91-470b-bcc3-172d2b27bcb0" />
      <TestMethod codeBase="/Users/ericcarlson/repos/pickles/src/Pickles/Pickles.DocumentationBuilders.Markdown.UnitTests/bin/Debug/netcoreapp3.1/PicklesDoc.Pickles.DocumentationBuilders.Markdown.UnitTests.dll" adapterTypeName="executor://nunit3testexecutor/" className="PicklesDoc.Pickles.DocumentationBuilders.Markdown.UnitTests.BackgroundBlock_Tests" name="A_New_BackgroundBlock_Has_Background_Heading_On_First_Line" />
    </UnitTest>
    <UnitTest name="Lines_Returns_A_Collection_Of_All_Block_Lines" storage="/users/ericcarlson/repos/pickles/src/pickles/pickles.documentationbuilders.markdown.unittests/bin/debug/netcoreapp3.1/picklesdoc.pickles.documentationbuilders.markdown.unittests.dll" id="dda46e0f-a121-b050-b857-b22ec5452c74">
      <Execution id="94a9ddee-c80f-47f9-812a-a31a1cd5d2c1" />
      <TestMethod codeBase="/Users/ericcarlson/repos/pickles/src/Pickles/Pickles.DocumentationBuilders.Markdown.UnitTests/bin/Debug/netcoreapp3.1/PicklesDoc.Pickles.DocumentationBuilders.Markdown.UnitTests.dll" adapterTypeName="executor://nunit3testexecutor/" className="PicklesDoc.Pickles.DocumentationBuilders.Markdown.UnitTests.Blocks_Tests.Block_Tests" name="Lines_Returns_A_Collection_Of_All_Block_Lines" />
    </UnitTest>
    <UnitTest name="With_A_Null_Tree_The_Output_Has_Default_Content" storage="/users/ericcarlson/repos/pickles/src/pickles/pickles.documentationbuilders.markdown.unittests/bin/debug/netcoreapp3.1/picklesdoc.pickles.documentationbuilders.markdown.unittests.dll" id="0b21c1a4-8f07-6205-9441-85483a8df440">
      <Execution id="f5487d06-d41f-4749-bd33-b56b78c800f0" />
      <TestMethod codeBase="/Users/ericcarlson/repos/pickles/src/Pickles/Pickles.DocumentationBuilders.Markdown.UnitTests/bin/Debug/netcoreapp3.1/PicklesDoc.Pickles.DocumentationBuilders.Markdown.UnitTests.dll" adapterTypeName="executor://nunit3testexecutor/" className="PicklesDoc.Pickles.DocumentationBuilders.Markdown.UnitTests.MarkdownDocumentationBuilder_Tests" name="With_A_Null_Tree_The_Output_Has_Default_Content" />
    </UnitTest>
    <UnitTest name="A_Stylist_Can_Style_A_Step_Table" storage="/users/ericcarlson/repos/pickles/src/pickles/pickles.documentationbuilders.markdown.unittests/bin/debug/netcoreapp3.1/picklesdoc.pickles.documentationbuilders.markdown.unittests.dll" id="d68f9102-0bcf-0245-35f2-d52fa462b6de">
      <Execution id="9d397cf5-368f-408e-85a2-94e9913a1f3d" />
      <TestMethod codeBase="/Users/ericcarlson/repos/pickles/src/Pickles/Pickles.DocumentationBuilders.Markdown.UnitTests/bin/Debug/netcoreapp3.1/PicklesDoc.Pickles.DocumentationBuilders.Markdown.UnitTests.dll" adapterTypeName="executor://nunit3testexecutor/" className="PicklesDoc.Pickles.DocumentationBuilders.Markdown.UnitTests.Stylist_Tests" name="A_Stylist_Can_Style_A_Step_Table" />
    </UnitTest>
    <UnitTest name="A_Table_Is_Formatted_With_Results" storage="/users/ericcarlson/repos/pickles/src/pickles/pickles.documentationbuilders.markdown.unittests/bin/debug/netcoreapp3.1/picklesdoc.pickles.documentationbuilders.markdown.unittests.dll" id="1b8d323f-0439-a0d3-db80-2d1f6152336b">
      <Execution id="2ad2894f-e130-44fe-8425-e0158ca8a4a2" />
      <TestMethod codeBase="/Users/ericcarlson/repos/pickles/src/Pickles/Pickles.DocumentationBuilders.Markdown.UnitTests/bin/Debug/netcoreapp3.1/PicklesDoc.Pickles.DocumentationBuilders.Markdown.UnitTests.dll" adapterTypeName="executor://nunit3testexecutor/" className="PicklesDoc.Pickles.DocumentationBuilders.Markdown.UnitTests.TableBlock_Tests" name="A_Table_Is_Formatted_With_Results" />
    </UnitTest>
    <UnitTest name="Examples_Are_Included_As_Table" storage="/users/ericcarlson/repos/pickles/src/pickles/pickles.documentationbuilders.markdown.unittests/bin/debug/netcoreapp3.1/picklesdoc.pickles.documentationbuilders.markdown.unittests.dll" id="b9082ac3-c344-775f-2ed2-5cef39b3a84e">
      <Execution id="4471a130-e574-43de-a6ad-9e9204321b8e" />
      <TestMethod codeBase="/Users/ericcarlson/repos/pickles/src/Pickles/Pickles.DocumentationBuilders.Markdown.UnitTests/bin/Debug/netcoreapp3.1/PicklesDoc.Pickles.DocumentationBuilders.Markdown.UnitTests.dll" adapterTypeName="executor://nunit3testexecutor/" className="PicklesDoc.Pickles.DocumentationBuilders.Markdown.UnitTests.ScenarioBlock_Tests" name="Examples_Are_Included_As_Table" />
    </UnitTest>
    <UnitTest name="Converting_Lines_Object_To_String_Returns_All_Lines_With_NewLine_Seperator" storage="/users/ericcarlson/repos/pickles/src/pickles/pickles.documentationbuilders.markdown.unittests/bin/debug/netcoreapp3.1/picklesdoc.pickles.documentationbuilders.markdown.unittests.dll" id="f3c22ca4-1f1a-514e-fe27-7cf83db7d8e3">
      <Execution id="4934dc6c-ecc2-4c1b-93cb-499522cb2d05" />
      <TestMethod codeBase="/Users/ericcarlson/repos/pickles/src/Pickles/Pickles.DocumentationBuilders.Markdown.UnitTests/bin/Debug/netcoreapp3.1/PicklesDoc.Pickles.DocumentationBuilders.Markdown.UnitTests.dll" adapterTypeName="executor://nunit3testexecutor/" className="PicklesDoc.Pickles.DocumentationBuilders.Markdown.UnitTests.Lines_Tests" name="Converting_Lines_Object_To_String_Returns_All_Lines_With_NewLine_Seperator" />
    </UnitTest>
    <UnitTest name="Localization_Has_String_For_GenerationDateTime" storage="/users/ericcarlson/repos/pickles/src/pickles/pickles.documentationbuilders.markdown.unittests/bin/debug/netcoreapp3.1/picklesdoc.pickles.documentationbuilders.markdown.unittests.dll" id="72b92267-d82f-070d-84d0-a4aae3f63aa3">
      <Execution id="d86bc291-24f8-4acf-9229-7db964644860" />
      <TestMethod codeBase="/Users/ericcarlson/repos/pickles/src/Pickles/Pickles.DocumentationBuilders.Markdown.UnitTests/bin/Debug/netcoreapp3.1/PicklesDoc.Pickles.DocumentationBuilders.Markdown.UnitTests.dll" adapterTypeName="executor://nunit3testexecutor/" className="PicklesDoc.Pickles.DocumentationBuilders.Markdown.UnitTests.Localization_Tests" name="Localization_Has_String_For_GenerationDateTime" />
    </UnitTest>
    <UnitTest name="A_New_TitleBlock_Has_Title_Line" storage="/users/ericcarlson/repos/pickles/src/pickles/pickles.documentationbuilders.markdown.unittests/bin/debug/netcoreapp3.1/picklesdoc.pickles.documentationbuilders.markdown.unittests.dll" id="c658766d-c5fb-3258-29b2-0a94adc9a21c">
      <Execution id="f141c378-f2aa-4058-b0c9-4f510b99d935" />
      <TestMethod codeBase="/Users/ericcarlson/repos/pickles/src/Pickles/Pickles.DocumentationBuilders.Markdown.UnitTests/bin/Debug/netcoreapp3.1/PicklesDoc.Pickles.DocumentationBuilders.Markdown.UnitTests.dll" adapterTypeName="executor://nunit3testexecutor/" className="PicklesDoc.Pickles.DocumentationBuilders.Markdown.UnitTests.TitleBlock_Tests" name="A_New_TitleBlock_Has_Title_Line" />
    </UnitTest>
    <UnitTest name="When_Feature_Description_Available_It_Is_Placed_Below_Feature_Heading" storage="/users/ericcarlson/repos/pickles/src/pickles/pickles.documentationbuilders.markdown.unittests/bin/debug/netcoreapp3.1/picklesdoc.pickles.documentationbuilders.markdown.unittests.dll" id="6e8c8342-42b3-d728-2ad9-a240cd973e0d">
      <Execution id="a8aacfac-d25d-4faf-9a7e-19de43f70276" />
      <TestMethod codeBase="/Users/ericcarlson/repos/pickles/src/Pickles/Pickles.DocumentationBuilders.Markdown.UnitTests/bin/Debug/netcoreapp3.1/PicklesDoc.Pickles.DocumentationBuilders.Markdown.UnitTests.dll" adapterTypeName="executor://nunit3testexecutor/" className="PicklesDoc.Pickles.DocumentationBuilders.Markdown.UnitTests.FeatureBlock_Tests" name="When_Feature_Description_Available_It_Is_Placed_Below_Feature_Heading" />
    </UnitTest>
    <UnitTest name="A_Stylist_Can_Style_A_Background_Heading_Without_A_Name" storage="/users/ericcarlson/repos/pickles/src/pickles/pickles.documentationbuilders.markdown.unittests/bin/debug/netcoreapp3.1/picklesdoc.pickles.documentationbuilders.markdown.unittests.dll" id="3978d76f-896f-700f-9f11-9d7049610568">
      <Execution id="e2e578b7-ee83-43aa-8c7e-dec94cffe255" />
      <TestMethod codeBase="/Users/ericcarlson/repos/pickles/src/Pickles/Pickles.DocumentationBuilders.Markdown.UnitTests/bin/Debug/netcoreapp3.1/PicklesDoc.Pickles.DocumentationBuilders.Markdown.UnitTests.dll" adapterTypeName="executor://nunit3testexecutor/" className="PicklesDoc.Pickles.DocumentationBuilders.Markdown.UnitTests.Stylist_Tests" name="A_Stylist_Can_Style_A_Background_Heading_Without_A_Name" />
    </UnitTest>
    <UnitTest name="New_MarkdownDocumentationBuilder_Is_An_Implementation_Of_IDocumentationBuilder" storage="/users/ericcarlson/repos/pickles/src/pickles/pickles.documentationbuilders.markdown.unittests/bin/debug/netcoreapp3.1/picklesdoc.pickles.documentationbuilders.markdown.unittests.dll" id="0dfe1c29-0f1e-edfc-3817-67b7033c14c1">
      <Execution id="b1a4b2a8-e7e1-4b80-b035-34972d025f1e" />
      <TestMethod codeBase="/Users/ericcarlson/repos/pickles/src/Pickles/Pickles.DocumentationBuilders.Markdown.UnitTests/bin/Debug/netcoreapp3.1/PicklesDoc.Pickles.DocumentationBuilders.Markdown.UnitTests.dll" adapterTypeName="executor://nunit3testexecutor/" className="PicklesDoc.Pickles.DocumentationBuilders.Markdown.UnitTests.MarkdownDocumentationBuilder_Tests" name="New_MarkdownDocumentationBuilder_Is_An_Implementation_Of_IDocumentationBuilder" />
    </UnitTest>
    <UnitTest name="When_I_Build_Documentation_A_File_Is_Created" storage="/users/ericcarlson/repos/pickles/src/pickles/pickles.documentationbuilders.markdown.unittests/bin/debug/netcoreapp3.1/picklesdoc.pickles.documentationbuilders.markdown.unittests.dll" id="0c96c7d8-9cb1-3161-df45-936c044c8a90">
      <Execution id="088f56b4-9df6-4144-8686-30eeb8cc0eff" />
      <TestMethod codeBase="/Users/ericcarlson/repos/pickles/src/Pickles/Pickles.DocumentationBuilders.Markdown.UnitTests/bin/Debug/netcoreapp3.1/PicklesDoc.Pickles.DocumentationBuilders.Markdown.UnitTests.dll" adapterTypeName="executor://nunit3testexecutor/" className="PicklesDoc.Pickles.DocumentationBuilders.Markdown.UnitTests.MarkdownDocumentationBuilder_Tests" name="When_I_Build_Documentation_A_File_Is_Created" />
    </UnitTest>
    <UnitTest name="A_Step_Table_Is_Formatted" storage="/users/ericcarlson/repos/pickles/src/pickles/pickles.documentationbuilders.markdown.unittests/bin/debug/netcoreapp3.1/picklesdoc.pickles.documentationbuilders.markdown.unittests.dll" id="69f335ed-55f7-e738-817f-095a67fa17c4">
      <Execution id="ae9460eb-f81f-4761-952d-9f4652e38599" />
      <TestMethod codeBase="/Users/ericcarlson/repos/pickles/src/Pickles/Pickles.DocumentationBuilders.Markdown.UnitTests/bin/Debug/netcoreapp3.1/PicklesDoc.Pickles.DocumentationBuilders.Markdown.UnitTests.dll" adapterTypeName="executor://nunit3testexecutor/" className="PicklesDoc.Pickles.DocumentationBuilders.Markdown.UnitTests.StepBlock_Tests" name="A_Step_Table_Is_Formatted" />
    </UnitTest>
    <UnitTest name="A_Table_Is_Formatted" storage="/users/ericcarlson/repos/pickles/src/pickles/pickles.documentationbuilders.markdown.unittests/bin/debug/netcoreapp3.1/picklesdoc.pickles.documentationbuilders.markdown.unittests.dll" id="5d3d500d-237d-827e-aff0-b68712a3e455">
      <Execution id="7c177ac0-21c2-4e23-b4c8-9e37c57f0073" />
      <TestMethod codeBase="/Users/ericcarlson/repos/pickles/src/Pickles/Pickles.DocumentationBuilders.Markdown.UnitTests/bin/Debug/netcoreapp3.1/PicklesDoc.Pickles.DocumentationBuilders.Markdown.UnitTests.dll" adapterTypeName="executor://nunit3testexecutor/" className="PicklesDoc.Pickles.DocumentationBuilders.Markdown.UnitTests.TableBlock_Tests" name="A_Table_Is_Formatted" />
    </UnitTest>
    <UnitTest name="Adding_A_Line_Increases_Count" storage="/users/ericcarlson/repos/pickles/src/pickles/pickles.documentationbuilders.markdown.unittests/bin/debug/netcoreapp3.1/picklesdoc.pickles.documentationbuilders.markdown.unittests.dll" id="58c8736d-b187-f051-93fa-0f90a342760e">
      <Execution id="82c5415b-a108-4326-9d71-3e6c8e87e800" />
      <TestMethod codeBase="/Users/ericcarlson/repos/pickles/src/Pickles/Pickles.DocumentationBuilders.Markdown.UnitTests/bin/Debug/netcoreapp3.1/PicklesDoc.Pickles.DocumentationBuilders.Markdown.UnitTests.dll" adapterTypeName="executor://nunit3testexecutor/" className="PicklesDoc.Pickles.DocumentationBuilders.Markdown.UnitTests.Lines_Tests" name="Adding_A_Line_Increases_Count" />
    </UnitTest>
    <UnitTest name="A_New_ScenarioBlock_Has_Scenario_Heading_On_First_Line" storage="/users/ericcarlson/repos/pickles/src/pickles/pickles.documentationbuilders.markdown.unittests/bin/debug/netcoreapp3.1/picklesdoc.pickles.documentationbuilders.markdown.unittests.dll" id="7c0a4706-a36f-c154-2389-7d6506524c02">
      <Execution id="fabec49a-868d-44a7-8b83-78a8d66e2594" />
      <TestMethod codeBase="/Users/ericcarlson/repos/pickles/src/Pickles/Pickles.DocumentationBuilders.Markdown.UnitTests/bin/Debug/netcoreapp3.1/PicklesDoc.Pickles.DocumentationBuilders.Markdown.UnitTests.dll" adapterTypeName="executor://nunit3testexecutor/" className="PicklesDoc.Pickles.DocumentationBuilders.Markdown.UnitTests.ScenarioBlock_Tests" name="A_New_ScenarioBlock_Has_Scenario_Heading_On_First_Line" />
    </UnitTest>
    <UnitTest name="When_Scenario_Is_Available_It_Is_Included_After_Heading" storage="/users/ericcarlson/repos/pickles/src/pickles/pickles.documentationbuilders.markdown.unittests/bin/debug/netcoreapp3.1/picklesdoc.pickles.documentationbuilders.markdown.unittests.dll" id="2be587f2-52cc-ecb6-a175-06d50e5ae2e7">
      <Execution id="cf60dc6f-ace1-476a-98b0-14b7ddc6c5ea" />
      <TestMethod codeBase="/Users/ericcarlson/repos/pickles/src/Pickles/Pickles.DocumentationBuilders.Markdown.UnitTests/bin/Debug/netcoreapp3.1/PicklesDoc.Pickles.DocumentationBuilders.Markdown.UnitTests.dll" adapterTypeName="executor://nunit3testexecutor/" className="PicklesDoc.Pickles.DocumentationBuilders.Markdown.UnitTests.FeatureBlock_Tests" name="When_Scenario_Is_Available_It_Is_Included_After_Heading" />
    </UnitTest>
    <UnitTest name="A_Stylist_Can_Style_A_Result" storage="/users/ericcarlson/repos/pickles/src/pickles/pickles.documentationbuilders.markdown.unittests/bin/debug/netcoreapp3.1/picklesdoc.pickles.documentationbuilders.markdown.unittests.dll" id="d5bc32eb-f399-e3d6-72f2-d124bea1ff9f">
      <Execution id="d8139d94-ccad-4055-a17b-0504b94bc00e" />
      <TestMethod codeBase="/Users/ericcarlson/repos/pickles/src/Pickles/Pickles.DocumentationBuilders.Markdown.UnitTests/bin/Debug/netcoreapp3.1/PicklesDoc.Pickles.DocumentationBuilders.Markdown.UnitTests.dll" adapterTypeName="executor://nunit3testexecutor/" className="PicklesDoc.Pickles.DocumentationBuilders.Markdown.UnitTests.Stylist_Tests" name="A_Stylist_Can_Style_A_Result" />
    </UnitTest>
    <UnitTest name="Adding_A_Lines_Object_Together_Combines_Them" storage="/users/ericcarlson/repos/pickles/src/pickles/pickles.documentationbuilders.markdown.unittests/bin/debug/netcoreapp3.1/picklesdoc.pickles.documentationbuilders.markdown.unittests.dll" id="6a10a0d4-c3cf-deff-8167-300a258c1337">
      <Execution id="3ea39eac-db49-4972-85a8-0081066068a8" />
      <TestMethod codeBase="/Users/ericcarlson/repos/pickles/src/Pickles/Pickles.DocumentationBuilders.Markdown.UnitTests/bin/Debug/netcoreapp3.1/PicklesDoc.Pickles.DocumentationBuilders.Markdown.UnitTests.dll" adapterTypeName="executor://nunit3testexecutor/" className="PicklesDoc.Pickles.DocumentationBuilders.Markdown.UnitTests.Lines_Tests" name="Adding_A_Lines_Object_Together_Combines_Them" />
    </UnitTest>
    <UnitTest name="A_Stylist_Can_Style_A_ScenarioOutline_Heading" storage="/users/ericcarlson/repos/pickles/src/pickles/pickles.documentationbuilders.markdown.unittests/bin/debug/netcoreapp3.1/picklesdoc.pickles.documentationbuilders.markdown.unittests.dll" id="1162db81-968d-46e8-bc96-b388ff5ae09e">
      <Execution id="14ecfbc6-2c86-49eb-8a16-401a9fdaa8a1" />
      <TestMethod codeBase="/Users/ericcarlson/repos/pickles/src/Pickles/Pickles.DocumentationBuilders.Markdown.UnitTests/bin/Debug/netcoreapp3.1/PicklesDoc.Pickles.DocumentationBuilders.Markdown.UnitTests.dll" adapterTypeName="executor://nunit3testexecutor/" className="PicklesDoc.Pickles.DocumentationBuilders.Markdown.UnitTests.Stylist_Tests" name="A_Stylist_Can_Style_A_ScenarioOutline_Heading" />
    </UnitTest>
    <UnitTest name="With_A_Simple_Feature_The_Output_Has_Default_Content" storage="/users/ericcarlson/repos/pickles/src/pickles/pickles.documentationbuilders.markdown.unittests/bin/debug/netcoreapp3.1/picklesdoc.pickles.documentationbuilders.markdown.unittests.dll" id="375a6997-a0a8-9897-2bc4-051254737b59">
      <Execution id="b0388b60-886e-4075-b487-49a0f8fed04b" />
      <TestMethod codeBase="/Users/ericcarlson/repos/pickles/src/Pickles/Pickles.DocumentationBuilders.Markdown.UnitTests/bin/Debug/netcoreapp3.1/PicklesDoc.Pickles.DocumentationBuilders.Markdown.UnitTests.dll" adapterTypeName="executor://nunit3testexecutor/" className="PicklesDoc.Pickles.DocumentationBuilders.Markdown.UnitTests.MarkdownDocumentationBuilder_Tests" name="With_A_Simple_Feature_The_Output_Has_Default_Content" />
    </UnitTest>
    <UnitTest name="When_A_Scenario_Step_Has_A_Result__The_Result_Is_Included" storage="/users/ericcarlson/repos/pickles/src/pickles/pickles.documentationbuilders.markdown.unittests/bin/debug/netcoreapp3.1/picklesdoc.pickles.documentationbuilders.markdown.unittests.dll" id="4ddc7a2b-873e-5268-25fb-47a5f8786352">
      <Execution id="e732dd06-c522-47b6-a4e5-1ec49f4f7bd9" />
      <TestMethod codeBase="/Users/ericcarlson/repos/pickles/src/Pickles/Pickles.DocumentationBuilders.Markdown.UnitTests/bin/Debug/netcoreapp3.1/PicklesDoc.Pickles.DocumentationBuilders.Markdown.UnitTests.dll" adapterTypeName="executor://nunit3testexecutor/" className="PicklesDoc.Pickles.DocumentationBuilders.Markdown.UnitTests.ScenarioBlock_Tests" name="When_A_Scenario_Step_Has_A_Result__The_Result_Is_Included" />
    </UnitTest>
    <UnitTest name="When_A_Scenario_Step_Is_Available_It_Has_Escape_Characters_For_Placeholder_Brackets" storage="/users/ericcarlson/repos/pickles/src/pickles/pickles.documentationbuilders.markdown.unittests/bin/debug/netcoreapp3.1/picklesdoc.pickles.documentationbuilders.markdown.unittests.dll" id="66a6d93e-e5a0-9b6b-059b-4ca000c89164">
      <Execution id="72cdc8e6-f4b0-4497-b4a9-1ea81d687196" />
      <TestMethod codeBase="/Users/ericcarlson/repos/pickles/src/Pickles/Pickles.DocumentationBuilders.Markdown.UnitTests/bin/Debug/netcoreapp3.1/PicklesDoc.Pickles.DocumentationBuilders.Markdown.UnitTests.dll" adapterTypeName="executor://nunit3testexecutor/" className="PicklesDoc.Pickles.DocumentationBuilders.Markdown.UnitTests.ScenarioBlock_Tests" name="When_A_Scenario_Step_Is_Available_It_Has_Escape_Characters_For_Placeholder_Brackets" />
    </UnitTest>
    <UnitTest name="When_Mutiple_Scenarios_Are_Available_They_Are_Included_After_Heading" storage="/users/ericcarlson/repos/pickles/src/pickles/pickles.documentationbuilders.markdown.unittests/bin/debug/netcoreapp3.1/picklesdoc.pickles.documentationbuilders.markdown.unittests.dll" id="33258916-b4e4-0851-5a91-8fe4143d3fb3">
      <Execution id="efc291bf-2638-494d-b633-dbf418fe6cdc" />
      <TestMethod codeBase="/Users/ericcarlson/repos/pickles/src/Pickles/Pickles.DocumentationBuilders.Markdown.UnitTests/bin/Debug/netcoreapp3.1/PicklesDoc.Pickles.DocumentationBuilders.Markdown.UnitTests.dll" adapterTypeName="executor://nunit3testexecutor/" className="PicklesDoc.Pickles.DocumentationBuilders.Markdown.UnitTests.FeatureBlock_Tests" name="When_Mutiple_Scenarios_Are_Available_They_Are_Included_After_Heading" />
    </UnitTest>
    <UnitTest name="A_Stylist_Can_Style_A_Scenario_Heading_With_Result" storage="/users/ericcarlson/repos/pickles/src/pickles/pickles.documentationbuilders.markdown.unittests/bin/debug/netcoreapp3.1/picklesdoc.pickles.documentationbuilders.markdown.unittests.dll" id="c4a96b56-67ee-ecaa-df28-8048dac51625">
      <Execution id="ec6660df-322a-49aa-8c7d-b5f8e16df49d" />
      <TestMethod codeBase="/Users/ericcarlson/repos/pickles/src/Pickles/Pickles.DocumentationBuilders.Markdown.UnitTests/bin/Debug/netcoreapp3.1/PicklesDoc.Pickles.DocumentationBuilders.Markdown.UnitTests.dll" adapterTypeName="executor://nunit3testexecutor/" className="PicklesDoc.Pickles.DocumentationBuilders.Markdown.UnitTests.Stylist_Tests" name="A_Stylist_Can_Style_A_Scenario_Heading_With_Result" />
    </UnitTest>
    <UnitTest name="Localization_Has_String_For_Title" storage="/users/ericcarlson/repos/pickles/src/pickles/pickles.documentationbuilders.markdown.unittests/bin/debug/netcoreapp3.1/picklesdoc.pickles.documentationbuilders.markdown.unittests.dll" id="0c3d7bf3-c8d9-3999-b9c6-3e425af24857">
      <Execution id="e5bb2fb3-7634-4c1f-ad14-c5a4ebd67d22" />
      <TestMethod codeBase="/Users/ericcarlson/repos/pickles/src/Pickles/Pickles.DocumentationBuilders.Markdown.UnitTests/bin/Debug/netcoreapp3.1/PicklesDoc.Pickles.DocumentationBuilders.Markdown.UnitTests.dll" adapterTypeName="executor://nunit3testexecutor/" className="PicklesDoc.Pickles.DocumentationBuilders.Markdown.UnitTests.Localization_Tests" name="Localization_Has_String_For_Title" />
    </UnitTest>
  </TestDefinitions>
  <TestEntries>
    <TestEntry testId="af1cf20b-f98b-777e-b863-284fbdd4fe3d" executionId="2ebb585b-4975-41a4-91ce-a925d47077e4" testListId="8c84fa94-04c1-424b-9868-57a2d4851a1d" />
    <TestEntry testId="5d3d500d-237d-827e-aff0-b68712a3e455" executionId="7c177ac0-21c2-4e23-b4c8-9e37c57f0073" testListId="8c84fa94-04c1-424b-9868-57a2d4851a1d" />
    <TestEntry testId="06d5cdf3-faa5-12cf-4029-56953a4c81e7" executionId="3bc4b02b-d79e-4025-8726-fcfee591e3ad" testListId="8c84fa94-04c1-424b-9868-57a2d4851a1d" />
    <TestEntry testId="d5bc32eb-f399-e3d6-72f2-d124bea1ff9f" executionId="d8139d94-ccad-4055-a17b-0504b94bc00e" testListId="8c84fa94-04c1-424b-9868-57a2d4851a1d" />
    <TestEntry testId="d68f9102-0bcf-0245-35f2-d52fa462b6de" executionId="9d397cf5-368f-408e-85a2-94e9913a1f3d" testListId="8c84fa94-04c1-424b-9868-57a2d4851a1d" />
    <TestEntry testId="0c360c57-a6c3-40a3-5ea6-00aa7076731a" executionId="c6ceea3e-4d91-470b-bcc3-172d2b27bcb0" testListId="8c84fa94-04c1-424b-9868-57a2d4851a1d" />
    <TestEntry testId="1162db81-968d-46e8-bc96-b388ff5ae09e" executionId="14ecfbc6-2c86-49eb-8a16-401a9fdaa8a1" testListId="8c84fa94-04c1-424b-9868-57a2d4851a1d" />
    <TestEntry testId="36b01c4e-c867-a891-2fa1-97ad8d589431" executionId="9a4f5071-c358-421f-94b4-76d5d207c7ed" testListId="8c84fa94-04c1-424b-9868-57a2d4851a1d" />
    <TestEntry testId="9004e8cb-7f80-03e1-c097-8d93237f7563" executionId="ded66fa2-877a-420c-bc5a-038023c5d57a" testListId="8c84fa94-04c1-424b-9868-57a2d4851a1d" />
    <TestEntry testId="0c3d7bf3-c8d9-3999-b9c6-3e425af24857" executionId="e5bb2fb3-7634-4c1f-ad14-c5a4ebd67d22" testListId="8c84fa94-04c1-424b-9868-57a2d4851a1d" />
    <TestEntry testId="a5c6e477-b34d-8cbd-e1f1-2c39ba8db21d" executionId="1b56e3fe-f61c-480f-aefe-f3eff91c1c10" testListId="8c84fa94-04c1-424b-9868-57a2d4851a1d" />
    <TestEntry testId="57425b88-59a5-ccd8-a4c4-1db736b8b082" executionId="9ddc54eb-1580-4af2-aec3-5de12cb9983c" testListId="8c84fa94-04c1-424b-9868-57a2d4851a1d" />
    <TestEntry testId="2868b6b7-f6c9-00fa-1a4e-9783c5b6bc0a" executionId="4a0c721a-5783-412b-b956-2f89158786b6" testListId="8c84fa94-04c1-424b-9868-57a2d4851a1d" />
    <TestEntry testId="62b1c57a-1be9-64d3-3e69-6dfddc32e1ae" executionId="21b8fae6-44c4-4dea-a55e-a291434138cf" testListId="8c84fa94-04c1-424b-9868-57a2d4851a1d" />
    <TestEntry testId="0dfe1c29-0f1e-edfc-3817-67b7033c14c1" executionId="b1a4b2a8-e7e1-4b80-b035-34972d025f1e" testListId="8c84fa94-04c1-424b-9868-57a2d4851a1d" />
    <TestEntry testId="7e1e3d83-08b7-34c6-d5a0-cb9c9210de3e" executionId="add1f5b8-64e0-4461-8f39-2c81cb44f401" testListId="8c84fa94-04c1-424b-9868-57a2d4851a1d" />
    <TestEntry testId="f3c22ca4-1f1a-514e-fe27-7cf83db7d8e3" executionId="4934dc6c-ecc2-4c1b-93cb-499522cb2d05" testListId="8c84fa94-04c1-424b-9868-57a2d4851a1d" />
    <TestEntry testId="0b21c1a4-8f07-6205-9441-85483a8df440" executionId="f5487d06-d41f-4749-bd33-b56b78c800f0" testListId="8c84fa94-04c1-424b-9868-57a2d4851a1d" />
    <TestEntry testId="89078dd5-dbe6-d29f-68ce-14d516c4a219" executionId="36d9a121-8636-4f03-9926-66e7456c5759" testListId="8c84fa94-04c1-424b-9868-57a2d4851a1d" />
    <TestEntry testId="b9082ac3-c344-775f-2ed2-5cef39b3a84e" executionId="4471a130-e574-43de-a6ad-9e9204321b8e" testListId="8c84fa94-04c1-424b-9868-57a2d4851a1d" />
    <TestEntry testId="c658766d-c5fb-3258-29b2-0a94adc9a21c" executionId="f141c378-f2aa-4058-b0c9-4f510b99d935" testListId="8c84fa94-04c1-424b-9868-57a2d4851a1d" />
    <TestEntry testId="6e8c8342-42b3-d728-2ad9-a240cd973e0d" executionId="a8aacfac-d25d-4faf-9a7e-19de43f70276" testListId="8c84fa94-04c1-424b-9868-57a2d4851a1d" />
    <TestEntry testId="00406124-e5b3-afc5-cb68-1b5f68830cc7" executionId="86a1cf68-8fcf-43ba-981a-dd991bd6f9fb" testListId="8c84fa94-04c1-424b-9868-57a2d4851a1d" />
    <TestEntry testId="6a10a0d4-c3cf-deff-8167-300a258c1337" executionId="3ea39eac-db49-4972-85a8-0081066068a8" testListId="8c84fa94-04c1-424b-9868-57a2d4851a1d" />
    <TestEntry testId="e818896b-58a9-0f53-a62b-13637c17dc39" executionId="f87575cd-92a1-4309-b3e5-988c635fb8e8" testListId="8c84fa94-04c1-424b-9868-57a2d4851a1d" />
    <TestEntry testId="33258916-b4e4-0851-5a91-8fe4143d3fb3" executionId="efc291bf-2638-494d-b633-dbf418fe6cdc" testListId="8c84fa94-04c1-424b-9868-57a2d4851a1d" />
    <TestEntry testId="85251763-7039-42ec-11eb-8bd634e77dcb" executionId="a155ff75-5c70-42ff-b7c9-258c4ac5c27b" testListId="8c84fa94-04c1-424b-9868-57a2d4851a1d" />
    <TestEntry testId="ee522eac-0e44-5daa-2d2b-320a63db01a7" executionId="a6370c08-d31c-4034-9133-23539d81a23e" testListId="8c84fa94-04c1-424b-9868-57a2d4851a1d" />
    <TestEntry testId="481fda8f-bee2-0a43-451d-33c920aaed33" executionId="9fafd544-d9dc-4b56-b997-cc63abaff39d" testListId="8c84fa94-04c1-424b-9868-57a2d4851a1d" />
    <TestEntry testId="0c96c7d8-9cb1-3161-df45-936c044c8a90" executionId="088f56b4-9df6-4144-8686-30eeb8cc0eff" testListId="8c84fa94-04c1-424b-9868-57a2d4851a1d" />
    <TestEntry testId="52223580-48fe-c45f-1082-5d8220212c22" executionId="01653c46-7a87-4863-9644-d8f7afcc0330" testListId="8c84fa94-04c1-424b-9868-57a2d4851a1d" />
    <TestEntry testId="c4d3054f-f69e-28a7-32ea-27cca40ff6c7" executionId="836ec452-bc3d-4bab-b5c9-cbdb6409d68e" testListId="8c84fa94-04c1-424b-9868-57a2d4851a1d" />
    <TestEntry testId="1b8d323f-0439-a0d3-db80-2d1f6152336b" executionId="2ad2894f-e130-44fe-8425-e0158ca8a4a2" testListId="8c84fa94-04c1-424b-9868-57a2d4851a1d" />
    <TestEntry testId="66a6d93e-e5a0-9b6b-059b-4ca000c89164" executionId="72cdc8e6-f4b0-4497-b4a9-1ea81d687196" testListId="8c84fa94-04c1-424b-9868-57a2d4851a1d" />
    <TestEntry testId="2be587f2-52cc-ecb6-a175-06d50e5ae2e7" executionId="cf60dc6f-ace1-476a-98b0-14b7ddc6c5ea" testListId="8c84fa94-04c1-424b-9868-57a2d4851a1d" />
    <TestEntry testId="e9c111f1-6ad0-4ab8-210c-997ef200a119" executionId="cf7351e5-1ea4-4c77-8135-6404e1c79991" testListId="8c84fa94-04c1-424b-9868-57a2d4851a1d" />
    <TestEntry testId="087a7169-3864-8bdf-0f7a-767fa49fba60" executionId="f6b12f13-7fea-41a0-ae88-8a0811e2eb40" testListId="8c84fa94-04c1-424b-9868-57a2d4851a1d" />
    <TestEntry testId="00ebd793-751c-de7a-18e8-922b4a4d7a79" executionId="fba9ae76-fb80-43e4-b437-8b6768e58c28" testListId="8c84fa94-04c1-424b-9868-57a2d4851a1d" />
    <TestEntry testId="a2168b55-c48f-7e82-a87f-c77a74fb04a1" executionId="a5da7270-cb3f-46eb-b517-fe8f9acde709" testListId="8c84fa94-04c1-424b-9868-57a2d4851a1d" />
    <TestEntry testId="69f335ed-55f7-e738-817f-095a67fa17c4" executionId="ae9460eb-f81f-4761-952d-9f4652e38599" testListId="8c84fa94-04c1-424b-9868-57a2d4851a1d" />
    <TestEntry testId="dda46e0f-a121-b050-b857-b22ec5452c74" executionId="94a9ddee-c80f-47f9-812a-a31a1cd5d2c1" testListId="8c84fa94-04c1-424b-9868-57a2d4851a1d" />
    <TestEntry testId="aa7d19ca-6be0-4851-e641-556ba8ce4420" executionId="ef097642-c8ea-4d56-8605-e0a492b71449" testListId="8c84fa94-04c1-424b-9868-57a2d4851a1d" />
    <TestEntry testId="3978d76f-896f-700f-9f11-9d7049610568" executionId="e2e578b7-ee83-43aa-8c7e-dec94cffe255" testListId="8c84fa94-04c1-424b-9868-57a2d4851a1d" />
    <TestEntry testId="1c45ea74-d176-4223-5c68-d75bf93dcd7b" executionId="768644d5-baa7-4781-bf3e-b2fe44934229" testListId="8c84fa94-04c1-424b-9868-57a2d4851a1d" />
    <TestEntry testId="375a6997-a0a8-9897-2bc4-051254737b59" executionId="b0388b60-886e-4075-b487-49a0f8fed04b" testListId="8c84fa94-04c1-424b-9868-57a2d4851a1d" />
    <TestEntry testId="7e57b20e-af1e-50f7-b450-cb9820ac386c" executionId="dc425b90-9ecd-4508-9ec5-e2d263da5d1d" testListId="8c84fa94-04c1-424b-9868-57a2d4851a1d" />
    <TestEntry testId="c4a96b56-67ee-ecaa-df28-8048dac51625" executionId="ec6660df-322a-49aa-8c7d-b5f8e16df49d" testListId="8c84fa94-04c1-424b-9868-57a2d4851a1d" />
    <TestEntry testId="f6390755-b75b-1311-f0e2-639cacf50291" executionId="c289c404-0113-4dd5-b364-a834daab8dff" testListId="8c84fa94-04c1-424b-9868-57a2d4851a1d" />
    <TestEntry testId="7c0a4706-a36f-c154-2389-7d6506524c02" executionId="fabec49a-868d-44a7-8b83-78a8d66e2594" testListId="8c84fa94-04c1-424b-9868-57a2d4851a1d" />
    <TestEntry testId="4ddc7a2b-873e-5268-25fb-47a5f8786352" executionId="e732dd06-c522-47b6-a4e5-1ec49f4f7bd9" testListId="8c84fa94-04c1-424b-9868-57a2d4851a1d" />
    <TestEntry testId="72b92267-d82f-070d-84d0-a4aae3f63aa3" executionId="d86bc291-24f8-4acf-9229-7db964644860" testListId="8c84fa94-04c1-424b-9868-57a2d4851a1d" />
    <TestEntry testId="58c8736d-b187-f051-93fa-0f90a342760e" executionId="82c5415b-a108-4326-9d71-3e6c8e87e800" testListId="8c84fa94-04c1-424b-9868-57a2d4851a1d" />
  </TestEntries>
  <TestLists>
    <TestList name="Results Not in a List" id="8c84fa94-04c1-424b-9868-57a2d4851a1d" />
    <TestList name="All Loaded Results" id="19431567-8539-422a-85d7-44ee4e166bda" />
  </TestLists>
  <ResultSummary outcome="Completed">
    <Counters total="52" executed="52" passed="52" failed="0" error="0" timeout="0" aborted="0" inconclusive="0" passedButRunAborted="0" notRunnable="0" notExecuted="0" disconnected="0" warning="0" completed="0" inProgress="0" pending="0" />
    <Output>
      <StdOut>NUnit Adapter 3.17.0.0: Test execution started
Running all tests in /Users/ericcarlson/repos/pickles/src/Pickles/Pickles.DocumentationBuilders.Markdown.UnitTests/bin/Debug/netcoreapp3.1/PicklesDoc.Pickles.DocumentationBuilders.Markdown.UnitTests.dll
   NUnit3TestExecutor discovered 52 of 52 NUnit test cases
NUnit Adapter 3.17.0.0: Test execution complete
</StdOut>
    </Output>
  </ResultSummary>
</TestRun>